#INFO: **** input file is /home/jluis/src/git/db/molecules-wfn/pbe/run_sp.py ****
#!/usr/bin/env python

import numpy, sys, os
from pyscf import lib, gto, scf, dft
from pyscf.tools import molden
from pyscf.data import radii

def read_molecule(path):

    charge = spin = 0
    with open(path, 'r') as myfile:
        output = myfile.read()
        output = output.lstrip()
        output = output.rstrip()
        output = output.split('\n')

    try:
        int(output[0])
    except ValueError:
        try:
            charge = int(output[0].split(' ')[0])
            spin = int(output[0].split(' ')[1]) - 1
        except ValueError:
            molecule = output
        else:
            molecule = '\n'.join(output[1:])
    else:
        if int(output[0]) == len(output) - 2:
            molecule = '\n'.join(output[2:])
            try:
                charge = int(output[1].split(' ')[0])
                spin = int(output[1].split(' ')[1])-1
            except ValueError:
                pass
        else:
            print "THIS IS NOT A VALID XYZ FILE"

    return (molecule, charge, spin)

directory = '../../molecules/'
files = [i for i in os.listdir(directory) if i.endswith('.xyz')]

for filename in files:

    name = filename[:-8]
    mol = gto.Mole()
    (mol.atom, charge, spin) = read_molecule(directory+filename)
    mol.basis = 'aug-cc-pvtz'
    mol.charge = charge
    mol.spin = spin
    mol.output = name+'.out'
    mol.symmetry = 0
    mol.max_memory = 10000
    mol.verbose = 4
    mol.build()

    mf = dft.RKS(mol) 
    mf.grids.level = 4
    mf.xc = 'pbe,pbe'
    mf = scf.addons.remove_linear_dep_(mf)
    mf.max_cycle = 120
    mf.chkfile = name+'.chk'
    mf.kernel()

    dm = mf.make_rdm1()
    nao = mol.nao_nr()
    unit = 2.541746
    origin = ([0.0,0.0,0.0])
    charges = mol.atom_charges()
    coords  = mol.atom_coords()
    mol.set_common_orig(origin)
    r2 = mol.intor_symmetric('int1e_r2')
    r2 = numpy.einsum('ij,ji->', r2, dm)
    lib.logger.info(mf,'Electronic spatial extent <R**2> (au): %.4f', r2)

    lib.logger.info(mf,'* Multipoles in the independent field-basis, Gauge -> (0,0,0)')
    ao_dip = mol.intor_symmetric('int1e_r', comp=3)
    el_dip = numpy.einsum('xij,ji->x', ao_dip, dm)
    lib.logger.info(mf,'Electronic Dipole moment(X, Y, Z, Debye): %.4f, %.4f, %.4f', *el_dip*unit)
    nucl_dip = numpy.einsum('i,ix->x', charges, coords)
    lib.logger.info(mf,'Nuclear Dipole moment(X, Y, Z, Debye): %.4f, %.4f, %.4f', *nucl_dip*unit)
    mol_dip = (nucl_dip - el_dip) * unit
    lib.logger.info(mf,'Total Dipole moment(X, Y, Z, Debye): %.4f, %.4f, %.4f', *mol_dip)

    lib.logger.info(mf,'Quadrupole moments (Debye-Angs)')
    rr = mol.intor_symmetric('int1e_rr', comp=9).reshape(3,3,nao,nao)
    rr = -1.0*numpy.einsum('xyij,ji->xy', rr, dm)
    rr += numpy.einsum('z,zx,zy->xy', charges, coords, coords)
    rr = rr*unit*lib.param.BOHR
    lib.logger.info(mf,'Total Quadrupole moments (XX, YY, ZZ): %.4f, %.4f, %.4f', \
    rr[0,0], rr[1,1], rr[2,2])
    lib.logger.info(mf,'Total Quadrupole moments (XY, XZ, YZ): %.4f, %.4f, %.4f', \
    rr[0,1], rr[0,2], rr[1,2])
 
    lib.logger.info(mf,'Octupole moments (Debye-Angs**2)')
    rrr = mol.intor_symmetric('int1e_rrr', comp=27).reshape(3,3,3,nao,nao)
    rrr = -1.0*numpy.einsum('xyzij,ji->xyz', rrr, dm)
    rrr += numpy.einsum('z,zx,zy,zk->xyk', charges, coords, coords, coords)
    rrr = rrr*unit*lib.param.BOHR**2
    lib.logger.info(mf,'Total Octupole moments (XXX, YYY, ZZZ, XYY): %.4f, %.4f, %.4f, %.4f', \
    rrr[0,0,0], rrr[1,1,1], rrr[2,2,2], rrr[0,1,1])
    lib.logger.info(mf,'Total Octupole moments (XXY, XXZ, XZZ, YZZ): %.4f, %.4f, %.4f, %.4f', \
    rrr[0,0,1], rrr[0,0,2], rrr[0,2,2], rrr[1,2,2])
    lib.logger.info(mf,'Total Octupole moments (YYZ, XYZ): %.4f, %.4f', rrr[1,1,2], rrr[0,1,2])

    lib.logger.info(mf,'Hexadecapole moments (Debye-Angs**3)')
    rrrr = mol.intor_symmetric('int1e_rrrr', comp=81).reshape(3,3,3,3,nao,nao)
    rrrr = -1.0*numpy.einsum('xyzwij,ji->xyzw', rrrr, dm)
    rrrr += numpy.einsum('z,zx,zy,zk,zw->xykw', charges, coords, coords, coords, coords)
    rrrr = rrrr*unit*lib.param.BOHR**3
    lib.logger.info(mf,'Total Hexadecapole moments (XXXX, YYYY, ZZZZ, XXXY): %.4f, %.4f, %.4f, %.4f', \
    rrrr[0,0,0,0], rrrr[1,1,1,1], rrrr[2,2,2,2], rrrr[0,0,0,1])
    lib.logger.info(mf,'Total Hexadecapole moments (XXXZ, YYYX, YYYZ, ZZZX): %.4f, %.4f, %.4f, %.4f', \
    rrrr[0,0,0,2], rrrr[1,1,1,0], rrrr[1,1,1,2], rrrr[2,2,2,0])
    lib.logger.info(mf,'Total Hexadecapole moments (ZZZY, XXYY, XXZZ, YYZZ): %.4f, %.4f, %.4f, %.4f', \
    rrrr[2,2,2,1], rrrr[0,0,1,1], rrrr[0,0,2,2], rrrr[1,1,2,2])
    lib.logger.info(mf,'Total Hexadecapole moments (XXYZ, YYXZ, ZZXY): %.4f, %.4f, %.4f', \
    rrrr[0,0,1,2], rrrr[1,1,0,2], rrrr[2,2,0,1])
     
    coeff = mf.mo_coeff[:,mf.mo_occ>0]
    occ = mf.mo_occ[mf.mo_occ>0]
    energy = mf.mo_energy[mf.mo_occ>0]
    den_file = name+'.mol'
    fspt = open(den_file,'w')
    molden.header(mol, fspt)
    molden.orbital_coeff(mol, fspt, coeff, ene=energy, occ=occ) 
    fspt.close()                    
    cmd = '/home/jluis/bin/molden2aim '+name
    os.system(cmd)
    den_file = name+'.wfn'
    fspt = open(den_file,'a')
    fspt.write('RHF\n')
    fspt.close()                    

    pmd_file = name+'.pmd'
    fspt = open(pmd_file,'w')
    fspt.write('%s.wfn\n' % (name))
    if (mol.symmetry == False):
        fspt.write('nosymmetry\n')
    fspt.write('tes\n')
    fspt.write('  epsiscp 0.220\n')
    fspt.write('  radialquad 7\n')
    fspt.write('  rmapping 2\n')
    fspt.write('  lmax 10\n')
    fspt.write('  nr 551\n')
    fspt.write('  lebedev 5810\n')
    fspt.write('  betasphere\n')
    for ia in range(mol.natm):
        symb = mol.atom_pure_symbol(ia)
        inuc = lib.parameters.NUC[symb]
        betarad = radii.COVALENT[inuc]/3.5
        fspt.write('  betaradw %d %1.3f\n' % ((ia+1),betarad))
    fspt.write('  radialquadbeta 7\n')
    fspt.write('  rmappingbeta 3\n')
    fspt.write('  lmaxbeta 8\n')
    fspt.write('  nrb 451\n')
    fspt.write('  lebedevbeta 3074\n')
    fspt.write('  dafh\n')
    fspt.write('endtes')
    fspt.close()                    

    cmd = 'rm '+name+'.mol'
    os.system(cmd)

#INFO: ******************** input file end ********************


System: ('Linux', 'silicio', '3.16.0-4-amd64', '#1 SMP Debian 3.16.51-3 (2017-12-13)', 'x86_64', '')  Threads 12
Python 2.7.14 (default, Apr  9 2018, 16:34:43) 
[GCC 7.3.0]
numpy 1.14.2  scipy 1.0.1
Date: Thu Jun 28 23:57:08 2018
PySCF version 1.5
PySCF path  /home/jluis/src/pyscf/pyscf
GIT ORIG_HEAD f2dbb26d09ae5148fbf5975669a994500ac7a4c9
GIT HEAD      ref: refs/heads/master
GIT master branch  f2dbb26d09ae5148fbf5975669a994500ac7a4c9

[ENV] PYSCF_TMPDIR /scratch-ssd/jluis
[CONFIG] conf_file None
[INPUT] verbose = 4
[INPUT] num. atoms = 18
[INPUT] num. electrons = 72
[INPUT] charge = 0
[INPUT] spin (= nelec alpha-beta = 2S) = 0
[INPUT] symmetry 0 subgroup None
[INPUT] Mole.unit = angstrom
[INPUT]  1 C      2.807928000000  -0.671266000000   0.110925000000 AA    5.306214897498  -1.268508896732   0.209617870367 Bohr
[INPUT]  2 C     -2.833023000000  -0.669549000000   0.005942000000 AA   -5.353637574594  -1.265264236976   0.011228752632 Bohr
[INPUT]  3 C      2.808466000000   0.669256000000   0.109405000000 AA    5.307231570153   1.264710547222   0.206745486658 Bohr
[INPUT]  4 C     -2.832481000000   0.671845000000   0.004432000000 AA   -5.352613343034   1.269603048158   0.008375266184 Bohr
[INPUT]  5 N      1.481931000000  -1.164250000000   0.047906000000 AA    2.800443725503  -2.200113640525   0.090529219723 Bohr
[INPUT]  6 N     -1.510128000000  -1.148214000000  -0.127737000000 AA   -2.853728333037  -2.169809992391  -0.241387945974 Bohr
[INPUT]  7 N      1.482866000000   1.163160000000   0.045259000000 AA    2.802210619429   2.198053839049   0.085527114672 Bohr
[INPUT]  8 N     -1.509202000000   1.149140000000  -0.130328000000 AA   -2.851978446646   2.171559878783  -0.246284226362 Bohr
[INPUT]  9 C      0.661369000000  -0.000324000000  -0.049885000000 AA    1.249806277277  -0.000612271264  -0.094268987724 Bohr
[INPUT] 10 C     -0.678727000000   0.000198000000  -0.065727000000 AA   -1.282608143348   0.000374165773  -0.124206028989 Bohr
[INPUT] 11 H      1.321297000000  -1.860797000000  -0.678448000000 AA    2.496889459209  -3.516396703412  -1.282080909759 Bohr
[INPUT] 12 H     -1.233818000000  -1.908249000000   0.489167000000 AA   -2.331578107559  -3.606067987475   0.924391659175 Bohr
[INPUT] 13 H      1.322792000000   1.858182000000  -0.682677000000 AA    2.499714599766   3.511455069597  -1.290072561540 Bohr
[INPUT] 14 H     -1.232275000000   1.910342000000   0.484856000000 AA   -2.328662260148   3.610023184254   0.916245049852 Bohr
[INPUT] 15 H      3.646503000000  -1.350116000000   0.226882000000 AA    6.890891982405  -2.551349476393   0.428744842594 Bohr
[INPUT] 16 H     -3.676088000000  -1.351784000000  -0.005373000000 AA   -6.946799529800  -2.554501539569  -0.010153498467 Bohr
[INPUT] 17 H      3.647586000000   1.347694000000   0.223821000000 AA    6.892938555798   2.546772559720   0.422960390926 Bohr
[INPUT] 18 H     -3.674996000000   1.354732000000  -0.008419000000 AA   -6.944735948872   2.560072452184  -0.015909604243 Bohr

nuclear repulsion = 507.754595781021
number of shells = 202
number of NR pGTOs = 780
number of NR cGTOs = 644
basis = aug-cc-pvtz
ecp = {}
CPU time:     47542.73


******** <class 'pyscf.dft.rks.RKS'> flags ********
method = RKS-RHF
initial guess = minao
damping factor = 0
level shift factor = 0
DIIS = <class 'pyscf.scf.diis.CDIIS'>
DIIS start cycle = 1
DIIS space = 8
SCF tol = 1e-09
SCF gradient tol = None
max. SCF cycles = 120
direct_scf = True
direct_scf_tol = 1e-13
chkfile to save SCF result = bi-nhc.chk
max_memory 10000 MB (current use 233 MB)
XC functionals = pbe,pbe
small_rho_cutoff = 1e-07
radial grids: 
    Treutler-Ahlrichs (JCP 102, 346 (M4)) radial grids
    
becke partition: Becke, JCP, 88, 2547 (1988)
pruning grids: <function nwchem_prune at 0x2ab98a2da5f0>
grids dens level: 4
symmetrized grids: 0
atomic radii adjust function: <function treutler_atomic_radii_adjust at 0x2ab98a2da500>
Set gradient conv threshold to 3.16228e-05
tot grids = 410952
init E= -453.803329956837
  HOMO = -0.201520851458052  LUMO = -0.104018588574044
cycle= 1 E= -451.764006863565  delta_E= 2.04  |g|= 0.984  |ddm|= 7.56
  HOMO = -0.0129615064041975  LUMO = -0.0114032956158474
cycle= 2 E= -450.945467188493  delta_E= 0.819  |g|= 1.76  |ddm|= 31.3
  HOMO = -0.150066992177155  LUMO = -0.0489779551224269
cycle= 3 E= -451.971841886765  delta_E= -1.03  |g|= 0.346  |ddm|=   31
  HOMO = -0.115393140793936  LUMO = -0.0345137596297027
cycle= 4 E= -451.999326551585  delta_E= -0.0275  |g|= 0.134  |ddm|= 0.797
  HOMO = -0.108671188581425  LUMO = -0.0292283691995745
cycle= 5 E= -452.002591143718  delta_E= -0.00326  |g|= 0.0644  |ddm|= 0.329
  HOMO = -0.106283992550903  LUMO = -0.0282859055672184
cycle= 6 E= -452.00317511446  delta_E= -0.000584  |g|= 0.0395  |ddm|= 0.147
  HOMO = -0.104888736480548  LUMO = -0.0278934500619129
cycle= 7 E= -452.003577869505  delta_E= -0.000403  |g|= 0.00508  |ddm|= 0.0706
  HOMO = -0.105459279505748  LUMO = -0.0281561608991014
cycle= 8 E= -452.003582846114  delta_E= -4.98e-06  |g|= 0.00261  |ddm|= 0.0234
  HOMO = -0.105520763491945  LUMO = -0.0281841085523191
cycle= 9 E= -452.00358424236  delta_E= -1.4e-06  |g|= 0.000482  |ddm|= 0.00327
  HOMO = -0.105550328085466  LUMO = -0.028200844854118
cycle= 10 E= -452.003584285648  delta_E= -4.33e-08  |g|= 0.000146  |ddm|= 0.00237
  HOMO = -0.105549130443565  LUMO = -0.0282016192269227
cycle= 11 E= -452.003584289976  delta_E= -4.33e-09  |g|= 4.17e-05  |ddm|= 0.000337
  HOMO = -0.10555134336239  LUMO = -0.0282029991922383
cycle= 12 E= -452.003584290287  delta_E= -3.1e-10  |g|= 2.16e-05  |ddm|= 0.000117
  HOMO = -0.105548581512213  LUMO = -0.028202623517486
Extra cycle  E= -452.003584290134  delta_E= 1.53e-10  |g|= 3.24e-05  |ddm|= 0.000103
converged SCF energy = -452.003584290134
Electronic spatial extent <R**2> (au): 1520.5718
* Multipoles in the independent field-basis, Gauge -> (0,0,0)
Electronic Dipole moment(X, Y, Z, Debye): -3.1767, -0.0007, -1.8793
Nuclear Dipole moment(X, Y, Z, Debye): -3.1679, -0.0009, -1.9882
Total Dipole moment(X, Y, Z, Debye): 0.0088, -0.0001, -0.1090
Quadrupole moments (Debye-Angs)
Total Quadrupole moments (XX, YY, ZZ): -53.0590, -51.4982, -63.4524
Total Quadrupole moments (XY, XZ, YZ): -0.0035, -3.6750, -0.0120
Octupole moments (Debye-Angs**2)
Total Octupole moments (XXX, YYY, ZZZ, XYY): 0.7306, -0.0008, -0.2215, -0.3090
Total Octupole moments (XXY, XXZ, XZZ, YZZ): 0.0022, 2.4819, 2.0137, -0.0003
Total Octupole moments (YYZ, XYZ): -0.2973, 0.0014
Hexadecapole moments (Debye-Angs**3)
Total Hexadecapole moments (XXXX, YYYY, ZZZZ, XXXY): -1512.4856, -350.4479, -82.9733, 0.2569
Total Hexadecapole moments (XXXZ, YYYX, YYYZ, ZZZX): -5.2214, 0.1205, 0.1565, -20.4783
Total Hexadecapole moments (ZZZY, XXYY, XXZZ, YYZZ): 0.1847, -286.8223, -326.1571, -79.6505
Total Hexadecapole moments (XXYZ, YYXZ, ZZXY): -0.0624, -25.0267, 0.1328
