#INFO: **** input file is /home/jluis/src/git/db/molecules-wfn/pbe/run_sp.py ****
#!/usr/bin/env python

import numpy, sys, os
from pyscf import lib, gto, scf, dft
from pyscf.tools import molden
from pyscf.data import radii

def read_molecule(path):

    charge = spin = 0
    with open(path, 'r') as myfile:
        output = myfile.read()
        output = output.lstrip()
        output = output.rstrip()
        output = output.split('\n')

    try:
        int(output[0])
    except ValueError:
        try:
            charge = int(output[0].split(' ')[0])
            spin = int(output[0].split(' ')[1]) - 1
        except ValueError:
            molecule = output
        else:
            molecule = '\n'.join(output[1:])
    else:
        if int(output[0]) == len(output) - 2:
            molecule = '\n'.join(output[2:])
            try:
                charge = int(output[1].split(' ')[0])
                spin = int(output[1].split(' ')[1])-1
            except ValueError:
                pass
        else:
            print "THIS IS NOT A VALID XYZ FILE"

    return (molecule, charge, spin)

directory = '../../molecules/'
files = [i for i in os.listdir(directory) if i.endswith('.xyz')]

for filename in files:

    name = filename[:-8]
    mol = gto.Mole()
    (mol.atom, charge, spin) = read_molecule(directory+filename)
    mol.basis = 'aug-cc-pvtz'
    mol.charge = charge
    mol.spin = spin
    mol.output = name+'.out'
    mol.symmetry = 0
    mol.max_memory = 10000
    mol.verbose = 4
    mol.build()

    mf = dft.RKS(mol) 
    mf.grids.level = 4
    mf.xc = 'pbe,pbe'
    mf = scf.addons.remove_linear_dep_(mf)
    mf.max_cycle = 120
    mf.chkfile = name+'.chk'
    mf.kernel()

    dm = mf.make_rdm1()
    nao = mol.nao_nr()
    unit = 2.541746
    origin = ([0.0,0.0,0.0])
    charges = mol.atom_charges()
    coords  = mol.atom_coords()
    mol.set_common_orig(origin)
    r2 = mol.intor_symmetric('int1e_r2')
    r2 = numpy.einsum('ij,ji->', r2, dm)
    lib.logger.info(mf,'Electronic spatial extent <R**2> (au): %.4f', r2)

    lib.logger.info(mf,'* Multipoles in the independent field-basis, Gauge -> (0,0,0)')
    ao_dip = mol.intor_symmetric('int1e_r', comp=3)
    el_dip = numpy.einsum('xij,ji->x', ao_dip, dm)
    lib.logger.info(mf,'Electronic Dipole moment(X, Y, Z, Debye): %.4f, %.4f, %.4f', *el_dip*unit)
    nucl_dip = numpy.einsum('i,ix->x', charges, coords)
    lib.logger.info(mf,'Nuclear Dipole moment(X, Y, Z, Debye): %.4f, %.4f, %.4f', *nucl_dip*unit)
    mol_dip = (nucl_dip - el_dip) * unit
    lib.logger.info(mf,'Total Dipole moment(X, Y, Z, Debye): %.4f, %.4f, %.4f', *mol_dip)

    lib.logger.info(mf,'Quadrupole moments (Debye-Angs)')
    rr = mol.intor_symmetric('int1e_rr', comp=9).reshape(3,3,nao,nao)
    rr = -1.0*numpy.einsum('xyij,ji->xy', rr, dm)
    rr += numpy.einsum('z,zx,zy->xy', charges, coords, coords)
    rr = rr*unit*lib.param.BOHR
    lib.logger.info(mf,'Total Quadrupole moments (XX, YY, ZZ): %.4f, %.4f, %.4f', \
    rr[0,0], rr[1,1], rr[2,2])
    lib.logger.info(mf,'Total Quadrupole moments (XY, XZ, YZ): %.4f, %.4f, %.4f', \
    rr[0,1], rr[0,2], rr[1,2])
 
    lib.logger.info(mf,'Octupole moments (Debye-Angs**2)')
    rrr = mol.intor_symmetric('int1e_rrr', comp=27).reshape(3,3,3,nao,nao)
    rrr = -1.0*numpy.einsum('xyzij,ji->xyz', rrr, dm)
    rrr += numpy.einsum('z,zx,zy,zk->xyk', charges, coords, coords, coords)
    rrr = rrr*unit*lib.param.BOHR**2
    lib.logger.info(mf,'Total Octupole moments (XXX, YYY, ZZZ, XYY): %.4f, %.4f, %.4f, %.4f', \
    rrr[0,0,0], rrr[1,1,1], rrr[2,2,2], rrr[0,1,1])
    lib.logger.info(mf,'Total Octupole moments (XXY, XXZ, XZZ, YZZ): %.4f, %.4f, %.4f, %.4f', \
    rrr[0,0,1], rrr[0,0,2], rrr[0,2,2], rrr[1,2,2])
    lib.logger.info(mf,'Total Octupole moments (YYZ, XYZ): %.4f, %.4f', rrr[1,1,2], rrr[0,1,2])

    lib.logger.info(mf,'Hexadecapole moments (Debye-Angs**3)')
    rrrr = mol.intor_symmetric('int1e_rrrr', comp=81).reshape(3,3,3,3,nao,nao)
    rrrr = -1.0*numpy.einsum('xyzwij,ji->xyzw', rrrr, dm)
    rrrr += numpy.einsum('z,zx,zy,zk,zw->xykw', charges, coords, coords, coords, coords)
    rrrr = rrrr*unit*lib.param.BOHR**3
    lib.logger.info(mf,'Total Hexadecapole moments (XXXX, YYYY, ZZZZ, XXXY): %.4f, %.4f, %.4f, %.4f', \
    rrrr[0,0,0,0], rrrr[1,1,1,1], rrrr[2,2,2,2], rrrr[0,0,0,1])
    lib.logger.info(mf,'Total Hexadecapole moments (XXXZ, YYYX, YYYZ, ZZZX): %.4f, %.4f, %.4f, %.4f', \
    rrrr[0,0,0,2], rrrr[1,1,1,0], rrrr[1,1,1,2], rrrr[2,2,2,0])
    lib.logger.info(mf,'Total Hexadecapole moments (ZZZY, XXYY, XXZZ, YYZZ): %.4f, %.4f, %.4f, %.4f', \
    rrrr[2,2,2,1], rrrr[0,0,1,1], rrrr[0,0,2,2], rrrr[1,1,2,2])
    lib.logger.info(mf,'Total Hexadecapole moments (XXYZ, YYXZ, ZZXY): %.4f, %.4f, %.4f', \
    rrrr[0,0,1,2], rrrr[1,1,0,2], rrrr[2,2,0,1])
     
    coeff = mf.mo_coeff[:,mf.mo_occ>0]
    occ = mf.mo_occ[mf.mo_occ>0]
    energy = mf.mo_energy[mf.mo_occ>0]
    den_file = name+'.mol'
    fspt = open(den_file,'w')
    molden.header(mol, fspt)
    molden.orbital_coeff(mol, fspt, coeff, ene=energy, occ=occ) 
    fspt.close()                    
    cmd = '/home/jluis/bin/molden2aim '+name
    os.system(cmd)
    den_file = name+'.wfn'
    fspt = open(den_file,'a')
    fspt.write('RHF\n')
    fspt.close()                    

    pmd_file = name+'.pmd'
    fspt = open(pmd_file,'w')
    fspt.write('%s.wfn\n' % (name))
    if (mol.symmetry == False):
        fspt.write('nosymmetry\n')
    fspt.write('tes\n')
    fspt.write('  epsiscp 0.220\n')
    fspt.write('  radialquad 7\n')
    fspt.write('  rmapping 2\n')
    fspt.write('  lmax 10\n')
    fspt.write('  nr 551\n')
    fspt.write('  lebedev 5810\n')
    fspt.write('  betasphere\n')
    for ia in range(mol.natm):
        symb = mol.atom_pure_symbol(ia)
        inuc = lib.parameters.NUC[symb]
        betarad = radii.COVALENT[inuc]/3.5
        fspt.write('  betaradw %d %1.3f\n' % ((ia+1),betarad))
    fspt.write('  radialquadbeta 7\n')
    fspt.write('  rmappingbeta 3\n')
    fspt.write('  lmaxbeta 8\n')
    fspt.write('  nrb 451\n')
    fspt.write('  lebedevbeta 3074\n')
    fspt.write('  dafh\n')
    fspt.write('endtes')
    fspt.close()                    

    cmd = 'rm '+name+'.mol'
    os.system(cmd)

#INFO: ******************** input file end ********************


System: ('Linux', 'silicio', '3.16.0-4-amd64', '#1 SMP Debian 3.16.51-3 (2017-12-13)', 'x86_64', '')  Threads 12
Python 2.7.14 (default, Apr  9 2018, 16:34:43) 
[GCC 7.3.0]
numpy 1.14.2  scipy 1.0.1
Date: Fri Jun 29 04:01:31 2018
PySCF version 1.5
PySCF path  /home/jluis/src/pyscf/pyscf
GIT ORIG_HEAD f2dbb26d09ae5148fbf5975669a994500ac7a4c9
GIT HEAD      ref: refs/heads/master
GIT master branch  f2dbb26d09ae5148fbf5975669a994500ac7a4c9

[ENV] PYSCF_TMPDIR /scratch-ssd/jluis
[CONFIG] conf_file None
[INPUT] verbose = 4
[INPUT] num. atoms = 5
[INPUT] num. electrons = 94
[INPUT] charge = 0
[INPUT] spin (= nelec alpha-beta = 2S) = 0
[INPUT] symmetry 0 subgroup None
[INPUT] Mole.unit = angstrom
[INPUT]  1 Br    -5.278590000000  -1.773967000000   0.355962000000 AA   -9.975089423868  -3.352311784016   0.672670690752 Bohr
[INPUT]  2 O     -3.473387000000  -1.632567000000   0.009133000000 AA   -6.563750154625  -3.085104510003   0.017258868696 Bohr
[INPUT]  3 Br    -2.870522000000   0.122131000000  -0.179904000000 AA   -5.424500414539   0.230794141319  -0.339969288714 Bohr
[INPUT]  4 O     -1.969446000000   2.377483000000  -0.445552000000 AA   -3.721713557120   4.492791735809  -0.841971254252 Bohr
[INPUT]  5 O     -0.801535000000   2.503031000000  -0.668169000000 AA   -1.514681629253   4.730043071296  -1.262656414925 Bohr

nuclear repulsion = 569.43664615204
number of shells = 67
number of NR pGTOs = 428
number of NR cGTOs = 256
basis = aug-cc-pvtz
ecp = {}
CPU time:    207444.80


******** <class 'pyscf.dft.rks.RKS'> flags ********
method = RKS-RHF
initial guess = minao
damping factor = 0
level shift factor = 0
DIIS = <class 'pyscf.scf.diis.CDIIS'>
DIIS start cycle = 1
DIIS space = 8
SCF tol = 1e-09
SCF gradient tol = None
max. SCF cycles = 120
direct_scf = True
direct_scf_tol = 1e-13
chkfile to save SCF result = br2o3.chk
max_memory 10000 MB (current use 241 MB)
XC functionals = pbe,pbe
small_rho_cutoff = 1e-07
radial grids: 
    Treutler-Ahlrichs (JCP 102, 346 (M4)) radial grids
    
becke partition: Becke, JCP, 88, 2547 (1988)
pruning grids: <function nwchem_prune at 0x2ab98a2da5f0>
grids dens level: 4
symmetrized grids: 0
atomic radii adjust function: <function treutler_atomic_radii_adjust at 0x2ab98a2da500>
Set gradient conv threshold to 3.16228e-05
tot grids = 147192
init E= -5371.43054443826
  HOMO = -0.24432743896421  LUMO = -0.234382042885911
cycle= 1 E= -5372.82285463919  delta_E= -1.39  |g|= 0.815  |ddm|= 2.61
  HOMO = -0.225645883152945  LUMO = -0.0993515044194115
cycle= 2 E= -5368.81190673809  delta_E= 4.01  |g|= 3.35  |ddm|= 2.31
  HOMO = -0.200945987274821  LUMO = -0.152872405651586
cycle= 3 E= -5371.4193955883  delta_E= -2.61  |g|= 1.79  |ddm|= 2.76
  HOMO = -0.234152237024627  LUMO = -0.225266326861104
cycle= 4 E= -5371.88323515984  delta_E= -0.464  |g|=  1.6  |ddm|= 2.72
  HOMO = -0.203493248140882  LUMO = -0.200461983697776
cycle= 5 E= -5372.85786619782  delta_E= -0.975  |g|= 0.469  |ddm|= 1.88
  HOMO = -0.238226339858607  LUMO = -0.220342136409401
cycle= 6 E= -5372.9192066513  delta_E= -0.0613  |g|= 0.205  |ddm|= 1.93
  HOMO = -0.231685374445258  LUMO = -0.226428142428943
cycle= 7 E= -5372.8270757966  delta_E= 0.0921  |g|= 0.593  |ddm|= 0.554
  HOMO = -0.232093383859033  LUMO = -0.226992175230405
cycle= 8 E= -5372.80544316503  delta_E= 0.0216  |g|= 0.653  |ddm|= 0.0544
  HOMO = -0.230794462733564  LUMO = -0.227833207319158
cycle= 9 E= -5372.80291285135  delta_E= 0.00253  |g|= 0.657  |ddm|= 0.0496
  HOMO = -0.234978986294646  LUMO = -0.227249136179877
cycle= 10 E= -5372.88981719408  delta_E= -0.0869  |g|= 0.232  |ddm|=  1.9
  HOMO = -0.229704883770702  LUMO = -0.225708391189456
cycle= 11 E= -5372.89849604736  delta_E= -0.00868  |g|= 0.311  |ddm|= 1.91
  HOMO = -0.227166024701051  LUMO = -0.22103342709223
cycle= 12 E= -5372.92512628133  delta_E= -0.0266  |g|= 0.113  |ddm|= 0.287
  HOMO = -0.2230613962855  LUMO = -0.221339835039654
cycle= 13 E= -5372.91903797232  delta_E= 0.00609  |g|= 0.167  |ddm|= 0.216
  HOMO = -0.225030778756448  LUMO = -0.224023865471585
cycle= 14 E= -5372.90183371057  delta_E= 0.0172  |g|= 0.162  |ddm|= 1.71
  HOMO = -0.225372298713441  LUMO = -0.224333816150412
cycle= 15 E= -5372.90868450999  delta_E= -0.00685  |g|= 0.141  |ddm|= 1.83
  HOMO = -0.22545162842625  LUMO = -0.223009137619337
cycle= 16 E= -5372.92540812012  delta_E= -0.0167  |g|= 0.09  |ddm|= 1.51
  HOMO = -0.224995069074575  LUMO = -0.223250386375863
cycle= 17 E= -5372.92689713733  delta_E= -0.00149  |g|= 0.0659  |ddm|= 0.154
  HOMO = -0.223735501449827  LUMO = -0.222709182523456
cycle= 18 E= -5372.92519883879  delta_E= 0.0017  |g|= 0.0927  |ddm|= 0.113
  HOMO = -0.224012944060988  LUMO = -0.22220366943364
cycle= 19 E= -5372.89191232674  delta_E= 0.0333  |g|= 0.199  |ddm|= 1.92

WARN: HOMO -0.223272851656444 == LUMO -0.223086617162127

cycle= 20 E= -5372.89454486371  delta_E= -0.00263  |g|= 0.184  |ddm|= 0.515
  HOMO = -0.223584773641702  LUMO = -0.222561939071284
cycle= 21 E= -5372.92492449651  delta_E= -0.0304  |g|= 0.0953  |ddm|= 1.86

WARN: HOMO -0.223894906338339 == LUMO -0.223047495829603

cycle= 22 E= -5372.92436639604  delta_E= 0.000558  |g|= 0.0892  |ddm|= 0.378

WARN: HOMO -0.223877941902927 == LUMO -0.223330955790273

cycle= 23 E= -5372.92635471276  delta_E= -0.00199  |g|= 0.076  |ddm|= 0.413
  HOMO = -0.225911104087107  LUMO = -0.224014516765964
cycle= 24 E= -5372.89392858305  delta_E= 0.0324  |g|= 0.188  |ddm|= 1.87
  HOMO = -0.223402787599593  LUMO = -0.222371037756516
cycle= 25 E= -5372.91987087391  delta_E= -0.0259  |g|=  0.1  |ddm|= 1.48

WARN: HOMO -0.225481338360746 == LUMO -0.225077187541558

cycle= 26 E= -5372.92407925731  delta_E= -0.00421  |g|= 0.106  |ddm|= 0.617

WARN: HOMO -0.224207328511188 == LUMO -0.223833286856854

cycle= 27 E= -5372.92571432885  delta_E= -0.00164  |g|= 0.073  |ddm|= 0.672

WARN: HOMO -0.225204603018985 == LUMO -0.224956154302118

cycle= 28 E= -5372.89280182785  delta_E= 0.0329  |g|= 0.185  |ddm|= 1.88

WARN: HOMO -0.224995026766498 == LUMO -0.224899719902389

cycle= 29 E= -5372.89510785391  delta_E= -0.00231  |g|= 0.178  |ddm|= 0.498

WARN: HOMO -0.224938485981594 == LUMO -0.224449862109271

cycle= 30 E= -5372.90370016053  delta_E= -0.00859  |g|= 0.157  |ddm|= 1.43

WARN: HOMO -0.223682586307137 == LUMO -0.223470229471194

cycle= 31 E= -5372.92462629188  delta_E= -0.0209  |g|= 0.0729  |ddm|= 1.25

WARN: HOMO -0.224300032343169 == LUMO -0.223746216776432

cycle= 32 E= -5372.89321844782  delta_E= 0.0314  |g|= 0.187  |ddm|= 1.77

WARN: HOMO -0.224047797116114 == LUMO -0.223767273517244

cycle= 33 E= -5372.89931063507  delta_E= -0.00609  |g|= 0.165  |ddm|= 1.02

WARN: HOMO -0.224360965245654 == LUMO -0.224253417462431

cycle= 34 E= -5372.91923486687  delta_E= -0.0199  |g|= 0.0963  |ddm|= 1.11

WARN: HOMO -0.224399447088868 == LUMO -0.224361996189687

cycle= 35 E= -5372.92689380005  delta_E= -0.00766  |g|= 0.0599  |ddm|= 0.78

WARN: HOMO -0.223272471924329 == LUMO -0.223095313391675

cycle= 36 E= -5372.89439419108  delta_E= 0.0325  |g|= 0.183  |ddm|=  1.9

WARN: HOMO -0.223633646857737 == LUMO -0.223483780735409

cycle= 37 E= -5372.89316121726  delta_E= 0.00123  |g|= 0.186  |ddm|= 0.207

WARN: HOMO -0.223672584892081 == LUMO -0.223547553897787

cycle= 38 E= -5372.89337838801  delta_E= -0.000217  |g|= 0.185  |ddm|= 0.0424

WARN: HOMO -0.224162891769322 == LUMO -0.223473368407027

cycle= 39 E= -5372.92623630492  delta_E= -0.0329  |g|= 0.0642  |ddm|= 1.92
  HOMO = -0.226041380109266  LUMO = -0.224527302830774
cycle= 40 E= -5372.92679619483  delta_E= -0.00056  |g|= 0.0665  |ddm|= 0.327

WARN: HOMO -0.224857732403801 == LUMO -0.224314679515776

cycle= 41 E= -5372.92712003131  delta_E= -0.000324  |g|= 0.0604  |ddm|= 0.069

WARN: HOMO -0.223111033455021 == LUMO -0.222405331710064

cycle= 42 E= -5372.91908305505  delta_E= 0.00804  |g|= 0.114  |ddm|= 0.778

WARN: HOMO -0.224695265065831 == LUMO -0.224274325636918

cycle= 43 E= -5372.89766007413  delta_E= 0.0214  |g|= 0.174  |ddm|= 1.91

WARN: HOMO -0.224188286291627 == LUMO -0.223725783571158

cycle= 44 E= -5372.92664613528  delta_E= -0.029  |g|= 0.0648  |ddm|= 1.69

WARN: HOMO -0.224159947238391 == LUMO -0.223816836443327

cycle= 45 E= -5372.92650714402  delta_E= 0.000139  |g|= 0.0653  |ddm|= 0.043

WARN: HOMO -0.224843907379928 == LUMO -0.224566279152521

cycle= 46 E= -5372.92255695866  delta_E= 0.00395  |g|= 0.0827  |ddm|= 0.947

WARN: HOMO -0.224137467950739 == LUMO -0.224028768246898

cycle= 47 E= -5372.91440743959  delta_E= 0.00815  |g|= 0.115  |ddm|= 0.541

WARN: HOMO -0.223228384436107 == LUMO -0.222944786253796

cycle= 48 E= -5372.92507366688  delta_E= -0.0107  |g|= 0.0747  |ddm|=  1.5

WARN: HOMO -0.224313962991634 == LUMO -0.223770111186135

cycle= 49 E= -5372.9255801089  delta_E= -0.000506  |g|= 0.0641  |ddm|= 0.0374

WARN: HOMO -0.223913390498599 == LUMO -0.223833482088578

cycle= 50 E= -5372.90731004594  delta_E= 0.0183  |g|= 0.141  |ddm|= 1.17

WARN: HOMO -0.223842505270002 == LUMO -0.22374811059159

cycle= 51 E= -5372.90796604769  delta_E= -0.000656  |g|= 0.138  |ddm|= 0.0367

WARN: HOMO -0.223713370130386 == LUMO -0.22363486223707

cycle= 52 E= -5372.89331558997  delta_E= 0.0147  |g|= 0.187  |ddm|= 1.02

WARN: HOMO -0.224042014105129 == LUMO -0.22395673022019

cycle= 53 E= -5372.90357583081  delta_E= -0.0103  |g|= 0.153  |ddm|= 0.803

WARN: HOMO -0.224639262783221 == LUMO -0.224494850722725

cycle= 54 E= -5372.90490563672  delta_E= -0.00133  |g|= 0.149  |ddm|= 0.0799

WARN: HOMO -0.224224862507708 == LUMO -0.223998501260277

cycle= 55 E= -5372.92315307334  delta_E= -0.0182  |g|= 0.078  |ddm|= 1.06
  HOMO = -0.225683747961604  LUMO = -0.22216286629114
cycle= 56 E= -5372.90674211985  delta_E= 0.0164  |g|= 0.152  |ddm|= 1.82
  HOMO = -0.223516203301354  LUMO = -0.222311714665399
cycle= 57 E= -5372.91538016485  delta_E= -0.00864  |g|= 0.128  |ddm|= 0.581
  HOMO = -0.227623845502865  LUMO = -0.225951844121226
cycle= 58 E= -5372.91701546104  delta_E= -0.00164  |g|= 0.159  |ddm|= 0.46

WARN: HOMO -0.224612095386471 == LUMO -0.224146021946805

cycle= 59 E= -5372.919299295  delta_E= -0.00228  |g|= 0.0967  |ddm|= 0.32

WARN: HOMO -0.224330993984741 == LUMO -0.224012812268698

cycle= 60 E= -5372.9268930038  delta_E= -0.00759  |g|= 0.0569  |ddm|= 0.75

WARN: HOMO -0.224668119550351 == LUMO -0.224331917659312

cycle= 61 E= -5372.91565509331  delta_E= 0.0112  |g|= 0.112  |ddm|= 0.954

WARN: HOMO -0.223454952338896 == LUMO -0.223399027736859

cycle= 62 E= -5372.91256905734  delta_E= 0.00309  |g|= 0.124  |ddm|= 1.87

WARN: HOMO -0.225027413293741 == LUMO -0.224621949589429

cycle= 63 E= -5372.9037743465  delta_E= 0.00879  |g|= 0.156  |ddm|=  1.9

WARN: HOMO -0.224986444688228 == LUMO -0.224715783024596

cycle= 64 E= -5372.91808565639  delta_E= -0.0143  |g|= 0.105  |ddm|= 0.799

WARN: HOMO -0.224848206718587 == LUMO -0.224766950553542

cycle= 65 E= -5372.91713602708  delta_E= 0.00095  |g|= 0.108  |ddm|= 0.0621

WARN: HOMO -0.224685032853171 == LUMO -0.224468073549179

cycle= 66 E= -5372.91730613716  delta_E= -0.00017  |g|= 0.108  |ddm|= 1.76

WARN: HOMO -0.22451188579697 == LUMO -0.224489563744805

cycle= 67 E= -5372.92616349077  delta_E= -0.00886  |g|= 0.0608  |ddm|= 1.33

WARN: HOMO -0.224078602682026 == LUMO -0.224002768440513

cycle= 68 E= -5372.9082302584  delta_E= 0.0179  |g|= 0.139  |ddm|= 1.66

WARN: HOMO -0.223365580250177 == LUMO -0.223180634519678

cycle= 69 E= -5372.90765423659  delta_E= 0.000576  |g|= 0.144  |ddm|= 0.0284

WARN: HOMO -0.223662928390735 == LUMO -0.223485896984492

cycle= 70 E= -5372.89847761446  delta_E= 0.00918  |g|= 0.174  |ddm|= 0.542

WARN: HOMO -0.223878458794758 == LUMO -0.223608122486937

cycle= 71 E= -5372.89338283756  delta_E= 0.00509  |g|= 0.189  |ddm|= 0.486

WARN: HOMO -0.223757681372826 == LUMO -0.223635352623217

cycle= 72 E= -5372.9101140877  delta_E= -0.0167  |g|= 0.135  |ddm|= 1.55

WARN: HOMO -0.224057172787544 == LUMO -0.223959610703778

cycle= 73 E= -5372.89680210228  delta_E= 0.0133  |g|= 0.18  |ddm|= 0.787

WARN: HOMO -0.223639339649565 == LUMO -0.223496023874132

cycle= 74 E= -5372.92497104649  delta_E= -0.0282  |g|= 0.0778  |ddm|=  1.9

WARN: HOMO -0.224063555392827 == LUMO -0.2239912163188

cycle= 75 E= -5372.89250059269  delta_E= 0.0325  |g|= 0.193  |ddm|=  1.9
  HOMO = -0.228046169982812  LUMO = -0.226740718085602
cycle= 76 E= -5372.89359673087  delta_E= -0.0011  |g|= 0.333  |ddm|= 1.81

WARN: HOMO -0.225651160484123 == LUMO -0.225305085917629

cycle= 77 E= -5372.89395689033  delta_E= -0.00036  |g|= 0.185  |ddm|= 1.91

WARN: HOMO -0.224256631232193 == LUMO -0.224078176152527

cycle= 78 E= -5372.9017855785  delta_E= -0.00783  |g|= 0.163  |ddm|= 0.627

WARN: HOMO -0.224190023921527 == LUMO -0.224151685226031

cycle= 79 E= -5372.91802211565  delta_E= -0.0162  |g|= 0.108  |ddm|= 0.91

WARN: HOMO -0.223387914314795 == LUMO -0.223082049767133

cycle= 80 E= -5372.8970385105  delta_E= 0.021  |g|= 0.175  |ddm|= 1.88
  HOMO = -0.224490279749892  LUMO = -0.223448445329381
cycle= 81 E= -5372.92000033449  delta_E= -0.023  |g|= 0.0958  |ddm|= 1.28

WARN: HOMO -0.223873713217302 == LUMO -0.223589214284155

cycle= 82 E= -5372.91450476435  delta_E= 0.0055  |g|= 0.116  |ddm|= 0.344

WARN: HOMO -0.222524580328965 == LUMO -0.221889268429847

cycle= 83 E= -5372.91864211514  delta_E= -0.00414  |g|= 0.171  |ddm|= 1.12

WARN: HOMO -0.224426045609447 == LUMO -0.223950937402641

cycle= 84 E= -5372.92496876651  delta_E= -0.00633  |g|= 0.0694  |ddm|= 0.427

WARN: HOMO -0.224399172001967 == LUMO -0.224238148929388

cycle= 85 E= -5372.90291329858  delta_E= 0.0221  |g|= 0.155  |ddm|= 1.31

WARN: HOMO -0.22357387446637 == LUMO -0.22319064213844

cycle= 86 E= -5372.91870851234  delta_E= -0.0158  |g|= 0.103  |ddm|= 0.918

WARN: HOMO -0.22352169792594 == LUMO -0.223213460084368

cycle= 87 E= -5372.91878068506  delta_E= -7.22e-05  |g|= 0.103  |ddm|= 0.0116
  HOMO = -0.227078484718992  LUMO = -0.223776257128651
cycle= 88 E= -5372.89995705189  delta_E= 0.0188  |g|= 0.176  |ddm|= 1.92
  HOMO = -0.222821939312913  LUMO = -0.221570447151817
cycle= 89 E= -5372.91275446762  delta_E= -0.0128  |g|= 0.127  |ddm|= 0.73

WARN: HOMO -0.225948959313636 == LUMO -0.225362631958158

cycle= 90 E= -5372.92359759868  delta_E= -0.0108  |g|= 0.106  |ddm|= 0.89

WARN: HOMO -0.224018516070308 == LUMO -0.223748426042566

cycle= 91 E= -5372.92398343348  delta_E= -0.000386  |g|= 0.0733  |ddm|= 0.224

WARN: HOMO -0.224047087828314 == LUMO -0.223872723956801

cycle= 92 E= -5372.92044843289  delta_E= 0.00354  |g|= 0.0901  |ddm|= 0.288

WARN: HOMO -0.225330015760089 == LUMO -0.224989917936991

cycle= 93 E= -5372.91730678964  delta_E= 0.00314  |g|= 0.112  |ddm|= 0.179

WARN: HOMO -0.225344058185907 == LUMO -0.225037580771662

cycle= 94 E= -5372.90104625012  delta_E= 0.0163  |g|= 0.17  |ddm|= 0.894

WARN: HOMO -0.225082024816794 == LUMO -0.224661627552903

cycle= 95 E= -5372.91701761723  delta_E= -0.016  |g|= 0.112  |ddm|= 1.91

WARN: HOMO -0.222907060841092 == LUMO -0.222800475749597

cycle= 96 E= -5372.90804959816  delta_E= 0.00897  |g|= 0.144  |ddm|= 0.487

WARN: HOMO -0.22411282349894 == LUMO -0.223741577690452

cycle= 97 E= -5372.92429978921  delta_E= -0.0163  |g|= 0.0836  |ddm|= 1.03

WARN: HOMO -0.223793218052918 == LUMO -0.223784053030924

cycle= 98 E= -5372.91793229754  delta_E= 0.00637  |g|= 0.101  |ddm|= 0.555

WARN: HOMO -0.223695636924765 == LUMO -0.223655979774469

cycle= 99 E= -5372.90119166189  delta_E= 0.0167  |g|= 0.162  |ddm|= 0.926

WARN: HOMO -0.223010583092468 == LUMO -0.222673125745545

cycle= 100 E= -5372.92534236826  delta_E= -0.0242  |g|= 0.086  |ddm|=  1.6

WARN: HOMO -0.222705278346455 == LUMO -0.222605247989711

cycle= 101 E= -5372.8928314454  delta_E= 0.0325  |g|= 0.186  |ddm|= 1.92

WARN: HOMO -0.222905681008965 == LUMO -0.222553113098812

cycle= 102 E= -5372.91158889849  delta_E= -0.0188  |g|= 0.126  |ddm|= 1.31

WARN: HOMO -0.225587193761972 == LUMO -0.224895614202354

cycle= 103 E= -5372.92597986  delta_E= -0.0144  |g|= 0.0852  |ddm|= 1.32

WARN: HOMO -0.225614165473532 == LUMO -0.225343887387203

cycle= 104 E= -5372.92204728404  delta_E= 0.00393  |g|= 0.0948  |ddm|= 0.71

WARN: HOMO -0.224623362045096 == LUMO -0.224562345559385

cycle= 105 E= -5372.92021324374  delta_E= 0.00183  |g|= 0.0918  |ddm|= 0.212

WARN: HOMO -0.224409878586324 == LUMO -0.224371932637078

cycle= 106 E= -5372.92674687823  delta_E= -0.00653  |g|= 0.0578  |ddm|= 1.11

WARN: HOMO -0.224394680411121 == LUMO -0.224296316205483

cycle= 107 E= -5372.90831297714  delta_E= 0.0184  |g|= 0.141  |ddm|= 1.26

WARN: HOMO -0.224235203453475 == LUMO -0.22421553110606

cycle= 108 E= -5372.90275154005  delta_E= 0.00556  |g|= 0.158  |ddm|= 0.317

WARN: HOMO -0.223152625265952 == LUMO -0.223040358830423

cycle= 109 E= -5372.90404463728  delta_E= -0.00129  |g|= 0.154  |ddm|= 0.0943

WARN: HOMO -0.223962552017557 == LUMO -0.223823398471607

cycle= 110 E= -5372.89217747249  delta_E= 0.0119  |g|= 0.197  |ddm|= 0.961

WARN: HOMO -0.223998744648106 == LUMO -0.223822115752617

cycle= 111 E= -5372.89357191827  delta_E= -0.00139  |g|= 0.189  |ddm|= 0.211

WARN: HOMO -0.223975576768339 == LUMO -0.223765117562397

cycle= 112 E= -5372.90122770032  delta_E= -0.00766  |g|= 0.166  |ddm|= 0.62

WARN: HOMO -0.223013136540844 == LUMO -0.222655227899333

cycle= 113 E= -5372.89406335583  delta_E= 0.00716  |g|= 0.188  |ddm|= 0.552
  HOMO = -0.224765951208454  LUMO = -0.222128535051634
cycle= 114 E= -5372.90965662121  delta_E= -0.0156  |g|= 0.146  |ddm|= 1.64
  HOMO = -0.227102636323456  LUMO = -0.225631393615822
cycle= 115 E= -5372.90980207264  delta_E= -0.000145  |g|= 0.237  |ddm|=    1
  HOMO = -0.226879634318859  LUMO = -0.222018969607623
cycle= 116 E= -5372.92439513999  delta_E= -0.0146  |g|= 0.109  |ddm|= 0.407
  HOMO = -0.227223191917946  LUMO = -0.225101896293649
cycle= 117 E= -5372.9229001852  delta_E= 0.00149  |g|= 0.128  |ddm|= 0.201
  HOMO = -0.224366291696374  LUMO = -0.222534446592215
cycle= 118 E= -5372.92650907979  delta_E= -0.00361  |g|= 0.0758  |ddm|= 0.165
  HOMO = -0.225013594616631  LUMO = -0.223863455284145
cycle= 119 E= -5372.92690664628  delta_E= -0.000398  |g|= 0.0607  |ddm|= 0.0799

WARN: HOMO -0.224830009256009 == LUMO -0.224282909255791

cycle= 120 E= -5372.89298991527  delta_E= 0.0339  |g|= 0.188  |ddm|= 1.91
SCF not converged.
SCF energy = -5372.89298991527
Electronic spatial extent <R**2> (au): 5946.0617
* Multipoles in the independent field-basis, Gauge -> (0,0,0)
Electronic Dipole moment(X, Y, Z, Debye): -1609.3344, -153.1823, -12.9039
Nuclear Dipole moment(X, Y, Z, Debye): -1609.9084, -152.8893, -12.8470
Total Dipole moment(X, Y, Z, Debye): -0.5740, 0.2931, 0.0569
Quadrupole moments (Debye-Angs)
Total Quadrupole moments (XX, YY, ZZ): -44.0875, -49.7232, -53.6779
Total Quadrupole moments (XY, XZ, YZ): 2.0552, -1.4245, -0.5782
Octupole moments (Debye-Angs**2)
Total Octupole moments (XXX, YYY, ZZZ, XYY): 470.2370, 51.7358, 8.4477, 174.2258
Total Octupole moments (XXY, XXZ, XZZ, YZZ): -9.5022, 13.3307, 185.6659, 12.1702
Total Octupole moments (YYZ, XYZ): 2.6231, 2.9435
Hexadecapole moments (Debye-Angs**3)
Total Hexadecapole moments (XXXX, YYYY, ZZZZ, XXXY): -3941.1942, -804.6243, -99.4192, -296.7991
Total Hexadecapole moments (XXXZ, YYYX, YYYZ, ZZZX): -25.0822, -488.1434, 72.2021, 53.3729
Total Hexadecapole moments (ZZZY, XXYY, XXZZ, YYZZ): 82.3472, -852.9672, -785.6747, -163.9571
Total Hexadecapole moments (XXYZ, YYXZ, ZZXY): 4.5133, 11.3242, -159.1011
