#INFO: **** input file is /home/jluis/src/git/db/molecules-wfn/pbe/run_sp.py ****
#!/usr/bin/env python

import numpy, sys, os
from pyscf import lib, gto, scf, dft
from pyscf.tools import molden
from pyscf.data import radii

def read_molecule(path):

    charge = spin = 0
    with open(path, 'r') as myfile:
        output = myfile.read()
        output = output.lstrip()
        output = output.rstrip()
        output = output.split('\n')

    try:
        int(output[0])
    except ValueError:
        try:
            charge = int(output[0].split(' ')[0])
            spin = int(output[0].split(' ')[1]) - 1
        except ValueError:
            molecule = output
        else:
            molecule = '\n'.join(output[1:])
    else:
        if int(output[0]) == len(output) - 2:
            molecule = '\n'.join(output[2:])
            try:
                charge = int(output[1].split(' ')[0])
                spin = int(output[1].split(' ')[1])-1
            except ValueError:
                pass
        else:
            print "THIS IS NOT A VALID XYZ FILE"

    return (molecule, charge, spin)

directory = '../../molecules/'
files = [i for i in os.listdir(directory) if i.endswith('.xyz')]

for filename in files:

    name = filename[:-8]
    mol = gto.Mole()
    (mol.atom, charge, spin) = read_molecule(directory+filename)
    mol.basis = 'aug-cc-pvtz'
    mol.charge = charge
    mol.spin = spin
    mol.output = name+'.out'
    mol.symmetry = 0
    mol.max_memory = 10000
    mol.verbose = 4
    mol.build()

    mf = dft.RKS(mol) 
    mf.grids.level = 4
    mf.xc = 'pbe,pbe'
    mf = scf.addons.remove_linear_dep_(mf)
    mf.max_cycle = 120
    mf.chkfile = name+'.chk'
    mf.kernel()

    dm = mf.make_rdm1()
    nao = mol.nao_nr()
    unit = 2.541746
    origin = ([0.0,0.0,0.0])
    charges = mol.atom_charges()
    coords  = mol.atom_coords()
    mol.set_common_orig(origin)
    r2 = mol.intor_symmetric('int1e_r2')
    r2 = numpy.einsum('ij,ji->', r2, dm)
    lib.logger.info(mf,'Electronic spatial extent <R**2> (au): %.4f', r2)

    lib.logger.info(mf,'* Multipoles in the independent field-basis, Gauge -> (0,0,0)')
    ao_dip = mol.intor_symmetric('int1e_r', comp=3)
    el_dip = numpy.einsum('xij,ji->x', ao_dip, dm)
    lib.logger.info(mf,'Electronic Dipole moment(X, Y, Z, Debye): %.4f, %.4f, %.4f', *el_dip*unit)
    nucl_dip = numpy.einsum('i,ix->x', charges, coords)
    lib.logger.info(mf,'Nuclear Dipole moment(X, Y, Z, Debye): %.4f, %.4f, %.4f', *nucl_dip*unit)
    mol_dip = (nucl_dip - el_dip) * unit
    lib.logger.info(mf,'Total Dipole moment(X, Y, Z, Debye): %.4f, %.4f, %.4f', *mol_dip)

    lib.logger.info(mf,'Quadrupole moments (Debye-Angs)')
    rr = mol.intor_symmetric('int1e_rr', comp=9).reshape(3,3,nao,nao)
    rr = -1.0*numpy.einsum('xyij,ji->xy', rr, dm)
    rr += numpy.einsum('z,zx,zy->xy', charges, coords, coords)
    rr = rr*unit*lib.param.BOHR
    lib.logger.info(mf,'Total Quadrupole moments (XX, YY, ZZ): %.4f, %.4f, %.4f', \
    rr[0,0], rr[1,1], rr[2,2])
    lib.logger.info(mf,'Total Quadrupole moments (XY, XZ, YZ): %.4f, %.4f, %.4f', \
    rr[0,1], rr[0,2], rr[1,2])
 
    lib.logger.info(mf,'Octupole moments (Debye-Angs**2)')
    rrr = mol.intor_symmetric('int1e_rrr', comp=27).reshape(3,3,3,nao,nao)
    rrr = -1.0*numpy.einsum('xyzij,ji->xyz', rrr, dm)
    rrr += numpy.einsum('z,zx,zy,zk->xyk', charges, coords, coords, coords)
    rrr = rrr*unit*lib.param.BOHR**2
    lib.logger.info(mf,'Total Octupole moments (XXX, YYY, ZZZ, XYY): %.4f, %.4f, %.4f, %.4f', \
    rrr[0,0,0], rrr[1,1,1], rrr[2,2,2], rrr[0,1,1])
    lib.logger.info(mf,'Total Octupole moments (XXY, XXZ, XZZ, YZZ): %.4f, %.4f, %.4f, %.4f', \
    rrr[0,0,1], rrr[0,0,2], rrr[0,2,2], rrr[1,2,2])
    lib.logger.info(mf,'Total Octupole moments (YYZ, XYZ): %.4f, %.4f', rrr[1,1,2], rrr[0,1,2])

    lib.logger.info(mf,'Hexadecapole moments (Debye-Angs**3)')
    rrrr = mol.intor_symmetric('int1e_rrrr', comp=81).reshape(3,3,3,3,nao,nao)
    rrrr = -1.0*numpy.einsum('xyzwij,ji->xyzw', rrrr, dm)
    rrrr += numpy.einsum('z,zx,zy,zk,zw->xykw', charges, coords, coords, coords, coords)
    rrrr = rrrr*unit*lib.param.BOHR**3
    lib.logger.info(mf,'Total Hexadecapole moments (XXXX, YYYY, ZZZZ, XXXY): %.4f, %.4f, %.4f, %.4f', \
    rrrr[0,0,0,0], rrrr[1,1,1,1], rrrr[2,2,2,2], rrrr[0,0,0,1])
    lib.logger.info(mf,'Total Hexadecapole moments (XXXZ, YYYX, YYYZ, ZZZX): %.4f, %.4f, %.4f, %.4f', \
    rrrr[0,0,0,2], rrrr[1,1,1,0], rrrr[1,1,1,2], rrrr[2,2,2,0])
    lib.logger.info(mf,'Total Hexadecapole moments (ZZZY, XXYY, XXZZ, YYZZ): %.4f, %.4f, %.4f, %.4f', \
    rrrr[2,2,2,1], rrrr[0,0,1,1], rrrr[0,0,2,2], rrrr[1,1,2,2])
    lib.logger.info(mf,'Total Hexadecapole moments (XXYZ, YYXZ, ZZXY): %.4f, %.4f, %.4f', \
    rrrr[0,0,1,2], rrrr[1,1,0,2], rrrr[2,2,0,1])
     
    coeff = mf.mo_coeff[:,mf.mo_occ>0]
    occ = mf.mo_occ[mf.mo_occ>0]
    energy = mf.mo_energy[mf.mo_occ>0]
    den_file = name+'.mol'
    fspt = open(den_file,'w')
    molden.header(mol, fspt)
    molden.orbital_coeff(mol, fspt, coeff, ene=energy, occ=occ) 
    fspt.close()                    
    cmd = '/home/jluis/bin/molden2aim '+name
    os.system(cmd)
    den_file = name+'.wfn'
    fspt = open(den_file,'a')
    fspt.write('RHF\n')
    fspt.close()                    

    pmd_file = name+'.pmd'
    fspt = open(pmd_file,'w')
    fspt.write('%s.wfn\n' % (name))
    if (mol.symmetry == False):
        fspt.write('nosymmetry\n')
    fspt.write('tes\n')
    fspt.write('  epsiscp 0.220\n')
    fspt.write('  radialquad 7\n')
    fspt.write('  rmapping 2\n')
    fspt.write('  lmax 10\n')
    fspt.write('  nr 551\n')
    fspt.write('  lebedev 5810\n')
    fspt.write('  betasphere\n')
    for ia in range(mol.natm):
        symb = mol.atom_pure_symbol(ia)
        inuc = lib.parameters.NUC[symb]
        betarad = radii.COVALENT[inuc]/3.5
        fspt.write('  betaradw %d %1.3f\n' % ((ia+1),betarad))
    fspt.write('  radialquadbeta 7\n')
    fspt.write('  rmappingbeta 3\n')
    fspt.write('  lmaxbeta 8\n')
    fspt.write('  nrb 451\n')
    fspt.write('  lebedevbeta 3074\n')
    fspt.write('  dafh\n')
    fspt.write('endtes')
    fspt.close()                    

    cmd = 'rm '+name+'.mol'
    os.system(cmd)

#INFO: ******************** input file end ********************


System: ('Linux', 'silicio', '3.16.0-4-amd64', '#1 SMP Debian 3.16.51-3 (2017-12-13)', 'x86_64', '')  Threads 12
Python 2.7.14 (default, Apr  9 2018, 16:34:43) 
[GCC 7.3.0]
numpy 1.14.2  scipy 1.0.1
Date: Thu Jun 28 22:53:52 2018
PySCF version 1.5
PySCF path  /home/jluis/src/pyscf/pyscf
GIT ORIG_HEAD f2dbb26d09ae5148fbf5975669a994500ac7a4c9
GIT HEAD      ref: refs/heads/master
GIT master branch  f2dbb26d09ae5148fbf5975669a994500ac7a4c9

[ENV] PYSCF_TMPDIR /scratch-ssd/jluis
[CONFIG] conf_file None
[INPUT] verbose = 4
[INPUT] num. atoms = 8
[INPUT] num. electrons = 24
[INPUT] charge = 0
[INPUT] spin (= nelec alpha-beta = 2S) = 0
[INPUT] symmetry 0 subgroup None
[INPUT] Mole.unit = angstrom
[INPUT]  1 C     -6.555992000000   4.054368000000  -1.185193000000 AA  -12.389029354840   7.661645128201  -2.239690174752 Bohr
[INPUT]  2 C     -5.317424000000   3.285694000000  -0.842853000000 AA  -10.048475048189   6.209061789127  -1.592761333268 Bohr
[INPUT]  3 N     -4.106439000000   3.644312000000  -0.989006000000 AA   -7.760045057233   6.886751592466  -1.868950475552 Bohr
[INPUT]  4 H     -7.165056000000   3.489254000000  -1.906935000000 AA  -13.539993507172   6.593734439043  -3.603584887347 Bohr
[INPUT]  5 H     -6.318006000000   5.038460000000  -1.610188000000 AA  -11.939300993359   9.521309489576  -3.042814329061 Bohr
[INPUT]  6 H     -7.176731000000   4.191670000000  -0.286818000000 AA  -13.562056059676   7.921108304556  -0.542007467596 Bohr
[INPUT]  7 H     -5.483666000000   2.286231000000  -0.411186000000 AA  -10.362626898589   4.320350447491  -0.777028926255 Bohr
[INPUT]  8 H     -4.060736000000   4.585292000000  -1.396391000000 AA   -7.673678904162   8.664946081159  -2.638796552808 Bohr

nuclear repulsion = 70.8077481881249
number of shells = 84
number of NR pGTOs = 299
number of NR cGTOs = 253
basis = aug-cc-pvtz
ecp = {}
CPU time:      7750.57


******** <class 'pyscf.dft.rks.RKS'> flags ********
method = RKS-RHF
initial guess = minao
damping factor = 0
level shift factor = 0
DIIS = <class 'pyscf.scf.diis.CDIIS'>
DIIS start cycle = 1
DIIS space = 8
SCF tol = 1e-09
SCF gradient tol = None
max. SCF cycles = 120
direct_scf = True
direct_scf_tol = 1e-13
chkfile to save SCF result = c2h4nh.chk
max_memory 10000 MB (current use 162 MB)
XC functionals = pbe,pbe
small_rho_cutoff = 1e-07
radial grids: 
    Treutler-Ahlrichs (JCP 102, 346 (M4)) radial grids
    
becke partition: Becke, JCP, 88, 2547 (1988)
pruning grids: <function nwchem_prune at 0x2ab98a2da5f0>
grids dens level: 4
symmetrized grids: 0
atomic radii adjust function: <function treutler_atomic_radii_adjust at 0x2ab98a2da500>
Set gradient conv threshold to 3.16228e-05
tot grids = 165336
init E= -133.929638471498
  HOMO = -0.326985894030002  LUMO = -0.127873292043084
cycle= 1 E= -133.716261213428  delta_E= 0.213  |g|= 0.67  |ddm|= 2.46
  HOMO = -0.122538472623431  LUMO = -0.00277451712050849
cycle= 2 E= -133.575876347835  delta_E= 0.14  |g|= 0.958  |ddm|= 1.08
  HOMO = -0.226549841074539  LUMO = -0.0539218271640033
cycle= 3 E= -133.826459607937  delta_E= -0.251  |g|= 0.0468  |ddm|= 0.739
  HOMO = -0.225064647669249  LUMO = -0.0468729460937736
cycle= 4 E= -133.826632292263  delta_E= -0.000173  |g|= 0.0387  |ddm|= 0.0582
  HOMO = -0.223298252920631  LUMO = -0.0477944433436694
cycle= 5 E= -133.826895247498  delta_E= -0.000263  |g|= 0.019  |ddm|= 0.0254
  HOMO = -0.225113311025175  LUMO = -0.0486343922776502
cycle= 6 E= -133.826967583651  delta_E= -7.23e-05  |g|= 0.00525  |ddm|= 0.0115
  HOMO = -0.224556860532382  LUMO = -0.0482891845790393
cycle= 7 E= -133.826974233068  delta_E= -6.65e-06  |g|= 0.000578  |ddm|= 0.00341
  HOMO = -0.224613673022669  LUMO = -0.0483424095890262
cycle= 8 E= -133.826974301264  delta_E= -6.82e-08  |g|= 0.000138  |ddm|= 0.000556
  HOMO = -0.224624923429076  LUMO = -0.0483499950250246
cycle= 9 E= -133.826974307671  delta_E= -6.41e-09  |g|= 1.77e-05  |ddm|= 0.000132
  HOMO = -0.224625135322511  LUMO = -0.0483498336013857
cycle= 10 E= -133.826974307747  delta_E= -7.6e-11  |g|= 4.31e-06  |ddm|= 1.81e-05
  HOMO = -0.224624113864473  LUMO = -0.0483492725336585
Extra cycle  E= -133.826974307736  delta_E= 1.03e-11  |g|= 7.97e-06  |ddm|= 7.33e-06
converged SCF energy = -133.826974307736
Electronic spatial extent <R**2> (au): 3951.6436
* Multipoles in the independent field-basis, Gauge -> (0,0,0)
Electronic Dipole moment(X, Y, Z, Debye): -622.9649, 427.3488, -118.2814
Nuclear Dipole moment(X, Y, Z, Debye): -625.3280, 428.1646, -118.6528
Total Dipole moment(X, Y, Z, Debye): -2.3631, 0.8159, -0.3714
Quadrupole moments (Debye-Angs)
Total Quadrupole moments (XX, YY, ZZ): 2.6587, -12.2886, -18.9789
Total Quadrupole moments (XY, XZ, YZ): -11.0947, 3.5113, -2.9396
Octupole moments (Debye-Angs**2)
Total Octupole moments (XXX, YYY, ZZZ, XYY): 157.1963, -169.9963, 59.5317, 50.4772
Total Octupole moments (XXY, XXZ, XZZ, YZZ): 14.6941, -5.1474, 101.1838, -67.9580
Total Octupole moments (YYZ, XYZ): 2.0162, 18.3342
Hexadecapole moments (Debye-Angs**3)
Total Hexadecapole moments (XXXX, YYYY, ZZZZ, XXXY): -2552.8003, -1391.1249, -156.7279, 597.2931
Total Hexadecapole moments (XXXZ, YYYX, YYYZ, ZZZX): -166.7748, 908.3507, 127.4759, -325.2823
Total Hexadecapole moments (ZZZY, XXYY, XXZZ, YYZZ): 223.0498, -511.8934, -592.4659, -275.9620
Total Hexadecapole moments (XXYZ, YYXZ, ZZXY): -32.1732, -16.3669, 370.2790
