#INFO: **** input file is /home/jluis/src/git/db/molecules-wfn/pbe/run_sp.py ****
#!/usr/bin/env python

import numpy, sys, os
from pyscf import lib, gto, scf, dft
from pyscf.tools import molden
from pyscf.data import radii

def read_molecule(path):

    charge = spin = 0
    with open(path, 'r') as myfile:
        output = myfile.read()
        output = output.lstrip()
        output = output.rstrip()
        output = output.split('\n')

    try:
        int(output[0])
    except ValueError:
        try:
            charge = int(output[0].split(' ')[0])
            spin = int(output[0].split(' ')[1]) - 1
        except ValueError:
            molecule = output
        else:
            molecule = '\n'.join(output[1:])
    else:
        if int(output[0]) == len(output) - 2:
            molecule = '\n'.join(output[2:])
            try:
                charge = int(output[1].split(' ')[0])
                spin = int(output[1].split(' ')[1])-1
            except ValueError:
                pass
        else:
            print "THIS IS NOT A VALID XYZ FILE"

    return (molecule, charge, spin)

directory = '../../molecules/'
files = [i for i in os.listdir(directory) if i.endswith('.xyz')]

for filename in files:

    name = filename[:-8]
    mol = gto.Mole()
    (mol.atom, charge, spin) = read_molecule(directory+filename)
    mol.basis = 'aug-cc-pvtz'
    mol.charge = charge
    mol.spin = spin
    mol.output = name+'.out'
    mol.symmetry = 0
    mol.max_memory = 10000
    mol.verbose = 4
    mol.build()

    mf = dft.RKS(mol) 
    mf.grids.level = 4
    mf.xc = 'pbe,pbe'
    mf = scf.addons.remove_linear_dep_(mf)
    mf.max_cycle = 120
    mf.chkfile = name+'.chk'
    mf.kernel()

    dm = mf.make_rdm1()
    nao = mol.nao_nr()
    unit = 2.541746
    origin = ([0.0,0.0,0.0])
    charges = mol.atom_charges()
    coords  = mol.atom_coords()
    mol.set_common_orig(origin)
    r2 = mol.intor_symmetric('int1e_r2')
    r2 = numpy.einsum('ij,ji->', r2, dm)
    lib.logger.info(mf,'Electronic spatial extent <R**2> (au): %.4f', r2)

    lib.logger.info(mf,'* Multipoles in the independent field-basis, Gauge -> (0,0,0)')
    ao_dip = mol.intor_symmetric('int1e_r', comp=3)
    el_dip = numpy.einsum('xij,ji->x', ao_dip, dm)
    lib.logger.info(mf,'Electronic Dipole moment(X, Y, Z, Debye): %.4f, %.4f, %.4f', *el_dip*unit)
    nucl_dip = numpy.einsum('i,ix->x', charges, coords)
    lib.logger.info(mf,'Nuclear Dipole moment(X, Y, Z, Debye): %.4f, %.4f, %.4f', *nucl_dip*unit)
    mol_dip = (nucl_dip - el_dip) * unit
    lib.logger.info(mf,'Total Dipole moment(X, Y, Z, Debye): %.4f, %.4f, %.4f', *mol_dip)

    lib.logger.info(mf,'Quadrupole moments (Debye-Angs)')
    rr = mol.intor_symmetric('int1e_rr', comp=9).reshape(3,3,nao,nao)
    rr = -1.0*numpy.einsum('xyij,ji->xy', rr, dm)
    rr += numpy.einsum('z,zx,zy->xy', charges, coords, coords)
    rr = rr*unit*lib.param.BOHR
    lib.logger.info(mf,'Total Quadrupole moments (XX, YY, ZZ): %.4f, %.4f, %.4f', \
    rr[0,0], rr[1,1], rr[2,2])
    lib.logger.info(mf,'Total Quadrupole moments (XY, XZ, YZ): %.4f, %.4f, %.4f', \
    rr[0,1], rr[0,2], rr[1,2])
 
    lib.logger.info(mf,'Octupole moments (Debye-Angs**2)')
    rrr = mol.intor_symmetric('int1e_rrr', comp=27).reshape(3,3,3,nao,nao)
    rrr = -1.0*numpy.einsum('xyzij,ji->xyz', rrr, dm)
    rrr += numpy.einsum('z,zx,zy,zk->xyk', charges, coords, coords, coords)
    rrr = rrr*unit*lib.param.BOHR**2
    lib.logger.info(mf,'Total Octupole moments (XXX, YYY, ZZZ, XYY): %.4f, %.4f, %.4f, %.4f', \
    rrr[0,0,0], rrr[1,1,1], rrr[2,2,2], rrr[0,1,1])
    lib.logger.info(mf,'Total Octupole moments (XXY, XXZ, XZZ, YZZ): %.4f, %.4f, %.4f, %.4f', \
    rrr[0,0,1], rrr[0,0,2], rrr[0,2,2], rrr[1,2,2])
    lib.logger.info(mf,'Total Octupole moments (YYZ, XYZ): %.4f, %.4f', rrr[1,1,2], rrr[0,1,2])

    lib.logger.info(mf,'Hexadecapole moments (Debye-Angs**3)')
    rrrr = mol.intor_symmetric('int1e_rrrr', comp=81).reshape(3,3,3,3,nao,nao)
    rrrr = -1.0*numpy.einsum('xyzwij,ji->xyzw', rrrr, dm)
    rrrr += numpy.einsum('z,zx,zy,zk,zw->xykw', charges, coords, coords, coords, coords)
    rrrr = rrrr*unit*lib.param.BOHR**3
    lib.logger.info(mf,'Total Hexadecapole moments (XXXX, YYYY, ZZZZ, XXXY): %.4f, %.4f, %.4f, %.4f', \
    rrrr[0,0,0,0], rrrr[1,1,1,1], rrrr[2,2,2,2], rrrr[0,0,0,1])
    lib.logger.info(mf,'Total Hexadecapole moments (XXXZ, YYYX, YYYZ, ZZZX): %.4f, %.4f, %.4f, %.4f', \
    rrrr[0,0,0,2], rrrr[1,1,1,0], rrrr[1,1,1,2], rrrr[2,2,2,0])
    lib.logger.info(mf,'Total Hexadecapole moments (ZZZY, XXYY, XXZZ, YYZZ): %.4f, %.4f, %.4f, %.4f', \
    rrrr[2,2,2,1], rrrr[0,0,1,1], rrrr[0,0,2,2], rrrr[1,1,2,2])
    lib.logger.info(mf,'Total Hexadecapole moments (XXYZ, YYXZ, ZZXY): %.4f, %.4f, %.4f', \
    rrrr[0,0,1,2], rrrr[1,1,0,2], rrrr[2,2,0,1])
     
    coeff = mf.mo_coeff[:,mf.mo_occ>0]
    occ = mf.mo_occ[mf.mo_occ>0]
    energy = mf.mo_energy[mf.mo_occ>0]
    den_file = name+'.mol'
    fspt = open(den_file,'w')
    molden.header(mol, fspt)
    molden.orbital_coeff(mol, fspt, coeff, ene=energy, occ=occ) 
    fspt.close()                    
    cmd = '/home/jluis/bin/molden2aim '+name
    os.system(cmd)
    den_file = name+'.wfn'
    fspt = open(den_file,'a')
    fspt.write('RHF\n')
    fspt.close()                    

    pmd_file = name+'.pmd'
    fspt = open(pmd_file,'w')
    fspt.write('%s.wfn\n' % (name))
    if (mol.symmetry == False):
        fspt.write('nosymmetry\n')
    fspt.write('tes\n')
    fspt.write('  epsiscp 0.220\n')
    fspt.write('  radialquad 7\n')
    fspt.write('  rmapping 2\n')
    fspt.write('  lmax 10\n')
    fspt.write('  nr 551\n')
    fspt.write('  lebedev 5810\n')
    fspt.write('  betasphere\n')
    for ia in range(mol.natm):
        symb = mol.atom_pure_symbol(ia)
        inuc = lib.parameters.NUC[symb]
        betarad = radii.COVALENT[inuc]/3.5
        fspt.write('  betaradw %d %1.3f\n' % ((ia+1),betarad))
    fspt.write('  radialquadbeta 7\n')
    fspt.write('  rmappingbeta 3\n')
    fspt.write('  lmaxbeta 8\n')
    fspt.write('  nrb 451\n')
    fspt.write('  lebedevbeta 3074\n')
    fspt.write('  dafh\n')
    fspt.write('endtes')
    fspt.close()                    

    cmd = 'rm '+name+'.mol'
    os.system(cmd)

#INFO: ******************** input file end ********************


System: ('Linux', 'silicio', '3.16.0-4-amd64', '#1 SMP Debian 3.16.51-3 (2017-12-13)', 'x86_64', '')  Threads 12
Python 2.7.14 (default, Apr  9 2018, 16:34:43) 
[GCC 7.3.0]
numpy 1.14.2  scipy 1.0.1
Date: Fri Jun 29 00:56:59 2018
PySCF version 1.5
PySCF path  /home/jluis/src/pyscf/pyscf
GIT ORIG_HEAD f2dbb26d09ae5148fbf5975669a994500ac7a4c9
GIT HEAD      ref: refs/heads/master
GIT master branch  f2dbb26d09ae5148fbf5975669a994500ac7a4c9

[ENV] PYSCF_TMPDIR /scratch-ssd/jluis
[CONFIG] conf_file None
[INPUT] verbose = 4
[INPUT] num. atoms = 8
[INPUT] num. electrons = 26
[INPUT] charge = 0
[INPUT] spin (= nelec alpha-beta = 2S) = 0
[INPUT] symmetry 0 subgroup None
[INPUT] Mole.unit = angstrom
[INPUT]  1 F     -0.005723000000   0.000000000000  -0.006708000000 AA   -0.010814902611   0.000000000000  -0.012676282844 Bohr
[INPUT]  2 C      0.002528000000   0.000000000000   1.392213000000 AA    0.004777227643   0.000000000000   2.630901277059 Bohr
[INPUT]  3 C      1.422176000000   0.000000000000   1.897701000000 AA    2.687523140929   0.000000000000   3.586135156313 Bohr
[INPUT]  4 H      1.422545000000   0.000000000000   2.997071000000 AA    2.688220449869   0.000000000000   5.663643365876 Bohr
[INPUT]  5 H     -0.548508000000   0.895370000000   1.716864000000 AA   -1.036529897133   1.692004080152   3.244402753125 Bohr
[INPUT]  6 H     -0.548508000000  -0.895370000000   1.716864000000 AA   -1.036529897133  -1.692004080152   3.244402753125 Bohr
[INPUT]  7 H      1.958330000000   0.892549000000   1.550005000000 AA    3.700707361519   1.686673162754   2.929084941706 Bohr
[INPUT]  8 H      1.958330000000  -0.892549000000   1.550005000000 AA    3.700707361519  -1.686673162754   2.929084941706 Bohr

nuclear repulsion = 78.9748025656675
number of shells = 84
number of NR pGTOs = 299
number of NR cGTOs = 253
basis = aug-cc-pvtz
ecp = {}
CPU time:     85492.21


******** <class 'pyscf.dft.rks.RKS'> flags ********
method = RKS-RHF
initial guess = minao
damping factor = 0
level shift factor = 0
DIIS = <class 'pyscf.scf.diis.CDIIS'>
DIIS start cycle = 1
DIIS space = 8
SCF tol = 1e-09
SCF gradient tol = None
max. SCF cycles = 120
direct_scf = True
direct_scf_tol = 1e-13
chkfile to save SCF result = c2h5f.chk
max_memory 10000 MB (current use 244 MB)
XC functionals = pbe,pbe
small_rho_cutoff = 1e-07
radial grids: 
    Treutler-Ahlrichs (JCP 102, 346 (M4)) radial grids
    
becke partition: Becke, JCP, 88, 2547 (1988)
pruning grids: <function nwchem_prune at 0x2ab98a2da5f0>
grids dens level: 4
symmetrized grids: 0
atomic radii adjust function: <function treutler_atomic_radii_adjust at 0x2ab98a2da500>
Set gradient conv threshold to 3.16228e-05
tot grids = 166488
init E= -178.954763666303
  HOMO = -0.380026430059944  LUMO = -0.0393454304070574
cycle= 1 E= -178.808292999198  delta_E= 0.146  |g|= 0.712  |ddm|=  2.1
  HOMO = -0.157037814474653  LUMO = -0.000932238084938141
cycle= 2 E= -178.650237537862  delta_E= 0.158  |g|= 1.09  |ddm|= 1.09
  HOMO = -0.290460464677729  LUMO = -0.017566170581067
cycle= 3 E= -178.918703156337  delta_E= -0.268  |g|= 0.126  |ddm|= 0.685
  HOMO = -0.278632360563352  LUMO = -0.0184022724317528
cycle= 4 E= -178.920086669317  delta_E= -0.00138  |g|= 0.0874  |ddm|= 0.0933
  HOMO = -0.283456408925847  LUMO = -0.0178976757197763
cycle= 5 E= -178.921190427815  delta_E= -0.0011  |g|= 0.00842  |ddm|= 0.0397
  HOMO = -0.283536216980254  LUMO = -0.0179532346746747
cycle= 6 E= -178.921201766767  delta_E= -1.13e-05  |g|= 0.00279  |ddm|= 0.00681
  HOMO = -0.283377997051212  LUMO = -0.01798034979159
cycle= 7 E= -178.921203383162  delta_E= -1.62e-06  |g|= 0.000706  |ddm|= 0.00202
  HOMO = -0.28346787045872  LUMO = -0.0180075571316528
cycle= 8 E= -178.921203470588  delta_E= -8.74e-08  |g|= 0.000121  |ddm|= 0.000524
  HOMO = -0.2834701959687  LUMO = -0.0180082665850958
cycle= 9 E= -178.921203474234  delta_E= -3.65e-09  |g|= 1.39e-05  |ddm|= 9.59e-05
  HOMO = -0.283469945334648  LUMO = -0.0180081461607186
cycle= 10 E= -178.921203474268  delta_E= -3.4e-11  |g|= 3e-06  |ddm|= 1.15e-05
  HOMO = -0.283469693946105  LUMO = -0.0180082332422696
Extra cycle  E= -178.921203474266  delta_E= 1.25e-12  |g|= 4.42e-06  |ddm|= 3.68e-06
converged SCF energy = -178.921203474266
Electronic spatial extent <R**2> (au): 320.3814
* Multipoles in the independent field-basis, Gauge -> (0,0,0)
Electronic Dipole moment(X, Y, Z, Debye): 60.9458, 0.0000, 138.4487
Nuclear Dipole moment(X, Y, Z, Debye): 61.1876, 0.0000, 140.3012
Total Dipole moment(X, Y, Z, Debye): 0.2417, -0.0000, 1.8525
Quadrupole moments (Debye-Angs)
Total Quadrupole moments (XX, YY, ZZ): -18.5963, -18.4767, -16.5676
Total Quadrupole moments (XY, XZ, YZ): 0.0000, 0.3076, 0.0000
Octupole moments (Debye-Angs**2)
Total Octupole moments (XXX, YYY, ZZZ, XYY): -31.4741, -0.0000, -67.8885, -10.3953
Total Octupole moments (XXY, XXZ, XZZ, YZZ): -0.0000, -23.6137, -10.0978, 0.0000
Total Octupole moments (YYZ, XYZ): -23.3715, 0.0000
Hexadecapole moments (Debye-Angs**3)
Total Hexadecapole moments (XXXX, YYYY, ZZZZ, XXXY): -132.0673, -32.4355, -267.4579, -0.0000
Total Hexadecapole moments (XXXZ, YYYX, YYYZ, ZZZX): -62.6118, 0.0000, -0.0000, -59.3439
Total Hexadecapole moments (ZZZY, XXYY, XXZZ, YYZZ): 0.0000, -25.2380, -69.0737, -52.5498
Total Hexadecapole moments (XXYZ, YYXZ, ZZXY): 0.0000, -21.1168, 0.0000
