#INFO: **** input file is /home/jluis/src/git/db/molecules-wfn/pbe/run_sp.py ****
#!/usr/bin/env python

import numpy, sys, os
from pyscf import lib, gto, scf, dft
from pyscf.tools import molden
from pyscf.data import radii

def read_molecule(path):

    charge = spin = 0
    with open(path, 'r') as myfile:
        output = myfile.read()
        output = output.lstrip()
        output = output.rstrip()
        output = output.split('\n')

    try:
        int(output[0])
    except ValueError:
        try:
            charge = int(output[0].split(' ')[0])
            spin = int(output[0].split(' ')[1]) - 1
        except ValueError:
            molecule = output
        else:
            molecule = '\n'.join(output[1:])
    else:
        if int(output[0]) == len(output) - 2:
            molecule = '\n'.join(output[2:])
            try:
                charge = int(output[1].split(' ')[0])
                spin = int(output[1].split(' ')[1])-1
            except ValueError:
                pass
        else:
            print "THIS IS NOT A VALID XYZ FILE"

    return (molecule, charge, spin)

directory = '../../molecules/'
files = [i for i in os.listdir(directory) if i.endswith('.xyz')]

for filename in files:

    name = filename[:-8]
    mol = gto.Mole()
    (mol.atom, charge, spin) = read_molecule(directory+filename)
    mol.basis = 'aug-cc-pvtz'
    mol.charge = charge
    mol.spin = spin
    mol.output = name+'.out'
    mol.symmetry = 0
    mol.max_memory = 10000
    mol.verbose = 4
    mol.build()

    mf = dft.RKS(mol) 
    mf.grids.level = 4
    mf.xc = 'pbe,pbe'
    mf = scf.addons.remove_linear_dep_(mf)
    mf.max_cycle = 120
    mf.chkfile = name+'.chk'
    mf.kernel()

    dm = mf.make_rdm1()
    nao = mol.nao_nr()
    unit = 2.541746
    origin = ([0.0,0.0,0.0])
    charges = mol.atom_charges()
    coords  = mol.atom_coords()
    mol.set_common_orig(origin)
    r2 = mol.intor_symmetric('int1e_r2')
    r2 = numpy.einsum('ij,ji->', r2, dm)
    lib.logger.info(mf,'Electronic spatial extent <R**2> (au): %.4f', r2)

    lib.logger.info(mf,'* Multipoles in the independent field-basis, Gauge -> (0,0,0)')
    ao_dip = mol.intor_symmetric('int1e_r', comp=3)
    el_dip = numpy.einsum('xij,ji->x', ao_dip, dm)
    lib.logger.info(mf,'Electronic Dipole moment(X, Y, Z, Debye): %.4f, %.4f, %.4f', *el_dip*unit)
    nucl_dip = numpy.einsum('i,ix->x', charges, coords)
    lib.logger.info(mf,'Nuclear Dipole moment(X, Y, Z, Debye): %.4f, %.4f, %.4f', *nucl_dip*unit)
    mol_dip = (nucl_dip - el_dip) * unit
    lib.logger.info(mf,'Total Dipole moment(X, Y, Z, Debye): %.4f, %.4f, %.4f', *mol_dip)

    lib.logger.info(mf,'Quadrupole moments (Debye-Angs)')
    rr = mol.intor_symmetric('int1e_rr', comp=9).reshape(3,3,nao,nao)
    rr = -1.0*numpy.einsum('xyij,ji->xy', rr, dm)
    rr += numpy.einsum('z,zx,zy->xy', charges, coords, coords)
    rr = rr*unit*lib.param.BOHR
    lib.logger.info(mf,'Total Quadrupole moments (XX, YY, ZZ): %.4f, %.4f, %.4f', \
    rr[0,0], rr[1,1], rr[2,2])
    lib.logger.info(mf,'Total Quadrupole moments (XY, XZ, YZ): %.4f, %.4f, %.4f', \
    rr[0,1], rr[0,2], rr[1,2])
 
    lib.logger.info(mf,'Octupole moments (Debye-Angs**2)')
    rrr = mol.intor_symmetric('int1e_rrr', comp=27).reshape(3,3,3,nao,nao)
    rrr = -1.0*numpy.einsum('xyzij,ji->xyz', rrr, dm)
    rrr += numpy.einsum('z,zx,zy,zk->xyk', charges, coords, coords, coords)
    rrr = rrr*unit*lib.param.BOHR**2
    lib.logger.info(mf,'Total Octupole moments (XXX, YYY, ZZZ, XYY): %.4f, %.4f, %.4f, %.4f', \
    rrr[0,0,0], rrr[1,1,1], rrr[2,2,2], rrr[0,1,1])
    lib.logger.info(mf,'Total Octupole moments (XXY, XXZ, XZZ, YZZ): %.4f, %.4f, %.4f, %.4f', \
    rrr[0,0,1], rrr[0,0,2], rrr[0,2,2], rrr[1,2,2])
    lib.logger.info(mf,'Total Octupole moments (YYZ, XYZ): %.4f, %.4f', rrr[1,1,2], rrr[0,1,2])

    lib.logger.info(mf,'Hexadecapole moments (Debye-Angs**3)')
    rrrr = mol.intor_symmetric('int1e_rrrr', comp=81).reshape(3,3,3,3,nao,nao)
    rrrr = -1.0*numpy.einsum('xyzwij,ji->xyzw', rrrr, dm)
    rrrr += numpy.einsum('z,zx,zy,zk,zw->xykw', charges, coords, coords, coords, coords)
    rrrr = rrrr*unit*lib.param.BOHR**3
    lib.logger.info(mf,'Total Hexadecapole moments (XXXX, YYYY, ZZZZ, XXXY): %.4f, %.4f, %.4f, %.4f', \
    rrrr[0,0,0,0], rrrr[1,1,1,1], rrrr[2,2,2,2], rrrr[0,0,0,1])
    lib.logger.info(mf,'Total Hexadecapole moments (XXXZ, YYYX, YYYZ, ZZZX): %.4f, %.4f, %.4f, %.4f', \
    rrrr[0,0,0,2], rrrr[1,1,1,0], rrrr[1,1,1,2], rrrr[2,2,2,0])
    lib.logger.info(mf,'Total Hexadecapole moments (ZZZY, XXYY, XXZZ, YYZZ): %.4f, %.4f, %.4f, %.4f', \
    rrrr[2,2,2,1], rrrr[0,0,1,1], rrrr[0,0,2,2], rrrr[1,1,2,2])
    lib.logger.info(mf,'Total Hexadecapole moments (XXYZ, YYXZ, ZZXY): %.4f, %.4f, %.4f', \
    rrrr[0,0,1,2], rrrr[1,1,0,2], rrrr[2,2,0,1])
     
    coeff = mf.mo_coeff[:,mf.mo_occ>0]
    occ = mf.mo_occ[mf.mo_occ>0]
    energy = mf.mo_energy[mf.mo_occ>0]
    den_file = name+'.mol'
    fspt = open(den_file,'w')
    molden.header(mol, fspt)
    molden.orbital_coeff(mol, fspt, coeff, ene=energy, occ=occ) 
    fspt.close()                    
    cmd = '/home/jluis/bin/molden2aim '+name
    os.system(cmd)
    den_file = name+'.wfn'
    fspt = open(den_file,'a')
    fspt.write('RHF\n')
    fspt.close()                    

    pmd_file = name+'.pmd'
    fspt = open(pmd_file,'w')
    fspt.write('%s.wfn\n' % (name))
    if (mol.symmetry == False):
        fspt.write('nosymmetry\n')
    fspt.write('tes\n')
    fspt.write('  epsiscp 0.220\n')
    fspt.write('  radialquad 7\n')
    fspt.write('  rmapping 2\n')
    fspt.write('  lmax 10\n')
    fspt.write('  nr 551\n')
    fspt.write('  lebedev 5810\n')
    fspt.write('  betasphere\n')
    for ia in range(mol.natm):
        symb = mol.atom_pure_symbol(ia)
        inuc = lib.parameters.NUC[symb]
        betarad = radii.COVALENT[inuc]/3.5
        fspt.write('  betaradw %d %1.3f\n' % ((ia+1),betarad))
    fspt.write('  radialquadbeta 7\n')
    fspt.write('  rmappingbeta 3\n')
    fspt.write('  lmaxbeta 8\n')
    fspt.write('  nrb 451\n')
    fspt.write('  lebedevbeta 3074\n')
    fspt.write('  dafh\n')
    fspt.write('endtes')
    fspt.close()                    

    cmd = 'rm '+name+'.mol'
    os.system(cmd)

#INFO: ******************** input file end ********************


System: ('Linux', 'silicio', '3.16.0-4-amd64', '#1 SMP Debian 3.16.51-3 (2017-12-13)', 'x86_64', '')  Threads 12
Python 2.7.14 (default, Apr  9 2018, 16:34:43) 
[GCC 7.3.0]
numpy 1.14.2  scipy 1.0.1
Date: Fri Jun 29 04:26:36 2018
PySCF version 1.5
PySCF path  /home/jluis/src/pyscf/pyscf
GIT ORIG_HEAD f2dbb26d09ae5148fbf5975669a994500ac7a4c9
GIT HEAD      ref: refs/heads/master
GIT master branch  f2dbb26d09ae5148fbf5975669a994500ac7a4c9

[ENV] PYSCF_TMPDIR /scratch-ssd/jluis
[CONFIG] conf_file None
[INPUT] verbose = 4
[INPUT] num. atoms = 9
[INPUT] num. electrons = 34
[INPUT] charge = 0
[INPUT] spin (= nelec alpha-beta = 2S) = 0
[INPUT] symmetry 0 subgroup None
[INPUT] Mole.unit = angstrom
[INPUT]  1 C      1.477129000000   0.541816000000   0.009134000000 AA    2.791369260653   1.023883849907   0.017260758422 Bohr
[INPUT]  2 H      1.750135000000   0.003639000000   0.926879000000 AA    3.307275831016   0.006876713367   1.751547460611 Bohr
[INPUT]  3 H      1.923356000000   0.013549000000  -0.844250000000 AA    3.634616080039   0.025603899262  -1.595401280664 Bohr
[INPUT]  4 H      1.920378000000   1.545783000000   0.058074000000 AA    3.628988475640   2.921106518009   0.109743954958 Bohr
[INPUT]  5 C     -0.031058000000   0.647086000000  -0.137806000000 AA   -0.058691113977   1.222815319040  -0.260415598322 Bohr
[INPUT]  6 H     -0.465715000000   1.177274000000   0.718866000000 AA   -0.880073802102   2.224725433571   1.358459860262 Bohr
[INPUT]  7 H     -0.292107000000   1.187363000000  -1.056427000000 AA   -0.552002229068   2.243790880442  -1.996357700596 Bohr
[INPUT]  8 S     -0.745970000000  -1.040846000000  -0.217413000000 AA   -1.409678997142  -1.966913877849  -0.410851025920 Bohr
[INPUT]  9 H     -2.042408000000  -0.670133000000  -0.341597000000 AA   -3.859591754621  -1.266367837033  -0.645524774973 Bohr

nuclear repulsion = 107.162502755436
number of shells = 93
number of NR pGTOs = 341
number of NR cGTOs = 280
basis = aug-cc-pvtz
ecp = {}
CPU time:    221881.41


******** <class 'pyscf.dft.rks.RKS'> flags ********
method = RKS-RHF
initial guess = minao
damping factor = 0
level shift factor = 0
DIIS = <class 'pyscf.scf.diis.CDIIS'>
DIIS start cycle = 1
DIIS space = 8
SCF tol = 1e-09
SCF gradient tol = None
max. SCF cycles = 120
direct_scf = True
direct_scf_tol = 1e-13
chkfile to save SCF result = c2h5sh.chk
max_memory 10000 MB (current use 220 MB)
XC functionals = pbe,pbe
small_rho_cutoff = 1e-07
radial grids: 
    Treutler-Ahlrichs (JCP 102, 346 (M4)) radial grids
    
becke partition: Becke, JCP, 88, 2547 (1988)
pruning grids: <function nwchem_prune at 0x2ab98a2da5f0>
grids dens level: 4
symmetrized grids: 0
atomic radii adjust function: <function treutler_atomic_radii_adjust at 0x2ab98a2da500>
Set gradient conv threshold to 3.16228e-05
tot grids = 181954
init E= -477.77490067669
  HOMO = -0.270859919438977  LUMO = -0.0745275035005443
cycle= 1 E= -477.638916776341  delta_E= 0.136  |g|= 0.726  |ddm|= 2.36
  HOMO = -0.156293374269466  LUMO = -0.0134934520472796
cycle= 2 E= -477.374608693852  delta_E= 0.264  |g|= 1.18  |ddm|= 1.21
  HOMO = -0.195698147256309  LUMO = -0.0310301091125388
cycle= 3 E= -477.766847872175  delta_E= -0.392  |g|= 0.11  |ddm|= 0.73
  HOMO = -0.206209806543905  LUMO = -0.0331121503029991
cycle= 4 E= -477.76946572217  delta_E= -0.00262  |g|= 0.0611  |ddm|= 0.131
  HOMO = -0.204442147613712  LUMO = -0.0328702198927112
cycle= 5 E= -477.770424315352  delta_E= -0.000959  |g|= 0.0134  |ddm|= 0.0444
  HOMO = -0.203904533702378  LUMO = -0.0326413490338377
cycle= 6 E= -477.770469976961  delta_E= -4.57e-05  |g|= 0.0023  |ddm|= 0.0113
  HOMO = -0.204053232278264  LUMO = -0.0327523797656989
cycle= 7 E= -477.770471627096  delta_E= -1.65e-06  |g|= 0.000483  |ddm|= 0.0024
  HOMO = -0.204111324985935  LUMO = -0.032774525287614
cycle= 8 E= -477.770471682474  delta_E= -5.54e-08  |g|= 0.000255  |ddm|= 0.000693
  HOMO = -0.204077701580455  LUMO = -0.0327695568162453
cycle= 9 E= -477.770471700929  delta_E= -1.85e-08  |g|= 4.14e-05  |ddm|= 0.000244
  HOMO = -0.204085800806448  LUMO = -0.0327715119803627
cycle= 10 E= -477.770471701405  delta_E= -4.76e-10  |g|= 1.16e-05  |ddm|= 4.44e-05
  HOMO = -0.204083186577433  LUMO = -0.0327705762637339
Extra cycle  E= -477.770471701388  delta_E= 1.69e-11  |g|= 1.35e-05  |ddm|= 2.18e-05
converged SCF energy = -477.770471701388
Electronic spatial extent <R**2> (au): 306.3830
* Multipoles in the independent field-basis, Gauge -> (0,0,0)
Electronic Dipole moment(X, Y, Z, Debye): -2.3270, -31.7352, -23.0217
Nuclear Dipole moment(X, Y, Z, Debye): -2.2357, -30.0808, -23.0030
Total Dipole moment(X, Y, Z, Debye): 0.0913, 1.6544, 0.0187
Quadrupole moments (Debye-Angs)
Total Quadrupole moments (XX, YY, ZZ): -25.4432, -29.0563, -29.2393
Total Quadrupole moments (XY, XZ, YZ): -0.2296, 0.3591, -0.2502
Octupole moments (Debye-Angs**2)
Total Octupole moments (XXX, YYY, ZZZ, XYY): -5.4188, 18.0519, 12.8527, 0.6341
Total Octupole moments (XXY, XXZ, XZZ, YZZ): 3.8271, 2.6298, 1.7681, 8.0068
Total Octupole moments (YYZ, XYZ): 4.0963, -0.3841
Hexadecapole moments (Debye-Angs**3)
Total Hexadecapole moments (XXXX, YYYY, ZZZZ, XXXY): -204.8274, -169.7083, -59.0265, -46.5724
Total Hexadecapole moments (XXXZ, YYYX, YYYZ, ZZZX): -6.1447, -48.4770, -7.5291, -9.2648
Total Hexadecapole moments (ZZZY, XXYY, XXZZ, YYZZ): -9.6983, -61.1455, -46.0666, -40.5399
Total Hexadecapole moments (XXYZ, YYXZ, ZZXY): -1.1616, -2.2246, -20.2592
