#INFO: **** input file is /home/jluis/src/git/db/molecules-wfn/pbe/run_sp.py ****
#!/usr/bin/env python

import numpy, sys, os
from pyscf import lib, gto, scf, dft
from pyscf.tools import molden
from pyscf.data import radii

def read_molecule(path):

    charge = spin = 0
    with open(path, 'r') as myfile:
        output = myfile.read()
        output = output.lstrip()
        output = output.rstrip()
        output = output.split('\n')

    try:
        int(output[0])
    except ValueError:
        try:
            charge = int(output[0].split(' ')[0])
            spin = int(output[0].split(' ')[1]) - 1
        except ValueError:
            molecule = output
        else:
            molecule = '\n'.join(output[1:])
    else:
        if int(output[0]) == len(output) - 2:
            molecule = '\n'.join(output[2:])
            try:
                charge = int(output[1].split(' ')[0])
                spin = int(output[1].split(' ')[1])-1
            except ValueError:
                pass
        else:
            print "THIS IS NOT A VALID XYZ FILE"

    return (molecule, charge, spin)

directory = '../../molecules/'
files = [i for i in os.listdir(directory) if i.endswith('.xyz')]

for filename in files:

    name = filename[:-8]
    mol = gto.Mole()
    (mol.atom, charge, spin) = read_molecule(directory+filename)
    mol.basis = 'aug-cc-pvtz'
    mol.charge = charge
    mol.spin = spin
    mol.output = name+'.out'
    mol.symmetry = 0
    mol.max_memory = 10000
    mol.verbose = 4
    mol.build()

    mf = dft.RKS(mol) 
    mf.grids.level = 4
    mf.xc = 'pbe,pbe'
    mf = scf.addons.remove_linear_dep_(mf)
    mf.max_cycle = 120
    mf.chkfile = name+'.chk'
    mf.kernel()

    dm = mf.make_rdm1()
    nao = mol.nao_nr()
    unit = 2.541746
    origin = ([0.0,0.0,0.0])
    charges = mol.atom_charges()
    coords  = mol.atom_coords()
    mol.set_common_orig(origin)
    r2 = mol.intor_symmetric('int1e_r2')
    r2 = numpy.einsum('ij,ji->', r2, dm)
    lib.logger.info(mf,'Electronic spatial extent <R**2> (au): %.4f', r2)

    lib.logger.info(mf,'* Multipoles in the independent field-basis, Gauge -> (0,0,0)')
    ao_dip = mol.intor_symmetric('int1e_r', comp=3)
    el_dip = numpy.einsum('xij,ji->x', ao_dip, dm)
    lib.logger.info(mf,'Electronic Dipole moment(X, Y, Z, Debye): %.4f, %.4f, %.4f', *el_dip*unit)
    nucl_dip = numpy.einsum('i,ix->x', charges, coords)
    lib.logger.info(mf,'Nuclear Dipole moment(X, Y, Z, Debye): %.4f, %.4f, %.4f', *nucl_dip*unit)
    mol_dip = (nucl_dip - el_dip) * unit
    lib.logger.info(mf,'Total Dipole moment(X, Y, Z, Debye): %.4f, %.4f, %.4f', *mol_dip)

    lib.logger.info(mf,'Quadrupole moments (Debye-Angs)')
    rr = mol.intor_symmetric('int1e_rr', comp=9).reshape(3,3,nao,nao)
    rr = -1.0*numpy.einsum('xyij,ji->xy', rr, dm)
    rr += numpy.einsum('z,zx,zy->xy', charges, coords, coords)
    rr = rr*unit*lib.param.BOHR
    lib.logger.info(mf,'Total Quadrupole moments (XX, YY, ZZ): %.4f, %.4f, %.4f', \
    rr[0,0], rr[1,1], rr[2,2])
    lib.logger.info(mf,'Total Quadrupole moments (XY, XZ, YZ): %.4f, %.4f, %.4f', \
    rr[0,1], rr[0,2], rr[1,2])
 
    lib.logger.info(mf,'Octupole moments (Debye-Angs**2)')
    rrr = mol.intor_symmetric('int1e_rrr', comp=27).reshape(3,3,3,nao,nao)
    rrr = -1.0*numpy.einsum('xyzij,ji->xyz', rrr, dm)
    rrr += numpy.einsum('z,zx,zy,zk->xyk', charges, coords, coords, coords)
    rrr = rrr*unit*lib.param.BOHR**2
    lib.logger.info(mf,'Total Octupole moments (XXX, YYY, ZZZ, XYY): %.4f, %.4f, %.4f, %.4f', \
    rrr[0,0,0], rrr[1,1,1], rrr[2,2,2], rrr[0,1,1])
    lib.logger.info(mf,'Total Octupole moments (XXY, XXZ, XZZ, YZZ): %.4f, %.4f, %.4f, %.4f', \
    rrr[0,0,1], rrr[0,0,2], rrr[0,2,2], rrr[1,2,2])
    lib.logger.info(mf,'Total Octupole moments (YYZ, XYZ): %.4f, %.4f', rrr[1,1,2], rrr[0,1,2])

    lib.logger.info(mf,'Hexadecapole moments (Debye-Angs**3)')
    rrrr = mol.intor_symmetric('int1e_rrrr', comp=81).reshape(3,3,3,3,nao,nao)
    rrrr = -1.0*numpy.einsum('xyzwij,ji->xyzw', rrrr, dm)
    rrrr += numpy.einsum('z,zx,zy,zk,zw->xykw', charges, coords, coords, coords, coords)
    rrrr = rrrr*unit*lib.param.BOHR**3
    lib.logger.info(mf,'Total Hexadecapole moments (XXXX, YYYY, ZZZZ, XXXY): %.4f, %.4f, %.4f, %.4f', \
    rrrr[0,0,0,0], rrrr[1,1,1,1], rrrr[2,2,2,2], rrrr[0,0,0,1])
    lib.logger.info(mf,'Total Hexadecapole moments (XXXZ, YYYX, YYYZ, ZZZX): %.4f, %.4f, %.4f, %.4f', \
    rrrr[0,0,0,2], rrrr[1,1,1,0], rrrr[1,1,1,2], rrrr[2,2,2,0])
    lib.logger.info(mf,'Total Hexadecapole moments (ZZZY, XXYY, XXZZ, YYZZ): %.4f, %.4f, %.4f, %.4f', \
    rrrr[2,2,2,1], rrrr[0,0,1,1], rrrr[0,0,2,2], rrrr[1,1,2,2])
    lib.logger.info(mf,'Total Hexadecapole moments (XXYZ, YYXZ, ZZXY): %.4f, %.4f, %.4f', \
    rrrr[0,0,1,2], rrrr[1,1,0,2], rrrr[2,2,0,1])
     
    coeff = mf.mo_coeff[:,mf.mo_occ>0]
    occ = mf.mo_occ[mf.mo_occ>0]
    energy = mf.mo_energy[mf.mo_occ>0]
    den_file = name+'.mol'
    fspt = open(den_file,'w')
    molden.header(mol, fspt)
    molden.orbital_coeff(mol, fspt, coeff, ene=energy, occ=occ) 
    fspt.close()                    
    cmd = '/home/jluis/bin/molden2aim '+name
    os.system(cmd)
    den_file = name+'.wfn'
    fspt = open(den_file,'a')
    fspt.write('RHF\n')
    fspt.close()                    

    pmd_file = name+'.pmd'
    fspt = open(pmd_file,'w')
    fspt.write('%s.wfn\n' % (name))
    if (mol.symmetry == False):
        fspt.write('nosymmetry\n')
    fspt.write('tes\n')
    fspt.write('  epsiscp 0.220\n')
    fspt.write('  radialquad 7\n')
    fspt.write('  rmapping 2\n')
    fspt.write('  lmax 10\n')
    fspt.write('  nr 551\n')
    fspt.write('  lebedev 5810\n')
    fspt.write('  betasphere\n')
    for ia in range(mol.natm):
        symb = mol.atom_pure_symbol(ia)
        inuc = lib.parameters.NUC[symb]
        betarad = radii.COVALENT[inuc]/3.5
        fspt.write('  betaradw %d %1.3f\n' % ((ia+1),betarad))
    fspt.write('  radialquadbeta 7\n')
    fspt.write('  rmappingbeta 3\n')
    fspt.write('  lmaxbeta 8\n')
    fspt.write('  nrb 451\n')
    fspt.write('  lebedevbeta 3074\n')
    fspt.write('  dafh\n')
    fspt.write('endtes')
    fspt.close()                    

    cmd = 'rm '+name+'.mol'
    os.system(cmd)

#INFO: ******************** input file end ********************


System: ('Linux', 'silicio', '3.16.0-4-amd64', '#1 SMP Debian 3.16.51-3 (2017-12-13)', 'x86_64', '')  Threads 12
Python 2.7.14 (default, Apr  9 2018, 16:34:43) 
[GCC 7.3.0]
numpy 1.14.2  scipy 1.0.1
Date: Fri Jun 29 03:53:02 2018
PySCF version 1.5
PySCF path  /home/jluis/src/pyscf/pyscf
GIT ORIG_HEAD f2dbb26d09ae5148fbf5975669a994500ac7a4c9
GIT HEAD      ref: refs/heads/master
GIT master branch  f2dbb26d09ae5148fbf5975669a994500ac7a4c9

[ENV] PYSCF_TMPDIR /scratch-ssd/jluis
[CONFIG] conf_file None
[INPUT] verbose = 4
[INPUT] num. atoms = 7
[INPUT] num. electrons = 22
[INPUT] charge = 0
[INPUT] spin (= nelec alpha-beta = 2S) = 0
[INPUT] symmetry 0 subgroup None
[INPUT] Mole.unit = angstrom
[INPUT]  1 C      0.000000000000   0.000013000000   0.212480000000 AA    0.000000000000   0.000024566440   0.401529006948 Bohr
[INPUT]  2 C      0.000000000000   0.000000000000   1.424168000000 AA    0.000000000000   0.000000000000   2.691287475370 Bohr
[INPUT]  3 C      0.000000000000   0.000004000000  -1.243314000000 AA    0.000000000000   0.000007558904  -2.349522946837 Bohr
[INPUT]  4 H      0.000000000000  -0.000011000000   2.494280000000 AA    0.000000000000  -0.000020786987   4.713506077980 Bohr
[INPUT]  5 H      0.000000000000   1.027452000000  -1.631889000000 AA    0.000000000000   1.941602886137  -3.083823275690 Bohr
[INPUT]  6 H      0.889800000000  -0.513729000000  -1.631869000000 AA    1.681478305638  -0.970807112247  -3.083785481168 Bohr
[INPUT]  7 H     -0.889800000000  -0.513729000000  -1.631869000000 AA   -1.681478305638  -0.970807112247  -3.083785481168 Bohr

nuclear repulsion = 58.5605357968285
number of shells = 75
number of NR pGTOs = 274
number of NR cGTOs = 230
basis = aug-cc-pvtz
ecp = {}
CPU time:    202616.63


******** <class 'pyscf.dft.rks.RKS'> flags ********
method = RKS-RHF
initial guess = minao
damping factor = 0
level shift factor = 0
DIIS = <class 'pyscf.scf.diis.CDIIS'>
DIIS start cycle = 1
DIIS space = 8
SCF tol = 1e-09
SCF gradient tol = None
max. SCF cycles = 120
direct_scf = True
direct_scf_tol = 1e-13
chkfile to save SCF result = c3h4-a.chk
max_memory 10000 MB (current use 227 MB)
XC functionals = pbe,pbe
small_rho_cutoff = 1e-07
radial grids: 
    Treutler-Ahlrichs (JCP 102, 346 (M4)) radial grids
    
becke partition: Becke, JCP, 88, 2547 (1988)
pruning grids: <function nwchem_prune at 0x2ab98a2da5f0>
grids dens level: 4
symmetrized grids: 0
atomic radii adjust function: <function treutler_atomic_radii_adjust at 0x2ab98a2da500>
Set gradient conv threshold to 3.16228e-05
tot grids = 148956
init E= -116.679526210693
  HOMO = -0.376063156574869  LUMO = -0.100521647042872
cycle= 1 E= -116.382450612776  delta_E= 0.297  |g|= 0.774  |ddm|= 3.81
  HOMO = -0.0985192657968178  LUMO = -0.000549528808741738
cycle= 2 E= -116.215206546072  delta_E= 0.167  |g|= 1.05  |ddm|=  1.6
  HOMO = -0.244442437025876  LUMO = -0.0198626754682386
cycle= 3 E= -116.524641630985  delta_E= -0.309  |g|= 0.193  |ddm|= 0.933
  HOMO = -0.243245628327994  LUMO = -0.0178228144632357
cycle= 4 E= -116.530055036811  delta_E= -0.00541  |g|= 0.124  |ddm|= 0.179
  HOMO = -0.236350948297788  LUMO = -0.0181960935935245
cycle= 5 E= -116.533849759858  delta_E= -0.00379  |g|= 0.0223  |ddm|= 0.116
  HOMO = -0.238292682330355  LUMO = -0.0178313516075306
cycle= 6 E= -116.533976470933  delta_E= -0.000127  |g|= 0.0042  |ddm|= 0.0211
  HOMO = -0.238172146782572  LUMO = -0.0179162870985565
cycle= 7 E= -116.533980229944  delta_E= -3.76e-06  |g|= 0.000625  |ddm|= 0.00548
  HOMO = -0.238250517906313  LUMO = -0.017967518913894
cycle= 8 E= -116.533980336913  delta_E= -1.07e-07  |g|= 6.58e-05  |ddm|= 0.00107
  HOMO = -0.23825307016472  LUMO = -0.0179672004697286
cycle= 9 E= -116.533980338317  delta_E= -1.4e-09  |g|= 9.52e-06  |ddm|= 0.000251
  HOMO = -0.23825192747377  LUMO = -0.0179676579042512
cycle= 10 E= -116.533980338349  delta_E= -3.14e-11  |g|= 8.82e-07  |ddm|= 1.91e-05
  HOMO = -0.238251983625731  LUMO = -0.0179676407847469
Extra cycle  E= -116.533980338349  delta_E= 8.53e-14  |g|= 6.94e-07  |ddm|= 2.61e-06
converged SCF energy = -116.533980338349
Electronic spatial extent <R**2> (au): 179.7137
* Multipoles in the independent field-basis, Gauge -> (0,0,0)
Electronic Dipole moment(X, Y, Z, Debye): -0.0000, 0.0004, 0.6823
Nuclear Dipole moment(X, Y, Z, Debye): 0.0000, 0.0004, -0.1986
Total Dipole moment(X, Y, Z, Debye): 0.0000, -0.0000, -0.8808
Quadrupole moments (Debye-Angs)
Total Quadrupole moments (XX, YY, ZZ): -19.8081, -19.8081, -14.3339
Total Quadrupole moments (XY, XZ, YZ): 0.0000, 0.0000, -0.0001
Octupole moments (Debye-Angs**2)
Total Octupole moments (XXX, YYY, ZZZ, XYY): 0.0000, 0.7588, 8.3585, 0.0000
Total Octupole moments (XXY, XXZ, XZZ, YZZ): -0.7591, -3.1905, 0.0000, -0.0002
Total Octupole moments (YYZ, XYZ): -3.1905, -0.0000
Hexadecapole moments (Debye-Angs**3)
Total Hexadecapole moments (XXXX, YYYY, ZZZZ, XXXY): -30.5628, -30.5628, -163.9502, 0.0000
Total Hexadecapole moments (XXXZ, YYYX, YYYZ, ZZZX): 0.0000, 0.0000, -1.2662, -0.0000
Total Hexadecapole moments (ZZZY, XXYY, XXZZ, YYZZ): -0.0003, -10.1876, -38.8519, -38.8518
Total Hexadecapole moments (XXYZ, YYXZ, ZZXY): 1.2663, 0.0000, 0.0000
