#INFO: **** input file is /home/jluis/src/git/db/molecules-wfn/pbe/run_sp.py ****
#!/usr/bin/env python

import numpy, sys, os
from pyscf import lib, gto, scf, dft
from pyscf.tools import molden
from pyscf.data import radii

def read_molecule(path):

    charge = spin = 0
    with open(path, 'r') as myfile:
        output = myfile.read()
        output = output.lstrip()
        output = output.rstrip()
        output = output.split('\n')

    try:
        int(output[0])
    except ValueError:
        try:
            charge = int(output[0].split(' ')[0])
            spin = int(output[0].split(' ')[1]) - 1
        except ValueError:
            molecule = output
        else:
            molecule = '\n'.join(output[1:])
    else:
        if int(output[0]) == len(output) - 2:
            molecule = '\n'.join(output[2:])
            try:
                charge = int(output[1].split(' ')[0])
                spin = int(output[1].split(' ')[1])-1
            except ValueError:
                pass
        else:
            print "THIS IS NOT A VALID XYZ FILE"

    return (molecule, charge, spin)

directory = '../../molecules/'
files = [i for i in os.listdir(directory) if i.endswith('.xyz')]

for filename in files:

    name = filename[:-8]
    mol = gto.Mole()
    (mol.atom, charge, spin) = read_molecule(directory+filename)
    mol.basis = 'aug-cc-pvtz'
    mol.charge = charge
    mol.spin = spin
    mol.output = name+'.out'
    mol.symmetry = 0
    mol.max_memory = 10000
    mol.verbose = 4
    mol.build()

    mf = dft.RKS(mol) 
    mf.grids.level = 4
    mf.xc = 'pbe,pbe'
    mf = scf.addons.remove_linear_dep_(mf)
    mf.max_cycle = 120
    mf.chkfile = name+'.chk'
    mf.kernel()

    dm = mf.make_rdm1()
    nao = mol.nao_nr()
    unit = 2.541746
    origin = ([0.0,0.0,0.0])
    charges = mol.atom_charges()
    coords  = mol.atom_coords()
    mol.set_common_orig(origin)
    r2 = mol.intor_symmetric('int1e_r2')
    r2 = numpy.einsum('ij,ji->', r2, dm)
    lib.logger.info(mf,'Electronic spatial extent <R**2> (au): %.4f', r2)

    lib.logger.info(mf,'* Multipoles in the independent field-basis, Gauge -> (0,0,0)')
    ao_dip = mol.intor_symmetric('int1e_r', comp=3)
    el_dip = numpy.einsum('xij,ji->x', ao_dip, dm)
    lib.logger.info(mf,'Electronic Dipole moment(X, Y, Z, Debye): %.4f, %.4f, %.4f', *el_dip*unit)
    nucl_dip = numpy.einsum('i,ix->x', charges, coords)
    lib.logger.info(mf,'Nuclear Dipole moment(X, Y, Z, Debye): %.4f, %.4f, %.4f', *nucl_dip*unit)
    mol_dip = (nucl_dip - el_dip) * unit
    lib.logger.info(mf,'Total Dipole moment(X, Y, Z, Debye): %.4f, %.4f, %.4f', *mol_dip)

    lib.logger.info(mf,'Quadrupole moments (Debye-Angs)')
    rr = mol.intor_symmetric('int1e_rr', comp=9).reshape(3,3,nao,nao)
    rr = -1.0*numpy.einsum('xyij,ji->xy', rr, dm)
    rr += numpy.einsum('z,zx,zy->xy', charges, coords, coords)
    rr = rr*unit*lib.param.BOHR
    lib.logger.info(mf,'Total Quadrupole moments (XX, YY, ZZ): %.4f, %.4f, %.4f', \
    rr[0,0], rr[1,1], rr[2,2])
    lib.logger.info(mf,'Total Quadrupole moments (XY, XZ, YZ): %.4f, %.4f, %.4f', \
    rr[0,1], rr[0,2], rr[1,2])
 
    lib.logger.info(mf,'Octupole moments (Debye-Angs**2)')
    rrr = mol.intor_symmetric('int1e_rrr', comp=27).reshape(3,3,3,nao,nao)
    rrr = -1.0*numpy.einsum('xyzij,ji->xyz', rrr, dm)
    rrr += numpy.einsum('z,zx,zy,zk->xyk', charges, coords, coords, coords)
    rrr = rrr*unit*lib.param.BOHR**2
    lib.logger.info(mf,'Total Octupole moments (XXX, YYY, ZZZ, XYY): %.4f, %.4f, %.4f, %.4f', \
    rrr[0,0,0], rrr[1,1,1], rrr[2,2,2], rrr[0,1,1])
    lib.logger.info(mf,'Total Octupole moments (XXY, XXZ, XZZ, YZZ): %.4f, %.4f, %.4f, %.4f', \
    rrr[0,0,1], rrr[0,0,2], rrr[0,2,2], rrr[1,2,2])
    lib.logger.info(mf,'Total Octupole moments (YYZ, XYZ): %.4f, %.4f', rrr[1,1,2], rrr[0,1,2])

    lib.logger.info(mf,'Hexadecapole moments (Debye-Angs**3)')
    rrrr = mol.intor_symmetric('int1e_rrrr', comp=81).reshape(3,3,3,3,nao,nao)
    rrrr = -1.0*numpy.einsum('xyzwij,ji->xyzw', rrrr, dm)
    rrrr += numpy.einsum('z,zx,zy,zk,zw->xykw', charges, coords, coords, coords, coords)
    rrrr = rrrr*unit*lib.param.BOHR**3
    lib.logger.info(mf,'Total Hexadecapole moments (XXXX, YYYY, ZZZZ, XXXY): %.4f, %.4f, %.4f, %.4f', \
    rrrr[0,0,0,0], rrrr[1,1,1,1], rrrr[2,2,2,2], rrrr[0,0,0,1])
    lib.logger.info(mf,'Total Hexadecapole moments (XXXZ, YYYX, YYYZ, ZZZX): %.4f, %.4f, %.4f, %.4f', \
    rrrr[0,0,0,2], rrrr[1,1,1,0], rrrr[1,1,1,2], rrrr[2,2,2,0])
    lib.logger.info(mf,'Total Hexadecapole moments (ZZZY, XXYY, XXZZ, YYZZ): %.4f, %.4f, %.4f, %.4f', \
    rrrr[2,2,2,1], rrrr[0,0,1,1], rrrr[0,0,2,2], rrrr[1,1,2,2])
    lib.logger.info(mf,'Total Hexadecapole moments (XXYZ, YYXZ, ZZXY): %.4f, %.4f, %.4f', \
    rrrr[0,0,1,2], rrrr[1,1,0,2], rrrr[2,2,0,1])
     
    coeff = mf.mo_coeff[:,mf.mo_occ>0]
    occ = mf.mo_occ[mf.mo_occ>0]
    energy = mf.mo_energy[mf.mo_occ>0]
    den_file = name+'.mol'
    fspt = open(den_file,'w')
    molden.header(mol, fspt)
    molden.orbital_coeff(mol, fspt, coeff, ene=energy, occ=occ) 
    fspt.close()                    
    cmd = '/home/jluis/bin/molden2aim '+name
    os.system(cmd)
    den_file = name+'.wfn'
    fspt = open(den_file,'a')
    fspt.write('RHF\n')
    fspt.close()                    

    pmd_file = name+'.pmd'
    fspt = open(pmd_file,'w')
    fspt.write('%s.wfn\n' % (name))
    if (mol.symmetry == False):
        fspt.write('nosymmetry\n')
    fspt.write('tes\n')
    fspt.write('  epsiscp 0.220\n')
    fspt.write('  radialquad 7\n')
    fspt.write('  rmapping 2\n')
    fspt.write('  lmax 10\n')
    fspt.write('  nr 551\n')
    fspt.write('  lebedev 5810\n')
    fspt.write('  betasphere\n')
    for ia in range(mol.natm):
        symb = mol.atom_pure_symbol(ia)
        inuc = lib.parameters.NUC[symb]
        betarad = radii.COVALENT[inuc]/3.5
        fspt.write('  betaradw %d %1.3f\n' % ((ia+1),betarad))
    fspt.write('  radialquadbeta 7\n')
    fspt.write('  rmappingbeta 3\n')
    fspt.write('  lmaxbeta 8\n')
    fspt.write('  nrb 451\n')
    fspt.write('  lebedevbeta 3074\n')
    fspt.write('  dafh\n')
    fspt.write('endtes')
    fspt.close()                    

    cmd = 'rm '+name+'.mol'
    os.system(cmd)

#INFO: ******************** input file end ********************


System: ('Linux', 'silicio', '3.16.0-4-amd64', '#1 SMP Debian 3.16.51-3 (2017-12-13)', 'x86_64', '')  Threads 12
Python 2.7.14 (default, Apr  9 2018, 16:34:43) 
[GCC 7.3.0]
numpy 1.14.2  scipy 1.0.1
Date: Fri Jun 29 03:29:05 2018
PySCF version 1.5
PySCF path  /home/jluis/src/pyscf/pyscf
GIT ORIG_HEAD f2dbb26d09ae5148fbf5975669a994500ac7a4c9
GIT HEAD      ref: refs/heads/master
GIT master branch  f2dbb26d09ae5148fbf5975669a994500ac7a4c9

[ENV] PYSCF_TMPDIR /scratch-ssd/jluis
[CONFIG] conf_file None
[INPUT] verbose = 4
[INPUT] num. atoms = 12
[INPUT] num. electrons = 58
[INPUT] charge = 0
[INPUT] spin (= nelec alpha-beta = 2S) = 0
[INPUT] symmetry 0 subgroup None
[INPUT] Mole.unit = angstrom
[INPUT]  1 H     -2.021270000000  -1.511323000000   0.000000000000 AA   -3.819646723800  -2.855986555756   0.000000000000 Bohr
[INPUT]  2 H     -0.024956000000   1.995967000000   0.000000000000 AA   -0.047160005165   3.771830983670   0.000000000000 Bohr
[INPUT]  3 H      2.183202000000  -1.601182000000   0.000000000000 AA    4.125653854603  -3.025795455583   0.000000000000 Bohr
[INPUT]  4 H     -0.028491000000  -2.791232000000   0.000000000000 AA   -0.053840187015  -5.274664030122   0.000000000000 Bohr
[INPUT]  5 C     -1.227179000000   0.357761000000   0.000000000000 AA   -2.319032215818   0.676070308051   0.000000000000 Bohr
[INPUT]  6 C      1.271535000000   0.390834000000   0.000000000000 AA    2.402852907799   0.738569220168   0.000000000000 Bohr
[INPUT]  7 C      1.239993000000  -1.063927000000   0.000000000000 AA    2.343247166378  -2.010530646530   0.000000000000 Bohr
[INPUT]  8 C      0.052203000000  -1.705107000000   0.000000000000 AA    0.098649372881  -3.222185243079   0.000000000000 Bohr
[INPUT]  9 O     -2.291030000000   0.945299000000   0.000000000000 AA   -4.329419243162   1.786356215825   0.000000000000 Bohr
[INPUT] 10 O      2.270515000000   1.086571000000   0.000000000000 AA    4.290651511717   2.053321604895   0.000000000000 Bohr
[INPUT] 11 N     -1.136805000000  -1.025169000000   0.000000000000 AA   -2.148250107036  -1.937288641394   0.000000000000 Bohr
[INPUT] 12 N     -0.000278000000   0.983279000000   0.000000000000 AA   -0.000525343863   1.858128014036   0.000000000000 Bohr

nuclear repulsion = 356.967258823967
number of shells = 140
number of NR pGTOs = 564
number of NR cGTOs = 460
basis = aug-cc-pvtz
ecp = {}
CPU time:    188072.04


******** <class 'pyscf.dft.rks.RKS'> flags ********
method = RKS-RHF
initial guess = minao
damping factor = 0
level shift factor = 0
DIIS = <class 'pyscf.scf.diis.CDIIS'>
DIIS start cycle = 1
DIIS space = 8
SCF tol = 1e-09
SCF gradient tol = None
max. SCF cycles = 120
direct_scf = True
direct_scf_tol = 1e-13
chkfile to save SCF result = c4h4o2n2.chk
max_memory 10000 MB (current use 235 MB)
XC functionals = pbe,pbe
small_rho_cutoff = 1e-07
radial grids: 
    Treutler-Ahlrichs (JCP 102, 346 (M4)) radial grids
    
becke partition: Becke, JCP, 88, 2547 (1988)
pruning grids: <function nwchem_prune at 0x2ab98a2da5f0>
grids dens level: 4
symmetrized grids: 0
atomic radii adjust function: <function treutler_atomic_radii_adjust at 0x2ab98a2da500>
Set gradient conv threshold to 3.16228e-05
tot grids = 290448
init E= -415.985317123264
  HOMO = -0.313032282799886  LUMO = -0.150005388125321
cycle= 1 E= -414.182478414517  delta_E=  1.8  |g|=  1.3  |ddm|= 6.07
  HOMO = -0.0675128482221399  LUMO = -0.0220188913810105
cycle= 2 E= -409.297536123126  delta_E= 4.88  |g|=  4.1  |ddm|= 10.2
  HOMO = -0.18980369024406  LUMO = -0.0696206952230913
cycle= 3 E= -414.337386176061  delta_E= -5.04  |g|= 0.834  |ddm|= 9.94
  HOMO = -0.206928920840007  LUMO = -0.0915013507619489
cycle= 4 E= -414.486213055393  delta_E= -0.149  |g|= 0.415  |ddm|= 0.803
  HOMO = -0.229382934943527  LUMO = -0.0947938449493253
cycle= 5 E= -414.510688448749  delta_E= -0.0245  |g|= 0.246  |ddm|= 0.401
  HOMO = -0.223612484441123  LUMO = -0.085930177725098
cycle= 6 E= -414.52188068352  delta_E= -0.0112  |g|= 0.0548  |ddm|= 0.182
  HOMO = -0.227089037653197  LUMO = -0.0873938137475409
cycle= 7 E= -414.522655029881  delta_E= -0.000774  |g|= 0.0216  |ddm|= 0.0534
  HOMO = -0.228888195566961  LUMO = -0.0874886954460169
cycle= 8 E= -414.52273385694  delta_E= -7.88e-05  |g|= 0.00873  |ddm|= 0.0158
  HOMO = -0.229091078961252  LUMO = -0.087690728541675
cycle= 9 E= -414.522749324339  delta_E= -1.55e-05  |g|= 0.00358  |ddm|= 0.00615
  HOMO = -0.229409304909131  LUMO = -0.0877679315872594
cycle= 10 E= -414.522750564281  delta_E= -1.24e-06  |g|= 0.00229  |ddm|= 0.00333
  HOMO = -0.22929825613545  LUMO = -0.0877247756320709
cycle= 11 E= -414.522751625148  delta_E= -1.06e-06  |g|= 0.00039  |ddm|= 0.00154
  HOMO = -0.229291318041061  LUMO = -0.087722696851799
cycle= 12 E= -414.522751650757  delta_E= -2.56e-08  |g|= 0.000136  |ddm|= 0.000263
  HOMO = -0.229290578085163  LUMO = -0.0877173660536013
cycle= 13 E= -414.52275165165  delta_E= -8.92e-10  |g|= 0.000115  |ddm|= 0.000151
  HOMO = -0.229288911236949  LUMO = -0.0877197699512024
cycle= 14 E= -414.52275165451  delta_E= -2.86e-09  |g|= 1.07e-05  |ddm|= 7.82e-05
  HOMO = -0.229290548246802  LUMO = -0.0877213225766276
cycle= 15 E= -414.522751654498  delta_E= 1.23e-11  |g|= 1.3e-05  |ddm|= 1.56e-05
  HOMO = -0.229287788288649  LUMO = -0.0877190367909696
Extra cycle  E= -414.522751654262  delta_E= 2.36e-10  |g|= 3.58e-05  |ddm|= 3.38e-05
converged SCF energy = -414.522751654262
Electronic spatial extent <R**2> (au): 828.8569
* Multipoles in the independent field-basis, Gauge -> (0,0,0)
Electronic Dipole moment(X, Y, Z, Debye): 1.2129, 3.8325, 0.0000
Nuclear Dipole moment(X, Y, Z, Debye): 0.0197, -0.3299, 0.0000
Total Dipole moment(X, Y, Z, Debye): -1.1932, -4.1623, -0.0000
Quadrupole moments (Debye-Angs)
Total Quadrupole moments (XX, YY, ZZ): -57.8884, -38.5987, -46.3188
Total Quadrupole moments (XY, XZ, YZ): 1.6031, 0.0000, -0.0000
Octupole moments (Debye-Angs**2)
Total Octupole moments (XXX, YYY, ZZZ, XYY): -7.2288, -6.2274, -0.0000, -6.7336
Total Octupole moments (XXY, XXZ, XZZ, YZZ): -30.3627, -0.0000, -1.8223, 4.1790
Total Octupole moments (YYZ, XYZ): 0.0000, 0.0000
Hexadecapole moments (Debye-Angs**3)
Total Hexadecapole moments (XXXX, YYYY, ZZZZ, XXXY): -713.0123, -320.4205, -46.1953, 5.0740
Total Hexadecapole moments (XXXZ, YYYX, YYYZ, ZZZX): 0.0000, 4.0994, -0.0000, 0.0000
Total Hexadecapole moments (ZZZY, XXYY, XXZZ, YYZZ): -0.0000, -174.1480, -112.9975, -75.4470
Total Hexadecapole moments (XXYZ, YYXZ, ZZXY): -0.0000, 0.0000, 1.2427
