#INFO: **** input file is /home/jluis/src/git/db/molecules-wfn/pbe/run_sp.py ****
#!/usr/bin/env python

import numpy, sys, os
from pyscf import lib, gto, scf, dft
from pyscf.tools import molden
from pyscf.data import radii

def read_molecule(path):

    charge = spin = 0
    with open(path, 'r') as myfile:
        output = myfile.read()
        output = output.lstrip()
        output = output.rstrip()
        output = output.split('\n')

    try:
        int(output[0])
    except ValueError:
        try:
            charge = int(output[0].split(' ')[0])
            spin = int(output[0].split(' ')[1]) - 1
        except ValueError:
            molecule = output
        else:
            molecule = '\n'.join(output[1:])
    else:
        if int(output[0]) == len(output) - 2:
            molecule = '\n'.join(output[2:])
            try:
                charge = int(output[1].split(' ')[0])
                spin = int(output[1].split(' ')[1])-1
            except ValueError:
                pass
        else:
            print "THIS IS NOT A VALID XYZ FILE"

    return (molecule, charge, spin)

directory = '../../molecules/'
files = [i for i in os.listdir(directory) if i.endswith('.xyz')]

for filename in files:

    name = filename[:-8]
    mol = gto.Mole()
    (mol.atom, charge, spin) = read_molecule(directory+filename)
    mol.basis = 'aug-cc-pvtz'
    mol.charge = charge
    mol.spin = spin
    mol.output = name+'.out'
    mol.symmetry = 0
    mol.max_memory = 10000
    mol.verbose = 4
    mol.build()

    mf = dft.RKS(mol) 
    mf.grids.level = 4
    mf.xc = 'pbe,pbe'
    mf = scf.addons.remove_linear_dep_(mf)
    mf.max_cycle = 120
    mf.chkfile = name+'.chk'
    mf.kernel()

    dm = mf.make_rdm1()
    nao = mol.nao_nr()
    unit = 2.541746
    origin = ([0.0,0.0,0.0])
    charges = mol.atom_charges()
    coords  = mol.atom_coords()
    mol.set_common_orig(origin)
    r2 = mol.intor_symmetric('int1e_r2')
    r2 = numpy.einsum('ij,ji->', r2, dm)
    lib.logger.info(mf,'Electronic spatial extent <R**2> (au): %.4f', r2)

    lib.logger.info(mf,'* Multipoles in the independent field-basis, Gauge -> (0,0,0)')
    ao_dip = mol.intor_symmetric('int1e_r', comp=3)
    el_dip = numpy.einsum('xij,ji->x', ao_dip, dm)
    lib.logger.info(mf,'Electronic Dipole moment(X, Y, Z, Debye): %.4f, %.4f, %.4f', *el_dip*unit)
    nucl_dip = numpy.einsum('i,ix->x', charges, coords)
    lib.logger.info(mf,'Nuclear Dipole moment(X, Y, Z, Debye): %.4f, %.4f, %.4f', *nucl_dip*unit)
    mol_dip = (nucl_dip - el_dip) * unit
    lib.logger.info(mf,'Total Dipole moment(X, Y, Z, Debye): %.4f, %.4f, %.4f', *mol_dip)

    lib.logger.info(mf,'Quadrupole moments (Debye-Angs)')
    rr = mol.intor_symmetric('int1e_rr', comp=9).reshape(3,3,nao,nao)
    rr = -1.0*numpy.einsum('xyij,ji->xy', rr, dm)
    rr += numpy.einsum('z,zx,zy->xy', charges, coords, coords)
    rr = rr*unit*lib.param.BOHR
    lib.logger.info(mf,'Total Quadrupole moments (XX, YY, ZZ): %.4f, %.4f, %.4f', \
    rr[0,0], rr[1,1], rr[2,2])
    lib.logger.info(mf,'Total Quadrupole moments (XY, XZ, YZ): %.4f, %.4f, %.4f', \
    rr[0,1], rr[0,2], rr[1,2])
 
    lib.logger.info(mf,'Octupole moments (Debye-Angs**2)')
    rrr = mol.intor_symmetric('int1e_rrr', comp=27).reshape(3,3,3,nao,nao)
    rrr = -1.0*numpy.einsum('xyzij,ji->xyz', rrr, dm)
    rrr += numpy.einsum('z,zx,zy,zk->xyk', charges, coords, coords, coords)
    rrr = rrr*unit*lib.param.BOHR**2
    lib.logger.info(mf,'Total Octupole moments (XXX, YYY, ZZZ, XYY): %.4f, %.4f, %.4f, %.4f', \
    rrr[0,0,0], rrr[1,1,1], rrr[2,2,2], rrr[0,1,1])
    lib.logger.info(mf,'Total Octupole moments (XXY, XXZ, XZZ, YZZ): %.4f, %.4f, %.4f, %.4f', \
    rrr[0,0,1], rrr[0,0,2], rrr[0,2,2], rrr[1,2,2])
    lib.logger.info(mf,'Total Octupole moments (YYZ, XYZ): %.4f, %.4f', rrr[1,1,2], rrr[0,1,2])

    lib.logger.info(mf,'Hexadecapole moments (Debye-Angs**3)')
    rrrr = mol.intor_symmetric('int1e_rrrr', comp=81).reshape(3,3,3,3,nao,nao)
    rrrr = -1.0*numpy.einsum('xyzwij,ji->xyzw', rrrr, dm)
    rrrr += numpy.einsum('z,zx,zy,zk,zw->xykw', charges, coords, coords, coords, coords)
    rrrr = rrrr*unit*lib.param.BOHR**3
    lib.logger.info(mf,'Total Hexadecapole moments (XXXX, YYYY, ZZZZ, XXXY): %.4f, %.4f, %.4f, %.4f', \
    rrrr[0,0,0,0], rrrr[1,1,1,1], rrrr[2,2,2,2], rrrr[0,0,0,1])
    lib.logger.info(mf,'Total Hexadecapole moments (XXXZ, YYYX, YYYZ, ZZZX): %.4f, %.4f, %.4f, %.4f', \
    rrrr[0,0,0,2], rrrr[1,1,1,0], rrrr[1,1,1,2], rrrr[2,2,2,0])
    lib.logger.info(mf,'Total Hexadecapole moments (ZZZY, XXYY, XXZZ, YYZZ): %.4f, %.4f, %.4f, %.4f', \
    rrrr[2,2,2,1], rrrr[0,0,1,1], rrrr[0,0,2,2], rrrr[1,1,2,2])
    lib.logger.info(mf,'Total Hexadecapole moments (XXYZ, YYXZ, ZZXY): %.4f, %.4f, %.4f', \
    rrrr[0,0,1,2], rrrr[1,1,0,2], rrrr[2,2,0,1])
     
    coeff = mf.mo_coeff[:,mf.mo_occ>0]
    occ = mf.mo_occ[mf.mo_occ>0]
    energy = mf.mo_energy[mf.mo_occ>0]
    den_file = name+'.mol'
    fspt = open(den_file,'w')
    molden.header(mol, fspt)
    molden.orbital_coeff(mol, fspt, coeff, ene=energy, occ=occ) 
    fspt.close()                    
    cmd = '/home/jluis/bin/molden2aim '+name
    os.system(cmd)
    den_file = name+'.wfn'
    fspt = open(den_file,'a')
    fspt.write('RHF\n')
    fspt.close()                    

    pmd_file = name+'.pmd'
    fspt = open(pmd_file,'w')
    fspt.write('%s.wfn\n' % (name))
    if (mol.symmetry == False):
        fspt.write('nosymmetry\n')
    fspt.write('tes\n')
    fspt.write('  epsiscp 0.220\n')
    fspt.write('  radialquad 7\n')
    fspt.write('  rmapping 2\n')
    fspt.write('  lmax 10\n')
    fspt.write('  nr 551\n')
    fspt.write('  lebedev 5810\n')
    fspt.write('  betasphere\n')
    for ia in range(mol.natm):
        symb = mol.atom_pure_symbol(ia)
        inuc = lib.parameters.NUC[symb]
        betarad = radii.COVALENT[inuc]/3.5
        fspt.write('  betaradw %d %1.3f\n' % ((ia+1),betarad))
    fspt.write('  radialquadbeta 7\n')
    fspt.write('  rmappingbeta 3\n')
    fspt.write('  lmaxbeta 8\n')
    fspt.write('  nrb 451\n')
    fspt.write('  lebedevbeta 3074\n')
    fspt.write('  dafh\n')
    fspt.write('endtes')
    fspt.close()                    

    cmd = 'rm '+name+'.mol'
    os.system(cmd)

#INFO: ******************** input file end ********************


System: ('Linux', 'silicio', '3.16.0-4-amd64', '#1 SMP Debian 3.16.51-3 (2017-12-13)', 'x86_64', '')  Threads 12
Python 2.7.14 (default, Apr  9 2018, 16:34:43) 
[GCC 7.3.0]
numpy 1.14.2  scipy 1.0.1
Date: Thu Jun 28 22:50:15 2018
PySCF version 1.5
PySCF path  /home/jluis/src/pyscf/pyscf
GIT ORIG_HEAD f2dbb26d09ae5148fbf5975669a994500ac7a4c9
GIT HEAD      ref: refs/heads/master
GIT master branch  f2dbb26d09ae5148fbf5975669a994500ac7a4c9

[ENV] PYSCF_TMPDIR /scratch-ssd/jluis
[CONFIG] conf_file None
[INPUT] verbose = 4
[INPUT] num. atoms = 9
[INPUT] num. electrons = 66
[INPUT] charge = 0
[INPUT] spin (= nelec alpha-beta = 2S) = 0
[INPUT] symmetry 0 subgroup None
[INPUT] Mole.unit = angstrom
[INPUT]  1 C     -1.438455000000   0.178652000000  -0.047970000000 AA   -2.718285992511   0.337603351606  -0.090650162195 Bohr
[INPUT]  2 O     -1.338831000000   1.385508000000  -0.081149000000 AA   -2.530023917078   2.618230663394  -0.153349385282 Bohr
[INPUT]  3 N     -0.360222000000  -0.675597000000  -0.128696000000 AA   -0.680720924043  -1.276693300578  -0.243200193327 Bohr
[INPUT]  4 C     -2.765501000000  -0.542972000000   0.035159000000 AA   -5.226039487211  -1.026068373307   0.066440880814 Bohr
[INPUT]  5 H     -3.432918000000  -0.109530000000  -0.718165000000 AA   -6.487274828090  -0.206981702424  -1.357135162248 Bohr
[INPUT]  6 H     -2.694092000000  -1.625993000000  -0.121706000000 AA   -5.091096034382  -3.072681450460  -0.229991007716 Bohr
[INPUT]  7 H     -3.197748000000  -0.347202000000   1.025036000000 AA   -6.042867935376  -0.656116689901   1.937037307820 Bohr
[INPUT]  8 H     -0.449340000000  -1.631051000000   0.191426000000 AA   -0.849129536812  -3.082239685198   0.361742713121 Bohr
[INPUT]  9 Br     1.360495000000  -0.006842000000   0.043906000000 AA    2.570962943840  -0.012929506144   0.082970315225 Bohr

nuclear repulsion = 317.617846861055
number of shells = 102
number of NR pGTOs = 459
number of NR cGTOs = 335
basis = aug-cc-pvtz
ecp = {}
CPU time:      5694.49


******** <class 'pyscf.dft.rks.RKS'> flags ********
method = RKS-RHF
initial guess = minao
damping factor = 0
level shift factor = 0
DIIS = <class 'pyscf.scf.diis.CDIIS'>
DIIS start cycle = 1
DIIS space = 8
SCF tol = 1e-09
SCF gradient tol = None
max. SCF cycles = 120
direct_scf = True
direct_scf_tol = 1e-13
chkfile to save SCF result = ch3conhbr.chk
max_memory 10000 MB (current use 139 MB)
XC functionals = pbe,pbe
small_rho_cutoff = 1e-07
radial grids: 
    Treutler-Ahlrichs (JCP 102, 346 (M4)) radial grids
    
becke partition: Becke, JCP, 88, 2547 (1988)
pruning grids: <function nwchem_prune at 0x2ab98a2da5f0>
grids dens level: 4
symmetrized grids: 0
atomic radii adjust function: <function treutler_atomic_radii_adjust at 0x2ab98a2da500>
Set gradient conv threshold to 3.16228e-05
tot grids = 208518
init E= -2781.74292629389
  HOMO = -0.265271105361221  LUMO = -0.11489854784852
cycle= 1 E= -2782.01479112299  delta_E= -0.272  |g|= 1.05  |ddm|= 3.29
  HOMO = -0.110360677165149  LUMO = -0.0456579690149483
cycle= 2 E= -2778.62314790099  delta_E= 3.39  |g|= 3.25  |ddm|= 3.04
  HOMO = -0.194921089659593  LUMO = -0.0523736557102146
cycle= 3 E= -2782.1401621148  delta_E= -3.52  |g|= 0.632  |ddm|= 2.75
  HOMO = -0.228825547857704  LUMO = -0.0961534343820043
cycle= 4 E= -2782.22139356695  delta_E= -0.0812  |g|= 0.273  |ddm|= 0.482
  HOMO = -0.217814303916749  LUMO = -0.102555336234187
cycle= 5 E= -2782.22810130774  delta_E= -0.00671  |g|= 0.177  |ddm|= 0.254
  HOMO = -0.228550210425431  LUMO = -0.0995777832171646
cycle= 6 E= -2782.23640313601  delta_E= -0.0083  |g|= 0.0296  |ddm|= 0.126
  HOMO = -0.22564148353165  LUMO = -0.0956889839862991
cycle= 7 E= -2782.23652810325  delta_E= -0.000125  |g|= 0.0146  |ddm|= 0.0275
  HOMO = -0.226401062549641  LUMO = -0.0966294302131979
cycle= 8 E= -2782.23657002855  delta_E= -4.19e-05  |g|= 0.00397  |ddm|= 0.00929
  HOMO = -0.226627531949087  LUMO = -0.0968363672462654
cycle= 9 E= -2782.23657323183  delta_E= -3.2e-06  |g|= 0.00158  |ddm|= 0.003
  HOMO = -0.226623538295048  LUMO = -0.0967572809594898
cycle= 10 E= -2782.23657357499  delta_E= -3.43e-07  |g|= 0.00043  |ddm|= 0.00153
  HOMO = -0.226629424707755  LUMO = -0.0967703738888027
cycle= 11 E= -2782.23657359681  delta_E= -2.18e-08  |g|= 6.03e-05  |ddm|= 0.000382
  HOMO = -0.226624042453748  LUMO = -0.0967663902865676
cycle= 12 E= -2782.23657359779  delta_E= -9.83e-10  |g|= 1.55e-05  |ddm|= 6.98e-05
  HOMO = -0.226623540340251  LUMO = -0.0967658478163275
Extra cycle  E= -2782.23657359778  delta_E= 7.73e-12  |g|= 1.63e-05  |ddm|= 2.68e-05
converged SCF energy = -2782.23657359778
Electronic spatial extent <R**2> (au): 790.4276
* Multipoles in the independent field-basis, Gauge -> (0,0,0)
Electronic Dipole moment(X, Y, Z, Debye): -1.9531, 4.5141, 0.8052
Nuclear Dipole moment(X, Y, Z, Debye): -2.9430, 1.0361, 1.3755
Total Dipole moment(X, Y, Z, Debye): -0.9898, -3.4780, 0.5703
Quadrupole moments (Debye-Angs)
Total Quadrupole moments (XX, YY, ZZ): -36.9942, -43.8842, -42.6194
Total Quadrupole moments (XY, XZ, YZ): 5.2690, -0.2590, -0.5661
Octupole moments (Debye-Angs**2)
Total Octupole moments (XXX, YYY, ZZZ, XYY): 31.4857, -11.3407, 0.9406, 17.2388
Total Octupole moments (XXY, XXZ, XZZ, YZZ): -2.4166, 0.6265, 10.2870, 1.3671
Total Octupole moments (YYZ, XYZ): 1.4579, 0.3051
Hexadecapole moments (Debye-Angs**3)
Total Hexadecapole moments (XXXX, YYYY, ZZZZ, XXXY): -680.2514, -156.4615, -55.2378, 7.7046
Total Hexadecapole moments (XXXZ, YYYX, YYYZ, ZZZX): -0.7918, 8.8288, 0.5486, -5.9668
Total Hexadecapole moments (ZZZY, XXYY, XXZZ, YYZZ): 0.9939, -159.9355, -127.5102, -37.2651
Total Hexadecapole moments (XXYZ, YYXZ, ZZXY): 0.5456, -1.6821, -2.8295
