#INFO: **** input file is /home/jluis/src/git/db/molecules-wfn/pbe/run_sp.py ****
#!/usr/bin/env python

import numpy, sys, os
from pyscf import lib, gto, scf, dft
from pyscf.tools import molden
from pyscf.data import radii

def read_molecule(path):

    charge = spin = 0
    with open(path, 'r') as myfile:
        output = myfile.read()
        output = output.lstrip()
        output = output.rstrip()
        output = output.split('\n')

    try:
        int(output[0])
    except ValueError:
        try:
            charge = int(output[0].split(' ')[0])
            spin = int(output[0].split(' ')[1]) - 1
        except ValueError:
            molecule = output
        else:
            molecule = '\n'.join(output[1:])
    else:
        if int(output[0]) == len(output) - 2:
            molecule = '\n'.join(output[2:])
            try:
                charge = int(output[1].split(' ')[0])
                spin = int(output[1].split(' ')[1])-1
            except ValueError:
                pass
        else:
            print "THIS IS NOT A VALID XYZ FILE"

    return (molecule, charge, spin)

directory = '../../molecules/'
files = [i for i in os.listdir(directory) if i.endswith('.xyz')]

for filename in files:

    name = filename[:-8]
    mol = gto.Mole()
    (mol.atom, charge, spin) = read_molecule(directory+filename)
    mol.basis = 'aug-cc-pvtz'
    mol.charge = charge
    mol.spin = spin
    mol.output = name+'.out'
    mol.symmetry = 0
    mol.max_memory = 10000
    mol.verbose = 4
    mol.build()

    mf = dft.RKS(mol) 
    mf.grids.level = 4
    mf.xc = 'pbe,pbe'
    mf = scf.addons.remove_linear_dep_(mf)
    mf.max_cycle = 120
    mf.chkfile = name+'.chk'
    mf.kernel()

    dm = mf.make_rdm1()
    nao = mol.nao_nr()
    unit = 2.541746
    origin = ([0.0,0.0,0.0])
    charges = mol.atom_charges()
    coords  = mol.atom_coords()
    mol.set_common_orig(origin)
    r2 = mol.intor_symmetric('int1e_r2')
    r2 = numpy.einsum('ij,ji->', r2, dm)
    lib.logger.info(mf,'Electronic spatial extent <R**2> (au): %.4f', r2)

    lib.logger.info(mf,'* Multipoles in the independent field-basis, Gauge -> (0,0,0)')
    ao_dip = mol.intor_symmetric('int1e_r', comp=3)
    el_dip = numpy.einsum('xij,ji->x', ao_dip, dm)
    lib.logger.info(mf,'Electronic Dipole moment(X, Y, Z, Debye): %.4f, %.4f, %.4f', *el_dip*unit)
    nucl_dip = numpy.einsum('i,ix->x', charges, coords)
    lib.logger.info(mf,'Nuclear Dipole moment(X, Y, Z, Debye): %.4f, %.4f, %.4f', *nucl_dip*unit)
    mol_dip = (nucl_dip - el_dip) * unit
    lib.logger.info(mf,'Total Dipole moment(X, Y, Z, Debye): %.4f, %.4f, %.4f', *mol_dip)

    lib.logger.info(mf,'Quadrupole moments (Debye-Angs)')
    rr = mol.intor_symmetric('int1e_rr', comp=9).reshape(3,3,nao,nao)
    rr = -1.0*numpy.einsum('xyij,ji->xy', rr, dm)
    rr += numpy.einsum('z,zx,zy->xy', charges, coords, coords)
    rr = rr*unit*lib.param.BOHR
    lib.logger.info(mf,'Total Quadrupole moments (XX, YY, ZZ): %.4f, %.4f, %.4f', \
    rr[0,0], rr[1,1], rr[2,2])
    lib.logger.info(mf,'Total Quadrupole moments (XY, XZ, YZ): %.4f, %.4f, %.4f', \
    rr[0,1], rr[0,2], rr[1,2])
 
    lib.logger.info(mf,'Octupole moments (Debye-Angs**2)')
    rrr = mol.intor_symmetric('int1e_rrr', comp=27).reshape(3,3,3,nao,nao)
    rrr = -1.0*numpy.einsum('xyzij,ji->xyz', rrr, dm)
    rrr += numpy.einsum('z,zx,zy,zk->xyk', charges, coords, coords, coords)
    rrr = rrr*unit*lib.param.BOHR**2
    lib.logger.info(mf,'Total Octupole moments (XXX, YYY, ZZZ, XYY): %.4f, %.4f, %.4f, %.4f', \
    rrr[0,0,0], rrr[1,1,1], rrr[2,2,2], rrr[0,1,1])
    lib.logger.info(mf,'Total Octupole moments (XXY, XXZ, XZZ, YZZ): %.4f, %.4f, %.4f, %.4f', \
    rrr[0,0,1], rrr[0,0,2], rrr[0,2,2], rrr[1,2,2])
    lib.logger.info(mf,'Total Octupole moments (YYZ, XYZ): %.4f, %.4f', rrr[1,1,2], rrr[0,1,2])

    lib.logger.info(mf,'Hexadecapole moments (Debye-Angs**3)')
    rrrr = mol.intor_symmetric('int1e_rrrr', comp=81).reshape(3,3,3,3,nao,nao)
    rrrr = -1.0*numpy.einsum('xyzwij,ji->xyzw', rrrr, dm)
    rrrr += numpy.einsum('z,zx,zy,zk,zw->xykw', charges, coords, coords, coords, coords)
    rrrr = rrrr*unit*lib.param.BOHR**3
    lib.logger.info(mf,'Total Hexadecapole moments (XXXX, YYYY, ZZZZ, XXXY): %.4f, %.4f, %.4f, %.4f', \
    rrrr[0,0,0,0], rrrr[1,1,1,1], rrrr[2,2,2,2], rrrr[0,0,0,1])
    lib.logger.info(mf,'Total Hexadecapole moments (XXXZ, YYYX, YYYZ, ZZZX): %.4f, %.4f, %.4f, %.4f', \
    rrrr[0,0,0,2], rrrr[1,1,1,0], rrrr[1,1,1,2], rrrr[2,2,2,0])
    lib.logger.info(mf,'Total Hexadecapole moments (ZZZY, XXYY, XXZZ, YYZZ): %.4f, %.4f, %.4f, %.4f', \
    rrrr[2,2,2,1], rrrr[0,0,1,1], rrrr[0,0,2,2], rrrr[1,1,2,2])
    lib.logger.info(mf,'Total Hexadecapole moments (XXYZ, YYXZ, ZZXY): %.4f, %.4f, %.4f', \
    rrrr[0,0,1,2], rrrr[1,1,0,2], rrrr[2,2,0,1])
     
    coeff = mf.mo_coeff[:,mf.mo_occ>0]
    occ = mf.mo_occ[mf.mo_occ>0]
    energy = mf.mo_energy[mf.mo_occ>0]
    den_file = name+'.mol'
    fspt = open(den_file,'w')
    molden.header(mol, fspt)
    molden.orbital_coeff(mol, fspt, coeff, ene=energy, occ=occ) 
    fspt.close()                    
    cmd = '/home/jluis/bin/molden2aim '+name
    os.system(cmd)
    den_file = name+'.wfn'
    fspt = open(den_file,'a')
    fspt.write('RHF\n')
    fspt.close()                    

    pmd_file = name+'.pmd'
    fspt = open(pmd_file,'w')
    fspt.write('%s.wfn\n' % (name))
    if (mol.symmetry == False):
        fspt.write('nosymmetry\n')
    fspt.write('tes\n')
    fspt.write('  epsiscp 0.220\n')
    fspt.write('  radialquad 7\n')
    fspt.write('  rmapping 2\n')
    fspt.write('  lmax 10\n')
    fspt.write('  nr 551\n')
    fspt.write('  lebedev 5810\n')
    fspt.write('  betasphere\n')
    for ia in range(mol.natm):
        symb = mol.atom_pure_symbol(ia)
        inuc = lib.parameters.NUC[symb]
        betarad = radii.COVALENT[inuc]/3.5
        fspt.write('  betaradw %d %1.3f\n' % ((ia+1),betarad))
    fspt.write('  radialquadbeta 7\n')
    fspt.write('  rmappingbeta 3\n')
    fspt.write('  lmaxbeta 8\n')
    fspt.write('  nrb 451\n')
    fspt.write('  lebedevbeta 3074\n')
    fspt.write('  dafh\n')
    fspt.write('endtes')
    fspt.close()                    

    cmd = 'rm '+name+'.mol'
    os.system(cmd)

#INFO: ******************** input file end ********************


System: ('Linux', 'silicio', '3.16.0-4-amd64', '#1 SMP Debian 3.16.51-3 (2017-12-13)', 'x86_64', '')  Threads 12
Python 2.7.14 (default, Apr  9 2018, 16:34:43) 
[GCC 7.3.0]
numpy 1.14.2  scipy 1.0.1
Date: Fri Jun 29 01:36:36 2018
PySCF version 1.5
PySCF path  /home/jluis/src/pyscf/pyscf
GIT ORIG_HEAD f2dbb26d09ae5148fbf5975669a994500ac7a4c9
GIT HEAD      ref: refs/heads/master
GIT master branch  f2dbb26d09ae5148fbf5975669a994500ac7a4c9

[ENV] PYSCF_TMPDIR /scratch-ssd/jluis
[CONFIG] conf_file None
[INPUT] verbose = 4
[INPUT] num. atoms = 6
[INPUT] num. electrons = 24
[INPUT] charge = 0
[INPUT] spin (= nelec alpha-beta = 2S) = 0
[INPUT] symmetry 0 subgroup None
[INPUT] Mole.unit = angstrom
[INPUT]  1 H     -0.930681000000  -0.601449000000   0.000000000000 AA   -1.758732199336  -1.136573887894   0.000000000000 Bohr
[INPUT]  2 H      1.064228000000  -1.775543000000   0.000000000000 AA    2.011099454094  -3.355289992389   0.000000000000 Bohr
[INPUT]  3 H      2.026066000000  -0.324178000000   0.000000000000 AA    3.828709850293  -0.612607635609   0.000000000000 Bohr
[INPUT]  4 C      0.004101000000  -0.000320000000   0.000000000000 AA    0.007749766837  -0.000604712360   0.000000000000 Bohr
[INPUT]  5 O      0.002989000000   1.213934000000   0.000000000000 AA    0.005648391386   2.294002793298   0.000000000000 Bohr
[INPUT]  6 N      1.120274000000  -0.770194000000   0.000000000000 AA    2.117011044471  -1.455455722783   0.000000000000 Bohr

nuclear repulsion = 71.1993278976568
number of shells = 66
number of NR pGTOs = 249
number of NR cGTOs = 207
basis = aug-cc-pvtz
ecp = {}
CPU time:    109450.71


******** <class 'pyscf.dft.rks.RKS'> flags ********
method = RKS-RHF
initial guess = minao
damping factor = 0
level shift factor = 0
DIIS = <class 'pyscf.scf.diis.CDIIS'>
DIIS start cycle = 1
DIIS space = 8
SCF tol = 1e-09
SCF gradient tol = None
max. SCF cycles = 120
direct_scf = True
direct_scf_tol = 1e-13
chkfile to save SCF result = ch3no.chk
max_memory 10000 MB (current use 217 MB)
XC functionals = pbe,pbe
small_rho_cutoff = 1e-07
radial grids: 
    Treutler-Ahlrichs (JCP 102, 346 (M4)) radial grids
    
becke partition: Becke, JCP, 88, 2547 (1988)
pruning grids: <function nwchem_prune at 0x2ab98a2da5f0>
grids dens level: 4
symmetrized grids: 0
atomic radii adjust function: <function treutler_atomic_radii_adjust at 0x2ab98a2da500>
Set gradient conv threshold to 3.16228e-05
tot grids = 133344
init E= -170.088742775741
  HOMO = -0.329403142637195  LUMO = -0.107323722142227
cycle= 1 E= -169.621883517113  delta_E= 0.467  |g|= 0.857  |ddm|= 2.01
  HOMO = -0.0558488814655567  LUMO = -0.00801320416923652
cycle= 2 E= -166.895899791739  delta_E= 2.73  |g|= 2.95  |ddm|= 3.55
  HOMO = -0.221296893408226  LUMO = -0.0249736887067372
cycle= 3 E= -169.761240415736  delta_E= -2.87  |g|= 0.277  |ddm|= 3.44
  HOMO = -0.226415388064998  LUMO = -0.0402723279054571
cycle= 4 E= -169.765532336519  delta_E= -0.00429  |g|= 0.219  |ddm|= 0.206
  HOMO = -0.220841747569876  LUMO = -0.0313290032913215
cycle= 5 E= -169.77538429119  delta_E= -0.00985  |g|= 0.023  |ddm|= 0.0998
  HOMO = -0.220681282183459  LUMO = -0.0304680942182393
cycle= 6 E= -169.775486322879  delta_E= -0.000102  |g|= 0.00837  |ddm|= 0.0146
  HOMO = -0.221789717469293  LUMO = -0.0305862887467713
cycle= 7 E= -169.775499364696  delta_E= -1.3e-05  |g|= 0.00541  |ddm|= 0.00519
  HOMO = -0.222002632326316  LUMO = -0.0305492014037343
cycle= 8 E= -169.775504406469  delta_E= -5.04e-06  |g|= 0.00134  |ddm|= 0.00185
  HOMO = -0.222131391899062  LUMO = -0.0305863747978184
cycle= 9 E= -169.775504724315  delta_E= -3.18e-07  |g|= 0.000333  |ddm|= 0.000529
  HOMO = -0.222156886386729  LUMO = -0.0305920940648436
cycle= 10 E= -169.775504747081  delta_E= -2.28e-08  |g|= 2.64e-05  |ddm|= 0.000174
  HOMO = -0.222153464829544  LUMO = -0.0305900128382199
cycle= 11 E= -169.775504747208  delta_E= -1.27e-10  |g|= 2.28e-06  |ddm|= 1.57e-05
  HOMO = -0.222153347287409  LUMO = -0.0305898661921835
Extra cycle  E= -169.775504747207  delta_E= 8.53e-13  |g|= 2.69e-06  |ddm|= 2.33e-06
converged SCF energy = -169.775504747207
Electronic spatial extent <R**2> (au): 162.0533
* Multipoles in the independent field-basis, Gauge -> (0,0,0)
Electronic Dipole moment(X, Y, Z, Debye): 46.9515, 11.3672, 0.0000
Nuclear Dipole moment(X, Y, Z, Debye): 48.2724, 7.7669, 0.0000
Total Dipole moment(X, Y, Z, Debye): 1.3209, -3.6003, -0.0000
Quadrupole moments (Debye-Angs)
Total Quadrupole moments (XX, YY, ZZ): -14.2089, -19.1575, -19.1312
Total Quadrupole moments (XY, XZ, YZ): -0.9356, -0.0000, 0.0000
Octupole moments (Debye-Angs**2)
Total Octupole moments (XXX, YYY, ZZZ, XYY): -12.9580, -13.9213, -0.0000, -4.6239
Total Octupole moments (XXY, XXZ, XZZ, YZZ): -3.1168, -0.0000, -8.5350, 0.1305
Total Octupole moments (YYZ, XYZ): -0.0000, 0.0000
Hexadecapole moments (Debye-Angs**3)
Total Hexadecapole moments (XXXX, YYYY, ZZZZ, XXXY): -60.0218, -94.6423, -19.3682, 14.9576
Total Hexadecapole moments (XXXZ, YYYX, YYYZ, ZZZX): -0.0000, 10.3255, 0.0000, -0.0000
Total Hexadecapole moments (ZZZY, XXYY, XXZZ, YYZZ): 0.0000, -29.0046, -18.6952, -21.5310
Total Hexadecapole moments (XXYZ, YYXZ, ZZXY): 0.0000, -0.0000, 6.9674
