#INFO: **** input file is /home/jluis/src/git/db/molecules-wfn/pbe/run_sp.py ****
#!/usr/bin/env python

import numpy, sys, os
from pyscf import lib, gto, scf, dft
from pyscf.tools import molden
from pyscf.data import radii

def read_molecule(path):

    charge = spin = 0
    with open(path, 'r') as myfile:
        output = myfile.read()
        output = output.lstrip()
        output = output.rstrip()
        output = output.split('\n')

    try:
        int(output[0])
    except ValueError:
        try:
            charge = int(output[0].split(' ')[0])
            spin = int(output[0].split(' ')[1]) - 1
        except ValueError:
            molecule = output
        else:
            molecule = '\n'.join(output[1:])
    else:
        if int(output[0]) == len(output) - 2:
            molecule = '\n'.join(output[2:])
            try:
                charge = int(output[1].split(' ')[0])
                spin = int(output[1].split(' ')[1])-1
            except ValueError:
                pass
        else:
            print "THIS IS NOT A VALID XYZ FILE"

    return (molecule, charge, spin)

directory = '../../molecules/'
files = [i for i in os.listdir(directory) if i.endswith('.xyz')]

for filename in files:

    name = filename[:-8]
    mol = gto.Mole()
    (mol.atom, charge, spin) = read_molecule(directory+filename)
    mol.basis = 'aug-cc-pvtz'
    mol.charge = charge
    mol.spin = spin
    mol.output = name+'.out'
    mol.symmetry = 0
    mol.max_memory = 10000
    mol.verbose = 4
    mol.build()

    mf = dft.RKS(mol) 
    mf.grids.level = 4
    mf.xc = 'pbe,pbe'
    mf = scf.addons.remove_linear_dep_(mf)
    mf.max_cycle = 120
    mf.chkfile = name+'.chk'
    mf.kernel()

    dm = mf.make_rdm1()
    nao = mol.nao_nr()
    unit = 2.541746
    origin = ([0.0,0.0,0.0])
    charges = mol.atom_charges()
    coords  = mol.atom_coords()
    mol.set_common_orig(origin)
    r2 = mol.intor_symmetric('int1e_r2')
    r2 = numpy.einsum('ij,ji->', r2, dm)
    lib.logger.info(mf,'Electronic spatial extent <R**2> (au): %.4f', r2)

    lib.logger.info(mf,'* Multipoles in the independent field-basis, Gauge -> (0,0,0)')
    ao_dip = mol.intor_symmetric('int1e_r', comp=3)
    el_dip = numpy.einsum('xij,ji->x', ao_dip, dm)
    lib.logger.info(mf,'Electronic Dipole moment(X, Y, Z, Debye): %.4f, %.4f, %.4f', *el_dip*unit)
    nucl_dip = numpy.einsum('i,ix->x', charges, coords)
    lib.logger.info(mf,'Nuclear Dipole moment(X, Y, Z, Debye): %.4f, %.4f, %.4f', *nucl_dip*unit)
    mol_dip = (nucl_dip - el_dip) * unit
    lib.logger.info(mf,'Total Dipole moment(X, Y, Z, Debye): %.4f, %.4f, %.4f', *mol_dip)

    lib.logger.info(mf,'Quadrupole moments (Debye-Angs)')
    rr = mol.intor_symmetric('int1e_rr', comp=9).reshape(3,3,nao,nao)
    rr = -1.0*numpy.einsum('xyij,ji->xy', rr, dm)
    rr += numpy.einsum('z,zx,zy->xy', charges, coords, coords)
    rr = rr*unit*lib.param.BOHR
    lib.logger.info(mf,'Total Quadrupole moments (XX, YY, ZZ): %.4f, %.4f, %.4f', \
    rr[0,0], rr[1,1], rr[2,2])
    lib.logger.info(mf,'Total Quadrupole moments (XY, XZ, YZ): %.4f, %.4f, %.4f', \
    rr[0,1], rr[0,2], rr[1,2])
 
    lib.logger.info(mf,'Octupole moments (Debye-Angs**2)')
    rrr = mol.intor_symmetric('int1e_rrr', comp=27).reshape(3,3,3,nao,nao)
    rrr = -1.0*numpy.einsum('xyzij,ji->xyz', rrr, dm)
    rrr += numpy.einsum('z,zx,zy,zk->xyk', charges, coords, coords, coords)
    rrr = rrr*unit*lib.param.BOHR**2
    lib.logger.info(mf,'Total Octupole moments (XXX, YYY, ZZZ, XYY): %.4f, %.4f, %.4f, %.4f', \
    rrr[0,0,0], rrr[1,1,1], rrr[2,2,2], rrr[0,1,1])
    lib.logger.info(mf,'Total Octupole moments (XXY, XXZ, XZZ, YZZ): %.4f, %.4f, %.4f, %.4f', \
    rrr[0,0,1], rrr[0,0,2], rrr[0,2,2], rrr[1,2,2])
    lib.logger.info(mf,'Total Octupole moments (YYZ, XYZ): %.4f, %.4f', rrr[1,1,2], rrr[0,1,2])

    lib.logger.info(mf,'Hexadecapole moments (Debye-Angs**3)')
    rrrr = mol.intor_symmetric('int1e_rrrr', comp=81).reshape(3,3,3,3,nao,nao)
    rrrr = -1.0*numpy.einsum('xyzwij,ji->xyzw', rrrr, dm)
    rrrr += numpy.einsum('z,zx,zy,zk,zw->xykw', charges, coords, coords, coords, coords)
    rrrr = rrrr*unit*lib.param.BOHR**3
    lib.logger.info(mf,'Total Hexadecapole moments (XXXX, YYYY, ZZZZ, XXXY): %.4f, %.4f, %.4f, %.4f', \
    rrrr[0,0,0,0], rrrr[1,1,1,1], rrrr[2,2,2,2], rrrr[0,0,0,1])
    lib.logger.info(mf,'Total Hexadecapole moments (XXXZ, YYYX, YYYZ, ZZZX): %.4f, %.4f, %.4f, %.4f', \
    rrrr[0,0,0,2], rrrr[1,1,1,0], rrrr[1,1,1,2], rrrr[2,2,2,0])
    lib.logger.info(mf,'Total Hexadecapole moments (ZZZY, XXYY, XXZZ, YYZZ): %.4f, %.4f, %.4f, %.4f', \
    rrrr[2,2,2,1], rrrr[0,0,1,1], rrrr[0,0,2,2], rrrr[1,1,2,2])
    lib.logger.info(mf,'Total Hexadecapole moments (XXYZ, YYXZ, ZZXY): %.4f, %.4f, %.4f', \
    rrrr[0,0,1,2], rrrr[1,1,0,2], rrrr[2,2,0,1])
     
    coeff = mf.mo_coeff[:,mf.mo_occ>0]
    occ = mf.mo_occ[mf.mo_occ>0]
    energy = mf.mo_energy[mf.mo_occ>0]
    den_file = name+'.mol'
    fspt = open(den_file,'w')
    molden.header(mol, fspt)
    molden.orbital_coeff(mol, fspt, coeff, ene=energy, occ=occ) 
    fspt.close()                    
    cmd = '/home/jluis/bin/molden2aim '+name
    os.system(cmd)
    den_file = name+'.wfn'
    fspt = open(den_file,'a')
    fspt.write('RHF\n')
    fspt.close()                    

    pmd_file = name+'.pmd'
    fspt = open(pmd_file,'w')
    fspt.write('%s.wfn\n' % (name))
    if (mol.symmetry == False):
        fspt.write('nosymmetry\n')
    fspt.write('tes\n')
    fspt.write('  epsiscp 0.220\n')
    fspt.write('  radialquad 7\n')
    fspt.write('  rmapping 2\n')
    fspt.write('  lmax 10\n')
    fspt.write('  nr 551\n')
    fspt.write('  lebedev 5810\n')
    fspt.write('  betasphere\n')
    for ia in range(mol.natm):
        symb = mol.atom_pure_symbol(ia)
        inuc = lib.parameters.NUC[symb]
        betarad = radii.COVALENT[inuc]/3.5
        fspt.write('  betaradw %d %1.3f\n' % ((ia+1),betarad))
    fspt.write('  radialquadbeta 7\n')
    fspt.write('  rmappingbeta 3\n')
    fspt.write('  lmaxbeta 8\n')
    fspt.write('  nrb 451\n')
    fspt.write('  lebedevbeta 3074\n')
    fspt.write('  dafh\n')
    fspt.write('endtes')
    fspt.close()                    

    cmd = 'rm '+name+'.mol'
    os.system(cmd)

#INFO: ******************** input file end ********************


System: ('Linux', 'silicio', '3.16.0-4-amd64', '#1 SMP Debian 3.16.51-3 (2017-12-13)', 'x86_64', '')  Threads 12
Python 2.7.14 (default, Apr  9 2018, 16:34:43) 
[GCC 7.3.0]
numpy 1.14.2  scipy 1.0.1
Date: Fri Jun 29 05:21:03 2018
PySCF version 1.5
PySCF path  /home/jluis/src/pyscf/pyscf
GIT ORIG_HEAD f2dbb26d09ae5148fbf5975669a994500ac7a4c9
GIT HEAD      ref: refs/heads/master
GIT master branch  f2dbb26d09ae5148fbf5975669a994500ac7a4c9

[ENV] PYSCF_TMPDIR /scratch-ssd/jluis
[CONFIG] conf_file None
[INPUT] verbose = 4
[INPUT] num. atoms = 5
[INPUT] num. electrons = 34
[INPUT] charge = 0
[INPUT] spin (= nelec alpha-beta = 2S) = 0
[INPUT] symmetry 0 subgroup None
[INPUT] Mole.unit = angstrom
[INPUT]  1 C      0.000000000000  -0.000033000000   0.339193000000 AA    0.000000000000  -0.000062360962   0.640981873370 Bohr
[INPUT]  2 H      0.000000000000   0.000113000000   1.437238000000 AA    0.000000000000   0.000213539052   2.715986195818 Bohr
[INPUT]  3 F      0.000000000000   1.255854000000  -0.130531000000 AA    0.000000000000   2.373220112440  -0.246667840766 Bohr
[INPUT]  4 F      1.087637000000  -0.627971000000  -0.130660000000 AA    2.055336052944  -1.186693204169  -0.246911615436 Bohr
[INPUT]  5 F     -1.087637000000  -0.627971000000  -0.130660000000 AA   -2.055336052944  -1.186693204169  -0.246911615436 Bohr

nuclear repulsion = 133.051536828369
number of shells = 61
number of NR pGTOs = 257
number of NR cGTOs = 207
basis = aug-cc-pvtz
ecp = {}
CPU time:    254916.83


******** <class 'pyscf.dft.rks.RKS'> flags ********
method = RKS-RHF
initial guess = minao
damping factor = 0
level shift factor = 0
DIIS = <class 'pyscf.scf.diis.CDIIS'>
DIIS start cycle = 1
DIIS space = 8
SCF tol = 1e-09
SCF gradient tol = None
max. SCF cycles = 120
direct_scf = True
direct_scf_tol = 1e-13
chkfile to save SCF result = chf3.chk
max_memory 10000 MB (current use 237 MB)
XC functionals = pbe,pbe
small_rho_cutoff = 1e-07
radial grids: 
    Treutler-Ahlrichs (JCP 102, 346 (M4)) radial grids
    
becke partition: Becke, JCP, 88, 2547 (1988)
pruning grids: <function nwchem_prune at 0x2ab98a2da5f0>
grids dens level: 4
symmetrized grids: 0
atomic radii adjust function: <function treutler_atomic_radii_adjust at 0x2ab98a2da500>
Set gradient conv threshold to 3.16228e-05
tot grids = 132492
init E= -338.550581487504
  HOMO = -0.391836361659549  LUMO = -0.0155902436087868
cycle= 1 E= -337.990945211116  delta_E= 0.56  |g|= 0.671  |ddm|= 1.66
  HOMO = -0.276522232117077  LUMO = -0.0218491386025168
cycle= 2 E= -337.823919238445  delta_E= 0.167  |g|= 1.28  |ddm|= 0.719
  HOMO = -0.346316003414449  LUMO = -0.0133182736366439
cycle= 3 E= -338.053634052369  delta_E= -0.23  |g|= 0.0464  |ddm|= 0.466
  HOMO = -0.35320129805265  LUMO = -0.0150818485437303
cycle= 4 E= -338.054009568914  delta_E= -0.000376  |g|= 0.0178  |ddm|= 0.0376
  HOMO = -0.350787173724702  LUMO = -0.0146546508861093
cycle= 5 E= -338.054067250473  delta_E= -5.77e-05  |g|= 0.004  |ddm|= 0.0149
  HOMO = -0.351090655893069  LUMO = -0.0146802886599317
cycle= 6 E= -338.054069562105  delta_E= -2.31e-06  |g|= 0.000334  |ddm|= 0.00218
  HOMO = -0.351085746477583  LUMO = -0.0146832726591663
cycle= 7 E= -338.054069577776  delta_E= -1.57e-08  |g|= 6.21e-05  |ddm|= 0.00017
  HOMO = -0.35108673113778  LUMO = -0.0146831186896831
cycle= 8 E= -338.054069578078  delta_E= -3.02e-10  |g|= 4.01e-05  |ddm|= 3.62e-05
  HOMO = -0.351087137613944  LUMO = -0.0146833046931638
cycle= 9 E= -338.054069578305  delta_E= -2.26e-10  |g|= 5.16e-06  |ddm|= 1.74e-05
  HOMO = -0.351087696353892  LUMO = -0.0146835882214562
Extra cycle  E= -338.054069578294  delta_E= 1.09e-11  |g|= 1e-05  |ddm|= 6.31e-06
converged SCF energy = -338.054069578294
Electronic spatial extent <R**2> (au): 211.0350
* Multipoles in the independent field-basis, Gauge -> (0,0,0)
Electronic Dipole moment(X, Y, Z, Debye): 0.0000, -0.0044, -1.7738
Nuclear Dipole moment(X, Y, Z, Debye): 0.0000, -0.0042, -0.2606
Total Dipole moment(X, Y, Z, Debye): -0.0000, 0.0002, 1.5131
Quadrupole moments (Debye-Angs)
Total Quadrupole moments (XX, YY, ZZ): -22.4098, -22.4097, -19.0307
Total Quadrupole moments (XY, XZ, YZ): 0.0000, 0.0000, 0.0001
Octupole moments (Debye-Angs**2)
Total Octupole moments (XXX, YYY, ZZZ, XYY): -0.0000, -1.0501, 0.0233, -0.0000
Total Octupole moments (XXY, XXZ, XZZ, YZZ): 1.0528, -0.7254, -0.0000, 0.0010
Total Octupole moments (YYZ, XYZ): -0.7254, 0.0000
Hexadecapole moments (Debye-Angs**3)
Total Hexadecapole moments (XXXX, YYYY, ZZZZ, XXXY): -86.9720, -86.9700, -25.8948, 0.0000
Total Hexadecapole moments (XXXZ, YYYX, YYYZ, ZZZX): 0.0000, 0.0000, -0.4103, 0.0000
Total Hexadecapole moments (ZZZY, XXYY, XXZZ, YYZZ): -0.0020, -28.9904, -19.1196, -19.1195
Total Hexadecapole moments (XXYZ, YYXZ, ZZXY): 0.4067, 0.0000, 0.0000
