#INFO: **** input file is /home/jluis/src/git/db/molecules-wfn/pbe/run_sp.py ****
#!/usr/bin/env python

import numpy, sys, os
from pyscf import lib, gto, scf, dft
from pyscf.tools import molden
from pyscf.data import radii

def read_molecule(path):

    charge = spin = 0
    with open(path, 'r') as myfile:
        output = myfile.read()
        output = output.lstrip()
        output = output.rstrip()
        output = output.split('\n')

    try:
        int(output[0])
    except ValueError:
        try:
            charge = int(output[0].split(' ')[0])
            spin = int(output[0].split(' ')[1]) - 1
        except ValueError:
            molecule = output
        else:
            molecule = '\n'.join(output[1:])
    else:
        if int(output[0]) == len(output) - 2:
            molecule = '\n'.join(output[2:])
            try:
                charge = int(output[1].split(' ')[0])
                spin = int(output[1].split(' ')[1])-1
            except ValueError:
                pass
        else:
            print "THIS IS NOT A VALID XYZ FILE"

    return (molecule, charge, spin)

directory = '../../molecules/'
files = [i for i in os.listdir(directory) if i.endswith('.xyz')]

for filename in files:

    name = filename[:-8]
    mol = gto.Mole()
    (mol.atom, charge, spin) = read_molecule(directory+filename)
    mol.basis = 'aug-cc-pvtz'
    mol.charge = charge
    mol.spin = spin
    mol.output = name+'.out'
    mol.symmetry = 0
    mol.max_memory = 10000
    mol.verbose = 4
    mol.build()

    mf = dft.RKS(mol) 
    mf.grids.level = 4
    mf.xc = 'pbe,pbe'
    mf = scf.addons.remove_linear_dep_(mf)
    mf.max_cycle = 120
    mf.chkfile = name+'.chk'
    mf.kernel()

    dm = mf.make_rdm1()
    nao = mol.nao_nr()
    unit = 2.541746
    origin = ([0.0,0.0,0.0])
    charges = mol.atom_charges()
    coords  = mol.atom_coords()
    mol.set_common_orig(origin)
    r2 = mol.intor_symmetric('int1e_r2')
    r2 = numpy.einsum('ij,ji->', r2, dm)
    lib.logger.info(mf,'Electronic spatial extent <R**2> (au): %.4f', r2)

    lib.logger.info(mf,'* Multipoles in the independent field-basis, Gauge -> (0,0,0)')
    ao_dip = mol.intor_symmetric('int1e_r', comp=3)
    el_dip = numpy.einsum('xij,ji->x', ao_dip, dm)
    lib.logger.info(mf,'Electronic Dipole moment(X, Y, Z, Debye): %.4f, %.4f, %.4f', *el_dip*unit)
    nucl_dip = numpy.einsum('i,ix->x', charges, coords)
    lib.logger.info(mf,'Nuclear Dipole moment(X, Y, Z, Debye): %.4f, %.4f, %.4f', *nucl_dip*unit)
    mol_dip = (nucl_dip - el_dip) * unit
    lib.logger.info(mf,'Total Dipole moment(X, Y, Z, Debye): %.4f, %.4f, %.4f', *mol_dip)

    lib.logger.info(mf,'Quadrupole moments (Debye-Angs)')
    rr = mol.intor_symmetric('int1e_rr', comp=9).reshape(3,3,nao,nao)
    rr = -1.0*numpy.einsum('xyij,ji->xy', rr, dm)
    rr += numpy.einsum('z,zx,zy->xy', charges, coords, coords)
    rr = rr*unit*lib.param.BOHR
    lib.logger.info(mf,'Total Quadrupole moments (XX, YY, ZZ): %.4f, %.4f, %.4f', \
    rr[0,0], rr[1,1], rr[2,2])
    lib.logger.info(mf,'Total Quadrupole moments (XY, XZ, YZ): %.4f, %.4f, %.4f', \
    rr[0,1], rr[0,2], rr[1,2])
 
    lib.logger.info(mf,'Octupole moments (Debye-Angs**2)')
    rrr = mol.intor_symmetric('int1e_rrr', comp=27).reshape(3,3,3,nao,nao)
    rrr = -1.0*numpy.einsum('xyzij,ji->xyz', rrr, dm)
    rrr += numpy.einsum('z,zx,zy,zk->xyk', charges, coords, coords, coords)
    rrr = rrr*unit*lib.param.BOHR**2
    lib.logger.info(mf,'Total Octupole moments (XXX, YYY, ZZZ, XYY): %.4f, %.4f, %.4f, %.4f', \
    rrr[0,0,0], rrr[1,1,1], rrr[2,2,2], rrr[0,1,1])
    lib.logger.info(mf,'Total Octupole moments (XXY, XXZ, XZZ, YZZ): %.4f, %.4f, %.4f, %.4f', \
    rrr[0,0,1], rrr[0,0,2], rrr[0,2,2], rrr[1,2,2])
    lib.logger.info(mf,'Total Octupole moments (YYZ, XYZ): %.4f, %.4f', rrr[1,1,2], rrr[0,1,2])

    lib.logger.info(mf,'Hexadecapole moments (Debye-Angs**3)')
    rrrr = mol.intor_symmetric('int1e_rrrr', comp=81).reshape(3,3,3,3,nao,nao)
    rrrr = -1.0*numpy.einsum('xyzwij,ji->xyzw', rrrr, dm)
    rrrr += numpy.einsum('z,zx,zy,zk,zw->xykw', charges, coords, coords, coords, coords)
    rrrr = rrrr*unit*lib.param.BOHR**3
    lib.logger.info(mf,'Total Hexadecapole moments (XXXX, YYYY, ZZZZ, XXXY): %.4f, %.4f, %.4f, %.4f', \
    rrrr[0,0,0,0], rrrr[1,1,1,1], rrrr[2,2,2,2], rrrr[0,0,0,1])
    lib.logger.info(mf,'Total Hexadecapole moments (XXXZ, YYYX, YYYZ, ZZZX): %.4f, %.4f, %.4f, %.4f', \
    rrrr[0,0,0,2], rrrr[1,1,1,0], rrrr[1,1,1,2], rrrr[2,2,2,0])
    lib.logger.info(mf,'Total Hexadecapole moments (ZZZY, XXYY, XXZZ, YYZZ): %.4f, %.4f, %.4f, %.4f', \
    rrrr[2,2,2,1], rrrr[0,0,1,1], rrrr[0,0,2,2], rrrr[1,1,2,2])
    lib.logger.info(mf,'Total Hexadecapole moments (XXYZ, YYXZ, ZZXY): %.4f, %.4f, %.4f', \
    rrrr[0,0,1,2], rrrr[1,1,0,2], rrrr[2,2,0,1])
     
    coeff = mf.mo_coeff[:,mf.mo_occ>0]
    occ = mf.mo_occ[mf.mo_occ>0]
    energy = mf.mo_energy[mf.mo_occ>0]
    den_file = name+'.mol'
    fspt = open(den_file,'w')
    molden.header(mol, fspt)
    molden.orbital_coeff(mol, fspt, coeff, ene=energy, occ=occ) 
    fspt.close()                    
    cmd = '/home/jluis/bin/molden2aim '+name
    os.system(cmd)
    den_file = name+'.wfn'
    fspt = open(den_file,'a')
    fspt.write('RHF\n')
    fspt.close()                    

    pmd_file = name+'.pmd'
    fspt = open(pmd_file,'w')
    fspt.write('%s.wfn\n' % (name))
    if (mol.symmetry == False):
        fspt.write('nosymmetry\n')
    fspt.write('tes\n')
    fspt.write('  epsiscp 0.220\n')
    fspt.write('  radialquad 7\n')
    fspt.write('  rmapping 2\n')
    fspt.write('  lmax 10\n')
    fspt.write('  nr 551\n')
    fspt.write('  lebedev 5810\n')
    fspt.write('  betasphere\n')
    for ia in range(mol.natm):
        symb = mol.atom_pure_symbol(ia)
        inuc = lib.parameters.NUC[symb]
        betarad = radii.COVALENT[inuc]/3.5
        fspt.write('  betaradw %d %1.3f\n' % ((ia+1),betarad))
    fspt.write('  radialquadbeta 7\n')
    fspt.write('  rmappingbeta 3\n')
    fspt.write('  lmaxbeta 8\n')
    fspt.write('  nrb 451\n')
    fspt.write('  lebedevbeta 3074\n')
    fspt.write('  dafh\n')
    fspt.write('endtes')
    fspt.close()                    

    cmd = 'rm '+name+'.mol'
    os.system(cmd)

#INFO: ******************** input file end ********************


System: ('Linux', 'silicio', '3.16.0-4-amd64', '#1 SMP Debian 3.16.51-3 (2017-12-13)', 'x86_64', '')  Threads 12
Python 2.7.14 (default, Apr  9 2018, 16:34:43) 
[GCC 7.3.0]
numpy 1.14.2  scipy 1.0.1
Date: Fri Jun 29 04:50:55 2018
PySCF version 1.5
PySCF path  /home/jluis/src/pyscf/pyscf
GIT ORIG_HEAD f2dbb26d09ae5148fbf5975669a994500ac7a4c9
GIT HEAD      ref: refs/heads/master
GIT master branch  f2dbb26d09ae5148fbf5975669a994500ac7a4c9

[ENV] PYSCF_TMPDIR /scratch-ssd/jluis
[CONFIG] conf_file None
[INPUT] verbose = 4
[INPUT] num. atoms = 6
[INPUT] num. electrons = 66
[INPUT] charge = 0
[INPUT] spin (= nelec alpha-beta = 2S) = 0
[INPUT] symmetry 0 subgroup None
[INPUT] Mole.unit = angstrom
[INPUT]  1 Cl     2.294738000000   1.376596000000  -0.738272000000 AA    4.336426347632   2.601389424172  -1.395131885435 Bohr
[INPUT]  2 O     -0.077247000000   0.197796000000   1.004496000000 AA   -0.145975673944   0.373780268534   1.898222333221 Bohr
[INPUT]  3 Cl    -0.385055000000   1.436641000000   0.288706000000 AA   -0.727648492894   2.714858029321   0.545575270519 Bohr
[INPUT]  4 O      1.179241000000   2.290063000000   0.132932000000 AA    2.228442524858   4.327591878000   0.251205073191 Bohr
[INPUT]  5 O     -0.853364000000   1.238620000000  -1.083619000000 AA   -1.612624244563   2.340652572409  -2.047743133375 Bohr
[INPUT]  6 O     -1.084463000000   2.462225000000   1.059476000000 AA   -2.049338062224   4.652930907057   2.002119475550 Bohr

nuclear repulsion = 428.375013131905
number of shells = 78
number of NR pGTOs = 382
number of NR cGTOs = 284
basis = aug-cc-pvtz
ecp = {}
CPU time:    235691.00


******** <class 'pyscf.dft.rks.RKS'> flags ********
method = RKS-RHF
initial guess = minao
damping factor = 0
level shift factor = 0
DIIS = <class 'pyscf.scf.diis.CDIIS'>
DIIS start cycle = 1
DIIS space = 8
SCF tol = 1e-09
SCF gradient tol = None
max. SCF cycles = 120
direct_scf = True
direct_scf_tol = 1e-13
chkfile to save SCF result = cl2o4.chk
max_memory 10000 MB (current use 251 MB)
XC functionals = pbe,pbe
small_rho_cutoff = 1e-07
radial grids: 
    Treutler-Ahlrichs (JCP 102, 346 (M4)) radial grids
    
becke partition: Becke, JCP, 88, 2547 (1988)
pruning grids: <function nwchem_prune at 0x2ab98a2da5f0>
grids dens level: 4
symmetrized grids: 0
atomic radii adjust function: <function treutler_atomic_radii_adjust at 0x2ab98a2da500>
Set gradient conv threshold to 3.16228e-05
tot grids = 171188
init E= -1222.00223482593
  HOMO = -0.293972567409433  LUMO = -0.154154842674316
cycle= 1 E= -1220.0314915154  delta_E= 1.97  |g|= 1.53  |ddm|= 2.31
  HOMO = -0.216867714609373  LUMO = -0.192631657817463
cycle= 2 E= -1217.69013440785  delta_E= 2.34  |g|= 4.04  |ddm|= 2.32
  HOMO = -0.242188312846936  LUMO = -0.142547842382514
cycle= 3 E= -1220.38016810352  delta_E= -2.69  |g|= 0.536  |ddm|= 1.79
  HOMO = -0.299297855908393  LUMO = -0.186840304402009
cycle= 4 E= -1220.35104664049  delta_E= 0.0291  |g|= 0.678  |ddm|= 0.677
  HOMO = -0.28555832298569  LUMO = -0.175869102359441
cycle= 5 E= -1220.43728057982  delta_E= -0.0862  |g|= 0.0828  |ddm|= 0.385
  HOMO = -0.281200786469683  LUMO = -0.171665330858656
cycle= 6 E= -1220.4374159881  delta_E= -0.000135  |g|= 0.0777  |ddm|= 0.0784
  HOMO = -0.279546242286963  LUMO = -0.169735425053452
cycle= 7 E= -1220.43852929247  delta_E= -0.00111  |g|= 0.0151  |ddm|= 0.0472
  HOMO = -0.280078839369721  LUMO = -0.170866300869606
cycle= 8 E= -1220.43856637587  delta_E= -3.71e-05  |g|= 0.0038  |ddm|= 0.0089
  HOMO = -0.280456609468815  LUMO = -0.170898203445968
cycle= 9 E= -1220.43856992965  delta_E= -3.55e-06  |g|= 0.00163  |ddm|= 0.00455
  HOMO = -0.280350787955948  LUMO = -0.17086565188246
cycle= 10 E= -1220.43857059884  delta_E= -6.69e-07  |g|= 0.000277  |ddm|= 0.00139
  HOMO = -0.280382605582313  LUMO = -0.170881138373411
cycle= 11 E= -1220.43857061374  delta_E= -1.49e-08  |g|= 0.000161  |ddm|= 0.000327
  HOMO = -0.280379341622086  LUMO = -0.170881634974652
cycle= 12 E= -1220.43857061847  delta_E= -4.74e-09  |g|= 6.52e-05  |ddm|= 0.00011
  HOMO = -0.280381047027034  LUMO = -0.170883940917464
cycle= 13 E= -1220.4385706164  delta_E= 2.07e-09  |g|= 0.000124  |ddm|= 9.48e-05
  HOMO = -0.280378565511092  LUMO = -0.170881293584198
cycle= 14 E= -1220.43857061929  delta_E= -2.88e-09  |g|= 2.94e-06  |ddm|= 6.51e-05
  HOMO = -0.280378439624804  LUMO = -0.17088116251368
cycle= 15 E= -1220.43857061929  delta_E= -3.87e-12  |g|= 1.98e-06  |ddm|= 2.11e-06
  HOMO = -0.280378611974944  LUMO = -0.170881289524053
Extra cycle  E= -1220.43857061928  delta_E= 9.09e-12  |g|= 6.8e-06  |ddm|= 4.6e-06
converged SCF energy = -1220.43857061928
Electronic spatial extent <R**2> (au): 1268.0910
* Multipoles in the independent field-basis, Gauge -> (0,0,0)
Electronic Dipole moment(X, Y, Z, Debye): 122.8580, 467.7176, 6.5256
Nuclear Dipole moment(X, Y, Z, Debye): 123.8167, 467.5182, 6.0696
Total Dipole moment(X, Y, Z, Debye): 0.9588, -0.1994, -0.4560
Quadrupole moments (Debye-Angs)
Total Quadrupole moments (XX, YY, ZZ): -43.5487, -48.3674, -47.5739
Total Quadrupole moments (XY, XZ, YZ): 1.1531, -1.7459, -0.3411
Octupole moments (Debye-Angs**2)
Total Octupole moments (XXX, YYY, ZZZ, XYY): -47.9305, -211.6121, -1.9264, -17.0281
Total Octupole moments (XXY, XXZ, XZZ, YZZ): -68.0278, -5.4814, -16.2126, -70.4149
Total Octupole moments (YYZ, XYZ): -2.1413, -0.1899
Hexadecapole moments (Debye-Angs**3)
Total Hexadecapole moments (XXXX, YYYY, ZZZZ, XXXY): -514.2952, -771.6353, -197.7957, -73.5871
Total Hexadecapole moments (XXXZ, YYYX, YYYZ, ZZZX): 50.2440, -75.4395, -12.2231, 67.5158
Total Hexadecapole moments (ZZZY, XXYY, XXZZ, YYZZ): -5.6709, -220.9668, -118.4078, -162.7135
Total Hexadecapole moments (XXYZ, YYXZ, ZZXY): -5.0344, 25.3956, -24.4203
