#INFO: **** input file is /home/jluis/src/git/db/molecules-wfn/pbe/run_sp.py ****
#!/usr/bin/env python

import numpy, sys, os
from pyscf import lib, gto, scf, dft
from pyscf.tools import molden
from pyscf.data import radii

def read_molecule(path):

    charge = spin = 0
    with open(path, 'r') as myfile:
        output = myfile.read()
        output = output.lstrip()
        output = output.rstrip()
        output = output.split('\n')

    try:
        int(output[0])
    except ValueError:
        try:
            charge = int(output[0].split(' ')[0])
            spin = int(output[0].split(' ')[1]) - 1
        except ValueError:
            molecule = output
        else:
            molecule = '\n'.join(output[1:])
    else:
        if int(output[0]) == len(output) - 2:
            molecule = '\n'.join(output[2:])
            try:
                charge = int(output[1].split(' ')[0])
                spin = int(output[1].split(' ')[1])-1
            except ValueError:
                pass
        else:
            print "THIS IS NOT A VALID XYZ FILE"

    return (molecule, charge, spin)

directory = '../../molecules/'
files = [i for i in os.listdir(directory) if i.endswith('.xyz')]

for filename in files:

    name = filename[:-8]
    mol = gto.Mole()
    (mol.atom, charge, spin) = read_molecule(directory+filename)
    mol.basis = 'aug-cc-pvtz'
    mol.charge = charge
    mol.spin = spin
    mol.output = name+'.out'
    mol.symmetry = 0
    mol.max_memory = 10000
    mol.verbose = 4
    mol.build()

    mf = dft.RKS(mol) 
    mf.grids.level = 4
    mf.xc = 'pbe,pbe'
    mf = scf.addons.remove_linear_dep_(mf)
    mf.max_cycle = 120
    mf.chkfile = name+'.chk'
    mf.kernel()

    dm = mf.make_rdm1()
    nao = mol.nao_nr()
    unit = 2.541746
    origin = ([0.0,0.0,0.0])
    charges = mol.atom_charges()
    coords  = mol.atom_coords()
    mol.set_common_orig(origin)
    r2 = mol.intor_symmetric('int1e_r2')
    r2 = numpy.einsum('ij,ji->', r2, dm)
    lib.logger.info(mf,'Electronic spatial extent <R**2> (au): %.4f', r2)

    lib.logger.info(mf,'* Multipoles in the independent field-basis, Gauge -> (0,0,0)')
    ao_dip = mol.intor_symmetric('int1e_r', comp=3)
    el_dip = numpy.einsum('xij,ji->x', ao_dip, dm)
    lib.logger.info(mf,'Electronic Dipole moment(X, Y, Z, Debye): %.4f, %.4f, %.4f', *el_dip*unit)
    nucl_dip = numpy.einsum('i,ix->x', charges, coords)
    lib.logger.info(mf,'Nuclear Dipole moment(X, Y, Z, Debye): %.4f, %.4f, %.4f', *nucl_dip*unit)
    mol_dip = (nucl_dip - el_dip) * unit
    lib.logger.info(mf,'Total Dipole moment(X, Y, Z, Debye): %.4f, %.4f, %.4f', *mol_dip)

    lib.logger.info(mf,'Quadrupole moments (Debye-Angs)')
    rr = mol.intor_symmetric('int1e_rr', comp=9).reshape(3,3,nao,nao)
    rr = -1.0*numpy.einsum('xyij,ji->xy', rr, dm)
    rr += numpy.einsum('z,zx,zy->xy', charges, coords, coords)
    rr = rr*unit*lib.param.BOHR
    lib.logger.info(mf,'Total Quadrupole moments (XX, YY, ZZ): %.4f, %.4f, %.4f', \
    rr[0,0], rr[1,1], rr[2,2])
    lib.logger.info(mf,'Total Quadrupole moments (XY, XZ, YZ): %.4f, %.4f, %.4f', \
    rr[0,1], rr[0,2], rr[1,2])
 
    lib.logger.info(mf,'Octupole moments (Debye-Angs**2)')
    rrr = mol.intor_symmetric('int1e_rrr', comp=27).reshape(3,3,3,nao,nao)
    rrr = -1.0*numpy.einsum('xyzij,ji->xyz', rrr, dm)
    rrr += numpy.einsum('z,zx,zy,zk->xyk', charges, coords, coords, coords)
    rrr = rrr*unit*lib.param.BOHR**2
    lib.logger.info(mf,'Total Octupole moments (XXX, YYY, ZZZ, XYY): %.4f, %.4f, %.4f, %.4f', \
    rrr[0,0,0], rrr[1,1,1], rrr[2,2,2], rrr[0,1,1])
    lib.logger.info(mf,'Total Octupole moments (XXY, XXZ, XZZ, YZZ): %.4f, %.4f, %.4f, %.4f', \
    rrr[0,0,1], rrr[0,0,2], rrr[0,2,2], rrr[1,2,2])
    lib.logger.info(mf,'Total Octupole moments (YYZ, XYZ): %.4f, %.4f', rrr[1,1,2], rrr[0,1,2])

    lib.logger.info(mf,'Hexadecapole moments (Debye-Angs**3)')
    rrrr = mol.intor_symmetric('int1e_rrrr', comp=81).reshape(3,3,3,3,nao,nao)
    rrrr = -1.0*numpy.einsum('xyzwij,ji->xyzw', rrrr, dm)
    rrrr += numpy.einsum('z,zx,zy,zk,zw->xykw', charges, coords, coords, coords, coords)
    rrrr = rrrr*unit*lib.param.BOHR**3
    lib.logger.info(mf,'Total Hexadecapole moments (XXXX, YYYY, ZZZZ, XXXY): %.4f, %.4f, %.4f, %.4f', \
    rrrr[0,0,0,0], rrrr[1,1,1,1], rrrr[2,2,2,2], rrrr[0,0,0,1])
    lib.logger.info(mf,'Total Hexadecapole moments (XXXZ, YYYX, YYYZ, ZZZX): %.4f, %.4f, %.4f, %.4f', \
    rrrr[0,0,0,2], rrrr[1,1,1,0], rrrr[1,1,1,2], rrrr[2,2,2,0])
    lib.logger.info(mf,'Total Hexadecapole moments (ZZZY, XXYY, XXZZ, YYZZ): %.4f, %.4f, %.4f, %.4f', \
    rrrr[2,2,2,1], rrrr[0,0,1,1], rrrr[0,0,2,2], rrrr[1,1,2,2])
    lib.logger.info(mf,'Total Hexadecapole moments (XXYZ, YYXZ, ZZXY): %.4f, %.4f, %.4f', \
    rrrr[0,0,1,2], rrrr[1,1,0,2], rrrr[2,2,0,1])
     
    coeff = mf.mo_coeff[:,mf.mo_occ>0]
    occ = mf.mo_occ[mf.mo_occ>0]
    energy = mf.mo_energy[mf.mo_occ>0]
    den_file = name+'.mol'
    fspt = open(den_file,'w')
    molden.header(mol, fspt)
    molden.orbital_coeff(mol, fspt, coeff, ene=energy, occ=occ) 
    fspt.close()                    
    cmd = '/home/jluis/bin/molden2aim '+name
    os.system(cmd)
    den_file = name+'.wfn'
    fspt = open(den_file,'a')
    fspt.write('RHF\n')
    fspt.close()                    

    pmd_file = name+'.pmd'
    fspt = open(pmd_file,'w')
    fspt.write('%s.wfn\n' % (name))
    if (mol.symmetry == False):
        fspt.write('nosymmetry\n')
    fspt.write('tes\n')
    fspt.write('  epsiscp 0.220\n')
    fspt.write('  radialquad 7\n')
    fspt.write('  rmapping 2\n')
    fspt.write('  lmax 10\n')
    fspt.write('  nr 551\n')
    fspt.write('  lebedev 5810\n')
    fspt.write('  betasphere\n')
    for ia in range(mol.natm):
        symb = mol.atom_pure_symbol(ia)
        inuc = lib.parameters.NUC[symb]
        betarad = radii.COVALENT[inuc]/3.5
        fspt.write('  betaradw %d %1.3f\n' % ((ia+1),betarad))
    fspt.write('  radialquadbeta 7\n')
    fspt.write('  rmappingbeta 3\n')
    fspt.write('  lmaxbeta 8\n')
    fspt.write('  nrb 451\n')
    fspt.write('  lebedevbeta 3074\n')
    fspt.write('  dafh\n')
    fspt.write('endtes')
    fspt.close()                    

    cmd = 'rm '+name+'.mol'
    os.system(cmd)

#INFO: ******************** input file end ********************


System: ('Linux', 'silicio', '3.16.0-4-amd64', '#1 SMP Debian 3.16.51-3 (2017-12-13)', 'x86_64', '')  Threads 12
Python 2.7.14 (default, Apr  9 2018, 16:34:43) 
[GCC 7.3.0]
numpy 1.14.2  scipy 1.0.1
Date: Fri Jun 29 00:43:18 2018
PySCF version 1.5
PySCF path  /home/jluis/src/pyscf/pyscf
GIT ORIG_HEAD f2dbb26d09ae5148fbf5975669a994500ac7a4c9
GIT HEAD      ref: refs/heads/master
GIT master branch  f2dbb26d09ae5148fbf5975669a994500ac7a4c9

[ENV] PYSCF_TMPDIR /scratch-ssd/jluis
[CONFIG] conf_file None
[INPUT] verbose = 4
[INPUT] num. atoms = 6
[INPUT] num. electrons = 50
[INPUT] charge = -2
[INPUT] spin (= nelec alpha-beta = 2S) = 0
[INPUT] symmetry 0 subgroup None
[INPUT] Mole.unit = angstrom
[INPUT]  1 P     -1.406093000000   0.887006000000  -0.046926000000 AA   -2.657130675668   1.676198410846  -0.088677288121 Bohr
[INPUT]  2 O      0.356933000000   1.149598000000  -0.107220000000 AA    0.674505614819   2.172425373348  -0.202616435076 Bohr
[INPUT]  3 O     -1.984223000000   1.901770000000  -1.078605000000 AA   -3.749638040063   3.593824451914  -2.038268046586 Bohr
[INPUT]  4 O     -1.787578000000   1.162439000000   1.438698000000 AA   -3.378032846298   2.196691346513   2.718745195960 Bohr
[INPUT]  5 H      0.603586000000   0.260496000000  -0.385209000000 AA    1.140612232622   0.492266096545  -0.727939510718 Bohr
[INPUT]  6 O     -1.439185000000  -0.623699000000  -0.487929000000 AA   -2.719665492582  -1.178620294165  -0.922052178233 Bohr

nuclear repulsion = 247.475405944195
number of shells = 74
number of NR pGTOs = 332
number of NR cGTOs = 257
basis = aug-cc-pvtz
ecp = {}
CPU time:     76888.61


******** <class 'pyscf.dft.rks.RKS'> flags ********
method = RKS-RHF
initial guess = minao
damping factor = 0
level shift factor = 0
DIIS = <class 'pyscf.scf.diis.CDIIS'>
DIIS start cycle = 1
DIIS space = 8
SCF tol = 1e-09
SCF gradient tol = None
max. SCF cycles = 120
direct_scf = True
direct_scf_tol = 1e-13
chkfile to save SCF result = hpo4_-2.chk
max_memory 10000 MB (current use 223 MB)
XC functionals = pbe,pbe
small_rho_cutoff = 1e-07
radial grids: 
    Treutler-Ahlrichs (JCP 102, 346 (M4)) radial grids
    
becke partition: Becke, JCP, 88, 2547 (1988)
pruning grids: <function nwchem_prune at 0x2ab98a2da5f0>
grids dens level: 4
symmetrized grids: 0
atomic radii adjust function: <function treutler_atomic_radii_adjust at 0x2ab98a2da500>
Set gradient conv threshold to 3.16228e-05
tot grids = 158686
init E= -643.117302194201
  HOMO = -0.377691514387519  LUMO = -0.0654845801807755
cycle= 1 E= -642.017657653132  delta_E=  1.1  |g|= 1.75  |ddm|= 1.94
  HOMO = 0.33743094001728  LUMO = 0.354750677359291
cycle= 2 E= -628.040669642414  delta_E=   14  |g|= 5.51  |ddm|=  668
  HOMO = -0.025462862882716  LUMO = 0.142438647195135
cycle= 3 E= -642.231703992995  delta_E= -14.2  |g|=  1.2  |ddm|=  668
  HOMO = 0.037705331685152  LUMO = 0.196881216563537
cycle= 4 E= -642.536100288852  delta_E= -0.304  |g|= 0.469  |ddm|= 0.763
  HOMO = 0.133595725430413  LUMO = 0.212324259547669
cycle= 5 E= -642.539376950535  delta_E= -0.00328  |g|= 0.55  |ddm|= 0.686
  HOMO = 0.187133911548054  LUMO = 0.211748583238949
cycle= 6 E= -642.59562879454  delta_E= -0.0563  |g|= 0.0402  |ddm|= 0.58
  HOMO = 0.184227954086397  LUMO = 0.206115158737185
cycle= 7 E= -642.595529509451  delta_E= 9.93e-05  |g|= 0.0471  |ddm|= 0.0892
  HOMO = 0.18366061081723  LUMO = 0.205516735610081
cycle= 8 E= -642.595908696445  delta_E= -0.000379  |g|= 0.0155  |ddm|=  0.1
  HOMO = 0.183682494900502  LUMO = 0.204783821546693
cycle= 9 E= -642.595952371999  delta_E= -4.37e-05  |g|= 0.00113  |ddm|= 0.0158
  HOMO = 0.18355555509666  LUMO = 0.204497179535892
cycle= 10 E= -642.595952609212  delta_E= -2.37e-07  |g|= 0.000268  |ddm|= 0.00262
  HOMO = 0.183552588720526  LUMO = 0.204470967634971
cycle= 11 E= -642.595952620266  delta_E= -1.11e-08  |g|= 4.71e-05  |ddm|= 0.000607
  HOMO = 0.183550891141425  LUMO = 0.204460230166099
cycle= 12 E= -642.595952619948  delta_E= 3.18e-10  |g|= 6.4e-05  |ddm|= 0.000221
  HOMO = 0.183552309631402  LUMO = 0.204458304272594
cycle= 13 E= -642.595952620675  delta_E= -7.27e-10  |g|= 1.97e-05  |ddm|= 0.000117
  HOMO = 0.183550818252152  LUMO = 0.204456680077326
Extra cycle  E= -642.595952620111  delta_E= 5.64e-10  |g|= 5.81e-05  |ddm|= 0.000104
converged SCF energy = -642.595952620111
Electronic spatial extent <R**2> (au): 851.2094
* Multipoles in the independent field-basis, Gauge -> (0,0,0)
Electronic Dipole moment(X, Y, Z, Debye): -298.9955, 212.1697, -14.5128
Nuclear Dipole moment(X, Y, Z, Debye): -284.9272, 203.1104, -14.2633
Total Dipole moment(X, Y, Z, Debye): 14.0683, -9.0592, 0.2494
Quadrupole moments (Debye-Angs)
Total Quadrupole moments (XX, YY, ZZ): -71.3551, -65.0719, -57.3836
Total Quadrupole moments (XY, XZ, YZ): 12.6161, -1.0790, 0.5763
Octupole moments (Debye-Angs**2)
Total Octupole moments (XXX, YYY, ZZZ, XYY): 213.1116, -145.3651, 1.2630, 88.6936
Total Octupole moments (XXY, XXZ, XZZ, YZZ): -71.4113, 4.8415, 80.7247, -56.2183
Total Octupole moments (YYZ, XYZ): 12.6706, -2.1837
Hexadecapole moments (Debye-Angs**3)
Total Hexadecapole moments (XXXX, YYYY, ZZZZ, XXXY): -743.6069, -491.6434, -260.7878, 217.9235
Total Hexadecapole moments (XXXZ, YYYX, YYYZ, ZZZX): -13.6995, 209.0504, 28.9849, 3.6183
Total Hexadecapole moments (ZZZY, XXYY, XXZZ, YYZZ): 1.1393, -256.9626, -197.7052, -141.7954
Total Hexadecapole moments (XXYZ, YYXZ, ZZXY): 10.3581, -20.7499, 85.0344
