#INFO: **** input file is /home/jluis/src/git/db/molecules-wfn/pbe/run_sp.py ****
#!/usr/bin/env python

import numpy, sys, os
from pyscf import lib, gto, scf, dft
from pyscf.tools import molden
from pyscf.data import radii

def read_molecule(path):

    charge = spin = 0
    with open(path, 'r') as myfile:
        output = myfile.read()
        output = output.lstrip()
        output = output.rstrip()
        output = output.split('\n')

    try:
        int(output[0])
    except ValueError:
        try:
            charge = int(output[0].split(' ')[0])
            spin = int(output[0].split(' ')[1]) - 1
        except ValueError:
            molecule = output
        else:
            molecule = '\n'.join(output[1:])
    else:
        if int(output[0]) == len(output) - 2:
            molecule = '\n'.join(output[2:])
            try:
                charge = int(output[1].split(' ')[0])
                spin = int(output[1].split(' ')[1])-1
            except ValueError:
                pass
        else:
            print "THIS IS NOT A VALID XYZ FILE"

    return (molecule, charge, spin)

directory = '../../molecules/'
files = [i for i in os.listdir(directory) if i.endswith('.xyz')]

for filename in files:

    name = filename[:-8]
    mol = gto.Mole()
    (mol.atom, charge, spin) = read_molecule(directory+filename)
    mol.basis = 'aug-cc-pvtz'
    mol.charge = charge
    mol.spin = spin
    mol.output = name+'.out'
    mol.symmetry = 0
    mol.max_memory = 10000
    mol.verbose = 4
    mol.build()

    mf = dft.RKS(mol) 
    mf.grids.level = 4
    mf.xc = 'pbe,pbe'
    mf = scf.addons.remove_linear_dep_(mf)
    mf.max_cycle = 120
    mf.chkfile = name+'.chk'
    mf.kernel()

    dm = mf.make_rdm1()
    nao = mol.nao_nr()
    unit = 2.541746
    origin = ([0.0,0.0,0.0])
    charges = mol.atom_charges()
    coords  = mol.atom_coords()
    mol.set_common_orig(origin)
    r2 = mol.intor_symmetric('int1e_r2')
    r2 = numpy.einsum('ij,ji->', r2, dm)
    lib.logger.info(mf,'Electronic spatial extent <R**2> (au): %.4f', r2)

    lib.logger.info(mf,'* Multipoles in the independent field-basis, Gauge -> (0,0,0)')
    ao_dip = mol.intor_symmetric('int1e_r', comp=3)
    el_dip = numpy.einsum('xij,ji->x', ao_dip, dm)
    lib.logger.info(mf,'Electronic Dipole moment(X, Y, Z, Debye): %.4f, %.4f, %.4f', *el_dip*unit)
    nucl_dip = numpy.einsum('i,ix->x', charges, coords)
    lib.logger.info(mf,'Nuclear Dipole moment(X, Y, Z, Debye): %.4f, %.4f, %.4f', *nucl_dip*unit)
    mol_dip = (nucl_dip - el_dip) * unit
    lib.logger.info(mf,'Total Dipole moment(X, Y, Z, Debye): %.4f, %.4f, %.4f', *mol_dip)

    lib.logger.info(mf,'Quadrupole moments (Debye-Angs)')
    rr = mol.intor_symmetric('int1e_rr', comp=9).reshape(3,3,nao,nao)
    rr = -1.0*numpy.einsum('xyij,ji->xy', rr, dm)
    rr += numpy.einsum('z,zx,zy->xy', charges, coords, coords)
    rr = rr*unit*lib.param.BOHR
    lib.logger.info(mf,'Total Quadrupole moments (XX, YY, ZZ): %.4f, %.4f, %.4f', \
    rr[0,0], rr[1,1], rr[2,2])
    lib.logger.info(mf,'Total Quadrupole moments (XY, XZ, YZ): %.4f, %.4f, %.4f', \
    rr[0,1], rr[0,2], rr[1,2])
 
    lib.logger.info(mf,'Octupole moments (Debye-Angs**2)')
    rrr = mol.intor_symmetric('int1e_rrr', comp=27).reshape(3,3,3,nao,nao)
    rrr = -1.0*numpy.einsum('xyzij,ji->xyz', rrr, dm)
    rrr += numpy.einsum('z,zx,zy,zk->xyk', charges, coords, coords, coords)
    rrr = rrr*unit*lib.param.BOHR**2
    lib.logger.info(mf,'Total Octupole moments (XXX, YYY, ZZZ, XYY): %.4f, %.4f, %.4f, %.4f', \
    rrr[0,0,0], rrr[1,1,1], rrr[2,2,2], rrr[0,1,1])
    lib.logger.info(mf,'Total Octupole moments (XXY, XXZ, XZZ, YZZ): %.4f, %.4f, %.4f, %.4f', \
    rrr[0,0,1], rrr[0,0,2], rrr[0,2,2], rrr[1,2,2])
    lib.logger.info(mf,'Total Octupole moments (YYZ, XYZ): %.4f, %.4f', rrr[1,1,2], rrr[0,1,2])

    lib.logger.info(mf,'Hexadecapole moments (Debye-Angs**3)')
    rrrr = mol.intor_symmetric('int1e_rrrr', comp=81).reshape(3,3,3,3,nao,nao)
    rrrr = -1.0*numpy.einsum('xyzwij,ji->xyzw', rrrr, dm)
    rrrr += numpy.einsum('z,zx,zy,zk,zw->xykw', charges, coords, coords, coords, coords)
    rrrr = rrrr*unit*lib.param.BOHR**3
    lib.logger.info(mf,'Total Hexadecapole moments (XXXX, YYYY, ZZZZ, XXXY): %.4f, %.4f, %.4f, %.4f', \
    rrrr[0,0,0,0], rrrr[1,1,1,1], rrrr[2,2,2,2], rrrr[0,0,0,1])
    lib.logger.info(mf,'Total Hexadecapole moments (XXXZ, YYYX, YYYZ, ZZZX): %.4f, %.4f, %.4f, %.4f', \
    rrrr[0,0,0,2], rrrr[1,1,1,0], rrrr[1,1,1,2], rrrr[2,2,2,0])
    lib.logger.info(mf,'Total Hexadecapole moments (ZZZY, XXYY, XXZZ, YYZZ): %.4f, %.4f, %.4f, %.4f', \
    rrrr[2,2,2,1], rrrr[0,0,1,1], rrrr[0,0,2,2], rrrr[1,1,2,2])
    lib.logger.info(mf,'Total Hexadecapole moments (XXYZ, YYXZ, ZZXY): %.4f, %.4f, %.4f', \
    rrrr[0,0,1,2], rrrr[1,1,0,2], rrrr[2,2,0,1])
     
    coeff = mf.mo_coeff[:,mf.mo_occ>0]
    occ = mf.mo_occ[mf.mo_occ>0]
    energy = mf.mo_energy[mf.mo_occ>0]
    den_file = name+'.mol'
    fspt = open(den_file,'w')
    molden.header(mol, fspt)
    molden.orbital_coeff(mol, fspt, coeff, ene=energy, occ=occ) 
    fspt.close()                    
    cmd = '/home/jluis/bin/molden2aim '+name
    os.system(cmd)
    den_file = name+'.wfn'
    fspt = open(den_file,'a')
    fspt.write('RHF\n')
    fspt.close()                    

    pmd_file = name+'.pmd'
    fspt = open(pmd_file,'w')
    fspt.write('%s.wfn\n' % (name))
    if (mol.symmetry == False):
        fspt.write('nosymmetry\n')
    fspt.write('tes\n')
    fspt.write('  epsiscp 0.220\n')
    fspt.write('  radialquad 7\n')
    fspt.write('  rmapping 2\n')
    fspt.write('  lmax 10\n')
    fspt.write('  nr 551\n')
    fspt.write('  lebedev 5810\n')
    fspt.write('  betasphere\n')
    for ia in range(mol.natm):
        symb = mol.atom_pure_symbol(ia)
        inuc = lib.parameters.NUC[symb]
        betarad = radii.COVALENT[inuc]/3.5
        fspt.write('  betaradw %d %1.3f\n' % ((ia+1),betarad))
    fspt.write('  radialquadbeta 7\n')
    fspt.write('  rmappingbeta 3\n')
    fspt.write('  lmaxbeta 8\n')
    fspt.write('  nrb 451\n')
    fspt.write('  lebedevbeta 3074\n')
    fspt.write('  dafh\n')
    fspt.write('endtes')
    fspt.close()                    

    cmd = 'rm '+name+'.mol'
    os.system(cmd)

#INFO: ******************** input file end ********************


System: ('Linux', 'silicio', '3.16.0-4-amd64', '#1 SMP Debian 3.16.51-3 (2017-12-13)', 'x86_64', '')  Threads 12
Python 2.7.14 (default, Apr  9 2018, 16:34:43) 
[GCC 7.3.0]
numpy 1.14.2  scipy 1.0.1
Date: Fri Jun 29 05:21:53 2018
PySCF version 1.5
PySCF path  /home/jluis/src/pyscf/pyscf
GIT ORIG_HEAD f2dbb26d09ae5148fbf5975669a994500ac7a4c9
GIT HEAD      ref: refs/heads/master
GIT master branch  f2dbb26d09ae5148fbf5975669a994500ac7a4c9

[ENV] PYSCF_TMPDIR /scratch-ssd/jluis
[CONFIG] conf_file None
[INPUT] verbose = 4
[INPUT] num. atoms = 6
[INPUT] num. electrons = 78
[INPUT] charge = 0
[INPUT] spin (= nelec alpha-beta = 2S) = 0
[INPUT] symmetry 0 subgroup None
[INPUT] Mole.unit = angstrom
[INPUT]  1 N     -0.257758000000   1.083096000000   0.155040000000 AA   -0.487092026416   2.046754806612   0.292983138353 Bohr
[INPUT]  2 N      0.257758000000  -1.083096000000   0.155425000000 AA    0.487092026416  -2.046754806612   0.293710682911 Bohr
[INPUT]  3 S      1.094081000000   1.882778000000   0.155529000000 AA    2.067513448090   3.557934773356   0.293907214427 Bohr
[INPUT]  4 S     -1.824904000000   1.188172000000   0.155538000000 AA   -3.448568763623   2.245319668877   0.293924221963 Bohr
[INPUT]  5 S     -1.094081000000  -1.882778000000   0.155369000000 AA   -2.067513448090  -3.557934773356   0.293604858248 Bohr
[INPUT]  6 S      1.824904000000  -1.188171000000   0.155344000000 AA    3.448568763623  -2.245317779151   0.293557615094 Bohr

nuclear repulsion = 477.852579456553
number of shells = 78
number of NR pGTOs = 416
number of NR cGTOs = 292
basis = aug-cc-pvtz
ecp = {}
CPU time:    255234.48


******** <class 'pyscf.dft.rks.RKS'> flags ********
method = RKS-RHF
initial guess = minao
damping factor = 0
level shift factor = 0
DIIS = <class 'pyscf.scf.diis.CDIIS'>
DIIS start cycle = 1
DIIS space = 8
SCF tol = 1e-09
SCF gradient tol = None
max. SCF cycles = 120
direct_scf = True
direct_scf_tol = 1e-13
chkfile to save SCF result = n2s4.chk
max_memory 10000 MB (current use 253 MB)
XC functionals = pbe,pbe
small_rho_cutoff = 1e-07
radial grids: 
    Treutler-Ahlrichs (JCP 102, 346 (M4)) radial grids
    
becke partition: Becke, JCP, 88, 2547 (1988)
pruning grids: <function nwchem_prune at 0x2ab98a2da5f0>
grids dens level: 4
symmetrized grids: 0
atomic radii adjust function: <function treutler_atomic_radii_adjust at 0x2ab98a2da500>
Set gradient conv threshold to 3.16228e-05
tot grids = 171280
init E= -1702.3119557562
  HOMO = -0.22241149753443  LUMO = -0.170402111541619
cycle= 1 E= -1701.49378127691  delta_E= 0.818  |g|= 0.24  |ddm|= 2.41
  HOMO = -0.192547050797411  LUMO = -0.165615057178494
cycle= 2 E= -1701.4226392809  delta_E= 0.0711  |g|= 0.621  |ddm|= 0.471
  HOMO = -0.19426965430737  LUMO = -0.154135738443058
cycle= 3 E= -1701.50174083763  delta_E= -0.0791  |g|= 0.105  |ddm|= 0.325
  HOMO = -0.203944228566136  LUMO = -0.162229463975984
cycle= 4 E= -1701.50452899641  delta_E= -0.00279  |g|= 0.0212  |ddm|= 0.0758
  HOMO = -0.203334533270904  LUMO = -0.161461460338738
cycle= 5 E= -1701.50463099171  delta_E= -0.000102  |g|= 0.00317  |ddm|= 0.0192
  HOMO = -0.203254319005491  LUMO = -0.161360416991362
cycle= 6 E= -1701.5046337888  delta_E= -2.8e-06  |g|= 0.000844  |ddm|= 0.00263
  HOMO = -0.203251511112614  LUMO = -0.161370597980827
cycle= 7 E= -1701.50463393187  delta_E= -1.43e-07  |g|= 0.000321  |ddm|= 0.000682
  HOMO = -0.203254087630389  LUMO = -0.161372897226447
cycle= 8 E= -1701.50463395575  delta_E= -2.39e-08  |g|= 0.000198  |ddm|= 0.000441
  HOMO = -0.203258356695522  LUMO = -0.161376701120748
cycle= 9 E= -1701.50463396242  delta_E= -6.68e-09  |g|= 0.000141  |ddm|= 0.000248
  HOMO = -0.203259312491751  LUMO = -0.161377541454453
cycle= 10 E= -1701.5046339699  delta_E= -7.48e-09  |g|= 1.43e-05  |ddm|= 0.000134
  HOMO = -0.203258933355316  LUMO = -0.161377218733393
cycle= 11 E= -1701.50463396994  delta_E= -4.05e-11  |g|= 5.44e-06  |ddm|= 1.39e-05
  HOMO = -0.203258913803021  LUMO = -0.161377177401691
Extra cycle  E= -1701.5046339697  delta_E= 2.38e-10  |g|= 2.67e-05  |ddm|= 3.32e-05
converged SCF energy = -1701.5046339697
Electronic spatial extent <R**2> (au): 1288.1854
* Multipoles in the independent field-basis, Gauge -> (0,0,0)
Electronic Dipole moment(X, Y, Z, Debye): -0.0001, 0.0005, 58.2228
Nuclear Dipole moment(X, Y, Z, Debye): 0.0000, 0.0001, 58.2232
Total Dipole moment(X, Y, Z, Debye): 0.0001, -0.0004, 0.0004
Quadrupole moments (Debye-Angs)
Total Quadrupole moments (XX, YY, ZZ): -58.3449, -63.2944, -60.9150
Total Quadrupole moments (XY, XZ, YZ): 1.2484, -0.0002, 0.0007
Octupole moments (Debye-Angs**2)
Total Octupole moments (XXX, YYY, ZZZ, XYY): 0.0004, -0.0018, -28.3995, 0.0001
Total Octupole moments (XXY, XXZ, XZZ, YZZ): -0.0006, -9.0641, -0.0001, 0.0002
Total Octupole moments (YYZ, XYZ): -9.8375, 0.1951
Hexadecapole moments (Debye-Angs**3)
Total Hexadecapole moments (XXXX, YYYY, ZZZZ, XXXY): -719.7569, -955.1901, -84.3908, 18.8781
Total Hexadecapole moments (XXXZ, YYYX, YYYZ, ZZZX): -0.0001, 40.5225, -0.0132, 0.0049
Total Hexadecapole moments (ZZZY, XXYY, XXZZ, YYZZ): -0.0121, -268.4969, -142.6538, -166.0084
Total Hexadecapole moments (XXYZ, YYXZ, ZZXY): 0.0016, 0.0051, 5.8939
