#INFO: **** input file is /home/jluis/src/git/db/molecules-wfn/pbe/run_sp.py ****
#!/usr/bin/env python

import numpy, sys, os
from pyscf import lib, gto, scf, dft
from pyscf.tools import molden
from pyscf.data import radii

def read_molecule(path):

    charge = spin = 0
    with open(path, 'r') as myfile:
        output = myfile.read()
        output = output.lstrip()
        output = output.rstrip()
        output = output.split('\n')

    try:
        int(output[0])
    except ValueError:
        try:
            charge = int(output[0].split(' ')[0])
            spin = int(output[0].split(' ')[1]) - 1
        except ValueError:
            molecule = output
        else:
            molecule = '\n'.join(output[1:])
    else:
        if int(output[0]) == len(output) - 2:
            molecule = '\n'.join(output[2:])
            try:
                charge = int(output[1].split(' ')[0])
                spin = int(output[1].split(' ')[1])-1
            except ValueError:
                pass
        else:
            print "THIS IS NOT A VALID XYZ FILE"

    return (molecule, charge, spin)

directory = '../../molecules/'
files = [i for i in os.listdir(directory) if i.endswith('.xyz')]

for filename in files:

    name = filename[:-8]
    mol = gto.Mole()
    (mol.atom, charge, spin) = read_molecule(directory+filename)
    mol.basis = 'aug-cc-pvtz'
    mol.charge = charge
    mol.spin = spin
    mol.output = name+'.out'
    mol.symmetry = 0
    mol.max_memory = 10000
    mol.verbose = 4
    mol.build()

    mf = dft.RKS(mol) 
    mf.grids.level = 4
    mf.xc = 'pbe,pbe'
    mf = scf.addons.remove_linear_dep_(mf)
    mf.max_cycle = 120
    mf.chkfile = name+'.chk'
    mf.kernel()

    dm = mf.make_rdm1()
    nao = mol.nao_nr()
    unit = 2.541746
    origin = ([0.0,0.0,0.0])
    charges = mol.atom_charges()
    coords  = mol.atom_coords()
    mol.set_common_orig(origin)
    r2 = mol.intor_symmetric('int1e_r2')
    r2 = numpy.einsum('ij,ji->', r2, dm)
    lib.logger.info(mf,'Electronic spatial extent <R**2> (au): %.4f', r2)

    lib.logger.info(mf,'* Multipoles in the independent field-basis, Gauge -> (0,0,0)')
    ao_dip = mol.intor_symmetric('int1e_r', comp=3)
    el_dip = numpy.einsum('xij,ji->x', ao_dip, dm)
    lib.logger.info(mf,'Electronic Dipole moment(X, Y, Z, Debye): %.4f, %.4f, %.4f', *el_dip*unit)
    nucl_dip = numpy.einsum('i,ix->x', charges, coords)
    lib.logger.info(mf,'Nuclear Dipole moment(X, Y, Z, Debye): %.4f, %.4f, %.4f', *nucl_dip*unit)
    mol_dip = (nucl_dip - el_dip) * unit
    lib.logger.info(mf,'Total Dipole moment(X, Y, Z, Debye): %.4f, %.4f, %.4f', *mol_dip)

    lib.logger.info(mf,'Quadrupole moments (Debye-Angs)')
    rr = mol.intor_symmetric('int1e_rr', comp=9).reshape(3,3,nao,nao)
    rr = -1.0*numpy.einsum('xyij,ji->xy', rr, dm)
    rr += numpy.einsum('z,zx,zy->xy', charges, coords, coords)
    rr = rr*unit*lib.param.BOHR
    lib.logger.info(mf,'Total Quadrupole moments (XX, YY, ZZ): %.4f, %.4f, %.4f', \
    rr[0,0], rr[1,1], rr[2,2])
    lib.logger.info(mf,'Total Quadrupole moments (XY, XZ, YZ): %.4f, %.4f, %.4f', \
    rr[0,1], rr[0,2], rr[1,2])
 
    lib.logger.info(mf,'Octupole moments (Debye-Angs**2)')
    rrr = mol.intor_symmetric('int1e_rrr', comp=27).reshape(3,3,3,nao,nao)
    rrr = -1.0*numpy.einsum('xyzij,ji->xyz', rrr, dm)
    rrr += numpy.einsum('z,zx,zy,zk->xyk', charges, coords, coords, coords)
    rrr = rrr*unit*lib.param.BOHR**2
    lib.logger.info(mf,'Total Octupole moments (XXX, YYY, ZZZ, XYY): %.4f, %.4f, %.4f, %.4f', \
    rrr[0,0,0], rrr[1,1,1], rrr[2,2,2], rrr[0,1,1])
    lib.logger.info(mf,'Total Octupole moments (XXY, XXZ, XZZ, YZZ): %.4f, %.4f, %.4f, %.4f', \
    rrr[0,0,1], rrr[0,0,2], rrr[0,2,2], rrr[1,2,2])
    lib.logger.info(mf,'Total Octupole moments (YYZ, XYZ): %.4f, %.4f', rrr[1,1,2], rrr[0,1,2])

    lib.logger.info(mf,'Hexadecapole moments (Debye-Angs**3)')
    rrrr = mol.intor_symmetric('int1e_rrrr', comp=81).reshape(3,3,3,3,nao,nao)
    rrrr = -1.0*numpy.einsum('xyzwij,ji->xyzw', rrrr, dm)
    rrrr += numpy.einsum('z,zx,zy,zk,zw->xykw', charges, coords, coords, coords, coords)
    rrrr = rrrr*unit*lib.param.BOHR**3
    lib.logger.info(mf,'Total Hexadecapole moments (XXXX, YYYY, ZZZZ, XXXY): %.4f, %.4f, %.4f, %.4f', \
    rrrr[0,0,0,0], rrrr[1,1,1,1], rrrr[2,2,2,2], rrrr[0,0,0,1])
    lib.logger.info(mf,'Total Hexadecapole moments (XXXZ, YYYX, YYYZ, ZZZX): %.4f, %.4f, %.4f, %.4f', \
    rrrr[0,0,0,2], rrrr[1,1,1,0], rrrr[1,1,1,2], rrrr[2,2,2,0])
    lib.logger.info(mf,'Total Hexadecapole moments (ZZZY, XXYY, XXZZ, YYZZ): %.4f, %.4f, %.4f, %.4f', \
    rrrr[2,2,2,1], rrrr[0,0,1,1], rrrr[0,0,2,2], rrrr[1,1,2,2])
    lib.logger.info(mf,'Total Hexadecapole moments (XXYZ, YYXZ, ZZXY): %.4f, %.4f, %.4f', \
    rrrr[0,0,1,2], rrrr[1,1,0,2], rrrr[2,2,0,1])
     
    coeff = mf.mo_coeff[:,mf.mo_occ>0]
    occ = mf.mo_occ[mf.mo_occ>0]
    energy = mf.mo_energy[mf.mo_occ>0]
    den_file = name+'.mol'
    fspt = open(den_file,'w')
    molden.header(mol, fspt)
    molden.orbital_coeff(mol, fspt, coeff, ene=energy, occ=occ) 
    fspt.close()                    
    cmd = '/home/jluis/bin/molden2aim '+name
    os.system(cmd)
    den_file = name+'.wfn'
    fspt = open(den_file,'a')
    fspt.write('RHF\n')
    fspt.close()                    

    pmd_file = name+'.pmd'
    fspt = open(pmd_file,'w')
    fspt.write('%s.wfn\n' % (name))
    if (mol.symmetry == False):
        fspt.write('nosymmetry\n')
    fspt.write('tes\n')
    fspt.write('  epsiscp 0.220\n')
    fspt.write('  radialquad 7\n')
    fspt.write('  rmapping 2\n')
    fspt.write('  lmax 10\n')
    fspt.write('  nr 551\n')
    fspt.write('  lebedev 5810\n')
    fspt.write('  betasphere\n')
    for ia in range(mol.natm):
        symb = mol.atom_pure_symbol(ia)
        inuc = lib.parameters.NUC[symb]
        betarad = radii.COVALENT[inuc]/3.5
        fspt.write('  betaradw %d %1.3f\n' % ((ia+1),betarad))
    fspt.write('  radialquadbeta 7\n')
    fspt.write('  rmappingbeta 3\n')
    fspt.write('  lmaxbeta 8\n')
    fspt.write('  nrb 451\n')
    fspt.write('  lebedevbeta 3074\n')
    fspt.write('  dafh\n')
    fspt.write('endtes')
    fspt.close()                    

    cmd = 'rm '+name+'.mol'
    os.system(cmd)

#INFO: ******************** input file end ********************


System: ('Linux', 'silicio', '3.16.0-4-amd64', '#1 SMP Debian 3.16.51-3 (2017-12-13)', 'x86_64', '')  Threads 12
Python 2.7.14 (default, Apr  9 2018, 16:34:43) 
[GCC 7.3.0]
numpy 1.14.2  scipy 1.0.1
Date: Fri Jun 29 04:11:01 2018
PySCF version 1.5
PySCF path  /home/jluis/src/pyscf/pyscf
GIT ORIG_HEAD f2dbb26d09ae5148fbf5975669a994500ac7a4c9
GIT HEAD      ref: refs/heads/master
GIT master branch  f2dbb26d09ae5148fbf5975669a994500ac7a4c9

[ENV] PYSCF_TMPDIR /scratch-ssd/jluis
[CONFIG] conf_file None
[INPUT] verbose = 4
[INPUT] num. atoms = 3
[INPUT] num. electrons = 32
[INPUT] charge = 0
[INPUT] spin (= nelec alpha-beta = 2S) = 0
[INPUT] symmetry 0 subgroup None
[INPUT] Mole.unit = angstrom
[INPUT]  1 N      0.000000000000   0.116966000000   0.001724000000 AA    0.000000000000   0.221033705886   0.003257887839 Bohr
[INPUT]  2 O      0.000000000000   0.778942000000  -1.304520000000 AA    0.000000000000   1.471987046921  -2.465185524018 Bohr
[INPUT]  3 Cl     0.000000000000  -0.895908000000  -1.518304000000 AA    0.000000000000  -1.693020752807  -2.869178733832 Bohr

nuclear repulsion = 97.3355665703727
number of shells = 39
number of NR pGTOs = 191
number of NR cGTOs = 142
basis = aug-cc-pvtz
ecp = {}
CPU time:    213106.80


******** <class 'pyscf.dft.rks.RKS'> flags ********
method = RKS-RHF
initial guess = minao
damping factor = 0
level shift factor = 0
DIIS = <class 'pyscf.scf.diis.CDIIS'>
DIIS start cycle = 1
DIIS space = 8
SCF tol = 1e-09
SCF gradient tol = None
max. SCF cycles = 120
direct_scf = True
direct_scf_tol = 1e-13
chkfile to save SCF result = nocl.chk
max_memory 10000 MB (current use 214 MB)
XC functionals = pbe,pbe
small_rho_cutoff = 1e-07
radial grids: 
    Treutler-Ahlrichs (JCP 102, 346 (M4)) radial grids
    
becke partition: Becke, JCP, 88, 2547 (1988)
pruning grids: <function nwchem_prune at 0x2ab98a2da5f0>
grids dens level: 4
symmetrized grids: 0
atomic radii adjust function: <function treutler_atomic_radii_adjust at 0x2ab98a2da500>
Set gradient conv threshold to 3.16228e-05
tot grids = 85402
init E= -590.054216642509
  HOMO = -0.194639445241716  LUMO = -0.160949368042644
cycle= 1 E= -589.594583562759  delta_E= 0.46  |g|= 0.551  |ddm|= 1.62
  HOMO = -0.15226615903437  LUMO = -0.142374203201438
cycle= 2 E= -588.673323504055  delta_E= 0.921  |g|= 2.01  |ddm|= 2.09
  HOMO = -0.193321621311208  LUMO = -0.167193907614886
cycle= 3 E= -588.95964218769  delta_E= -0.286  |g|=  1.5  |ddm|= 2.12
  HOMO = -0.213081215026951  LUMO = -0.17832343342845
cycle= 4 E= -589.605091204634  delta_E= -0.645  |g|= 0.469  |ddm|= 2.09
  HOMO = -0.18266013475814  LUMO = -0.166392785386363
cycle= 5 E= -589.649958998436  delta_E= -0.0449  |g|= 0.174  |ddm|= 0.174
  HOMO = -0.183476161384187  LUMO = -0.18243704466651
cycle= 6 E= -589.653848366323  delta_E= -0.00389  |g|= 0.114  |ddm|= 0.0737
  HOMO = -0.178300801958411  LUMO = -0.169552925744458
cycle= 7 E= -589.264404591592  delta_E= 0.389  |g|= 1.09  |ddm|= 1.96
  HOMO = -0.178257882301361  LUMO = -0.169856220171776
cycle= 8 E= -589.264255981856  delta_E= 0.000149  |g|= 1.09  |ddm|= 0.00238
  HOMO = -0.178245449097788  LUMO = -0.169483683326195
cycle= 9 E= -589.262552637993  delta_E= 0.0017  |g|= 1.09  |ddm|= 0.00325
  HOMO = -0.177714846860279  LUMO = -0.171204154623375
cycle= 10 E= -589.281040002947  delta_E= -0.0185  |g|= 1.05  |ddm|= 0.0326
  HOMO = -0.178181824930277  LUMO = -0.171901418808568
cycle= 11 E= -589.283851689914  delta_E= -0.00281  |g|= 1.05  |ddm|= 0.00797
  HOMO = -0.177640720240375  LUMO = -0.171653944077814
cycle= 12 E= -589.276673356885  delta_E= 0.00718  |g|= 1.06  |ddm|= 0.0171
  HOMO = -0.174134822731126  LUMO = -0.164349306314551
cycle= 13 E= -589.254890722544  delta_E= 0.0218  |g|= 1.09  |ddm|= 0.0509
  HOMO = -0.173424604857454  LUMO = -0.164573094993328
cycle= 14 E= -589.262689387683  delta_E= -0.0078  |g|= 1.08  |ddm|= 0.0198
  HOMO = -0.252972204405223  LUMO = -0.148800410509137
cycle= 15 E= -589.44067645503  delta_E= -0.178  |g|= 0.902  |ddm|= 2.02
  HOMO = -0.224018925757285  LUMO = -0.154805209321102
cycle= 16 E= -589.578603160127  delta_E= -0.138  |g|= 0.54  |ddm|= 0.232
  HOMO = -0.192073934230538  LUMO = -0.172050888784396
cycle= 17 E= -589.643901762857  delta_E= -0.0653  |g|= 0.227  |ddm|= 0.221
  HOMO = -0.17591253622442  LUMO = -0.17072501755145
cycle= 18 E= -589.278412577439  delta_E= 0.365  |g|= 1.06  |ddm|= 1.97
  HOMO = -0.177168977826386  LUMO = -0.170548265420727
cycle= 19 E= -589.276640844823  delta_E= 0.00177  |g|= 1.06  |ddm|= 0.0187
  HOMO = -0.178628628458841  LUMO = -0.170133973228807
cycle= 20 E= -589.277639043736  delta_E= -0.000998  |g|= 1.06  |ddm|= 0.0284
  HOMO = -0.1766914990207  LUMO = -0.169541383576738
cycle= 21 E= -589.289692286132  delta_E= -0.0121  |g|= 1.04  |ddm|= 0.0207
  HOMO = -0.178765481400298  LUMO = -0.175348326262293
cycle= 22 E= -589.293638475851  delta_E= -0.00395  |g|= 1.04  |ddm|= 0.0244
  HOMO = -0.177792054639655  LUMO = -0.176552128562865
cycle= 23 E= -589.301049089473  delta_E= -0.00741  |g|= 1.02  |ddm|= 0.0148
  HOMO = -0.174251727164551  LUMO = -0.169961450262762
cycle= 24 E= -589.654684506938  delta_E= -0.354  |g|= 0.11  |ddm|= 1.96
  HOMO = -0.181528719555062  LUMO = -0.17271568688384
cycle= 25 E= -589.25660386662  delta_E= 0.398  |g|= 1.11  |ddm|= 1.95
  HOMO = -0.181877957164039  LUMO = -0.171786605748493
cycle= 26 E= -589.233956894117  delta_E= 0.0226  |g|= 1.15  |ddm|= 0.0512
  HOMO = -0.183023141344615  LUMO = -0.168262499045687
cycle= 27 E= -589.219685739499  delta_E= 0.0143  |g|= 1.17  |ddm|= 0.0321
  HOMO = -0.184154226099516  LUMO = -0.170170372631914
cycle= 28 E= -589.229884820331  delta_E= -0.0102  |g|= 1.15  |ddm|= 0.0243
  HOMO = -0.181234504571524  LUMO = -0.166077648153556
cycle= 29 E= -589.213279096018  delta_E= 0.0166  |g|= 1.17  |ddm|= 0.0431
  HOMO = -0.181019998473511  LUMO = -0.167386524263292
cycle= 30 E= -589.221584503386  delta_E= -0.00831  |g|= 1.16  |ddm|= 0.0176
  HOMO = -0.179816083428758  LUMO = -0.163853914198306
cycle= 31 E= -589.210308404229  delta_E= 0.0113  |g|= 1.18  |ddm|= 0.0245
  HOMO = -0.182376383163423  LUMO = -0.167297088431999
cycle= 32 E= -589.213743101217  delta_E= -0.00343  |g|= 1.17  |ddm|= 0.0202
  HOMO = -0.254654478033145  LUMO = -0.149559119131536
cycle= 33 E= -589.420204776501  delta_E= -0.206  |g|= 0.954  |ddm|= 2.03
  HOMO = -0.199352979932725  LUMO = -0.157215550877666
cycle= 34 E= -589.604863562298  delta_E= -0.185  |g|= 0.506  |ddm|= 0.454
  HOMO = -0.196228148633418  LUMO = -0.172506668531151
cycle= 35 E= -589.642190480921  delta_E= -0.0373  |g|= 0.238  |ddm|= 0.214
  HOMO = -0.177132033156984  LUMO = -0.168059301290555
cycle= 36 E= -589.278755004119  delta_E= 0.363  |g|= 1.05  |ddm|= 1.96
  HOMO = -0.178104653533714  LUMO = -0.172572051184513
cycle= 37 E= -589.286914439492  delta_E= -0.00816  |g|= 1.05  |ddm|= 0.0333
  HOMO = -0.176878418760573  LUMO = -0.172453658640489
cycle= 38 E= -589.29084793212  delta_E= -0.00393  |g|= 1.04  |ddm|= 0.0162
  HOMO = -0.178671384176294  LUMO = -0.173696881225711
cycle= 39 E= -589.292008994092  delta_E= -0.00116  |g|= 1.04  |ddm|= 0.019
  HOMO = -0.176510562294582  LUMO = -0.173183329613499
cycle= 40 E= -589.292860403053  delta_E= -0.000851  |g|= 1.04  |ddm|= 0.0149
  HOMO = -0.176966573211878  LUMO = -0.171260736181105
cycle= 41 E= -589.291660284335  delta_E= 0.0012  |g|= 1.04  |ddm|= 0.0102
  HOMO = -0.17572118778759  LUMO = -0.172914695140268
cycle= 42 E= -589.655450481067  delta_E= -0.364  |g|= 0.0906  |ddm|= 1.95
  HOMO = -0.176644564797056  LUMO = -0.173813599076008
cycle= 43 E= -589.276642049048  delta_E= 0.379  |g|= 1.07  |ddm|= 1.95

WARN: HOMO -0.177235232498383 == LUMO -0.176318590832506

cycle= 44 E= -589.280872665332  delta_E= -0.00423  |g|= 1.07  |ddm|= 0.03
  HOMO = -0.17606497628106  LUMO = -0.172538922082069
cycle= 45 E= -589.272415681522  delta_E= 0.00846  |g|= 1.08  |ddm|= 0.0415
  HOMO = -0.177400023789836  LUMO = -0.170945001491657
cycle= 46 E= -589.266646449178  delta_E= 0.00577  |g|= 1.09  |ddm|= 0.0324
  HOMO = -0.177184820689182  LUMO = -0.169598083311286
cycle= 47 E= -589.261970870758  delta_E= 0.00468  |g|= 1.09  |ddm|= 0.0149
  HOMO = -0.181065201464171  LUMO = -0.170837337041881
cycle= 48 E= -589.251839991562  delta_E= 0.0101  |g|= 1.11  |ddm|= 0.0301
  HOMO = -0.180435844475488  LUMO = -0.173938845718608
cycle= 49 E= -589.273045625728  delta_E= -0.0212  |g|= 1.08  |ddm|= 0.0589
  HOMO = -0.178200000977015  LUMO = -0.169948788317286
cycle= 50 E= -589.256175481839  delta_E= 0.0169  |g|= 1.11  |ddm|= 0.0635
  HOMO = -0.256108491533871  LUMO = -0.158888326530975
cycle= 51 E= -589.282539676098  delta_E= -0.0264  |g|= 1.23  |ddm|= 2.06
  HOMO = -0.197866544223152  LUMO = -0.164653232754223
cycle= 52 E= -589.558486254786  delta_E= -0.276  |g|= 0.702  |ddm|= 0.652
  HOMO = -0.218722385970088  LUMO = -0.174699611747189
cycle= 53 E= -589.608547503422  delta_E= -0.0501  |g|= 0.43  |ddm|= 0.383
  HOMO = -0.171299807854944  LUMO = -0.17015988352801
cycle= 54 E= -589.392491168092  delta_E= 0.216  |g|= 0.863  |ddm|= 1.89

WARN: HOMO -0.177945583114156 == LUMO -0.177078307524246

cycle= 55 E= -589.635719025817  delta_E= -0.243  |g|= 0.214  |ddm|= 1.84
  HOMO = -0.185746070343823  LUMO = -0.171031055556873
cycle= 56 E= -589.650960645137  delta_E= -0.0152  |g|= 0.145  |ddm|= 1.33
  HOMO = -0.184605839243737  LUMO = -0.17352824799773
cycle= 57 E= -589.652523512003  delta_E= -0.00156  |g|= 0.134  |ddm|= 0.252
  HOMO = -0.178371784945598  LUMO = -0.176234024848842
cycle= 58 E= -589.655801336449  delta_E= -0.00328  |g|= 0.0491  |ddm|= 0.278
  HOMO = -0.17737520202943  LUMO = -0.172353398015942
cycle= 59 E= -589.333149910032  delta_E= 0.323  |g|= 0.98  |ddm|= 1.94
  HOMO = -0.176203816298035  LUMO = -0.175189238282312
cycle= 60 E= -589.460123736197  delta_E= -0.127  |g|= 0.767  |ddm|= 0.532
  HOMO = -0.177018663235165  LUMO = -0.175294026952664
cycle= 61 E= -589.655980161398  delta_E= -0.196  |g|= 0.0504  |ddm|= 1.49

WARN: HOMO -0.176479765865605 == LUMO -0.175879518269828

cycle= 62 E= -589.655930208526  delta_E= 5e-05  |g|= 0.0702  |ddm|= 0.444
  HOMO = -0.176622077119324  LUMO = -0.174537670220619
cycle= 63 E= -589.325426146405  delta_E= 0.331  |g|= 0.983  |ddm|= 1.94
  HOMO = -0.176727050863967  LUMO = -0.175176872867084
cycle= 64 E= -589.322138366302  delta_E= 0.00329  |g|= 0.986  |ddm|= 0.0643

WARN: HOMO -0.176494399050855 == LUMO -0.176061626493792

cycle= 65 E= -589.325105042118  delta_E= -0.00297  |g|= 0.977  |ddm|= 0.377
  HOMO = -0.177761698639445  LUMO = -0.175688270795046
cycle= 66 E= -589.65563346995  delta_E= -0.331  |g|= 0.0754  |ddm|= 1.92
  HOMO = -0.178276609480712  LUMO = -0.175727712066582
cycle= 67 E= -589.655499703933  delta_E= 0.000134  |g|= 0.0796  |ddm|= 0.0414
  HOMO = -0.178186127491249  LUMO = -0.175799741929391
cycle= 68 E= -589.655536125205  delta_E= -3.64e-05  |g|= 0.0789  |ddm|= 0.0132
  HOMO = -0.17830175942564  LUMO = -0.175957264510693
cycle= 69 E= -589.309429744365  delta_E= 0.346  |g|= 1.01  |ddm|= 1.95
  HOMO = -0.178498367881144  LUMO = -0.172153627207151
cycle= 70 E= -589.290925136985  delta_E= 0.0185  |g|= 1.05  |ddm|= 0.108
  HOMO = -0.179015919202127  LUMO = -0.170998888491886
cycle= 71 E= -589.280258348247  delta_E= 0.0107  |g|= 1.06  |ddm|= 0.0487
  HOMO = -0.178837900913595  LUMO = -0.170704143730793
cycle= 72 E= -589.270304321085  delta_E= 0.00995  |g|= 1.08  |ddm|= 0.0466
  HOMO = -0.179726970637448  LUMO = -0.173326245012126
cycle= 73 E= -589.273412293216  delta_E= -0.00311  |g|= 1.07  |ddm|= 0.0212
  HOMO = -0.179018985458386  LUMO = -0.171730365371794
cycle= 74 E= -589.272829836249  delta_E= 0.000582  |g|= 1.07  |ddm|= 0.0189
  HOMO = -0.178485349699809  LUMO = -0.168733427924821
cycle= 75 E= -589.252209372964  delta_E= 0.0206  |g|= 1.11  |ddm|= 0.25
  HOMO = -0.178673006538144  LUMO = -0.173978920320425
cycle= 76 E= -589.303444714472  delta_E= -0.0512  |g|= 1.02  |ddm|= 0.364
  HOMO = -0.264398331817413  LUMO = -0.167929129703752
cycle= 77 E= -589.440155959088  delta_E= -0.137  |g|= 0.921  |ddm|=    2
  HOMO = -0.221495564849396  LUMO = -0.171472438894047
cycle= 78 E= -589.594199146483  delta_E= -0.154  |g|= 0.513  |ddm|= 0.284
  HOMO = -0.184370992170758  LUMO = -0.16883192670242
cycle= 79 E= -589.643705543624  delta_E= -0.0495  |g|= 0.227  |ddm|= 0.216
  HOMO = -0.179978780250382  LUMO = -0.178312343643878
cycle= 80 E= -589.333091037199  delta_E= 0.311  |g|= 0.967  |ddm|= 1.94
  HOMO = -0.18304229861864  LUMO = -0.177000636090927
cycle= 81 E= -589.653286868945  delta_E= -0.32  |g|= 0.12  |ddm|= 1.92
  HOMO = -0.179463963652084  LUMO = -0.171300351660189
cycle= 82 E= -589.266108985918  delta_E= 0.387  |g|= 1.08  |ddm|= 1.96
  HOMO = -0.179476775236034  LUMO = -0.17063558049948
cycle= 83 E= -589.262144857295  delta_E= 0.00396  |g|= 1.09  |ddm|= 0.0109
  HOMO = -0.179910550582267  LUMO = -0.169959659106126
cycle= 84 E= -589.259575481015  delta_E= 0.00257  |g|=  1.1  |ddm|= 0.00639
  HOMO = -0.179854591585655  LUMO = -0.170116270599025
cycle= 85 E= -589.261062587287  delta_E= -0.00149  |g|= 1.09  |ddm|= 0.00327
  HOMO = -0.175317771993918  LUMO = -0.169882561380703
cycle= 86 E= -589.294694136435  delta_E= -0.0336  |g|= 1.02  |ddm|= 0.071
  HOMO = -0.175214429502084  LUMO = -0.166091502730706
cycle= 87 E= -589.248158811409  delta_E= 0.0465  |g|= 1.11  |ddm|= 0.094
  HOMO = -0.17754555498436  LUMO = -0.16791646129459
cycle= 88 E= -589.260997324238  delta_E= -0.0128  |g|= 1.09  |ddm|= 0.0283
  HOMO = -0.175589345089708  LUMO = -0.165796954495885
cycle= 89 E= -589.253598046495  delta_E= 0.0074  |g|=  1.1  |ddm|= 0.0428
  HOMO = -0.258319524115607  LUMO = -0.152614389140615
cycle= 90 E= -589.42955977943  delta_E= -0.176  |g|= 0.923  |ddm|= 2.01
  HOMO = -0.232001482858257  LUMO = -0.156522399235452
cycle= 91 E= -589.552805730664  delta_E= -0.123  |g|= 0.622  |ddm|= 0.19
  HOMO = -0.186043652267291  LUMO = -0.169802962838521
cycle= 92 E= -589.647224451669  delta_E= -0.0944  |g|= 0.195  |ddm|= 0.301
  HOMO = -0.176552918062056  LUMO = -0.17423658379479
cycle= 93 E= -589.286447264256  delta_E= 0.361  |g|= 1.06  |ddm|= 1.97

WARN: HOMO -0.1773647996871 == LUMO -0.177098902348588

cycle= 94 E= -589.295357943884  delta_E= -0.00891  |g|= 1.05  |ddm|= 0.193
  HOMO = -0.176929576069367  LUMO = -0.175860112573083
cycle= 95 E= -589.280500247257  delta_E= 0.0149  |g|= 1.07  |ddm|= 0.26
  HOMO = -0.18003791922573  LUMO = -0.176305831628484
cycle= 96 E= -589.285751410035  delta_E= -0.00525  |g|= 1.05  |ddm|= 0.0347
  HOMO = -0.176041497637171  LUMO = -0.173658534323874
cycle= 97 E= -589.276537299835  delta_E= 0.00921  |g|= 1.07  |ddm|= 0.0347

WARN: HOMO -0.175148201154184 == LUMO -0.174944276141746

cycle= 98 E= -589.654586497729  delta_E= -0.378  |g|= 0.0963  |ddm|= 1.94
  HOMO = -0.176837339019801  LUMO = -0.169998079085046
cycle= 99 E= -589.335404322418  delta_E= 0.319  |g|= 0.985  |ddm|= 1.93
  HOMO = -0.17478030141328  LUMO = -0.172279659348565
cycle= 100 E= -589.627646452429  delta_E= -0.292  |g|= 0.261  |ddm|= 1.27

WARN: HOMO -0.176273749862449 == LUMO -0.175448327873658

cycle= 101 E= -589.652727320502  delta_E= -0.0251  |g|= 0.0842  |ddm|= 1.53
  HOMO = -0.178916578392486  LUMO = -0.174699345852679
cycle= 102 E= -589.653980862329  delta_E= -0.00125  |g|= 0.0659  |ddm|= 1.17
  HOMO = -0.177164696948613  LUMO = -0.174746691999108
cycle= 103 E= -589.655640518061  delta_E= -0.00166  |g|= 0.0757  |ddm|= 0.387
  HOMO = -0.177502544175697  LUMO = -0.176015788345531
cycle= 104 E= -589.656012688291  delta_E= -0.000372  |g|= 0.0557  |ddm|= 0.0941

WARN: HOMO -0.176600746026837 == LUMO -0.176181174970733

cycle= 105 E= -589.656081437523  delta_E= -6.87e-05  |g|= 0.0621  |ddm|= 0.477

WARN: HOMO -0.176619655919536 == LUMO -0.176194401304004

cycle= 106 E= -589.656091311008  delta_E= -9.87e-06  |g|= 0.0615  |ddm|= 0.00847

WARN: HOMO -0.175912159363614 == LUMO -0.175570810538404

cycle= 107 E= -589.542254998902  delta_E= 0.114  |g|= 0.583  |ddm|= 1.37

WARN: HOMO -0.176070986012216 == LUMO -0.17559695555681

cycle= 108 E= -589.65598630881  delta_E= -0.114  |g|= 0.0658  |ddm|=  1.4
  HOMO = -0.177425487783632  LUMO = -0.175674807730505
cycle= 109 E= -589.655871310143  delta_E= 0.000115  |g|= 0.0492  |ddm|= 0.535
  HOMO = -0.17683136388993  LUMO = -0.17562711280964
cycle= 110 E= -589.655910531027  delta_E= -3.92e-05  |g|= 0.0456  |ddm|= 0.0123

WARN: HOMO -0.176389771240206 == LUMO -0.176010004977326

cycle= 111 E= -589.656159852724  delta_E= -0.000249  |g|= 0.0574  |ddm|= 0.189
  HOMO = -0.177293717443072  LUMO = -0.175846055460766
cycle= 112 E= -589.655966368315  delta_E= 0.000193  |g|= 0.0606  |ddm|= 0.0433
  HOMO = -0.177145166366296  LUMO = -0.175452673880751
cycle= 113 E= -589.655919350554  delta_E= 4.7e-05  |g|= 0.0622  |ddm|= 0.00949
  HOMO = -0.177462902122502  LUMO = -0.175368245487001
cycle= 114 E= -589.655789231586  delta_E= 0.00013  |g|= 0.0673  |ddm|= 0.0227
  HOMO = -0.177614425985915  LUMO = -0.172677323095354
cycle= 115 E= -589.305440126681  delta_E= 0.35  |g|= 1.02  |ddm|= 1.95
  HOMO = -0.178027523231069  LUMO = -0.170936504764343
cycle= 116 E= -589.289243323679  delta_E= 0.0162  |g|= 1.05  |ddm|= 0.0308
  HOMO = -0.178179154570291  LUMO = -0.170278635222804
cycle= 117 E= -589.283219512681  delta_E= 0.00602  |g|= 1.06  |ddm|= 0.0113
  HOMO = -0.17828305151832  LUMO = -0.170895728853043
cycle= 118 E= -589.287051249989  delta_E= -0.00383  |g|= 1.05  |ddm|= 0.0112
  HOMO = -0.178287100442337  LUMO = -0.169806590075559
cycle= 119 E= -589.275918183083  delta_E= 0.0111  |g|= 1.07  |ddm|= 0.0458
  HOMO = -0.177504058816072  LUMO = -0.169731127460315
cycle= 120 E= -589.42584853227  delta_E= -0.15  |g|= 0.832  |ddm|= 0.64
SCF not converged.
SCF energy = -589.42584853227
Electronic spatial extent <R**2> (au): 315.5185
* Multipoles in the independent field-basis, Gauge -> (0,0,0)
Electronic Dipole moment(X, Y, Z, Debye): -0.3796, -40.6734, -178.8686
Nuclear Dipole moment(X, Y, Z, Debye): 0.0000, -39.2909, -174.0453
Total Dipole moment(X, Y, Z, Debye): 0.3796, 1.3825, 4.8233
Quadrupole moments (Debye-Angs)
Total Quadrupole moments (XX, YY, ZZ): -22.6667, -28.0077, -30.7684
Total Quadrupole moments (XY, XZ, YZ): 0.3770, -0.1402, -1.4658
Octupole moments (Debye-Angs**2)
Total Octupole moments (XXX, YYY, ZZZ, XYY): 0.5820, 24.0150, 89.7818, 0.6000
Total Octupole moments (XXY, XXZ, XZZ, YZZ): 7.1180, 26.5127, 1.2738, 8.5013
Total Octupole moments (YYZ, XYZ): 32.7058, 0.0482
Hexadecapole moments (Debye-Angs**3)
Total Hexadecapole moments (XXXX, YYYY, ZZZZ, XXXY): -22.9241, -120.8237, -271.4196, 0.2203
Total Hexadecapole moments (XXXZ, YYYX, YYYZ, ZZZX): -0.4091, 0.6888, -38.6915, -2.5744
Total Hexadecapole moments (ZZZY, XXYY, XXZZ, YYZZ): -38.2855, -23.0836, -47.1410, -67.5909
Total Hexadecapole moments (XXYZ, YYXZ, ZZXY): -12.5707, -0.4691, -0.0465
