#INFO: **** input file is /home/jluis/src/git/db/diatomic-wfn/scan0/run_sp.py ****
#!/usr/bin/env python

import numpy, sys, os
from pyscf import lib, gto, scf, dft
from pyscf.tools import molden
from pyscf.data import radii

def read_molecule(path):

    charge = spin = 0
    with open(path, 'r') as myfile:
        output = myfile.read()
        output = output.lstrip()
        output = output.rstrip()
        output = output.split('\n')

    try:
        int(output[0])
    except ValueError:
        try:
            charge = int(output[0].split(' ')[0])
            spin = int(output[0].split(' ')[1]) - 1
        except ValueError:
            molecule = output
        else:
            molecule = '\n'.join(output[1:])
    else:
        if int(output[0]) == len(output) - 2:
            molecule = '\n'.join(output[2:])
            try:
                charge = int(output[1].split(' ')[0])
                spin = int(output[1].split(' ')[1])-1
            except ValueError:
                pass
        else:
            print "THIS IS NOT A VALID XYZ FILE"

    return (molecule, charge, spin)

directory = '../../diatomic/'
files = [i for i in os.listdir(directory) if i.endswith('.xyz')]

for filename in files:

    name = filename[:-8]
    mol = gto.Mole()
    (mol.atom, charge, spin) = read_molecule(directory+filename)
    mol.basis = 'aug-cc-pvtz'
    mol.charge = charge
    mol.spin = spin
    mol.output = name+'.out'
    mol.symmetry = 0
    mol.verbose = 4
    mol.build()

    mf = dft.RKS(mol) 
    mf.xc = 'scan0'
    mf.grids.level = 4
    mf.max_cycle = 120
    mf.chkfile = name+'.chk'
    mf = scf.addons.remove_linear_dep_(mf)
    #mf = mf.newton()
    mf.kernel()
    #
    #stable_cyc = 3
    #for i in range(stable_cyc):
    #    new_mo_coeff = mf.stability(internal=True, external=False)[0]
    #    if numpy.linalg.norm(numpy.array(new_mo_coeff) - numpy.array(mf.mo_coeff)) < 10**-8:
    #        lib.logger.info(mf,"* The molecule is stable")
    #        break
    #    else:
    #        lib.logger.info(mf,"* The molecule is unstable")
    #        n_alpha = numpy.count_nonzero(mf.mo_occ)
    #        P_alpha = 2.0*numpy.dot(new_mo_coeff[:, :n_alpha], new_mo_coeff.T[:n_alpha])
    #        mf.kernel(dm0=(P_alpha))
    #        lib.logger.info(mf,"* Updated SCF energy and orbitals: %.6f" % mf.e_tot)
    #
    dm = mf.make_rdm1()
    nao = mol.nao_nr()
    unit = 2.541746
    origin = ([0.0,0.0,0.0])
    charges = mol.atom_charges()
    coords  = mol.atom_coords()
    mol.set_common_orig(origin)
    r2 = mol.intor_symmetric('int1e_r2')
    r2 = numpy.einsum('ij,ji->', r2, dm)
    lib.logger.info(mf,'Electronic spatial extent <R**2> (au): %.4f', r2)

    lib.logger.info(mf,'* Multipoles in the independent field-basis, Gauge -> (0,0,0)')
    ao_dip = mol.intor_symmetric('int1e_r', comp=3)
    el_dip = numpy.einsum('xij,ji->x', ao_dip, dm)
    lib.logger.info(mf,'Electronic Dipole moment(X, Y, Z, Debye): %.4f, %.4f, %.4f', *el_dip*unit)
    nucl_dip = numpy.einsum('i,ix->x', charges, coords)
    lib.logger.info(mf,'Nuclear Dipole moment(X, Y, Z, Debye): %.4f, %.4f, %.4f', *nucl_dip*unit)
    mol_dip = (nucl_dip - el_dip) * unit
    lib.logger.info(mf,'Total Dipole moment(X, Y, Z, Debye): %.4f, %.4f, %.4f', *mol_dip)

    lib.logger.info(mf,'Quadrupole moments (Debye-Angs)')
    rr = mol.intor_symmetric('int1e_rr', comp=9).reshape(3,3,nao,nao)
    rr = -1.0*numpy.einsum('xyij,ji->xy', rr, dm)
    rr += numpy.einsum('z,zx,zy->xy', charges, coords, coords)
    rr = rr*unit*lib.param.BOHR
    lib.logger.info(mf,'Total Quadrupole moments (XX, YY, ZZ): %.4f, %.4f, %.4f', \
    rr[0,0], rr[1,1], rr[2,2])
    lib.logger.info(mf,'Total Quadrupole moments (XY, XZ, YZ): %.4f, %.4f, %.4f', \
    rr[0,1], rr[0,2], rr[1,2])
 
    lib.logger.info(mf,'Octupole moments (Debye-Angs**2)')
    rrr = mol.intor_symmetric('int1e_rrr', comp=27).reshape(3,3,3,nao,nao)
    rrr = -1.0*numpy.einsum('xyzij,ji->xyz', rrr, dm)
    rrr += numpy.einsum('z,zx,zy,zk->xyk', charges, coords, coords, coords)
    rrr = rrr*unit*lib.param.BOHR**2
    lib.logger.info(mf,'Total Octupole moments (XXX, YYY, ZZZ, XYY): %.4f, %.4f, %.4f, %.4f', \
    rrr[0,0,0], rrr[1,1,1], rrr[2,2,2], rrr[0,1,1])
    lib.logger.info(mf,'Total Octupole moments (XXY, XXZ, XZZ, YZZ): %.4f, %.4f, %.4f, %.4f', \
    rrr[0,0,1], rrr[0,0,2], rrr[0,2,2], rrr[1,2,2])
    lib.logger.info(mf,'Total Octupole moments (YYZ, XYZ): %.4f, %.4f', rrr[1,1,2], rrr[0,1,2])

    lib.logger.info(mf,'Hexadecapole moments (Debye-Angs**3)')
    rrrr = mol.intor_symmetric('int1e_rrrr', comp=81).reshape(3,3,3,3,nao,nao)
    rrrr = -1.0*numpy.einsum('xyzwij,ji->xyzw', rrrr, dm)
    rrrr += numpy.einsum('z,zx,zy,zk,zw->xykw', charges, coords, coords, coords, coords)
    rrrr = rrrr*unit*lib.param.BOHR**3
    lib.logger.info(mf,'Total Hexadecapole moments (XXXX, YYYY, ZZZZ, XXXY): %.4f, %.4f, %.4f, %.4f', \
    rrrr[0,0,0,0], rrrr[1,1,1,1], rrrr[2,2,2,2], rrrr[0,0,0,1])
    lib.logger.info(mf,'Total Hexadecapole moments (XXXZ, YYYX, YYYZ, ZZZX): %.4f, %.4f, %.4f, %.4f', \
    rrrr[0,0,0,2], rrrr[1,1,1,0], rrrr[1,1,1,2], rrrr[2,2,2,0])
    lib.logger.info(mf,'Total Hexadecapole moments (ZZZY, XXYY, XXZZ, YYZZ): %.4f, %.4f, %.4f, %.4f', \
    rrrr[2,2,2,1], rrrr[0,0,1,1], rrrr[0,0,2,2], rrrr[1,1,2,2])
    lib.logger.info(mf,'Total Hexadecapole moments (XXYZ, YYXZ, ZZXY): %.4f, %.4f, %.4f', \
    rrrr[0,0,1,2], rrrr[1,1,0,2], rrrr[2,2,0,1])
     
    coeff = mf.mo_coeff[:,mf.mo_occ>0]
    occ = mf.mo_occ[mf.mo_occ>0]
    energy = mf.mo_energy[mf.mo_occ>0]
    den_file = name+'.mol'
    fspt = open(den_file,'w')
    molden.header(mol, fspt)
    molden.orbital_coeff(mol, fspt, coeff, ene=energy, occ=occ) 
    fspt.close()                    
    cmd = '/home/jluis/bin/molden2aim '+name
    os.system(cmd)
    den_file = name+'.wfn'
    fspt = open(den_file,'a')
    fspt.write('RHF\n')
    fspt.close()                    

    pmd_file = name+'.pmd'
    fspt = open(pmd_file,'w')
    fspt.write('%s.wfn\n' % (name))
    if (mol.symmetry == False):
        fspt.write('nosymmetry\n')
    fspt.write('tes\n')
    fspt.write('  epsiscp 0.220\n')
    fspt.write('  radialquad 7\n')
    fspt.write('  rmapping 2\n')
    fspt.write('  lmax 10\n')
    fspt.write('  nr 551\n')
    fspt.write('  lebedev 5810\n')
    fspt.write('  betasphere\n')
    for ia in range(mol.natm):
        symb = mol.atom_pure_symbol(ia)
        inuc = lib.parameters.NUC[symb]
        betarad = radii.COVALENT[inuc]/3.5
        fspt.write('  betaradw %d %1.3f\n' % ((ia+1),betarad))
    fspt.write('  radialquadbeta 7\n')
    fspt.write('  rmappingbeta 3\n')
    fspt.write('  lmaxbeta 8\n')
    fspt.write('  nrb 451\n')
    fspt.write('  lebedevbeta 3074\n')
    fspt.write('  dafh\n')
    fspt.write('endtes')
    fspt.close()                    

    cmd = 'rm '+name+'.mol'
    os.system(cmd)
#INFO: ******************** input file end ********************


System: ('Linux', 'silicio', '3.16.0-4-amd64', '#1 SMP Debian 3.16.51-3 (2017-12-13)', 'x86_64', '')  Threads 12
Python 2.7.14 (default, Apr  9 2018, 16:34:43) 
[GCC 7.3.0]
numpy 1.14.2  scipy 1.0.1
Date: Fri Jun 29 23:17:57 2018
PySCF version 1.5
PySCF path  /home/jluis/src/pyscf/pyscf
GIT ORIG_HEAD f2dbb26d09ae5148fbf5975669a994500ac7a4c9
GIT HEAD      ref: refs/heads/master
GIT master branch  f2dbb26d09ae5148fbf5975669a994500ac7a4c9

[ENV] PYSCF_TMPDIR /scratch-ssd/jluis
[CONFIG] conf_file None
[INPUT] verbose = 4
[INPUT] num. atoms = 2
[INPUT] num. electrons = 26
[INPUT] charge = -1
[INPUT] spin (= nelec alpha-beta = 2S) = 0
[INPUT] symmetry 0 subgroup None
[INPUT] Mole.unit = angstrom
[INPUT]  1 Cl    -0.209095000000   1.445874000000   0.399275000000 AA   -0.395132284016   2.732305870629   0.754520398386 Bohr
[INPUT]  2 O      1.284925000000   2.165026000000   0.441615000000 AA    2.428156340607   4.091306192563   0.834531402500 Bohr

nuclear repulsion = 43.3899726057855
number of shells = 26
number of NR pGTOs = 133
number of NR cGTOs = 96
basis = aug-cc-pvtz
ecp = {}
CPU time:       273.32


******** <class 'pyscf.dft.rks.RKS'> flags ********
method = RKS-RHF
initial guess = minao
damping factor = 0
level shift factor = 0
DIIS = <class 'pyscf.scf.diis.CDIIS'>
DIIS start cycle = 1
DIIS space = 8
SCF tol = 1e-09
SCF gradient tol = None
max. SCF cycles = 120
direct_scf = True
direct_scf_tol = 1e-13
chkfile to save SCF result = clo-.chk
max_memory 64000 MB (current use 109 MB)
XC functionals = scan0
small_rho_cutoff = 1e-07
radial grids: 
    Treutler-Ahlrichs (JCP 102, 346 (M4)) radial grids
    
becke partition: Becke, JCP, 88, 2547 (1988)
pruning grids: <function nwchem_prune at 0x2af83f16e5f0>
grids dens level: 4
symmetrized grids: 0
atomic radii adjust function: <function treutler_atomic_radii_adjust at 0x2af83f16e500>
Set gradient conv threshold to 3.16228e-05
tot grids = 57142
init E= -535.232226448857
  HOMO = -0.308755677544102  LUMO = -0.111462198577795
cycle= 1 E= -535.13103687926  delta_E= 0.101  |g|= 0.763  |ddm|= 1.11
  HOMO = 0.211536254158396  LUMO = 0.21736827169157
cycle= 2 E= -534.706736227796  delta_E= 0.424  |g|=  1.6  |ddm|= 1.73
  HOMO = 0.0221476288719515  LUMO = 0.204255498443912
cycle= 3 E= -535.261784416587  delta_E= -0.555  |g|= 0.0619  |ddm|= 1.23
  HOMO = 0.00482291920976053  LUMO = 0.200976102714153
cycle= 4 E= -535.262306274979  delta_E= -0.000522  |g|= 0.0311  |ddm|= 0.083
  HOMO = 0.00687590541727534  LUMO = 0.203024481513644
cycle= 5 E= -535.262522010019  delta_E= -0.000216  |g|= 0.00619  |ddm|= 0.0253
  HOMO = 0.00534960764937198  LUMO = 0.202570545719107
cycle= 6 E= -535.262530675744  delta_E= -8.67e-06  |g|= 0.00138  |ddm|= 0.00649
  HOMO = 0.0052507369100414  LUMO = 0.20257558198847
cycle= 7 E= -535.262531266276  delta_E= -5.91e-07  |g|= 0.000258  |ddm|= 0.00179
  HOMO = 0.00522494948935662  LUMO = 0.202579354251813
cycle= 8 E= -535.262531296846  delta_E= -3.06e-08  |g|= 7.83e-05  |ddm|= 0.000459
  HOMO = 0.00524477624504003  LUMO = 0.202586053531883
cycle= 9 E= -535.26253129955  delta_E= -2.7e-09  |g|= 9.39e-06  |ddm|= 0.000143
  HOMO = 0.00524379110550122  LUMO = 0.202585727476302
cycle= 10 E= -535.262531299581  delta_E= -3.15e-11  |g|= 1.22e-06  |ddm|= 1.59e-05
  HOMO = 0.00524358876001796  LUMO = 0.202585641378342
Extra cycle  E= -535.262531299582  delta_E= -4.55e-13  |g|= 1.38e-06  |ddm|= 2.05e-06
converged SCF energy = -535.262531299582
Electronic spatial extent <R**2> (au): 391.7709
* Multipoles in the independent field-basis, Gauge -> (0,0,0)
Electronic Dipole moment(X, Y, Z, Debye): 35.6219, 210.2815, 51.6125
Nuclear Dipole moment(X, Y, Z, Debye): 32.3005, 201.2546, 49.5719
Total Dipole moment(X, Y, Z, Debye): -3.3214, -9.0270, -2.0405
Quadrupole moments (Debye-Angs)
Total Quadrupole moments (XX, YY, ZZ): -26.8213, -39.2739, -22.5099
Total Quadrupole moments (XY, XZ, YZ): -7.6298, -1.4927, -3.8740
Octupole moments (Debye-Angs**2)
Total Octupole moments (XXX, YYY, ZZZ, XYY): -24.4362, -144.0074, -27.1434, -22.9857
Total Octupole moments (XXY, XXZ, XZZ, YZZ): -47.9734, -11.2506, -6.1430, -37.7687
Total Octupole moments (YYZ, XYZ): -16.5648, -3.4279
Hexadecapole moments (Debye-Angs**3)
Total Hexadecapole moments (XXXX, YYYY, ZZZZ, XXXY): -107.1116, -480.5937, -50.9419, -56.0802
Total Hexadecapole moments (XXXZ, YYYX, YYYZ, ZZZX): -10.9790, -83.3875, -60.7129, -8.0998
Total Hexadecapole moments (ZZZY, XXYY, XXZZ, YYZZ): -45.8759, -109.8253, -27.7601, -79.5848
Total Hexadecapole moments (XXYZ, YYXZ, ZZXY): -20.1806, -10.3685, -16.4899
