#INFO: **** input file is /home/jluis/src/git/db/aromatic-wfn/scan/run_sp.py ****
#!/usr/bin/env python

import numpy, sys, os
from pyscf import lib, gto, scf, dft
from pyscf.tools import molden
from pyscf.data import radii

def read_molecule(path):

    charge = spin = 0
    with open(path, 'r') as myfile:
        output = myfile.read()
        output = output.lstrip()
        output = output.rstrip()
        output = output.split('\n')

    try:
        int(output[0])
    except ValueError:
        try:
            charge = int(output[0].split(' ')[0])
            spin = int(output[0].split(' ')[1]) - 1
        except ValueError:
            molecule = output
        else:
            molecule = '\n'.join(output[1:])
    else:
        if int(output[0]) == len(output) - 2:
            molecule = '\n'.join(output[2:])
            try:
                charge = int(output[1].split(' ')[0])
                spin = int(output[1].split(' ')[1])-1
            except ValueError:
                pass
        else:
            print "THIS IS NOT A VALID XYZ FILE"

    return (molecule, charge, spin)

directory = '../../aromatic/'
files = [i for i in os.listdir(directory) if i.endswith('.xyz')]

for filename in files:

    name = filename[:-8]
    mol = gto.Mole()
    (mol.atom, charge, spin) = read_molecule(directory+filename)
    mol.basis = 'aug-cc-pvtz'
    mol.charge = charge
    mol.spin = spin
    mol.output = name+'.out'
    mol.symmetry = 0
    mol.verbose = 4
    mol.build()

    mf = dft.RKS(mol) 
    mf.grids.level = 4
    mf.xc = 'scan'
    mf.max_cycle = 120
    mf.chkfile = name+'.chk'
    mf = scf.addons.remove_linear_dep_(mf)
    mf.kernel()

    dm = mf.make_rdm1()
    nao = mol.nao_nr()
    unit = 2.541746
    origin = ([0.0,0.0,0.0])
    charges = mol.atom_charges()
    coords  = mol.atom_coords()
    mol.set_common_orig(origin)
    r2 = mol.intor_symmetric('int1e_r2')
    r2 = numpy.einsum('ij,ji->', r2, dm)
    lib.logger.info(mf,'Electronic spatial extent <R**2> (au): %.4f', r2)

    lib.logger.info(mf,'* Multipoles in the independent field-basis, Gauge -> (0,0,0)')
    ao_dip = mol.intor_symmetric('int1e_r', comp=3)
    el_dip = numpy.einsum('xij,ji->x', ao_dip, dm)
    lib.logger.info(mf,'Electronic Dipole moment(X, Y, Z, Debye): %.4f, %.4f, %.4f', *el_dip*unit)
    nucl_dip = numpy.einsum('i,ix->x', charges, coords)
    lib.logger.info(mf,'Nuclear Dipole moment(X, Y, Z, Debye): %.4f, %.4f, %.4f', *nucl_dip*unit)
    mol_dip = (nucl_dip - el_dip) * unit
    lib.logger.info(mf,'Total Dipole moment(X, Y, Z, Debye): %.4f, %.4f, %.4f', *mol_dip)

    lib.logger.info(mf,'Quadrupole moments (Debye-Angs)')
    rr = mol.intor_symmetric('int1e_rr', comp=9).reshape(3,3,nao,nao)
    rr = -1.0*numpy.einsum('xyij,ji->xy', rr, dm)
    rr += numpy.einsum('z,zx,zy->xy', charges, coords, coords)
    rr = rr*unit*lib.param.BOHR
    lib.logger.info(mf,'Total Quadrupole moments (XX, YY, ZZ): %.4f, %.4f, %.4f', \
    rr[0,0], rr[1,1], rr[2,2])
    lib.logger.info(mf,'Total Quadrupole moments (XY, XZ, YZ): %.4f, %.4f, %.4f', \
    rr[0,1], rr[0,2], rr[1,2])
 
    lib.logger.info(mf,'Octupole moments (Debye-Angs**2)')
    rrr = mol.intor_symmetric('int1e_rrr', comp=27).reshape(3,3,3,nao,nao)
    rrr = -1.0*numpy.einsum('xyzij,ji->xyz', rrr, dm)
    rrr += numpy.einsum('z,zx,zy,zk->xyk', charges, coords, coords, coords)
    rrr = rrr*unit*lib.param.BOHR**2
    lib.logger.info(mf,'Total Octupole moments (XXX, YYY, ZZZ, XYY): %.4f, %.4f, %.4f, %.4f', \
    rrr[0,0,0], rrr[1,1,1], rrr[2,2,2], rrr[0,1,1])
    lib.logger.info(mf,'Total Octupole moments (XXY, XXZ, XZZ, YZZ): %.4f, %.4f, %.4f, %.4f', \
    rrr[0,0,1], rrr[0,0,2], rrr[0,2,2], rrr[1,2,2])
    lib.logger.info(mf,'Total Octupole moments (YYZ, XYZ): %.4f, %.4f', rrr[1,1,2], rrr[0,1,2])

    lib.logger.info(mf,'Hexadecapole moments (Debye-Angs**3)')
    rrrr = mol.intor_symmetric('int1e_rrrr', comp=81).reshape(3,3,3,3,nao,nao)
    rrrr = -1.0*numpy.einsum('xyzwij,ji->xyzw', rrrr, dm)
    rrrr += numpy.einsum('z,zx,zy,zk,zw->xykw', charges, coords, coords, coords, coords)
    rrrr = rrrr*unit*lib.param.BOHR**3
    lib.logger.info(mf,'Total Hexadecapole moments (XXXX, YYYY, ZZZZ, XXXY): %.4f, %.4f, %.4f, %.4f', \
    rrrr[0,0,0,0], rrrr[1,1,1,1], rrrr[2,2,2,2], rrrr[0,0,0,1])
    lib.logger.info(mf,'Total Hexadecapole moments (XXXZ, YYYX, YYYZ, ZZZX): %.4f, %.4f, %.4f, %.4f', \
    rrrr[0,0,0,2], rrrr[1,1,1,0], rrrr[1,1,1,2], rrrr[2,2,2,0])
    lib.logger.info(mf,'Total Hexadecapole moments (ZZZY, XXYY, XXZZ, YYZZ): %.4f, %.4f, %.4f, %.4f', \
    rrrr[2,2,2,1], rrrr[0,0,1,1], rrrr[0,0,2,2], rrrr[1,1,2,2])
    lib.logger.info(mf,'Total Hexadecapole moments (XXYZ, YYXZ, ZZXY): %.4f, %.4f, %.4f', \
    rrrr[0,0,1,2], rrrr[1,1,0,2], rrrr[2,2,0,1])
     
    coeff = mf.mo_coeff[:,mf.mo_occ>0]
    occ = mf.mo_occ[mf.mo_occ>0]
    energy = mf.mo_energy[mf.mo_occ>0]
    den_file = name+'.mol'
    fspt = open(den_file,'w')
    molden.header(mol, fspt)
    molden.orbital_coeff(mol, fspt, coeff, ene=energy, occ=occ) 
    fspt.close()                    
    cmd = '/home/jluis/bin/molden2aim '+name
    os.system(cmd)
    den_file = name+'.wfn'
    fspt = open(den_file,'a')
    fspt.write('RHF\n')
    fspt.close()                    

    pmd_file = name+'.pmd'
    fspt = open(pmd_file,'w')
    fspt.write('%s.wfn\n' % (name))
    if (mol.symmetry == False):
        fspt.write('nosymmetry\n')
    fspt.write('tes\n')
    fspt.write('  epsiscp 0.220\n')
    fspt.write('  radialquad 7\n')
    fspt.write('  rmapping 2\n')
    fspt.write('  lmax 10\n')
    fspt.write('  nr 551\n')
    fspt.write('  lebedev 5810\n')
    fspt.write('  betasphere\n')
    for ia in range(mol.natm):
        symb = mol.atom_pure_symbol(ia)
        inuc = lib.parameters.NUC[symb]
        betarad = radii.COVALENT[inuc]/3.5
        fspt.write('  betaradw %d %1.3f\n' % ((ia+1),betarad))
    fspt.write('  radialquadbeta 7\n')
    fspt.write('  rmappingbeta 3\n')
    fspt.write('  lmaxbeta 8\n')
    fspt.write('  nrb 451\n')
    fspt.write('  lebedevbeta 3074\n')
    fspt.write('  dafh\n')
    fspt.write('endtes')
    fspt.close()                    

    cmd = 'rm '+name+'.mol'
    os.system(cmd)

#INFO: ******************** input file end ********************


System: ('Linux', 'silicio', '3.16.0-4-amd64', '#1 SMP Debian 3.16.51-3 (2017-12-13)', 'x86_64', '')  Threads 12
Python 2.7.14 (default, Apr  9 2018, 16:34:43) 
[GCC 7.3.0]
numpy 1.14.2  scipy 1.0.1
Date: Mon Jul  2 19:28:27 2018
PySCF version 1.5
PySCF path  /home/jluis/src/pyscf/pyscf
GIT ORIG_HEAD f2dbb26d09ae5148fbf5975669a994500ac7a4c9
GIT HEAD      ref: refs/heads/master
GIT master branch  f2dbb26d09ae5148fbf5975669a994500ac7a4c9

[ENV] PYSCF_TMPDIR /scratch-ssd/jluis
[CONFIG] conf_file None
[INPUT] verbose = 4
[INPUT] num. atoms = 13
[INPUT] num. electrons = 50
[INPUT] charge = 0
[INPUT] spin (= nelec alpha-beta = 2S) = 0
[INPUT] symmetry 0 subgroup None
[INPUT] Mole.unit = angstrom
[INPUT]  1 C     -0.000973000000   0.940516000000   0.000000000000 AA   -0.001838703519   1.777317655771   0.000000000000 Bohr
[INPUT]  2 C     -1.205113000000   0.232709000000   0.000000000000 AA   -2.277333519153   0.439756276721   0.000000000000 Bohr
[INPUT]  3 C     -1.187111000000  -1.161513000000   0.000000000000 AA   -2.243314669459  -2.194941460122   0.000000000000 Bohr
[INPUT]  4 C      0.021812000000  -1.854577000000   0.000000000000 AA    0.041218706229  -3.504642606917   0.000000000000 Bohr
[INPUT]  5 C      1.219175000000  -1.136751000000   0.000000000000 AA    2.303906847917  -2.148148061825   0.000000000000 Bohr
[INPUT]  6 C      1.215587000000   0.254886000000   0.000000000000 AA    2.297126510582   0.481664732986   0.000000000000 Bohr
[INPUT]  7 O      0.049377000000   2.302767000000   0.000000000000 AA    0.093309006853   4.351598958686   0.000000000000 Bohr
[INPUT]  8 H     -0.846109000000   2.654493000000   0.000000000000 AA   -1.598914281530   5.016264769575   0.000000000000 Bohr
[INPUT]  9 H     -2.155687000000   0.771261000000   0.000000000000 AA   -4.073658040285   1.457472060558   0.000000000000 Bohr
[INPUT] 10 H     -2.131295000000  -1.707756000000   0.000000000000 AA   -4.027563840655  -3.227191127583   0.000000000000 Bohr
[INPUT] 11 H      0.031914000000  -2.944294000000   0.000000000000 AA    0.060308719539  -5.563909290200   0.000000000000 Bohr
[INPUT] 12 H      2.172277000000  -1.667400000000   0.000000000000 AA    4.105008596692  -3.150929340100   0.000000000000 Bohr
[INPUT] 13 H      2.143314000000   0.826489000000   0.000000000000 AA    4.050276458946   1.561837854966   0.000000000000 Bohr

nuclear repulsion = 271.118411065143
number of shells = 145
number of NR pGTOs = 556
number of NR cGTOs = 460
basis = aug-cc-pvtz
ecp = {}
CPU time:      2468.59


******** <class 'pyscf.dft.rks.RKS'> flags ********
method = RKS-RHF
initial guess = minao
damping factor = 0
level shift factor = 0
DIIS = <class 'pyscf.scf.diis.CDIIS'>
DIIS start cycle = 1
DIIS space = 8
SCF tol = 1e-09
SCF gradient tol = None
max. SCF cycles = 120
direct_scf = True
direct_scf_tol = 1e-13
chkfile to save SCF result = phenol.chk
max_memory 64000 MB (current use 176 MB)
XC functionals = scan
small_rho_cutoff = 1e-07
radial grids: 
    Treutler-Ahlrichs (JCP 102, 346 (M4)) radial grids
    
becke partition: Becke, JCP, 88, 2547 (1988)
pruning grids: <function nwchem_prune at 0x2b1990bce5f0>
grids dens level: 4
symmetrized grids: 0
atomic radii adjust function: <function treutler_atomic_radii_adjust at 0x2b1990bce500>
Set gradient conv threshold to 3.16228e-05
tot grids = 293988
init E= -308.29237288069
  HOMO = -0.330659583328305  LUMO = -0.154531088888027
cycle= 1 E= -307.034295258306  delta_E= 1.26  |g|= 0.922  |ddm|= 8.97
  HOMO = -0.0847403031999891  LUMO = 0.0195155928313171
cycle= 2 E= -306.900073241234  delta_E= 0.134  |g|= 1.18  |ddm|= 5.12
  HOMO = -0.203703956818533  LUMO = -0.0282361986480403
cycle= 3 E= -307.226280058709  delta_E= -0.326  |g|= 0.114  |ddm|= 2.75
  HOMO = -0.207685605900251  LUMO = -0.0342175989927146
cycle= 4 E= -307.227299436642  delta_E= -0.00102  |g|= 0.0887  |ddm|= 0.333
  HOMO = -0.206357302869462  LUMO = -0.0330010980428834
cycle= 5 E= -307.229485355549  delta_E= -0.00219  |g|= 0.0132  |ddm|= 0.156
  HOMO = -0.206798807221997  LUMO = -0.0325442114948784
cycle= 6 E= -307.229509004389  delta_E= -2.36e-05  |g|= 0.00964  |ddm|= 0.107
  HOMO = -0.206631404847077  LUMO = -0.0328122450643991
cycle= 7 E= -307.229529627078  delta_E= -2.06e-05  |g|= 0.00181  |ddm|= 0.0232
  HOMO = -0.20677266494285  LUMO = -0.0328773262581738
cycle= 8 E= -307.229530022541  delta_E= -3.95e-07  |g|= 0.000989  |ddm|= 0.0133
  HOMO = -0.206785606906066  LUMO = -0.032910464886883
cycle= 9 E= -307.22953022999  delta_E= -2.07e-07  |g|= 0.000282  |ddm|= 0.00314
  HOMO = -0.206796249694899  LUMO = -0.0329136994328613
cycle= 10 E= -307.229530247906  delta_E= -1.79e-08  |g|= 0.000162  |ddm|= 0.00172
  HOMO = -0.206796323986682  LUMO = -0.0329101927914569
cycle= 11 E= -307.229530254128  delta_E= -6.22e-09  |g|= 3.97e-05  |ddm|= 0.000737
  HOMO = -0.206794776684883  LUMO = -0.0329094617908896
cycle= 12 E= -307.229530254489  delta_E= -3.61e-10  |g|= 9.31e-06  |ddm|= 0.000528
  HOMO = -0.206796589256807  LUMO = -0.0329106952434656
Extra cycle  E= -307.229530254489  delta_E= -1.14e-13  |g|= 1.06e-05  |ddm|= 0.000216
converged SCF energy = -307.229530254489
Electronic spatial extent <R**2> (au): 665.1582
* Multipoles in the independent field-basis, Gauge -> (0,0,0)
Electronic Dipole moment(X, Y, Z, Debye): 1.2057, -0.0546, -0.0000
Nuclear Dipole moment(X, Y, Z, Debye): -0.0495, 0.0315, 0.0000
Total Dipole moment(X, Y, Z, Debye): -1.2552, 0.0861, 0.0000
Quadrupole moments (Debye-Angs)
Total Quadrupole moments (XX, YY, ZZ): -35.3683, -37.3576, -44.7130
Total Quadrupole moments (XY, XZ, YZ): -4.1407, 0.0000, -0.0000
Octupole moments (Debye-Angs**2)
Total Octupole moments (XXX, YYY, ZZZ, XYY): -0.5685, 8.6766, 0.0000, -12.1161
Total Octupole moments (XXY, XXZ, XZZ, YZZ): 5.5652, 0.0000, -0.0335, 5.7415
Total Octupole moments (YYZ, XYZ): 0.0000, -0.0000
Hexadecapole moments (Debye-Angs**3)
Total Hexadecapole moments (XXXX, YYYY, ZZZZ, XXXY): -274.7591, -482.3927, -49.3212, -0.6321
Total Hexadecapole moments (XXXZ, YYYX, YYYZ, ZZZX): -0.0000, -32.5702, -0.0000, 0.0000
Total Hexadecapole moments (ZZZY, XXYY, XXZZ, YYZZ): -0.0000, -117.7742, -65.2108, -103.8992
Total Hexadecapole moments (XXYZ, YYXZ, ZZXY): -0.0000, 0.0000, 0.5984
