#INFO: **** input file is /home/jluis/src/git/db/aromatic-wfn/scan/run_sp.py ****
#!/usr/bin/env python

import numpy, sys, os
from pyscf import lib, gto, scf, dft
from pyscf.tools import molden
from pyscf.data import radii

def read_molecule(path):

    charge = spin = 0
    with open(path, 'r') as myfile:
        output = myfile.read()
        output = output.lstrip()
        output = output.rstrip()
        output = output.split('\n')

    try:
        int(output[0])
    except ValueError:
        try:
            charge = int(output[0].split(' ')[0])
            spin = int(output[0].split(' ')[1]) - 1
        except ValueError:
            molecule = output
        else:
            molecule = '\n'.join(output[1:])
    else:
        if int(output[0]) == len(output) - 2:
            molecule = '\n'.join(output[2:])
            try:
                charge = int(output[1].split(' ')[0])
                spin = int(output[1].split(' ')[1])-1
            except ValueError:
                pass
        else:
            print "THIS IS NOT A VALID XYZ FILE"

    return (molecule, charge, spin)

directory = '../../aromatic/'
files = [i for i in os.listdir(directory) if i.endswith('.xyz')]

for filename in files:

    name = filename[:-8]
    mol = gto.Mole()
    (mol.atom, charge, spin) = read_molecule(directory+filename)
    mol.basis = 'aug-cc-pvtz'
    mol.charge = charge
    mol.spin = spin
    mol.output = name+'.out'
    mol.symmetry = 0
    mol.verbose = 4
    mol.build()

    mf = dft.RKS(mol) 
    mf.grids.level = 4
    mf.xc = 'scan'
    mf.max_cycle = 120
    mf.chkfile = name+'.chk'
    mf = scf.addons.remove_linear_dep_(mf)
    mf.kernel()

    dm = mf.make_rdm1()
    nao = mol.nao_nr()
    unit = 2.541746
    origin = ([0.0,0.0,0.0])
    charges = mol.atom_charges()
    coords  = mol.atom_coords()
    mol.set_common_orig(origin)
    r2 = mol.intor_symmetric('int1e_r2')
    r2 = numpy.einsum('ij,ji->', r2, dm)
    lib.logger.info(mf,'Electronic spatial extent <R**2> (au): %.4f', r2)

    lib.logger.info(mf,'* Multipoles in the independent field-basis, Gauge -> (0,0,0)')
    ao_dip = mol.intor_symmetric('int1e_r', comp=3)
    el_dip = numpy.einsum('xij,ji->x', ao_dip, dm)
    lib.logger.info(mf,'Electronic Dipole moment(X, Y, Z, Debye): %.4f, %.4f, %.4f', *el_dip*unit)
    nucl_dip = numpy.einsum('i,ix->x', charges, coords)
    lib.logger.info(mf,'Nuclear Dipole moment(X, Y, Z, Debye): %.4f, %.4f, %.4f', *nucl_dip*unit)
    mol_dip = (nucl_dip - el_dip) * unit
    lib.logger.info(mf,'Total Dipole moment(X, Y, Z, Debye): %.4f, %.4f, %.4f', *mol_dip)

    lib.logger.info(mf,'Quadrupole moments (Debye-Angs)')
    rr = mol.intor_symmetric('int1e_rr', comp=9).reshape(3,3,nao,nao)
    rr = -1.0*numpy.einsum('xyij,ji->xy', rr, dm)
    rr += numpy.einsum('z,zx,zy->xy', charges, coords, coords)
    rr = rr*unit*lib.param.BOHR
    lib.logger.info(mf,'Total Quadrupole moments (XX, YY, ZZ): %.4f, %.4f, %.4f', \
    rr[0,0], rr[1,1], rr[2,2])
    lib.logger.info(mf,'Total Quadrupole moments (XY, XZ, YZ): %.4f, %.4f, %.4f', \
    rr[0,1], rr[0,2], rr[1,2])
 
    lib.logger.info(mf,'Octupole moments (Debye-Angs**2)')
    rrr = mol.intor_symmetric('int1e_rrr', comp=27).reshape(3,3,3,nao,nao)
    rrr = -1.0*numpy.einsum('xyzij,ji->xyz', rrr, dm)
    rrr += numpy.einsum('z,zx,zy,zk->xyk', charges, coords, coords, coords)
    rrr = rrr*unit*lib.param.BOHR**2
    lib.logger.info(mf,'Total Octupole moments (XXX, YYY, ZZZ, XYY): %.4f, %.4f, %.4f, %.4f', \
    rrr[0,0,0], rrr[1,1,1], rrr[2,2,2], rrr[0,1,1])
    lib.logger.info(mf,'Total Octupole moments (XXY, XXZ, XZZ, YZZ): %.4f, %.4f, %.4f, %.4f', \
    rrr[0,0,1], rrr[0,0,2], rrr[0,2,2], rrr[1,2,2])
    lib.logger.info(mf,'Total Octupole moments (YYZ, XYZ): %.4f, %.4f', rrr[1,1,2], rrr[0,1,2])

    lib.logger.info(mf,'Hexadecapole moments (Debye-Angs**3)')
    rrrr = mol.intor_symmetric('int1e_rrrr', comp=81).reshape(3,3,3,3,nao,nao)
    rrrr = -1.0*numpy.einsum('xyzwij,ji->xyzw', rrrr, dm)
    rrrr += numpy.einsum('z,zx,zy,zk,zw->xykw', charges, coords, coords, coords, coords)
    rrrr = rrrr*unit*lib.param.BOHR**3
    lib.logger.info(mf,'Total Hexadecapole moments (XXXX, YYYY, ZZZZ, XXXY): %.4f, %.4f, %.4f, %.4f', \
    rrrr[0,0,0,0], rrrr[1,1,1,1], rrrr[2,2,2,2], rrrr[0,0,0,1])
    lib.logger.info(mf,'Total Hexadecapole moments (XXXZ, YYYX, YYYZ, ZZZX): %.4f, %.4f, %.4f, %.4f', \
    rrrr[0,0,0,2], rrrr[1,1,1,0], rrrr[1,1,1,2], rrrr[2,2,2,0])
    lib.logger.info(mf,'Total Hexadecapole moments (ZZZY, XXYY, XXZZ, YYZZ): %.4f, %.4f, %.4f, %.4f', \
    rrrr[2,2,2,1], rrrr[0,0,1,1], rrrr[0,0,2,2], rrrr[1,1,2,2])
    lib.logger.info(mf,'Total Hexadecapole moments (XXYZ, YYXZ, ZZXY): %.4f, %.4f, %.4f', \
    rrrr[0,0,1,2], rrrr[1,1,0,2], rrrr[2,2,0,1])
     
    coeff = mf.mo_coeff[:,mf.mo_occ>0]
    occ = mf.mo_occ[mf.mo_occ>0]
    energy = mf.mo_energy[mf.mo_occ>0]
    den_file = name+'.mol'
    fspt = open(den_file,'w')
    molden.header(mol, fspt)
    molden.orbital_coeff(mol, fspt, coeff, ene=energy, occ=occ) 
    fspt.close()                    
    cmd = '/home/jluis/bin/molden2aim '+name
    os.system(cmd)
    den_file = name+'.wfn'
    fspt = open(den_file,'a')
    fspt.write('RHF\n')
    fspt.close()                    

    pmd_file = name+'.pmd'
    fspt = open(pmd_file,'w')
    fspt.write('%s.wfn\n' % (name))
    if (mol.symmetry == False):
        fspt.write('nosymmetry\n')
    fspt.write('tes\n')
    fspt.write('  epsiscp 0.220\n')
    fspt.write('  radialquad 7\n')
    fspt.write('  rmapping 2\n')
    fspt.write('  lmax 10\n')
    fspt.write('  nr 551\n')
    fspt.write('  lebedev 5810\n')
    fspt.write('  betasphere\n')
    for ia in range(mol.natm):
        symb = mol.atom_pure_symbol(ia)
        inuc = lib.parameters.NUC[symb]
        betarad = radii.COVALENT[inuc]/3.5
        fspt.write('  betaradw %d %1.3f\n' % ((ia+1),betarad))
    fspt.write('  radialquadbeta 7\n')
    fspt.write('  rmappingbeta 3\n')
    fspt.write('  lmaxbeta 8\n')
    fspt.write('  nrb 451\n')
    fspt.write('  lebedevbeta 3074\n')
    fspt.write('  dafh\n')
    fspt.write('endtes')
    fspt.close()                    

    cmd = 'rm '+name+'.mol'
    os.system(cmd)

#INFO: ******************** input file end ********************


System: ('Linux', 'silicio', '3.16.0-4-amd64', '#1 SMP Debian 3.16.51-3 (2017-12-13)', 'x86_64', '')  Threads 12
Python 2.7.14 (default, Apr  9 2018, 16:34:43) 
[GCC 7.3.0]
numpy 1.14.2  scipy 1.0.1
Date: Mon Jul  2 20:22:38 2018
PySCF version 1.5
PySCF path  /home/jluis/src/pyscf/pyscf
GIT ORIG_HEAD f2dbb26d09ae5148fbf5975669a994500ac7a4c9
GIT HEAD      ref: refs/heads/master
GIT master branch  f2dbb26d09ae5148fbf5975669a994500ac7a4c9

[ENV] PYSCF_TMPDIR /scratch-ssd/jluis
[CONFIG] conf_file None
[INPUT] verbose = 4
[INPUT] num. atoms = 9
[INPUT] num. electrons = 36
[INPUT] charge = 0
[INPUT] spin (= nelec alpha-beta = 2S) = 0
[INPUT] symmetry 0 subgroup None
[INPUT] Mole.unit = angstrom
[INPUT]  1 N      0.319455000000   1.023774000000   0.000000000000 AA    0.603682459123   1.934652473450   0.000000000000 Bohr
[INPUT]  2 C     -0.979112000000   0.642803000000   0.000000000000 AA   -1.850253525275   1.214721622049   0.000000000000 Bohr
[INPUT]  3 C     -0.971732000000  -0.738717000000   0.000000000000 AA   -1.836307346476  -1.395972813560   0.000000000000 Bohr
[INPUT]  4 C      0.398533000000  -1.081289000000   0.000000000000 AA    0.753118221601  -2.043340071505   0.000000000000 Bohr
[INPUT]  5 N      1.176797000000  -0.002584000000   0.000000000000 AA    2.223824034210  -0.004883052306   0.000000000000 Bohr
[INPUT]  6 H      0.683958000000   1.963445000000   0.000000000000 AA    1.292493300705   3.710373310647   0.000000000000 Bohr
[INPUT]  7 H     -1.789142000000   1.364595000000   0.000000000000 AA   -3.380988377957   2.578710820951   0.000000000000 Bohr
[INPUT]  8 H     -1.831009000000  -1.400217000000   0.000000000000 AA   -3.460105541614  -2.646026644960   0.000000000000 Bohr
[INPUT]  9 H      0.851202000000  -2.068780000000   0.000000000000 AA    1.608538656682  -3.909427611978   0.000000000000 Bohr

nuclear repulsion = 163.277077519528
number of shells = 101
number of NR pGTOs = 390
number of NR cGTOs = 322
basis = aug-cc-pvtz
ecp = {}
CPU time:     26321.41


******** <class 'pyscf.dft.rks.RKS'> flags ********
method = RKS-RHF
initial guess = minao
damping factor = 0
level shift factor = 0
DIIS = <class 'pyscf.scf.diis.CDIIS'>
DIIS start cycle = 1
DIIS space = 8
SCF tol = 1e-09
SCF gradient tol = None
max. SCF cycles = 120
direct_scf = True
direct_scf_tol = 1e-13
chkfile to save SCF result = pyrazole.chk
max_memory 64000 MB (current use 224 MB)
XC functionals = scan
small_rho_cutoff = 1e-07
radial grids: 
    Treutler-Ahlrichs (JCP 102, 346 (M4)) radial grids
    
becke partition: Becke, JCP, 88, 2547 (1988)
pruning grids: <function nwchem_prune at 0x2b1990bce5f0>
grids dens level: 4
symmetrized grids: 0
atomic radii adjust function: <function treutler_atomic_radii_adjust at 0x2b1990bce500>
Set gradient conv threshold to 3.16228e-05
tot grids = 205476
init E= -226.853144956143
  HOMO = -0.320571869003945  LUMO = -0.0842286131116981
cycle= 1 E= -225.889716229136  delta_E= 0.963  |g|= 0.76  |ddm|= 4.34
  HOMO = -0.119669997880068  LUMO = 0.00742247065569371
cycle= 2 E= -225.592645587465  delta_E= 0.297  |g|= 1.28  |ddm|= 2.19
  HOMO = -0.202428017027921  LUMO = 0.0171391311832706
cycle= 3 E= -226.012350961379  delta_E= -0.42  |g|= 0.265  |ddm|= 1.13
  HOMO = -0.234384764368731  LUMO = -0.0155786933414007
cycle= 4 E= -226.027311757392  delta_E= -0.015  |g|= 0.0901  |ddm|= 0.416
  HOMO = -0.23015026312754  LUMO = -0.0117046899023168
cycle= 5 E= -226.02895498763  delta_E= -0.00164  |g|= 0.0298  |ddm|= 0.102
  HOMO = -0.230329432846662  LUMO = -0.0113174344655022
cycle= 6 E= -226.029088538122  delta_E= -0.000134  |g|= 0.0172  |ddm|= 0.0509
  HOMO = -0.230276785297961  LUMO = -0.0112352653063031
cycle= 7 E= -226.02915823659  delta_E= -6.97e-05  |g|= 0.00166  |ddm|= 0.0157
  HOMO = -0.230330665753632  LUMO = -0.0113617131652506
cycle= 8 E= -226.029158551788  delta_E= -3.15e-07  |g|= 0.00125  |ddm|= 0.0123
  HOMO = -0.230372196580097  LUMO = -0.0113740365198869
cycle= 9 E= -226.029158932236  delta_E= -3.8e-07  |g|= 0.000107  |ddm|= 0.00638
  HOMO = -0.230370473290771  LUMO = -0.0113731136420649
cycle= 10 E= -226.029158935276  delta_E= -3.04e-09  |g|= 3.29e-05  |ddm|= 0.00283
  HOMO = -0.23037185553251  LUMO = -0.0113731288297686
cycle= 11 E= -226.02915893549  delta_E= -2.14e-10  |g|= 2.02e-05  |ddm|= 0.000789
  HOMO = -0.230371289306055  LUMO = -0.0113739132702593
Extra cycle  E= -226.029158935353  delta_E= 1.37e-10  |g|= 3.42e-05  |ddm|= 0.00036
converged SCF energy = -226.029158935353
Electronic spatial extent <R**2> (au): 285.7446
* Multipoles in the independent field-basis, Gauge -> (0,0,0)
Electronic Dipole moment(X, Y, Z, Debye): -2.7055, -1.7340, -0.0000
Nuclear Dipole moment(X, Y, Z, Debye): -4.4434, -0.2682, 0.0000
Total Dipole moment(X, Y, Z, Debye): -1.7379, 1.4658, 0.0000
Quadrupole moments (Debye-Angs)
Total Quadrupole moments (XX, YY, ZZ): -30.4944, -21.3894, -31.8302
Total Quadrupole moments (XY, XZ, YZ): 0.2319, -0.0000, 0.0000
Octupole moments (Debye-Angs**2)
Total Octupole moments (XXX, YYY, ZZZ, XYY): -7.8588, 10.1819, 0.0000, 4.1542
Total Octupole moments (XXY, XXZ, XZZ, YZZ): 1.9133, -0.0000, 2.3972, 1.8362
Total Octupole moments (YYZ, XYZ): 0.0000, -0.0000
Hexadecapole moments (Debye-Angs**3)
Total Hexadecapole moments (XXXX, YYYY, ZZZZ, XXXY): -184.4340, -138.6969, -34.3832, 0.3787
Total Hexadecapole moments (XXXZ, YYYX, YYYZ, ZZZX): -0.0000, 4.3103, 0.0000, -0.0000
Total Hexadecapole moments (ZZZY, XXYY, XXZZ, YYZZ): 0.0000, -46.0533, -39.2612, -37.7534
Total Hexadecapole moments (XXYZ, YYXZ, ZZXY): 0.0000, -0.0000, 0.4182
