#INFO: **** input file is /home/jluis/src/git/db/aromatic-wfn/scan/run_sp.py ****
#!/usr/bin/env python

import numpy, sys, os
from pyscf import lib, gto, scf, dft
from pyscf.tools import molden
from pyscf.data import radii

def read_molecule(path):

    charge = spin = 0
    with open(path, 'r') as myfile:
        output = myfile.read()
        output = output.lstrip()
        output = output.rstrip()
        output = output.split('\n')

    try:
        int(output[0])
    except ValueError:
        try:
            charge = int(output[0].split(' ')[0])
            spin = int(output[0].split(' ')[1]) - 1
        except ValueError:
            molecule = output
        else:
            molecule = '\n'.join(output[1:])
    else:
        if int(output[0]) == len(output) - 2:
            molecule = '\n'.join(output[2:])
            try:
                charge = int(output[1].split(' ')[0])
                spin = int(output[1].split(' ')[1])-1
            except ValueError:
                pass
        else:
            print "THIS IS NOT A VALID XYZ FILE"

    return (molecule, charge, spin)

directory = '../../aromatic/'
files = [i for i in os.listdir(directory) if i.endswith('.xyz')]

for filename in files:

    name = filename[:-8]
    mol = gto.Mole()
    (mol.atom, charge, spin) = read_molecule(directory+filename)
    mol.basis = 'aug-cc-pvtz'
    mol.charge = charge
    mol.spin = spin
    mol.output = name+'.out'
    mol.symmetry = 0
    mol.verbose = 4
    mol.build()

    mf = dft.RKS(mol) 
    mf.grids.level = 4
    mf.xc = 'scan'
    mf.max_cycle = 120
    mf.chkfile = name+'.chk'
    mf = scf.addons.remove_linear_dep_(mf)
    mf.kernel()

    dm = mf.make_rdm1()
    nao = mol.nao_nr()
    unit = 2.541746
    origin = ([0.0,0.0,0.0])
    charges = mol.atom_charges()
    coords  = mol.atom_coords()
    mol.set_common_orig(origin)
    r2 = mol.intor_symmetric('int1e_r2')
    r2 = numpy.einsum('ij,ji->', r2, dm)
    lib.logger.info(mf,'Electronic spatial extent <R**2> (au): %.4f', r2)

    lib.logger.info(mf,'* Multipoles in the independent field-basis, Gauge -> (0,0,0)')
    ao_dip = mol.intor_symmetric('int1e_r', comp=3)
    el_dip = numpy.einsum('xij,ji->x', ao_dip, dm)
    lib.logger.info(mf,'Electronic Dipole moment(X, Y, Z, Debye): %.4f, %.4f, %.4f', *el_dip*unit)
    nucl_dip = numpy.einsum('i,ix->x', charges, coords)
    lib.logger.info(mf,'Nuclear Dipole moment(X, Y, Z, Debye): %.4f, %.4f, %.4f', *nucl_dip*unit)
    mol_dip = (nucl_dip - el_dip) * unit
    lib.logger.info(mf,'Total Dipole moment(X, Y, Z, Debye): %.4f, %.4f, %.4f', *mol_dip)

    lib.logger.info(mf,'Quadrupole moments (Debye-Angs)')
    rr = mol.intor_symmetric('int1e_rr', comp=9).reshape(3,3,nao,nao)
    rr = -1.0*numpy.einsum('xyij,ji->xy', rr, dm)
    rr += numpy.einsum('z,zx,zy->xy', charges, coords, coords)
    rr = rr*unit*lib.param.BOHR
    lib.logger.info(mf,'Total Quadrupole moments (XX, YY, ZZ): %.4f, %.4f, %.4f', \
    rr[0,0], rr[1,1], rr[2,2])
    lib.logger.info(mf,'Total Quadrupole moments (XY, XZ, YZ): %.4f, %.4f, %.4f', \
    rr[0,1], rr[0,2], rr[1,2])
 
    lib.logger.info(mf,'Octupole moments (Debye-Angs**2)')
    rrr = mol.intor_symmetric('int1e_rrr', comp=27).reshape(3,3,3,nao,nao)
    rrr = -1.0*numpy.einsum('xyzij,ji->xyz', rrr, dm)
    rrr += numpy.einsum('z,zx,zy,zk->xyk', charges, coords, coords, coords)
    rrr = rrr*unit*lib.param.BOHR**2
    lib.logger.info(mf,'Total Octupole moments (XXX, YYY, ZZZ, XYY): %.4f, %.4f, %.4f, %.4f', \
    rrr[0,0,0], rrr[1,1,1], rrr[2,2,2], rrr[0,1,1])
    lib.logger.info(mf,'Total Octupole moments (XXY, XXZ, XZZ, YZZ): %.4f, %.4f, %.4f, %.4f', \
    rrr[0,0,1], rrr[0,0,2], rrr[0,2,2], rrr[1,2,2])
    lib.logger.info(mf,'Total Octupole moments (YYZ, XYZ): %.4f, %.4f', rrr[1,1,2], rrr[0,1,2])

    lib.logger.info(mf,'Hexadecapole moments (Debye-Angs**3)')
    rrrr = mol.intor_symmetric('int1e_rrrr', comp=81).reshape(3,3,3,3,nao,nao)
    rrrr = -1.0*numpy.einsum('xyzwij,ji->xyzw', rrrr, dm)
    rrrr += numpy.einsum('z,zx,zy,zk,zw->xykw', charges, coords, coords, coords, coords)
    rrrr = rrrr*unit*lib.param.BOHR**3
    lib.logger.info(mf,'Total Hexadecapole moments (XXXX, YYYY, ZZZZ, XXXY): %.4f, %.4f, %.4f, %.4f', \
    rrrr[0,0,0,0], rrrr[1,1,1,1], rrrr[2,2,2,2], rrrr[0,0,0,1])
    lib.logger.info(mf,'Total Hexadecapole moments (XXXZ, YYYX, YYYZ, ZZZX): %.4f, %.4f, %.4f, %.4f', \
    rrrr[0,0,0,2], rrrr[1,1,1,0], rrrr[1,1,1,2], rrrr[2,2,2,0])
    lib.logger.info(mf,'Total Hexadecapole moments (ZZZY, XXYY, XXZZ, YYZZ): %.4f, %.4f, %.4f, %.4f', \
    rrrr[2,2,2,1], rrrr[0,0,1,1], rrrr[0,0,2,2], rrrr[1,1,2,2])
    lib.logger.info(mf,'Total Hexadecapole moments (XXYZ, YYXZ, ZZXY): %.4f, %.4f, %.4f', \
    rrrr[0,0,1,2], rrrr[1,1,0,2], rrrr[2,2,0,1])
     
    coeff = mf.mo_coeff[:,mf.mo_occ>0]
    occ = mf.mo_occ[mf.mo_occ>0]
    energy = mf.mo_energy[mf.mo_occ>0]
    den_file = name+'.mol'
    fspt = open(den_file,'w')
    molden.header(mol, fspt)
    molden.orbital_coeff(mol, fspt, coeff, ene=energy, occ=occ) 
    fspt.close()                    
    cmd = '/home/jluis/bin/molden2aim '+name
    os.system(cmd)
    den_file = name+'.wfn'
    fspt = open(den_file,'a')
    fspt.write('RHF\n')
    fspt.close()                    

    pmd_file = name+'.pmd'
    fspt = open(pmd_file,'w')
    fspt.write('%s.wfn\n' % (name))
    if (mol.symmetry == False):
        fspt.write('nosymmetry\n')
    fspt.write('tes\n')
    fspt.write('  epsiscp 0.220\n')
    fspt.write('  radialquad 7\n')
    fspt.write('  rmapping 2\n')
    fspt.write('  lmax 10\n')
    fspt.write('  nr 551\n')
    fspt.write('  lebedev 5810\n')
    fspt.write('  betasphere\n')
    for ia in range(mol.natm):
        symb = mol.atom_pure_symbol(ia)
        inuc = lib.parameters.NUC[symb]
        betarad = radii.COVALENT[inuc]/3.5
        fspt.write('  betaradw %d %1.3f\n' % ((ia+1),betarad))
    fspt.write('  radialquadbeta 7\n')
    fspt.write('  rmappingbeta 3\n')
    fspt.write('  lmaxbeta 8\n')
    fspt.write('  nrb 451\n')
    fspt.write('  lebedevbeta 3074\n')
    fspt.write('  dafh\n')
    fspt.write('endtes')
    fspt.close()                    

    cmd = 'rm '+name+'.mol'
    os.system(cmd)

#INFO: ******************** input file end ********************


System: ('Linux', 'silicio', '3.16.0-4-amd64', '#1 SMP Debian 3.16.51-3 (2017-12-13)', 'x86_64', '')  Threads 12
Python 2.7.14 (default, Apr  9 2018, 16:34:43) 
[GCC 7.3.0]
numpy 1.14.2  scipy 1.0.1
Date: Mon Jul  2 19:24:27 2018
PySCF version 1.5
PySCF path  /home/jluis/src/pyscf/pyscf
GIT ORIG_HEAD f2dbb26d09ae5148fbf5975669a994500ac7a4c9
GIT HEAD      ref: refs/heads/master
GIT master branch  f2dbb26d09ae5148fbf5975669a994500ac7a4c9

[ENV] PYSCF_TMPDIR /scratch-ssd/jluis
[CONFIG] conf_file None
[INPUT] verbose = 4
[INPUT] num. atoms = 9
[INPUT] num. electrons = 44
[INPUT] charge = 0
[INPUT] spin (= nelec alpha-beta = 2S) = 0
[INPUT] symmetry 0 subgroup None
[INPUT] Mole.unit = angstrom
[INPUT]  1 C      0.712303000000   0.000000000000  -1.315430000000 AA    1.346057587706   0.000000000000  -2.485802436037 Bohr
[INPUT]  2 C     -0.712303000000   0.000000000000  -1.315430000000 AA   -1.346057587706   0.000000000000  -2.485802436037 Bohr
[INPUT]  3 S      0.000000000000   0.000000000000   1.149334000000 AA    0.000000000000   0.000000000000   2.171926485651 Bohr
[INPUT]  4 C     -1.238354000000   0.000000000000  -0.051052000000 AA   -2.340149905260   0.000000000000  -0.096474298111 Bohr
[INPUT]  5 C      1.238354000000   0.000000000000  -0.051052000000 AA    2.340149905260   0.000000000000  -0.096474298111 Bohr
[INPUT]  6 H      1.323909000000   0.000000000000  -2.216408000000 AA    2.501825423847   0.000000000000  -4.188404100295 Bohr
[INPUT]  7 H     -1.323909000000   0.000000000000  -2.216408000000 AA   -2.501825423847   0.000000000000  -4.188404100295 Bohr
[INPUT]  8 H     -2.283721000000   0.000000000000   0.246127000000 AA   -4.315607234918   0.000000000000   0.465112621861 Bohr
[INPUT]  9 H      2.283721000000   0.000000000000   0.246127000000 AA    4.315607234918   0.000000000000   0.465112621861 Bohr

nuclear repulsion = 202.216953686524
number of shells = 101
number of NR pGTOs = 407
number of NR cGTOs = 326
basis = aug-cc-pvtz
ecp = {}
CPU time:      1005.75


******** <class 'pyscf.dft.rks.RKS'> flags ********
method = RKS-RHF
initial guess = minao
damping factor = 0
level shift factor = 0
DIIS = <class 'pyscf.scf.diis.CDIIS'>
DIIS start cycle = 1
DIIS space = 8
SCF tol = 1e-09
SCF gradient tol = None
max. SCF cycles = 120
direct_scf = True
direct_scf_tol = 1e-13
chkfile to save SCF result = thiophene.chk
max_memory 64000 MB (current use 174 MB)
XC functionals = scan
small_rho_cutoff = 1e-07
radial grids: 
    Treutler-Ahlrichs (JCP 102, 346 (M4)) radial grids
    
becke partition: Becke, JCP, 88, 2547 (1988)
pruning grids: <function nwchem_prune at 0x2b1990bce5f0>
grids dens level: 4
symmetrized grids: 0
atomic radii adjust function: <function treutler_atomic_radii_adjust at 0x2b1990bce500>
Set gradient conv threshold to 3.16228e-05
tot grids = 205714
init E= -553.578803052979
  HOMO = -0.314593654880336  LUMO = -0.132158333156915
cycle= 1 E= -552.65072513716  delta_E= 0.928  |g|= 0.856  |ddm|= 5.32
  HOMO = -0.0923799732808745  LUMO = 0.0256629049915473
cycle= 2 E= -552.17963554929  delta_E= 0.471  |g|=  1.5  |ddm|= 2.82
  HOMO = -0.203961078768501  LUMO = -0.0211620160963698
cycle= 3 E= -552.822752623341  delta_E= -0.643  |g|=  0.2  |ddm|= 1.49
  HOMO = -0.223747015969006  LUMO = -0.0415619308981029
cycle= 4 E= -552.830119343815  delta_E= -0.00737  |g|= 0.128  |ddm|= 0.319
  HOMO = -0.218921495694457  LUMO = -0.0387300530965369
cycle= 5 E= -552.834400485462  delta_E= -0.00428  |g|= 0.03  |ddm|= 0.127
  HOMO = -0.219664762503246  LUMO = -0.0380374286240672
cycle= 6 E= -552.834668278447  delta_E= -0.000268  |g|= 0.00728  |ddm|= 0.0399
  HOMO = -0.219753120779541  LUMO = -0.03833759755645
cycle= 7 E= -552.834682889725  delta_E= -1.46e-05  |g|= 0.00126  |ddm|= 0.0125
  HOMO = -0.219832484175297  LUMO = -0.0383885262710999
cycle= 8 E= -552.834683280113  delta_E= -3.9e-07  |g|= 0.000202  |ddm|= 0.0078
  HOMO = -0.219847005869545  LUMO = -0.0384034779349906
cycle= 9 E= -552.834683290839  delta_E= -1.07e-08  |g|= 4.02e-05  |ddm|= 0.00172
  HOMO = -0.21984570666372  LUMO = -0.0384018717714511
cycle= 10 E= -552.834683291391  delta_E= -5.52e-10  |g|= 8.76e-06  |ddm|= 0.000558
  HOMO = -0.219846539498872  LUMO = -0.0384030418366875
Extra cycle  E= -552.834683291409  delta_E= -1.8e-11  |g|= 5.77e-06  |ddm|= 0.000138
converged SCF energy = -552.834683291409
Electronic spatial extent <R**2> (au): 401.1166
* Multipoles in the independent field-basis, Gauge -> (0,0,0)
Electronic Dipole moment(X, Y, Z, Debye): -0.0000, -0.0000, -8.8005
Nuclear Dipole moment(X, Y, Z, Debye): -0.0000, 0.0000, -9.3615
Total Dipole moment(X, Y, Z, Debye): 0.0000, 0.0000, -0.5610
Quadrupole moments (Debye-Angs)
Total Quadrupole moments (XX, YY, ZZ): -31.2687, -39.9823, -34.5153
Total Quadrupole moments (XY, XZ, YZ): 0.0000, 0.0000, -0.0000
Octupole moments (Debye-Angs**2)
Total Octupole moments (XXX, YYY, ZZZ, XYY): 0.0000, 0.0000, -0.6762, 0.0000
Total Octupole moments (XXY, XXZ, XZZ, YZZ): 0.0000, 3.3160, 0.0000, 0.0000
Total Octupole moments (YYZ, XYZ): 3.8642, -0.0000
Hexadecapole moments (Debye-Angs**3)
Total Hexadecapole moments (XXXX, YYYY, ZZZZ, XXXY): -194.8561, -48.9136, -276.3500, 0.0000
Total Hexadecapole moments (XXXZ, YYYX, YYYZ, ZZZX): 0.0000, 0.0000, -0.0000, 0.0000
Total Hexadecapole moments (ZZZY, XXYY, XXZZ, YYZZ): -0.0000, -51.1822, -77.3331, -61.6802
Total Hexadecapole moments (XXYZ, YYXZ, ZZXY): -0.0000, -0.0000, 0.0000
