#INFO: **** input file is /home/jluis/src/git/db/s22-wfn/vv10/run_sp.py ****
#!/usr/bin/env python

import numpy, sys, os
from pyscf import lib, gto, scf, dft
from pyscf.tools import molden
from pyscf.data import radii

def read_molecule(path):

    charge = spin = 0
    with open(path, 'r') as myfile:
        output = myfile.read()
        output = output.lstrip()
        output = output.rstrip()
        output = output.split('\n')

    try:
        int(output[0])
    except ValueError:
        try:
            charge = int(output[0].split(' ')[0])
            spin = int(output[0].split(' ')[1]) - 1
        except ValueError:
            molecule = output
        else:
            molecule = '\n'.join(output[1:])
    else:
        if int(output[0]) == len(output) - 2:
            molecule = '\n'.join(output[2:])
            try:
                charge = int(output[1].split(' ')[0])
                spin = int(output[1].split(' ')[1])-1
            except ValueError:
                pass
        else:
            print "THIS IS NOT A VALID XYZ FILE"

    return (molecule, charge, spin)

directory = '../../s22/'
files = [i for i in os.listdir(directory) if i.endswith('.xyz')]

for filename in files:

    name = filename[:-4]
    mol = gto.Mole()
    (mol.atom, charge, spin) = read_molecule(directory+filename)
    mol.basis = 'aug-cc-pvtz'
    mol.charge = charge
    mol.spin = spin
    mol.output = name+'.out'
    mol.symmetry = 0
    mol.verbose = 4
    mol.build()

    mf = dft.RKS(mol)#.density_fit() 
    #mf.with_df.auxbasis = 'aug-cc-pvtz-jkfit'
    #mf.xc = 'rpw86,pbe'
    mf.xc = 'vv10'
    mf.grids.level = 4
    mf.nlc = 'vv10'
    mf.nlcgrids.level = 2
    mf.nlcgrids.prune = dft.gen_grid.sg1_prune
    mf.max_cycle = 120
    mf.chkfile = name+'.chk'
    mf = scf.addons.remove_linear_dep_(mf)
    mf.kernel()

    dm = mf.make_rdm1()
    nao = mol.nao_nr()
    unit = 2.541746
    origin = ([0.0,0.0,0.0])
    charges = mol.atom_charges()
    coords  = mol.atom_coords()
    mol.set_common_orig(origin)
    r2 = mol.intor_symmetric('int1e_r2')
    r2 = numpy.einsum('ij,ji->', r2, dm)
    lib.logger.info(mf,'Electronic spatial extent <R**2> (au): %.4f', r2)

    lib.logger.info(mf,'* Multipoles in the independent field-basis, Gauge -> (0,0,0)')
    ao_dip = mol.intor_symmetric('int1e_r', comp=3)
    el_dip = numpy.einsum('xij,ji->x', ao_dip, dm)
    lib.logger.info(mf,'Electronic Dipole moment(X, Y, Z, Debye): %.4f, %.4f, %.4f', *el_dip*unit)
    nucl_dip = numpy.einsum('i,ix->x', charges, coords)
    lib.logger.info(mf,'Nuclear Dipole moment(X, Y, Z, Debye): %.4f, %.4f, %.4f', *nucl_dip*unit)
    mol_dip = (nucl_dip - el_dip) * unit
    lib.logger.info(mf,'Total Dipole moment(X, Y, Z, Debye): %.4f, %.4f, %.4f', *mol_dip)

    lib.logger.info(mf,'Quadrupole moments (Debye-Angs)')
    rr = mol.intor_symmetric('int1e_rr', comp=9).reshape(3,3,nao,nao)
    rr = -1.0*numpy.einsum('xyij,ji->xy', rr, dm)
    rr += numpy.einsum('z,zx,zy->xy', charges, coords, coords)
    rr = rr*unit*lib.param.BOHR
    lib.logger.info(mf,'Total Quadrupole moments (XX, YY, ZZ): %.4f, %.4f, %.4f', \
    rr[0,0], rr[1,1], rr[2,2])
    lib.logger.info(mf,'Total Quadrupole moments (XY, XZ, YZ): %.4f, %.4f, %.4f', \
    rr[0,1], rr[0,2], rr[1,2])
 
    lib.logger.info(mf,'Octupole moments (Debye-Angs**2)')
    rrr = mol.intor_symmetric('int1e_rrr', comp=27).reshape(3,3,3,nao,nao)
    rrr = -1.0*numpy.einsum('xyzij,ji->xyz', rrr, dm)
    rrr += numpy.einsum('z,zx,zy,zk->xyk', charges, coords, coords, coords)
    rrr = rrr*unit*lib.param.BOHR**2
    lib.logger.info(mf,'Total Octupole moments (XXX, YYY, ZZZ, XYY): %.4f, %.4f, %.4f, %.4f', \
    rrr[0,0,0], rrr[1,1,1], rrr[2,2,2], rrr[0,1,1])
    lib.logger.info(mf,'Total Octupole moments (XXY, XXZ, XZZ, YZZ): %.4f, %.4f, %.4f, %.4f', \
    rrr[0,0,1], rrr[0,0,2], rrr[0,2,2], rrr[1,2,2])
    lib.logger.info(mf,'Total Octupole moments (YYZ, XYZ): %.4f, %.4f', rrr[1,1,2], rrr[0,1,2])

    lib.logger.info(mf,'Hexadecapole moments (Debye-Angs**3)')
    rrrr = mol.intor_symmetric('int1e_rrrr', comp=81).reshape(3,3,3,3,nao,nao)
    rrrr = -1.0*numpy.einsum('xyzwij,ji->xyzw', rrrr, dm)
    rrrr += numpy.einsum('z,zx,zy,zk,zw->xykw', charges, coords, coords, coords, coords)
    rrrr = rrrr*unit*lib.param.BOHR**3
    lib.logger.info(mf,'Total Hexadecapole moments (XXXX, YYYY, ZZZZ, XXXY): %.4f, %.4f, %.4f, %.4f', \
    rrrr[0,0,0,0], rrrr[1,1,1,1], rrrr[2,2,2,2], rrrr[0,0,0,1])
    lib.logger.info(mf,'Total Hexadecapole moments (XXXZ, YYYX, YYYZ, ZZZX): %.4f, %.4f, %.4f, %.4f', \
    rrrr[0,0,0,2], rrrr[1,1,1,0], rrrr[1,1,1,2], rrrr[2,2,2,0])
    lib.logger.info(mf,'Total Hexadecapole moments (ZZZY, XXYY, XXZZ, YYZZ): %.4f, %.4f, %.4f, %.4f', \
    rrrr[2,2,2,1], rrrr[0,0,1,1], rrrr[0,0,2,2], rrrr[1,1,2,2])
    lib.logger.info(mf,'Total Hexadecapole moments (XXYZ, YYXZ, ZZXY): %.4f, %.4f, %.4f', \
    rrrr[0,0,1,2], rrrr[1,1,0,2], rrrr[2,2,0,1])
     
    coeff = mf.mo_coeff[:,mf.mo_occ>0]
    occ = mf.mo_occ[mf.mo_occ>0]
    energy = mf.mo_energy[mf.mo_occ>0]
    den_file = name+'.mol'
    fspt = open(den_file,'w')
    molden.header(mol, fspt)
    molden.orbital_coeff(mol, fspt, coeff, ene=energy, occ=occ) 
    fspt.close()                    
    cmd = '/home/jluis/bin/molden2aim '+name
    os.system(cmd)
    den_file = name+'.wfn'
    fspt = open(den_file,'a')
    fspt.write('RHF\n')
    fspt.close()                    

    pmd_file = name+'.pmd'
    fspt = open(pmd_file,'w')
    fspt.write('%s.wfn\n' % (name))
    if (mol.symmetry == False):
        fspt.write('nosymmetry\n')
    fspt.write('tes\n')
    fspt.write('  epsiscp 0.220\n')
    fspt.write('  xcdft 0 0 0\n')
    fspt.write('  radialquad 7\n')
    fspt.write('  rmapping 2\n')
    fspt.write('  lmax 10\n')
    fspt.write('  nr 551\n')
    fspt.write('  lebedev 5810\n')
    fspt.write('  betasphere\n')
    for ia in range(mol.natm):
        symb = mol.atom_pure_symbol(ia)
        inuc = lib.parameters.NUC[symb]
        betarad = radii.COVALENT[inuc]/3.5
        fspt.write('  betaradw %d %1.3f\n' % ((ia+1),betarad))
    fspt.write('  radialquadbeta 7\n')
    fspt.write('  rmappingbeta 3\n')
    fspt.write('  lmaxbeta 8\n')
    fspt.write('  nrb 451\n')
    fspt.write('  lebedevbeta 3074\n')
    fspt.write('  dafh\n')
    fspt.write('endtes')
    fspt.close()                    

    cmd = 'rm '+name+'.mol'
    os.system(cmd)

#INFO: ******************** input file end ********************


System: ('Linux', 'silicio', '3.16.0-4-amd64', '#1 SMP Debian 3.16.51-3 (2017-12-13)', 'x86_64', '')  Threads 12
Python 2.7.14 (default, Apr  9 2018, 16:34:43) 
[GCC 7.3.0]
numpy 1.14.2  scipy 1.0.1
Date: Tue Jul  3 17:15:34 2018
PySCF version 1.5
PySCF path  /home/jluis/src/pyscf/pyscf
GIT ORIG_HEAD f2dbb26d09ae5148fbf5975669a994500ac7a4c9
GIT HEAD      ref: refs/heads/master
GIT master branch  f2dbb26d09ae5148fbf5975669a994500ac7a4c9

[ENV] PYSCF_TMPDIR /scratch-ssd/jluis
[CONFIG] conf_file None
[INPUT] verbose = 4
[INPUT] num. atoms = 10
[INPUT] num. electrons = 30
[INPUT] charge = 0
[INPUT] spin (= nelec alpha-beta = 2S) = 0
[INPUT] symmetry 0 subgroup None
[INPUT] Mole.unit = angstrom
[INPUT]  1 C      0.000000000000  -0.667578000000  -2.124659000000 AA    0.000000000000  -1.261539586785  -4.015023618092 Bohr
[INPUT]  2 C      0.000000000000   0.667578000000  -2.124659000000 AA    0.000000000000   1.261539586785  -4.015023618092 Bohr
[INPUT]  3 H      0.923621000000  -1.232253000000  -2.126185000000 AA    1.745390732897  -2.328620686174  -4.017907340158 Bohr
[INPUT]  4 H     -0.923621000000  -1.232253000000  -2.126185000000 AA   -1.745390732897  -2.328620686174  -4.017907340158 Bohr
[INPUT]  5 H     -0.923621000000   1.232253000000  -2.126185000000 AA   -1.745390732897   2.328620686174  -4.017907340158 Bohr
[INPUT]  6 H      0.923621000000   1.232253000000  -2.126185000000 AA    1.745390732897   2.328620686174  -4.017907340158 Bohr
[INPUT]  7 C      0.000000000000   0.000000000000   2.900503000000 AA    0.000000000000   0.000000000000   5.481156293479 Bohr
[INPUT]  8 C      0.000000000000   0.000000000000   1.693240000000 AA    0.000000000000   0.000000000000   3.199759863159 Bohr
[INPUT]  9 H      0.000000000000   0.000000000000   0.627352000000 AA    0.000000000000   0.000000000000   1.185523463698 Bohr
[INPUT] 10 H      0.000000000000   0.000000000000   3.963929000000 AA    0.000000000000   0.000000000000   7.490740187221 Bohr

nuclear repulsion = 85.1890645715218
number of shells = 106
number of NR pGTOs = 382
number of NR cGTOs = 322
basis = aug-cc-pvtz
ecp = {}
CPU time:    503639.39


******** <class 'pyscf.dft.rks.RKS'> flags ********
method = RKS-RHF
initial guess = minao
damping factor = 0
level shift factor = 0
DIIS = <class 'pyscf.scf.diis.CDIIS'>
DIIS start cycle = 1
DIIS space = 8
SCF tol = 1e-09
SCF gradient tol = None
max. SCF cycles = 120
direct_scf = True
direct_scf_tol = 1e-13
chkfile to save SCF result = c2h4_c2h2.chk
max_memory 64000 MB (current use 372 MB)
XC functionals = vv10
NLC functional = vv10
small_rho_cutoff = 1e-07
radial grids: 
    Treutler-Ahlrichs (JCP 102, 346 (M4)) radial grids
    
becke partition: Becke, JCP, 88, 2547 (1988)
pruning grids: <function nwchem_prune at 0x2b76d4a885f0>
grids dens level: 4
symmetrized grids: 0
atomic radii adjust function: <function treutler_atomic_radii_adjust at 0x2b76d4a88500>
** Following is NLC Grids **
radial grids: 
    Treutler-Ahlrichs (JCP 102, 346 (M4)) radial grids
    
becke partition: Becke, JCP, 88, 2547 (1988)
pruning grids: <function sg1_prune at 0x2b76d4a88578>
grids dens level: 2
symmetrized grids: 0
atomic radii adjust function: <function treutler_atomic_radii_adjust at 0x2b76d4a88500>
Set gradient conv threshold to 3.16228e-05
tot grids = 209400
tot grids = 41568
init E= -156.247042191011
  HOMO = -0.373310540559601  LUMO = -0.150607646495341
cycle= 1 E= -155.991095879268  delta_E= 0.256  |g|= 0.972  |ddm|= 5.47
  HOMO = -0.121153730650569  LUMO = 0.00645625596679882
cycle= 2 E= -155.72003577031  delta_E= 0.271  |g|= 1.34  |ddm|=  1.9
  HOMO = -0.260382402324788  LUMO = -0.0560507790498165
cycle= 3 E= -156.22448381282  delta_E= -0.504  |g|= 0.0444  |ddm|= 1.03
  HOMO = -0.255590548506399  LUMO = -0.050641486502554
cycle= 4 E= -156.223142894696  delta_E= 0.00134  |g|= 0.0825  |ddm|= 0.0851
  HOMO = -0.257021272346993  LUMO = -0.051699338906547
cycle= 5 E= -156.224868373836  delta_E= -0.00173  |g|= 0.012  |ddm|= 0.0498
  HOMO = -0.257234461443625  LUMO = -0.0524241438530928
cycle= 6 E= -156.224899740484  delta_E= -3.14e-05  |g|= 0.00348  |ddm|= 0.0102
  HOMO = -0.257918329495211  LUMO = -0.0523048267591543
cycle= 7 E= -156.224902978928  delta_E= -3.24e-06  |g|= 0.000421  |ddm|= 0.00419
  HOMO = -0.257906560884774  LUMO = -0.0523602131563648
cycle= 8 E= -156.224903026168  delta_E= -4.72e-08  |g|= 5.33e-05  |ddm|= 0.000666
  HOMO = -0.257913534053037  LUMO = -0.0523623045473747
cycle= 9 E= -156.224903026769  delta_E= -6.01e-10  |g|= 1.51e-05  |ddm|= 0.000121
  HOMO = -0.257913283447645  LUMO = -0.0523635531908359
Extra cycle  E= -156.22490302677  delta_E= -9.09e-13  |g|= 1.45e-05  |ddm|= 2.46e-05
converged SCF energy = -156.22490302677
Electronic spatial extent <R**2> (au): 666.0626
* Multipoles in the independent field-basis, Gauge -> (0,0,0)
Electronic Dipole moment(X, Y, Z, Debye): -0.0000, 0.0000, -8.5105
Nuclear Dipole moment(X, Y, Z, Debye): 0.0000, 0.0000, -8.8711
Total Dipole moment(X, Y, Z, Debye): 0.0000, -0.0000, -0.3606
Quadrupole moments (Debye-Angs)
Total Quadrupole moments (XX, YY, ZZ): -26.1915, -26.1272, -22.8206
Total Quadrupole moments (XY, XZ, YZ): 0.0000, 0.0000, 0.0000
Octupole moments (Debye-Angs**2)
Total Octupole moments (XXX, YYY, ZZZ, XYY): 0.0000, -0.0000, 45.0924, -0.0000
Total Octupole moments (XXY, XXZ, XZZ, YZZ): 0.0000, -5.3874, -0.0000, -0.0000
Total Octupole moments (YYZ, XYZ): -5.5726, 0.0000
Hexadecapole moments (Debye-Angs**3)
Total Hexadecapole moments (XXXX, YYYY, ZZZZ, XXXY): -45.6368, -87.5895, -715.1949, 0.0000
Total Hexadecapole moments (XXXZ, YYYX, YYYZ, ZZZX): -0.0000, -0.0000, 0.0000, 0.0000
Total Hexadecapole moments (ZZZY, XXYY, XXZZ, YYZZ): 0.0000, -19.6685, -150.5195, -157.1896
Total Hexadecapole moments (XXYZ, YYXZ, ZZXY): -0.0000, -0.0000, 0.0000
