#INFO: **** input file is /home/jluis/src/git/db/s22-wfn/vv10/run_sp.py ****
#!/usr/bin/env python

import numpy, sys, os
from pyscf import lib, gto, scf, dft
from pyscf.tools import molden
from pyscf.data import radii

def read_molecule(path):

    charge = spin = 0
    with open(path, 'r') as myfile:
        output = myfile.read()
        output = output.lstrip()
        output = output.rstrip()
        output = output.split('\n')

    try:
        int(output[0])
    except ValueError:
        try:
            charge = int(output[0].split(' ')[0])
            spin = int(output[0].split(' ')[1]) - 1
        except ValueError:
            molecule = output
        else:
            molecule = '\n'.join(output[1:])
    else:
        if int(output[0]) == len(output) - 2:
            molecule = '\n'.join(output[2:])
            try:
                charge = int(output[1].split(' ')[0])
                spin = int(output[1].split(' ')[1])-1
            except ValueError:
                pass
        else:
            print "THIS IS NOT A VALID XYZ FILE"

    return (molecule, charge, spin)

directory = '../../s22/'
files = [i for i in os.listdir(directory) if i.endswith('.xyz')]

for filename in files:

    name = filename[:-4]
    mol = gto.Mole()
    (mol.atom, charge, spin) = read_molecule(directory+filename)
    mol.basis = 'aug-cc-pvtz'
    mol.charge = charge
    mol.spin = spin
    mol.output = name+'.out'
    mol.symmetry = 0
    mol.verbose = 4
    mol.build()

    mf = dft.RKS(mol)#.density_fit() 
    #mf.with_df.auxbasis = 'aug-cc-pvtz-jkfit'
    #mf.xc = 'rpw86,pbe'
    mf.xc = 'vv10'
    mf.grids.level = 4
    mf.nlc = 'vv10'
    mf.nlcgrids.level = 2
    mf.nlcgrids.prune = dft.gen_grid.sg1_prune
    mf.max_cycle = 120
    mf.chkfile = name+'.chk'
    mf = scf.addons.remove_linear_dep_(mf)
    mf.kernel()

    dm = mf.make_rdm1()
    nao = mol.nao_nr()
    unit = 2.541746
    origin = ([0.0,0.0,0.0])
    charges = mol.atom_charges()
    coords  = mol.atom_coords()
    mol.set_common_orig(origin)
    r2 = mol.intor_symmetric('int1e_r2')
    r2 = numpy.einsum('ij,ji->', r2, dm)
    lib.logger.info(mf,'Electronic spatial extent <R**2> (au): %.4f', r2)

    lib.logger.info(mf,'* Multipoles in the independent field-basis, Gauge -> (0,0,0)')
    ao_dip = mol.intor_symmetric('int1e_r', comp=3)
    el_dip = numpy.einsum('xij,ji->x', ao_dip, dm)
    lib.logger.info(mf,'Electronic Dipole moment(X, Y, Z, Debye): %.4f, %.4f, %.4f', *el_dip*unit)
    nucl_dip = numpy.einsum('i,ix->x', charges, coords)
    lib.logger.info(mf,'Nuclear Dipole moment(X, Y, Z, Debye): %.4f, %.4f, %.4f', *nucl_dip*unit)
    mol_dip = (nucl_dip - el_dip) * unit
    lib.logger.info(mf,'Total Dipole moment(X, Y, Z, Debye): %.4f, %.4f, %.4f', *mol_dip)

    lib.logger.info(mf,'Quadrupole moments (Debye-Angs)')
    rr = mol.intor_symmetric('int1e_rr', comp=9).reshape(3,3,nao,nao)
    rr = -1.0*numpy.einsum('xyij,ji->xy', rr, dm)
    rr += numpy.einsum('z,zx,zy->xy', charges, coords, coords)
    rr = rr*unit*lib.param.BOHR
    lib.logger.info(mf,'Total Quadrupole moments (XX, YY, ZZ): %.4f, %.4f, %.4f', \
    rr[0,0], rr[1,1], rr[2,2])
    lib.logger.info(mf,'Total Quadrupole moments (XY, XZ, YZ): %.4f, %.4f, %.4f', \
    rr[0,1], rr[0,2], rr[1,2])
 
    lib.logger.info(mf,'Octupole moments (Debye-Angs**2)')
    rrr = mol.intor_symmetric('int1e_rrr', comp=27).reshape(3,3,3,nao,nao)
    rrr = -1.0*numpy.einsum('xyzij,ji->xyz', rrr, dm)
    rrr += numpy.einsum('z,zx,zy,zk->xyk', charges, coords, coords, coords)
    rrr = rrr*unit*lib.param.BOHR**2
    lib.logger.info(mf,'Total Octupole moments (XXX, YYY, ZZZ, XYY): %.4f, %.4f, %.4f, %.4f', \
    rrr[0,0,0], rrr[1,1,1], rrr[2,2,2], rrr[0,1,1])
    lib.logger.info(mf,'Total Octupole moments (XXY, XXZ, XZZ, YZZ): %.4f, %.4f, %.4f, %.4f', \
    rrr[0,0,1], rrr[0,0,2], rrr[0,2,2], rrr[1,2,2])
    lib.logger.info(mf,'Total Octupole moments (YYZ, XYZ): %.4f, %.4f', rrr[1,1,2], rrr[0,1,2])

    lib.logger.info(mf,'Hexadecapole moments (Debye-Angs**3)')
    rrrr = mol.intor_symmetric('int1e_rrrr', comp=81).reshape(3,3,3,3,nao,nao)
    rrrr = -1.0*numpy.einsum('xyzwij,ji->xyzw', rrrr, dm)
    rrrr += numpy.einsum('z,zx,zy,zk,zw->xykw', charges, coords, coords, coords, coords)
    rrrr = rrrr*unit*lib.param.BOHR**3
    lib.logger.info(mf,'Total Hexadecapole moments (XXXX, YYYY, ZZZZ, XXXY): %.4f, %.4f, %.4f, %.4f', \
    rrrr[0,0,0,0], rrrr[1,1,1,1], rrrr[2,2,2,2], rrrr[0,0,0,1])
    lib.logger.info(mf,'Total Hexadecapole moments (XXXZ, YYYX, YYYZ, ZZZX): %.4f, %.4f, %.4f, %.4f', \
    rrrr[0,0,0,2], rrrr[1,1,1,0], rrrr[1,1,1,2], rrrr[2,2,2,0])
    lib.logger.info(mf,'Total Hexadecapole moments (ZZZY, XXYY, XXZZ, YYZZ): %.4f, %.4f, %.4f, %.4f', \
    rrrr[2,2,2,1], rrrr[0,0,1,1], rrrr[0,0,2,2], rrrr[1,1,2,2])
    lib.logger.info(mf,'Total Hexadecapole moments (XXYZ, YYXZ, ZZXY): %.4f, %.4f, %.4f', \
    rrrr[0,0,1,2], rrrr[1,1,0,2], rrrr[2,2,0,1])
     
    coeff = mf.mo_coeff[:,mf.mo_occ>0]
    occ = mf.mo_occ[mf.mo_occ>0]
    energy = mf.mo_energy[mf.mo_occ>0]
    den_file = name+'.mol'
    fspt = open(den_file,'w')
    molden.header(mol, fspt)
    molden.orbital_coeff(mol, fspt, coeff, ene=energy, occ=occ) 
    fspt.close()                    
    cmd = '/home/jluis/bin/molden2aim '+name
    os.system(cmd)
    den_file = name+'.wfn'
    fspt = open(den_file,'a')
    fspt.write('RHF\n')
    fspt.close()                    

    pmd_file = name+'.pmd'
    fspt = open(pmd_file,'w')
    fspt.write('%s.wfn\n' % (name))
    if (mol.symmetry == False):
        fspt.write('nosymmetry\n')
    fspt.write('tes\n')
    fspt.write('  epsiscp 0.220\n')
    fspt.write('  xcdft 0 0 0\n')
    fspt.write('  radialquad 7\n')
    fspt.write('  rmapping 2\n')
    fspt.write('  lmax 10\n')
    fspt.write('  nr 551\n')
    fspt.write('  lebedev 5810\n')
    fspt.write('  betasphere\n')
    for ia in range(mol.natm):
        symb = mol.atom_pure_symbol(ia)
        inuc = lib.parameters.NUC[symb]
        betarad = radii.COVALENT[inuc]/3.5
        fspt.write('  betaradw %d %1.3f\n' % ((ia+1),betarad))
    fspt.write('  radialquadbeta 7\n')
    fspt.write('  rmappingbeta 3\n')
    fspt.write('  lmaxbeta 8\n')
    fspt.write('  nrb 451\n')
    fspt.write('  lebedevbeta 3074\n')
    fspt.write('  dafh\n')
    fspt.write('endtes')
    fspt.close()                    

    cmd = 'rm '+name+'.mol'
    os.system(cmd)

#INFO: ******************** input file end ********************


System: ('Linux', 'silicio', '3.16.0-4-amd64', '#1 SMP Debian 3.16.51-3 (2017-12-13)', 'x86_64', '')  Threads 12
Python 2.7.14 (default, Apr  9 2018, 16:34:43) 
[GCC 7.3.0]
numpy 1.14.2  scipy 1.0.1
Date: Tue Jul  3 16:53:45 2018
PySCF version 1.5
PySCF path  /home/jluis/src/pyscf/pyscf
GIT ORIG_HEAD f2dbb26d09ae5148fbf5975669a994500ac7a4c9
GIT HEAD      ref: refs/heads/master
GIT master branch  f2dbb26d09ae5148fbf5975669a994500ac7a4c9

[ENV] PYSCF_TMPDIR /scratch-ssd/jluis
[CONFIG] conf_file None
[INPUT] verbose = 4
[INPUT] num. atoms = 15
[INPUT] num. electrons = 52
[INPUT] charge = 0
[INPUT] spin (= nelec alpha-beta = 2S) = 0
[INPUT] symmetry 0 subgroup None
[INPUT] Mole.unit = angstrom
[INPUT]  1 C      0.780612000000  -0.609888000000  -1.207543000000 AA    1.475142889549  -1.152521286659  -2.281925553636 Bohr
[INPUT]  2 C      0.478404000000   0.751041000000  -1.207904000000 AA    0.904052536896   1.419261798319  -2.282607744767 Bohr
[INPUT]  3 C      0.327659000000   1.431857000000   0.000000000000 AA    0.619185772249   2.705817579541   0.000000000000 Bohr
[INPUT]  4 C      0.478404000000   0.751041000000   1.207904000000 AA    0.904052536896   1.419261798319   2.282607744767 Bohr
[INPUT]  5 C      0.780612000000  -0.609888000000   1.207543000000 AA    1.475142889549  -1.152521286659   2.281925553636 Bohr
[INPUT]  6 C      0.932151000000  -1.289961000000   0.000000000000 AA    1.761510096739  -2.437673001370   0.000000000000 Bohr
[INPUT]  7 H      0.896669000000  -1.137605000000  -2.144148000000 AA    1.694458834388  -2.149761887936  -4.051852490534 Bohr
[INPUT]  8 H      0.357390000000   1.278209000000  -2.144055000000 AA    0.675369219658   2.415464939954  -4.051676746004 Bohr
[INPUT]  9 H      0.091859000000   2.487141000000   0.000000000000 AA    0.173588352076   4.700015323177   0.000000000000 Bohr
[INPUT] 10 H      0.357390000000   1.278209000000   2.144055000000 AA    0.675369219658   2.415464939954   4.051676746004 Bohr
[INPUT] 11 H      0.896669000000  -1.137605000000   2.144148000000 AA    1.694458834388  -2.149761887936   4.051852490534 Bohr
[INPUT] 12 H      1.169006000000  -2.345167000000   0.000000000000 AA    2.209101177973  -4.431723346368   0.000000000000 Bohr
[INPUT] 13 O     -2.788527000000  -0.274485000000   0.000000000000 AA   -5.269552320955  -0.518701475301   0.000000000000 Bohr
[INPUT] 14 H     -2.622911000000  -1.219083000000   0.000000000000 AA   -4.956583439109  -2.303732993113   0.000000000000 Bohr
[INPUT] 15 H     -1.901510000000   0.097911000000   0.000000000000 AA   -3.593333123122   0.185024974582   0.000000000000 Bohr

nuclear repulsion = 273.329404980432
number of shells = 163
number of NR pGTOs = 606
number of NR cGTOs = 506
basis = aug-cc-pvtz
ecp = {}
CPU time:    499215.08


******** <class 'pyscf.dft.rks.RKS'> flags ********
method = RKS-RHF
initial guess = minao
damping factor = 0
level shift factor = 0
DIIS = <class 'pyscf.scf.diis.CDIIS'>
DIIS start cycle = 1
DIIS space = 8
SCF tol = 1e-09
SCF gradient tol = None
max. SCF cycles = 120
direct_scf = True
direct_scf_tol = 1e-13
chkfile to save SCF result = c6h6_h2o.chk
max_memory 64000 MB (current use 334 MB)
XC functionals = vv10
NLC functional = vv10
small_rho_cutoff = 1e-07
radial grids: 
    Treutler-Ahlrichs (JCP 102, 346 (M4)) radial grids
    
becke partition: Becke, JCP, 88, 2547 (1988)
pruning grids: <function nwchem_prune at 0x2b76d4a885f0>
grids dens level: 4
symmetrized grids: 0
atomic radii adjust function: <function treutler_atomic_radii_adjust at 0x2b76d4a88500>
** Following is NLC Grids **
radial grids: 
    Treutler-Ahlrichs (JCP 102, 346 (M4)) radial grids
    
becke partition: Becke, JCP, 88, 2547 (1988)
pruning grids: <function sg1_prune at 0x2b76d4a88578>
grids dens level: 2
symmetrized grids: 0
atomic radii adjust function: <function treutler_atomic_radii_adjust at 0x2b76d4a88500>
Set gradient conv threshold to 3.16228e-05
tot grids = 326364
tot grids = 63856
init E= -309.998989590454
  HOMO = -0.360977874853412  LUMO = -0.169380652501421
cycle= 1 E= -308.918783220691  delta_E= 1.08  |g|= 1.26  |ddm|= 10.4
  HOMO = -0.0510561631563088  LUMO = -0.00380254442068588
cycle= 2 E= -308.054422859193  delta_E= 0.864  |g|= 2.32  |ddm|= 3.82
  HOMO = -0.234119611033347  LUMO = -0.0472108600642119
cycle= 3 E= -309.25427886625  delta_E= -1.2  |g|= 0.262  |ddm|= 2.64
  HOMO = -0.235306063461478  LUMO = -0.0643378905699356
cycle= 4 E= -309.263173616115  delta_E= -0.00889  |g|= 0.177  |ddm|= 0.358
  HOMO = -0.241225918596018  LUMO = -0.0572539339239091
cycle= 5 E= -309.268416424426  delta_E= -0.00524  |g|= 0.0222  |ddm|= 0.149
  HOMO = -0.241348043765255  LUMO = -0.0572951539153849
cycle= 6 E= -309.268486812496  delta_E= -7.04e-05  |g|= 0.0129  |ddm|= 0.0364
  HOMO = -0.241467268279419  LUMO = -0.0574231191175623
cycle= 7 E= -309.268535098242  delta_E= -4.83e-05  |g|= 0.0025  |ddm|= 0.0118
  HOMO = -0.241648650453143  LUMO = -0.0575243640743362
cycle= 8 E= -309.268536626137  delta_E= -1.53e-06  |g|= 0.000546  |ddm|= 0.00327
  HOMO = -0.241689394990905  LUMO = -0.0575464703049806
cycle= 9 E= -309.268536701513  delta_E= -7.54e-08  |g|= 8.76e-05  |ddm|= 0.000546
  HOMO = -0.241692145214882  LUMO = -0.0575482817500475
cycle= 10 E= -309.268536702987  delta_E= -1.47e-09  |g|= 1.85e-05  |ddm|= 0.000178
  HOMO = -0.241693131692427  LUMO = -0.057548229393371
cycle= 11 E= -309.268536703031  delta_E= -4.45e-11  |g|= 9.84e-06  |ddm|= 3.62e-05
  HOMO = -0.241692228430657  LUMO = -0.0575488807558752
Extra cycle  E= -309.268536702967  delta_E= 6.45e-11  |g|= 1.92e-05  |ddm|= 2.81e-05
converged SCF energy = -309.268536702967
Electronic spatial extent <R**2> (au): 805.9926
* Multipoles in the independent field-basis, Gauge -> (0,0,0)
Electronic Dipole moment(X, Y, Z, Debye): -3.9969, -0.9331, -0.0000
Nuclear Dipole moment(X, Y, Z, Debye): -1.9050, -1.6747, 0.0000
Total Dipole moment(X, Y, Z, Debye): 2.0919, -0.7415, 0.0000
Quadrupole moments (Debye-Angs)
Total Quadrupole moments (XX, YY, ZZ): -54.4801, -36.9104, -39.6935
Total Quadrupole moments (XY, XZ, YZ): 0.9385, 0.0000, -0.0000
Octupole moments (Debye-Angs**2)
Total Octupole moments (XXX, YYY, ZZZ, XYY): 14.3055, -2.7762, 0.0000, -7.8260
Total Octupole moments (XXY, XXZ, XZZ, YZZ): -9.5570, -0.0000, 1.5439, 0.5130
Total Octupole moments (YYZ, XYZ): 0.0000, -0.0000
Hexadecapole moments (Debye-Angs**3)
Total Hexadecapole moments (XXXX, YYYY, ZZZZ, XXXY): -573.5973, -277.3188, -282.9229, 24.4065
Total Hexadecapole moments (XXXZ, YYYX, YYYZ, ZZZX): 0.0000, 4.6955, -0.0000, 0.0000
Total Hexadecapole moments (ZZZY, XXYY, XXZZ, YYZZ): 0.0000, -112.2220, -138.9777, -94.2766
Total Hexadecapole moments (XXYZ, YYXZ, ZZXY): -0.0000, 0.0000, -2.4299
