#INFO: **** input file is /home/jluis/src/git/db/molecules-wfn/pbe0/run_sp.py ****
#!/usr/bin/env python

import numpy, sys, os
from pyscf import lib, gto, scf, dft
from pyscf.tools import molden
from pyscf.data import radii

def read_molecule(path):

    charge = spin = 0
    with open(path, 'r') as myfile:
        output = myfile.read()
        output = output.lstrip()
        output = output.rstrip()
        output = output.split('\n')

    try:
        int(output[0])
    except ValueError:
        try:
            charge = int(output[0].split(' ')[0])
            spin = int(output[0].split(' ')[1]) - 1
        except ValueError:
            molecule = output
        else:
            molecule = '\n'.join(output[1:])
    else:
        if int(output[0]) == len(output) - 2:
            molecule = '\n'.join(output[2:])
            try:
                charge = int(output[1].split(' ')[0])
                spin = int(output[1].split(' ')[1])-1
            except ValueError:
                pass
        else:
            print "THIS IS NOT A VALID XYZ FILE"

    return (molecule, charge, spin)

directory = '../../molecules/'
files = [i for i in os.listdir(directory) if i.endswith('.xyz')]

for filename in files:

    name = filename[:-8]
    mol = gto.Mole()
    (mol.atom, charge, spin) = read_molecule(directory+filename)
    mol.basis = 'aug-cc-pvtz'
    mol.charge = charge
    mol.spin = spin
    mol.output = name+'.out'
    mol.symmetry = 0
    mol.max_memory = 10000
    mol.verbose = 4
    mol.build()

    mf = dft.RKS(mol) 
    mf.grids.level = 4
    mf.xc = 'pbe0'
    mf.max_cycle = 120
    mf.chkfile = name+'.chk'
    mf = scf.addons.remove_linear_dep_(mf)
    mf.kernel()

    dm = mf.make_rdm1()
    nao = mol.nao_nr()
    unit = 2.541746
    origin = ([0.0,0.0,0.0])
    charges = mol.atom_charges()
    coords  = mol.atom_coords()
    mol.set_common_orig(origin)
    r2 = mol.intor_symmetric('int1e_r2')
    r2 = numpy.einsum('ij,ji->', r2, dm)
    lib.logger.info(mf,'Electronic spatial extent <R**2> (au): %.4f', r2)

    lib.logger.info(mf,'* Multipoles in the independent field-basis, Gauge -> (0,0,0)')
    ao_dip = mol.intor_symmetric('int1e_r', comp=3)
    el_dip = numpy.einsum('xij,ji->x', ao_dip, dm)
    lib.logger.info(mf,'Electronic Dipole moment(X, Y, Z, Debye): %.4f, %.4f, %.4f', *el_dip*unit)
    nucl_dip = numpy.einsum('i,ix->x', charges, coords)
    lib.logger.info(mf,'Nuclear Dipole moment(X, Y, Z, Debye): %.4f, %.4f, %.4f', *nucl_dip*unit)
    mol_dip = (nucl_dip - el_dip) * unit
    lib.logger.info(mf,'Total Dipole moment(X, Y, Z, Debye): %.4f, %.4f, %.4f', *mol_dip)

    lib.logger.info(mf,'Quadrupole moments (Debye-Angs)')
    rr = mol.intor_symmetric('int1e_rr', comp=9).reshape(3,3,nao,nao)
    rr = -1.0*numpy.einsum('xyij,ji->xy', rr, dm)
    rr += numpy.einsum('z,zx,zy->xy', charges, coords, coords)
    rr = rr*unit*lib.param.BOHR
    lib.logger.info(mf,'Total Quadrupole moments (XX, YY, ZZ): %.4f, %.4f, %.4f', \
    rr[0,0], rr[1,1], rr[2,2])
    lib.logger.info(mf,'Total Quadrupole moments (XY, XZ, YZ): %.4f, %.4f, %.4f', \
    rr[0,1], rr[0,2], rr[1,2])
 
    lib.logger.info(mf,'Octupole moments (Debye-Angs**2)')
    rrr = mol.intor_symmetric('int1e_rrr', comp=27).reshape(3,3,3,nao,nao)
    rrr = -1.0*numpy.einsum('xyzij,ji->xyz', rrr, dm)
    rrr += numpy.einsum('z,zx,zy,zk->xyk', charges, coords, coords, coords)
    rrr = rrr*unit*lib.param.BOHR**2
    lib.logger.info(mf,'Total Octupole moments (XXX, YYY, ZZZ, XYY): %.4f, %.4f, %.4f, %.4f', \
    rrr[0,0,0], rrr[1,1,1], rrr[2,2,2], rrr[0,1,1])
    lib.logger.info(mf,'Total Octupole moments (XXY, XXZ, XZZ, YZZ): %.4f, %.4f, %.4f, %.4f', \
    rrr[0,0,1], rrr[0,0,2], rrr[0,2,2], rrr[1,2,2])
    lib.logger.info(mf,'Total Octupole moments (YYZ, XYZ): %.4f, %.4f', rrr[1,1,2], rrr[0,1,2])

    lib.logger.info(mf,'Hexadecapole moments (Debye-Angs**3)')
    rrrr = mol.intor_symmetric('int1e_rrrr', comp=81).reshape(3,3,3,3,nao,nao)
    rrrr = -1.0*numpy.einsum('xyzwij,ji->xyzw', rrrr, dm)
    rrrr += numpy.einsum('z,zx,zy,zk,zw->xykw', charges, coords, coords, coords, coords)
    rrrr = rrrr*unit*lib.param.BOHR**3
    lib.logger.info(mf,'Total Hexadecapole moments (XXXX, YYYY, ZZZZ, XXXY): %.4f, %.4f, %.4f, %.4f', \
    rrrr[0,0,0,0], rrrr[1,1,1,1], rrrr[2,2,2,2], rrrr[0,0,0,1])
    lib.logger.info(mf,'Total Hexadecapole moments (XXXZ, YYYX, YYYZ, ZZZX): %.4f, %.4f, %.4f, %.4f', \
    rrrr[0,0,0,2], rrrr[1,1,1,0], rrrr[1,1,1,2], rrrr[2,2,2,0])
    lib.logger.info(mf,'Total Hexadecapole moments (ZZZY, XXYY, XXZZ, YYZZ): %.4f, %.4f, %.4f, %.4f', \
    rrrr[2,2,2,1], rrrr[0,0,1,1], rrrr[0,0,2,2], rrrr[1,1,2,2])
    lib.logger.info(mf,'Total Hexadecapole moments (XXYZ, YYXZ, ZZXY): %.4f, %.4f, %.4f', \
    rrrr[0,0,1,2], rrrr[1,1,0,2], rrrr[2,2,0,1])
     
    coeff = mf.mo_coeff[:,mf.mo_occ>0]
    occ = mf.mo_occ[mf.mo_occ>0]
    energy = mf.mo_energy[mf.mo_occ>0]
    den_file = name+'.mol'
    fspt = open(den_file,'w')
    molden.header(mol, fspt)
    molden.orbital_coeff(mol, fspt, coeff, ene=energy, occ=occ) 
    fspt.close()                    
    cmd = '/home/jluis/bin/molden2aim '+name
    os.system(cmd)
    den_file = name+'.wfn'
    fspt = open(den_file,'a')
    fspt.write('RHF\n')
    fspt.close()                    

    pmd_file = name+'.pmd'
    fspt = open(pmd_file,'w')
    fspt.write('%s.wfn\n' % (name))
    if (mol.symmetry == False):
        fspt.write('nosymmetry\n')
    fspt.write('tes\n')
    fspt.write('  epsiscp 0.220\n')
    fspt.write('  radialquad 7\n')
    fspt.write('  rmapping 2\n')
    fspt.write('  lmax 10\n')
    fspt.write('  nr 551\n')
    fspt.write('  lebedev 5810\n')
    fspt.write('  betasphere\n')
    for ia in range(mol.natm):
        symb = mol.atom_pure_symbol(ia)
        inuc = lib.parameters.NUC[symb]
        betarad = radii.COVALENT[inuc]/3.5
        fspt.write('  betaradw %d %1.3f\n' % ((ia+1),betarad))
    fspt.write('  radialquadbeta 7\n')
    fspt.write('  rmappingbeta 3\n')
    fspt.write('  lmaxbeta 8\n')
    fspt.write('  nrb 451\n')
    fspt.write('  lebedevbeta 3074\n')
    fspt.write('  dafh\n')
    fspt.write('endtes')
    fspt.close()                    

    cmd = 'rm '+name+'.mol'
    os.system(cmd)

#INFO: ******************** input file end ********************


System: ('Linux', 'silicio', '3.16.0-4-amd64', '#1 SMP Debian 3.16.51-3 (2017-12-13)', 'x86_64', '')  Threads 12
Python 2.7.14 (default, Apr  9 2018, 16:34:43) 
[GCC 7.3.0]
numpy 1.14.2  scipy 1.0.1
Date: Fri Jun 29 16:43:46 2018
PySCF version 1.5
PySCF path  /home/jluis/src/pyscf/pyscf
GIT ORIG_HEAD f2dbb26d09ae5148fbf5975669a994500ac7a4c9
GIT HEAD      ref: refs/heads/master
GIT master branch  f2dbb26d09ae5148fbf5975669a994500ac7a4c9

[ENV] PYSCF_TMPDIR /scratch-ssd/jluis
[CONFIG] conf_file None
[INPUT] verbose = 4
[INPUT] num. atoms = 12
[INPUT] num. electrons = 42
[INPUT] charge = 0
[INPUT] spin (= nelec alpha-beta = 2S) = 0
[INPUT] symmetry 0 subgroup None
[INPUT] Mole.unit = angstrom
[INPUT]  1 B     -3.047761000000   2.613062000000  -0.156188000000 AA   -5.759433583131   4.937971526508  -0.295152543944 Bohr
[INPUT]  2 N     -1.764545000000   2.003703000000  -0.194813000000 AA   -3.334506784471   3.786449904969  -0.368143215505 Bohr
[INPUT]  3 N     -3.075371000000   4.029913000000   0.024463000000 AA   -5.811608921430   7.615431875824   0.046228370185 Bohr
[INPUT]  4 H     -4.076454000000   2.003745000000  -0.264199000000 AA   -7.703381619388   3.786529273467  -0.499263752384 Bohr
[INPUT]  5 B     -0.543961000000   2.745742000000  -0.062501000000 AA   -1.027937312445   5.188700388716  -0.118109772511 Bohr
[INPUT]  6 H     -1.716987000000   1.001954000000  -0.321375000000 AA   -3.244635189439   1.893418649412  -0.607310733282 Bohr
[INPUT]  7 C     -1.940769000000   4.795566000000   0.156709000000 AA   -3.667521881046   9.062306352276   0.296137091254 Bohr
[INPUT]  8 H     -3.955803000000   4.520826000000   0.060681000000 AA   -7.475384272733   8.543122996813   0.114670470965 Bohr
[INPUT]  9 C     -0.692355000000   4.252701000000   0.125341000000 AA   -1.308361330973   8.036440179664   0.236860162179 Bohr
[INPUT] 10 H      0.508724000000   2.160759000000  -0.104969000000 AA    0.961349032993   4.083242731189  -0.198362661569 Bohr
[INPUT] 11 H     -2.114918000000   5.866833000000   0.288726000000 AA   -3.996615795913  11.086707588560   0.545613065041 Bohr
[INPUT] 12 H      0.149139000000   4.936446000000   0.238054000000 AA    0.281831864492   9.328530968705   0.449856862857 Bohr

nuclear repulsion = 199.38178893494
number of shells = 132
number of NR pGTOs = 498
number of NR cGTOs = 414
basis = aug-cc-pvtz
ecp = {}
CPU time:     36889.12


******** <class 'pyscf.dft.rks.RKS'> flags ********
method = RKS-RHF
initial guess = minao
damping factor = 0
level shift factor = 0
DIIS = <class 'pyscf.scf.diis.CDIIS'>
DIIS start cycle = 1
DIIS space = 8
SCF tol = 1e-09
SCF gradient tol = None
max. SCF cycles = 120
direct_scf = True
direct_scf_tol = 1e-13
chkfile to save SCF result = c2b2n2h6.chk
max_memory 10000 MB (current use 200 MB)
XC functionals = pbe0
small_rho_cutoff = 1e-07
radial grids: 
    Treutler-Ahlrichs (JCP 102, 346 (M4)) radial grids
    
becke partition: Becke, JCP, 88, 2547 (1988)
pruning grids: <function nwchem_prune at 0x2ac488d175f0>
grids dens level: 4
symmetrized grids: 0
atomic radii adjust function: <function treutler_atomic_radii_adjust at 0x2ac488d17500>
Set gradient conv threshold to 3.16228e-05
tot grids = 264000
init E= -239.77083244428
  HOMO = -0.31738144993432  LUMO = -0.119674434126567
cycle= 1 E= -238.834859181524  delta_E= 0.936  |g|= 0.646  |ddm|= 4.21
  HOMO = -0.148049870237406  LUMO = -0.0117927567288706
cycle= 2 E= -238.751529972293  delta_E= 0.0833  |g|= 0.834  |ddm|= 1.32
  HOMO = -0.242077231497243  LUMO = -0.0162151785761357
cycle= 3 E= -238.939284750336  delta_E= -0.188  |g|= 0.0931  |ddm|= 0.644
  HOMO = -0.253235239354921  LUMO = -0.0234642963308907
cycle= 4 E= -238.940483742769  delta_E= -0.0012  |g|= 0.0646  |ddm|= 0.0957
  HOMO = -0.250617222264025  LUMO = -0.0213364188511093
cycle= 5 E= -238.941536584899  delta_E= -0.00105  |g|= 0.0085  |ddm|= 0.0428
  HOMO = -0.250824228189866  LUMO = -0.0214490396800126
cycle= 6 E= -238.94155233632  delta_E= -1.58e-05  |g|= 0.00327  |ddm|= 0.00795
  HOMO = -0.250832122588184  LUMO = -0.0213523147609937
cycle= 7 E= -238.941554550127  delta_E= -2.21e-06  |g|= 0.000574  |ddm|= 0.00238
  HOMO = -0.250828847565587  LUMO = -0.021357692410062
cycle= 8 E= -238.941554610923  delta_E= -6.08e-08  |g|= 0.000319  |ddm|= 0.000522
  HOMO = -0.250834099534756  LUMO = -0.0213645034297576
cycle= 9 E= -238.941554635452  delta_E= -2.45e-08  |g|= 5.36e-05  |ddm|= 0.000227
  HOMO = -0.250829738764137  LUMO = -0.0213617067182169
cycle= 10 E= -238.94155463607  delta_E= -6.17e-10  |g|= 2.89e-05  |ddm|= 5.97e-05
  HOMO = -0.250831211099643  LUMO = -0.0213605771757075
Extra cycle  E= -238.941554635851  delta_E= 2.18e-10  |g|= 4.27e-05  |ddm|= 3.86e-05
converged SCF energy = -238.941554635851
Electronic spatial extent <R**2> (au): 2752.6634
* Multipoles in the independent field-basis, Gauge -> (0,0,0)
Electronic Dipole moment(X, Y, Z, Debye): -376.8857, 689.9210, -3.3963
Nuclear Dipole moment(X, Y, Z, Debye): -378.6993, 690.7463, -3.3463
Total Dipole moment(X, Y, Z, Debye): -1.8136, 0.8253, 0.0501
Quadrupole moments (Debye-Angs)
Total Quadrupole moments (XX, YY, ZZ): -29.7479, -24.8890, -38.7522
Total Quadrupole moments (XY, XZ, YZ): -9.8709, -0.2640, 1.1599
Octupole moments (Debye-Angs**2)
Total Octupole moments (XXX, YYY, ZZZ, XYY): 171.7786, -283.8403, 1.7152, 6.9514
Total Octupole moments (XXY, XXZ, XZZ, YZZ): -78.8225, 2.6660, 70.5052, -132.7258
Total Octupole moments (YYZ, XYZ): 7.8542, -2.5783
Hexadecapole moments (Debye-Angs**3)
Total Hexadecapole moments (XXXX, YYYY, ZZZZ, XXXY): -944.9709, -2268.7792, -51.2165, 483.4573
Total Hexadecapole moments (XXXZ, YYYX, YYYZ, ZZZX): -17.3735, 335.5222, 32.9230, -8.4539
Total Hexadecapole moments (ZZZY, XXYY, XXZZ, YYZZ): -13.3592, -390.4137, -195.8185, -519.6523
Total Hexadecapole moments (XXYZ, YYXZ, ZZXY): 6.4615, -17.3768, 239.8220
