#INFO: **** input file is /home/jluis/src/git/db/molecules-wfn/pbe0/run_sp.py ****
#!/usr/bin/env python

import numpy, sys, os
from pyscf import lib, gto, scf, dft
from pyscf.tools import molden
from pyscf.data import radii

def read_molecule(path):

    charge = spin = 0
    with open(path, 'r') as myfile:
        output = myfile.read()
        output = output.lstrip()
        output = output.rstrip()
        output = output.split('\n')

    try:
        int(output[0])
    except ValueError:
        try:
            charge = int(output[0].split(' ')[0])
            spin = int(output[0].split(' ')[1]) - 1
        except ValueError:
            molecule = output
        else:
            molecule = '\n'.join(output[1:])
    else:
        if int(output[0]) == len(output) - 2:
            molecule = '\n'.join(output[2:])
            try:
                charge = int(output[1].split(' ')[0])
                spin = int(output[1].split(' ')[1])-1
            except ValueError:
                pass
        else:
            print "THIS IS NOT A VALID XYZ FILE"

    return (molecule, charge, spin)

directory = '../../molecules/'
files = [i for i in os.listdir(directory) if i.endswith('.xyz')]

for filename in files:

    name = filename[:-8]
    mol = gto.Mole()
    (mol.atom, charge, spin) = read_molecule(directory+filename)
    mol.basis = 'aug-cc-pvtz'
    mol.charge = charge
    mol.spin = spin
    mol.output = name+'.out'
    mol.symmetry = 0
    mol.max_memory = 10000
    mol.verbose = 4
    mol.build()

    mf = dft.RKS(mol) 
    mf.grids.level = 4
    mf.xc = 'pbe0'
    mf.max_cycle = 120
    mf.chkfile = name+'.chk'
    mf = scf.addons.remove_linear_dep_(mf)
    mf.kernel()

    dm = mf.make_rdm1()
    nao = mol.nao_nr()
    unit = 2.541746
    origin = ([0.0,0.0,0.0])
    charges = mol.atom_charges()
    coords  = mol.atom_coords()
    mol.set_common_orig(origin)
    r2 = mol.intor_symmetric('int1e_r2')
    r2 = numpy.einsum('ij,ji->', r2, dm)
    lib.logger.info(mf,'Electronic spatial extent <R**2> (au): %.4f', r2)

    lib.logger.info(mf,'* Multipoles in the independent field-basis, Gauge -> (0,0,0)')
    ao_dip = mol.intor_symmetric('int1e_r', comp=3)
    el_dip = numpy.einsum('xij,ji->x', ao_dip, dm)
    lib.logger.info(mf,'Electronic Dipole moment(X, Y, Z, Debye): %.4f, %.4f, %.4f', *el_dip*unit)
    nucl_dip = numpy.einsum('i,ix->x', charges, coords)
    lib.logger.info(mf,'Nuclear Dipole moment(X, Y, Z, Debye): %.4f, %.4f, %.4f', *nucl_dip*unit)
    mol_dip = (nucl_dip - el_dip) * unit
    lib.logger.info(mf,'Total Dipole moment(X, Y, Z, Debye): %.4f, %.4f, %.4f', *mol_dip)

    lib.logger.info(mf,'Quadrupole moments (Debye-Angs)')
    rr = mol.intor_symmetric('int1e_rr', comp=9).reshape(3,3,nao,nao)
    rr = -1.0*numpy.einsum('xyij,ji->xy', rr, dm)
    rr += numpy.einsum('z,zx,zy->xy', charges, coords, coords)
    rr = rr*unit*lib.param.BOHR
    lib.logger.info(mf,'Total Quadrupole moments (XX, YY, ZZ): %.4f, %.4f, %.4f', \
    rr[0,0], rr[1,1], rr[2,2])
    lib.logger.info(mf,'Total Quadrupole moments (XY, XZ, YZ): %.4f, %.4f, %.4f', \
    rr[0,1], rr[0,2], rr[1,2])
 
    lib.logger.info(mf,'Octupole moments (Debye-Angs**2)')
    rrr = mol.intor_symmetric('int1e_rrr', comp=27).reshape(3,3,3,nao,nao)
    rrr = -1.0*numpy.einsum('xyzij,ji->xyz', rrr, dm)
    rrr += numpy.einsum('z,zx,zy,zk->xyk', charges, coords, coords, coords)
    rrr = rrr*unit*lib.param.BOHR**2
    lib.logger.info(mf,'Total Octupole moments (XXX, YYY, ZZZ, XYY): %.4f, %.4f, %.4f, %.4f', \
    rrr[0,0,0], rrr[1,1,1], rrr[2,2,2], rrr[0,1,1])
    lib.logger.info(mf,'Total Octupole moments (XXY, XXZ, XZZ, YZZ): %.4f, %.4f, %.4f, %.4f', \
    rrr[0,0,1], rrr[0,0,2], rrr[0,2,2], rrr[1,2,2])
    lib.logger.info(mf,'Total Octupole moments (YYZ, XYZ): %.4f, %.4f', rrr[1,1,2], rrr[0,1,2])

    lib.logger.info(mf,'Hexadecapole moments (Debye-Angs**3)')
    rrrr = mol.intor_symmetric('int1e_rrrr', comp=81).reshape(3,3,3,3,nao,nao)
    rrrr = -1.0*numpy.einsum('xyzwij,ji->xyzw', rrrr, dm)
    rrrr += numpy.einsum('z,zx,zy,zk,zw->xykw', charges, coords, coords, coords, coords)
    rrrr = rrrr*unit*lib.param.BOHR**3
    lib.logger.info(mf,'Total Hexadecapole moments (XXXX, YYYY, ZZZZ, XXXY): %.4f, %.4f, %.4f, %.4f', \
    rrrr[0,0,0,0], rrrr[1,1,1,1], rrrr[2,2,2,2], rrrr[0,0,0,1])
    lib.logger.info(mf,'Total Hexadecapole moments (XXXZ, YYYX, YYYZ, ZZZX): %.4f, %.4f, %.4f, %.4f', \
    rrrr[0,0,0,2], rrrr[1,1,1,0], rrrr[1,1,1,2], rrrr[2,2,2,0])
    lib.logger.info(mf,'Total Hexadecapole moments (ZZZY, XXYY, XXZZ, YYZZ): %.4f, %.4f, %.4f, %.4f', \
    rrrr[2,2,2,1], rrrr[0,0,1,1], rrrr[0,0,2,2], rrrr[1,1,2,2])
    lib.logger.info(mf,'Total Hexadecapole moments (XXYZ, YYXZ, ZZXY): %.4f, %.4f, %.4f', \
    rrrr[0,0,1,2], rrrr[1,1,0,2], rrrr[2,2,0,1])
     
    coeff = mf.mo_coeff[:,mf.mo_occ>0]
    occ = mf.mo_occ[mf.mo_occ>0]
    energy = mf.mo_energy[mf.mo_occ>0]
    den_file = name+'.mol'
    fspt = open(den_file,'w')
    molden.header(mol, fspt)
    molden.orbital_coeff(mol, fspt, coeff, ene=energy, occ=occ) 
    fspt.close()                    
    cmd = '/home/jluis/bin/molden2aim '+name
    os.system(cmd)
    den_file = name+'.wfn'
    fspt = open(den_file,'a')
    fspt.write('RHF\n')
    fspt.close()                    

    pmd_file = name+'.pmd'
    fspt = open(pmd_file,'w')
    fspt.write('%s.wfn\n' % (name))
    if (mol.symmetry == False):
        fspt.write('nosymmetry\n')
    fspt.write('tes\n')
    fspt.write('  epsiscp 0.220\n')
    fspt.write('  radialquad 7\n')
    fspt.write('  rmapping 2\n')
    fspt.write('  lmax 10\n')
    fspt.write('  nr 551\n')
    fspt.write('  lebedev 5810\n')
    fspt.write('  betasphere\n')
    for ia in range(mol.natm):
        symb = mol.atom_pure_symbol(ia)
        inuc = lib.parameters.NUC[symb]
        betarad = radii.COVALENT[inuc]/3.5
        fspt.write('  betaradw %d %1.3f\n' % ((ia+1),betarad))
    fspt.write('  radialquadbeta 7\n')
    fspt.write('  rmappingbeta 3\n')
    fspt.write('  lmaxbeta 8\n')
    fspt.write('  nrb 451\n')
    fspt.write('  lebedevbeta 3074\n')
    fspt.write('  dafh\n')
    fspt.write('endtes')
    fspt.close()                    

    cmd = 'rm '+name+'.mol'
    os.system(cmd)

#INFO: ******************** input file end ********************


System: ('Linux', 'silicio', '3.16.0-4-amd64', '#1 SMP Debian 3.16.51-3 (2017-12-13)', 'x86_64', '')  Threads 12
Python 2.7.14 (default, Apr  9 2018, 16:34:43) 
[GCC 7.3.0]
numpy 1.14.2  scipy 1.0.1
Date: Fri Jun 29 15:59:22 2018
PySCF version 1.5
PySCF path  /home/jluis/src/pyscf/pyscf
GIT ORIG_HEAD f2dbb26d09ae5148fbf5975669a994500ac7a4c9
GIT HEAD      ref: refs/heads/master
GIT master branch  f2dbb26d09ae5148fbf5975669a994500ac7a4c9

[ENV] PYSCF_TMPDIR /scratch-ssd/jluis
[CONFIG] conf_file None
[INPUT] verbose = 4
[INPUT] num. atoms = 8
[INPUT] num. electrons = 24
[INPUT] charge = 0
[INPUT] spin (= nelec alpha-beta = 2S) = 0
[INPUT] symmetry 0 subgroup None
[INPUT] Mole.unit = angstrom
[INPUT]  1 C     -6.555992000000   4.054368000000  -1.185193000000 AA  -12.389029354840   7.661645128201  -2.239690174752 Bohr
[INPUT]  2 C     -5.317424000000   3.285694000000  -0.842853000000 AA  -10.048475048189   6.209061789127  -1.592761333268 Bohr
[INPUT]  3 N     -4.106439000000   3.644312000000  -0.989006000000 AA   -7.760045057233   6.886751592466  -1.868950475552 Bohr
[INPUT]  4 H     -7.165056000000   3.489254000000  -1.906935000000 AA  -13.539993507172   6.593734439043  -3.603584887347 Bohr
[INPUT]  5 H     -6.318006000000   5.038460000000  -1.610188000000 AA  -11.939300993359   9.521309489576  -3.042814329061 Bohr
[INPUT]  6 H     -7.176731000000   4.191670000000  -0.286818000000 AA  -13.562056059676   7.921108304556  -0.542007467596 Bohr
[INPUT]  7 H     -5.483666000000   2.286231000000  -0.411186000000 AA  -10.362626898589   4.320350447491  -0.777028926255 Bohr
[INPUT]  8 H     -4.060736000000   4.585292000000  -1.396391000000 AA   -7.673678904162   8.664946081159  -2.638796552808 Bohr

nuclear repulsion = 70.8077481881249
number of shells = 84
number of NR pGTOs = 299
number of NR cGTOs = 253
basis = aug-cc-pvtz
ecp = {}
CPU time:      7551.09


******** <class 'pyscf.dft.rks.RKS'> flags ********
method = RKS-RHF
initial guess = minao
damping factor = 0
level shift factor = 0
DIIS = <class 'pyscf.scf.diis.CDIIS'>
DIIS start cycle = 1
DIIS space = 8
SCF tol = 1e-09
SCF gradient tol = None
max. SCF cycles = 120
direct_scf = True
direct_scf_tol = 1e-13
chkfile to save SCF result = c2h4nh.chk
max_memory 10000 MB (current use 150 MB)
XC functionals = pbe0
small_rho_cutoff = 1e-07
radial grids: 
    Treutler-Ahlrichs (JCP 102, 346 (M4)) radial grids
    
becke partition: Becke, JCP, 88, 2547 (1988)
pruning grids: <function nwchem_prune at 0x2ac488d175f0>
grids dens level: 4
symmetrized grids: 0
atomic radii adjust function: <function treutler_atomic_radii_adjust at 0x2ac488d17500>
Set gradient conv threshold to 3.16228e-05
tot grids = 165336
init E= -134.018030000567
  HOMO = -0.333548955539419  LUMO = -0.103066637802968
cycle= 1 E= -133.782707455513  delta_E= 0.235  |g|= 0.475  |ddm|= 2.39
  HOMO = -0.198923449922066  LUMO = 0.00226512410803474
cycle= 2 E= -133.77629965768  delta_E= 0.00641  |g|= 0.501  |ddm|= 0.65
  HOMO = -0.283524028139121  LUMO = -0.00962158401906389
cycle= 3 E= -133.83801080312  delta_E= -0.0617  |g|= 0.0494  |ddm|= 0.313
  HOMO = -0.27689841492422  LUMO = -0.00637642574257742
cycle= 4 E= -133.838203833568  delta_E= -0.000193  |g|= 0.0366  |ddm|= 0.0381
  HOMO = -0.280411217120061  LUMO = -0.00636072415872263
cycle= 5 E= -133.838497025982  delta_E= -0.000293  |g|= 0.00398  |ddm|= 0.0199
  HOMO = -0.280577941666038  LUMO = -0.00675042824876531
cycle= 6 E= -133.838500373375  delta_E= -3.35e-06  |g|= 0.00125  |ddm|= 0.00315
  HOMO = -0.280467239786912  LUMO = -0.00661004628172807
cycle= 7 E= -133.83850070868  delta_E= -3.35e-07  |g|= 0.000275  |ddm|= 0.000842
  HOMO = -0.280491258395369  LUMO = -0.00663328573223748
cycle= 8 E= -133.838500724761  delta_E= -1.61e-08  |g|= 5.66e-05  |ddm|= 0.000181
  HOMO = -0.280493624054565  LUMO = -0.00663108613363165
cycle= 9 E= -133.838500725632  delta_E= -8.71e-10  |g|= 8.72e-06  |ddm|= 4.77e-05
  HOMO = -0.280494802406152  LUMO = -0.00663068795777246
Extra cycle  E= -133.838500725628  delta_E= 3.64e-12  |g|= 1.03e-05  |ddm|= 1.32e-05
converged SCF energy = -133.838500725628
Electronic spatial extent <R**2> (au): 3950.6022
* Multipoles in the independent field-basis, Gauge -> (0,0,0)
Electronic Dipole moment(X, Y, Z, Debye): -622.8975, 427.3394, -118.2768
Nuclear Dipole moment(X, Y, Z, Debye): -625.3280, 428.1646, -118.6528
Total Dipole moment(X, Y, Z, Debye): -2.4305, 0.8253, -0.3760
Quadrupole moments (Debye-Angs)
Total Quadrupole moments (XX, YY, ZZ): 3.5653, -11.9396, -18.8338
Total Quadrupole moments (XY, XZ, YZ): -11.3349, 3.5797, -3.0422
Octupole moments (Debye-Angs**2)
Total Octupole moments (XXX, YYY, ZZZ, XYY): 148.2291, -166.4473, 59.0929, 48.0888
Total Octupole moments (XXY, XXZ, XZZ, YZZ): 17.7469, -5.9649, 100.2621, -67.2449
Total Octupole moments (YYZ, XYZ): 1.0072, 18.9385
Hexadecapole moments (Debye-Angs**3)
Total Hexadecapole moments (XXXX, YYYY, ZZZZ, XXXY): -2472.0912, -1363.4624, -154.9841, 566.6367
Total Hexadecapole moments (XXXZ, YYYX, YYYZ, ZZZX): -158.5637, 887.9672, 119.8096, -322.5315
Total Hexadecapole moments (ZZZY, XXYY, XXZZ, YYZZ): 220.9660, -492.5430, -585.8264, -271.8597
Total Hexadecapole moments (XXYZ, YYXZ, ZZXY): -36.6155, -11.1306, 366.0777
