#INFO: **** input file is /home/jluis/src/git/db/molecules-wfn/pbe0/run_sp.py ****
#!/usr/bin/env python

import numpy, sys, os
from pyscf import lib, gto, scf, dft
from pyscf.tools import molden
from pyscf.data import radii

def read_molecule(path):

    charge = spin = 0
    with open(path, 'r') as myfile:
        output = myfile.read()
        output = output.lstrip()
        output = output.rstrip()
        output = output.split('\n')

    try:
        int(output[0])
    except ValueError:
        try:
            charge = int(output[0].split(' ')[0])
            spin = int(output[0].split(' ')[1]) - 1
        except ValueError:
            molecule = output
        else:
            molecule = '\n'.join(output[1:])
    else:
        if int(output[0]) == len(output) - 2:
            molecule = '\n'.join(output[2:])
            try:
                charge = int(output[1].split(' ')[0])
                spin = int(output[1].split(' ')[1])-1
            except ValueError:
                pass
        else:
            print "THIS IS NOT A VALID XYZ FILE"

    return (molecule, charge, spin)

directory = '../../molecules/'
files = [i for i in os.listdir(directory) if i.endswith('.xyz')]

for filename in files:

    name = filename[:-8]
    mol = gto.Mole()
    (mol.atom, charge, spin) = read_molecule(directory+filename)
    mol.basis = 'aug-cc-pvtz'
    mol.charge = charge
    mol.spin = spin
    mol.output = name+'.out'
    mol.symmetry = 0
    mol.max_memory = 10000
    mol.verbose = 4
    mol.build()

    mf = dft.RKS(mol) 
    mf.grids.level = 4
    mf.xc = 'pbe0'
    mf.max_cycle = 120
    mf.chkfile = name+'.chk'
    mf = scf.addons.remove_linear_dep_(mf)
    mf.kernel()

    dm = mf.make_rdm1()
    nao = mol.nao_nr()
    unit = 2.541746
    origin = ([0.0,0.0,0.0])
    charges = mol.atom_charges()
    coords  = mol.atom_coords()
    mol.set_common_orig(origin)
    r2 = mol.intor_symmetric('int1e_r2')
    r2 = numpy.einsum('ij,ji->', r2, dm)
    lib.logger.info(mf,'Electronic spatial extent <R**2> (au): %.4f', r2)

    lib.logger.info(mf,'* Multipoles in the independent field-basis, Gauge -> (0,0,0)')
    ao_dip = mol.intor_symmetric('int1e_r', comp=3)
    el_dip = numpy.einsum('xij,ji->x', ao_dip, dm)
    lib.logger.info(mf,'Electronic Dipole moment(X, Y, Z, Debye): %.4f, %.4f, %.4f', *el_dip*unit)
    nucl_dip = numpy.einsum('i,ix->x', charges, coords)
    lib.logger.info(mf,'Nuclear Dipole moment(X, Y, Z, Debye): %.4f, %.4f, %.4f', *nucl_dip*unit)
    mol_dip = (nucl_dip - el_dip) * unit
    lib.logger.info(mf,'Total Dipole moment(X, Y, Z, Debye): %.4f, %.4f, %.4f', *mol_dip)

    lib.logger.info(mf,'Quadrupole moments (Debye-Angs)')
    rr = mol.intor_symmetric('int1e_rr', comp=9).reshape(3,3,nao,nao)
    rr = -1.0*numpy.einsum('xyij,ji->xy', rr, dm)
    rr += numpy.einsum('z,zx,zy->xy', charges, coords, coords)
    rr = rr*unit*lib.param.BOHR
    lib.logger.info(mf,'Total Quadrupole moments (XX, YY, ZZ): %.4f, %.4f, %.4f', \
    rr[0,0], rr[1,1], rr[2,2])
    lib.logger.info(mf,'Total Quadrupole moments (XY, XZ, YZ): %.4f, %.4f, %.4f', \
    rr[0,1], rr[0,2], rr[1,2])
 
    lib.logger.info(mf,'Octupole moments (Debye-Angs**2)')
    rrr = mol.intor_symmetric('int1e_rrr', comp=27).reshape(3,3,3,nao,nao)
    rrr = -1.0*numpy.einsum('xyzij,ji->xyz', rrr, dm)
    rrr += numpy.einsum('z,zx,zy,zk->xyk', charges, coords, coords, coords)
    rrr = rrr*unit*lib.param.BOHR**2
    lib.logger.info(mf,'Total Octupole moments (XXX, YYY, ZZZ, XYY): %.4f, %.4f, %.4f, %.4f', \
    rrr[0,0,0], rrr[1,1,1], rrr[2,2,2], rrr[0,1,1])
    lib.logger.info(mf,'Total Octupole moments (XXY, XXZ, XZZ, YZZ): %.4f, %.4f, %.4f, %.4f', \
    rrr[0,0,1], rrr[0,0,2], rrr[0,2,2], rrr[1,2,2])
    lib.logger.info(mf,'Total Octupole moments (YYZ, XYZ): %.4f, %.4f', rrr[1,1,2], rrr[0,1,2])

    lib.logger.info(mf,'Hexadecapole moments (Debye-Angs**3)')
    rrrr = mol.intor_symmetric('int1e_rrrr', comp=81).reshape(3,3,3,3,nao,nao)
    rrrr = -1.0*numpy.einsum('xyzwij,ji->xyzw', rrrr, dm)
    rrrr += numpy.einsum('z,zx,zy,zk,zw->xykw', charges, coords, coords, coords, coords)
    rrrr = rrrr*unit*lib.param.BOHR**3
    lib.logger.info(mf,'Total Hexadecapole moments (XXXX, YYYY, ZZZZ, XXXY): %.4f, %.4f, %.4f, %.4f', \
    rrrr[0,0,0,0], rrrr[1,1,1,1], rrrr[2,2,2,2], rrrr[0,0,0,1])
    lib.logger.info(mf,'Total Hexadecapole moments (XXXZ, YYYX, YYYZ, ZZZX): %.4f, %.4f, %.4f, %.4f', \
    rrrr[0,0,0,2], rrrr[1,1,1,0], rrrr[1,1,1,2], rrrr[2,2,2,0])
    lib.logger.info(mf,'Total Hexadecapole moments (ZZZY, XXYY, XXZZ, YYZZ): %.4f, %.4f, %.4f, %.4f', \
    rrrr[2,2,2,1], rrrr[0,0,1,1], rrrr[0,0,2,2], rrrr[1,1,2,2])
    lib.logger.info(mf,'Total Hexadecapole moments (XXYZ, YYXZ, ZZXY): %.4f, %.4f, %.4f', \
    rrrr[0,0,1,2], rrrr[1,1,0,2], rrrr[2,2,0,1])
     
    coeff = mf.mo_coeff[:,mf.mo_occ>0]
    occ = mf.mo_occ[mf.mo_occ>0]
    energy = mf.mo_energy[mf.mo_occ>0]
    den_file = name+'.mol'
    fspt = open(den_file,'w')
    molden.header(mol, fspt)
    molden.orbital_coeff(mol, fspt, coeff, ene=energy, occ=occ) 
    fspt.close()                    
    cmd = '/home/jluis/bin/molden2aim '+name
    os.system(cmd)
    den_file = name+'.wfn'
    fspt = open(den_file,'a')
    fspt.write('RHF\n')
    fspt.close()                    

    pmd_file = name+'.pmd'
    fspt = open(pmd_file,'w')
    fspt.write('%s.wfn\n' % (name))
    if (mol.symmetry == False):
        fspt.write('nosymmetry\n')
    fspt.write('tes\n')
    fspt.write('  epsiscp 0.220\n')
    fspt.write('  radialquad 7\n')
    fspt.write('  rmapping 2\n')
    fspt.write('  lmax 10\n')
    fspt.write('  nr 551\n')
    fspt.write('  lebedev 5810\n')
    fspt.write('  betasphere\n')
    for ia in range(mol.natm):
        symb = mol.atom_pure_symbol(ia)
        inuc = lib.parameters.NUC[symb]
        betarad = radii.COVALENT[inuc]/3.5
        fspt.write('  betaradw %d %1.3f\n' % ((ia+1),betarad))
    fspt.write('  radialquadbeta 7\n')
    fspt.write('  rmappingbeta 3\n')
    fspt.write('  lmaxbeta 8\n')
    fspt.write('  nrb 451\n')
    fspt.write('  lebedevbeta 3074\n')
    fspt.write('  dafh\n')
    fspt.write('endtes')
    fspt.close()                    

    cmd = 'rm '+name+'.mol'
    os.system(cmd)

#INFO: ******************** input file end ********************


System: ('Linux', 'silicio', '3.16.0-4-amd64', '#1 SMP Debian 3.16.51-3 (2017-12-13)', 'x86_64', '')  Threads 12
Python 2.7.14 (default, Apr  9 2018, 16:34:43) 
[GCC 7.3.0]
numpy 1.14.2  scipy 1.0.1
Date: Fri Jun 29 18:25:04 2018
PySCF version 1.5
PySCF path  /home/jluis/src/pyscf/pyscf
GIT ORIG_HEAD f2dbb26d09ae5148fbf5975669a994500ac7a4c9
GIT HEAD      ref: refs/heads/master
GIT master branch  f2dbb26d09ae5148fbf5975669a994500ac7a4c9

[ENV] PYSCF_TMPDIR /scratch-ssd/jluis
[CONFIG] conf_file None
[INPUT] verbose = 4
[INPUT] num. atoms = 9
[INPUT] num. electrons = 34
[INPUT] charge = 0
[INPUT] spin (= nelec alpha-beta = 2S) = 0
[INPUT] symmetry 0 subgroup None
[INPUT] Mole.unit = angstrom
[INPUT]  1 S     -5.252157000000   2.645786000000   0.361796000000 AA   -9.925138293217   4.999810924208   0.683695352963 Bohr
[INPUT]  2 C     -3.448949000000   2.695698000000   0.203358000000 AA   -6.517569027593   5.094130934538   0.384290925239 Bohr
[INPUT]  3 C     -5.697631000000   2.996925000000  -1.357918000000 AA  -10.766962148832   5.663367465862  -2.566093119617 Bohr
[INPUT]  4 H     -3.028107000000   2.494557000000   1.196159000000 AA   -5.722292905878   4.714029532117   2.260412911434 Bohr
[INPUT]  5 H     -3.110353000000   3.685769000000  -0.130874000000 AA   -5.877715320719   6.965093968412  -0.247316016826 Bohr
[INPUT]  6 H     -3.093575000000   1.925495000000  -0.494580000000 AA   -5.846009495801   3.638658204219  -0.934620746687 Bohr
[INPUT]  7 H     -5.324169000000   3.982295000000  -1.668027000000 AA  -10.061221250899   7.525446897225  -3.152114198380 Bohr
[INPUT]  8 H     -6.792910000000   2.998968000000  -1.417723000000 AA  -12.836739488819   5.667228176335  -2.679108190497 Bohr
[INPUT]  9 H     -5.307639000000   2.222018000000  -2.031743000000 AA  -10.029984078060   4.199005463854  -3.839437825502 Bohr

nuclear repulsion = 110.573890597221
number of shells = 93
number of NR pGTOs = 341
number of NR cGTOs = 280
basis = aug-cc-pvtz
ecp = {}
CPU time:    100582.33


******** <class 'pyscf.dft.rks.RKS'> flags ********
method = RKS-RHF
initial guess = minao
damping factor = 0
level shift factor = 0
DIIS = <class 'pyscf.scf.diis.CDIIS'>
DIIS start cycle = 1
DIIS space = 8
SCF tol = 1e-09
SCF gradient tol = None
max. SCF cycles = 120
direct_scf = True
direct_scf_tol = 1e-13
chkfile to save SCF result = c2h6s.chk
max_memory 10000 MB (current use 213 MB)
XC functionals = pbe0
small_rho_cutoff = 1e-07
radial grids: 
    Treutler-Ahlrichs (JCP 102, 346 (M4)) radial grids
    
becke partition: Becke, JCP, 88, 2547 (1988)
pruning grids: <function nwchem_prune at 0x2ac488d175f0>
grids dens level: 4
symmetrized grids: 0
atomic radii adjust function: <function treutler_atomic_radii_adjust at 0x2ac488d17500>
Set gradient conv threshold to 3.16228e-05
tot grids = 181954
init E= -477.864092452711
  HOMO = -0.272466389697879  LUMO = -0.0490069536920191
cycle= 1 E= -477.762489172078  delta_E= 0.102  |g|= 0.484  |ddm|= 2.31
  HOMO = -0.192094589466529  LUMO = 0.00502150686154123
cycle= 2 E= -477.748042905359  delta_E= 0.0144  |g|= 0.525  |ddm|= 0.673
  HOMO = -0.225773627806234  LUMO = -0.00443728365995061
cycle= 3 E= -477.818340803618  delta_E= -0.0703  |g|= 0.0457  |ddm|= 0.329
  HOMO = -0.233054953740277  LUMO = -0.00348254762624521
cycle= 4 E= -477.818940591569  delta_E= -0.0006  |g|= 0.0125  |ddm|= 0.0464
  HOMO = -0.231143792474355  LUMO = -0.00364439282538742
cycle= 5 E= -477.818980714543  delta_E= -4.01e-05  |g|= 0.00313  |ddm|= 0.0123
  HOMO = -0.231762656997569  LUMO = -0.00366646269742669
cycle= 6 E= -477.818983071802  delta_E= -2.36e-06  |g|= 0.000547  |ddm|= 0.00259
  HOMO = -0.231632705829602  LUMO = -0.00366303671592457
cycle= 7 E= -477.818983161863  delta_E= -9.01e-08  |g|= 0.000127  |ddm|= 0.000702
  HOMO = -0.231649768468106  LUMO = -0.00366429873621119
cycle= 8 E= -477.818983165757  delta_E= -3.89e-09  |g|= 1.05e-05  |ddm|= 0.000135
  HOMO = -0.231649051487878  LUMO = -0.0036640218328996
cycle= 9 E= -477.818983165773  delta_E= -1.66e-11  |g|= 1.61e-06  |ddm|= 2.21e-05
  HOMO = -0.231649329209693  LUMO = -0.00366406456856999
Extra cycle  E= -477.818983165774  delta_E= -1.02e-12  |g|= 9.15e-07  |ddm|= 2.85e-06
converged SCF energy = -477.818983165774
Electronic spatial extent <R**2> (au): 4084.7320
* Multipoles in the independent field-basis, Gauge -> (0,0,0)
Electronic Dipole moment(X, Y, Z, Debye): -796.2099, 450.2505, -26.0081
Nuclear Dipole moment(X, Y, Z, Debye): -795.2700, 450.5281, -27.3082
Total Dipole moment(X, Y, Z, Debye): 0.9398, 0.2776, -1.3001
Quadrupole moments (Debye-Angs)
Total Quadrupole moments (XX, YY, ZZ): -34.7383, -27.1450, -26.6741
Total Quadrupole moments (XY, XZ, YZ): 0.8513, 8.2045, -3.9504
Octupole moments (Debye-Angs**2)
Total Octupole moments (XXX, YYY, ZZZ, XYY): 438.2105, -229.2532, 14.2800, 139.2329
Total Octupole moments (XXY, XXZ, XZZ, YZZ): -85.4473, -45.1460, 131.0795, -74.7973
Total Octupole moments (YYZ, XYZ): -9.5582, 24.5415
Hexadecapole moments (Debye-Angs**3)
Total Hexadecapole moments (XXXX, YYYY, ZZZZ, XXXY): -4211.7514, -1321.6856, -150.6452, 1153.3315
Total Hexadecapole moments (XXXZ, YYYX, YYYZ, ZZZX): 202.4993, 1149.4315, -7.0110, -95.3653
Total Hexadecapole moments (ZZZY, XXYY, XXZZ, YYZZ): 49.5996, -947.8785, -698.9215, -243.0413
Total Hexadecapole moments (XXYZ, YYXZ, ZZXY): -131.6588, 51.6942, 368.4500
