#INFO: **** input file is /home/jluis/src/git/db/molecules-wfn/pbe0/run_sp.py ****
#!/usr/bin/env python

import numpy, sys, os
from pyscf import lib, gto, scf, dft
from pyscf.tools import molden
from pyscf.data import radii

def read_molecule(path):

    charge = spin = 0
    with open(path, 'r') as myfile:
        output = myfile.read()
        output = output.lstrip()
        output = output.rstrip()
        output = output.split('\n')

    try:
        int(output[0])
    except ValueError:
        try:
            charge = int(output[0].split(' ')[0])
            spin = int(output[0].split(' ')[1]) - 1
        except ValueError:
            molecule = output
        else:
            molecule = '\n'.join(output[1:])
    else:
        if int(output[0]) == len(output) - 2:
            molecule = '\n'.join(output[2:])
            try:
                charge = int(output[1].split(' ')[0])
                spin = int(output[1].split(' ')[1])-1
            except ValueError:
                pass
        else:
            print "THIS IS NOT A VALID XYZ FILE"

    return (molecule, charge, spin)

directory = '../../molecules/'
files = [i for i in os.listdir(directory) if i.endswith('.xyz')]

for filename in files:

    name = filename[:-8]
    mol = gto.Mole()
    (mol.atom, charge, spin) = read_molecule(directory+filename)
    mol.basis = 'aug-cc-pvtz'
    mol.charge = charge
    mol.spin = spin
    mol.output = name+'.out'
    mol.symmetry = 0
    mol.max_memory = 10000
    mol.verbose = 4
    mol.build()

    mf = dft.RKS(mol) 
    mf.grids.level = 4
    mf.xc = 'pbe0'
    mf.max_cycle = 120
    mf.chkfile = name+'.chk'
    mf = scf.addons.remove_linear_dep_(mf)
    mf.kernel()

    dm = mf.make_rdm1()
    nao = mol.nao_nr()
    unit = 2.541746
    origin = ([0.0,0.0,0.0])
    charges = mol.atom_charges()
    coords  = mol.atom_coords()
    mol.set_common_orig(origin)
    r2 = mol.intor_symmetric('int1e_r2')
    r2 = numpy.einsum('ij,ji->', r2, dm)
    lib.logger.info(mf,'Electronic spatial extent <R**2> (au): %.4f', r2)

    lib.logger.info(mf,'* Multipoles in the independent field-basis, Gauge -> (0,0,0)')
    ao_dip = mol.intor_symmetric('int1e_r', comp=3)
    el_dip = numpy.einsum('xij,ji->x', ao_dip, dm)
    lib.logger.info(mf,'Electronic Dipole moment(X, Y, Z, Debye): %.4f, %.4f, %.4f', *el_dip*unit)
    nucl_dip = numpy.einsum('i,ix->x', charges, coords)
    lib.logger.info(mf,'Nuclear Dipole moment(X, Y, Z, Debye): %.4f, %.4f, %.4f', *nucl_dip*unit)
    mol_dip = (nucl_dip - el_dip) * unit
    lib.logger.info(mf,'Total Dipole moment(X, Y, Z, Debye): %.4f, %.4f, %.4f', *mol_dip)

    lib.logger.info(mf,'Quadrupole moments (Debye-Angs)')
    rr = mol.intor_symmetric('int1e_rr', comp=9).reshape(3,3,nao,nao)
    rr = -1.0*numpy.einsum('xyij,ji->xy', rr, dm)
    rr += numpy.einsum('z,zx,zy->xy', charges, coords, coords)
    rr = rr*unit*lib.param.BOHR
    lib.logger.info(mf,'Total Quadrupole moments (XX, YY, ZZ): %.4f, %.4f, %.4f', \
    rr[0,0], rr[1,1], rr[2,2])
    lib.logger.info(mf,'Total Quadrupole moments (XY, XZ, YZ): %.4f, %.4f, %.4f', \
    rr[0,1], rr[0,2], rr[1,2])
 
    lib.logger.info(mf,'Octupole moments (Debye-Angs**2)')
    rrr = mol.intor_symmetric('int1e_rrr', comp=27).reshape(3,3,3,nao,nao)
    rrr = -1.0*numpy.einsum('xyzij,ji->xyz', rrr, dm)
    rrr += numpy.einsum('z,zx,zy,zk->xyk', charges, coords, coords, coords)
    rrr = rrr*unit*lib.param.BOHR**2
    lib.logger.info(mf,'Total Octupole moments (XXX, YYY, ZZZ, XYY): %.4f, %.4f, %.4f, %.4f', \
    rrr[0,0,0], rrr[1,1,1], rrr[2,2,2], rrr[0,1,1])
    lib.logger.info(mf,'Total Octupole moments (XXY, XXZ, XZZ, YZZ): %.4f, %.4f, %.4f, %.4f', \
    rrr[0,0,1], rrr[0,0,2], rrr[0,2,2], rrr[1,2,2])
    lib.logger.info(mf,'Total Octupole moments (YYZ, XYZ): %.4f, %.4f', rrr[1,1,2], rrr[0,1,2])

    lib.logger.info(mf,'Hexadecapole moments (Debye-Angs**3)')
    rrrr = mol.intor_symmetric('int1e_rrrr', comp=81).reshape(3,3,3,3,nao,nao)
    rrrr = -1.0*numpy.einsum('xyzwij,ji->xyzw', rrrr, dm)
    rrrr += numpy.einsum('z,zx,zy,zk,zw->xykw', charges, coords, coords, coords, coords)
    rrrr = rrrr*unit*lib.param.BOHR**3
    lib.logger.info(mf,'Total Hexadecapole moments (XXXX, YYYY, ZZZZ, XXXY): %.4f, %.4f, %.4f, %.4f', \
    rrrr[0,0,0,0], rrrr[1,1,1,1], rrrr[2,2,2,2], rrrr[0,0,0,1])
    lib.logger.info(mf,'Total Hexadecapole moments (XXXZ, YYYX, YYYZ, ZZZX): %.4f, %.4f, %.4f, %.4f', \
    rrrr[0,0,0,2], rrrr[1,1,1,0], rrrr[1,1,1,2], rrrr[2,2,2,0])
    lib.logger.info(mf,'Total Hexadecapole moments (ZZZY, XXYY, XXZZ, YYZZ): %.4f, %.4f, %.4f, %.4f', \
    rrrr[2,2,2,1], rrrr[0,0,1,1], rrrr[0,0,2,2], rrrr[1,1,2,2])
    lib.logger.info(mf,'Total Hexadecapole moments (XXYZ, YYXZ, ZZXY): %.4f, %.4f, %.4f', \
    rrrr[0,0,1,2], rrrr[1,1,0,2], rrrr[2,2,0,1])
     
    coeff = mf.mo_coeff[:,mf.mo_occ>0]
    occ = mf.mo_occ[mf.mo_occ>0]
    energy = mf.mo_energy[mf.mo_occ>0]
    den_file = name+'.mol'
    fspt = open(den_file,'w')
    molden.header(mol, fspt)
    molden.orbital_coeff(mol, fspt, coeff, ene=energy, occ=occ) 
    fspt.close()                    
    cmd = '/home/jluis/bin/molden2aim '+name
    os.system(cmd)
    den_file = name+'.wfn'
    fspt = open(den_file,'a')
    fspt.write('RHF\n')
    fspt.close()                    

    pmd_file = name+'.pmd'
    fspt = open(pmd_file,'w')
    fspt.write('%s.wfn\n' % (name))
    if (mol.symmetry == False):
        fspt.write('nosymmetry\n')
    fspt.write('tes\n')
    fspt.write('  epsiscp 0.220\n')
    fspt.write('  radialquad 7\n')
    fspt.write('  rmapping 2\n')
    fspt.write('  lmax 10\n')
    fspt.write('  nr 551\n')
    fspt.write('  lebedev 5810\n')
    fspt.write('  betasphere\n')
    for ia in range(mol.natm):
        symb = mol.atom_pure_symbol(ia)
        inuc = lib.parameters.NUC[symb]
        betarad = radii.COVALENT[inuc]/3.5
        fspt.write('  betaradw %d %1.3f\n' % ((ia+1),betarad))
    fspt.write('  radialquadbeta 7\n')
    fspt.write('  rmappingbeta 3\n')
    fspt.write('  lmaxbeta 8\n')
    fspt.write('  nrb 451\n')
    fspt.write('  lebedevbeta 3074\n')
    fspt.write('  dafh\n')
    fspt.write('endtes')
    fspt.close()                    

    cmd = 'rm '+name+'.mol'
    os.system(cmd)

#INFO: ******************** input file end ********************


System: ('Linux', 'silicio', '3.16.0-4-amd64', '#1 SMP Debian 3.16.51-3 (2017-12-13)', 'x86_64', '')  Threads 12
Python 2.7.14 (default, Apr  9 2018, 16:34:43) 
[GCC 7.3.0]
numpy 1.14.2  scipy 1.0.1
Date: Fri Jun 29 17:33:46 2018
PySCF version 1.5
PySCF path  /home/jluis/src/pyscf/pyscf
GIT ORIG_HEAD f2dbb26d09ae5148fbf5975669a994500ac7a4c9
GIT HEAD      ref: refs/heads/master
GIT master branch  f2dbb26d09ae5148fbf5975669a994500ac7a4c9

[ENV] PYSCF_TMPDIR /scratch-ssd/jluis
[CONFIG] conf_file None
[INPUT] verbose = 4
[INPUT] num. atoms = 10
[INPUT] num. electrons = 60
[INPUT] charge = 0
[INPUT] spin (= nelec alpha-beta = 2S) = 0
[INPUT] symmetry 0 subgroup None
[INPUT] Mole.unit = angstrom
[INPUT]  1 N     -0.929520000000   0.371454000000   0.000000000000 AA   -1.756538227306   0.701946327874   0.000000000000 Bohr
[INPUT]  2 Br     0.657375000000  -0.711413000000   0.000000000000 AA    1.242258711136  -1.344375731455   0.000000000000 Bohr
[INPUT]  3 C     -0.921028000000   1.192170000000   1.202443000000 AA   -1.740490673056   2.252874793923   2.272287950400 Bohr
[INPUT]  4 H     -1.860789000000   1.764765000000   1.202392000000 AA   -3.516381585603   3.334922524218   2.272191574368 Bohr
[INPUT]  5 H     -0.906285000000   0.549685000000   2.089286000000 AA   -1.712630440801   1.038754104782   3.948178335888 Bohr
[INPUT]  6 H     -0.073861000000   1.900429000000   1.249072000000 AA   -0.139577061287   3.591290329181   2.360403989863 Bohr
[INPUT]  7 C     -0.921028000000   1.192170000000  -1.202443000000 AA   -1.740490673056   2.252874793923  -2.272287950400 Bohr
[INPUT]  8 H     -0.906285000000   0.549685000000  -2.089286000000 AA   -1.712630440801   1.038754104782  -3.948178335888 Bohr
[INPUT]  9 H     -1.860789000000   1.764765000000  -1.202392000000 AA   -3.516381585603   3.334922524218  -2.272191574368 Bohr
[INPUT] 10 H     -0.073861000000   1.900429000000  -1.249072000000 AA   -0.139577061287   3.591290329181  -2.360403989863 Bohr

nuclear repulsion = 259.67810596191
number of shells = 107
number of NR pGTOs = 451
number of NR cGTOs = 335
basis = aug-cc-pvtz
ecp = {}
CPU time:     68956.79


******** <class 'pyscf.dft.rks.RKS'> flags ********
method = RKS-RHF
initial guess = minao
damping factor = 0
level shift factor = 0
DIIS = <class 'pyscf.scf.diis.CDIIS'>
DIIS start cycle = 1
DIIS space = 8
SCF tol = 1e-09
SCF gradient tol = None
max. SCF cycles = 120
direct_scf = True
direct_scf_tol = 1e-13
chkfile to save SCF result = c2h6nbr.chk
max_memory 10000 MB (current use 237 MB)
XC functionals = pbe0
small_rho_cutoff = 1e-07
radial grids: 
    Treutler-Ahlrichs (JCP 102, 346 (M4)) radial grids
    
becke partition: Becke, JCP, 88, 2547 (1988)
pruning grids: <function nwchem_prune at 0x2ac488d175f0>
grids dens level: 4
symmetrized grids: 0
atomic radii adjust function: <function treutler_atomic_radii_adjust at 0x2ac488d17500>
Set gradient conv threshold to 3.16228e-05
tot grids = 212442
init E= -2707.50930454844
  HOMO = -0.269594387705647  LUMO = -0.107800545296824
cycle= 1 E= -2708.27010848391  delta_E= -0.761  |g|= 0.523  |ddm|=  2.9
  HOMO = -0.240053166592913  LUMO = -0.0482238677057215
cycle= 2 E= -2708.2687570415  delta_E= 0.00135  |g|= 0.503  |ddm|= 0.686
  HOMO = -0.246650696262519  LUMO = -0.0456863892309055
cycle= 3 E= -2708.32464381452  delta_E= -0.0559  |g|= 0.0456  |ddm|= 0.311
  HOMO = -0.254486910269017  LUMO = -0.0515156459245718
cycle= 4 E= -2708.32503612947  delta_E= -0.000392  |g|= 0.0149  |ddm|= 0.0461
  HOMO = -0.252277283982016  LUMO = -0.0494007562733634
cycle= 5 E= -2708.32506550103  delta_E= -2.94e-05  |g|= 0.00981  |ddm|= 0.014
  HOMO = -0.253086513764571  LUMO = -0.049786013234629
cycle= 6 E= -2708.32508763166  delta_E= -2.21e-05  |g|= 0.00253  |ddm|= 0.00711
  HOMO = -0.25302515262033  LUMO = -0.0498277889142235
cycle= 7 E= -2708.32508885971  delta_E= -1.23e-06  |g|= 0.000534  |ddm|= 0.00214
  HOMO = -0.252991952686207  LUMO = -0.0497939498376286
cycle= 8 E= -2708.32508889948  delta_E= -3.98e-08  |g|= 0.000195  |ddm|= 0.000734
  HOMO = -0.253003836876978  LUMO = -0.0498085666005976
cycle= 9 E= -2708.32508890728  delta_E= -7.8e-09  |g|= 3.4e-05  |ddm|= 0.00018
  HOMO = -0.253001995983017  LUMO = -0.0498054040972138
cycle= 10 E= -2708.32508890763  delta_E= -3.52e-10  |g|= 1.18e-05  |ddm|= 4.54e-05
  HOMO = -0.253001322954565  LUMO = -0.0498060308518324
Extra cycle  E= -2708.32508890762  delta_E= 6.82e-12  |g|= 1.58e-05  |ddm|= 1.91e-05
converged SCF energy = -2708.32508890762
Electronic spatial extent <R**2> (au): 518.0220
* Multipoles in the independent field-basis, Gauge -> (0,0,0)
Electronic Dipole moment(X, Y, Z, Debye): -0.4091, 0.2665, -0.0000
Nuclear Dipole moment(X, Y, Z, Debye): -1.1178, 2.0967, -0.0000
Total Dipole moment(X, Y, Z, Debye): -0.7087, 1.8302, 0.0000
Quadrupole moments (Debye-Angs)
Total Quadrupole moments (XX, YY, ZZ): -38.3303, -37.0087, -36.3162
Total Quadrupole moments (XY, XZ, YZ): -2.7367, 0.0000, 0.0000
Octupole moments (Debye-Angs**2)
Total Octupole moments (XXX, YYY, ZZZ, XYY): 19.7008, -20.7867, 0.0000, 5.5077
Total Octupole moments (XXY, XXZ, XZZ, YZZ): -5.3913, 0.0000, 2.8897, -5.8890
Total Octupole moments (YYZ, XYZ): 0.0000, 0.0000
Hexadecapole moments (Debye-Angs**3)
Total Hexadecapole moments (XXXX, YYYY, ZZZZ, XXXY): -206.1959, -257.7386, -191.2870, 69.0707
Total Hexadecapole moments (XXXZ, YYYX, YYYZ, ZZZX): 0.0000, 76.9093, 0.0000, 0.0000
Total Hexadecapole moments (ZZZY, XXYY, XXZZ, YYZZ): 0.0000, -68.0296, -66.7883, -76.0421
Total Hexadecapole moments (XXYZ, YYXZ, ZZXY): -0.0000, 0.0000, 26.2817
