#INFO: **** input file is /home/jluis/src/git/db/molecules-wfn/pbe0/run_sp.py ****
#!/usr/bin/env python

import numpy, sys, os
from pyscf import lib, gto, scf, dft
from pyscf.tools import molden
from pyscf.data import radii

def read_molecule(path):

    charge = spin = 0
    with open(path, 'r') as myfile:
        output = myfile.read()
        output = output.lstrip()
        output = output.rstrip()
        output = output.split('\n')

    try:
        int(output[0])
    except ValueError:
        try:
            charge = int(output[0].split(' ')[0])
            spin = int(output[0].split(' ')[1]) - 1
        except ValueError:
            molecule = output
        else:
            molecule = '\n'.join(output[1:])
    else:
        if int(output[0]) == len(output) - 2:
            molecule = '\n'.join(output[2:])
            try:
                charge = int(output[1].split(' ')[0])
                spin = int(output[1].split(' ')[1])-1
            except ValueError:
                pass
        else:
            print "THIS IS NOT A VALID XYZ FILE"

    return (molecule, charge, spin)

directory = '../../molecules/'
files = [i for i in os.listdir(directory) if i.endswith('.xyz')]

for filename in files:

    name = filename[:-8]
    mol = gto.Mole()
    (mol.atom, charge, spin) = read_molecule(directory+filename)
    mol.basis = 'aug-cc-pvtz'
    mol.charge = charge
    mol.spin = spin
    mol.output = name+'.out'
    mol.symmetry = 0
    mol.max_memory = 10000
    mol.verbose = 4
    mol.build()

    mf = dft.RKS(mol) 
    mf.grids.level = 4
    mf.xc = 'pbe0'
    mf.max_cycle = 120
    mf.chkfile = name+'.chk'
    mf = scf.addons.remove_linear_dep_(mf)
    mf.kernel()

    dm = mf.make_rdm1()
    nao = mol.nao_nr()
    unit = 2.541746
    origin = ([0.0,0.0,0.0])
    charges = mol.atom_charges()
    coords  = mol.atom_coords()
    mol.set_common_orig(origin)
    r2 = mol.intor_symmetric('int1e_r2')
    r2 = numpy.einsum('ij,ji->', r2, dm)
    lib.logger.info(mf,'Electronic spatial extent <R**2> (au): %.4f', r2)

    lib.logger.info(mf,'* Multipoles in the independent field-basis, Gauge -> (0,0,0)')
    ao_dip = mol.intor_symmetric('int1e_r', comp=3)
    el_dip = numpy.einsum('xij,ji->x', ao_dip, dm)
    lib.logger.info(mf,'Electronic Dipole moment(X, Y, Z, Debye): %.4f, %.4f, %.4f', *el_dip*unit)
    nucl_dip = numpy.einsum('i,ix->x', charges, coords)
    lib.logger.info(mf,'Nuclear Dipole moment(X, Y, Z, Debye): %.4f, %.4f, %.4f', *nucl_dip*unit)
    mol_dip = (nucl_dip - el_dip) * unit
    lib.logger.info(mf,'Total Dipole moment(X, Y, Z, Debye): %.4f, %.4f, %.4f', *mol_dip)

    lib.logger.info(mf,'Quadrupole moments (Debye-Angs)')
    rr = mol.intor_symmetric('int1e_rr', comp=9).reshape(3,3,nao,nao)
    rr = -1.0*numpy.einsum('xyij,ji->xy', rr, dm)
    rr += numpy.einsum('z,zx,zy->xy', charges, coords, coords)
    rr = rr*unit*lib.param.BOHR
    lib.logger.info(mf,'Total Quadrupole moments (XX, YY, ZZ): %.4f, %.4f, %.4f', \
    rr[0,0], rr[1,1], rr[2,2])
    lib.logger.info(mf,'Total Quadrupole moments (XY, XZ, YZ): %.4f, %.4f, %.4f', \
    rr[0,1], rr[0,2], rr[1,2])
 
    lib.logger.info(mf,'Octupole moments (Debye-Angs**2)')
    rrr = mol.intor_symmetric('int1e_rrr', comp=27).reshape(3,3,3,nao,nao)
    rrr = -1.0*numpy.einsum('xyzij,ji->xyz', rrr, dm)
    rrr += numpy.einsum('z,zx,zy,zk->xyk', charges, coords, coords, coords)
    rrr = rrr*unit*lib.param.BOHR**2
    lib.logger.info(mf,'Total Octupole moments (XXX, YYY, ZZZ, XYY): %.4f, %.4f, %.4f, %.4f', \
    rrr[0,0,0], rrr[1,1,1], rrr[2,2,2], rrr[0,1,1])
    lib.logger.info(mf,'Total Octupole moments (XXY, XXZ, XZZ, YZZ): %.4f, %.4f, %.4f, %.4f', \
    rrr[0,0,1], rrr[0,0,2], rrr[0,2,2], rrr[1,2,2])
    lib.logger.info(mf,'Total Octupole moments (YYZ, XYZ): %.4f, %.4f', rrr[1,1,2], rrr[0,1,2])

    lib.logger.info(mf,'Hexadecapole moments (Debye-Angs**3)')
    rrrr = mol.intor_symmetric('int1e_rrrr', comp=81).reshape(3,3,3,3,nao,nao)
    rrrr = -1.0*numpy.einsum('xyzwij,ji->xyzw', rrrr, dm)
    rrrr += numpy.einsum('z,zx,zy,zk,zw->xykw', charges, coords, coords, coords, coords)
    rrrr = rrrr*unit*lib.param.BOHR**3
    lib.logger.info(mf,'Total Hexadecapole moments (XXXX, YYYY, ZZZZ, XXXY): %.4f, %.4f, %.4f, %.4f', \
    rrrr[0,0,0,0], rrrr[1,1,1,1], rrrr[2,2,2,2], rrrr[0,0,0,1])
    lib.logger.info(mf,'Total Hexadecapole moments (XXXZ, YYYX, YYYZ, ZZZX): %.4f, %.4f, %.4f, %.4f', \
    rrrr[0,0,0,2], rrrr[1,1,1,0], rrrr[1,1,1,2], rrrr[2,2,2,0])
    lib.logger.info(mf,'Total Hexadecapole moments (ZZZY, XXYY, XXZZ, YYZZ): %.4f, %.4f, %.4f, %.4f', \
    rrrr[2,2,2,1], rrrr[0,0,1,1], rrrr[0,0,2,2], rrrr[1,1,2,2])
    lib.logger.info(mf,'Total Hexadecapole moments (XXYZ, YYXZ, ZZXY): %.4f, %.4f, %.4f', \
    rrrr[0,0,1,2], rrrr[1,1,0,2], rrrr[2,2,0,1])
     
    coeff = mf.mo_coeff[:,mf.mo_occ>0]
    occ = mf.mo_occ[mf.mo_occ>0]
    energy = mf.mo_energy[mf.mo_occ>0]
    den_file = name+'.mol'
    fspt = open(den_file,'w')
    molden.header(mol, fspt)
    molden.orbital_coeff(mol, fspt, coeff, ene=energy, occ=occ) 
    fspt.close()                    
    cmd = '/home/jluis/bin/molden2aim '+name
    os.system(cmd)
    den_file = name+'.wfn'
    fspt = open(den_file,'a')
    fspt.write('RHF\n')
    fspt.close()                    

    pmd_file = name+'.pmd'
    fspt = open(pmd_file,'w')
    fspt.write('%s.wfn\n' % (name))
    if (mol.symmetry == False):
        fspt.write('nosymmetry\n')
    fspt.write('tes\n')
    fspt.write('  epsiscp 0.220\n')
    fspt.write('  radialquad 7\n')
    fspt.write('  rmapping 2\n')
    fspt.write('  lmax 10\n')
    fspt.write('  nr 551\n')
    fspt.write('  lebedev 5810\n')
    fspt.write('  betasphere\n')
    for ia in range(mol.natm):
        symb = mol.atom_pure_symbol(ia)
        inuc = lib.parameters.NUC[symb]
        betarad = radii.COVALENT[inuc]/3.5
        fspt.write('  betaradw %d %1.3f\n' % ((ia+1),betarad))
    fspt.write('  radialquadbeta 7\n')
    fspt.write('  rmappingbeta 3\n')
    fspt.write('  lmaxbeta 8\n')
    fspt.write('  nrb 451\n')
    fspt.write('  lebedevbeta 3074\n')
    fspt.write('  dafh\n')
    fspt.write('endtes')
    fspt.close()                    

    cmd = 'rm '+name+'.mol'
    os.system(cmd)

#INFO: ******************** input file end ********************


System: ('Linux', 'silicio', '3.16.0-4-amd64', '#1 SMP Debian 3.16.51-3 (2017-12-13)', 'x86_64', '')  Threads 12
Python 2.7.14 (default, Apr  9 2018, 16:34:43) 
[GCC 7.3.0]
numpy 1.14.2  scipy 1.0.1
Date: Fri Jun 29 17:37:28 2018
PySCF version 1.5
PySCF path  /home/jluis/src/pyscf/pyscf
GIT ORIG_HEAD f2dbb26d09ae5148fbf5975669a994500ac7a4c9
GIT HEAD      ref: refs/heads/master
GIT master branch  f2dbb26d09ae5148fbf5975669a994500ac7a4c9

[ENV] PYSCF_TMPDIR /scratch-ssd/jluis
[CONFIG] conf_file None
[INPUT] verbose = 4
[INPUT] num. atoms = 12
[INPUT] num. electrons = 32
[INPUT] charge = 0
[INPUT] spin (= nelec alpha-beta = 2S) = 0
[INPUT] symmetry 0 subgroup None
[INPUT] Mole.unit = angstrom
[INPUT]  1 C     -1.855481000000   0.017065000000  -0.278648000000 AA   -3.506350919334   0.032248176316  -0.526568405158 Bohr
[INPUT]  2 C     -0.713021000000  -0.293725000000   0.337281000000 AA   -1.347414411064  -0.555059805938   0.637368717019 Bohr
[INPUT]  3 H     -2.731447000000  -0.629718000000  -0.219393000000 AA   -5.161686753765  -1.189994555709  -0.414592683647 Bohr
[INPUT]  4 H     -1.954028000000   0.934329000000  -0.864141000000 AA   -3.692577759732   1.765625920239  -1.632989823008 Bohr
[INPUT]  5 H     -0.659687000000  -1.226746000000   0.910399000000 AA   -1.246627757936  -2.318213964406   1.720404774078 Bohr
[INPUT]  6 C      0.540594000000   0.523485000000   0.303204000000 AA    1.021574604583   0.989243280318   0.572972519873 Bohr
[INPUT]  7 H      0.363877000000   1.445490000000  -0.270577000000 AA    0.687627873028   2.731580215798  -0.511316425606 Bohr
[INPUT]  8 H      0.795730000000   0.832697000000   1.330552000000 AA    1.503711769100   1.573569274747   2.514378874492 Bohr
[INPUT]  9 C      1.720845000000  -0.246046000000  -0.289254000000 AA    3.251925752827  -0.464959554045  -0.546610840435 Bohr
[INPUT] 10 H      1.515466000000  -0.535941000000  -1.328765000000 AA    2.863815691090  -1.012781708926  -2.511001933908 Bohr
[INPUT] 11 H      2.635584000000   0.361930000000  -0.276606000000 AA    4.980531938286   0.683948576264  -0.522709584411 Bohr
[INPUT] 12 H      1.919578000000  -1.164749000000   0.281238000000 AA    3.627476694740  -2.201056613861   0.531462795820 Bohr

nuclear repulsion = 117.042989512927
number of shells = 124
number of NR pGTOs = 432
number of NR cGTOs = 368
basis = aug-cc-pvtz
ecp = {}
CPU time:     70937.04


******** <class 'pyscf.dft.rks.RKS'> flags ********
method = RKS-RHF
initial guess = minao
damping factor = 0
level shift factor = 0
DIIS = <class 'pyscf.scf.diis.CDIIS'>
DIIS start cycle = 1
DIIS space = 8
SCF tol = 1e-09
SCF gradient tol = None
max. SCF cycles = 120
direct_scf = True
direct_scf_tol = 1e-13
chkfile to save SCF result = c4h8.chk
max_memory 10000 MB (current use 216 MB)
XC functionals = pbe0
small_rho_cutoff = 1e-07
radial grids: 
    Treutler-Ahlrichs (JCP 102, 346 (M4)) radial grids
    
becke partition: Becke, JCP, 88, 2547 (1988)
pruning grids: <function nwchem_prune at 0x2ac488d175f0>
grids dens level: 4
symmetrized grids: 0
atomic radii adjust function: <function treutler_atomic_radii_adjust at 0x2ac488d17500>
Set gradient conv threshold to 3.16228e-05
tot grids = 241776
init E= -157.328670689925
  HOMO = -0.356506915208277  LUMO = -0.113198349146983
cycle= 1 E= -156.956330534401  delta_E= 0.372  |g|= 0.68  |ddm|=  4.2
  HOMO = -0.160181882068203  LUMO = 0.0113339596593893
cycle= 2 E= -156.922372395361  delta_E= 0.034  |g|= 0.747  |ddm|=  1.2
  HOMO = -0.269126937021393  LUMO = -0.00246251714887452
cycle= 3 E= -157.072078709145  delta_E= -0.15  |g|= 0.0671  |ddm|= 0.61
  HOMO = -0.271500490792268  LUMO = -0.00199717621000955
cycle= 4 E= -157.07278404166  delta_E= -0.000705  |g|= 0.0404  |ddm|= 0.0693
  HOMO = -0.270328588145675  LUMO = -0.00179268696771556
cycle= 5 E= -157.073188242199  delta_E= -0.000404  |g|= 0.00597  |ddm|= 0.0317
  HOMO = -0.270360072457915  LUMO = -0.00170919032521441
cycle= 6 E= -157.073196938936  delta_E= -8.7e-06  |g|= 0.00119  |ddm|= 0.00534
  HOMO = -0.270435915242955  LUMO = -0.00172824589145482
cycle= 7 E= -157.073197228182  delta_E= -2.89e-07  |g|= 0.000356  |ddm|= 0.0011
  HOMO = -0.270424459052108  LUMO = -0.00172792514196334
cycle= 8 E= -157.073197255875  delta_E= -2.77e-08  |g|= 6.13e-05  |ddm|= 0.000305
  HOMO = -0.270425363420294  LUMO = -0.00172687394857762
cycle= 9 E= -157.073197256857  delta_E= -9.82e-10  |g|= 8.28e-06  |ddm|= 8.63e-05
  HOMO = -0.270424174579182  LUMO = -0.00172635351715992
Extra cycle  E= -157.073197256854  delta_E= 2.5e-12  |g|= 8.84e-06  |ddm|= 2.07e-05
converged SCF energy = -157.073197256854
Electronic spatial extent <R**2> (au): 367.4447
* Multipoles in the independent field-basis, Gauge -> (0,0,0)
Electronic Dipole moment(X, Y, Z, Debye): -0.2140, 0.0363, -0.1094
Nuclear Dipole moment(X, Y, Z, Debye): 0.2051, 0.1055, -0.0086
Total Dipole moment(X, Y, Z, Debye): 0.4191, 0.0692, 0.1008
Quadrupole moments (Debye-Angs)
Total Quadrupole moments (XX, YY, ZZ): -26.7497, -26.5033, -27.4861
Total Quadrupole moments (XY, XZ, YZ): 0.5324, 0.8744, -1.2995
Octupole moments (Debye-Angs**2)
Total Octupole moments (XXX, YYY, ZZZ, XYY): -1.4072, 0.2187, 0.5663, -0.0450
Total Octupole moments (XXY, XXZ, XZZ, YZZ): -0.7688, -1.6094, 2.0764, 0.3476
Total Octupole moments (YYZ, XYZ): 0.5001, 1.4989
Hexadecapole moments (Debye-Angs**3)
Total Hexadecapole moments (XXXX, YYYY, ZZZZ, XXXY): -367.9672, -76.9981, -67.2064, 9.5847
Total Hexadecapole moments (XXXZ, YYYX, YYYZ, ZZZX): 5.7273, -0.1168, -4.1342, 0.5203
Total Hexadecapole moments (ZZZY, XXYY, XXZZ, YYZZ): -0.3752, -73.7550, -77.7714, -23.2238
Total Hexadecapole moments (XXYZ, YYXZ, ZZXY): -3.0775, 0.9690, -0.8153
