#INFO: **** input file is /home/jluis/src/git/db/molecules-wfn/pbe0/run_sp.py ****
#!/usr/bin/env python

import numpy, sys, os
from pyscf import lib, gto, scf, dft
from pyscf.tools import molden
from pyscf.data import radii

def read_molecule(path):

    charge = spin = 0
    with open(path, 'r') as myfile:
        output = myfile.read()
        output = output.lstrip()
        output = output.rstrip()
        output = output.split('\n')

    try:
        int(output[0])
    except ValueError:
        try:
            charge = int(output[0].split(' ')[0])
            spin = int(output[0].split(' ')[1]) - 1
        except ValueError:
            molecule = output
        else:
            molecule = '\n'.join(output[1:])
    else:
        if int(output[0]) == len(output) - 2:
            molecule = '\n'.join(output[2:])
            try:
                charge = int(output[1].split(' ')[0])
                spin = int(output[1].split(' ')[1])-1
            except ValueError:
                pass
        else:
            print "THIS IS NOT A VALID XYZ FILE"

    return (molecule, charge, spin)

directory = '../../molecules/'
files = [i for i in os.listdir(directory) if i.endswith('.xyz')]

for filename in files:

    name = filename[:-8]
    mol = gto.Mole()
    (mol.atom, charge, spin) = read_molecule(directory+filename)
    mol.basis = 'aug-cc-pvtz'
    mol.charge = charge
    mol.spin = spin
    mol.output = name+'.out'
    mol.symmetry = 0
    mol.max_memory = 10000
    mol.verbose = 4
    mol.build()

    mf = dft.RKS(mol) 
    mf.grids.level = 4
    mf.xc = 'pbe0'
    mf.max_cycle = 120
    mf.chkfile = name+'.chk'
    mf = scf.addons.remove_linear_dep_(mf)
    mf.kernel()

    dm = mf.make_rdm1()
    nao = mol.nao_nr()
    unit = 2.541746
    origin = ([0.0,0.0,0.0])
    charges = mol.atom_charges()
    coords  = mol.atom_coords()
    mol.set_common_orig(origin)
    r2 = mol.intor_symmetric('int1e_r2')
    r2 = numpy.einsum('ij,ji->', r2, dm)
    lib.logger.info(mf,'Electronic spatial extent <R**2> (au): %.4f', r2)

    lib.logger.info(mf,'* Multipoles in the independent field-basis, Gauge -> (0,0,0)')
    ao_dip = mol.intor_symmetric('int1e_r', comp=3)
    el_dip = numpy.einsum('xij,ji->x', ao_dip, dm)
    lib.logger.info(mf,'Electronic Dipole moment(X, Y, Z, Debye): %.4f, %.4f, %.4f', *el_dip*unit)
    nucl_dip = numpy.einsum('i,ix->x', charges, coords)
    lib.logger.info(mf,'Nuclear Dipole moment(X, Y, Z, Debye): %.4f, %.4f, %.4f', *nucl_dip*unit)
    mol_dip = (nucl_dip - el_dip) * unit
    lib.logger.info(mf,'Total Dipole moment(X, Y, Z, Debye): %.4f, %.4f, %.4f', *mol_dip)

    lib.logger.info(mf,'Quadrupole moments (Debye-Angs)')
    rr = mol.intor_symmetric('int1e_rr', comp=9).reshape(3,3,nao,nao)
    rr = -1.0*numpy.einsum('xyij,ji->xy', rr, dm)
    rr += numpy.einsum('z,zx,zy->xy', charges, coords, coords)
    rr = rr*unit*lib.param.BOHR
    lib.logger.info(mf,'Total Quadrupole moments (XX, YY, ZZ): %.4f, %.4f, %.4f', \
    rr[0,0], rr[1,1], rr[2,2])
    lib.logger.info(mf,'Total Quadrupole moments (XY, XZ, YZ): %.4f, %.4f, %.4f', \
    rr[0,1], rr[0,2], rr[1,2])
 
    lib.logger.info(mf,'Octupole moments (Debye-Angs**2)')
    rrr = mol.intor_symmetric('int1e_rrr', comp=27).reshape(3,3,3,nao,nao)
    rrr = -1.0*numpy.einsum('xyzij,ji->xyz', rrr, dm)
    rrr += numpy.einsum('z,zx,zy,zk->xyk', charges, coords, coords, coords)
    rrr = rrr*unit*lib.param.BOHR**2
    lib.logger.info(mf,'Total Octupole moments (XXX, YYY, ZZZ, XYY): %.4f, %.4f, %.4f, %.4f', \
    rrr[0,0,0], rrr[1,1,1], rrr[2,2,2], rrr[0,1,1])
    lib.logger.info(mf,'Total Octupole moments (XXY, XXZ, XZZ, YZZ): %.4f, %.4f, %.4f, %.4f', \
    rrr[0,0,1], rrr[0,0,2], rrr[0,2,2], rrr[1,2,2])
    lib.logger.info(mf,'Total Octupole moments (YYZ, XYZ): %.4f, %.4f', rrr[1,1,2], rrr[0,1,2])

    lib.logger.info(mf,'Hexadecapole moments (Debye-Angs**3)')
    rrrr = mol.intor_symmetric('int1e_rrrr', comp=81).reshape(3,3,3,3,nao,nao)
    rrrr = -1.0*numpy.einsum('xyzwij,ji->xyzw', rrrr, dm)
    rrrr += numpy.einsum('z,zx,zy,zk,zw->xykw', charges, coords, coords, coords, coords)
    rrrr = rrrr*unit*lib.param.BOHR**3
    lib.logger.info(mf,'Total Hexadecapole moments (XXXX, YYYY, ZZZZ, XXXY): %.4f, %.4f, %.4f, %.4f', \
    rrrr[0,0,0,0], rrrr[1,1,1,1], rrrr[2,2,2,2], rrrr[0,0,0,1])
    lib.logger.info(mf,'Total Hexadecapole moments (XXXZ, YYYX, YYYZ, ZZZX): %.4f, %.4f, %.4f, %.4f', \
    rrrr[0,0,0,2], rrrr[1,1,1,0], rrrr[1,1,1,2], rrrr[2,2,2,0])
    lib.logger.info(mf,'Total Hexadecapole moments (ZZZY, XXYY, XXZZ, YYZZ): %.4f, %.4f, %.4f, %.4f', \
    rrrr[2,2,2,1], rrrr[0,0,1,1], rrrr[0,0,2,2], rrrr[1,1,2,2])
    lib.logger.info(mf,'Total Hexadecapole moments (XXYZ, YYXZ, ZZXY): %.4f, %.4f, %.4f', \
    rrrr[0,0,1,2], rrrr[1,1,0,2], rrrr[2,2,0,1])
     
    coeff = mf.mo_coeff[:,mf.mo_occ>0]
    occ = mf.mo_occ[mf.mo_occ>0]
    energy = mf.mo_energy[mf.mo_occ>0]
    den_file = name+'.mol'
    fspt = open(den_file,'w')
    molden.header(mol, fspt)
    molden.orbital_coeff(mol, fspt, coeff, ene=energy, occ=occ) 
    fspt.close()                    
    cmd = '/home/jluis/bin/molden2aim '+name
    os.system(cmd)
    den_file = name+'.wfn'
    fspt = open(den_file,'a')
    fspt.write('RHF\n')
    fspt.close()                    

    pmd_file = name+'.pmd'
    fspt = open(pmd_file,'w')
    fspt.write('%s.wfn\n' % (name))
    if (mol.symmetry == False):
        fspt.write('nosymmetry\n')
    fspt.write('tes\n')
    fspt.write('  epsiscp 0.220\n')
    fspt.write('  radialquad 7\n')
    fspt.write('  rmapping 2\n')
    fspt.write('  lmax 10\n')
    fspt.write('  nr 551\n')
    fspt.write('  lebedev 5810\n')
    fspt.write('  betasphere\n')
    for ia in range(mol.natm):
        symb = mol.atom_pure_symbol(ia)
        inuc = lib.parameters.NUC[symb]
        betarad = radii.COVALENT[inuc]/3.5
        fspt.write('  betaradw %d %1.3f\n' % ((ia+1),betarad))
    fspt.write('  radialquadbeta 7\n')
    fspt.write('  rmappingbeta 3\n')
    fspt.write('  lmaxbeta 8\n')
    fspt.write('  nrb 451\n')
    fspt.write('  lebedevbeta 3074\n')
    fspt.write('  dafh\n')
    fspt.write('endtes')
    fspt.close()                    

    cmd = 'rm '+name+'.mol'
    os.system(cmd)

#INFO: ******************** input file end ********************


System: ('Linux', 'silicio', '3.16.0-4-amd64', '#1 SMP Debian 3.16.51-3 (2017-12-13)', 'x86_64', '')  Threads 12
Python 2.7.14 (default, Apr  9 2018, 16:34:43) 
[GCC 7.3.0]
numpy 1.14.2  scipy 1.0.1
Date: Fri Jun 29 17:30:10 2018
PySCF version 1.5
PySCF path  /home/jluis/src/pyscf/pyscf
GIT ORIG_HEAD f2dbb26d09ae5148fbf5975669a994500ac7a4c9
GIT HEAD      ref: refs/heads/master
GIT master branch  f2dbb26d09ae5148fbf5975669a994500ac7a4c9

[ENV] PYSCF_TMPDIR /scratch-ssd/jluis
[CONFIG] conf_file None
[INPUT] verbose = 4
[INPUT] num. atoms = 9
[INPUT] num. electrons = 32
[INPUT] charge = 0
[INPUT] spin (= nelec alpha-beta = 2S) = 0
[INPUT] symmetry 0 subgroup None
[INPUT] Mole.unit = angstrom
[INPUT]  1 C     -5.447320000000   1.921774000000  -0.004564000000 AA  -10.293942912866   3.631626533310  -0.008624710033 Bohr
[INPUT]  2 C     -4.339966000000   2.949111000000  -0.031979000000 AA   -8.201347129924   5.573012100942  -0.060431551737 Bohr
[INPUT]  3 H     -5.091884000000   0.890532000000   0.112561000000 AA   -9.622266218055   1.682861585161   0.212709462307 Bohr
[INPUT]  4 H     -6.017223000000   2.004010000000  -0.938441000000 AA  -11.370903500434   3.787030050890  -1.773396474063 Bohr
[INPUT]  5 H     -6.127072000000   2.168456000000   0.819916000000 AA  -11.578488025491   4.097787953170   1.549416685149 Bohr
[INPUT]  6 O     -4.566610000000   4.145213000000  -0.115059000000 AA   -8.629642217700   7.833317297987  -0.217429998166 Bohr
[INPUT]  7 N     -3.069859000000   2.460312000000   0.037928000000 AA   -5.801192751031   4.649315860981   0.071673532453 Bohr
[INPUT]  8 H     -2.871583000000   1.476377000000   0.103590000000 AA   -5.426505413957   2.789948186607   0.195756729244 Bohr
[INPUT]  9 H     -2.304304000000   3.116604000000   0.016047000000 AA   -4.354503467740   5.889527998724   0.030324435121 Bohr

nuclear repulsion = 121.684481852753
number of shells = 97
number of NR pGTOs = 357
number of NR cGTOs = 299
basis = aug-cc-pvtz
ecp = {}
CPU time:     67034.84


******** <class 'pyscf.dft.rks.RKS'> flags ********
method = RKS-RHF
initial guess = minao
damping factor = 0
level shift factor = 0
DIIS = <class 'pyscf.scf.diis.CDIIS'>
DIIS start cycle = 1
DIIS space = 8
SCF tol = 1e-09
SCF gradient tol = None
max. SCF cycles = 120
direct_scf = True
direct_scf_tol = 1e-13
chkfile to save SCF result = ch3conh2.chk
max_memory 10000 MB (current use 203 MB)
XC functionals = pbe0
small_rho_cutoff = 1e-07
radial grids: 
    Treutler-Ahlrichs (JCP 102, 346 (M4)) radial grids
    
becke partition: Becke, JCP, 88, 2547 (1988)
pruning grids: <function nwchem_prune at 0x2ac488d175f0>
grids dens level: 4
symmetrized grids: 0
atomic radii adjust function: <function treutler_atomic_radii_adjust at 0x2ac488d17500>
Set gradient conv threshold to 3.16228e-05
tot grids = 193788
init E= -209.532893825617
  HOMO = -0.337988218211191  LUMO = -0.0774531839012639
cycle= 1 E= -208.912677730134  delta_E= 0.62  |g|= 0.837  |ddm|= 2.51
  HOMO = -0.0674214288282098  LUMO = -0.0228510725185957
cycle= 2 E= -208.400828445345  delta_E= 0.512  |g|= 1.77  |ddm|= 1.48
  HOMO = -0.259013836766344  LUMO = -0.0143362772103756
cycle= 3 E= -209.051900057888  delta_E= -0.651  |g|= 0.212  |ddm|= 1.07
  HOMO = -0.263209730931182  LUMO = -0.0174249890130239
cycle= 4 E= -209.059914304525  delta_E= -0.00801  |g|= 0.114  |ddm|= 0.154
  HOMO = -0.268798520221059  LUMO = -0.0143037936582058
cycle= 5 E= -209.062294454072  delta_E= -0.00238  |g|= 0.00953  |ddm|= 0.0533
  HOMO = -0.270983636808061  LUMO = -0.0140666227371781
cycle= 6 E= -209.062311379146  delta_E= -1.69e-05  |g|= 0.00487  |ddm|= 0.00784
  HOMO = -0.270925596449815  LUMO = -0.0139633761356898
cycle= 7 E= -209.06231611022  delta_E= -4.73e-06  |g|= 0.00132  |ddm|= 0.00281
  HOMO = -0.270985845232602  LUMO = -0.0139806384131177
cycle= 8 E= -209.062316396553  delta_E= -2.86e-07  |g|= 0.000447  |ddm|= 0.00078
  HOMO = -0.271033861813571  LUMO = -0.0139786681075203
cycle= 9 E= -209.062316438256  delta_E= -4.17e-08  |g|= 7.8e-05  |ddm|= 0.0003
  HOMO = -0.271023482346859  LUMO = -0.0139777210052892
cycle= 10 E= -209.062316439705  delta_E= -1.45e-09  |g|= 1.91e-05  |ddm|= 6e-05
  HOMO = -0.271025549691309  LUMO = -0.0139774647734674
cycle= 11 E= -209.062316439782  delta_E= -7.78e-11  |g|= 2.26e-06  |ddm|= 1.54e-05
  HOMO = -0.271026268506017  LUMO = -0.0139773496809526
Extra cycle  E= -209.062316439781  delta_E= 1.25e-12  |g|= 3.29e-06  |ddm|= 3.07e-06
converged SCF energy = -209.062316439781
Electronic spatial extent <R**2> (au): 3343.1701
* Multipoles in the independent field-basis, Gauge -> (0,0,0)
Electronic Dipole moment(X, Y, Z, Debye): -669.8443, 432.3861, -3.9110
Nuclear Dipole moment(X, Y, Z, Debye): -668.4027, 428.7588, -3.6531
Total Dipole moment(X, Y, Z, Debye): 1.4417, -3.6273, 0.2579
Quadrupole moments (Debye-Angs)
Total Quadrupole moments (XX, YY, ZZ): -32.2455, -47.4069, -25.1560
Total Quadrupole moments (XY, XZ, YZ): 20.4842, -1.0471, 0.9620
Octupole moments (Debye-Angs**2)
Total Octupole moments (XXX, YYY, ZZZ, XYY): 350.2512, -320.5912, 1.2514, 226.8820
Total Octupole moments (XXY, XXZ, XZZ, YZZ): -164.5044, 5.1759, 107.4978, -68.9189
Total Octupole moments (YYZ, XYZ): 4.9279, -4.5556
Hexadecapole moments (Debye-Angs**3)
Total Hexadecapole moments (XXXX, YYYY, ZZZZ, XXXY): -3051.5517, -1825.3346, -32.3880, 1307.0370
Total Hexadecapole moments (XXXZ, YYYX, YYYZ, ZZZX): -30.8778, 1474.9516, 27.3573, -6.9627
Total Hexadecapole moments (ZZZY, XXYY, XXZZ, YYZZ): 7.0673, -1278.7293, -492.5617, -219.4658
Total Hexadecapole moments (XXYZ, YYXZ, ZZXY): 25.0195, -24.1477, 292.5044
