#INFO: **** input file is /home/jluis/src/git/db/molecules-wfn/pbe0/run_sp.py ****
#!/usr/bin/env python

import numpy, sys, os
from pyscf import lib, gto, scf, dft
from pyscf.tools import molden
from pyscf.data import radii

def read_molecule(path):

    charge = spin = 0
    with open(path, 'r') as myfile:
        output = myfile.read()
        output = output.lstrip()
        output = output.rstrip()
        output = output.split('\n')

    try:
        int(output[0])
    except ValueError:
        try:
            charge = int(output[0].split(' ')[0])
            spin = int(output[0].split(' ')[1]) - 1
        except ValueError:
            molecule = output
        else:
            molecule = '\n'.join(output[1:])
    else:
        if int(output[0]) == len(output) - 2:
            molecule = '\n'.join(output[2:])
            try:
                charge = int(output[1].split(' ')[0])
                spin = int(output[1].split(' ')[1])-1
            except ValueError:
                pass
        else:
            print "THIS IS NOT A VALID XYZ FILE"

    return (molecule, charge, spin)

directory = '../../molecules/'
files = [i for i in os.listdir(directory) if i.endswith('.xyz')]

for filename in files:

    name = filename[:-8]
    mol = gto.Mole()
    (mol.atom, charge, spin) = read_molecule(directory+filename)
    mol.basis = 'aug-cc-pvtz'
    mol.charge = charge
    mol.spin = spin
    mol.output = name+'.out'
    mol.symmetry = 0
    mol.max_memory = 10000
    mol.verbose = 4
    mol.build()

    mf = dft.RKS(mol) 
    mf.grids.level = 4
    mf.xc = 'pbe0'
    mf.max_cycle = 120
    mf.chkfile = name+'.chk'
    mf = scf.addons.remove_linear_dep_(mf)
    mf.kernel()

    dm = mf.make_rdm1()
    nao = mol.nao_nr()
    unit = 2.541746
    origin = ([0.0,0.0,0.0])
    charges = mol.atom_charges()
    coords  = mol.atom_coords()
    mol.set_common_orig(origin)
    r2 = mol.intor_symmetric('int1e_r2')
    r2 = numpy.einsum('ij,ji->', r2, dm)
    lib.logger.info(mf,'Electronic spatial extent <R**2> (au): %.4f', r2)

    lib.logger.info(mf,'* Multipoles in the independent field-basis, Gauge -> (0,0,0)')
    ao_dip = mol.intor_symmetric('int1e_r', comp=3)
    el_dip = numpy.einsum('xij,ji->x', ao_dip, dm)
    lib.logger.info(mf,'Electronic Dipole moment(X, Y, Z, Debye): %.4f, %.4f, %.4f', *el_dip*unit)
    nucl_dip = numpy.einsum('i,ix->x', charges, coords)
    lib.logger.info(mf,'Nuclear Dipole moment(X, Y, Z, Debye): %.4f, %.4f, %.4f', *nucl_dip*unit)
    mol_dip = (nucl_dip - el_dip) * unit
    lib.logger.info(mf,'Total Dipole moment(X, Y, Z, Debye): %.4f, %.4f, %.4f', *mol_dip)

    lib.logger.info(mf,'Quadrupole moments (Debye-Angs)')
    rr = mol.intor_symmetric('int1e_rr', comp=9).reshape(3,3,nao,nao)
    rr = -1.0*numpy.einsum('xyij,ji->xy', rr, dm)
    rr += numpy.einsum('z,zx,zy->xy', charges, coords, coords)
    rr = rr*unit*lib.param.BOHR
    lib.logger.info(mf,'Total Quadrupole moments (XX, YY, ZZ): %.4f, %.4f, %.4f', \
    rr[0,0], rr[1,1], rr[2,2])
    lib.logger.info(mf,'Total Quadrupole moments (XY, XZ, YZ): %.4f, %.4f, %.4f', \
    rr[0,1], rr[0,2], rr[1,2])
 
    lib.logger.info(mf,'Octupole moments (Debye-Angs**2)')
    rrr = mol.intor_symmetric('int1e_rrr', comp=27).reshape(3,3,3,nao,nao)
    rrr = -1.0*numpy.einsum('xyzij,ji->xyz', rrr, dm)
    rrr += numpy.einsum('z,zx,zy,zk->xyk', charges, coords, coords, coords)
    rrr = rrr*unit*lib.param.BOHR**2
    lib.logger.info(mf,'Total Octupole moments (XXX, YYY, ZZZ, XYY): %.4f, %.4f, %.4f, %.4f', \
    rrr[0,0,0], rrr[1,1,1], rrr[2,2,2], rrr[0,1,1])
    lib.logger.info(mf,'Total Octupole moments (XXY, XXZ, XZZ, YZZ): %.4f, %.4f, %.4f, %.4f', \
    rrr[0,0,1], rrr[0,0,2], rrr[0,2,2], rrr[1,2,2])
    lib.logger.info(mf,'Total Octupole moments (YYZ, XYZ): %.4f, %.4f', rrr[1,1,2], rrr[0,1,2])

    lib.logger.info(mf,'Hexadecapole moments (Debye-Angs**3)')
    rrrr = mol.intor_symmetric('int1e_rrrr', comp=81).reshape(3,3,3,3,nao,nao)
    rrrr = -1.0*numpy.einsum('xyzwij,ji->xyzw', rrrr, dm)
    rrrr += numpy.einsum('z,zx,zy,zk,zw->xykw', charges, coords, coords, coords, coords)
    rrrr = rrrr*unit*lib.param.BOHR**3
    lib.logger.info(mf,'Total Hexadecapole moments (XXXX, YYYY, ZZZZ, XXXY): %.4f, %.4f, %.4f, %.4f', \
    rrrr[0,0,0,0], rrrr[1,1,1,1], rrrr[2,2,2,2], rrrr[0,0,0,1])
    lib.logger.info(mf,'Total Hexadecapole moments (XXXZ, YYYX, YYYZ, ZZZX): %.4f, %.4f, %.4f, %.4f', \
    rrrr[0,0,0,2], rrrr[1,1,1,0], rrrr[1,1,1,2], rrrr[2,2,2,0])
    lib.logger.info(mf,'Total Hexadecapole moments (ZZZY, XXYY, XXZZ, YYZZ): %.4f, %.4f, %.4f, %.4f', \
    rrrr[2,2,2,1], rrrr[0,0,1,1], rrrr[0,0,2,2], rrrr[1,1,2,2])
    lib.logger.info(mf,'Total Hexadecapole moments (XXYZ, YYXZ, ZZXY): %.4f, %.4f, %.4f', \
    rrrr[0,0,1,2], rrrr[1,1,0,2], rrrr[2,2,0,1])
     
    coeff = mf.mo_coeff[:,mf.mo_occ>0]
    occ = mf.mo_occ[mf.mo_occ>0]
    energy = mf.mo_energy[mf.mo_occ>0]
    den_file = name+'.mol'
    fspt = open(den_file,'w')
    molden.header(mol, fspt)
    molden.orbital_coeff(mol, fspt, coeff, ene=energy, occ=occ) 
    fspt.close()                    
    cmd = '/home/jluis/bin/molden2aim '+name
    os.system(cmd)
    den_file = name+'.wfn'
    fspt = open(den_file,'a')
    fspt.write('RHF\n')
    fspt.close()                    

    pmd_file = name+'.pmd'
    fspt = open(pmd_file,'w')
    fspt.write('%s.wfn\n' % (name))
    if (mol.symmetry == False):
        fspt.write('nosymmetry\n')
    fspt.write('tes\n')
    fspt.write('  epsiscp 0.220\n')
    fspt.write('  radialquad 7\n')
    fspt.write('  rmapping 2\n')
    fspt.write('  lmax 10\n')
    fspt.write('  nr 551\n')
    fspt.write('  lebedev 5810\n')
    fspt.write('  betasphere\n')
    for ia in range(mol.natm):
        symb = mol.atom_pure_symbol(ia)
        inuc = lib.parameters.NUC[symb]
        betarad = radii.COVALENT[inuc]/3.5
        fspt.write('  betaradw %d %1.3f\n' % ((ia+1),betarad))
    fspt.write('  radialquadbeta 7\n')
    fspt.write('  rmappingbeta 3\n')
    fspt.write('  lmaxbeta 8\n')
    fspt.write('  nrb 451\n')
    fspt.write('  lebedevbeta 3074\n')
    fspt.write('  dafh\n')
    fspt.write('endtes')
    fspt.close()                    

    cmd = 'rm '+name+'.mol'
    os.system(cmd)

#INFO: ******************** input file end ********************


System: ('Linux', 'silicio', '3.16.0-4-amd64', '#1 SMP Debian 3.16.51-3 (2017-12-13)', 'x86_64', '')  Threads 12
Python 2.7.14 (default, Apr  9 2018, 16:34:43) 
[GCC 7.3.0]
numpy 1.14.2  scipy 1.0.1
Date: Fri Jun 29 18:08:36 2018
PySCF version 1.5
PySCF path  /home/jluis/src/pyscf/pyscf
GIT ORIG_HEAD f2dbb26d09ae5148fbf5975669a994500ac7a4c9
GIT HEAD      ref: refs/heads/master
GIT master branch  f2dbb26d09ae5148fbf5975669a994500ac7a4c9

[ENV] PYSCF_TMPDIR /scratch-ssd/jluis
[CONFIG] conf_file None
[INPUT] verbose = 4
[INPUT] num. atoms = 8
[INPUT] num. electrons = 66
[INPUT] charge = 0
[INPUT] spin (= nelec alpha-beta = 2S) = 0
[INPUT] symmetry 0 subgroup None
[INPUT] Mole.unit = angstrom
[INPUT]  1 C      1.550959000000  -0.070662000000   0.025818000000 AA    2.930887740429  -0.133531827414   0.048788949084 Bohr
[INPUT]  2 O      2.555218000000  -0.735863000000  -0.169482000000 AA    4.828662208559  -1.390579535201  -0.320274563044 Bohr
[INPUT]  3 N      1.516067000000   1.281425000000   0.045192000000 AA    2.864951416491   2.421542299171   0.085400503021 Bohr
[INPUT]  4 H      0.681167000000   1.800691000000   0.261825000000 AA    1.287219075092   3.402812824969   0.494777542564 Bohr
[INPUT]  5 H      2.393076000000   1.763000000000  -0.061497000000 AA    4.522258235270   3.331587157608  -0.116212487482 Bohr
[INPUT]  6 N      0.361563000000  -0.749292000000   0.336303000000 AA    0.683255046776  -1.415956667328   0.635520564870 Bohr
[INPUT]  7 Br    -1.311113000000   0.024022000000  -0.050882000000 AA   -2.477644488357   0.045395000964  -0.096153044670 Bohr
[INPUT]  8 H      0.395587000000  -1.687992000000  -0.050897000000 AA    0.747551088438  -3.189842580457  -0.096181390562 Bohr

nuclear repulsion = 321.289252475831
number of shells = 93
number of NR pGTOs = 434
number of NR cGTOs = 312
basis = aug-cc-pvtz
ecp = {}
CPU time:     90357.71


******** <class 'pyscf.dft.rks.RKS'> flags ********
method = RKS-RHF
initial guess = minao
damping factor = 0
level shift factor = 0
DIIS = <class 'pyscf.scf.diis.CDIIS'>
DIIS start cycle = 1
DIIS space = 8
SCF tol = 1e-09
SCF gradient tol = None
max. SCF cycles = 120
direct_scf = True
direct_scf_tol = 1e-13
chkfile to save SCF result = ch3n2obr.chk
max_memory 10000 MB (current use 241 MB)
XC functionals = pbe0
small_rho_cutoff = 1e-07
radial grids: 
    Treutler-Ahlrichs (JCP 102, 346 (M4)) radial grids
    
becke partition: Becke, JCP, 88, 2547 (1988)
pruning grids: <function nwchem_prune at 0x2ac488d175f0>
grids dens level: 4
symmetrized grids: 0
atomic radii adjust function: <function treutler_atomic_radii_adjust at 0x2ac488d17500>
Set gradient conv threshold to 3.16228e-05
tot grids = 192522
init E= -2798.08781549039
  HOMO = -0.275650684616119  LUMO = -0.110709115162756
cycle= 1 E= -2798.24740197648  delta_E= -0.16  |g|= 0.835  |ddm|= 2.84
  HOMO = -0.132922722696801  LUMO = -0.0655842715939525
cycle= 2 E= -2796.77598902884  delta_E= 1.47  |g|= 2.56  |ddm|=    2
  HOMO = -0.255757105875621  LUMO = -0.0560291465807796
cycle= 3 E= -2798.37384754856  delta_E= -1.6  |g|= 0.212  |ddm|=  1.7
  HOMO = -0.283051575713772  LUMO = -0.0829187028543586
cycle= 4 E= -2798.38062444676  delta_E= -0.00678  |g|= 0.0962  |ddm|= 0.176
  HOMO = -0.279529240799112  LUMO = -0.0737262407600378
cycle= 5 E= -2798.38231452622  delta_E= -0.00169  |g|= 0.0235  |ddm|= 0.0584
  HOMO = -0.278772853855735  LUMO = -0.0712847704720457
cycle= 6 E= -2798.38242725664  delta_E= -0.000113  |g|= 0.0101  |ddm|= 0.0214
  HOMO = -0.278458043919229  LUMO = -0.0712358804509746
cycle= 7 E= -2798.38244595428  delta_E= -1.87e-05  |g|= 0.00315  |ddm|= 0.00699
  HOMO = -0.278779861128419  LUMO = -0.0714618561851695
cycle= 8 E= -2798.3824482071  delta_E= -2.25e-06  |g|= 0.00107  |ddm|= 0.00221
  HOMO = -0.278723176496371  LUMO = -0.0714013038449987
cycle= 9 E= -2798.38244834383  delta_E= -1.37e-07  |g|= 0.000394  |ddm|= 0.00102
  HOMO = -0.278728157127334  LUMO = -0.0714139346276429
cycle= 10 E= -2798.3824483726  delta_E= -2.88e-08  |g|= 0.000119  |ddm|= 0.000246
  HOMO = -0.27873185469042  LUMO = -0.0714178200360905
cycle= 11 E= -2798.38244837416  delta_E= -1.56e-09  |g|= 3.45e-05  |ddm|= 0.000114
  HOMO = -0.278730294624346  LUMO = -0.0714152176683506
cycle= 12 E= -2798.3824483744  delta_E= -2.45e-10  |g|= 1.39e-05  |ddm|= 3.31e-05
  HOMO = -0.278729822703596  LUMO = -0.0714158922375148
Extra cycle  E= -2798.38244837431  delta_E= 9.46e-11  |g|= 2.63e-05  |ddm|= 1.94e-05
converged SCF energy = -2798.38244837431
Electronic spatial extent <R**2> (au): 738.4388
* Multipoles in the independent field-basis, Gauge -> (0,0,0)
Electronic Dipole moment(X, Y, Z, Debye): 4.0787, -1.5790, -0.6664
Nuclear Dipole moment(X, Y, Z, Debye): 2.2661, 0.6269, -0.7777
Total Dipole moment(X, Y, Z, Debye): -1.8127, 2.2060, -0.1113
Quadrupole moments (Debye-Angs)
Total Quadrupole moments (XX, YY, ZZ): -47.5518, -35.5303, -43.6693
Total Quadrupole moments (XY, XZ, YZ): 6.3674, 0.9265, 0.9117
Octupole moments (Debye-Angs**2)
Total Octupole moments (XXX, YYY, ZZZ, XYY): -57.2038, 4.9539, -1.9373, -5.8792
Total Octupole moments (XXY, XXZ, XZZ, YZZ): 22.3300, 0.5214, -11.2989, -0.3583
Total Octupole moments (YYZ, XYZ): -0.3524, -0.5229
Hexadecapole moments (Debye-Angs**3)
Total Hexadecapole moments (XXXX, YYYY, ZZZZ, XXXY): -669.5818, -133.9211, -53.4015, 50.6096
Total Hexadecapole moments (XXXZ, YYYX, YYYZ, ZZZX): 8.3338, 17.2579, 3.6587, -0.4152
Total Hexadecapole moments (ZZZY, XXYY, XXZZ, YYZZ): 1.2529, -121.9198, -116.8664, -39.3673
Total Hexadecapole moments (XXYZ, YYXZ, ZZXY): -4.3097, -0.1522, -1.3814
