#INFO: **** input file is /home/jluis/src/git/db/molecules-wfn/pbe0/run_sp.py ****
#!/usr/bin/env python

import numpy, sys, os
from pyscf import lib, gto, scf, dft
from pyscf.tools import molden
from pyscf.data import radii

def read_molecule(path):

    charge = spin = 0
    with open(path, 'r') as myfile:
        output = myfile.read()
        output = output.lstrip()
        output = output.rstrip()
        output = output.split('\n')

    try:
        int(output[0])
    except ValueError:
        try:
            charge = int(output[0].split(' ')[0])
            spin = int(output[0].split(' ')[1]) - 1
        except ValueError:
            molecule = output
        else:
            molecule = '\n'.join(output[1:])
    else:
        if int(output[0]) == len(output) - 2:
            molecule = '\n'.join(output[2:])
            try:
                charge = int(output[1].split(' ')[0])
                spin = int(output[1].split(' ')[1])-1
            except ValueError:
                pass
        else:
            print "THIS IS NOT A VALID XYZ FILE"

    return (molecule, charge, spin)

directory = '../../molecules/'
files = [i for i in os.listdir(directory) if i.endswith('.xyz')]

for filename in files:

    name = filename[:-8]
    mol = gto.Mole()
    (mol.atom, charge, spin) = read_molecule(directory+filename)
    mol.basis = 'aug-cc-pvtz'
    mol.charge = charge
    mol.spin = spin
    mol.output = name+'.out'
    mol.symmetry = 0
    mol.max_memory = 10000
    mol.verbose = 4
    mol.build()

    mf = dft.RKS(mol) 
    mf.grids.level = 4
    mf.xc = 'pbe0'
    mf.max_cycle = 120
    mf.chkfile = name+'.chk'
    mf = scf.addons.remove_linear_dep_(mf)
    mf.kernel()

    dm = mf.make_rdm1()
    nao = mol.nao_nr()
    unit = 2.541746
    origin = ([0.0,0.0,0.0])
    charges = mol.atom_charges()
    coords  = mol.atom_coords()
    mol.set_common_orig(origin)
    r2 = mol.intor_symmetric('int1e_r2')
    r2 = numpy.einsum('ij,ji->', r2, dm)
    lib.logger.info(mf,'Electronic spatial extent <R**2> (au): %.4f', r2)

    lib.logger.info(mf,'* Multipoles in the independent field-basis, Gauge -> (0,0,0)')
    ao_dip = mol.intor_symmetric('int1e_r', comp=3)
    el_dip = numpy.einsum('xij,ji->x', ao_dip, dm)
    lib.logger.info(mf,'Electronic Dipole moment(X, Y, Z, Debye): %.4f, %.4f, %.4f', *el_dip*unit)
    nucl_dip = numpy.einsum('i,ix->x', charges, coords)
    lib.logger.info(mf,'Nuclear Dipole moment(X, Y, Z, Debye): %.4f, %.4f, %.4f', *nucl_dip*unit)
    mol_dip = (nucl_dip - el_dip) * unit
    lib.logger.info(mf,'Total Dipole moment(X, Y, Z, Debye): %.4f, %.4f, %.4f', *mol_dip)

    lib.logger.info(mf,'Quadrupole moments (Debye-Angs)')
    rr = mol.intor_symmetric('int1e_rr', comp=9).reshape(3,3,nao,nao)
    rr = -1.0*numpy.einsum('xyij,ji->xy', rr, dm)
    rr += numpy.einsum('z,zx,zy->xy', charges, coords, coords)
    rr = rr*unit*lib.param.BOHR
    lib.logger.info(mf,'Total Quadrupole moments (XX, YY, ZZ): %.4f, %.4f, %.4f', \
    rr[0,0], rr[1,1], rr[2,2])
    lib.logger.info(mf,'Total Quadrupole moments (XY, XZ, YZ): %.4f, %.4f, %.4f', \
    rr[0,1], rr[0,2], rr[1,2])
 
    lib.logger.info(mf,'Octupole moments (Debye-Angs**2)')
    rrr = mol.intor_symmetric('int1e_rrr', comp=27).reshape(3,3,3,nao,nao)
    rrr = -1.0*numpy.einsum('xyzij,ji->xyz', rrr, dm)
    rrr += numpy.einsum('z,zx,zy,zk->xyk', charges, coords, coords, coords)
    rrr = rrr*unit*lib.param.BOHR**2
    lib.logger.info(mf,'Total Octupole moments (XXX, YYY, ZZZ, XYY): %.4f, %.4f, %.4f, %.4f', \
    rrr[0,0,0], rrr[1,1,1], rrr[2,2,2], rrr[0,1,1])
    lib.logger.info(mf,'Total Octupole moments (XXY, XXZ, XZZ, YZZ): %.4f, %.4f, %.4f, %.4f', \
    rrr[0,0,1], rrr[0,0,2], rrr[0,2,2], rrr[1,2,2])
    lib.logger.info(mf,'Total Octupole moments (YYZ, XYZ): %.4f, %.4f', rrr[1,1,2], rrr[0,1,2])

    lib.logger.info(mf,'Hexadecapole moments (Debye-Angs**3)')
    rrrr = mol.intor_symmetric('int1e_rrrr', comp=81).reshape(3,3,3,3,nao,nao)
    rrrr = -1.0*numpy.einsum('xyzwij,ji->xyzw', rrrr, dm)
    rrrr += numpy.einsum('z,zx,zy,zk,zw->xykw', charges, coords, coords, coords, coords)
    rrrr = rrrr*unit*lib.param.BOHR**3
    lib.logger.info(mf,'Total Hexadecapole moments (XXXX, YYYY, ZZZZ, XXXY): %.4f, %.4f, %.4f, %.4f', \
    rrrr[0,0,0,0], rrrr[1,1,1,1], rrrr[2,2,2,2], rrrr[0,0,0,1])
    lib.logger.info(mf,'Total Hexadecapole moments (XXXZ, YYYX, YYYZ, ZZZX): %.4f, %.4f, %.4f, %.4f', \
    rrrr[0,0,0,2], rrrr[1,1,1,0], rrrr[1,1,1,2], rrrr[2,2,2,0])
    lib.logger.info(mf,'Total Hexadecapole moments (ZZZY, XXYY, XXZZ, YYZZ): %.4f, %.4f, %.4f, %.4f', \
    rrrr[2,2,2,1], rrrr[0,0,1,1], rrrr[0,0,2,2], rrrr[1,1,2,2])
    lib.logger.info(mf,'Total Hexadecapole moments (XXYZ, YYXZ, ZZXY): %.4f, %.4f, %.4f', \
    rrrr[0,0,1,2], rrrr[1,1,0,2], rrrr[2,2,0,1])
     
    coeff = mf.mo_coeff[:,mf.mo_occ>0]
    occ = mf.mo_occ[mf.mo_occ>0]
    energy = mf.mo_energy[mf.mo_occ>0]
    den_file = name+'.mol'
    fspt = open(den_file,'w')
    molden.header(mol, fspt)
    molden.orbital_coeff(mol, fspt, coeff, ene=energy, occ=occ) 
    fspt.close()                    
    cmd = '/home/jluis/bin/molden2aim '+name
    os.system(cmd)
    den_file = name+'.wfn'
    fspt = open(den_file,'a')
    fspt.write('RHF\n')
    fspt.close()                    

    pmd_file = name+'.pmd'
    fspt = open(pmd_file,'w')
    fspt.write('%s.wfn\n' % (name))
    if (mol.symmetry == False):
        fspt.write('nosymmetry\n')
    fspt.write('tes\n')
    fspt.write('  epsiscp 0.220\n')
    fspt.write('  radialquad 7\n')
    fspt.write('  rmapping 2\n')
    fspt.write('  lmax 10\n')
    fspt.write('  nr 551\n')
    fspt.write('  lebedev 5810\n')
    fspt.write('  betasphere\n')
    for ia in range(mol.natm):
        symb = mol.atom_pure_symbol(ia)
        inuc = lib.parameters.NUC[symb]
        betarad = radii.COVALENT[inuc]/3.5
        fspt.write('  betaradw %d %1.3f\n' % ((ia+1),betarad))
    fspt.write('  radialquadbeta 7\n')
    fspt.write('  rmappingbeta 3\n')
    fspt.write('  lmaxbeta 8\n')
    fspt.write('  nrb 451\n')
    fspt.write('  lebedevbeta 3074\n')
    fspt.write('  dafh\n')
    fspt.write('endtes')
    fspt.close()                    

    cmd = 'rm '+name+'.mol'
    os.system(cmd)

#INFO: ******************** input file end ********************


System: ('Linux', 'silicio', '3.16.0-4-amd64', '#1 SMP Debian 3.16.51-3 (2017-12-13)', 'x86_64', '')  Threads 12
Python 2.7.14 (default, Apr  9 2018, 16:34:43) 
[GCC 7.3.0]
numpy 1.14.2  scipy 1.0.1
Date: Fri Jun 29 18:56:44 2018
PySCF version 1.5
PySCF path  /home/jluis/src/pyscf/pyscf
GIT ORIG_HEAD f2dbb26d09ae5148fbf5975669a994500ac7a4c9
GIT HEAD      ref: refs/heads/master
GIT master branch  f2dbb26d09ae5148fbf5975669a994500ac7a4c9

[ENV] PYSCF_TMPDIR /scratch-ssd/jluis
[CONFIG] conf_file None
[INPUT] verbose = 4
[INPUT] num. atoms = 8
[INPUT] num. electrons = 26
[INPUT] charge = 0
[INPUT] spin (= nelec alpha-beta = 2S) = 0
[INPUT] symmetry 0 subgroup None
[INPUT] Mole.unit = angstrom
[INPUT]  1 C     -1.752519000000  -2.586055000000  -0.122482000000 AA   -3.311780938097  -4.886935693062  -0.231457435189 Bohr
[INPUT]  2 N     -0.319340000000  -2.394559000000  -0.114227000000 AA   -0.603465140619  -4.525060699112  -0.215857746031 Bohr
[INPUT]  3 H     -2.196464000000  -1.742238000000  -0.680130000000 AA   -4.150715402467  -3.292352663810  -1.285259429100 Bohr
[INPUT]  4 O     -2.242990000000  -2.647972000000   1.195771000000 AA   -4.238636800138  -5.003941865517   2.259679697697 Bohr
[INPUT]  5 H     -2.091035000000  -3.524627000000  -0.592260000000 AA   -3.951483466880  -6.660579721247  -1.119209194535 Bohr
[INPUT]  6 H      0.019192000000  -2.056996000000  -1.009336000000 AA    0.036267623783  -3.887159079326  -1.907368607664 Bohr
[INPUT]  7 H      0.170063000000  -3.256803000000   0.105943000000 AA    0.321372493922  -6.154465711662   0.200203254815 Bohr
[INPUT]  8 H     -1.817258000000  -1.929261000000   1.678051000000 AA   -3.434119917675  -3.645774912805   3.171056813053 Bohr

nuclear repulsion = 82.5743412846662
number of shells = 84
number of NR pGTOs = 299
number of NR cGTOs = 253
basis = aug-cc-pvtz
ecp = {}
CPU time:    120508.84


******** <class 'pyscf.dft.rks.RKS'> flags ********
method = RKS-RHF
initial guess = minao
damping factor = 0
level shift factor = 0
DIIS = <class 'pyscf.scf.diis.CDIIS'>
DIIS start cycle = 1
DIIS space = 8
SCF tol = 1e-09
SCF gradient tol = None
max. SCF cycles = 120
direct_scf = True
direct_scf_tol = 1e-13
chkfile to save SCF result = ch5no.chk
max_memory 10000 MB (current use 223 MB)
XC functionals = pbe0
small_rho_cutoff = 1e-07
radial grids: 
    Treutler-Ahlrichs (JCP 102, 346 (M4)) radial grids
    
becke partition: Becke, JCP, 88, 2547 (1988)
pruning grids: <function nwchem_prune at 0x2ac488d175f0>
grids dens level: 4
symmetrized grids: 0
atomic radii adjust function: <function treutler_atomic_radii_adjust at 0x2ac488d17500>
Set gradient conv threshold to 3.16228e-05
tot grids = 165720
init E= -171.163916158359
  HOMO = -0.311513912622539  LUMO = -0.0250024221144204
cycle= 1 E= -170.879565683379  delta_E= 0.284  |g|= 0.637  |ddm|= 1.86
  HOMO = -0.151751576955863  LUMO = -0.00347084624057221
cycle= 2 E= -170.788804836802  delta_E= 0.0908  |g|= 0.957  |ddm|= 0.934
  HOMO = -0.265613530144245  LUMO = -0.00743564185426512
cycle= 3 E= -170.958426676185  delta_E= -0.17  |g|= 0.0659  |ddm|= 0.532
  HOMO = -0.275032980592641  LUMO = -0.00792565621684863
cycle= 4 E= -170.95896372862  delta_E= -0.000537  |g|= 0.0425  |ddm|= 0.0525
  HOMO = -0.271349674346892  LUMO = -0.00709717362632528
cycle= 5 E= -170.959288476891  delta_E= -0.000325  |g|= 0.00607  |ddm|= 0.023
  HOMO = -0.272018387809198  LUMO = -0.00712206410459752
cycle= 6 E= -170.959294767211  delta_E= -6.29e-06  |g|= 0.00214  |ddm|= 0.00395
  HOMO = -0.271944184937448  LUMO = -0.00712825293386696
cycle= 7 E= -170.959295694767  delta_E= -9.28e-07  |g|= 0.000321  |ddm|= 0.00131
  HOMO = -0.271960241122708  LUMO = -0.00713206384964147
cycle= 8 E= -170.959295715783  delta_E= -2.1e-08  |g|= 5.78e-05  |ddm|= 0.000215
  HOMO = -0.271961041500688  LUMO = -0.00713159705157671
cycle= 9 E= -170.959295716503  delta_E= -7.2e-10  |g|= 5.73e-06  |ddm|= 4.69e-05
  HOMO = -0.271960483462986  LUMO = -0.00713165231341863
Extra cycle  E= -170.959295716513  delta_E= -1.07e-11  |g|= 3.01e-06  |ddm|= 9.88e-06
converged SCF energy = -170.959295716513
Electronic spatial extent <R**2> (au): 969.7258
* Multipoles in the independent field-basis, Gauge -> (0,0,0)
Electronic Dipole moment(X, Y, Z, Debye): -177.0106, -317.1276, 37.7287
Nuclear Dipole moment(X, Y, Z, Debye): -175.8449, -316.8767, 36.1871
Total Dipole moment(X, Y, Z, Debye): 1.1657, 0.2510, -1.5416
Quadrupole moments (Debye-Angs)
Total Quadrupole moments (XX, YY, ZZ): -23.8804, -19.8710, -18.5799
Total Quadrupole moments (XY, XZ, YZ): -5.4282, 2.5115, 5.0721
Octupole moments (Debye-Angs**2)
Total Octupole moments (XXX, YYY, ZZZ, XYY): 97.9817, 145.5482, -12.9456, 45.8099
Total Octupole moments (XXY, XXZ, XZZ, YZZ): 64.6684, -14.0933, 28.6264, 52.0496
Total Octupole moments (YYZ, XYZ): -20.6357, -10.8203
Hexadecapole moments (Debye-Angs**3)
Total Hexadecapole moments (XXXX, YYYY, ZZZZ, XXXY): -390.4686, -757.3642, -76.9945, -259.9308
Total Hexadecapole moments (XXXZ, YYYX, YYYZ, ZZZX): 68.1328, -267.2960, 86.4483, 36.5528
Total Hexadecapole moments (ZZZY, XXYY, XXZZ, YYZZ): 40.6711, -232.8592, -78.2255, -162.3737
Total Hexadecapole moments (XXYZ, YYXZ, ZZXY): 44.1203, 51.7993, -81.5836
