#INFO: **** input file is /home/jluis/src/git/db/molecules-wfn/pbe0/run_sp.py ****
#!/usr/bin/env python

import numpy, sys, os
from pyscf import lib, gto, scf, dft
from pyscf.tools import molden
from pyscf.data import radii

def read_molecule(path):

    charge = spin = 0
    with open(path, 'r') as myfile:
        output = myfile.read()
        output = output.lstrip()
        output = output.rstrip()
        output = output.split('\n')

    try:
        int(output[0])
    except ValueError:
        try:
            charge = int(output[0].split(' ')[0])
            spin = int(output[0].split(' ')[1]) - 1
        except ValueError:
            molecule = output
        else:
            molecule = '\n'.join(output[1:])
    else:
        if int(output[0]) == len(output) - 2:
            molecule = '\n'.join(output[2:])
            try:
                charge = int(output[1].split(' ')[0])
                spin = int(output[1].split(' ')[1])-1
            except ValueError:
                pass
        else:
            print "THIS IS NOT A VALID XYZ FILE"

    return (molecule, charge, spin)

directory = '../../molecules/'
files = [i for i in os.listdir(directory) if i.endswith('.xyz')]

for filename in files:

    name = filename[:-8]
    mol = gto.Mole()
    (mol.atom, charge, spin) = read_molecule(directory+filename)
    mol.basis = 'aug-cc-pvtz'
    mol.charge = charge
    mol.spin = spin
    mol.output = name+'.out'
    mol.symmetry = 0
    mol.max_memory = 10000
    mol.verbose = 4
    mol.build()

    mf = dft.RKS(mol) 
    mf.grids.level = 4
    mf.xc = 'pbe0'
    mf.max_cycle = 120
    mf.chkfile = name+'.chk'
    mf = scf.addons.remove_linear_dep_(mf)
    mf.kernel()

    dm = mf.make_rdm1()
    nao = mol.nao_nr()
    unit = 2.541746
    origin = ([0.0,0.0,0.0])
    charges = mol.atom_charges()
    coords  = mol.atom_coords()
    mol.set_common_orig(origin)
    r2 = mol.intor_symmetric('int1e_r2')
    r2 = numpy.einsum('ij,ji->', r2, dm)
    lib.logger.info(mf,'Electronic spatial extent <R**2> (au): %.4f', r2)

    lib.logger.info(mf,'* Multipoles in the independent field-basis, Gauge -> (0,0,0)')
    ao_dip = mol.intor_symmetric('int1e_r', comp=3)
    el_dip = numpy.einsum('xij,ji->x', ao_dip, dm)
    lib.logger.info(mf,'Electronic Dipole moment(X, Y, Z, Debye): %.4f, %.4f, %.4f', *el_dip*unit)
    nucl_dip = numpy.einsum('i,ix->x', charges, coords)
    lib.logger.info(mf,'Nuclear Dipole moment(X, Y, Z, Debye): %.4f, %.4f, %.4f', *nucl_dip*unit)
    mol_dip = (nucl_dip - el_dip) * unit
    lib.logger.info(mf,'Total Dipole moment(X, Y, Z, Debye): %.4f, %.4f, %.4f', *mol_dip)

    lib.logger.info(mf,'Quadrupole moments (Debye-Angs)')
    rr = mol.intor_symmetric('int1e_rr', comp=9).reshape(3,3,nao,nao)
    rr = -1.0*numpy.einsum('xyij,ji->xy', rr, dm)
    rr += numpy.einsum('z,zx,zy->xy', charges, coords, coords)
    rr = rr*unit*lib.param.BOHR
    lib.logger.info(mf,'Total Quadrupole moments (XX, YY, ZZ): %.4f, %.4f, %.4f', \
    rr[0,0], rr[1,1], rr[2,2])
    lib.logger.info(mf,'Total Quadrupole moments (XY, XZ, YZ): %.4f, %.4f, %.4f', \
    rr[0,1], rr[0,2], rr[1,2])
 
    lib.logger.info(mf,'Octupole moments (Debye-Angs**2)')
    rrr = mol.intor_symmetric('int1e_rrr', comp=27).reshape(3,3,3,nao,nao)
    rrr = -1.0*numpy.einsum('xyzij,ji->xyz', rrr, dm)
    rrr += numpy.einsum('z,zx,zy,zk->xyk', charges, coords, coords, coords)
    rrr = rrr*unit*lib.param.BOHR**2
    lib.logger.info(mf,'Total Octupole moments (XXX, YYY, ZZZ, XYY): %.4f, %.4f, %.4f, %.4f', \
    rrr[0,0,0], rrr[1,1,1], rrr[2,2,2], rrr[0,1,1])
    lib.logger.info(mf,'Total Octupole moments (XXY, XXZ, XZZ, YZZ): %.4f, %.4f, %.4f, %.4f', \
    rrr[0,0,1], rrr[0,0,2], rrr[0,2,2], rrr[1,2,2])
    lib.logger.info(mf,'Total Octupole moments (YYZ, XYZ): %.4f, %.4f', rrr[1,1,2], rrr[0,1,2])

    lib.logger.info(mf,'Hexadecapole moments (Debye-Angs**3)')
    rrrr = mol.intor_symmetric('int1e_rrrr', comp=81).reshape(3,3,3,3,nao,nao)
    rrrr = -1.0*numpy.einsum('xyzwij,ji->xyzw', rrrr, dm)
    rrrr += numpy.einsum('z,zx,zy,zk,zw->xykw', charges, coords, coords, coords, coords)
    rrrr = rrrr*unit*lib.param.BOHR**3
    lib.logger.info(mf,'Total Hexadecapole moments (XXXX, YYYY, ZZZZ, XXXY): %.4f, %.4f, %.4f, %.4f', \
    rrrr[0,0,0,0], rrrr[1,1,1,1], rrrr[2,2,2,2], rrrr[0,0,0,1])
    lib.logger.info(mf,'Total Hexadecapole moments (XXXZ, YYYX, YYYZ, ZZZX): %.4f, %.4f, %.4f, %.4f', \
    rrrr[0,0,0,2], rrrr[1,1,1,0], rrrr[1,1,1,2], rrrr[2,2,2,0])
    lib.logger.info(mf,'Total Hexadecapole moments (ZZZY, XXYY, XXZZ, YYZZ): %.4f, %.4f, %.4f, %.4f', \
    rrrr[2,2,2,1], rrrr[0,0,1,1], rrrr[0,0,2,2], rrrr[1,1,2,2])
    lib.logger.info(mf,'Total Hexadecapole moments (XXYZ, YYXZ, ZZXY): %.4f, %.4f, %.4f', \
    rrrr[0,0,1,2], rrrr[1,1,0,2], rrrr[2,2,0,1])
     
    coeff = mf.mo_coeff[:,mf.mo_occ>0]
    occ = mf.mo_occ[mf.mo_occ>0]
    energy = mf.mo_energy[mf.mo_occ>0]
    den_file = name+'.mol'
    fspt = open(den_file,'w')
    molden.header(mol, fspt)
    molden.orbital_coeff(mol, fspt, coeff, ene=energy, occ=occ) 
    fspt.close()                    
    cmd = '/home/jluis/bin/molden2aim '+name
    os.system(cmd)
    den_file = name+'.wfn'
    fspt = open(den_file,'a')
    fspt.write('RHF\n')
    fspt.close()                    

    pmd_file = name+'.pmd'
    fspt = open(pmd_file,'w')
    fspt.write('%s.wfn\n' % (name))
    if (mol.symmetry == False):
        fspt.write('nosymmetry\n')
    fspt.write('tes\n')
    fspt.write('  epsiscp 0.220\n')
    fspt.write('  radialquad 7\n')
    fspt.write('  rmapping 2\n')
    fspt.write('  lmax 10\n')
    fspt.write('  nr 551\n')
    fspt.write('  lebedev 5810\n')
    fspt.write('  betasphere\n')
    for ia in range(mol.natm):
        symb = mol.atom_pure_symbol(ia)
        inuc = lib.parameters.NUC[symb]
        betarad = radii.COVALENT[inuc]/3.5
        fspt.write('  betaradw %d %1.3f\n' % ((ia+1),betarad))
    fspt.write('  radialquadbeta 7\n')
    fspt.write('  rmappingbeta 3\n')
    fspt.write('  lmaxbeta 8\n')
    fspt.write('  nrb 451\n')
    fspt.write('  lebedevbeta 3074\n')
    fspt.write('  dafh\n')
    fspt.write('endtes')
    fspt.close()                    

    cmd = 'rm '+name+'.mol'
    os.system(cmd)

#INFO: ******************** input file end ********************


System: ('Linux', 'silicio', '3.16.0-4-amd64', '#1 SMP Debian 3.16.51-3 (2017-12-13)', 'x86_64', '')  Threads 12
Python 2.7.14 (default, Apr  9 2018, 16:34:43) 
[GCC 7.3.0]
numpy 1.14.2  scipy 1.0.1
Date: Fri Jun 29 17:29:48 2018
PySCF version 1.5
PySCF path  /home/jluis/src/pyscf/pyscf
GIT ORIG_HEAD f2dbb26d09ae5148fbf5975669a994500ac7a4c9
GIT HEAD      ref: refs/heads/master
GIT master branch  f2dbb26d09ae5148fbf5975669a994500ac7a4c9

[ENV] PYSCF_TMPDIR /scratch-ssd/jluis
[CONFIG] conf_file None
[INPUT] verbose = 4
[INPUT] num. atoms = 4
[INPUT] num. electrons = 22
[INPUT] charge = 0
[INPUT] spin (= nelec alpha-beta = 2S) = 0
[INPUT] symmetry 0 subgroup None
[INPUT] Mole.unit = angstrom
[INPUT]  1 H     -0.008555000000   0.000000000000  -0.004695000000 AA   -0.016166606996   0.000000000000  -0.008872264155 Bohr
[INPUT]  2 N      0.008462000000   0.000000000000   1.016989000000 AA    0.015990862466   0.000000000000   1.921830681695 Bohr
[INPUT]  3 N      1.179158000000   0.000000000000   1.416511000000 AA    2.228285677590   0.000000000000   2.676817842434 Bohr
[INPUT]  4 N      2.188272000000   0.000000000000   1.932443000000 AA    4.135234766054   0.000000000000   3.651788021333 Bohr

nuclear repulsion = 61.6978105034891
number of shells = 48
number of NR pGTOs = 199
number of NR cGTOs = 161
basis = aug-cc-pvtz
ecp = {}
CPU time:     66915.87


******** <class 'pyscf.dft.rks.RKS'> flags ********
method = RKS-RHF
initial guess = minao
damping factor = 0
level shift factor = 0
DIIS = <class 'pyscf.scf.diis.CDIIS'>
DIIS start cycle = 1
DIIS space = 8
SCF tol = 1e-09
SCF gradient tol = None
max. SCF cycles = 120
direct_scf = True
direct_scf_tol = 1e-13
chkfile to save SCF result = hnnn.chk
max_memory 10000 MB (current use 218 MB)
XC functionals = pbe0
small_rho_cutoff = 1e-07
radial grids: 
    Treutler-Ahlrichs (JCP 102, 346 (M4)) radial grids
    
becke partition: Becke, JCP, 88, 2547 (1988)
pruning grids: <function nwchem_prune at 0x2ac488d175f0>
grids dens level: 4
symmetrized grids: 0
atomic radii adjust function: <function treutler_atomic_radii_adjust at 0x2ac488d17500>
Set gradient conv threshold to 3.16228e-05
tot grids = 100968
init E= -165.181965391006
  HOMO = -0.267578779311403  LUMO = -0.0404971592964935
cycle= 1 E= -164.618285613023  delta_E= 0.564  |g|= 0.501  |ddm|= 1.92
  HOMO = -0.289775570606898  LUMO = -0.0698981981967164
cycle= 2 E= -164.525092772051  delta_E= 0.0932  |g|= 0.899  |ddm|= 0.783
  HOMO = -0.298493072612177  LUMO = -0.0411329360500702
cycle= 3 E= -164.665243395254  delta_E= -0.14  |g|= 0.104  |ddm|= 0.447
  HOMO = -0.298332884466017  LUMO = -0.0354517533228605
cycle= 4 E= -164.665843656721  delta_E= -0.0006  |g|= 0.0822  |ddm|= 0.11
  HOMO = -0.295292071016109  LUMO = -0.0367012961324129
cycle= 5 E= -164.667358833061  delta_E= -0.00152  |g|= 0.0052  |ddm|= 0.0561
  HOMO = -0.296054695081023  LUMO = -0.0370767077510878
cycle= 6 E= -164.667364585166  delta_E= -5.75e-06  |g|= 0.00101  |ddm|= 0.00409
  HOMO = -0.295905866625902  LUMO = -0.0368962928416181
cycle= 7 E= -164.667364860378  delta_E= -2.75e-07  |g|= 0.000332  |ddm|= 0.00146
  HOMO = -0.295965598982584  LUMO = -0.0369427299532604
cycle= 8 E= -164.667364889715  delta_E= -2.93e-08  |g|= 9.24e-05  |ddm|= 0.000334
  HOMO = -0.295952166751509  LUMO = -0.0369288471422904
cycle= 9 E= -164.667364892792  delta_E= -3.08e-09  |g|= 2.11e-05  |ddm|= 0.000121
  HOMO = -0.295954470933676  LUMO = -0.0369303242176237
cycle= 10 E= -164.667364892932  delta_E= -1.4e-10  |g|= 7.01e-06  |ddm|= 2.46e-05
  HOMO = -0.295954493150134  LUMO = -0.0369292059887354
Extra cycle  E= -164.66736489289  delta_E= 4.25e-11  |g|= 1.57e-05  |ddm|= 1.69e-05
converged SCF energy = -164.66736489289
Electronic spatial extent <R**2> (au): 366.2372
* Multipoles in the independent field-basis, Gauge -> (0,0,0)
Electronic Dipole moment(X, Y, Z, Debye): 113.7126, -0.0000, 148.5375
Nuclear Dipole moment(X, Y, Z, Debye): 113.4646, 0.0000, 146.7710
Total Dipole moment(X, Y, Z, Debye): -0.2480, 0.0000, -1.7664
Quadrupole moments (Debye-Angs)
Total Quadrupole moments (XX, YY, ZZ): -20.6934, -17.3106, -19.0480
Total Quadrupole moments (XY, XZ, YZ): 0.0000, -1.6838, 0.0000
Octupole moments (Debye-Angs**2)
Total Octupole moments (XXX, YYY, ZZZ, XYY): -66.0230, -0.0000, -74.3492, -17.9594
Total Octupole moments (XXY, XXZ, XZZ, YZZ): 0.0000, -33.2462, -22.9717, 0.0000
Total Octupole moments (YYZ, XYZ): -24.1018, 0.0000
Hexadecapole moments (Debye-Angs**3)
Total Hexadecapole moments (XXXX, YYYY, ZZZZ, XXXY): -251.9534, -16.3526, -240.4312, 0.0000
Total Hexadecapole moments (XXXZ, YYYX, YYYZ, ZZZX): -122.6738, 0.0000, -0.0000, -107.4623
Total Hexadecapole moments (ZZZY, XXYY, XXZZ, YYZZ): -0.0000, -40.0405, -96.8251, -42.4896
Total Hexadecapole moments (XXYZ, YYXZ, ZZXY): 0.0000, -32.1819, 0.0000
