#INFO: **** input file is /home/jluis/src/git/db/molecules-wfn/pbe0/run_sp.py ****
#!/usr/bin/env python

import numpy, sys, os
from pyscf import lib, gto, scf, dft
from pyscf.tools import molden
from pyscf.data import radii

def read_molecule(path):

    charge = spin = 0
    with open(path, 'r') as myfile:
        output = myfile.read()
        output = output.lstrip()
        output = output.rstrip()
        output = output.split('\n')

    try:
        int(output[0])
    except ValueError:
        try:
            charge = int(output[0].split(' ')[0])
            spin = int(output[0].split(' ')[1]) - 1
        except ValueError:
            molecule = output
        else:
            molecule = '\n'.join(output[1:])
    else:
        if int(output[0]) == len(output) - 2:
            molecule = '\n'.join(output[2:])
            try:
                charge = int(output[1].split(' ')[0])
                spin = int(output[1].split(' ')[1])-1
            except ValueError:
                pass
        else:
            print "THIS IS NOT A VALID XYZ FILE"

    return (molecule, charge, spin)

directory = '../../molecules/'
files = [i for i in os.listdir(directory) if i.endswith('.xyz')]

for filename in files:

    name = filename[:-8]
    mol = gto.Mole()
    (mol.atom, charge, spin) = read_molecule(directory+filename)
    mol.basis = 'aug-cc-pvtz'
    mol.charge = charge
    mol.spin = spin
    mol.output = name+'.out'
    mol.symmetry = 0
    mol.max_memory = 10000
    mol.verbose = 4
    mol.build()

    mf = dft.RKS(mol) 
    mf.grids.level = 4
    mf.xc = 'pbe0'
    mf.max_cycle = 120
    mf.chkfile = name+'.chk'
    mf = scf.addons.remove_linear_dep_(mf)
    mf.kernel()

    dm = mf.make_rdm1()
    nao = mol.nao_nr()
    unit = 2.541746
    origin = ([0.0,0.0,0.0])
    charges = mol.atom_charges()
    coords  = mol.atom_coords()
    mol.set_common_orig(origin)
    r2 = mol.intor_symmetric('int1e_r2')
    r2 = numpy.einsum('ij,ji->', r2, dm)
    lib.logger.info(mf,'Electronic spatial extent <R**2> (au): %.4f', r2)

    lib.logger.info(mf,'* Multipoles in the independent field-basis, Gauge -> (0,0,0)')
    ao_dip = mol.intor_symmetric('int1e_r', comp=3)
    el_dip = numpy.einsum('xij,ji->x', ao_dip, dm)
    lib.logger.info(mf,'Electronic Dipole moment(X, Y, Z, Debye): %.4f, %.4f, %.4f', *el_dip*unit)
    nucl_dip = numpy.einsum('i,ix->x', charges, coords)
    lib.logger.info(mf,'Nuclear Dipole moment(X, Y, Z, Debye): %.4f, %.4f, %.4f', *nucl_dip*unit)
    mol_dip = (nucl_dip - el_dip) * unit
    lib.logger.info(mf,'Total Dipole moment(X, Y, Z, Debye): %.4f, %.4f, %.4f', *mol_dip)

    lib.logger.info(mf,'Quadrupole moments (Debye-Angs)')
    rr = mol.intor_symmetric('int1e_rr', comp=9).reshape(3,3,nao,nao)
    rr = -1.0*numpy.einsum('xyij,ji->xy', rr, dm)
    rr += numpy.einsum('z,zx,zy->xy', charges, coords, coords)
    rr = rr*unit*lib.param.BOHR
    lib.logger.info(mf,'Total Quadrupole moments (XX, YY, ZZ): %.4f, %.4f, %.4f', \
    rr[0,0], rr[1,1], rr[2,2])
    lib.logger.info(mf,'Total Quadrupole moments (XY, XZ, YZ): %.4f, %.4f, %.4f', \
    rr[0,1], rr[0,2], rr[1,2])
 
    lib.logger.info(mf,'Octupole moments (Debye-Angs**2)')
    rrr = mol.intor_symmetric('int1e_rrr', comp=27).reshape(3,3,3,nao,nao)
    rrr = -1.0*numpy.einsum('xyzij,ji->xyz', rrr, dm)
    rrr += numpy.einsum('z,zx,zy,zk->xyk', charges, coords, coords, coords)
    rrr = rrr*unit*lib.param.BOHR**2
    lib.logger.info(mf,'Total Octupole moments (XXX, YYY, ZZZ, XYY): %.4f, %.4f, %.4f, %.4f', \
    rrr[0,0,0], rrr[1,1,1], rrr[2,2,2], rrr[0,1,1])
    lib.logger.info(mf,'Total Octupole moments (XXY, XXZ, XZZ, YZZ): %.4f, %.4f, %.4f, %.4f', \
    rrr[0,0,1], rrr[0,0,2], rrr[0,2,2], rrr[1,2,2])
    lib.logger.info(mf,'Total Octupole moments (YYZ, XYZ): %.4f, %.4f', rrr[1,1,2], rrr[0,1,2])

    lib.logger.info(mf,'Hexadecapole moments (Debye-Angs**3)')
    rrrr = mol.intor_symmetric('int1e_rrrr', comp=81).reshape(3,3,3,3,nao,nao)
    rrrr = -1.0*numpy.einsum('xyzwij,ji->xyzw', rrrr, dm)
    rrrr += numpy.einsum('z,zx,zy,zk,zw->xykw', charges, coords, coords, coords, coords)
    rrrr = rrrr*unit*lib.param.BOHR**3
    lib.logger.info(mf,'Total Hexadecapole moments (XXXX, YYYY, ZZZZ, XXXY): %.4f, %.4f, %.4f, %.4f', \
    rrrr[0,0,0,0], rrrr[1,1,1,1], rrrr[2,2,2,2], rrrr[0,0,0,1])
    lib.logger.info(mf,'Total Hexadecapole moments (XXXZ, YYYX, YYYZ, ZZZX): %.4f, %.4f, %.4f, %.4f', \
    rrrr[0,0,0,2], rrrr[1,1,1,0], rrrr[1,1,1,2], rrrr[2,2,2,0])
    lib.logger.info(mf,'Total Hexadecapole moments (ZZZY, XXYY, XXZZ, YYZZ): %.4f, %.4f, %.4f, %.4f', \
    rrrr[2,2,2,1], rrrr[0,0,1,1], rrrr[0,0,2,2], rrrr[1,1,2,2])
    lib.logger.info(mf,'Total Hexadecapole moments (XXYZ, YYXZ, ZZXY): %.4f, %.4f, %.4f', \
    rrrr[0,0,1,2], rrrr[1,1,0,2], rrrr[2,2,0,1])
     
    coeff = mf.mo_coeff[:,mf.mo_occ>0]
    occ = mf.mo_occ[mf.mo_occ>0]
    energy = mf.mo_energy[mf.mo_occ>0]
    den_file = name+'.mol'
    fspt = open(den_file,'w')
    molden.header(mol, fspt)
    molden.orbital_coeff(mol, fspt, coeff, ene=energy, occ=occ) 
    fspt.close()                    
    cmd = '/home/jluis/bin/molden2aim '+name
    os.system(cmd)
    den_file = name+'.wfn'
    fspt = open(den_file,'a')
    fspt.write('RHF\n')
    fspt.close()                    

    pmd_file = name+'.pmd'
    fspt = open(pmd_file,'w')
    fspt.write('%s.wfn\n' % (name))
    if (mol.symmetry == False):
        fspt.write('nosymmetry\n')
    fspt.write('tes\n')
    fspt.write('  epsiscp 0.220\n')
    fspt.write('  radialquad 7\n')
    fspt.write('  rmapping 2\n')
    fspt.write('  lmax 10\n')
    fspt.write('  nr 551\n')
    fspt.write('  lebedev 5810\n')
    fspt.write('  betasphere\n')
    for ia in range(mol.natm):
        symb = mol.atom_pure_symbol(ia)
        inuc = lib.parameters.NUC[symb]
        betarad = radii.COVALENT[inuc]/3.5
        fspt.write('  betaradw %d %1.3f\n' % ((ia+1),betarad))
    fspt.write('  radialquadbeta 7\n')
    fspt.write('  rmappingbeta 3\n')
    fspt.write('  lmaxbeta 8\n')
    fspt.write('  nrb 451\n')
    fspt.write('  lebedevbeta 3074\n')
    fspt.write('  dafh\n')
    fspt.write('endtes')
    fspt.close()                    

    cmd = 'rm '+name+'.mol'
    os.system(cmd)

#INFO: ******************** input file end ********************


System: ('Linux', 'silicio', '3.16.0-4-amd64', '#1 SMP Debian 3.16.51-3 (2017-12-13)', 'x86_64', '')  Threads 12
Python 2.7.14 (default, Apr  9 2018, 16:34:43) 
[GCC 7.3.0]
numpy 1.14.2  scipy 1.0.1
Date: Fri Jun 29 20:16:44 2018
PySCF version 1.5
PySCF path  /home/jluis/src/pyscf/pyscf
GIT ORIG_HEAD f2dbb26d09ae5148fbf5975669a994500ac7a4c9
GIT HEAD      ref: refs/heads/master
GIT master branch  f2dbb26d09ae5148fbf5975669a994500ac7a4c9

[ENV] PYSCF_TMPDIR /scratch-ssd/jluis
[CONFIG] conf_file None
[INPUT] verbose = 4
[INPUT] num. atoms = 6
[INPUT] num. electrons = 78
[INPUT] charge = 0
[INPUT] spin (= nelec alpha-beta = 2S) = 0
[INPUT] symmetry 0 subgroup None
[INPUT] Mole.unit = angstrom
[INPUT]  1 N     -0.257758000000   1.083096000000   0.155040000000 AA   -0.487092026416   2.046754806612   0.292983138353 Bohr
[INPUT]  2 N      0.257758000000  -1.083096000000   0.155425000000 AA    0.487092026416  -2.046754806612   0.293710682911 Bohr
[INPUT]  3 S      1.094081000000   1.882778000000   0.155529000000 AA    2.067513448090   3.557934773356   0.293907214427 Bohr
[INPUT]  4 S     -1.824904000000   1.188172000000   0.155538000000 AA   -3.448568763623   2.245319668877   0.293924221963 Bohr
[INPUT]  5 S     -1.094081000000  -1.882778000000   0.155369000000 AA   -2.067513448090  -3.557934773356   0.293604858248 Bohr
[INPUT]  6 S      1.824904000000  -1.188171000000   0.155344000000 AA    3.448568763623  -2.245317779151   0.293557615094 Bohr

nuclear repulsion = 477.852579456553
number of shells = 78
number of NR pGTOs = 416
number of NR cGTOs = 292
basis = aug-cc-pvtz
ecp = {}
CPU time:    167841.15


******** <class 'pyscf.dft.rks.RKS'> flags ********
method = RKS-RHF
initial guess = minao
damping factor = 0
level shift factor = 0
DIIS = <class 'pyscf.scf.diis.CDIIS'>
DIIS start cycle = 1
DIIS space = 8
SCF tol = 1e-09
SCF gradient tol = None
max. SCF cycles = 120
direct_scf = True
direct_scf_tol = 1e-13
chkfile to save SCF result = n2s4.chk
max_memory 10000 MB (current use 237 MB)
XC functionals = pbe0
small_rho_cutoff = 1e-07
radial grids: 
    Treutler-Ahlrichs (JCP 102, 346 (M4)) radial grids
    
becke partition: Becke, JCP, 88, 2547 (1988)
pruning grids: <function nwchem_prune at 0x2ac488d175f0>
grids dens level: 4
symmetrized grids: 0
atomic radii adjust function: <function treutler_atomic_radii_adjust at 0x2ac488d17500>
Set gradient conv threshold to 3.16228e-05
tot grids = 171280
init E= -1702.42113540562
  HOMO = -0.227297644764965  LUMO = -0.165436299265962
cycle= 1 E= -1701.53536421714  delta_E= 0.886  |g|= 0.427  |ddm|= 2.34
  HOMO = -0.245336055371747  LUMO = -0.168332864286035
cycle= 2 E= -1701.31316000059  delta_E= 0.222  |g|= 1.11  |ddm|= 0.69
  HOMO = -0.233162381027627  LUMO = -0.13400776461355
cycle= 3 E= -1701.57379634945  delta_E= -0.261  |g|= 0.0752  |ddm|= 0.542
  HOMO = -0.238475705391525  LUMO = -0.137313771507294
cycle= 4 E= -1701.57502939799  delta_E= -0.00123  |g|= 0.0192  |ddm|= 0.0465
  HOMO = -0.238000368671429  LUMO = -0.13683744620454
cycle= 5 E= -1701.57512311493  delta_E= -9.37e-05  |g|= 0.00326  |ddm|= 0.0146
  HOMO = -0.238038299187147  LUMO = -0.136902409360631
cycle= 6 E= -1701.57512573518  delta_E= -2.62e-06  |g|= 0.000593  |ddm|= 0.00342
  HOMO = -0.238037277196742  LUMO = -0.136907761915182
cycle= 7 E= -1701.57512583162  delta_E= -9.64e-08  |g|= 0.000144  |ddm|= 0.000586
  HOMO = -0.238023639746267  LUMO = -0.136894173265157
cycle= 8 E= -1701.57512583569  delta_E= -4.08e-09  |g|= 6.79e-05  |ddm|= 0.000151
  HOMO = -0.23802520061595  LUMO = -0.136895354945825
cycle= 9 E= -1701.57512583546  delta_E= 2.29e-10  |g|= 6.99e-05  |ddm|= 0.000109
  HOMO = -0.238026867465227  LUMO = -0.136896720368334
cycle= 10 E= -1701.57512583698  delta_E= -1.51e-09  |g|= 2.44e-05  |ddm|= 7.03e-05
  HOMO = -0.238026935553033  LUMO = -0.13689674929368
cycle= 11 E= -1701.57512583716  delta_E= -1.82e-10  |g|= 9.1e-06  |ddm|= 2.82e-05
  HOMO = -0.238026348506633  LUMO = -0.136896277233028
Extra cycle  E= -1701.57512583692  delta_E= 2.41e-10  |g|= 2.76e-05  |ddm|= 3.15e-05
converged SCF energy = -1701.57512583692
Electronic spatial extent <R**2> (au): 1287.6808
* Multipoles in the independent field-basis, Gauge -> (0,0,0)
Electronic Dipole moment(X, Y, Z, Debye): 0.0004, 0.0002, 58.2228
Nuclear Dipole moment(X, Y, Z, Debye): 0.0000, 0.0001, 58.2232
Total Dipole moment(X, Y, Z, Debye): -0.0004, -0.0001, 0.0004
Quadrupole moments (Debye-Angs)
Total Quadrupole moments (XX, YY, ZZ): -57.8987, -62.9649, -61.0120
Total Quadrupole moments (XY, XZ, YZ): 1.2786, -0.0003, 0.0009
Octupole moments (Debye-Angs**2)
Total Octupole moments (XXX, YYY, ZZZ, XYY): -0.0016, -0.0009, -28.4447, -0.0011
Total Octupole moments (XXY, XXZ, XZZ, YZZ): 0.0002, -8.9944, -0.0003, 0.0002
Total Octupole moments (YYZ, XYZ): -9.7859, 0.1998
Hexadecapole moments (Debye-Angs**3)
Total Hexadecapole moments (XXXX, YYYY, ZZZZ, XXXY): -712.9112, -949.0317, -83.9642, 17.6921
Total Hexadecapole moments (XXXZ, YYYX, YYYZ, ZZZX): -0.0010, 41.8873, -0.0116, 0.0047
Total Hexadecapole moments (ZZZY, XXYY, XXZZ, YYZZ): -0.0118, -265.0733, -142.1656, -165.5863
Total Hexadecapole moments (XXYZ, YYXZ, ZZXY): 0.0026, 0.0049, 5.9111
