#INFO: **** input file is /home/jluis/src/git/xyz-db/diatomic/pbe0/run_sp.py ****
#!/usr/bin/env python

import numpy, sys, os
from pyscf import lib, gto, scf, dft
from pyscf.tools import molden
from pyscf.data import radii

def read_molecule(path):

    charge = spin = 0
    with open(path, 'r') as myfile:
        output = myfile.read()
        output = output.lstrip()
        output = output.rstrip()
        output = output.split('\n')

    try:
        int(output[0])
    except ValueError:
        try:
            charge = int(output[0].split(' ')[0])
            spin = int(output[0].split(' ')[1]) - 1
        except ValueError:
            molecule = output
        else:
            molecule = '\n'.join(output[1:])
    else:
        if int(output[0]) == len(output) - 2:
            molecule = '\n'.join(output[2:])
            try:
                charge = int(output[1].split(' ')[0])
                spin = int(output[1].split(' ')[1])-1
            except ValueError:
                pass
        else:
            print "THIS IS NOT A VALID XYZ FILE"

    return (molecule, charge, spin)

directory = '../'
files = [i for i in os.listdir(directory) if i.endswith('.xyz')]

for filename in files:

    name = filename[:-8]
    mol = gto.Mole()
    (mol.atom, charge, spin) = read_molecule(directory+filename)
    mol.basis = 'def2-qzvpd'
    mol.charge = charge
    mol.spin = spin
    mol.output = name+'.out'
    mol.symmetry = 0
    mol.verbose = 4
    mol.build()

    mf = dft.RKS(mol) 
    mf = scf.addons.remove_linear_dep_(mf)
    mf.max_cycle = 120
    mf.xc = 'pbe0'
    mf.grids.level = 4
    mf = mf.newton()
    mf.chkfile = name+'.chk'
    mf.kernel()

    stable_cyc = 3
    for i in range(stable_cyc):
        new_mo_coeff = mf.stability(internal=True, external=False)[0]
        if numpy.linalg.norm(numpy.array(new_mo_coeff) - numpy.array(mf.mo_coeff)) < 10**-8:
            lib.logger.info(mf,"* The molecule is stable")
            break
        else:
            lib.logger.info(mf,"* The molecule is unstable")
            n_alpha = numpy.count_nonzero(mf.mo_occ)
            P_alpha = 2.0*numpy.dot(new_mo_coeff[:, :n_alpha], new_mo_coeff.T[:n_alpha])
            mf.kernel(dm0=(P_alpha))
            lib.logger.info(mf,"* Updated SCF energy and orbitals: %16.f" % mf.e_tot)
     
    coeff = mf.mo_coeff[:,mf.mo_occ>0]
    occ = mf.mo_occ[mf.mo_occ>0]
    energy = mf.mo_energy[mf.mo_occ>0]
    den_file = name+'.mol'
    fspt = open(den_file,'w')
    molden.header(mol, fspt)
    molden.orbital_coeff(mol, fspt, coeff, ene=energy, occ=occ) 
    fspt.close()                    
    cmd = '/home/jluis/bin/molden2aim '+name
    os.system(cmd)
    den_file = name+'.wfn'
    fspt = open(den_file,'a')
    fspt.write('RHF\n')
    fspt.close()                    

    pmd_file = name+'.pmd'
    fspt = open(pmd_file,'w')
    fspt.write('%s.wfn\n' % (name))
    if (mol.symmetry == False):
        fspt.write('nosymmetry\n')
    fspt.write('tes\n')
    fspt.write('  xcdft 0 0 0\n')
    fspt.write('  epsiscp 0.220\n')
    fspt.write('  radialquad 7\n')
    fspt.write('  rmapping 2\n')
    fspt.write('  lmax 10\n')
    fspt.write('  nr 551\n')
    fspt.write('  lebedev 5810\n')
    fspt.write('  betasphere\n')
    for ia in range(mol.natm):
        symb = mol.atom_pure_symbol(ia)
        inuc = lib.parameters.NUC[symb]
        betarad = radii.COVALENT[inuc]/2.0
        fspt.write('  betaradw %d %1.3f\n' % ((ia+1),betarad))
    fspt.write('  radialquadbeta 7\n')
    fspt.write('  rmappingbeta 3\n')
    fspt.write('  lmaxbeta 8\n')
    fspt.write('  nrb 451\n')
    fspt.write('  lebedevbeta 3074\n')
    fspt.write('  dafh\n')
    fspt.write('endtes')
    fspt.close()                    

    cmd = 'rm '+name+'.mol'
    os.system(cmd)
#INFO: ******************** input file end ********************


System: ('Linux', 'silicio', '3.16.0-4-amd64', '#1 SMP Debian 3.16.51-3 (2017-12-13)', 'x86_64', '')  Threads 12
Python 2.7.14 (default, Apr  9 2018, 16:34:43) 
[GCC 7.3.0]
numpy 1.14.2  scipy 1.0.1
Date: Sun Jun 24 19:36:02 2018
PySCF version 1.5
PySCF path  /home/jluis/src/pyscf/pyscf
GIT ORIG_HEAD f2dbb26d09ae5148fbf5975669a994500ac7a4c9
GIT HEAD      ref: refs/heads/master
GIT master branch  f2dbb26d09ae5148fbf5975669a994500ac7a4c9

[ENV] PYSCF_TMPDIR /scratch-ssd/jluis
[CONFIG] conf_file None
[INPUT] verbose = 4
[INPUT] num. atoms = 2
[INPUT] num. electrons = 10
[INPUT] charge = 0
[INPUT] spin (= nelec alpha-beta = 2S) = 0
[INPUT] symmetry 0 subgroup None
[INPUT] Mole.unit = angstrom
[INPUT]  1 H      0.000000000000   0.000000000000   0.918955000000 AA    0.000000000000   0.000000000000   1.736573270800 Bohr
[INPUT]  2 F      0.000000000000   0.000000000000  -0.002155000000 AA    0.000000000000   0.000000000000  -0.004072359798 Bohr

nuclear repulsion = 5.17049527014146
number of shells = 31
number of NR pGTOs = 122
number of NR cGTOs = 99
basis = def2-qzvpd
ecp = {}
CPU time:      3441.25
tot grids = 45600
  HOMO = -0.517651706561503  LUMO = -0.00434944495316445


******** <class 'pyscf.soscf.newton_ah.SecondOrderRHF'> flags ********
method = SecondOrderRHF-RKS-RHF
initial guess = minao
damping factor = 0
level shift factor = 0
DIIS = <class 'pyscf.scf.diis.CDIIS'>
DIIS start cycle = 1
DIIS space = 8
SCF tol = 1e-09
SCF gradient tol = None
max. SCF cycles = 120
direct_scf = True
direct_scf_tol = 1e-13
chkfile to save SCF result = hf.chk
max_memory 64000 MB (current use 252 MB)
XC functionals = pbe0
small_rho_cutoff = 1e-07
radial grids: 
    Treutler-Ahlrichs (JCP 102, 346 (M4)) radial grids
    
becke partition: Becke, JCP, 88, 2547 (1988)
pruning grids: <function nwchem_prune at 0x2b89e0fbd578>
grids dens level: 4
symmetrized grids: 0
atomic radii adjust function: <function treutler_atomic_radii_adjust at 0x2b89e0fbd488>
Set conv_tol_grad to 3.16228e-05
Initial guess |g|= 0.495448
  HOMO = -0.315902286856007  LUMO = 0.0147810821890366
macro= 0  E= -100.40085368494  delta_E= -100.401  |g|= 0.0324799  3 KF 9 JK
macro= 1  E= -100.40089023786  delta_E= -3.65529e-05  |g|= 0.00104805  2 KF 8 JK
macro= 2  E= -100.40089023786  delta_E= 2.41585e-13  |g|= 1.57076e-06  1 KF 2 JK
Canonicalize SCF orbitals
macro X = 3  E=-100.40089023786  |g|= 1.57076e-06  total 6 KF 19 JK
converged SCF energy = -100.40089023786
RHF/RKS wavefunction is stable in the intenral stablity analysis
* The molecule is stable
