#INFO: **** input file is /home/jluis/src/git/db/aromatic-wfn/m06-l/run_sp.py ****
#!/usr/bin/env python

import numpy, sys, os
from pyscf import lib, gto, scf, dft
from pyscf.tools import molden
from pyscf.data import radii

def read_molecule(path):

    charge = spin = 0
    with open(path, 'r') as myfile:
        output = myfile.read()
        output = output.lstrip()
        output = output.rstrip()
        output = output.split('\n')

    try:
        int(output[0])
    except ValueError:
        try:
            charge = int(output[0].split(' ')[0])
            spin = int(output[0].split(' ')[1]) - 1
        except ValueError:
            molecule = output
        else:
            molecule = '\n'.join(output[1:])
    else:
        if int(output[0]) == len(output) - 2:
            molecule = '\n'.join(output[2:])
            try:
                charge = int(output[1].split(' ')[0])
                spin = int(output[1].split(' ')[1])-1
            except ValueError:
                pass
        else:
            print "THIS IS NOT A VALID XYZ FILE"

    return (molecule, charge, spin)

directory = '../../aromatic/'
files = [i for i in os.listdir(directory) if i.endswith('.xyz')]

for filename in files:

    name = filename[:-8]
    mol = gto.Mole()
    (mol.atom, charge, spin) = read_molecule(directory+filename)
    mol.basis = 'aug-cc-pvtz'
    mol.charge = charge
    mol.spin = spin
    mol.output = name+'.out'
    mol.symmetry = 0
    mol.max_memory = 10000
    mol.verbose = 4
    mol.build()

    mf = dft.RKS(mol) 
    mf.grids.level = 4
    mf.xc = 'm06-l'
    mf.max_cycle = 120
    mf.chkfile = name+'.chk'
    mf = scf.addons.remove_linear_dep_(mf)
    mf.kernel()

    dm = mf.make_rdm1()
    nao = mol.nao_nr()
    unit = 2.541746
    origin = ([0.0,0.0,0.0])
    charges = mol.atom_charges()
    coords  = mol.atom_coords()
    mol.set_common_orig(origin)
    r2 = mol.intor_symmetric('int1e_r2')
    r2 = numpy.einsum('ij,ji->', r2, dm)
    lib.logger.info(mf,'Electronic spatial extent <R**2> (au): %.4f', r2)

    lib.logger.info(mf,'* Multipoles in the independent field-basis, Gauge -> (0,0,0)')
    ao_dip = mol.intor_symmetric('int1e_r', comp=3)
    el_dip = numpy.einsum('xij,ji->x', ao_dip, dm)
    lib.logger.info(mf,'Electronic Dipole moment(X, Y, Z, Debye): %.4f, %.4f, %.4f', *el_dip*unit)
    nucl_dip = numpy.einsum('i,ix->x', charges, coords)
    lib.logger.info(mf,'Nuclear Dipole moment(X, Y, Z, Debye): %.4f, %.4f, %.4f', *nucl_dip*unit)
    mol_dip = (nucl_dip - el_dip) * unit
    lib.logger.info(mf,'Total Dipole moment(X, Y, Z, Debye): %.4f, %.4f, %.4f', *mol_dip)

    lib.logger.info(mf,'Quadrupole moments (Debye-Angs)')
    rr = mol.intor_symmetric('int1e_rr', comp=9).reshape(3,3,nao,nao)
    rr = -1.0*numpy.einsum('xyij,ji->xy', rr, dm)
    rr += numpy.einsum('z,zx,zy->xy', charges, coords, coords)
    rr = rr*unit*lib.param.BOHR
    lib.logger.info(mf,'Total Quadrupole moments (XX, YY, ZZ): %.4f, %.4f, %.4f', \
    rr[0,0], rr[1,1], rr[2,2])
    lib.logger.info(mf,'Total Quadrupole moments (XY, XZ, YZ): %.4f, %.4f, %.4f', \
    rr[0,1], rr[0,2], rr[1,2])
 
    lib.logger.info(mf,'Octupole moments (Debye-Angs**2)')
    rrr = mol.intor_symmetric('int1e_rrr', comp=27).reshape(3,3,3,nao,nao)
    rrr = -1.0*numpy.einsum('xyzij,ji->xyz', rrr, dm)
    rrr += numpy.einsum('z,zx,zy,zk->xyk', charges, coords, coords, coords)
    rrr = rrr*unit*lib.param.BOHR**2
    lib.logger.info(mf,'Total Octupole moments (XXX, YYY, ZZZ, XYY): %.4f, %.4f, %.4f, %.4f', \
    rrr[0,0,0], rrr[1,1,1], rrr[2,2,2], rrr[0,1,1])
    lib.logger.info(mf,'Total Octupole moments (XXY, XXZ, XZZ, YZZ): %.4f, %.4f, %.4f, %.4f', \
    rrr[0,0,1], rrr[0,0,2], rrr[0,2,2], rrr[1,2,2])
    lib.logger.info(mf,'Total Octupole moments (YYZ, XYZ): %.4f, %.4f', rrr[1,1,2], rrr[0,1,2])

    lib.logger.info(mf,'Hexadecapole moments (Debye-Angs**3)')
    rrrr = mol.intor_symmetric('int1e_rrrr', comp=81).reshape(3,3,3,3,nao,nao)
    rrrr = -1.0*numpy.einsum('xyzwij,ji->xyzw', rrrr, dm)
    rrrr += numpy.einsum('z,zx,zy,zk,zw->xykw', charges, coords, coords, coords, coords)
    rrrr = rrrr*unit*lib.param.BOHR**3
    lib.logger.info(mf,'Total Hexadecapole moments (XXXX, YYYY, ZZZZ, XXXY): %.4f, %.4f, %.4f, %.4f', \
    rrrr[0,0,0,0], rrrr[1,1,1,1], rrrr[2,2,2,2], rrrr[0,0,0,1])
    lib.logger.info(mf,'Total Hexadecapole moments (XXXZ, YYYX, YYYZ, ZZZX): %.4f, %.4f, %.4f, %.4f', \
    rrrr[0,0,0,2], rrrr[1,1,1,0], rrrr[1,1,1,2], rrrr[2,2,2,0])
    lib.logger.info(mf,'Total Hexadecapole moments (ZZZY, XXYY, XXZZ, YYZZ): %.4f, %.4f, %.4f, %.4f', \
    rrrr[2,2,2,1], rrrr[0,0,1,1], rrrr[0,0,2,2], rrrr[1,1,2,2])
    lib.logger.info(mf,'Total Hexadecapole moments (XXYZ, YYXZ, ZZXY): %.4f, %.4f, %.4f', \
    rrrr[0,0,1,2], rrrr[1,1,0,2], rrrr[2,2,0,1])
     
    coeff = mf.mo_coeff[:,mf.mo_occ>0]
    occ = mf.mo_occ[mf.mo_occ>0]
    energy = mf.mo_energy[mf.mo_occ>0]
    den_file = name+'.mol'
    fspt = open(den_file,'w')
    molden.header(mol, fspt)
    molden.orbital_coeff(mol, fspt, coeff, ene=energy, occ=occ) 
    fspt.close()                    
    cmd = '/home/jluis/bin/molden2aim '+name
    os.system(cmd)
    den_file = name+'.wfn'
    fspt = open(den_file,'a')
    fspt.write('RHF\n')
    fspt.close()                    

    pmd_file = name+'.pmd'
    fspt = open(pmd_file,'w')
    fspt.write('%s.wfn\n' % (name))
    if (mol.symmetry == False):
        fspt.write('nosymmetry\n')
    fspt.write('tes\n')
    fspt.write('  epsiscp 0.220\n')
    fspt.write('  radialquad 7\n')
    fspt.write('  rmapping 2\n')
    fspt.write('  lmax 10\n')
    fspt.write('  nr 551\n')
    fspt.write('  lebedev 5810\n')
    fspt.write('  betasphere\n')
    for ia in range(mol.natm):
        symb = mol.atom_pure_symbol(ia)
        inuc = lib.parameters.NUC[symb]
        betarad = radii.COVALENT[inuc]/3.5
        fspt.write('  betaradw %d %1.3f\n' % ((ia+1),betarad))
    fspt.write('  radialquadbeta 7\n')
    fspt.write('  rmappingbeta 3\n')
    fspt.write('  lmaxbeta 8\n')
    fspt.write('  nrb 451\n')
    fspt.write('  lebedevbeta 3074\n')
    fspt.write('  dafh\n')
    fspt.write('endtes')
    fspt.close()                    

    cmd = 'rm '+name+'.mol'
    os.system(cmd)

#INFO: ******************** input file end ********************


System: ('Linux', 'cromo', '4.9.0-0.bpo.3-amd64', '#1 SMP Debian 4.9.30-2+deb9u5~bpo8+1 (2017-09-28)', 'x86_64', '')  Threads 4
Python 2.7.14 (default, Apr 10 2018, 19:21:27) 
[GCC 7.3.0]
numpy 1.14.2  scipy 1.0.1
Date: Mon Jul  2 04:29:29 2018
PySCF version 1.5
PySCF path  /home/jluis/src/pyscf/pyscf
GIT ORIG_HEAD 1ca9fa9a79cffe36c02a6597649cc8e4258362c9
GIT HEAD      ref: refs/heads/master
GIT master branch  2a04e98fd7e076282a2b183302d17fc6af3d78e6

[ENV] PYSCF_MAX_MEMORY 32000
[ENV] PYSCF_TMPDIR /scratch-ssd/jluis
[CONFIG] conf_file None
[INPUT] verbose = 4
[INPUT] num. atoms = 12
[INPUT] num. electrons = 42
[INPUT] charge = 0
[INPUT] spin (= nelec alpha-beta = 2S) = 0
[INPUT] symmetry 0 subgroup None
[INPUT] Mole.unit = angstrom
[INPUT]  1 C      0.000000000000  -1.395061000000   0.000000000000 AA    0.000000000000  -2.636283217062   0.000000000000 Bohr
[INPUT]  2 C      1.208158000000  -0.697530000000   0.000000000000 AA    2.283087735202  -1.318140663668   0.000000000000 Bohr
[INPUT]  3 C      1.208158000000   0.697530000000   0.000000000000 AA    2.283087735202   1.318140663668   0.000000000000 Bohr
[INPUT]  4 C      0.000000000000   1.395061000000   0.000000000000 AA    0.000000000000   2.636283217062   0.000000000000 Bohr
[INPUT]  5 C     -1.208158000000   0.697530000000   0.000000000000 AA   -2.283087735202   1.318140663668   0.000000000000 Bohr
[INPUT]  6 C     -1.208158000000  -0.697530000000   0.000000000000 AA   -2.283087735202  -1.318140663668   0.000000000000 Bohr
[INPUT]  7 H      0.000000000000  -2.485433000000   0.000000000000 AA    0.000000000000  -4.696787670956   0.000000000000 Bohr
[INPUT]  8 H      2.152448000000  -1.242716000000   0.000000000000 AA    4.067537217368  -2.348392890615   0.000000000000 Bohr
[INPUT]  9 H      2.152448000000   1.242716000000   0.000000000000 AA    4.067537217368   2.348392890615   0.000000000000 Bohr
[INPUT] 10 H      0.000000000000   2.485433000000   0.000000000000 AA    0.000000000000   4.696787670956   0.000000000000 Bohr
[INPUT] 11 H     -2.152448000000   1.242716000000   0.000000000000 AA   -4.067537217368   2.348392890615   0.000000000000 Bohr
[INPUT] 12 H     -2.152448000000  -1.242716000000   0.000000000000 AA   -4.067537217368  -2.348392890615   0.000000000000 Bohr

nuclear repulsion = 203.284516142987
number of shells = 132
number of NR pGTOs = 498
number of NR cGTOs = 414
basis = aug-cc-pvtz
ecp = {}
CPU time:     20485.05


******** <class 'pyscf.dft.rks.RKS'> flags ********
method = RKS-RHF
initial guess = minao
damping factor = 0
level shift factor = 0
DIIS = <class 'pyscf.scf.diis.CDIIS'>
DIIS start cycle = 1
DIIS space = 8
SCF tol = 1e-09
SCF gradient tol = None
max. SCF cycles = 120
direct_scf = True
direct_scf_tol = 1e-13
chkfile to save SCF result = benceno.chk
max_memory 10000 MB (current use 187 MB)
XC functionals = m06-l
small_rho_cutoff = 1e-07
radial grids: 
    Treutler-Ahlrichs (JCP 102, 346 (M4)) radial grids
    
becke partition: Becke, JCP, 88, 2547 (1988)
pruning grids: <function nwchem_prune at 0x2ba87f1ede60>
grids dens level: 4
symmetrized grids: 0
atomic radii adjust function: <function treutler_atomic_radii_adjust at 0x2ba87f1edd70>
Set gradient conv threshold to 3.16228e-05
tot grids = 265536
init E= -233.094486047429
  HOMO = -0.368417151538093  LUMO = -0.160074965042644
cycle= 1 E= -232.105136588094  delta_E= 0.989  |g|= 0.824  |ddm|= 21.3
  HOMO = -0.10087439681301  LUMO = 0.00337525246086609
cycle= 2 E= -231.885278275245  delta_E= 0.22  |g|= 1.24  |ddm|= 25.2
  HOMO = -0.228051341060369  LUMO = -0.0271726081071456
cycle= 3 E= -232.287366603967  delta_E= -0.402  |g|= 0.0774  |ddm|=   18
  HOMO = -0.233439563379352  LUMO = -0.0334655696368351
cycle= 4 E= -232.28840573334  delta_E= -0.00104  |g|= 0.0154  |ddm|= 13.9
  HOMO = -0.233070786960648  LUMO = -0.0329589819024069
cycle= 5 E= -232.288468834054  delta_E= -6.31e-05  |g|= 0.00302  |ddm|= 4.13
  HOMO = -0.233368040779872  LUMO = -0.0332920277420531
cycle= 6 E= -232.288471667911  delta_E= -2.83e-06  |g|= 0.000858  |ddm|= 0.569
  HOMO = -0.233464069696192  LUMO = -0.0333906442772243
cycle= 7 E= -232.288471823917  delta_E= -1.56e-07  |g|= 9.21e-05  |ddm|= 0.0397
  HOMO = -0.233467880960137  LUMO = -0.0333954195691125
cycle= 8 E= -232.288471827583  delta_E= -3.67e-09  |g|= 1.63e-05  |ddm|= 0.00831
  HOMO = -0.233470835882387  LUMO = -0.0333982686409891
cycle= 9 E= -232.288471827654  delta_E= -7.11e-11  |g|= 9.85e-06  |ddm|= 0.0014
  HOMO = -0.233469799844509  LUMO = -0.0333975671912273
Extra cycle  E= -232.288471827612  delta_E= 4.23e-11  |g|= 1.66e-05  |ddm|= 0.000527
converged SCF energy = -232.288471827612
Electronic spatial extent <R**2> (au): 459.3072
* Multipoles in the independent field-basis, Gauge -> (0,0,0)
Electronic Dipole moment(X, Y, Z, Debye): 0.0000, -0.0000, 0.0000
Nuclear Dipole moment(X, Y, Z, Debye): 0.0000, 0.0000, 0.0000
Total Dipole moment(X, Y, Z, Debye): -0.0000, 0.0000, -0.0000
Quadrupole moments (Debye-Angs)
Total Quadrupole moments (XX, YY, ZZ): -32.1001, -32.1000, -39.0298
Total Quadrupole moments (XY, XZ, YZ): 0.0000, 0.0000, 0.0000
Octupole moments (Debye-Angs**2)
Total Octupole moments (XXX, YYY, ZZZ, XYY): 0.0000, 0.0000, 0.0000, 0.0000
Total Octupole moments (XXY, XXZ, XZZ, YZZ): 0.0000, -0.0000, -0.0000, 0.0000
Total Octupole moments (YYZ, XYZ): -0.0000, -0.0000
Hexadecapole moments (Debye-Angs**3)
Total Hexadecapole moments (XXXX, YYYY, ZZZZ, XXXY): -273.7294, -273.7277, -44.3341, 0.0000
Total Hexadecapole moments (XXXZ, YYYX, YYYZ, ZZZX): 0.0000, 0.0000, 0.0000, 0.0000
Total Hexadecapole moments (ZZZY, XXYY, XXZZ, YYZZ): 0.0000, -91.2436, -62.5563, -62.5562
Total Hexadecapole moments (XXYZ, YYXZ, ZZXY): 0.0000, -0.0000, 0.0000
