#INFO: **** input file is /home/jluis/src/git/db/aromatic-wfn/m06-l/run_sp.py ****
#!/usr/bin/env python

import numpy, sys, os
from pyscf import lib, gto, scf, dft
from pyscf.tools import molden
from pyscf.data import radii

def read_molecule(path):

    charge = spin = 0
    with open(path, 'r') as myfile:
        output = myfile.read()
        output = output.lstrip()
        output = output.rstrip()
        output = output.split('\n')

    try:
        int(output[0])
    except ValueError:
        try:
            charge = int(output[0].split(' ')[0])
            spin = int(output[0].split(' ')[1]) - 1
        except ValueError:
            molecule = output
        else:
            molecule = '\n'.join(output[1:])
    else:
        if int(output[0]) == len(output) - 2:
            molecule = '\n'.join(output[2:])
            try:
                charge = int(output[1].split(' ')[0])
                spin = int(output[1].split(' ')[1])-1
            except ValueError:
                pass
        else:
            print "THIS IS NOT A VALID XYZ FILE"

    return (molecule, charge, spin)

directory = '../../aromatic/'
files = [i for i in os.listdir(directory) if i.endswith('.xyz')]

for filename in files:

    name = filename[:-8]
    mol = gto.Mole()
    (mol.atom, charge, spin) = read_molecule(directory+filename)
    mol.basis = 'aug-cc-pvtz'
    mol.charge = charge
    mol.spin = spin
    mol.output = name+'.out'
    mol.symmetry = 0
    mol.max_memory = 10000
    mol.verbose = 4
    mol.build()

    mf = dft.RKS(mol) 
    mf.grids.level = 4
    mf.xc = 'm06-l'
    mf.max_cycle = 120
    mf.chkfile = name+'.chk'
    mf = scf.addons.remove_linear_dep_(mf)
    mf.kernel()

    dm = mf.make_rdm1()
    nao = mol.nao_nr()
    unit = 2.541746
    origin = ([0.0,0.0,0.0])
    charges = mol.atom_charges()
    coords  = mol.atom_coords()
    mol.set_common_orig(origin)
    r2 = mol.intor_symmetric('int1e_r2')
    r2 = numpy.einsum('ij,ji->', r2, dm)
    lib.logger.info(mf,'Electronic spatial extent <R**2> (au): %.4f', r2)

    lib.logger.info(mf,'* Multipoles in the independent field-basis, Gauge -> (0,0,0)')
    ao_dip = mol.intor_symmetric('int1e_r', comp=3)
    el_dip = numpy.einsum('xij,ji->x', ao_dip, dm)
    lib.logger.info(mf,'Electronic Dipole moment(X, Y, Z, Debye): %.4f, %.4f, %.4f', *el_dip*unit)
    nucl_dip = numpy.einsum('i,ix->x', charges, coords)
    lib.logger.info(mf,'Nuclear Dipole moment(X, Y, Z, Debye): %.4f, %.4f, %.4f', *nucl_dip*unit)
    mol_dip = (nucl_dip - el_dip) * unit
    lib.logger.info(mf,'Total Dipole moment(X, Y, Z, Debye): %.4f, %.4f, %.4f', *mol_dip)

    lib.logger.info(mf,'Quadrupole moments (Debye-Angs)')
    rr = mol.intor_symmetric('int1e_rr', comp=9).reshape(3,3,nao,nao)
    rr = -1.0*numpy.einsum('xyij,ji->xy', rr, dm)
    rr += numpy.einsum('z,zx,zy->xy', charges, coords, coords)
    rr = rr*unit*lib.param.BOHR
    lib.logger.info(mf,'Total Quadrupole moments (XX, YY, ZZ): %.4f, %.4f, %.4f', \
    rr[0,0], rr[1,1], rr[2,2])
    lib.logger.info(mf,'Total Quadrupole moments (XY, XZ, YZ): %.4f, %.4f, %.4f', \
    rr[0,1], rr[0,2], rr[1,2])
 
    lib.logger.info(mf,'Octupole moments (Debye-Angs**2)')
    rrr = mol.intor_symmetric('int1e_rrr', comp=27).reshape(3,3,3,nao,nao)
    rrr = -1.0*numpy.einsum('xyzij,ji->xyz', rrr, dm)
    rrr += numpy.einsum('z,zx,zy,zk->xyk', charges, coords, coords, coords)
    rrr = rrr*unit*lib.param.BOHR**2
    lib.logger.info(mf,'Total Octupole moments (XXX, YYY, ZZZ, XYY): %.4f, %.4f, %.4f, %.4f', \
    rrr[0,0,0], rrr[1,1,1], rrr[2,2,2], rrr[0,1,1])
    lib.logger.info(mf,'Total Octupole moments (XXY, XXZ, XZZ, YZZ): %.4f, %.4f, %.4f, %.4f', \
    rrr[0,0,1], rrr[0,0,2], rrr[0,2,2], rrr[1,2,2])
    lib.logger.info(mf,'Total Octupole moments (YYZ, XYZ): %.4f, %.4f', rrr[1,1,2], rrr[0,1,2])

    lib.logger.info(mf,'Hexadecapole moments (Debye-Angs**3)')
    rrrr = mol.intor_symmetric('int1e_rrrr', comp=81).reshape(3,3,3,3,nao,nao)
    rrrr = -1.0*numpy.einsum('xyzwij,ji->xyzw', rrrr, dm)
    rrrr += numpy.einsum('z,zx,zy,zk,zw->xykw', charges, coords, coords, coords, coords)
    rrrr = rrrr*unit*lib.param.BOHR**3
    lib.logger.info(mf,'Total Hexadecapole moments (XXXX, YYYY, ZZZZ, XXXY): %.4f, %.4f, %.4f, %.4f', \
    rrrr[0,0,0,0], rrrr[1,1,1,1], rrrr[2,2,2,2], rrrr[0,0,0,1])
    lib.logger.info(mf,'Total Hexadecapole moments (XXXZ, YYYX, YYYZ, ZZZX): %.4f, %.4f, %.4f, %.4f', \
    rrrr[0,0,0,2], rrrr[1,1,1,0], rrrr[1,1,1,2], rrrr[2,2,2,0])
    lib.logger.info(mf,'Total Hexadecapole moments (ZZZY, XXYY, XXZZ, YYZZ): %.4f, %.4f, %.4f, %.4f', \
    rrrr[2,2,2,1], rrrr[0,0,1,1], rrrr[0,0,2,2], rrrr[1,1,2,2])
    lib.logger.info(mf,'Total Hexadecapole moments (XXYZ, YYXZ, ZZXY): %.4f, %.4f, %.4f', \
    rrrr[0,0,1,2], rrrr[1,1,0,2], rrrr[2,2,0,1])
     
    coeff = mf.mo_coeff[:,mf.mo_occ>0]
    occ = mf.mo_occ[mf.mo_occ>0]
    energy = mf.mo_energy[mf.mo_occ>0]
    den_file = name+'.mol'
    fspt = open(den_file,'w')
    molden.header(mol, fspt)
    molden.orbital_coeff(mol, fspt, coeff, ene=energy, occ=occ) 
    fspt.close()                    
    cmd = '/home/jluis/bin/molden2aim '+name
    os.system(cmd)
    den_file = name+'.wfn'
    fspt = open(den_file,'a')
    fspt.write('RHF\n')
    fspt.close()                    

    pmd_file = name+'.pmd'
    fspt = open(pmd_file,'w')
    fspt.write('%s.wfn\n' % (name))
    if (mol.symmetry == False):
        fspt.write('nosymmetry\n')
    fspt.write('tes\n')
    fspt.write('  epsiscp 0.220\n')
    fspt.write('  radialquad 7\n')
    fspt.write('  rmapping 2\n')
    fspt.write('  lmax 10\n')
    fspt.write('  nr 551\n')
    fspt.write('  lebedev 5810\n')
    fspt.write('  betasphere\n')
    for ia in range(mol.natm):
        symb = mol.atom_pure_symbol(ia)
        inuc = lib.parameters.NUC[symb]
        betarad = radii.COVALENT[inuc]/3.5
        fspt.write('  betaradw %d %1.3f\n' % ((ia+1),betarad))
    fspt.write('  radialquadbeta 7\n')
    fspt.write('  rmappingbeta 3\n')
    fspt.write('  lmaxbeta 8\n')
    fspt.write('  nrb 451\n')
    fspt.write('  lebedevbeta 3074\n')
    fspt.write('  dafh\n')
    fspt.write('endtes')
    fspt.close()                    

    cmd = 'rm '+name+'.mol'
    os.system(cmd)

#INFO: ******************** input file end ********************


System: ('Linux', 'cromo', '4.9.0-0.bpo.3-amd64', '#1 SMP Debian 4.9.30-2+deb9u5~bpo8+1 (2017-09-28)', 'x86_64', '')  Threads 4
Python 2.7.14 (default, Apr 10 2018, 19:21:27) 
[GCC 7.3.0]
numpy 1.14.2  scipy 1.0.1
Date: Mon Jul  2 03:56:57 2018
PySCF version 1.5
PySCF path  /home/jluis/src/pyscf/pyscf
GIT ORIG_HEAD 1ca9fa9a79cffe36c02a6597649cc8e4258362c9
GIT HEAD      ref: refs/heads/master
GIT master branch  2a04e98fd7e076282a2b183302d17fc6af3d78e6

[ENV] PYSCF_MAX_MEMORY 32000
[ENV] PYSCF_TMPDIR /scratch-ssd/jluis
[CONFIG] conf_file None
[INPUT] verbose = 4
[INPUT] num. atoms = 8
[INPUT] num. electrons = 44
[INPUT] charge = 0
[INPUT] spin (= nelec alpha-beta = 2S) = 0
[INPUT] symmetry 0 subgroup None
[INPUT] Mole.unit = angstrom
[INPUT]  1 N      1.330597000000  -0.669953000000   0.000000000000 AA    2.514463912168  -1.266027686331   0.000000000000 Bohr
[INPUT]  2 C      1.264239000000   0.698438000000   0.000000000000 AA    2.389065465994   1.319856534989   0.000000000000 Bohr
[INPUT]  3 C      0.007193000000   1.236266000000   0.000000000000 AA    0.013592800014   2.336204157112   0.000000000000 Bohr
[INPUT]  4 S     -1.161388000000  -0.030341000000   0.000000000000 AA   -2.194705244356  -0.057336180345   0.000000000000 Bohr
[INPUT]  5 C      0.135490000000  -1.182834000000   0.000000000000 AA    0.256038992617  -2.235232310824   0.000000000000 Bohr
[INPUT]  6 H      2.185310000000   1.278382000000   0.000000000000 AA    4.129637397273   2.415791862574   0.000000000000 Bohr
[INPUT]  7 H     -0.287381000000   2.281629000000   0.000000000000 AA   -0.543071383404   4.311653927865   0.000000000000 Bohr
[INPUT]  8 H     -0.071040000000  -2.251777000000   0.000000000000 AA   -0.134246143889  -4.255241823595   0.000000000000 Bohr

nuclear repulsion = 204.900777203452
number of shells = 92
number of NR pGTOs = 382
number of NR cGTOs = 303
basis = aug-cc-pvtz
ecp = {}
CPU time:     13249.80


******** <class 'pyscf.dft.rks.RKS'> flags ********
method = RKS-RHF
initial guess = minao
damping factor = 0
level shift factor = 0
DIIS = <class 'pyscf.scf.diis.CDIIS'>
DIIS start cycle = 1
DIIS space = 8
SCF tol = 1e-09
SCF gradient tol = None
max. SCF cycles = 120
direct_scf = True
direct_scf_tol = 1e-13
chkfile to save SCF result = thiazole.chk
max_memory 10000 MB (current use 189 MB)
XC functionals = m06-l
small_rho_cutoff = 1e-07
radial grids: 
    Treutler-Ahlrichs (JCP 102, 346 (M4)) radial grids
    
becke partition: Becke, JCP, 88, 2547 (1988)
pruning grids: <function nwchem_prune at 0x2ba87f1ede60>
grids dens level: 4
symmetrized grids: 0
atomic radii adjust function: <function treutler_atomic_radii_adjust at 0x2ba87f1edd70>
Set gradient conv threshold to 3.16228e-05
tot grids = 189718
init E= -569.915298533406
  HOMO = -0.314715275158595  LUMO = -0.130966340108214
cycle= 1 E= -568.982829430605  delta_E= 0.932  |g|= 0.667  |ddm|= 6.67
  HOMO = -0.120917994578326  LUMO = -0.00418993912128554
cycle= 2 E= -568.633911472761  delta_E= 0.349  |g|= 1.27  |ddm|= 5.12
  HOMO = -0.221740800535992  LUMO = -0.0438009142782751
cycle= 3 E= -569.082013455264  delta_E= -0.448  |g|= 0.272  |ddm|= 1.78
  HOMO = -0.235692196577215  LUMO = -0.0581354225556068
cycle= 4 E= -569.097543919972  delta_E= -0.0155  |g|= 0.114  |ddm|= 0.548
  HOMO = -0.234901256318118  LUMO = -0.0595635202611555
cycle= 5 E= -569.100266128426  delta_E= -0.00272  |g|= 0.0315  |ddm|= 0.463
  HOMO = -0.234567560731191  LUMO = -0.0579021105866631
cycle= 6 E= -569.100494564598  delta_E= -0.000228  |g|= 0.0167  |ddm|= 0.106
  HOMO = -0.234646211413612  LUMO = -0.0581155991194745
cycle= 7 E= -569.100568785048  delta_E= -7.42e-05  |g|= 0.00397  |ddm|= 0.029
  HOMO = -0.234781410548309  LUMO = -0.0582638187025822
cycle= 8 E= -569.10057316538  delta_E= -4.38e-06  |g|= 0.00129  |ddm|= 0.0199
  HOMO = -0.234783480354561  LUMO = -0.0582692226276485
cycle= 9 E= -569.100573658406  delta_E= -4.93e-07  |g|= 0.000276  |ddm|= 0.0146
  HOMO = -0.234800893876246  LUMO = -0.0582783083277373
cycle= 10 E= -569.100573675383  delta_E= -1.7e-08  |g|= 0.000179  |ddm|= 0.00537
  HOMO = -0.234802003495577  LUMO = -0.0582861176484565
cycle= 11 E= -569.10057368262  delta_E= -7.24e-09  |g|= 6.22e-05  |ddm|= 0.00171
  HOMO = -0.234808576096419  LUMO = -0.0582901663610518
cycle= 12 E= -569.100573683769  delta_E= -1.15e-09  |g|= 2.02e-05  |ddm|= 0.0013
  HOMO = -0.23480620698941  LUMO = -0.0582883625784355
cycle= 13 E= -569.100573683883  delta_E= -1.13e-10  |g|= 6.88e-06  |ddm|= 0.000252
  HOMO = -0.234807509424323  LUMO = -0.0582895232692557
Extra cycle  E= -569.100573683863  delta_E= 2e-11  |g|= 1.16e-05  |ddm|= 0.000155
converged SCF energy = -569.100573683863
Electronic spatial extent <R**2> (au): 378.9982
* Multipoles in the independent field-basis, Gauge -> (0,0,0)
Electronic Dipole moment(X, Y, Z, Debye): 6.0327, 2.1756, 0.0000
Nuclear Dipole moment(X, Y, Z, Debye): 4.8051, 3.0948, 0.0000
Total Dipole moment(X, Y, Z, Debye): -1.2276, 0.9192, -0.0000
Quadrupole moments (Debye-Angs)
Total Quadrupole moments (XX, YY, ZZ): -37.5770, -30.6744, -37.5800
Total Quadrupole moments (XY, XZ, YZ): 3.0465, -0.0000, 0.0000
Octupole moments (Debye-Angs**2)
Total Octupole moments (XXX, YYY, ZZZ, XYY): -6.4663, -2.1480, -0.0000, -4.9546
Total Octupole moments (XXY, XXZ, XZZ, YZZ): 6.9128, -0.0000, -1.6554, -1.5449
Total Octupole moments (YYZ, XYZ): -0.0000, -0.0000
Hexadecapole moments (Debye-Angs**3)
Total Hexadecapole moments (XXXX, YYYY, ZZZZ, XXXY): -273.6162, -174.5408, -42.5996, 14.5592
Total Hexadecapole moments (XXXZ, YYYX, YYYZ, ZZZX): -0.0000, 0.0450, 0.0000, -0.0000
Total Hexadecapole moments (ZZZY, XXYY, XXZZ, YYZZ): 0.0000, -79.2271, -54.7049, -45.1712
Total Hexadecapole moments (XXYZ, YYXZ, ZZXY): 0.0000, -0.0000, -1.1826
