#INFO: **** input file is /home/jluis/src/git/db/diatomic-wfn/scan/run_sp.py ****
#!/usr/bin/env python

import numpy, sys, os
from pyscf import lib, gto, scf, dft
from pyscf.tools import molden
from pyscf.data import radii

def read_molecule(path):

    charge = spin = 0
    with open(path, 'r') as myfile:
        output = myfile.read()
        output = output.lstrip()
        output = output.rstrip()
        output = output.split('\n')

    try:
        int(output[0])
    except ValueError:
        try:
            charge = int(output[0].split(' ')[0])
            spin = int(output[0].split(' ')[1]) - 1
        except ValueError:
            molecule = output
        else:
            molecule = '\n'.join(output[1:])
    else:
        if int(output[0]) == len(output) - 2:
            molecule = '\n'.join(output[2:])
            try:
                charge = int(output[1].split(' ')[0])
                spin = int(output[1].split(' ')[1])-1
            except ValueError:
                pass
        else:
            print "THIS IS NOT A VALID XYZ FILE"

    return (molecule, charge, spin)

directory = '../../diatomic/'
files = [i for i in os.listdir(directory) if i.endswith('.xyz')]

for filename in files:

    name = filename[:-8]
    mol = gto.Mole()
    (mol.atom, charge, spin) = read_molecule(directory+filename)
    mol.basis = 'aug-cc-pvtz'
    mol.charge = charge
    mol.spin = spin
    mol.output = name+'.out'
    mol.symmetry = 0
    mol.verbose = 4
    mol.build()

    mf = dft.RKS(mol) 
    mf.xc = 'scan'
    mf.grids.level = 4
    mf.max_cycle = 120
    mf.chkfile = name+'.chk'
    mf = scf.addons.remove_linear_dep_(mf)
    #mf = mf.newton()
    mf.kernel()
    #
    #stable_cyc = 3
    #for i in range(stable_cyc):
    #    new_mo_coeff = mf.stability(internal=True, external=False)[0]
    #    if numpy.linalg.norm(numpy.array(new_mo_coeff) - numpy.array(mf.mo_coeff)) < 10**-8:
    #        lib.logger.info(mf,"* The molecule is stable")
    #        break
    #    else:
    #        lib.logger.info(mf,"* The molecule is unstable")
    #        n_alpha = numpy.count_nonzero(mf.mo_occ)
    #        P_alpha = 2.0*numpy.dot(new_mo_coeff[:, :n_alpha], new_mo_coeff.T[:n_alpha])
    #        mf.kernel(dm0=(P_alpha))
    #        lib.logger.info(mf,"* Updated SCF energy and orbitals: %.6f" % mf.e_tot)
    #
    dm = mf.make_rdm1()
    nao = mol.nao_nr()
    unit = 2.541746
    origin = ([0.0,0.0,0.0])
    charges = mol.atom_charges()
    coords  = mol.atom_coords()
    mol.set_common_orig(origin)
    r2 = mol.intor_symmetric('int1e_r2')
    r2 = numpy.einsum('ij,ji->', r2, dm)
    lib.logger.info(mf,'Electronic spatial extent <R**2> (au): %.4f', r2)

    lib.logger.info(mf,'* Multipoles in the independent field-basis, Gauge -> (0,0,0)')
    ao_dip = mol.intor_symmetric('int1e_r', comp=3)
    el_dip = numpy.einsum('xij,ji->x', ao_dip, dm)
    lib.logger.info(mf,'Electronic Dipole moment(X, Y, Z, Debye): %.4f, %.4f, %.4f', *el_dip*unit)
    nucl_dip = numpy.einsum('i,ix->x', charges, coords)
    lib.logger.info(mf,'Nuclear Dipole moment(X, Y, Z, Debye): %.4f, %.4f, %.4f', *nucl_dip*unit)
    mol_dip = (nucl_dip - el_dip) * unit
    lib.logger.info(mf,'Total Dipole moment(X, Y, Z, Debye): %.4f, %.4f, %.4f', *mol_dip)

    lib.logger.info(mf,'Quadrupole moments (Debye-Angs)')
    rr = mol.intor_symmetric('int1e_rr', comp=9).reshape(3,3,nao,nao)
    rr = -1.0*numpy.einsum('xyij,ji->xy', rr, dm)
    rr += numpy.einsum('z,zx,zy->xy', charges, coords, coords)
    rr = rr*unit*lib.param.BOHR
    lib.logger.info(mf,'Total Quadrupole moments (XX, YY, ZZ): %.4f, %.4f, %.4f', \
    rr[0,0], rr[1,1], rr[2,2])
    lib.logger.info(mf,'Total Quadrupole moments (XY, XZ, YZ): %.4f, %.4f, %.4f', \
    rr[0,1], rr[0,2], rr[1,2])
 
    lib.logger.info(mf,'Octupole moments (Debye-Angs**2)')
    rrr = mol.intor_symmetric('int1e_rrr', comp=27).reshape(3,3,3,nao,nao)
    rrr = -1.0*numpy.einsum('xyzij,ji->xyz', rrr, dm)
    rrr += numpy.einsum('z,zx,zy,zk->xyk', charges, coords, coords, coords)
    rrr = rrr*unit*lib.param.BOHR**2
    lib.logger.info(mf,'Total Octupole moments (XXX, YYY, ZZZ, XYY): %.4f, %.4f, %.4f, %.4f', \
    rrr[0,0,0], rrr[1,1,1], rrr[2,2,2], rrr[0,1,1])
    lib.logger.info(mf,'Total Octupole moments (XXY, XXZ, XZZ, YZZ): %.4f, %.4f, %.4f, %.4f', \
    rrr[0,0,1], rrr[0,0,2], rrr[0,2,2], rrr[1,2,2])
    lib.logger.info(mf,'Total Octupole moments (YYZ, XYZ): %.4f, %.4f', rrr[1,1,2], rrr[0,1,2])

    lib.logger.info(mf,'Hexadecapole moments (Debye-Angs**3)')
    rrrr = mol.intor_symmetric('int1e_rrrr', comp=81).reshape(3,3,3,3,nao,nao)
    rrrr = -1.0*numpy.einsum('xyzwij,ji->xyzw', rrrr, dm)
    rrrr += numpy.einsum('z,zx,zy,zk,zw->xykw', charges, coords, coords, coords, coords)
    rrrr = rrrr*unit*lib.param.BOHR**3
    lib.logger.info(mf,'Total Hexadecapole moments (XXXX, YYYY, ZZZZ, XXXY): %.4f, %.4f, %.4f, %.4f', \
    rrrr[0,0,0,0], rrrr[1,1,1,1], rrrr[2,2,2,2], rrrr[0,0,0,1])
    lib.logger.info(mf,'Total Hexadecapole moments (XXXZ, YYYX, YYYZ, ZZZX): %.4f, %.4f, %.4f, %.4f', \
    rrrr[0,0,0,2], rrrr[1,1,1,0], rrrr[1,1,1,2], rrrr[2,2,2,0])
    lib.logger.info(mf,'Total Hexadecapole moments (ZZZY, XXYY, XXZZ, YYZZ): %.4f, %.4f, %.4f, %.4f', \
    rrrr[2,2,2,1], rrrr[0,0,1,1], rrrr[0,0,2,2], rrrr[1,1,2,2])
    lib.logger.info(mf,'Total Hexadecapole moments (XXYZ, YYXZ, ZZXY): %.4f, %.4f, %.4f', \
    rrrr[0,0,1,2], rrrr[1,1,0,2], rrrr[2,2,0,1])
     
    coeff = mf.mo_coeff[:,mf.mo_occ>0]
    occ = mf.mo_occ[mf.mo_occ>0]
    energy = mf.mo_energy[mf.mo_occ>0]
    den_file = name+'.mol'
    fspt = open(den_file,'w')
    molden.header(mol, fspt)
    molden.orbital_coeff(mol, fspt, coeff, ene=energy, occ=occ) 
    fspt.close()                    
    cmd = '/home/jluis/bin/molden2aim '+name
    os.system(cmd)
    den_file = name+'.wfn'
    fspt = open(den_file,'a')
    fspt.write('RHF\n')
    fspt.close()                    

    pmd_file = name+'.pmd'
    fspt = open(pmd_file,'w')
    fspt.write('%s.wfn\n' % (name))
    if (mol.symmetry == False):
        fspt.write('nosymmetry\n')
    fspt.write('tes\n')
    fspt.write('  epsiscp 0.220\n')
    fspt.write('  radialquad 7\n')
    fspt.write('  rmapping 2\n')
    fspt.write('  lmax 10\n')
    fspt.write('  nr 551\n')
    fspt.write('  lebedev 5810\n')
    fspt.write('  betasphere\n')
    for ia in range(mol.natm):
        symb = mol.atom_pure_symbol(ia)
        inuc = lib.parameters.NUC[symb]
        betarad = radii.COVALENT[inuc]/3.5
        fspt.write('  betaradw %d %1.3f\n' % ((ia+1),betarad))
    fspt.write('  radialquadbeta 7\n')
    fspt.write('  rmappingbeta 3\n')
    fspt.write('  lmaxbeta 8\n')
    fspt.write('  nrb 451\n')
    fspt.write('  lebedevbeta 3074\n')
    fspt.write('  dafh\n')
    fspt.write('endtes')
    fspt.close()                    

    cmd = 'rm '+name+'.mol'
    os.system(cmd)
#INFO: ******************** input file end ********************


System: ('Linux', 'silicio', '3.16.0-4-amd64', '#1 SMP Debian 3.16.51-3 (2017-12-13)', 'x86_64', '')  Threads 12
Python 2.7.14 (default, Apr  9 2018, 16:34:43) 
[GCC 7.3.0]
numpy 1.14.2  scipy 1.0.1
Date: Fri Jun 29 23:07:30 2018
PySCF version 1.5
PySCF path  /home/jluis/src/pyscf/pyscf
GIT ORIG_HEAD f2dbb26d09ae5148fbf5975669a994500ac7a4c9
GIT HEAD      ref: refs/heads/master
GIT master branch  f2dbb26d09ae5148fbf5975669a994500ac7a4c9

[ENV] PYSCF_TMPDIR /scratch-ssd/jluis
[CONFIG] conf_file None
[INPUT] verbose = 4
[INPUT] num. atoms = 2
[INPUT] num. electrons = 16
[INPUT] charge = 0
[INPUT] spin (= nelec alpha-beta = 2S) = 0
[INPUT] symmetry 0 subgroup None
[INPUT] Mole.unit = angstrom
[INPUT]  1 O      0.000000000000   0.000000000000   0.596187000000 AA    0.000000000000   0.000000000000   1.126630149026 Bohr
[INPUT]  2 O      0.000000000000   0.000000000000  -0.596187000000 AA    0.000000000000   0.000000000000  -1.126630149026 Bohr

nuclear repulsion = 28.4032874742992
number of shells = 26
number of NR pGTOs = 116
number of NR cGTOs = 92
basis = aug-cc-pvtz
ecp = {}
CPU time:       304.03


******** <class 'pyscf.dft.rks.RKS'> flags ********
method = RKS-RHF
initial guess = minao
damping factor = 0
level shift factor = 0
DIIS = <class 'pyscf.scf.diis.CDIIS'>
DIIS start cycle = 1
DIIS space = 8
SCF tol = 1e-09
SCF gradient tol = None
max. SCF cycles = 120
direct_scf = True
direct_scf_tol = 1e-13
chkfile to save SCF result = o2.chk
max_memory 64000 MB (current use 110 MB)
XC functionals = scan
small_rho_cutoff = 1e-07
radial grids: 
    Treutler-Ahlrichs (JCP 102, 346 (M4)) radial grids
    
becke partition: Becke, JCP, 88, 2547 (1988)
pruning grids: <function nwchem_prune at 0x2b067e0f35f0>
grids dens level: 4
symmetrized grids: 0
atomic radii adjust function: <function treutler_atomic_radii_adjust at 0x2b067e0f3500>
Set gradient conv threshold to 3.16228e-05
tot grids = 56904
init E= -150.491992721185

WARN: HOMO -0.236880431786985 == LUMO -0.236880431786977

cycle= 1 E= -150.177004901849  delta_E= 0.315  |g|= 0.217  |ddm|= 1.36
  HOMO = -0.201953020795269  LUMO = -0.185923917416467
cycle= 2 E= -150.175553940045  delta_E= 0.00145  |g|= 0.235  |ddm|=  1.9

WARN: HOMO -0.203972037970062 == LUMO -0.20361918077968

cycle= 3 E= -150.181334950283  delta_E= -0.00578  |g|= 0.119  |ddm|= 0.0943
  HOMO = -0.210368638114181  LUMO = -0.196624856736183
cycle= 4 E= -150.176383555288  delta_E= 0.00495  |g|= 0.22  |ddm|=  1.9
  HOMO = -0.210788568951164  LUMO = -0.202517756289526
cycle= 5 E= -150.178884269595  delta_E= -0.0025  |g|= 0.176  |ddm|= 0.0468
  HOMO = -0.210178545954019  LUMO = -0.202837666506588
cycle= 6 E= -150.179269851446  delta_E= -0.000386  |g|= 0.168  |ddm|= 0.0102
  HOMO = -0.209178902590703  LUMO = -0.205069550008779
cycle= 7 E= -150.180406161018  delta_E= -0.00114  |g|= 0.142  |ddm|= 1.89
  HOMO = -0.210433345972022  LUMO = -0.204350613492287
cycle= 8 E= -150.179681313947  delta_E= 0.000725  |g|= 0.159  |ddm|= 0.0786
  HOMO = -0.209096075291409  LUMO = -0.20594866294462
cycle= 9 E= -150.180739092675  delta_E= -0.00106  |g|= 0.134  |ddm|= 0.0311
  HOMO = -0.214797757473321  LUMO = -0.203253535787851
cycle= 10 E= -150.177204494546  delta_E= 0.00353  |g|= 0.205  |ddm|= 1.89
  HOMO = -0.214278528318506  LUMO = -0.203889736912369
cycle= 11 E= -150.177789984375  delta_E= -0.000585  |g|= 0.195  |ddm|= 0.00576
  HOMO = -0.214421059666156  LUMO = -0.203660495958198
cycle= 12 E= -150.177603905787  delta_E= 0.000186  |g|= 0.198  |ddm|= 0.00862
  HOMO = -0.211762584563369  LUMO = -0.206438668624106
cycle= 13 E= -150.179983727921  delta_E= -0.00238  |g|= 0.152  |ddm|= 0.0234
  HOMO = -0.211496543794004  LUMO = -0.206145199881556
cycle= 14 E= -150.179962705121  delta_E= 2.1e-05  |g|= 0.153  |ddm|=  1.9
  HOMO = -0.211282436918333  LUMO = -0.206582973623578
cycle= 15 E= -150.180210198222  delta_E= -0.000247  |g|= 0.147  |ddm|= 0.0027
  HOMO = -0.214530097261254  LUMO = -0.203366284122006
cycle= 16 E= -150.17738870241  delta_E= 0.00282  |g|= 0.202  |ddm|= 0.028
  HOMO = -0.211273040644667  LUMO = -0.206852810906295
cycle= 17 E= -150.180313913293  delta_E= -0.00293  |g|= 0.144  |ddm|= 1.89

WARN: HOMO -0.209057729285871 == LUMO -0.208758482101555

cycle= 18 E= -150.181621833345  delta_E= -0.00131  |g|= 0.11  |ddm|= 0.188

WARN: HOMO -0.209138623213581 == LUMO -0.208665832918736

cycle= 19 E= -150.181578799867  delta_E= 4.3e-05  |g|= 0.111  |ddm|= 0.0924
  HOMO = -0.212844298974967  LUMO = -0.205277118665292
cycle= 20 E= -150.179075747053  delta_E= 0.0025  |g|= 0.171  |ddm|= 1.89
  HOMO = -0.213360570129859  LUMO = -0.204674929087437
cycle= 21 E= -150.178584442541  delta_E= 0.000491  |g|= 0.181  |ddm|= 1.89
  HOMO = -0.210404936225356  LUMO = -0.207540111096813
cycle= 22 E= -150.180850745793  delta_E= -0.00227  |g|= 0.131  |ddm|= 0.0243
  HOMO = -0.215428338158586  LUMO = -0.202901755828102
cycle= 23 E= -150.176687077821  delta_E= 0.00416  |g|= 0.214  |ddm|= 1.89
  HOMO = -0.217761928588892  LUMO = -0.200695163418041
cycle= 24 E= -150.174043771285  delta_E= 0.00264  |g|= 0.252  |ddm|= 0.0195
  HOMO = -0.220114433452761  LUMO = -0.198759952252533
cycle= 25 E= -150.171165297839  delta_E= 0.00288  |g|= 0.289  |ddm|= 0.0185
  HOMO = -0.218100078625704  LUMO = -0.200445660544289
cycle= 26 E= -150.173694809631  delta_E= -0.00253  |g|= 0.257  |ddm|= 0.017
  HOMO = -0.213570238054834  LUMO = -0.204258601920029
cycle= 27 E= -150.178289630065  delta_E= -0.00459  |g|= 0.186  |ddm|= 0.0388
  HOMO = -0.210670921979137  LUMO = -0.206843057768043
cycle= 28 E= -150.180544537928  delta_E= -0.00225  |g|= 0.139  |ddm|= 1.89
  HOMO = -0.213494849190915  LUMO = -0.204452752272984
cycle= 29 E= -150.178400731136  delta_E= 0.00214  |g|= 0.184  |ddm|= 1.89
  HOMO = -0.214933793530352  LUMO = -0.203111367054731
cycle= 30 E= -150.177104403565  delta_E= 0.0013  |g|= 0.207  |ddm|= 1.89
  HOMO = -0.209630020785261  LUMO = -0.208395811359074
cycle= 31 E= -150.181337404624  delta_E= -0.00423  |g|= 0.118  |ddm|= 1.89
  HOMO = -0.209640390147303  LUMO = -0.208492469284019
cycle= 32 E= -150.181393496597  delta_E= -5.61e-05  |g|= 0.117  |ddm|=  1.9

WARN: HOMO -0.209311593454801 == LUMO -0.208968638415131

cycle= 33 E= -150.181577403879  delta_E= -0.000184  |g|= 0.111  |ddm|= 0.283
  HOMO = -0.22017103659136  LUMO = -0.198796773937945
cycle= 34 E= -150.171192952713  delta_E= 0.0104  |g|= 0.288  |ddm|= 1.85
  HOMO = -0.218716705591569  LUMO = -0.200204484971083
cycle= 35 E= -150.173165997042  delta_E= -0.00197  |g|= 0.264  |ddm|= 0.0149
  HOMO = -0.214191509760221  LUMO = -0.20409048527472
cycle= 36 E= -150.177936493722  delta_E= -0.00477  |g|= 0.192  |ddm|= 0.0383
  HOMO = -0.214517407435527  LUMO = -0.203054948495287
cycle= 37 E= -150.177277038636  delta_E= 0.000659  |g|= 0.204  |ddm|= 1.89
  HOMO = -0.215314699233985  LUMO = -0.202506009318674
cycle= 38 E= -150.176581518866  delta_E= 0.000696  |g|= 0.216  |ddm|= 0.0119
  HOMO = -0.214096384903874  LUMO = -0.203771674458707
cycle= 39 E= -150.177848812118  delta_E= -0.00127  |g|= 0.194  |ddm|= 0.0118
  HOMO = -0.216395410560191  LUMO = -0.20179883685897
cycle= 40 E= -150.175574221445  delta_E= 0.00227  |g|= 0.231  |ddm|= 1.89
  HOMO = -0.211513818388907  LUMO = -0.206922388233721
cycle= 41 E= -150.180253971798  delta_E= -0.00468  |g|= 0.146  |ddm|= 0.0506
  HOMO = -0.214117172563379  LUMO = -0.204148748923416
cycle= 42 E= -150.178011800151  delta_E= 0.00224  |g|= 0.191  |ddm|= 1.89
  HOMO = -0.213468441474841  LUMO = -0.204461325824995
cycle= 43 E= -150.178459593066  delta_E= -0.000448  |g|= 0.183  |ddm|= 0.0049
  HOMO = -0.212564889163537  LUMO = -0.205469645893469
cycle= 44 E= -150.179275557745  delta_E= -0.000816  |g|= 0.167  |ddm|= 1.89
  HOMO = -0.213117668811782  LUMO = -0.204978865456444
cycle= 45 E= -150.178829059187  delta_E= 0.000446  |g|= 0.176  |ddm|= 0.00436
  HOMO = -0.210900673267631  LUMO = -0.206880441270818
cycle= 46 E= -150.180457822878  delta_E= -0.00163  |g|= 0.141  |ddm|= 0.025
  HOMO = -0.214106899734437  LUMO = -0.205098337959647
cycle= 47 E= -150.178443357068  delta_E= 0.00201  |g|= 0.183  |ddm|= 1.89
  HOMO = -0.215177014156676  LUMO = -0.203769589408805
cycle= 48 E= -150.177273994516  delta_E= 0.00117  |g|= 0.204  |ddm|= 0.0101
  HOMO = -0.213715451785385  LUMO = -0.204932786100407
cycle= 49 E= -150.178536612216  delta_E= -0.00126  |g|= 0.182  |ddm|= 0.0115
  HOMO = -0.211160236456572  LUMO = -0.207328457327631
cycle= 50 E= -150.180528517879  delta_E= -0.00199  |g|= 0.139  |ddm|= 1.89
  HOMO = -0.217249392476709  LUMO = -0.200723540483209
cycle= 51 E= -150.174393946943  delta_E= 0.00613  |g|= 0.248  |ddm|= 1.89
  HOMO = -0.215961273429056  LUMO = -0.201928061848439
cycle= 52 E= -150.175863532711  delta_E= -0.00147  |g|= 0.227  |ddm|= 0.0108
  HOMO = -0.214229209960031  LUMO = -0.203966677297192
cycle= 53 E= -150.177879466615  delta_E= -0.00202  |g|= 0.194  |ddm|= 1.89
  HOMO = -0.212683851223145  LUMO = -0.205332365475204
cycle= 54 E= -150.179191996834  delta_E= -0.00131  |g|= 0.169  |ddm|= 0.0126
  HOMO = -0.212852555429752  LUMO = -0.205402113985764
cycle= 55 E= -150.179148488958  delta_E= 4.35e-05  |g|= 0.17  |ddm|= 0.0146
  HOMO = -0.217386250818946  LUMO = -0.201228880750758
cycle= 56 E= -150.174629788319  delta_E= 0.00452  |g|= 0.244  |ddm|= 1.89
  HOMO = -0.216058041532183  LUMO = -0.202404642414326
cycle= 57 E= -150.176086878803  delta_E= -0.00146  |g|= 0.223  |ddm|= 0.0109
  HOMO = -0.21584443400897  LUMO = -0.202490894589815
cycle= 58 E= -150.176251271773  delta_E= -0.000164  |g|= 0.221  |ddm|= 0.00134
  HOMO = -0.215847076525252  LUMO = -0.202548716037741
cycle= 59 E= -150.176281290586  delta_E= -3e-05  |g|= 0.22  |ddm|= 0.000274
  HOMO = -0.214846611938931  LUMO = -0.203464289405093
cycle= 60 E= -150.177290408938  delta_E= -0.00101  |g|= 0.204  |ddm|= 0.00803
  HOMO = -0.216907451315614  LUMO = -0.20161787794392
cycle= 61 E= -150.17514673128  delta_E= 0.00214  |g|= 0.237  |ddm|= 0.0166
  HOMO = -0.215420397020544  LUMO = -0.202984131234406
cycle= 62 E= -150.176774643269  delta_E= -0.00163  |g|= 0.212  |ddm|= 1.89
  HOMO = -0.214694204226354  LUMO = -0.203677028332875
cycle= 63 E= -150.177501254438  delta_E= -0.000727  |g|=  0.2  |ddm|= 0.00615
  HOMO = -0.216078555618128  LUMO = -0.202412673331722
cycle= 64 E= -150.176113218304  delta_E= 0.00139  |g|= 0.223  |ddm|= 0.0115
  HOMO = -0.214836454983856  LUMO = -0.203446561005142
cycle= 65 E= -150.177321276244  delta_E= -0.00121  |g|= 0.203  |ddm|= 0.00987
  HOMO = -0.214285691734591  LUMO = -0.204056622241066
cycle= 66 E= -150.177893085322  delta_E= -0.000572  |g|= 0.193  |ddm|= 0.00536
  HOMO = -0.211732646660014  LUMO = -0.206193593631232
cycle= 67 E= -150.17991419488  delta_E= -0.00202  |g|= 0.154  |ddm|= 0.02
  HOMO = -0.224711410902803  LUMO = -0.19474062195509
cycle= 68 E= -150.164251249911  delta_E= 0.0157  |g|= 0.362  |ddm|= 1.89
  HOMO = -0.221259642889814  LUMO = -0.197660430731182
cycle= 69 E= -150.169554755669  delta_E= -0.0053  |g|= 0.307  |ddm|= 0.03
  HOMO = -0.217776082778056  LUMO = -0.200806419514138
cycle= 70 E= -150.174146108127  delta_E= -0.00459  |g|= 0.251  |ddm|= 0.0295
  HOMO = -0.218381272556691  LUMO = -0.200297414656758
cycle= 71 E= -150.173438718308  delta_E= 0.000707  |g|= 0.261  |ddm|= 0.00484
  HOMO = -0.215145676690674  LUMO = -0.203311692760918
cycle= 72 E= -150.17706915893  delta_E= -0.00363  |g|= 0.207  |ddm|= 0.0268

WARN: HOMO -0.2092517257143 == LUMO -0.208440859990249

cycle= 73 E= -150.181468174447  delta_E= -0.0044  |g|= 0.114  |ddm|= 0.098
  HOMO = -0.210257420478942  LUMO = -0.20743465291938
cycle= 74 E= -150.180882457344  delta_E= 0.000586  |g|= 0.13  |ddm|= 1.89
  HOMO = -0.214906992983972  LUMO = -0.20229240279576
cycle= 75 E= -150.176696525291  delta_E= 0.00419  |g|= 0.214  |ddm|= 0.05
  HOMO = -0.214912205008769  LUMO = -0.202252100632574
cycle= 76 E= -150.176671902023  delta_E= 2.46e-05  |g|= 0.214  |ddm|= 0.00156
  HOMO = -0.211535399941074  LUMO = -0.205842809063027
cycle= 77 E= -150.179821754293  delta_E= -0.00315  |g|= 0.156  |ddm|= 1.89
  HOMO = -0.211994909197825  LUMO = -0.205888892650849
cycle= 78 E= -150.179667057126  delta_E= 0.000155  |g|= 0.159  |ddm|= 0.00807
  HOMO = -0.211363585705887  LUMO = -0.206468386159357
cycle= 79 E= -150.180129149916  delta_E= -0.000462  |g|= 0.149  |ddm|= 0.011
  HOMO = -0.214890968144714  LUMO = -0.203200252607291
cycle= 80 E= -150.177153190782  delta_E= 0.00298  |g|= 0.206  |ddm|= 1.89
  HOMO = -0.209580070414705  LUMO = -0.207992090910107
cycle= 81 E= -150.181236154034  delta_E= -0.00408  |g|= 0.12  |ddm|= 1.89
  HOMO = -0.21016848481607  LUMO = -0.207823894197789
cycle= 82 E= -150.181014187216  delta_E= 0.000222  |g|= 0.126  |ddm|= 0.00988
  HOMO = -0.216045212661553  LUMO = -0.203034476990325
cycle= 83 E= -150.17641689788  delta_E= 0.0046  |g|= 0.218  |ddm|= 1.89
  HOMO = -0.216578683948427  LUMO = -0.202863607866053
cycle= 84 E= -150.176034188161  delta_E= 0.000383  |g|= 0.224  |ddm|= 0.00958
  HOMO = -0.21690286994537  LUMO = -0.201985480097656
cycle= 85 E= -150.175354040057  delta_E= 0.00068  |g|= 0.234  |ddm|= 0.00532
  HOMO = -0.217942895425094  LUMO = -0.20107128707868
cycle= 86 E= -150.174169353997  delta_E= 0.00118  |g|= 0.251  |ddm|= 0.0104
  HOMO = -0.215252888844236  LUMO = -0.202478759561647
cycle= 87 E= -150.176623164015  delta_E= -0.00245  |g|= 0.215  |ddm|= 1.89
  HOMO = -0.215778842191804  LUMO = -0.201885633628593
cycle= 88 E= -150.17601764841  delta_E= 0.000606  |g|= 0.224  |ddm|= 0.00501
  HOMO = -0.213673941032187  LUMO = -0.203530188990237
cycle= 89 E= -150.177944470668  delta_E= -0.00193  |g|= 0.193  |ddm|= 0.0198
  HOMO = -0.2146339761833  LUMO = -0.203580455369075
cycle= 90 E= -150.177479733482  delta_E= 0.000465  |g|= 0.201  |ddm|= 1.89
  HOMO = -0.213979091541455  LUMO = -0.203702725386287
cycle= 91 E= -150.177888080034  delta_E= -0.000408  |g|= 0.194  |ddm|= 1.89
  HOMO = -0.212773690252208  LUMO = -0.204984916180842
cycle= 92 E= -150.178992594586  delta_E= -0.0011  |g|= 0.173  |ddm|= 1.89

WARN: HOMO -0.20950467893551 == LUMO -0.209310977958592

cycle= 93 E= -150.181626430492  delta_E= -0.00263  |g|= 0.109  |ddm|= 0.169
  HOMO = -0.210178296299155  LUMO = -0.207997537222516
cycle= 94 E= -150.181074080609  delta_E= 0.000552  |g|= 0.126  |ddm|= 0.323
  HOMO = -0.209467990899561  LUMO = -0.208054973184474
cycle= 95 E= -150.181287268507  delta_E= -0.000213  |g|= 0.119  |ddm|= 1.87
  HOMO = -0.210127030340344  LUMO = -0.207553561831128
cycle= 96 E= -150.180936438132  delta_E= 0.000351  |g|= 0.129  |ddm|= 1.89
  HOMO = -0.215348468065568  LUMO = -0.20258116664359
cycle= 97 E= -150.176591086488  delta_E= 0.00435  |g|= 0.215  |ddm|= 1.89
  HOMO = -0.215618359914359  LUMO = -0.202281051348962
cycle= 98 E= -150.17627955955  delta_E= 0.000312  |g|= 0.22  |ddm|= 0.00539
  HOMO = -0.212638241914476  LUMO = -0.204717155809645
cycle= 99 E= -150.178951758942  delta_E= -0.00267  |g|= 0.174  |ddm|= 0.0737
  HOMO = -0.210576864971067  LUMO = -0.207017572067638
cycle= 100 E= -150.180607129816  delta_E= -0.00166  |g|= 0.137  |ddm|= 1.89
  HOMO = -0.214684114715241  LUMO = -0.203470160983103
cycle= 101 E= -150.177389779521  delta_E= 0.00322  |g|= 0.202  |ddm|= 0.0833
  HOMO = -0.210348712497634  LUMO = -0.207966392310837
cycle= 102 E= -150.180999047425  delta_E= -0.00361  |g|= 0.127  |ddm|= 0.0372
  HOMO = -0.213463896976203  LUMO = -0.204604524175813
cycle= 103 E= -150.178503325543  delta_E= 0.0025  |g|= 0.182  |ddm|=  1.9
  HOMO = -0.213892039378035  LUMO = -0.204154252657888
cycle= 104 E= -150.178097798391  delta_E= 0.000406  |g|= 0.19  |ddm|= 0.00671
  HOMO = -0.211718659707091  LUMO = -0.205612054821303
cycle= 105 E= -150.179687137463  delta_E= -0.00159  |g|= 0.159  |ddm|= 1.89
  HOMO = -0.215342850460555  LUMO = -0.202849149427691
cycle= 106 E= -150.176713813538  delta_E= 0.00297  |g|= 0.213  |ddm|= 1.89
  HOMO = -0.215783446713407  LUMO = -0.202435591470551
cycle= 107 E= -150.176254246656  delta_E= 0.00046  |g|= 0.22  |ddm|= 0.0037
  HOMO = -0.216253992898747  LUMO = -0.201972137687146
cycle= 108 E= -150.175734552251  delta_E= 0.00052  |g|= 0.228  |ddm|= 0.00396
  HOMO = -0.215910921937583  LUMO = -0.201960298860333
cycle= 109 E= -150.175925397742  delta_E= -0.000191  |g|= 0.225  |ddm|= 0.00647
  HOMO = -0.215369053366863  LUMO = -0.202754691185013
cycle= 110 E= -150.176691857151  delta_E= -0.000766  |g|= 0.214  |ddm|= 1.89
  HOMO = -0.214863780498199  LUMO = -0.203262147467404
cycle= 111 E= -150.177216829022  delta_E= -0.000525  |g|= 0.205  |ddm|= 0.00443
  HOMO = -0.211882859388439  LUMO = -0.206238485407212
cycle= 112 E= -150.179865639413  delta_E= -0.00265  |g|= 0.155  |ddm|= 0.0252
  HOMO = -0.218271053427163  LUMO = -0.200164441791727
cycle= 113 E= -150.173450969765  delta_E= 0.00641  |g|= 0.26  |ddm|= 1.89
  HOMO = -0.210797976457666  LUMO = -0.207327477469482
cycle= 114 E= -150.180656764732  delta_E= -0.00721  |g|= 0.136  |ddm|= 1.89
  HOMO = -0.212721865596704  LUMO = -0.205107713657351
cycle= 115 E= -150.179055222935  delta_E= 0.0016  |g|= 0.171  |ddm|=  1.9
  HOMO = -0.209789725484165  LUMO = -0.208200563809758
cycle= 116 E= -150.181249436441  delta_E= -0.00219  |g|= 0.12  |ddm|= 0.0284
  HOMO = -0.212486717023777  LUMO = -0.205405781151276
cycle= 117 E= -150.179280809323  delta_E= 0.00197  |g|= 0.167  |ddm|= 0.0256
  HOMO = -0.21404280291351  LUMO = -0.203701206535383
cycle= 118 E= -150.177818941221  delta_E= 0.00146  |g|= 0.195  |ddm|= 0.0135
  HOMO = -0.213438967291032  LUMO = -0.203912324788867
cycle= 119 E= -150.178208351118  delta_E= -0.000389  |g|= 0.188  |ddm|= 1.89
  HOMO = -0.217171640678541  LUMO = -0.20060774930863
cycle= 120 E= -150.174403184026  delta_E= 0.00381  |g|= 0.247  |ddm|= 0.0302
SCF not converged.
SCF energy = -150.174403184026
Electronic spatial extent <R**2> (au): 42.9780
* Multipoles in the independent field-basis, Gauge -> (0,0,0)
Electronic Dipole moment(X, Y, Z, Debye): -0.0000, -0.0000, -0.0034
Nuclear Dipole moment(X, Y, Z, Debye): 0.0000, 0.0000, 0.0000
Total Dipole moment(X, Y, Z, Debye): 0.0000, 0.0000, 0.0034
Quadrupole moments (Debye-Angs)
Total Quadrupole moments (XX, YY, ZZ): -10.7590, -9.2507, -10.4812
Total Quadrupole moments (XY, XZ, YZ): -0.7460, -0.0000, -0.0000
Octupole moments (Debye-Angs**2)
Total Octupole moments (XXX, YYY, ZZZ, XYY): 0.0000, 0.0000, 0.0022, 0.0000
Total Octupole moments (XXY, XXZ, XZZ, YZZ): 0.0000, 0.0002, 0.0000, 0.0000
Total Octupole moments (YYZ, XYZ): 0.0006, -0.0002
Hexadecapole moments (Debye-Angs**3)
Total Hexadecapole moments (XXXX, YYYY, ZZZZ, XXXY): -8.1880, -6.4966, -28.2112, -0.4177
Total Hexadecapole moments (XXXZ, YYYX, YYYZ, ZZZX): -0.0000, -0.4185, -0.0000, -0.0000
Total Hexadecapole moments (ZZZY, XXYY, XXZZ, YYZZ): -0.0000, -2.4475, -6.8506, -5.7029
Total Hexadecapole moments (XXYZ, YYXZ, ZZXY): 0.0000, -0.0000, -0.5677
