#INFO: **** input file is /home/jluis/src/git/db/diatomic-wfn/scan/run_sp.py ****
#!/usr/bin/env python

import numpy, sys, os
from pyscf import lib, gto, scf, dft
from pyscf.tools import molden
from pyscf.data import radii

def read_molecule(path):

    charge = spin = 0
    with open(path, 'r') as myfile:
        output = myfile.read()
        output = output.lstrip()
        output = output.rstrip()
        output = output.split('\n')

    try:
        int(output[0])
    except ValueError:
        try:
            charge = int(output[0].split(' ')[0])
            spin = int(output[0].split(' ')[1]) - 1
        except ValueError:
            molecule = output
        else:
            molecule = '\n'.join(output[1:])
    else:
        if int(output[0]) == len(output) - 2:
            molecule = '\n'.join(output[2:])
            try:
                charge = int(output[1].split(' ')[0])
                spin = int(output[1].split(' ')[1])-1
            except ValueError:
                pass
        else:
            print "THIS IS NOT A VALID XYZ FILE"

    return (molecule, charge, spin)

directory = '../../diatomic/'
files = [i for i in os.listdir(directory) if i.endswith('.xyz')]

for filename in files:

    name = filename[:-8]
    mol = gto.Mole()
    (mol.atom, charge, spin) = read_molecule(directory+filename)
    mol.basis = 'aug-cc-pvtz'
    mol.charge = charge
    mol.spin = spin
    mol.output = name+'.out'
    mol.symmetry = 0
    mol.verbose = 4
    mol.build()

    mf = dft.RKS(mol) 
    mf.xc = 'scan'
    mf.grids.level = 4
    mf.max_cycle = 120
    mf.chkfile = name+'.chk'
    mf = scf.addons.remove_linear_dep_(mf)
    #mf = mf.newton()
    mf.kernel()
    #
    #stable_cyc = 3
    #for i in range(stable_cyc):
    #    new_mo_coeff = mf.stability(internal=True, external=False)[0]
    #    if numpy.linalg.norm(numpy.array(new_mo_coeff) - numpy.array(mf.mo_coeff)) < 10**-8:
    #        lib.logger.info(mf,"* The molecule is stable")
    #        break
    #    else:
    #        lib.logger.info(mf,"* The molecule is unstable")
    #        n_alpha = numpy.count_nonzero(mf.mo_occ)
    #        P_alpha = 2.0*numpy.dot(new_mo_coeff[:, :n_alpha], new_mo_coeff.T[:n_alpha])
    #        mf.kernel(dm0=(P_alpha))
    #        lib.logger.info(mf,"* Updated SCF energy and orbitals: %.6f" % mf.e_tot)
    #
    dm = mf.make_rdm1()
    nao = mol.nao_nr()
    unit = 2.541746
    origin = ([0.0,0.0,0.0])
    charges = mol.atom_charges()
    coords  = mol.atom_coords()
    mol.set_common_orig(origin)
    r2 = mol.intor_symmetric('int1e_r2')
    r2 = numpy.einsum('ij,ji->', r2, dm)
    lib.logger.info(mf,'Electronic spatial extent <R**2> (au): %.4f', r2)

    lib.logger.info(mf,'* Multipoles in the independent field-basis, Gauge -> (0,0,0)')
    ao_dip = mol.intor_symmetric('int1e_r', comp=3)
    el_dip = numpy.einsum('xij,ji->x', ao_dip, dm)
    lib.logger.info(mf,'Electronic Dipole moment(X, Y, Z, Debye): %.4f, %.4f, %.4f', *el_dip*unit)
    nucl_dip = numpy.einsum('i,ix->x', charges, coords)
    lib.logger.info(mf,'Nuclear Dipole moment(X, Y, Z, Debye): %.4f, %.4f, %.4f', *nucl_dip*unit)
    mol_dip = (nucl_dip - el_dip) * unit
    lib.logger.info(mf,'Total Dipole moment(X, Y, Z, Debye): %.4f, %.4f, %.4f', *mol_dip)

    lib.logger.info(mf,'Quadrupole moments (Debye-Angs)')
    rr = mol.intor_symmetric('int1e_rr', comp=9).reshape(3,3,nao,nao)
    rr = -1.0*numpy.einsum('xyij,ji->xy', rr, dm)
    rr += numpy.einsum('z,zx,zy->xy', charges, coords, coords)
    rr = rr*unit*lib.param.BOHR
    lib.logger.info(mf,'Total Quadrupole moments (XX, YY, ZZ): %.4f, %.4f, %.4f', \
    rr[0,0], rr[1,1], rr[2,2])
    lib.logger.info(mf,'Total Quadrupole moments (XY, XZ, YZ): %.4f, %.4f, %.4f', \
    rr[0,1], rr[0,2], rr[1,2])
 
    lib.logger.info(mf,'Octupole moments (Debye-Angs**2)')
    rrr = mol.intor_symmetric('int1e_rrr', comp=27).reshape(3,3,3,nao,nao)
    rrr = -1.0*numpy.einsum('xyzij,ji->xyz', rrr, dm)
    rrr += numpy.einsum('z,zx,zy,zk->xyk', charges, coords, coords, coords)
    rrr = rrr*unit*lib.param.BOHR**2
    lib.logger.info(mf,'Total Octupole moments (XXX, YYY, ZZZ, XYY): %.4f, %.4f, %.4f, %.4f', \
    rrr[0,0,0], rrr[1,1,1], rrr[2,2,2], rrr[0,1,1])
    lib.logger.info(mf,'Total Octupole moments (XXY, XXZ, XZZ, YZZ): %.4f, %.4f, %.4f, %.4f', \
    rrr[0,0,1], rrr[0,0,2], rrr[0,2,2], rrr[1,2,2])
    lib.logger.info(mf,'Total Octupole moments (YYZ, XYZ): %.4f, %.4f', rrr[1,1,2], rrr[0,1,2])

    lib.logger.info(mf,'Hexadecapole moments (Debye-Angs**3)')
    rrrr = mol.intor_symmetric('int1e_rrrr', comp=81).reshape(3,3,3,3,nao,nao)
    rrrr = -1.0*numpy.einsum('xyzwij,ji->xyzw', rrrr, dm)
    rrrr += numpy.einsum('z,zx,zy,zk,zw->xykw', charges, coords, coords, coords, coords)
    rrrr = rrrr*unit*lib.param.BOHR**3
    lib.logger.info(mf,'Total Hexadecapole moments (XXXX, YYYY, ZZZZ, XXXY): %.4f, %.4f, %.4f, %.4f', \
    rrrr[0,0,0,0], rrrr[1,1,1,1], rrrr[2,2,2,2], rrrr[0,0,0,1])
    lib.logger.info(mf,'Total Hexadecapole moments (XXXZ, YYYX, YYYZ, ZZZX): %.4f, %.4f, %.4f, %.4f', \
    rrrr[0,0,0,2], rrrr[1,1,1,0], rrrr[1,1,1,2], rrrr[2,2,2,0])
    lib.logger.info(mf,'Total Hexadecapole moments (ZZZY, XXYY, XXZZ, YYZZ): %.4f, %.4f, %.4f, %.4f', \
    rrrr[2,2,2,1], rrrr[0,0,1,1], rrrr[0,0,2,2], rrrr[1,1,2,2])
    lib.logger.info(mf,'Total Hexadecapole moments (XXYZ, YYXZ, ZZXY): %.4f, %.4f, %.4f', \
    rrrr[0,0,1,2], rrrr[1,1,0,2], rrrr[2,2,0,1])
     
    coeff = mf.mo_coeff[:,mf.mo_occ>0]
    occ = mf.mo_occ[mf.mo_occ>0]
    energy = mf.mo_energy[mf.mo_occ>0]
    den_file = name+'.mol'
    fspt = open(den_file,'w')
    molden.header(mol, fspt)
    molden.orbital_coeff(mol, fspt, coeff, ene=energy, occ=occ) 
    fspt.close()                    
    cmd = '/home/jluis/bin/molden2aim '+name
    os.system(cmd)
    den_file = name+'.wfn'
    fspt = open(den_file,'a')
    fspt.write('RHF\n')
    fspt.close()                    

    pmd_file = name+'.pmd'
    fspt = open(pmd_file,'w')
    fspt.write('%s.wfn\n' % (name))
    if (mol.symmetry == False):
        fspt.write('nosymmetry\n')
    fspt.write('tes\n')
    fspt.write('  epsiscp 0.220\n')
    fspt.write('  radialquad 7\n')
    fspt.write('  rmapping 2\n')
    fspt.write('  lmax 10\n')
    fspt.write('  nr 551\n')
    fspt.write('  lebedev 5810\n')
    fspt.write('  betasphere\n')
    for ia in range(mol.natm):
        symb = mol.atom_pure_symbol(ia)
        inuc = lib.parameters.NUC[symb]
        betarad = radii.COVALENT[inuc]/3.5
        fspt.write('  betaradw %d %1.3f\n' % ((ia+1),betarad))
    fspt.write('  radialquadbeta 7\n')
    fspt.write('  rmappingbeta 3\n')
    fspt.write('  lmaxbeta 8\n')
    fspt.write('  nrb 451\n')
    fspt.write('  lebedevbeta 3074\n')
    fspt.write('  dafh\n')
    fspt.write('endtes')
    fspt.close()                    

    cmd = 'rm '+name+'.mol'
    os.system(cmd)
#INFO: ******************** input file end ********************


System: ('Linux', 'silicio', '3.16.0-4-amd64', '#1 SMP Debian 3.16.51-3 (2017-12-13)', 'x86_64', '')  Threads 12
Python 2.7.14 (default, Apr  9 2018, 16:34:43) 
[GCC 7.3.0]
numpy 1.14.2  scipy 1.0.1
Date: Fri Jun 29 23:14:21 2018
PySCF version 1.5
PySCF path  /home/jluis/src/pyscf/pyscf
GIT ORIG_HEAD f2dbb26d09ae5148fbf5975669a994500ac7a4c9
GIT HEAD      ref: refs/heads/master
GIT master branch  f2dbb26d09ae5148fbf5975669a994500ac7a4c9

[ENV] PYSCF_TMPDIR /scratch-ssd/jluis
[CONFIG] conf_file None
[INPUT] verbose = 4
[INPUT] num. atoms = 2
[INPUT] num. electrons = 32
[INPUT] charge = 0
[INPUT] spin (= nelec alpha-beta = 2S) = 0
[INPUT] symmetry 0 subgroup None
[INPUT] Mole.unit = angstrom
[INPUT]  1 S      0.000000000000   0.000000000000   0.943701000000 AA    0.000000000000   0.000000000000   1.783336433478 Bohr
[INPUT]  2 S      0.000000000000   0.000000000000  -0.943701000000 AA    0.000000000000   0.000000000000  -1.783336433478 Bohr

nuclear repulsion = 71.7755761599914
number of shells = 26
number of NR pGTOs = 150
number of NR cGTOs = 100
basis = aug-cc-pvtz
ecp = {}
CPU time:      2135.53


******** <class 'pyscf.dft.rks.RKS'> flags ********
method = RKS-RHF
initial guess = minao
damping factor = 0
level shift factor = 0
DIIS = <class 'pyscf.scf.diis.CDIIS'>
DIIS start cycle = 1
DIIS space = 8
SCF tol = 1e-09
SCF gradient tol = None
max. SCF cycles = 120
direct_scf = True
direct_scf_tol = 1e-13
chkfile to save SCF result = s2.chk
max_memory 64000 MB (current use 129 MB)
XC functionals = scan
small_rho_cutoff = 1e-07
radial grids: 
    Treutler-Ahlrichs (JCP 102, 346 (M4)) radial grids
    
becke partition: Becke, JCP, 88, 2547 (1988)
pruning grids: <function nwchem_prune at 0x2b067e0f35f0>
grids dens level: 4
symmetrized grids: 0
atomic radii adjust function: <function treutler_atomic_radii_adjust at 0x2b067e0f3500>
Set gradient conv threshold to 3.16228e-05
tot grids = 57380
init E= -796.465942512203

WARN: HOMO -0.211870385335165 == LUMO -0.211870385335164

cycle= 1 E= -796.244229905243  delta_E= 0.222  |g|= 0.126  |ddm|=  1.4
  HOMO = -0.195290582234035  LUMO = -0.173602805878222
cycle= 2 E= -796.237914490233  delta_E= 0.00632  |g|= 0.182  |ddm|= 1.86
  HOMO = -0.190780351933058  LUMO = -0.186445664924454
cycle= 3 E= -796.24536620748  delta_E= -0.00745  |g|= 0.0984  |ddm|= 0.077
  HOMO = -0.189437599113752  LUMO = -0.188357468206285
cycle= 4 E= -796.246252247247  delta_E= -0.000886  |g|= 0.0851  |ddm|= 1.85
  HOMO = -0.194395811074838  LUMO = -0.190244543997242
cycle= 5 E= -796.245562626866  delta_E= 0.00069  |g|= 0.0952  |ddm|= 0.0279
  HOMO = -0.194396522941935  LUMO = -0.190969165681364
cycle= 6 E= -796.245754539368  delta_E= -0.000192  |g|= 0.0922  |ddm|= 0.0228
  HOMO = -0.193962435534346  LUMO = -0.19141643662781
cycle= 7 E= -796.24598155059  delta_E= -0.000227  |g|= 0.0886  |ddm|= 0.186
  HOMO = -0.195304466680283  LUMO = -0.189488381531358
cycle= 8 E= -796.244966831336  delta_E= 0.00101  |g|= 0.104  |ddm|= 1.85
  HOMO = -0.193835924845796  LUMO = -0.19177896921995
cycle= 9 E= -796.246039491243  delta_E= -0.00107  |g|= 0.0874  |ddm|= 0.0847
  HOMO = -0.194107671739906  LUMO = -0.191616285733612
cycle= 10 E= -796.246008226308  delta_E= 3.13e-05  |g|= 0.0883  |ddm|= 1.86
  HOMO = -0.197524194769938  LUMO = -0.187468915015869
cycle= 11 E= -796.24352649524  delta_E= 0.00248  |g|= 0.122  |ddm|= 1.85
  HOMO = -0.197193380318388  LUMO = -0.188216081829123
cycle= 12 E= -796.243914801871  delta_E= -0.000388  |g|= 0.118  |ddm|= 0.0581
  HOMO = -0.200893568755993  LUMO = -0.186848829539025
cycle= 13 E= -796.241923486753  delta_E= 0.00199  |g|= 0.14  |ddm|= 1.85
  HOMO = -0.201660682595567  LUMO = -0.186255375384526
cycle= 14 E= -796.241327167671  delta_E= 0.000596  |g|= 0.146  |ddm|= 0.00854
  HOMO = -0.201086040632756  LUMO = -0.187002848722424
cycle= 15 E= -796.241901201371  delta_E= -0.000574  |g|= 0.141  |ddm|= 0.013
  HOMO = -0.196244953809413  LUMO = -0.192013781060397
cycle= 16 E= -796.245415628822  delta_E= -0.00351  |g|= 0.0974  |ddm|= 1.85
  HOMO = -0.194897585259402  LUMO = -0.193028974415127
cycle= 17 E= -796.246142776916  delta_E= -0.000727  |g|= 0.086  |ddm|= 1.85
  HOMO = -0.202327895509883  LUMO = -0.186068740925856
cycle= 18 E= -796.240868497721  delta_E= 0.00527  |g|= 0.151  |ddm|= 1.85
  HOMO = -0.204320260561486  LUMO = -0.184207732109162
cycle= 19 E= -796.239001476691  delta_E= 0.00187  |g|= 0.168  |ddm|= 0.0211
  HOMO = -0.207576659242617  LUMO = -0.181360056330051
cycle= 20 E= -796.235622309538  delta_E= 0.00338  |g|= 0.195  |ddm|= 0.0344
  HOMO = -0.207107893123844  LUMO = -0.181581444359531
cycle= 21 E= -796.236026991358  delta_E= -0.000405  |g|= 0.192  |ddm|= 0.00534
  HOMO = -0.199483261666303  LUMO = -0.188254656179181
cycle= 22 E= -796.243112191842  delta_E= -0.00709  |g|= 0.127  |ddm|= 1.85
  HOMO = -0.199510795101107  LUMO = -0.188252683497474
cycle= 23 E= -796.243099532399  delta_E= 1.27e-05  |g|= 0.128  |ddm|= 0.00284
  HOMO = -0.204211981880193  LUMO = -0.183801944193151
cycle= 24 E= -796.238970509926  delta_E= 0.00413  |g|= 0.168  |ddm|= 0.0512
  HOMO = -0.207234645904973  LUMO = -0.18135166670702
cycle= 25 E= -796.23585445515  delta_E= 0.00312  |g|= 0.193  |ddm|= 1.85
  HOMO = -0.204494331976276  LUMO = -0.183984274170235
cycle= 26 E= -796.238810509923  delta_E= -0.00296  |g|= 0.169  |ddm|= 0.0325
  HOMO = -0.206742139743226  LUMO = -0.1819113077719
cycle= 27 E= -796.236459714403  delta_E= 0.00235  |g|= 0.189  |ddm|= 0.025
  HOMO = -0.201638015013837  LUMO = -0.186672060610806
cycle= 28 E= -796.241488217472  delta_E= -0.00503  |g|= 0.145  |ddm|= 0.0578
  HOMO = -0.200514122530538  LUMO = -0.1874201058281
cycle= 29 E= -796.24229410948  delta_E= -0.000806  |g|= 0.136  |ddm|= 0.0126
  HOMO = -0.19627421646368  LUMO = -0.192007699805412
cycle= 30 E= -796.245444580123  delta_E= -0.00315  |g|= 0.097  |ddm|= 0.049
  HOMO = -0.203838061611563  LUMO = -0.184619684401312
cycle= 31 E= -796.239485520388  delta_E= 0.00596  |g|= 0.164  |ddm|= 1.85
  HOMO = -0.203131308086105  LUMO = -0.185356092415896
cycle= 32 E= -796.2401964162  delta_E= -0.000711  |g|= 0.157  |ddm|= 0.00816
  HOMO = -0.203752846730671  LUMO = -0.184735482760825
cycle= 33 E= -796.239584785881  delta_E= 0.000612  |g|= 0.163  |ddm|= 0.00706
  HOMO = -0.208394954886312  LUMO = -0.180531211272425
cycle= 34 E= -796.234648481492  delta_E= 0.00494  |g|= 0.202  |ddm|= 0.05
  HOMO = -0.210733183948547  LUMO = -0.178388410328105
cycle= 35 E= -796.231741749249  delta_E= 0.00291  |g|= 0.222  |ddm|= 0.026
  HOMO = -0.208725167507775  LUMO = -0.18014403166551
cycle= 36 E= -796.234192525575  delta_E= -0.00245  |g|= 0.205  |ddm|= 0.021

WARN: HOMO -0.194215593535736 == LUMO -0.193423836580588

cycle= 37 E= -796.246416128886  delta_E= -0.0122  |g|= 0.0813  |ddm|= 1.85
  HOMO = -0.201574711078538  LUMO = -0.186347856503268
cycle= 38 E= -796.241407192885  delta_E= 0.00501  |g|= 0.146  |ddm|= 0.0876
  HOMO = -0.199772256767594  LUMO = -0.188097242136186
cycle= 39 E= -796.24290169162  delta_E= -0.00149  |g|= 0.13  |ddm|= 0.0199
  HOMO = -0.202259424537451  LUMO = -0.186125331982496
cycle= 40 E= -796.2409321686  delta_E= 0.00197  |g|= 0.15  |ddm|= 1.85
  HOMO = -0.207536041968315  LUMO = -0.181364780919553
cycle= 41 E= -796.235630830869  delta_E= 0.0053  |g|= 0.195  |ddm|= 0.0557
  HOMO = -0.207175331121354  LUMO = -0.181665952951759
cycle= 42 E= -796.236024331062  delta_E= -0.000394  |g|= 0.192  |ddm|= 0.0049
  HOMO = -0.208114056624015  LUMO = -0.180870051632476
cycle= 43 E= -796.234984616428  delta_E= 0.00104  |g|=  0.2  |ddm|= 0.00927
  HOMO = -0.210327639380283  LUMO = -0.178857879702866
cycle= 44 E= -796.232278811285  delta_E= 0.00271  |g|= 0.218  |ddm|= 0.0243
  HOMO = -0.204237276728211  LUMO = -0.184378976297872
cycle= 45 E= -796.239123383078  delta_E= -0.00684  |g|= 0.167  |ddm|= 0.0651
  HOMO = -0.200514274984869  LUMO = -0.187325892049331
cycle= 46 E= -796.242282867519  delta_E= -0.00316  |g|= 0.137  |ddm|= 1.85
  HOMO = -0.202480638826942  LUMO = -0.18552422304407
cycle= 47 E= -796.240605054026  delta_E= 0.00168  |g|= 0.153  |ddm|= 0.0237
  HOMO = -0.201327252202691  LUMO = -0.186607649220787
cycle= 48 E= -796.241622048542  delta_E= -0.00102  |g|= 0.143  |ddm|= 0.0126
  HOMO = -0.195922386334063  LUMO = -0.192118216897369
cycle= 49 E= -796.245575512556  delta_E= -0.00395  |g|= 0.0949  |ddm|= 1.85
  HOMO = -0.195235758584777  LUMO = -0.192640782582854
cycle= 50 E= -796.245936496431  delta_E= -0.000361  |g|= 0.0894  |ddm|= 1.85
  HOMO = -0.196175812130551  LUMO = -0.191601730371011
cycle= 51 E= -796.245364288807  delta_E= 0.000572  |g|= 0.0982  |ddm|= 0.0456
  HOMO = -0.200397446576317  LUMO = -0.188091785559775
cycle= 52 E= -796.24261388355  delta_E= 0.00275  |g|= 0.133  |ddm|= 1.85
  HOMO = -0.195652439892118  LUMO = -0.192492108134447
cycle= 53 E= -796.245760538216  delta_E= -0.00315  |g|= 0.0921  |ddm|= 0.0813
  HOMO = -0.196553674098762  LUMO = -0.191649660565321
cycle= 54 E= -796.245250542792  delta_E= 0.00051  |g|= 0.0998  |ddm|= 0.0806
  HOMO = -0.197453997783403  LUMO = -0.190795397508207
cycle= 55 E= -796.244693582513  delta_E= 0.000557  |g|= 0.108  |ddm|= 1.85
  HOMO = -0.198071762895858  LUMO = -0.19017486830228
cycle= 56 E= -796.244275878292  delta_E= 0.000418  |g|= 0.113  |ddm|= 0.00846
  HOMO = -0.2011291011573  LUMO = -0.187228198121996
cycle= 57 E= -796.241951623885  delta_E= 0.00232  |g|= 0.14  |ddm|= 0.0365
  HOMO = -0.199954427454916  LUMO = -0.188099969306001
cycle= 58 E= -796.242792010382  delta_E= -0.00084  |g|= 0.131  |ddm|= 1.85
  HOMO = -0.196074352710393  LUMO = -0.192345600323454
cycle= 59 E= -796.245597413546  delta_E= -0.00281  |g|= 0.0947  |ddm|= 1.85
  HOMO = -0.204112243261434  LUMO = -0.184662916706824
cycle= 60 E= -796.239360942307  delta_E= 0.00624  |g|= 0.165  |ddm|= 0.101
  HOMO = -0.202889066009434  LUMO = -0.185972693632187
cycle= 61 E= -796.24060124105  delta_E= -0.00124  |g|= 0.153  |ddm|= 1.85
  HOMO = -0.202620235194578  LUMO = -0.18608896982218
cycle= 62 E= -796.240781504014  delta_E= -0.00018  |g|= 0.152  |ddm|= 0.00543
  HOMO = -0.202690803048748  LUMO = -0.186221834982402
cycle= 63 E= -796.240808388224  delta_E= -2.69e-05  |g|= 0.151  |ddm|= 0.00162
  HOMO = -0.197131310936839  LUMO = -0.190649714220298
cycle= 64 E= -796.244748093091  delta_E= -0.00394  |g|= 0.107  |ddm|= 0.135
  HOMO = -0.196059727213979  LUMO = -0.191554295494007
cycle= 65 E= -796.245379555136  delta_E= -0.000631  |g|= 0.098  |ddm|= 0.0988
  HOMO = -0.195380974667494  LUMO = -0.192309506859388
cycle= 66 E= -796.245796148521  delta_E= -0.000417  |g|= 0.0915  |ddm|= 0.0509
  HOMO = -0.195930014556601  LUMO = -0.191604425761772
cycle= 67 E= -796.245434830867  delta_E= 0.000361  |g|= 0.0971  |ddm|= 0.122
  HOMO = -0.19738192213538  LUMO = -0.186541654746729
cycle= 68 E= -796.243219817023  delta_E= 0.00222  |g|= 0.126  |ddm|= 1.85
  HOMO = -0.195324887113741  LUMO = -0.188037572836532
cycle= 69 E= -796.244509142827  delta_E= -0.00129  |g|= 0.11  |ddm|= 0.122
  HOMO = -0.198213847898857  LUMO = -0.188200477748823
cycle= 70 E= -796.243474501238  delta_E= 0.00103  |g|= 0.123  |ddm|= 0.288
  HOMO = -0.196336062652618  LUMO = -0.189835342589902
cycle= 71 E= -796.244662473036  delta_E= -0.00119  |g|= 0.108  |ddm|= 0.0563
  HOMO = -0.197360883159523  LUMO = -0.188794461175199
cycle= 72 E= -796.244034170454  delta_E= 0.000628  |g|= 0.116  |ddm|= 1.85
  HOMO = -0.195908522668385  LUMO = -0.190120147556221
cycle= 73 E= -796.244984061004  delta_E= -0.00095  |g|= 0.104  |ddm|= 0.0183
  HOMO = -0.194207712487628  LUMO = -0.192862916050646
cycle= 74 E= -796.246186747199  delta_E= -0.0012  |g|= 0.0853  |ddm|= 1.84
  HOMO = -0.198511224634452  LUMO = -0.188766939137317
cycle= 75 E= -796.243611735668  delta_E= 0.00258  |g|= 0.122  |ddm|= 1.85
  HOMO = -0.198609282594726  LUMO = -0.188886779273887
cycle= 76 E= -796.243623395823  delta_E= -1.17e-05  |g|= 0.121  |ddm|= 0.0247
  HOMO = -0.198601225281359  LUMO = -0.18883254347155
cycle= 77 E= -796.243606341905  delta_E= 1.71e-05  |g|= 0.122  |ddm|= 0.00685
  HOMO = -0.194923046336476  LUMO = -0.190840364144724
cycle= 78 E= -796.245366002593  delta_E= -0.00176  |g|= 0.0983  |ddm|= 1.82
  HOMO = -0.194361881730583  LUMO = -0.190093289591614
cycle= 79 E= -796.245173830919  delta_E= 0.000192  |g|= 0.101  |ddm|= 0.173
  HOMO = -0.195926648363465  LUMO = -0.18907212424682
cycle= 80 E= -796.244531015989  delta_E= 0.000643  |g|= 0.11  |ddm|= 0.0177
  HOMO = -0.199098029952421  LUMO = -0.187314499404874
cycle= 81 E= -796.2428215551  delta_E= 0.00171  |g|= 0.131  |ddm|= 1.85
  HOMO = -0.199599819673755  LUMO = -0.186751657297126
cycle= 82 E= -796.242389733813  delta_E= 0.000432  |g|= 0.135  |ddm|= 0.00929
  HOMO = -0.199854505452411  LUMO = -0.185526262671014
cycle= 83 E= -796.241771633711  delta_E= 0.000618  |g|= 0.142  |ddm|= 1.85
  HOMO = -0.198584237458898  LUMO = -0.18704581647783
cycle= 84 E= -796.242815776397  delta_E= -0.00104  |g|= 0.131  |ddm|= 0.0248
  HOMO = -0.198307494586165  LUMO = -0.188290589498077
cycle= 85 E= -796.243484344555  delta_E= -0.000669  |g|= 0.123  |ddm|= 1.83
  HOMO = -0.196362667891135  LUMO = -0.190035569999723
cycle= 86 E= -796.244767315342  delta_E= -0.00128  |g|= 0.107  |ddm|= 0.0546
  HOMO = -0.20300805364139  LUMO = -0.184460465772387
cycle= 87 E= -796.239802105077  delta_E= 0.00497  |g|= 0.161  |ddm|= 1.85
  HOMO = -0.202905874469886  LUMO = -0.184554599950488
cycle= 88 E= -796.239897758022  delta_E= -9.57e-05  |g|= 0.16  |ddm|= 0.00369
  HOMO = -0.201450141724082  LUMO = -0.186082627277058
cycle= 89 E= -796.24129416659  delta_E= -0.0014  |g|= 0.147  |ddm|= 0.0167
  HOMO = -0.200930948319685  LUMO = -0.1866974834036
cycle= 90 E= -796.241815413385  delta_E= -0.000521  |g|= 0.141  |ddm|= 1.85
  HOMO = -0.201216394184453  LUMO = -0.186298315163207
cycle= 91 E= -796.241530686137  delta_E= 0.000285  |g|= 0.144  |ddm|= 0.0119
  HOMO = -0.200418816513538  LUMO = -0.186273446906583
cycle= 92 E= -796.241874439202  delta_E= -0.000344  |g|= 0.141  |ddm|= 0.0131
  HOMO = -0.197188590624822  LUMO = -0.190051213456673
cycle= 93 E= -796.244522985947  delta_E= -0.00265  |g|= 0.11  |ddm|= 0.0897
  HOMO = -0.196292944050323  LUMO = -0.191261437595924
cycle= 94 E= -796.245212006874  delta_E= -0.000689  |g|=  0.1  |ddm|= 1.85
  HOMO = -0.201839952987993  LUMO = -0.185988190319395
cycle= 95 E= -796.241103309903  delta_E= 0.00411  |g|= 0.149  |ddm|= 1.85
  HOMO = -0.201682979672271  LUMO = -0.185940122777909
cycle= 96 E= -796.241149941458  delta_E= -4.66e-05  |g|= 0.148  |ddm|= 0.00287

WARN: HOMO -0.193856086685822 == LUMO -0.193531266764843

cycle= 97 E= -796.246333407296  delta_E= -0.00518  |g|= 0.083  |ddm|= 1.62
  HOMO = -0.19761692293192  LUMO = -0.188008596878667
cycle= 98 E= -796.243631166618  delta_E= 0.0027  |g|= 0.121  |ddm|= 0.926
  HOMO = -0.195468250597474  LUMO = -0.187082062052397
cycle= 99 E= -796.243969341164  delta_E= -0.000338  |g|= 0.117  |ddm|= 0.173
  HOMO = -0.194257955031875  LUMO = -0.188504385024395
cycle= 100 E= -796.24480267969  delta_E= -0.000833  |g|= 0.107  |ddm|= 0.131
  HOMO = -0.192512875620022  LUMO = -0.190535402032985
cycle= 101 E= -796.245979873635  delta_E= -0.00118  |g|= 0.089  |ddm|= 1.45
  HOMO = -0.193850757712492  LUMO = -0.188612016448212
cycle= 102 E= -796.245077232589  delta_E= 0.000903  |g|= 0.103  |ddm|= 0.672
  HOMO = -0.193703777890507  LUMO = -0.191261152871378
cycle= 103 E= -796.245841809928  delta_E= -0.000765  |g|= 0.0911  |ddm|= 0.815
  HOMO = -0.193640543748646  LUMO = -0.191156064396894
cycle= 104 E= -796.245828538262  delta_E= 1.33e-05  |g|= 0.0913  |ddm|= 0.011
  HOMO = -0.193391807621896  LUMO = -0.190486093795588
cycle= 105 E= -796.245749964052  delta_E= 7.86e-05  |g|= 0.0927  |ddm|= 0.488

WARN: HOMO -0.189555023524247 == LUMO -0.188656105347739

cycle= 106 E= -796.246250545663  delta_E= -0.000501  |g|= 0.0848  |ddm|=  1.8
  HOMO = -0.192046764587875  LUMO = -0.190600927773213
cycle= 107 E= -796.246125166215  delta_E= 0.000125  |g|= 0.0866  |ddm|= 1.82

WARN: HOMO -0.191918828699699 == LUMO -0.191154927746196

cycle= 108 E= -796.246286048667  delta_E= -0.000161  |g|= 0.0839  |ddm|= 0.225
  HOMO = -0.194100871896577  LUMO = -0.189901243555173
cycle= 109 E= -796.245344502502  delta_E= 0.000942  |g|= 0.099  |ddm|= 1.84
  HOMO = -0.192383177671012  LUMO = -0.1908714910038
cycle= 110 E= -796.246106930588  delta_E= -0.000762  |g|= 0.0869  |ddm|= 0.023

WARN: HOMO -0.192268939270734 == LUMO -0.191710691205583

cycle= 111 E= -796.246358094923  delta_E= -0.000251  |g|= 0.0825  |ddm|= 0.0226
  HOMO = -0.198566398116734  LUMO = -0.188742112950586
cycle= 112 E= -796.243520050636  delta_E= 0.00284  |g|= 0.123  |ddm|= 1.85
  HOMO = -0.200131569120498  LUMO = -0.18782883466093
cycle= 113 E= -796.242570600486  delta_E= 0.000949  |g|= 0.133  |ddm|= 0.0135
  HOMO = -0.199519492413179  LUMO = -0.18838796613047
cycle= 114 E= -796.243036646834  delta_E= -0.000466  |g|= 0.128  |ddm|= 0.008
  HOMO = -0.195784878775032  LUMO = -0.191371163257393
cycle= 115 E= -796.245381265134  delta_E= -0.00234  |g|= 0.098  |ddm|= 1.85

WARN: HOMO -0.194357414799171 == LUMO -0.193803346845452

cycle= 116 E= -796.246413735334  delta_E= -0.00103  |g|= 0.081  |ddm|= 1.81

WARN: HOMO -0.193996983621838 == LUMO -0.193691248087441

cycle= 117 E= -796.246505179134  delta_E= -9.14e-05  |g|= 0.0793  |ddm|= 1.86
  HOMO = -0.199536845654107  LUMO = -0.18710613846074
cycle= 118 E= -796.242588844946  delta_E= 0.00392  |g|= 0.133  |ddm|= 0.389
  HOMO = -0.197466994155832  LUMO = -0.189518728104481
cycle= 119 E= -796.244253010955  delta_E= -0.00166  |g|= 0.114  |ddm|= 0.0246
  HOMO = -0.199490453668053  LUMO = -0.187769972626853
cycle= 120 E= -796.24284984333  delta_E= 0.0014  |g|= 0.13  |ddm|= 1.85
SCF not converged.
SCF energy = -796.24284984333
Electronic spatial extent <R**2> (au): 157.6289
* Multipoles in the independent field-basis, Gauge -> (0,0,0)
Electronic Dipole moment(X, Y, Z, Debye): 0.0213, 0.0095, 0.0799
Nuclear Dipole moment(X, Y, Z, Debye): 0.0000, 0.0000, 0.0000
Total Dipole moment(X, Y, Z, Debye): -0.0213, -0.0095, -0.0799
Quadrupole moments (Debye-Angs)
Total Quadrupole moments (XX, YY, ZZ): -24.8160, -26.4661, -23.8509
Total Quadrupole moments (XY, XZ, YZ): -2.5867, 0.0000, -0.0001
Octupole moments (Debye-Angs**2)
Total Octupole moments (XXX, YYY, ZZZ, XYY): -0.0238, -0.0109, -0.1563, -0.0095
Total Octupole moments (XXY, XXZ, XZZ, YZZ): -0.0052, -0.0344, -0.0218, -0.0050
Total Octupole moments (YYZ, XYZ): -0.0260, 0.0136
Hexadecapole moments (Debye-Angs**3)
Total Hexadecapole moments (XXXX, YYYY, ZZZZ, XXXY): -31.6383, -35.1350, -155.2684, -2.7508
Total Hexadecapole moments (XXXZ, YYYX, YYYZ, ZZZX): 0.0000, -2.7280, -0.0001, 0.0001
Total Hexadecapole moments (ZZZY, XXYY, XXZZ, YYZZ): -0.0001, -11.1229, -32.4829, -35.2350
Total Hexadecapole moments (XXYZ, YYXZ, ZZXY): -0.0000, 0.0000, -4.3091
