#INFO: **** input file is /home/jluis/src/git/db/molecules-wfn/scan/run_sp.py ****
#!/usr/bin/env python

import numpy, sys, os
from pyscf import lib, gto, scf, dft
from pyscf.tools import molden
from pyscf.data import radii

def read_molecule(path):

    charge = spin = 0
    with open(path, 'r') as myfile:
        output = myfile.read()
        output = output.lstrip()
        output = output.rstrip()
        output = output.split('\n')

    try:
        int(output[0])
    except ValueError:
        try:
            charge = int(output[0].split(' ')[0])
            spin = int(output[0].split(' ')[1]) - 1
        except ValueError:
            molecule = output
        else:
            molecule = '\n'.join(output[1:])
    else:
        if int(output[0]) == len(output) - 2:
            molecule = '\n'.join(output[2:])
            try:
                charge = int(output[1].split(' ')[0])
                spin = int(output[1].split(' ')[1])-1
            except ValueError:
                pass
        else:
            print "THIS IS NOT A VALID XYZ FILE"

    return (molecule, charge, spin)

directory = '../../molecules/'
files = [i for i in os.listdir(directory) if i.endswith('.xyz')]

for filename in files:

    name = filename[:-8]
    mol = gto.Mole()
    (mol.atom, charge, spin) = read_molecule(directory+filename)
    mol.basis = 'aug-cc-pvtz'
    mol.charge = charge
    mol.spin = spin
    mol.output = name+'.out'
    mol.symmetry = 0
    mol.max_memory = 10000
    mol.verbose = 4
    mol.build()

    mf = dft.RKS(mol) 
    mf.grids.level = 4
    mf.xc = 'scan'
    mf.max_cycle = 120
    mf.chkfile = name+'.chk'
    mf = scf.addons.remove_linear_dep_(mf)
    mf.kernel()

    dm = mf.make_rdm1()
    nao = mol.nao_nr()
    unit = 2.541746
    origin = ([0.0,0.0,0.0])
    charges = mol.atom_charges()
    coords  = mol.atom_coords()
    mol.set_common_orig(origin)
    r2 = mol.intor_symmetric('int1e_r2')
    r2 = numpy.einsum('ij,ji->', r2, dm)
    lib.logger.info(mf,'Electronic spatial extent <R**2> (au): %.4f', r2)

    lib.logger.info(mf,'* Multipoles in the independent field-basis, Gauge -> (0,0,0)')
    ao_dip = mol.intor_symmetric('int1e_r', comp=3)
    el_dip = numpy.einsum('xij,ji->x', ao_dip, dm)
    lib.logger.info(mf,'Electronic Dipole moment(X, Y, Z, Debye): %.4f, %.4f, %.4f', *el_dip*unit)
    nucl_dip = numpy.einsum('i,ix->x', charges, coords)
    lib.logger.info(mf,'Nuclear Dipole moment(X, Y, Z, Debye): %.4f, %.4f, %.4f', *nucl_dip*unit)
    mol_dip = (nucl_dip - el_dip) * unit
    lib.logger.info(mf,'Total Dipole moment(X, Y, Z, Debye): %.4f, %.4f, %.4f', *mol_dip)

    lib.logger.info(mf,'Quadrupole moments (Debye-Angs)')
    rr = mol.intor_symmetric('int1e_rr', comp=9).reshape(3,3,nao,nao)
    rr = -1.0*numpy.einsum('xyij,ji->xy', rr, dm)
    rr += numpy.einsum('z,zx,zy->xy', charges, coords, coords)
    rr = rr*unit*lib.param.BOHR
    lib.logger.info(mf,'Total Quadrupole moments (XX, YY, ZZ): %.4f, %.4f, %.4f', \
    rr[0,0], rr[1,1], rr[2,2])
    lib.logger.info(mf,'Total Quadrupole moments (XY, XZ, YZ): %.4f, %.4f, %.4f', \
    rr[0,1], rr[0,2], rr[1,2])
 
    lib.logger.info(mf,'Octupole moments (Debye-Angs**2)')
    rrr = mol.intor_symmetric('int1e_rrr', comp=27).reshape(3,3,3,nao,nao)
    rrr = -1.0*numpy.einsum('xyzij,ji->xyz', rrr, dm)
    rrr += numpy.einsum('z,zx,zy,zk->xyk', charges, coords, coords, coords)
    rrr = rrr*unit*lib.param.BOHR**2
    lib.logger.info(mf,'Total Octupole moments (XXX, YYY, ZZZ, XYY): %.4f, %.4f, %.4f, %.4f', \
    rrr[0,0,0], rrr[1,1,1], rrr[2,2,2], rrr[0,1,1])
    lib.logger.info(mf,'Total Octupole moments (XXY, XXZ, XZZ, YZZ): %.4f, %.4f, %.4f, %.4f', \
    rrr[0,0,1], rrr[0,0,2], rrr[0,2,2], rrr[1,2,2])
    lib.logger.info(mf,'Total Octupole moments (YYZ, XYZ): %.4f, %.4f', rrr[1,1,2], rrr[0,1,2])

    lib.logger.info(mf,'Hexadecapole moments (Debye-Angs**3)')
    rrrr = mol.intor_symmetric('int1e_rrrr', comp=81).reshape(3,3,3,3,nao,nao)
    rrrr = -1.0*numpy.einsum('xyzwij,ji->xyzw', rrrr, dm)
    rrrr += numpy.einsum('z,zx,zy,zk,zw->xykw', charges, coords, coords, coords, coords)
    rrrr = rrrr*unit*lib.param.BOHR**3
    lib.logger.info(mf,'Total Hexadecapole moments (XXXX, YYYY, ZZZZ, XXXY): %.4f, %.4f, %.4f, %.4f', \
    rrrr[0,0,0,0], rrrr[1,1,1,1], rrrr[2,2,2,2], rrrr[0,0,0,1])
    lib.logger.info(mf,'Total Hexadecapole moments (XXXZ, YYYX, YYYZ, ZZZX): %.4f, %.4f, %.4f, %.4f', \
    rrrr[0,0,0,2], rrrr[1,1,1,0], rrrr[1,1,1,2], rrrr[2,2,2,0])
    lib.logger.info(mf,'Total Hexadecapole moments (ZZZY, XXYY, XXZZ, YYZZ): %.4f, %.4f, %.4f, %.4f', \
    rrrr[2,2,2,1], rrrr[0,0,1,1], rrrr[0,0,2,2], rrrr[1,1,2,2])
    lib.logger.info(mf,'Total Hexadecapole moments (XXYZ, YYXZ, ZZXY): %.4f, %.4f, %.4f', \
    rrrr[0,0,1,2], rrrr[1,1,0,2], rrrr[2,2,0,1])
     
    coeff = mf.mo_coeff[:,mf.mo_occ>0]
    occ = mf.mo_occ[mf.mo_occ>0]
    energy = mf.mo_energy[mf.mo_occ>0]
    den_file = name+'.mol'
    fspt = open(den_file,'w')
    molden.header(mol, fspt)
    molden.orbital_coeff(mol, fspt, coeff, ene=energy, occ=occ) 
    fspt.close()                    
    cmd = '/home/jluis/bin/molden2aim '+name
    os.system(cmd)
    den_file = name+'.wfn'
    fspt = open(den_file,'a')
    fspt.write('RHF\n')
    fspt.close()                    

    pmd_file = name+'.pmd'
    fspt = open(pmd_file,'w')
    fspt.write('%s.wfn\n' % (name))
    if (mol.symmetry == False):
        fspt.write('nosymmetry\n')
    fspt.write('tes\n')
    fspt.write('  epsiscp 0.220\n')
    fspt.write('  radialquad 7\n')
    fspt.write('  rmapping 2\n')
    fspt.write('  lmax 10\n')
    fspt.write('  nr 551\n')
    fspt.write('  lebedev 5810\n')
    fspt.write('  betasphere\n')
    for ia in range(mol.natm):
        symb = mol.atom_pure_symbol(ia)
        inuc = lib.parameters.NUC[symb]
        betarad = radii.COVALENT[inuc]/3.5
        fspt.write('  betaradw %d %1.3f\n' % ((ia+1),betarad))
    fspt.write('  radialquadbeta 7\n')
    fspt.write('  rmappingbeta 3\n')
    fspt.write('  lmaxbeta 8\n')
    fspt.write('  nrb 451\n')
    fspt.write('  lebedevbeta 3074\n')
    fspt.write('  dafh\n')
    fspt.write('endtes')
    fspt.close()                    

    cmd = 'rm '+name+'.mol'
    os.system(cmd)

#INFO: ******************** input file end ********************


System: ('Linux', 'silicio', '3.16.0-4-amd64', '#1 SMP Debian 3.16.51-3 (2017-12-13)', 'x86_64', '')  Threads 12
Python 2.7.14 (default, Apr  9 2018, 16:34:43) 
[GCC 7.3.0]
numpy 1.14.2  scipy 1.0.1
Date: Sat Jun 30 03:12:27 2018
PySCF version 1.5
PySCF path  /home/jluis/src/pyscf/pyscf
GIT ORIG_HEAD f2dbb26d09ae5148fbf5975669a994500ac7a4c9
GIT HEAD      ref: refs/heads/master
GIT master branch  f2dbb26d09ae5148fbf5975669a994500ac7a4c9

[ENV] PYSCF_TMPDIR /scratch-ssd/jluis
[CONFIG] conf_file None
[INPUT] verbose = 4
[INPUT] num. atoms = 7
[INPUT] num. electrons = 32
[INPUT] charge = 0
[INPUT] spin (= nelec alpha-beta = 2S) = 0
[INPUT] symmetry 0 subgroup None
[INPUT] Mole.unit = angstrom
[INPUT]  1 C     -7.088439000000  -2.026718000000   1.353307000000 AA  -13.395208360686  -3.829941951726   2.557379592457 Bohr
[INPUT]  2 C     -5.782683000000  -1.386667000000   1.672264000000 AA  -10.927687135178  -2.620420855972   3.160120967970 Bohr
[INPUT]  3 H     -7.715125000000  -1.316243000000   0.799057000000 AA  -14.579473266785  -2.487338783376   1.509998887917 Bohr
[INPUT]  4 H     -7.611748000000  -2.266699000000   2.287955000000 AA  -14.384119049206  -4.283440316826   4.323608335329 Bohr
[INPUT]  5 H     -6.920999000000  -2.932356000000   0.764618000000 AA  -13.078792618389  -5.541349739725   1.444918609913 Bohr
[INPUT]  6 O     -4.683784000000  -1.730825000000   1.389449000000 AA   -8.851068986620  -3.270785219550   2.625678074051 Bohr
[INPUT]  7 F     -5.974341000000  -0.245682000000   2.396952000000 AA  -11.289868264760  -0.464271693735   4.529582813728 Bohr

nuclear repulsion = 118.570444471927
number of shells = 79
number of NR pGTOs = 307
number of NR cGTOs = 253
basis = aug-cc-pvtz
ecp = {}
CPU time:    123838.40


******** <class 'pyscf.dft.rks.RKS'> flags ********
method = RKS-RHF
initial guess = minao
damping factor = 0
level shift factor = 0
DIIS = <class 'pyscf.scf.diis.CDIIS'>
DIIS start cycle = 1
DIIS space = 8
SCF tol = 1e-09
SCF gradient tol = None
max. SCF cycles = 120
direct_scf = True
direct_scf_tol = 1e-13
chkfile to save SCF result = c2h3of.chk
max_memory 10000 MB (current use 198 MB)
XC functionals = scan
small_rho_cutoff = 1e-07
radial grids: 
    Treutler-Ahlrichs (JCP 102, 346 (M4)) radial grids
    
becke partition: Becke, JCP, 88, 2547 (1988)
pruning grids: <function nwchem_prune at 0x2aeb3297f5f0>
grids dens level: 4
symmetrized grids: 0
atomic radii adjust function: <function treutler_atomic_radii_adjust at 0x2aeb3297f500>
Set gradient conv threshold to 3.16228e-05
tot grids = 162564
init E= -253.357034482468
  HOMO = -0.406174642788049  LUMO = -0.114781883756084
cycle= 1 E= -252.830564975372  delta_E= 0.526  |g|= 0.849  |ddm|= 2.43
  HOMO = -0.127717547147419  LUMO = 0.0213598443699776
cycle= 2 E= -252.442076443229  delta_E= 0.388  |g|= 1.65  |ddm|=  1.3
  HOMO = -0.28115876086557  LUMO = -0.028560310843868
cycle= 3 E= -252.927631272206  delta_E= -0.486  |g|= 0.417  |ddm|= 0.879
  HOMO = -0.274046570654404  LUMO = -0.0420800348355877
cycle= 4 E= -252.959994255579  delta_E= -0.0324  |g|= 0.0929  |ddm|= 0.234
  HOMO = -0.280776592295904  LUMO = -0.0482855777362854
cycle= 5 E= -252.960902125742  delta_E= -0.000908  |g|= 0.0517  |ddm|= 0.0734
  HOMO = -0.278847271066503  LUMO = -0.0458487316235253
cycle= 6 E= -252.961332849712  delta_E= -0.000431  |g|= 0.00614  |ddm|= 0.0304
  HOMO = -0.277988665660879  LUMO = -0.0448832181567893
cycle= 7 E= -252.961338148668  delta_E= -5.3e-06  |g|= 0.00272  |ddm|= 0.00572
  HOMO = -0.278438717690077  LUMO = -0.0452322316650289
cycle= 8 E= -252.961339492256  delta_E= -1.34e-06  |g|= 0.000313  |ddm|= 0.0026
  HOMO = -0.278418123121424  LUMO = -0.0452200878489717
cycle= 9 E= -252.961339512412  delta_E= -2.02e-08  |g|= 5.4e-05  |ddm|= 0.000537
  HOMO = -0.278418662826583  LUMO = -0.0452205498512
cycle= 10 E= -252.961339513026  delta_E= -6.15e-10  |g|= 1.42e-05  |ddm|= 0.000174
  HOMO = -0.278418322747659  LUMO = -0.0452202257625677
Extra cycle  E= -252.961339513044  delta_E= -1.73e-11  |g|= 1.26e-05  |ddm|= 4.8e-05
converged SCF energy = -252.961339513044
Electronic spatial extent <R**2> (au): 4816.3961
* Multipoles in the independent field-basis, Gauge -> (0,0,0)
Electronic Dipole moment(X, Y, Z, Debye): -913.1741, -205.8797, 263.0945
Nuclear Dipole moment(X, Y, Z, Debye): -916.0379, -206.7940, 262.7027
Total Dipole moment(X, Y, Z, Debye): -2.8638, -0.9142, -0.3918
Quadrupole moments (Debye-Angs)
Total Quadrupole moments (XX, YY, ZZ): 10.3104, -20.4547, -23.3684
Total Quadrupole moments (XY, XZ, YZ): 10.8410, -1.4429, -2.1737
Octupole moments (Debye-Angs**2)
Total Octupole moments (XXX, YYY, ZZZ, XYY): 117.7440, 91.6024, -112.8807, 112.3594
Total Octupole moments (XXY, XXZ, XZZ, YZZ): -62.0171, -7.7524, 134.5891, 26.0842
Total Octupole moments (YYZ, XYZ): -32.7769, 20.5295
Hexadecapole moments (Debye-Angs**3)
Total Hexadecapole moments (XXXX, YYYY, ZZZZ, XXXY): -2723.7600, -349.1104, -418.9558, 142.5494
Total Hexadecapole moments (XXXZ, YYYX, YYYZ, ZZZX): 368.9052, -537.9860, 134.3948, 665.2264
Total Hexadecapole moments (ZZZY, XXYY, XXZZ, YYZZ): 124.0906, -701.6418, -867.7538, -117.1995
Total Hexadecapole moments (XXYZ, YYXZ, ZZXY): -119.0035, 181.3628, -147.6185
