#INFO: **** input file is /home/jluis/src/git/db/molecules-wfn/scan/run_sp.py ****
#!/usr/bin/env python

import numpy, sys, os
from pyscf import lib, gto, scf, dft
from pyscf.tools import molden
from pyscf.data import radii

def read_molecule(path):

    charge = spin = 0
    with open(path, 'r') as myfile:
        output = myfile.read()
        output = output.lstrip()
        output = output.rstrip()
        output = output.split('\n')

    try:
        int(output[0])
    except ValueError:
        try:
            charge = int(output[0].split(' ')[0])
            spin = int(output[0].split(' ')[1]) - 1
        except ValueError:
            molecule = output
        else:
            molecule = '\n'.join(output[1:])
    else:
        if int(output[0]) == len(output) - 2:
            molecule = '\n'.join(output[2:])
            try:
                charge = int(output[1].split(' ')[0])
                spin = int(output[1].split(' ')[1])-1
            except ValueError:
                pass
        else:
            print "THIS IS NOT A VALID XYZ FILE"

    return (molecule, charge, spin)

directory = '../../molecules/'
files = [i for i in os.listdir(directory) if i.endswith('.xyz')]

for filename in files:

    name = filename[:-8]
    mol = gto.Mole()
    (mol.atom, charge, spin) = read_molecule(directory+filename)
    mol.basis = 'aug-cc-pvtz'
    mol.charge = charge
    mol.spin = spin
    mol.output = name+'.out'
    mol.symmetry = 0
    mol.max_memory = 10000
    mol.verbose = 4
    mol.build()

    mf = dft.RKS(mol) 
    mf.grids.level = 4
    mf.xc = 'scan'
    mf.max_cycle = 120
    mf.chkfile = name+'.chk'
    mf = scf.addons.remove_linear_dep_(mf)
    mf.kernel()

    dm = mf.make_rdm1()
    nao = mol.nao_nr()
    unit = 2.541746
    origin = ([0.0,0.0,0.0])
    charges = mol.atom_charges()
    coords  = mol.atom_coords()
    mol.set_common_orig(origin)
    r2 = mol.intor_symmetric('int1e_r2')
    r2 = numpy.einsum('ij,ji->', r2, dm)
    lib.logger.info(mf,'Electronic spatial extent <R**2> (au): %.4f', r2)

    lib.logger.info(mf,'* Multipoles in the independent field-basis, Gauge -> (0,0,0)')
    ao_dip = mol.intor_symmetric('int1e_r', comp=3)
    el_dip = numpy.einsum('xij,ji->x', ao_dip, dm)
    lib.logger.info(mf,'Electronic Dipole moment(X, Y, Z, Debye): %.4f, %.4f, %.4f', *el_dip*unit)
    nucl_dip = numpy.einsum('i,ix->x', charges, coords)
    lib.logger.info(mf,'Nuclear Dipole moment(X, Y, Z, Debye): %.4f, %.4f, %.4f', *nucl_dip*unit)
    mol_dip = (nucl_dip - el_dip) * unit
    lib.logger.info(mf,'Total Dipole moment(X, Y, Z, Debye): %.4f, %.4f, %.4f', *mol_dip)

    lib.logger.info(mf,'Quadrupole moments (Debye-Angs)')
    rr = mol.intor_symmetric('int1e_rr', comp=9).reshape(3,3,nao,nao)
    rr = -1.0*numpy.einsum('xyij,ji->xy', rr, dm)
    rr += numpy.einsum('z,zx,zy->xy', charges, coords, coords)
    rr = rr*unit*lib.param.BOHR
    lib.logger.info(mf,'Total Quadrupole moments (XX, YY, ZZ): %.4f, %.4f, %.4f', \
    rr[0,0], rr[1,1], rr[2,2])
    lib.logger.info(mf,'Total Quadrupole moments (XY, XZ, YZ): %.4f, %.4f, %.4f', \
    rr[0,1], rr[0,2], rr[1,2])
 
    lib.logger.info(mf,'Octupole moments (Debye-Angs**2)')
    rrr = mol.intor_symmetric('int1e_rrr', comp=27).reshape(3,3,3,nao,nao)
    rrr = -1.0*numpy.einsum('xyzij,ji->xyz', rrr, dm)
    rrr += numpy.einsum('z,zx,zy,zk->xyk', charges, coords, coords, coords)
    rrr = rrr*unit*lib.param.BOHR**2
    lib.logger.info(mf,'Total Octupole moments (XXX, YYY, ZZZ, XYY): %.4f, %.4f, %.4f, %.4f', \
    rrr[0,0,0], rrr[1,1,1], rrr[2,2,2], rrr[0,1,1])
    lib.logger.info(mf,'Total Octupole moments (XXY, XXZ, XZZ, YZZ): %.4f, %.4f, %.4f, %.4f', \
    rrr[0,0,1], rrr[0,0,2], rrr[0,2,2], rrr[1,2,2])
    lib.logger.info(mf,'Total Octupole moments (YYZ, XYZ): %.4f, %.4f', rrr[1,1,2], rrr[0,1,2])

    lib.logger.info(mf,'Hexadecapole moments (Debye-Angs**3)')
    rrrr = mol.intor_symmetric('int1e_rrrr', comp=81).reshape(3,3,3,3,nao,nao)
    rrrr = -1.0*numpy.einsum('xyzwij,ji->xyzw', rrrr, dm)
    rrrr += numpy.einsum('z,zx,zy,zk,zw->xykw', charges, coords, coords, coords, coords)
    rrrr = rrrr*unit*lib.param.BOHR**3
    lib.logger.info(mf,'Total Hexadecapole moments (XXXX, YYYY, ZZZZ, XXXY): %.4f, %.4f, %.4f, %.4f', \
    rrrr[0,0,0,0], rrrr[1,1,1,1], rrrr[2,2,2,2], rrrr[0,0,0,1])
    lib.logger.info(mf,'Total Hexadecapole moments (XXXZ, YYYX, YYYZ, ZZZX): %.4f, %.4f, %.4f, %.4f', \
    rrrr[0,0,0,2], rrrr[1,1,1,0], rrrr[1,1,1,2], rrrr[2,2,2,0])
    lib.logger.info(mf,'Total Hexadecapole moments (ZZZY, XXYY, XXZZ, YYZZ): %.4f, %.4f, %.4f, %.4f', \
    rrrr[2,2,2,1], rrrr[0,0,1,1], rrrr[0,0,2,2], rrrr[1,1,2,2])
    lib.logger.info(mf,'Total Hexadecapole moments (XXYZ, YYXZ, ZZXY): %.4f, %.4f, %.4f', \
    rrrr[0,0,1,2], rrrr[1,1,0,2], rrrr[2,2,0,1])
     
    coeff = mf.mo_coeff[:,mf.mo_occ>0]
    occ = mf.mo_occ[mf.mo_occ>0]
    energy = mf.mo_energy[mf.mo_occ>0]
    den_file = name+'.mol'
    fspt = open(den_file,'w')
    molden.header(mol, fspt)
    molden.orbital_coeff(mol, fspt, coeff, ene=energy, occ=occ) 
    fspt.close()                    
    cmd = '/home/jluis/bin/molden2aim '+name
    os.system(cmd)
    den_file = name+'.wfn'
    fspt = open(den_file,'a')
    fspt.write('RHF\n')
    fspt.close()                    

    pmd_file = name+'.pmd'
    fspt = open(pmd_file,'w')
    fspt.write('%s.wfn\n' % (name))
    if (mol.symmetry == False):
        fspt.write('nosymmetry\n')
    fspt.write('tes\n')
    fspt.write('  epsiscp 0.220\n')
    fspt.write('  radialquad 7\n')
    fspt.write('  rmapping 2\n')
    fspt.write('  lmax 10\n')
    fspt.write('  nr 551\n')
    fspt.write('  lebedev 5810\n')
    fspt.write('  betasphere\n')
    for ia in range(mol.natm):
        symb = mol.atom_pure_symbol(ia)
        inuc = lib.parameters.NUC[symb]
        betarad = radii.COVALENT[inuc]/3.5
        fspt.write('  betaradw %d %1.3f\n' % ((ia+1),betarad))
    fspt.write('  radialquadbeta 7\n')
    fspt.write('  rmappingbeta 3\n')
    fspt.write('  lmaxbeta 8\n')
    fspt.write('  nrb 451\n')
    fspt.write('  lebedevbeta 3074\n')
    fspt.write('  dafh\n')
    fspt.write('endtes')
    fspt.close()                    

    cmd = 'rm '+name+'.mol'
    os.system(cmd)

#INFO: ******************** input file end ********************


System: ('Linux', 'silicio', '3.16.0-4-amd64', '#1 SMP Debian 3.16.51-3 (2017-12-13)', 'x86_64', '')  Threads 12
Python 2.7.14 (default, Apr  9 2018, 16:34:43) 
[GCC 7.3.0]
numpy 1.14.2  scipy 1.0.1
Date: Sat Jun 30 05:07:02 2018
PySCF version 1.5
PySCF path  /home/jluis/src/pyscf/pyscf
GIT ORIG_HEAD f2dbb26d09ae5148fbf5975669a994500ac7a4c9
GIT HEAD      ref: refs/heads/master
GIT master branch  f2dbb26d09ae5148fbf5975669a994500ac7a4c9

[ENV] PYSCF_TMPDIR /scratch-ssd/jluis
[CONFIG] conf_file None
[INPUT] verbose = 4
[INPUT] num. atoms = 7
[INPUT] num. electrons = 24
[INPUT] charge = 0
[INPUT] spin (= nelec alpha-beta = 2S) = 0
[INPUT] symmetry 0 subgroup None
[INPUT] Mole.unit = angstrom
[INPUT]  1 C     -0.004804000000   0.000001000000   0.002504000000 AA   -0.009078244302   0.000001889726   0.004731874216 Bohr
[INPUT]  2 O      0.002075000000   0.000000000000   1.210197000000 AA    0.003921181708   0.000000000000   2.286940886770 Bohr
[INPUT]  3 H      0.960010000000  -0.000001000000  -0.562713000000 AA    1.814155976844  -0.000001889726  -1.063373456732 Bohr
[INPUT]  4 C     -1.241097000000   0.000000000000  -0.841726000000 AA   -2.345333424019   0.000000000000  -1.590631611926 Bohr
[INPUT]  5 H     -2.140667000000   0.000000000000  -0.216709000000 AA   -4.045274353894   0.000000000000  -0.409520658728 Bohr
[INPUT]  6 H     -1.231616000000   0.882284000000  -1.500018000000 AA   -2.327416930632   1.667275124086  -2.834623201918 Bohr
[INPUT]  7 H     -1.231615000000  -0.882284000000  -1.500018000000 AA   -2.327415040906  -1.667275124086  -2.834623201918 Bohr

nuclear repulsion = 69.6849990075163
number of shells = 75
number of NR pGTOs = 274
number of NR cGTOs = 230
basis = aug-cc-pvtz
ecp = {}
CPU time:    186668.76


******** <class 'pyscf.dft.rks.RKS'> flags ********
method = RKS-RHF
initial guess = minao
damping factor = 0
level shift factor = 0
DIIS = <class 'pyscf.scf.diis.CDIIS'>
DIIS start cycle = 1
DIIS space = 8
SCF tol = 1e-09
SCF gradient tol = None
max. SCF cycles = 120
direct_scf = True
direct_scf_tol = 1e-13
chkfile to save SCF result = c2h4o.chk
max_memory 10000 MB (current use 226 MB)
XC functionals = scan
small_rho_cutoff = 1e-07
radial grids: 
    Treutler-Ahlrichs (JCP 102, 346 (M4)) radial grids
    
becke partition: Becke, JCP, 88, 2547 (1988)
pruning grids: <function nwchem_prune at 0x2aeb3297f5f0>
grids dens level: 4
symmetrized grids: 0
atomic radii adjust function: <function treutler_atomic_radii_adjust at 0x2aeb3297f500>
Set gradient conv threshold to 3.16228e-05
tot grids = 149340
init E= -153.873906141163
  HOMO = -0.3555999147559  LUMO = -0.148939638324385
cycle= 1 E= -153.591895678681  delta_E= 0.282  |g|= 0.775  |ddm|= 2.36
  HOMO = -0.0537480172747448  LUMO = 0.0293162300479564
cycle= 2 E= -153.175948890554  delta_E= 0.416  |g|=  1.6  |ddm|= 1.94
  HOMO = -0.221210060302642  LUMO = -0.0380451286861237
cycle= 3 E= -153.689841345062  delta_E= -0.514  |g|= 0.346  |ddm|= 1.58
  HOMO = -0.220411552477997  LUMO = -0.0544879670054977
cycle= 4 E= -153.71458717919  delta_E= -0.0247  |g|= 0.0868  |ddm|= 0.217
  HOMO = -0.224497867470578  LUMO = -0.0545220110063425
cycle= 5 E= -153.71605714289  delta_E= -0.00147  |g|= 0.00822  |ddm|= 0.0984
  HOMO = -0.224063285645498  LUMO = -0.0538081202269743
cycle= 6 E= -153.716071603254  delta_E= -1.45e-05  |g|= 0.00201  |ddm|= 0.0165
  HOMO = -0.224337257596881  LUMO = -0.0540331361132066
cycle= 7 E= -153.716072563298  delta_E= -9.6e-07  |g|= 0.000413  |ddm|= 0.00547
  HOMO = -0.224310494402405  LUMO = -0.0540109082473758
cycle= 8 E= -153.716072601249  delta_E= -3.8e-08  |g|= 0.000153  |ddm|= 0.00131
  HOMO = -0.224336257493739  LUMO = -0.0540409413253252
cycle= 9 E= -153.716072606684  delta_E= -5.44e-09  |g|= 5.52e-05  |ddm|= 0.000464
  HOMO = -0.224331363899841  LUMO = -0.0540348951560879
cycle= 10 E= -153.716072607632  delta_E= -9.47e-10  |g|= 1.19e-05  |ddm|= 0.000258
  HOMO = -0.224333275916363  LUMO = -0.0540364204683827
Extra cycle  E= -153.71607260769  delta_E= -5.82e-11  |g|= 6.24e-06  |ddm|= 9.98e-05
converged SCF energy = -153.71607260769
Electronic spatial extent <R**2> (au): 185.3111
* Multipoles in the independent field-basis, Gauge -> (0,0,0)
Electronic Dipole moment(X, Y, Z, Debye): -52.7559, 0.0000, 7.0035
Nuclear Dipole moment(X, Y, Z, Debye): -53.3285, 0.0000, 4.1633
Total Dipole moment(X, Y, Z, Debye): -0.5727, 0.0000, -2.8402
Quadrupole moments (Debye-Angs)
Total Quadrupole moments (XX, YY, ZZ): -17.3969, -17.8099, -21.1071
Total Quadrupole moments (XY, XZ, YZ): -0.0000, 0.3605, 0.0000
Octupole moments (Debye-Angs**2)
Total Octupole moments (XXX, YYY, ZZZ, XYY): 25.2577, -0.0000, -3.4975, 8.5454
Total Octupole moments (XXY, XXZ, XZZ, YZZ): -0.0000, -0.1040, 8.2932, -0.0000
Total Octupole moments (YYZ, XYZ): -0.4729, 0.0000
Hexadecapole moments (Debye-Angs**3)
Total Hexadecapole moments (XXXX, YYYY, ZZZZ, XXXY): -99.5924, -23.3668, -115.4705, 0.0000
Total Hexadecapole moments (XXXZ, YYYX, YYYZ, ZZZX): -26.0046, 0.0000, -0.0000, -22.9225
Total Hexadecapole moments (ZZZY, XXYY, XXZZ, YYZZ): 0.0000, -21.4697, -36.7101, -20.3272
Total Hexadecapole moments (XXYZ, YYXZ, ZZXY): 0.0000, -6.7001, 0.0000
