#INFO: **** input file is /home/jluis/src/git/db/molecules-wfn/scan/run_sp.py ****
#!/usr/bin/env python

import numpy, sys, os
from pyscf import lib, gto, scf, dft
from pyscf.tools import molden
from pyscf.data import radii

def read_molecule(path):

    charge = spin = 0
    with open(path, 'r') as myfile:
        output = myfile.read()
        output = output.lstrip()
        output = output.rstrip()
        output = output.split('\n')

    try:
        int(output[0])
    except ValueError:
        try:
            charge = int(output[0].split(' ')[0])
            spin = int(output[0].split(' ')[1]) - 1
        except ValueError:
            molecule = output
        else:
            molecule = '\n'.join(output[1:])
    else:
        if int(output[0]) == len(output) - 2:
            molecule = '\n'.join(output[2:])
            try:
                charge = int(output[1].split(' ')[0])
                spin = int(output[1].split(' ')[1])-1
            except ValueError:
                pass
        else:
            print "THIS IS NOT A VALID XYZ FILE"

    return (molecule, charge, spin)

directory = '../../molecules/'
files = [i for i in os.listdir(directory) if i.endswith('.xyz')]

for filename in files:

    name = filename[:-8]
    mol = gto.Mole()
    (mol.atom, charge, spin) = read_molecule(directory+filename)
    mol.basis = 'aug-cc-pvtz'
    mol.charge = charge
    mol.spin = spin
    mol.output = name+'.out'
    mol.symmetry = 0
    mol.max_memory = 10000
    mol.verbose = 4
    mol.build()

    mf = dft.RKS(mol) 
    mf.grids.level = 4
    mf.xc = 'scan'
    mf.max_cycle = 120
    mf.chkfile = name+'.chk'
    mf = scf.addons.remove_linear_dep_(mf)
    mf.kernel()

    dm = mf.make_rdm1()
    nao = mol.nao_nr()
    unit = 2.541746
    origin = ([0.0,0.0,0.0])
    charges = mol.atom_charges()
    coords  = mol.atom_coords()
    mol.set_common_orig(origin)
    r2 = mol.intor_symmetric('int1e_r2')
    r2 = numpy.einsum('ij,ji->', r2, dm)
    lib.logger.info(mf,'Electronic spatial extent <R**2> (au): %.4f', r2)

    lib.logger.info(mf,'* Multipoles in the independent field-basis, Gauge -> (0,0,0)')
    ao_dip = mol.intor_symmetric('int1e_r', comp=3)
    el_dip = numpy.einsum('xij,ji->x', ao_dip, dm)
    lib.logger.info(mf,'Electronic Dipole moment(X, Y, Z, Debye): %.4f, %.4f, %.4f', *el_dip*unit)
    nucl_dip = numpy.einsum('i,ix->x', charges, coords)
    lib.logger.info(mf,'Nuclear Dipole moment(X, Y, Z, Debye): %.4f, %.4f, %.4f', *nucl_dip*unit)
    mol_dip = (nucl_dip - el_dip) * unit
    lib.logger.info(mf,'Total Dipole moment(X, Y, Z, Debye): %.4f, %.4f, %.4f', *mol_dip)

    lib.logger.info(mf,'Quadrupole moments (Debye-Angs)')
    rr = mol.intor_symmetric('int1e_rr', comp=9).reshape(3,3,nao,nao)
    rr = -1.0*numpy.einsum('xyij,ji->xy', rr, dm)
    rr += numpy.einsum('z,zx,zy->xy', charges, coords, coords)
    rr = rr*unit*lib.param.BOHR
    lib.logger.info(mf,'Total Quadrupole moments (XX, YY, ZZ): %.4f, %.4f, %.4f', \
    rr[0,0], rr[1,1], rr[2,2])
    lib.logger.info(mf,'Total Quadrupole moments (XY, XZ, YZ): %.4f, %.4f, %.4f', \
    rr[0,1], rr[0,2], rr[1,2])
 
    lib.logger.info(mf,'Octupole moments (Debye-Angs**2)')
    rrr = mol.intor_symmetric('int1e_rrr', comp=27).reshape(3,3,3,nao,nao)
    rrr = -1.0*numpy.einsum('xyzij,ji->xyz', rrr, dm)
    rrr += numpy.einsum('z,zx,zy,zk->xyk', charges, coords, coords, coords)
    rrr = rrr*unit*lib.param.BOHR**2
    lib.logger.info(mf,'Total Octupole moments (XXX, YYY, ZZZ, XYY): %.4f, %.4f, %.4f, %.4f', \
    rrr[0,0,0], rrr[1,1,1], rrr[2,2,2], rrr[0,1,1])
    lib.logger.info(mf,'Total Octupole moments (XXY, XXZ, XZZ, YZZ): %.4f, %.4f, %.4f, %.4f', \
    rrr[0,0,1], rrr[0,0,2], rrr[0,2,2], rrr[1,2,2])
    lib.logger.info(mf,'Total Octupole moments (YYZ, XYZ): %.4f, %.4f', rrr[1,1,2], rrr[0,1,2])

    lib.logger.info(mf,'Hexadecapole moments (Debye-Angs**3)')
    rrrr = mol.intor_symmetric('int1e_rrrr', comp=81).reshape(3,3,3,3,nao,nao)
    rrrr = -1.0*numpy.einsum('xyzwij,ji->xyzw', rrrr, dm)
    rrrr += numpy.einsum('z,zx,zy,zk,zw->xykw', charges, coords, coords, coords, coords)
    rrrr = rrrr*unit*lib.param.BOHR**3
    lib.logger.info(mf,'Total Hexadecapole moments (XXXX, YYYY, ZZZZ, XXXY): %.4f, %.4f, %.4f, %.4f', \
    rrrr[0,0,0,0], rrrr[1,1,1,1], rrrr[2,2,2,2], rrrr[0,0,0,1])
    lib.logger.info(mf,'Total Hexadecapole moments (XXXZ, YYYX, YYYZ, ZZZX): %.4f, %.4f, %.4f, %.4f', \
    rrrr[0,0,0,2], rrrr[1,1,1,0], rrrr[1,1,1,2], rrrr[2,2,2,0])
    lib.logger.info(mf,'Total Hexadecapole moments (ZZZY, XXYY, XXZZ, YYZZ): %.4f, %.4f, %.4f, %.4f', \
    rrrr[2,2,2,1], rrrr[0,0,1,1], rrrr[0,0,2,2], rrrr[1,1,2,2])
    lib.logger.info(mf,'Total Hexadecapole moments (XXYZ, YYXZ, ZZXY): %.4f, %.4f, %.4f', \
    rrrr[0,0,1,2], rrrr[1,1,0,2], rrrr[2,2,0,1])
     
    coeff = mf.mo_coeff[:,mf.mo_occ>0]
    occ = mf.mo_occ[mf.mo_occ>0]
    energy = mf.mo_energy[mf.mo_occ>0]
    den_file = name+'.mol'
    fspt = open(den_file,'w')
    molden.header(mol, fspt)
    molden.orbital_coeff(mol, fspt, coeff, ene=energy, occ=occ) 
    fspt.close()                    
    cmd = '/home/jluis/bin/molden2aim '+name
    os.system(cmd)
    den_file = name+'.wfn'
    fspt = open(den_file,'a')
    fspt.write('RHF\n')
    fspt.close()                    

    pmd_file = name+'.pmd'
    fspt = open(pmd_file,'w')
    fspt.write('%s.wfn\n' % (name))
    if (mol.symmetry == False):
        fspt.write('nosymmetry\n')
    fspt.write('tes\n')
    fspt.write('  epsiscp 0.220\n')
    fspt.write('  radialquad 7\n')
    fspt.write('  rmapping 2\n')
    fspt.write('  lmax 10\n')
    fspt.write('  nr 551\n')
    fspt.write('  lebedev 5810\n')
    fspt.write('  betasphere\n')
    for ia in range(mol.natm):
        symb = mol.atom_pure_symbol(ia)
        inuc = lib.parameters.NUC[symb]
        betarad = radii.COVALENT[inuc]/3.5
        fspt.write('  betaradw %d %1.3f\n' % ((ia+1),betarad))
    fspt.write('  radialquadbeta 7\n')
    fspt.write('  rmappingbeta 3\n')
    fspt.write('  lmaxbeta 8\n')
    fspt.write('  nrb 451\n')
    fspt.write('  lebedevbeta 3074\n')
    fspt.write('  dafh\n')
    fspt.write('endtes')
    fspt.close()                    

    cmd = 'rm '+name+'.mol'
    os.system(cmd)

#INFO: ******************** input file end ********************


System: ('Linux', 'silicio', '3.16.0-4-amd64', '#1 SMP Debian 3.16.51-3 (2017-12-13)', 'x86_64', '')  Threads 12
Python 2.7.14 (default, Apr  9 2018, 16:34:43) 
[GCC 7.3.0]
numpy 1.14.2  scipy 1.0.1
Date: Sat Jun 30 05:07:40 2018
PySCF version 1.5
PySCF path  /home/jluis/src/pyscf/pyscf
GIT ORIG_HEAD f2dbb26d09ae5148fbf5975669a994500ac7a4c9
GIT HEAD      ref: refs/heads/master
GIT master branch  f2dbb26d09ae5148fbf5975669a994500ac7a4c9

[ENV] PYSCF_TMPDIR /scratch-ssd/jluis
[CONFIG] conf_file None
[INPUT] verbose = 4
[INPUT] num. atoms = 7
[INPUT] num. electrons = 50
[INPUT] charge = 0
[INPUT] spin (= nelec alpha-beta = 2S) = 0
[INPUT] symmetry 0 subgroup None
[INPUT] Mole.unit = angstrom
[INPUT]  1 C     -0.005784000000  -0.000002000000  -0.091562000000 AA   -0.010930175904  -0.000003779452  -0.173027103417 Bohr
[INPUT]  2 Se     0.095002000000   0.000000000000   1.664610000000 AA    0.179527761286   0.000000000000   3.145657004212 Bohr
[INPUT]  3 H      0.931765000000   0.000002000000  -0.663087000000 AA    1.760780662455   0.000003779452  -1.253052826759 Bohr
[INPUT]  4 C     -1.248253000000   0.000000000000  -0.902981000000 AA   -2.358856304167   0.000000000000  -1.706386785686 Bohr
[INPUT]  5 H     -2.148561000000   0.000001000000  -0.279445000000 AA   -4.060191851922   0.000001889726  -0.528074516879 Bohr
[INPUT]  6 H     -1.255940000000   0.880005000000  -1.568009000000 AA   -2.373382628886   1.662968438248  -2.963107570853 Bohr
[INPUT]  7 H     -1.255942000000  -0.880006000000  -1.568008000000 AA   -2.373386408338  -1.662970327974  -2.963105681127 Bohr

nuclear repulsion = 153.694696971323
number of shells = 76
number of NR pGTOs = 343
number of NR cGTOs = 243
basis = aug-cc-pvtz
ecp = {}
CPU time:    186870.22


******** <class 'pyscf.dft.rks.RKS'> flags ********
method = RKS-RHF
initial guess = minao
damping factor = 0
level shift factor = 0
DIIS = <class 'pyscf.scf.diis.CDIIS'>
DIIS start cycle = 1
DIIS space = 8
SCF tol = 1e-09
SCF gradient tol = None
max. SCF cycles = 120
direct_scf = True
direct_scf_tol = 1e-13
chkfile to save SCF result = c2h4se.chk
max_memory 10000 MB (current use 207 MB)
XC functionals = scan
small_rho_cutoff = 1e-07
radial grids: 
    Treutler-Ahlrichs (JCP 102, 346 (M4)) radial grids
    
becke partition: Becke, JCP, 88, 2547 (1988)
pruning grids: <function nwchem_prune at 0x2aeb3297f5f0>
grids dens level: 4
symmetrized grids: 0
atomic radii adjust function: <function treutler_atomic_radii_adjust at 0x2aeb3297f500>
Set gradient conv threshold to 3.16228e-05
tot grids = 151806
init E= -2479.38429052389
  HOMO = -0.26110385870126  LUMO = -0.181667441071131
cycle= 1 E= -2480.03392349637  delta_E= -0.65  |g|= 0.619  |ddm|= 2.95
  HOMO = -0.171307512328489  LUMO = -0.0345969491816283
cycle= 2 E= -2479.81825565459  delta_E= 0.216  |g|=    1  |ddm|= 1.34
  HOMO = -0.166862252608314  LUMO = -0.106143472783272
cycle= 3 E= -2480.07714808319  delta_E= -0.259  |g|= 0.351  |ddm|= 0.903
  HOMO = -0.188760266685389  LUMO = -0.107389948696891
cycle= 4 E= -2480.11831452138  delta_E= -0.0412  |g|= 0.0396  |ddm|= 0.288
  HOMO = -0.193558390195564  LUMO = -0.110945313320266
cycle= 5 E= -2480.11845987235  delta_E= -0.000145  |g|= 0.0192  |ddm|= 0.129
  HOMO = -0.191482216947122  LUMO = -0.109628211339732
cycle= 6 E= -2480.11859411815  delta_E= -0.000134  |g|= 0.00363  |ddm|= 0.0364
  HOMO = -0.192281282208766  LUMO = -0.110134032925533
cycle= 7 E= -2480.1185970212  delta_E= -2.9e-06  |g|= 0.00251  |ddm|= 0.0149
  HOMO = -0.192060157588138  LUMO = -0.110008919484652
cycle= 8 E= -2480.11859824034  delta_E= -1.22e-06  |g|= 0.000504  |ddm|= 0.00553
  HOMO = -0.192085649342234  LUMO = -0.110036888291009
cycle= 9 E= -2480.11859830337  delta_E= -6.3e-08  |g|= 9.46e-05  |ddm|= 0.00189
  HOMO = -0.192085637730172  LUMO = -0.110036670246012
cycle= 10 E= -2480.1185983069  delta_E= -3.53e-09  |g|= 3.91e-05  |ddm|= 0.00106
  HOMO = -0.192085849696662  LUMO = -0.110036448740403
cycle= 11 E= -2480.11859830724  delta_E= -3.4e-10  |g|= 9.76e-06  |ddm|= 0.000304
  HOMO = -0.192086289077422  LUMO = -0.110036924526649
Extra cycle  E= -2480.11859830727  delta_E= -2.59e-11  |g|= 7.21e-06  |ddm|= 0.000124
converged SCF energy = -2480.11859830727
Electronic spatial extent <R**2> (au): 515.1568
* Multipoles in the independent field-basis, Gauge -> (0,0,0)
Electronic Dipole moment(X, Y, Z, Debye): -37.9336, -0.0001, 226.1680
Nuclear Dipole moment(X, Y, Z, Debye): -38.5353, -0.0000, 223.5936
Total Dipole moment(X, Y, Z, Debye): -0.6017, 0.0000, -2.5743
Quadrupole moments (Debye-Angs)
Total Quadrupole moments (XX, YY, ZZ): -31.9168, -31.2538, -32.0553
Total Quadrupole moments (XY, XZ, YZ): 0.0000, 0.4682, 0.0000
Octupole moments (Debye-Angs**2)
Total Octupole moments (XXX, YYY, ZZZ, XYY): 19.7881, 0.0000, -67.4784, 6.9221
Total Octupole moments (XXY, XXZ, XZZ, YZZ): 0.0000, -27.5377, 7.3372, 0.0000
Total Octupole moments (YYZ, XYZ): -23.0261, -0.0000
Hexadecapole moments (Debye-Angs**3)
Total Hexadecapole moments (XXXX, YYYY, ZZZZ, XXXY): -127.0430, -44.2590, -376.4564, -0.0000
Total Hexadecapole moments (XXXZ, YYYX, YYYZ, ZZZX): -37.1417, -0.0000, 0.0000, -30.6435
Total Hexadecapole moments (ZZZY, XXYY, XXZZ, YYZZ): 0.0000, -29.5852, -94.1219, -68.3036
Total Hexadecapole moments (XXYZ, YYXZ, ZZXY): 0.0000, -9.9445, -0.0000
