#INFO: **** input file is /home/jluis/src/git/db/molecules-wfn/scan/run_sp.py ****
#!/usr/bin/env python

import numpy, sys, os
from pyscf import lib, gto, scf, dft
from pyscf.tools import molden
from pyscf.data import radii

def read_molecule(path):

    charge = spin = 0
    with open(path, 'r') as myfile:
        output = myfile.read()
        output = output.lstrip()
        output = output.rstrip()
        output = output.split('\n')

    try:
        int(output[0])
    except ValueError:
        try:
            charge = int(output[0].split(' ')[0])
            spin = int(output[0].split(' ')[1]) - 1
        except ValueError:
            molecule = output
        else:
            molecule = '\n'.join(output[1:])
    else:
        if int(output[0]) == len(output) - 2:
            molecule = '\n'.join(output[2:])
            try:
                charge = int(output[1].split(' ')[0])
                spin = int(output[1].split(' ')[1])-1
            except ValueError:
                pass
        else:
            print "THIS IS NOT A VALID XYZ FILE"

    return (molecule, charge, spin)

directory = '../../molecules/'
files = [i for i in os.listdir(directory) if i.endswith('.xyz')]

for filename in files:

    name = filename[:-8]
    mol = gto.Mole()
    (mol.atom, charge, spin) = read_molecule(directory+filename)
    mol.basis = 'aug-cc-pvtz'
    mol.charge = charge
    mol.spin = spin
    mol.output = name+'.out'
    mol.symmetry = 0
    mol.max_memory = 10000
    mol.verbose = 4
    mol.build()

    mf = dft.RKS(mol) 
    mf.grids.level = 4
    mf.xc = 'scan'
    mf.max_cycle = 120
    mf.chkfile = name+'.chk'
    mf = scf.addons.remove_linear_dep_(mf)
    mf.kernel()

    dm = mf.make_rdm1()
    nao = mol.nao_nr()
    unit = 2.541746
    origin = ([0.0,0.0,0.0])
    charges = mol.atom_charges()
    coords  = mol.atom_coords()
    mol.set_common_orig(origin)
    r2 = mol.intor_symmetric('int1e_r2')
    r2 = numpy.einsum('ij,ji->', r2, dm)
    lib.logger.info(mf,'Electronic spatial extent <R**2> (au): %.4f', r2)

    lib.logger.info(mf,'* Multipoles in the independent field-basis, Gauge -> (0,0,0)')
    ao_dip = mol.intor_symmetric('int1e_r', comp=3)
    el_dip = numpy.einsum('xij,ji->x', ao_dip, dm)
    lib.logger.info(mf,'Electronic Dipole moment(X, Y, Z, Debye): %.4f, %.4f, %.4f', *el_dip*unit)
    nucl_dip = numpy.einsum('i,ix->x', charges, coords)
    lib.logger.info(mf,'Nuclear Dipole moment(X, Y, Z, Debye): %.4f, %.4f, %.4f', *nucl_dip*unit)
    mol_dip = (nucl_dip - el_dip) * unit
    lib.logger.info(mf,'Total Dipole moment(X, Y, Z, Debye): %.4f, %.4f, %.4f', *mol_dip)

    lib.logger.info(mf,'Quadrupole moments (Debye-Angs)')
    rr = mol.intor_symmetric('int1e_rr', comp=9).reshape(3,3,nao,nao)
    rr = -1.0*numpy.einsum('xyij,ji->xy', rr, dm)
    rr += numpy.einsum('z,zx,zy->xy', charges, coords, coords)
    rr = rr*unit*lib.param.BOHR
    lib.logger.info(mf,'Total Quadrupole moments (XX, YY, ZZ): %.4f, %.4f, %.4f', \
    rr[0,0], rr[1,1], rr[2,2])
    lib.logger.info(mf,'Total Quadrupole moments (XY, XZ, YZ): %.4f, %.4f, %.4f', \
    rr[0,1], rr[0,2], rr[1,2])
 
    lib.logger.info(mf,'Octupole moments (Debye-Angs**2)')
    rrr = mol.intor_symmetric('int1e_rrr', comp=27).reshape(3,3,3,nao,nao)
    rrr = -1.0*numpy.einsum('xyzij,ji->xyz', rrr, dm)
    rrr += numpy.einsum('z,zx,zy,zk->xyk', charges, coords, coords, coords)
    rrr = rrr*unit*lib.param.BOHR**2
    lib.logger.info(mf,'Total Octupole moments (XXX, YYY, ZZZ, XYY): %.4f, %.4f, %.4f, %.4f', \
    rrr[0,0,0], rrr[1,1,1], rrr[2,2,2], rrr[0,1,1])
    lib.logger.info(mf,'Total Octupole moments (XXY, XXZ, XZZ, YZZ): %.4f, %.4f, %.4f, %.4f', \
    rrr[0,0,1], rrr[0,0,2], rrr[0,2,2], rrr[1,2,2])
    lib.logger.info(mf,'Total Octupole moments (YYZ, XYZ): %.4f, %.4f', rrr[1,1,2], rrr[0,1,2])

    lib.logger.info(mf,'Hexadecapole moments (Debye-Angs**3)')
    rrrr = mol.intor_symmetric('int1e_rrrr', comp=81).reshape(3,3,3,3,nao,nao)
    rrrr = -1.0*numpy.einsum('xyzwij,ji->xyzw', rrrr, dm)
    rrrr += numpy.einsum('z,zx,zy,zk,zw->xykw', charges, coords, coords, coords, coords)
    rrrr = rrrr*unit*lib.param.BOHR**3
    lib.logger.info(mf,'Total Hexadecapole moments (XXXX, YYYY, ZZZZ, XXXY): %.4f, %.4f, %.4f, %.4f', \
    rrrr[0,0,0,0], rrrr[1,1,1,1], rrrr[2,2,2,2], rrrr[0,0,0,1])
    lib.logger.info(mf,'Total Hexadecapole moments (XXXZ, YYYX, YYYZ, ZZZX): %.4f, %.4f, %.4f, %.4f', \
    rrrr[0,0,0,2], rrrr[1,1,1,0], rrrr[1,1,1,2], rrrr[2,2,2,0])
    lib.logger.info(mf,'Total Hexadecapole moments (ZZZY, XXYY, XXZZ, YYZZ): %.4f, %.4f, %.4f, %.4f', \
    rrrr[2,2,2,1], rrrr[0,0,1,1], rrrr[0,0,2,2], rrrr[1,1,2,2])
    lib.logger.info(mf,'Total Hexadecapole moments (XXYZ, YYXZ, ZZXY): %.4f, %.4f, %.4f', \
    rrrr[0,0,1,2], rrrr[1,1,0,2], rrrr[2,2,0,1])
     
    coeff = mf.mo_coeff[:,mf.mo_occ>0]
    occ = mf.mo_occ[mf.mo_occ>0]
    energy = mf.mo_energy[mf.mo_occ>0]
    den_file = name+'.mol'
    fspt = open(den_file,'w')
    molden.header(mol, fspt)
    molden.orbital_coeff(mol, fspt, coeff, ene=energy, occ=occ) 
    fspt.close()                    
    cmd = '/home/jluis/bin/molden2aim '+name
    os.system(cmd)
    den_file = name+'.wfn'
    fspt = open(den_file,'a')
    fspt.write('RHF\n')
    fspt.close()                    

    pmd_file = name+'.pmd'
    fspt = open(pmd_file,'w')
    fspt.write('%s.wfn\n' % (name))
    if (mol.symmetry == False):
        fspt.write('nosymmetry\n')
    fspt.write('tes\n')
    fspt.write('  epsiscp 0.220\n')
    fspt.write('  radialquad 7\n')
    fspt.write('  rmapping 2\n')
    fspt.write('  lmax 10\n')
    fspt.write('  nr 551\n')
    fspt.write('  lebedev 5810\n')
    fspt.write('  betasphere\n')
    for ia in range(mol.natm):
        symb = mol.atom_pure_symbol(ia)
        inuc = lib.parameters.NUC[symb]
        betarad = radii.COVALENT[inuc]/3.5
        fspt.write('  betaradw %d %1.3f\n' % ((ia+1),betarad))
    fspt.write('  radialquadbeta 7\n')
    fspt.write('  rmappingbeta 3\n')
    fspt.write('  lmaxbeta 8\n')
    fspt.write('  nrb 451\n')
    fspt.write('  lebedevbeta 3074\n')
    fspt.write('  dafh\n')
    fspt.write('endtes')
    fspt.close()                    

    cmd = 'rm '+name+'.mol'
    os.system(cmd)

#INFO: ******************** input file end ********************


System: ('Linux', 'silicio', '3.16.0-4-amd64', '#1 SMP Debian 3.16.51-3 (2017-12-13)', 'x86_64', '')  Threads 12
Python 2.7.14 (default, Apr  9 2018, 16:34:43) 
[GCC 7.3.0]
numpy 1.14.2  scipy 1.0.1
Date: Sat Jun 30 05:54:34 2018
PySCF version 1.5
PySCF path  /home/jluis/src/pyscf/pyscf
GIT ORIG_HEAD f2dbb26d09ae5148fbf5975669a994500ac7a4c9
GIT HEAD      ref: refs/heads/master
GIT master branch  f2dbb26d09ae5148fbf5975669a994500ac7a4c9

[ENV] PYSCF_TMPDIR /scratch-ssd/jluis
[CONFIG] conf_file None
[INPUT] verbose = 4
[INPUT] num. atoms = 11
[INPUT] num. electrons = 52
[INPUT] charge = 0
[INPUT] spin (= nelec alpha-beta = 2S) = 0
[INPUT] symmetry 0 subgroup None
[INPUT] Mole.unit = angstrom
[INPUT]  1 Ge     0.000000000000   0.000000000000   0.584023000000 AA    0.000000000000   0.000000000000   1.103643520447 Bohr
[INPUT]  2 H      1.250380000000   0.000000000000   1.494205000000 AA    2.362875751634   0.000000000000   2.823638223956 Bohr
[INPUT]  3 H     -1.250380000000   0.000000000000   1.494205000000 AA   -2.362875751634   0.000000000000   2.823638223956 Bohr
[INPUT]  4 C      0.000000000000   1.610519000000  -0.529489000000 AA    0.000000000000   3.043439828408  -1.000589195970 Bohr
[INPUT]  5 H     -0.890280000000   1.632319000000  -1.172395000000 AA   -1.682385374178   3.084635857924  -2.215505459809 Bohr
[INPUT]  6 H      0.000000000000   2.515512000000   0.091467000000 AA    0.000000000000   4.753628743057   0.172847579436 Bohr
[INPUT]  7 H      0.890280000000   1.632319000000  -1.172395000000 AA    1.682385374178   3.084635857924  -2.215505459809 Bohr
[INPUT]  8 C      0.000000000000  -1.610519000000  -0.529489000000 AA    0.000000000000  -3.043439828408  -1.000589195970 Bohr
[INPUT]  9 H      0.000000000000  -2.515512000000   0.091467000000 AA    0.000000000000  -4.753628743057   0.172847579436 Bohr
[INPUT] 10 H     -0.890280000000  -1.632319000000  -1.172395000000 AA   -1.682385374178  -3.084635857924  -2.215505459809 Bohr
[INPUT] 11 H      0.890280000000  -1.632319000000  -1.172395000000 AA    1.682385374178  -3.084635857924  -2.215505459809 Bohr

nuclear repulsion = 203.383305858728
number of shells = 112
number of NR pGTOs = 443
number of NR cGTOs = 335
basis = aug-cc-pvtz
ecp = {}
CPU time:    211742.56


******** <class 'pyscf.dft.rks.RKS'> flags ********
method = RKS-RHF
initial guess = minao
damping factor = 0
level shift factor = 0
DIIS = <class 'pyscf.scf.diis.CDIIS'>
DIIS start cycle = 1
DIIS space = 8
SCF tol = 1e-09
SCF gradient tol = None
max. SCF cycles = 120
direct_scf = True
direct_scf_tol = 1e-13
chkfile to save SCF result = c2h8ge.chk
max_memory 10000 MB (current use 237 MB)
XC functionals = scan
small_rho_cutoff = 1e-07
radial grids: 
    Treutler-Ahlrichs (JCP 102, 346 (M4)) radial grids
    
becke partition: Becke, JCP, 88, 2547 (1988)
pruning grids: <function nwchem_prune at 0x2aeb3297f5f0>
grids dens level: 4
symmetrized grids: 0
atomic radii adjust function: <function treutler_atomic_radii_adjust at 0x2aeb3297f500>
Set gradient conv threshold to 3.16228e-05
tot grids = 215826
init E= -2157.17852172004
  HOMO = -0.340472433475172  LUMO = -0.0169467638944041
cycle= 1 E= -2157.79034475636  delta_E= -0.612  |g|= 0.983  |ddm|= 4.02
  HOMO = -0.179429528563049  LUMO = 0.0322646343665227
cycle= 2 E= -2157.61907307673  delta_E= 0.171  |g|= 1.24  |ddm|=  2.2
  HOMO = -0.271769539748142  LUMO = 0.0225522424199778
cycle= 3 E= -2157.9713136302  delta_E= -0.352  |g|= 0.0775  |ddm|=  1.2
  HOMO = -0.273206675083624  LUMO = 0.0239115988753581
cycle= 4 E= -2157.97256980401  delta_E= -0.00126  |g|= 0.0188  |ddm|= 0.145
  HOMO = -0.2743358986006  LUMO = 0.0237800967172287
cycle= 5 E= -2157.97265586821  delta_E= -8.61e-05  |g|= 0.00534  |ddm|= 0.041
  HOMO = -0.274237030878328  LUMO = 0.0239795092310067
cycle= 6 E= -2157.97265953337  delta_E= -3.67e-06  |g|= 0.00348  |ddm|= 0.0164
  HOMO = -0.274594453960206  LUMO = 0.0239864626587031
cycle= 7 E= -2157.97266119153  delta_E= -1.66e-06  |g|= 0.00101  |ddm|= 0.00732
  HOMO = -0.274538385878815  LUMO = 0.0240171294835648
cycle= 8 E= -2157.97266134045  delta_E= -1.49e-07  |g|= 0.000181  |ddm|= 0.00297
  HOMO = -0.274545812396384  LUMO = 0.0240258670828728
cycle= 9 E= -2157.97266134903  delta_E= -8.58e-09  |g|= 8.25e-05  |ddm|= 0.00214
  HOMO = -0.274547630363693  LUMO = 0.0240270584155151
cycle= 10 E= -2157.97266135056  delta_E= -1.52e-09  |g|= 3.11e-05  |ddm|= 0.000971
  HOMO = -0.27454840816441  LUMO = 0.02402714403252
cycle= 11 E= -2157.97266135091  delta_E= -3.55e-10  |g|= 6.98e-06  |ddm|= 0.000668
  HOMO = -0.274548860242936  LUMO = 0.024026806316143
Extra cycle  E= -2157.97266135092  delta_E= -8.19e-12  |g|= 5.59e-06  |ddm|= 0.000136
converged SCF energy = -2157.97266135092
Electronic spatial extent <R**2> (au): 378.1191
* Multipoles in the independent field-basis, Gauge -> (0,0,0)
Electronic Dipole moment(X, Y, Z, Debye): -0.0000, 0.0000, 52.6995
Nuclear Dipole moment(X, Y, Z, Debye): -0.0000, -0.0000, 51.9545
Total Dipole moment(X, Y, Z, Debye): 0.0000, -0.0000, -0.7450
Quadrupole moments (Debye-Angs)
Total Quadrupole moments (XX, YY, ZZ): -33.5967, -32.5697, -34.1682
Total Quadrupole moments (XY, XZ, YZ): -0.0000, 0.0000, 0.0000
Octupole moments (Debye-Angs**2)
Total Octupole moments (XXX, YYY, ZZZ, XYY): 0.0000, 0.0000, -13.0135, 0.0000
Total Octupole moments (XXY, XXZ, XZZ, YZZ): 0.0000, -7.2124, -0.0000, -0.0000
Total Octupole moments (YYZ, XYZ): -0.6172, -0.0000
Hexadecapole moments (Debye-Angs**3)
Total Hexadecapole moments (XXXX, YYYY, ZZZZ, XXXY): -75.5442, -310.4734, -151.0605, -0.0000
Total Hexadecapole moments (XXXZ, YYYX, YYYZ, ZZZX): 0.0000, -0.0000, 0.0000, 0.0000
Total Hexadecapole moments (ZZZY, XXYY, XXZZ, YYZZ): -0.0000, -64.5861, -36.9660, -76.9676
Total Hexadecapole moments (XXYZ, YYXZ, ZZXY): 0.0000, -0.0000, -0.0000
