#INFO: **** input file is /home/jluis/src/git/db/molecules-wfn/scan/run_sp.py ****
#!/usr/bin/env python

import numpy, sys, os
from pyscf import lib, gto, scf, dft
from pyscf.tools import molden
from pyscf.data import radii

def read_molecule(path):

    charge = spin = 0
    with open(path, 'r') as myfile:
        output = myfile.read()
        output = output.lstrip()
        output = output.rstrip()
        output = output.split('\n')

    try:
        int(output[0])
    except ValueError:
        try:
            charge = int(output[0].split(' ')[0])
            spin = int(output[0].split(' ')[1]) - 1
        except ValueError:
            molecule = output
        else:
            molecule = '\n'.join(output[1:])
    else:
        if int(output[0]) == len(output) - 2:
            molecule = '\n'.join(output[2:])
            try:
                charge = int(output[1].split(' ')[0])
                spin = int(output[1].split(' ')[1])-1
            except ValueError:
                pass
        else:
            print "THIS IS NOT A VALID XYZ FILE"

    return (molecule, charge, spin)

directory = '../../molecules/'
files = [i for i in os.listdir(directory) if i.endswith('.xyz')]

for filename in files:

    name = filename[:-8]
    mol = gto.Mole()
    (mol.atom, charge, spin) = read_molecule(directory+filename)
    mol.basis = 'aug-cc-pvtz'
    mol.charge = charge
    mol.spin = spin
    mol.output = name+'.out'
    mol.symmetry = 0
    mol.max_memory = 10000
    mol.verbose = 4
    mol.build()

    mf = dft.RKS(mol) 
    mf.grids.level = 4
    mf.xc = 'scan'
    mf.max_cycle = 120
    mf.chkfile = name+'.chk'
    mf = scf.addons.remove_linear_dep_(mf)
    mf.kernel()

    dm = mf.make_rdm1()
    nao = mol.nao_nr()
    unit = 2.541746
    origin = ([0.0,0.0,0.0])
    charges = mol.atom_charges()
    coords  = mol.atom_coords()
    mol.set_common_orig(origin)
    r2 = mol.intor_symmetric('int1e_r2')
    r2 = numpy.einsum('ij,ji->', r2, dm)
    lib.logger.info(mf,'Electronic spatial extent <R**2> (au): %.4f', r2)

    lib.logger.info(mf,'* Multipoles in the independent field-basis, Gauge -> (0,0,0)')
    ao_dip = mol.intor_symmetric('int1e_r', comp=3)
    el_dip = numpy.einsum('xij,ji->x', ao_dip, dm)
    lib.logger.info(mf,'Electronic Dipole moment(X, Y, Z, Debye): %.4f, %.4f, %.4f', *el_dip*unit)
    nucl_dip = numpy.einsum('i,ix->x', charges, coords)
    lib.logger.info(mf,'Nuclear Dipole moment(X, Y, Z, Debye): %.4f, %.4f, %.4f', *nucl_dip*unit)
    mol_dip = (nucl_dip - el_dip) * unit
    lib.logger.info(mf,'Total Dipole moment(X, Y, Z, Debye): %.4f, %.4f, %.4f', *mol_dip)

    lib.logger.info(mf,'Quadrupole moments (Debye-Angs)')
    rr = mol.intor_symmetric('int1e_rr', comp=9).reshape(3,3,nao,nao)
    rr = -1.0*numpy.einsum('xyij,ji->xy', rr, dm)
    rr += numpy.einsum('z,zx,zy->xy', charges, coords, coords)
    rr = rr*unit*lib.param.BOHR
    lib.logger.info(mf,'Total Quadrupole moments (XX, YY, ZZ): %.4f, %.4f, %.4f', \
    rr[0,0], rr[1,1], rr[2,2])
    lib.logger.info(mf,'Total Quadrupole moments (XY, XZ, YZ): %.4f, %.4f, %.4f', \
    rr[0,1], rr[0,2], rr[1,2])
 
    lib.logger.info(mf,'Octupole moments (Debye-Angs**2)')
    rrr = mol.intor_symmetric('int1e_rrr', comp=27).reshape(3,3,3,nao,nao)
    rrr = -1.0*numpy.einsum('xyzij,ji->xyz', rrr, dm)
    rrr += numpy.einsum('z,zx,zy,zk->xyk', charges, coords, coords, coords)
    rrr = rrr*unit*lib.param.BOHR**2
    lib.logger.info(mf,'Total Octupole moments (XXX, YYY, ZZZ, XYY): %.4f, %.4f, %.4f, %.4f', \
    rrr[0,0,0], rrr[1,1,1], rrr[2,2,2], rrr[0,1,1])
    lib.logger.info(mf,'Total Octupole moments (XXY, XXZ, XZZ, YZZ): %.4f, %.4f, %.4f, %.4f', \
    rrr[0,0,1], rrr[0,0,2], rrr[0,2,2], rrr[1,2,2])
    lib.logger.info(mf,'Total Octupole moments (YYZ, XYZ): %.4f, %.4f', rrr[1,1,2], rrr[0,1,2])

    lib.logger.info(mf,'Hexadecapole moments (Debye-Angs**3)')
    rrrr = mol.intor_symmetric('int1e_rrrr', comp=81).reshape(3,3,3,3,nao,nao)
    rrrr = -1.0*numpy.einsum('xyzwij,ji->xyzw', rrrr, dm)
    rrrr += numpy.einsum('z,zx,zy,zk,zw->xykw', charges, coords, coords, coords, coords)
    rrrr = rrrr*unit*lib.param.BOHR**3
    lib.logger.info(mf,'Total Hexadecapole moments (XXXX, YYYY, ZZZZ, XXXY): %.4f, %.4f, %.4f, %.4f', \
    rrrr[0,0,0,0], rrrr[1,1,1,1], rrrr[2,2,2,2], rrrr[0,0,0,1])
    lib.logger.info(mf,'Total Hexadecapole moments (XXXZ, YYYX, YYYZ, ZZZX): %.4f, %.4f, %.4f, %.4f', \
    rrrr[0,0,0,2], rrrr[1,1,1,0], rrrr[1,1,1,2], rrrr[2,2,2,0])
    lib.logger.info(mf,'Total Hexadecapole moments (ZZZY, XXYY, XXZZ, YYZZ): %.4f, %.4f, %.4f, %.4f', \
    rrrr[2,2,2,1], rrrr[0,0,1,1], rrrr[0,0,2,2], rrrr[1,1,2,2])
    lib.logger.info(mf,'Total Hexadecapole moments (XXYZ, YYXZ, ZZXY): %.4f, %.4f, %.4f', \
    rrrr[0,0,1,2], rrrr[1,1,0,2], rrrr[2,2,0,1])
     
    coeff = mf.mo_coeff[:,mf.mo_occ>0]
    occ = mf.mo_occ[mf.mo_occ>0]
    energy = mf.mo_energy[mf.mo_occ>0]
    den_file = name+'.mol'
    fspt = open(den_file,'w')
    molden.header(mol, fspt)
    molden.orbital_coeff(mol, fspt, coeff, ene=energy, occ=occ) 
    fspt.close()                    
    cmd = '/home/jluis/bin/molden2aim '+name
    os.system(cmd)
    den_file = name+'.wfn'
    fspt = open(den_file,'a')
    fspt.write('RHF\n')
    fspt.close()                    

    pmd_file = name+'.pmd'
    fspt = open(pmd_file,'w')
    fspt.write('%s.wfn\n' % (name))
    if (mol.symmetry == False):
        fspt.write('nosymmetry\n')
    fspt.write('tes\n')
    fspt.write('  epsiscp 0.220\n')
    fspt.write('  radialquad 7\n')
    fspt.write('  rmapping 2\n')
    fspt.write('  lmax 10\n')
    fspt.write('  nr 551\n')
    fspt.write('  lebedev 5810\n')
    fspt.write('  betasphere\n')
    for ia in range(mol.natm):
        symb = mol.atom_pure_symbol(ia)
        inuc = lib.parameters.NUC[symb]
        betarad = radii.COVALENT[inuc]/3.5
        fspt.write('  betaradw %d %1.3f\n' % ((ia+1),betarad))
    fspt.write('  radialquadbeta 7\n')
    fspt.write('  rmappingbeta 3\n')
    fspt.write('  lmaxbeta 8\n')
    fspt.write('  nrb 451\n')
    fspt.write('  lebedevbeta 3074\n')
    fspt.write('  dafh\n')
    fspt.write('endtes')
    fspt.close()                    

    cmd = 'rm '+name+'.mol'
    os.system(cmd)

#INFO: ******************** input file end ********************


System: ('Linux', 'silicio', '3.16.0-4-amd64', '#1 SMP Debian 3.16.51-3 (2017-12-13)', 'x86_64', '')  Threads 12
Python 2.7.14 (default, Apr  9 2018, 16:34:43) 
[GCC 7.3.0]
numpy 1.14.2  scipy 1.0.1
Date: Sat Jun 30 05:10:35 2018
PySCF version 1.5
PySCF path  /home/jluis/src/pyscf/pyscf
GIT ORIG_HEAD f2dbb26d09ae5148fbf5975669a994500ac7a4c9
GIT HEAD      ref: refs/heads/master
GIT master branch  f2dbb26d09ae5148fbf5975669a994500ac7a4c9

[ENV] PYSCF_TMPDIR /scratch-ssd/jluis
[CONFIG] conf_file None
[INPUT] verbose = 4
[INPUT] num. atoms = 15
[INPUT] num. electrons = 50
[INPUT] charge = 0
[INPUT] spin (= nelec alpha-beta = 2S) = 0
[INPUT] symmetry 0 subgroup None
[INPUT] Mole.unit = angstrom
[INPUT]  1 Si     0.000137000000   0.017987000000   0.000000000000 AA    0.000258892479   0.033990503803   0.000000000000 Bohr
[INPUT]  2 O     -0.587133000000   1.616378000000   0.000000000000 AA   -1.109520568694   3.054511733772   0.000000000000 Bohr
[INPUT]  3 H     -1.542714000000   1.706087000000   0.000000000000 AA   -2.915306948532   3.224037174681   0.000000000000 Bohr
[INPUT]  4 C      1.861988000000   0.213967000000   0.000000000000 AA    3.518647367227   0.404339029695   0.000000000000 Bohr
[INPUT]  5 H      2.194692000000   0.767543000000   0.888686000000 AA    4.147366807774   1.450446058827   1.679373150735 Bohr
[INPUT]  6 H      2.362448000000  -0.764857000000   0.000000000000 AA    4.464379703526  -1.445370254456   0.000000000000 Bohr
[INPUT]  7 H      2.194692000000   0.767543000000  -0.888686000000 AA    4.147366807774   1.450446058827  -1.679373150735 Bohr
[INPUT]  8 C     -0.594298000000  -0.888103000000   1.537934000000 AA   -1.123060456377  -1.678271440405   2.906274057657 Bohr
[INPUT]  9 H     -0.183057000000  -1.907621000000   1.575897000000 AA   -0.345927595185  -3.604881239469   2.978013730524 Bohr
[INPUT] 10 H     -0.280960000000  -0.361565000000   2.450043000000 AA   -0.530937451958  -0.683258826228   4.629910263408 Bohr
[INPUT] 11 H     -1.690640000000  -0.973266000000   1.555138000000 AA   -3.194846575235  -1.839206186351   2.938784905904 Bohr
[INPUT] 12 C     -0.594298000000  -0.888103000000  -1.537934000000 AA   -1.123060456377  -1.678271440405  -2.906274057657 Bohr
[INPUT] 13 H     -0.280960000000  -0.361565000000  -2.450043000000 AA   -0.530937451958  -0.683258826228  -4.629910263408 Bohr
[INPUT] 14 H     -0.183057000000  -1.907621000000  -1.575897000000 AA   -0.345927595185  -3.604881239469  -2.978013730524 Bohr
[INPUT] 15 H     -1.690640000000  -0.973266000000  -1.555138000000 AA   -3.194846575235  -1.839206186351  -2.938784905904 Bohr

nuclear repulsion = 249.059591171892
number of shells = 155
number of NR pGTOs = 557
number of NR cGTOs = 464
basis = aug-cc-pvtz
ecp = {}
CPU time:    187957.69


******** <class 'pyscf.dft.rks.RKS'> flags ********
method = RKS-RHF
initial guess = minao
damping factor = 0
level shift factor = 0
DIIS = <class 'pyscf.scf.diis.CDIIS'>
DIIS start cycle = 1
DIIS space = 8
SCF tol = 1e-09
SCF gradient tol = None
max. SCF cycles = 120
direct_scf = True
direct_scf_tol = 1e-13
chkfile to save SCF result = c3h10osi.chk
max_memory 10000 MB (current use 223 MB)
XC functionals = scan
small_rho_cutoff = 1e-07
radial grids: 
    Treutler-Ahlrichs (JCP 102, 346 (M4)) radial grids
    
becke partition: Becke, JCP, 88, 2547 (1988)
pruning grids: <function nwchem_prune at 0x2aeb3297f5f0>
grids dens level: 4
symmetrized grids: 0
atomic radii adjust function: <function treutler_atomic_radii_adjust at 0x2aeb3297f500>
Set gradient conv threshold to 3.16228e-05
tot grids = 302494
init E= -484.866804764157
  HOMO = -0.388784056739433  LUMO = -0.0350360919375167
cycle= 1 E= -484.614654915994  delta_E= 0.252  |g|= 1.23  |ddm|= 3.54
  HOMO = -0.0748900296273193  LUMO = 0.0267210758531884
cycle= 2 E= -484.275022433921  delta_E= 0.34  |g|= 1.73  |ddm|=  2.7
  HOMO = -0.250979909629598  LUMO = 0.00643562487325216
cycle= 3 E= -484.911549606465  delta_E= -0.637  |g|= 0.341  |ddm|= 1.74
  HOMO = -0.246443155997745  LUMO = 0.0112053015728449
cycle= 4 E= -484.933469403961  delta_E= -0.0219  |g|= 0.0647  |ddm|= 0.308
  HOMO = -0.246939563963907  LUMO = 0.0124903619042078
cycle= 5 E= -484.934130319632  delta_E= -0.000661  |g|= 0.0104  |ddm|= 0.115
  HOMO = -0.248528296586517  LUMO = 0.0123648652906948
cycle= 6 E= -484.934157785775  delta_E= -2.75e-05  |g|= 0.00361  |ddm|= 0.0245
  HOMO = -0.248595246757135  LUMO = 0.0124461094966684
cycle= 7 E= -484.934161054761  delta_E= -3.27e-06  |g|= 0.000559  |ddm|= 0.0111
  HOMO = -0.248643010198031  LUMO = 0.0124742346656491
cycle= 8 E= -484.934161121542  delta_E= -6.68e-08  |g|= 0.000218  |ddm|= 0.00198
  HOMO = -0.248629299816502  LUMO = 0.0124924887989729
cycle= 9 E= -484.934161134571  delta_E= -1.3e-08  |g|= 6.86e-05  |ddm|= 0.000683
  HOMO = -0.2486342724982  LUMO = 0.0124948251165457
cycle= 10 E= -484.934161135722  delta_E= -1.15e-09  |g|= 3.1e-05  |ddm|= 0.000251
  HOMO = -0.248633895673373  LUMO = 0.0124958710333496
cycle= 11 E= -484.934161135986  delta_E= -2.65e-10  |g|= 8.58e-06  |ddm|= 0.00012
  HOMO = -0.248634562058787  LUMO = 0.0124962336372485
Extra cycle  E= -484.934161135998  delta_E= -1.17e-11  |g|= 7.98e-06  |ddm|= 5.08e-05
converged SCF energy = -484.934161135998
Electronic spatial extent <R**2> (au): 616.9867
* Multipoles in the independent field-basis, Gauge -> (0,0,0)
Electronic Dipole moment(X, Y, Z, Debye): 1.9752, 0.1809, 0.0000
Nuclear Dipole moment(X, Y, Z, Debye): 1.1768, -0.9567, -0.0000
Total Dipole moment(X, Y, Z, Debye): -0.7984, -1.1376, -0.0000
Quadrupole moments (Debye-Angs)
Total Quadrupole moments (XX, YY, ZZ): -36.6649, -42.5725, -40.4340
Total Quadrupole moments (XY, XZ, YZ): -1.9305, 0.0000, -0.0000
Octupole moments (Debye-Angs**2)
Total Octupole moments (XXX, YYY, ZZZ, XYY): -14.0311, -0.1597, 0.0000, -2.2380
Total Octupole moments (XXY, XXZ, XZZ, YZZ): 8.2309, -0.0000, 1.6363, 5.2785
Total Octupole moments (YYZ, XYZ): -0.0000, -0.0000
Hexadecapole moments (Debye-Angs**3)
Total Hexadecapole moments (XXXX, YYYY, ZZZZ, XXXY): -289.5001, -255.9498, -308.6175, -27.0634
Total Hexadecapole moments (XXXZ, YYYX, YYYZ, ZZZX): 0.0000, -26.0729, -0.0000, -0.0000
Total Hexadecapole moments (ZZZY, XXYY, XXZZ, YYZZ): -0.0000, -79.0247, -101.2131, -97.1239
Total Hexadecapole moments (XXYZ, YYXZ, ZZXY): 0.0000, 0.0000, -5.2568
