#INFO: **** input file is /home/jluis/src/git/db/molecules-wfn/scan/run_sp.py ****
#!/usr/bin/env python

import numpy, sys, os
from pyscf import lib, gto, scf, dft
from pyscf.tools import molden
from pyscf.data import radii

def read_molecule(path):

    charge = spin = 0
    with open(path, 'r') as myfile:
        output = myfile.read()
        output = output.lstrip()
        output = output.rstrip()
        output = output.split('\n')

    try:
        int(output[0])
    except ValueError:
        try:
            charge = int(output[0].split(' ')[0])
            spin = int(output[0].split(' ')[1]) - 1
        except ValueError:
            molecule = output
        else:
            molecule = '\n'.join(output[1:])
    else:
        if int(output[0]) == len(output) - 2:
            molecule = '\n'.join(output[2:])
            try:
                charge = int(output[1].split(' ')[0])
                spin = int(output[1].split(' ')[1])-1
            except ValueError:
                pass
        else:
            print "THIS IS NOT A VALID XYZ FILE"

    return (molecule, charge, spin)

directory = '../../molecules/'
files = [i for i in os.listdir(directory) if i.endswith('.xyz')]

for filename in files:

    name = filename[:-8]
    mol = gto.Mole()
    (mol.atom, charge, spin) = read_molecule(directory+filename)
    mol.basis = 'aug-cc-pvtz'
    mol.charge = charge
    mol.spin = spin
    mol.output = name+'.out'
    mol.symmetry = 0
    mol.max_memory = 10000
    mol.verbose = 4
    mol.build()

    mf = dft.RKS(mol) 
    mf.grids.level = 4
    mf.xc = 'scan'
    mf.max_cycle = 120
    mf.chkfile = name+'.chk'
    mf = scf.addons.remove_linear_dep_(mf)
    mf.kernel()

    dm = mf.make_rdm1()
    nao = mol.nao_nr()
    unit = 2.541746
    origin = ([0.0,0.0,0.0])
    charges = mol.atom_charges()
    coords  = mol.atom_coords()
    mol.set_common_orig(origin)
    r2 = mol.intor_symmetric('int1e_r2')
    r2 = numpy.einsum('ij,ji->', r2, dm)
    lib.logger.info(mf,'Electronic spatial extent <R**2> (au): %.4f', r2)

    lib.logger.info(mf,'* Multipoles in the independent field-basis, Gauge -> (0,0,0)')
    ao_dip = mol.intor_symmetric('int1e_r', comp=3)
    el_dip = numpy.einsum('xij,ji->x', ao_dip, dm)
    lib.logger.info(mf,'Electronic Dipole moment(X, Y, Z, Debye): %.4f, %.4f, %.4f', *el_dip*unit)
    nucl_dip = numpy.einsum('i,ix->x', charges, coords)
    lib.logger.info(mf,'Nuclear Dipole moment(X, Y, Z, Debye): %.4f, %.4f, %.4f', *nucl_dip*unit)
    mol_dip = (nucl_dip - el_dip) * unit
    lib.logger.info(mf,'Total Dipole moment(X, Y, Z, Debye): %.4f, %.4f, %.4f', *mol_dip)

    lib.logger.info(mf,'Quadrupole moments (Debye-Angs)')
    rr = mol.intor_symmetric('int1e_rr', comp=9).reshape(3,3,nao,nao)
    rr = -1.0*numpy.einsum('xyij,ji->xy', rr, dm)
    rr += numpy.einsum('z,zx,zy->xy', charges, coords, coords)
    rr = rr*unit*lib.param.BOHR
    lib.logger.info(mf,'Total Quadrupole moments (XX, YY, ZZ): %.4f, %.4f, %.4f', \
    rr[0,0], rr[1,1], rr[2,2])
    lib.logger.info(mf,'Total Quadrupole moments (XY, XZ, YZ): %.4f, %.4f, %.4f', \
    rr[0,1], rr[0,2], rr[1,2])
 
    lib.logger.info(mf,'Octupole moments (Debye-Angs**2)')
    rrr = mol.intor_symmetric('int1e_rrr', comp=27).reshape(3,3,3,nao,nao)
    rrr = -1.0*numpy.einsum('xyzij,ji->xyz', rrr, dm)
    rrr += numpy.einsum('z,zx,zy,zk->xyk', charges, coords, coords, coords)
    rrr = rrr*unit*lib.param.BOHR**2
    lib.logger.info(mf,'Total Octupole moments (XXX, YYY, ZZZ, XYY): %.4f, %.4f, %.4f, %.4f', \
    rrr[0,0,0], rrr[1,1,1], rrr[2,2,2], rrr[0,1,1])
    lib.logger.info(mf,'Total Octupole moments (XXY, XXZ, XZZ, YZZ): %.4f, %.4f, %.4f, %.4f', \
    rrr[0,0,1], rrr[0,0,2], rrr[0,2,2], rrr[1,2,2])
    lib.logger.info(mf,'Total Octupole moments (YYZ, XYZ): %.4f, %.4f', rrr[1,1,2], rrr[0,1,2])

    lib.logger.info(mf,'Hexadecapole moments (Debye-Angs**3)')
    rrrr = mol.intor_symmetric('int1e_rrrr', comp=81).reshape(3,3,3,3,nao,nao)
    rrrr = -1.0*numpy.einsum('xyzwij,ji->xyzw', rrrr, dm)
    rrrr += numpy.einsum('z,zx,zy,zk,zw->xykw', charges, coords, coords, coords, coords)
    rrrr = rrrr*unit*lib.param.BOHR**3
    lib.logger.info(mf,'Total Hexadecapole moments (XXXX, YYYY, ZZZZ, XXXY): %.4f, %.4f, %.4f, %.4f', \
    rrrr[0,0,0,0], rrrr[1,1,1,1], rrrr[2,2,2,2], rrrr[0,0,0,1])
    lib.logger.info(mf,'Total Hexadecapole moments (XXXZ, YYYX, YYYZ, ZZZX): %.4f, %.4f, %.4f, %.4f', \
    rrrr[0,0,0,2], rrrr[1,1,1,0], rrrr[1,1,1,2], rrrr[2,2,2,0])
    lib.logger.info(mf,'Total Hexadecapole moments (ZZZY, XXYY, XXZZ, YYZZ): %.4f, %.4f, %.4f, %.4f', \
    rrrr[2,2,2,1], rrrr[0,0,1,1], rrrr[0,0,2,2], rrrr[1,1,2,2])
    lib.logger.info(mf,'Total Hexadecapole moments (XXYZ, YYXZ, ZZXY): %.4f, %.4f, %.4f', \
    rrrr[0,0,1,2], rrrr[1,1,0,2], rrrr[2,2,0,1])
     
    coeff = mf.mo_coeff[:,mf.mo_occ>0]
    occ = mf.mo_occ[mf.mo_occ>0]
    energy = mf.mo_energy[mf.mo_occ>0]
    den_file = name+'.mol'
    fspt = open(den_file,'w')
    molden.header(mol, fspt)
    molden.orbital_coeff(mol, fspt, coeff, ene=energy, occ=occ) 
    fspt.close()                    
    cmd = '/home/jluis/bin/molden2aim '+name
    os.system(cmd)
    den_file = name+'.wfn'
    fspt = open(den_file,'a')
    fspt.write('RHF\n')
    fspt.close()                    

    pmd_file = name+'.pmd'
    fspt = open(pmd_file,'w')
    fspt.write('%s.wfn\n' % (name))
    if (mol.symmetry == False):
        fspt.write('nosymmetry\n')
    fspt.write('tes\n')
    fspt.write('  epsiscp 0.220\n')
    fspt.write('  radialquad 7\n')
    fspt.write('  rmapping 2\n')
    fspt.write('  lmax 10\n')
    fspt.write('  nr 551\n')
    fspt.write('  lebedev 5810\n')
    fspt.write('  betasphere\n')
    for ia in range(mol.natm):
        symb = mol.atom_pure_symbol(ia)
        inuc = lib.parameters.NUC[symb]
        betarad = radii.COVALENT[inuc]/3.5
        fspt.write('  betaradw %d %1.3f\n' % ((ia+1),betarad))
    fspt.write('  radialquadbeta 7\n')
    fspt.write('  rmappingbeta 3\n')
    fspt.write('  lmaxbeta 8\n')
    fspt.write('  nrb 451\n')
    fspt.write('  lebedevbeta 3074\n')
    fspt.write('  dafh\n')
    fspt.write('endtes')
    fspt.close()                    

    cmd = 'rm '+name+'.mol'
    os.system(cmd)

#INFO: ******************** input file end ********************


System: ('Linux', 'silicio', '3.16.0-4-amd64', '#1 SMP Debian 3.16.51-3 (2017-12-13)', 'x86_64', '')  Threads 12
Python 2.7.14 (default, Apr  9 2018, 16:34:43) 
[GCC 7.3.0]
numpy 1.14.2  scipy 1.0.1
Date: Sat Jun 30 05:01:48 2018
PySCF version 1.5
PySCF path  /home/jluis/src/pyscf/pyscf
GIT ORIG_HEAD f2dbb26d09ae5148fbf5975669a994500ac7a4c9
GIT HEAD      ref: refs/heads/master
GIT master branch  f2dbb26d09ae5148fbf5975669a994500ac7a4c9

[ENV] PYSCF_TMPDIR /scratch-ssd/jluis
[CONFIG] conf_file None
[INPUT] verbose = 4
[INPUT] num. atoms = 9
[INPUT] num. electrons = 24
[INPUT] charge = 0
[INPUT] spin (= nelec alpha-beta = 2S) = 0
[INPUT] symmetry 0 subgroup None
[INPUT] Mole.unit = angstrom
[INPUT]  1 C      1.294889000000   0.134684000000   0.000000000000 AA    2.446985571712   0.254515873361   0.000000000000 Bohr
[INPUT]  2 C      0.002811000000   0.469976000000   0.000000000000 AA    0.005312020136   0.888125925119   0.000000000000 Bohr
[INPUT]  3 H      1.611920000000  -0.911070000000   0.000000000000 AA    3.046087334709  -1.721672780307   0.000000000000 Bohr
[INPUT]  4 H      2.080554000000   0.891147000000   0.000000000000 AA    3.931677247368   1.684023766728   0.000000000000 Bohr
[INPUT]  5 H     -0.263359000000   1.532490000000   0.000000000000 AA   -0.497676382439   2.895986388635   0.000000000000 Bohr
[INPUT]  6 C     -1.139064000000  -0.494676000000   0.000000000000 AA   -2.152518998352  -0.934802160395   0.000000000000 Bohr
[INPUT]  7 H     -0.786930000000  -1.534803000000   0.000000000000 AA   -1.487082179204  -2.900357325161   0.000000000000 Bohr
[INPUT]  8 H     -1.779243000000  -0.345123000000   0.882825000000 AA   -3.362281979050  -0.652187949288   1.668297465919 Bohr
[INPUT]  9 H     -1.779243000000  -0.345123000000  -0.882825000000 AA   -3.362281979050  -0.652187949288  -1.668297465919 Bohr

nuclear repulsion = 70.6037993046258
number of shells = 93
number of NR pGTOs = 324
number of NR cGTOs = 276
basis = aug-cc-pvtz
ecp = {}
CPU time:    184733.79


******** <class 'pyscf.dft.rks.RKS'> flags ********
method = RKS-RHF
initial guess = minao
damping factor = 0
level shift factor = 0
DIIS = <class 'pyscf.scf.diis.CDIIS'>
DIIS start cycle = 1
DIIS space = 8
SCF tol = 1e-09
SCF gradient tol = None
max. SCF cycles = 120
direct_scf = True
direct_scf_tol = 1e-13
chkfile to save SCF result = c3h6-a.chk
max_memory 10000 MB (current use 166 MB)
XC functionals = scan
small_rho_cutoff = 1e-07
radial grids: 
    Treutler-Ahlrichs (JCP 102, 346 (M4)) radial grids
    
becke partition: Becke, JCP, 88, 2547 (1988)
pruning grids: <function nwchem_prune at 0x2aeb3297f5f0>
grids dens level: 4
symmetrized grids: 0
atomic radii adjust function: <function treutler_atomic_radii_adjust at 0x2aeb3297f500>
Set gradient conv threshold to 3.16228e-05
tot grids = 181332
init E= -117.796022692011
  HOMO = -0.361330147171995  LUMO = -0.126942140578412
cycle= 1 E= -117.657824465173  delta_E= 0.138  |g|= 0.713  |ddm|= 3.64
  HOMO = -0.107284814923275  LUMO = 0.038377817224135
cycle= 2 E= -117.588034222388  delta_E= 0.0698  |g|= 0.847  |ddm|= 1.56
  HOMO = -0.232716214289996  LUMO = -0.00619253033506095
cycle= 3 E= -117.783775223772  delta_E= -0.196  |g|= 0.0752  |ddm|= 0.853
  HOMO = -0.233120129362603  LUMO = -0.00525061379392853
cycle= 4 E= -117.784332233889  delta_E= -0.000557  |g|= 0.0532  |ddm|= 0.107
  HOMO = -0.232387816296253  LUMO = -0.00517237178653716
cycle= 5 E= -117.785029373855  delta_E= -0.000697  |g|= 0.00939  |ddm|= 0.065
  HOMO = -0.233266491105657  LUMO = -0.00580810580549035
cycle= 6 E= -117.785051781937  delta_E= -2.24e-05  |g|= 0.00278  |ddm|= 0.0281
  HOMO = -0.233182665736903  LUMO = -0.00570305948057448
cycle= 7 E= -117.785053429863  delta_E= -1.65e-06  |g|= 0.00105  |ddm|= 0.00884
  HOMO = -0.23333204245217  LUMO = -0.00581779589448578
cycle= 8 E= -117.785053692125  delta_E= -2.62e-07  |g|= 0.000208  |ddm|= 0.00418
  HOMO = -0.233331807468863  LUMO = -0.00581275092392759
cycle= 9 E= -117.785053704381  delta_E= -1.23e-08  |g|= 5.72e-05  |ddm|= 0.0014
  HOMO = -0.233334239245535  LUMO = -0.00581384224171004
cycle= 10 E= -117.78505370547  delta_E= -1.09e-09  |g|= 1.35e-05  |ddm|= 0.000677
  HOMO = -0.233334467304493  LUMO = -0.00581363307021818
cycle= 11 E= -117.785053705538  delta_E= -6.74e-11  |g|= 3.46e-06  |ddm|= 0.000191
  HOMO = -0.233335036507612  LUMO = -0.00581431485579929
Extra cycle  E= -117.785053705543  delta_E= -4.69e-12  |g|= 1.71e-06  |ddm|= 5.88e-05
converged SCF energy = -117.785053705543
Electronic spatial extent <R**2> (au): 197.3894
* Multipoles in the independent field-basis, Gauge -> (0,0,0)
Electronic Dipole moment(X, Y, Z, Debye): 0.6290, -0.1953, 0.0000
Nuclear Dipole moment(X, Y, Z, Debye): 0.1706, -0.2525, 0.0000
Total Dipole moment(X, Y, Z, Debye): -0.4584, -0.0572, -0.0000
Quadrupole moments (Debye-Angs)
Total Quadrupole moments (XX, YY, ZZ): -19.0409, -19.0102, -21.7715
Total Quadrupole moments (XY, XZ, YZ): -0.1826, -0.0000, 0.0000
Octupole moments (Debye-Angs**2)
Total Octupole moments (XXX, YYY, ZZZ, XYY): 0.7363, 0.4056, -0.0000, 0.8497
Total Octupole moments (XXY, XXZ, XZZ, YZZ): 0.7339, -0.0000, -2.8462, -0.5004
Total Octupole moments (YYZ, XYZ): -0.0000, -0.0000
Hexadecapole moments (Debye-Angs**3)
Total Hexadecapole moments (XXXX, YYYY, ZZZZ, XXXY): -175.0539, -62.0359, -31.9545, -15.5746
Total Hexadecapole moments (XXXZ, YYYX, YYYZ, ZZZX): -0.0000, -18.1732, 0.0000, -0.0000
Total Hexadecapole moments (ZZZY, XXYY, XXZZ, YYZZ): 0.0000, -39.5039, -35.2050, -17.6388
Total Hexadecapole moments (XXYZ, YYXZ, ZZXY): -0.0000, -0.0000, -6.2215
