#INFO: **** input file is /home/jluis/src/git/db/molecules-wfn/scan/run_sp.py ****
#!/usr/bin/env python

import numpy, sys, os
from pyscf import lib, gto, scf, dft
from pyscf.tools import molden
from pyscf.data import radii

def read_molecule(path):

    charge = spin = 0
    with open(path, 'r') as myfile:
        output = myfile.read()
        output = output.lstrip()
        output = output.rstrip()
        output = output.split('\n')

    try:
        int(output[0])
    except ValueError:
        try:
            charge = int(output[0].split(' ')[0])
            spin = int(output[0].split(' ')[1]) - 1
        except ValueError:
            molecule = output
        else:
            molecule = '\n'.join(output[1:])
    else:
        if int(output[0]) == len(output) - 2:
            molecule = '\n'.join(output[2:])
            try:
                charge = int(output[1].split(' ')[0])
                spin = int(output[1].split(' ')[1])-1
            except ValueError:
                pass
        else:
            print "THIS IS NOT A VALID XYZ FILE"

    return (molecule, charge, spin)

directory = '../../molecules/'
files = [i for i in os.listdir(directory) if i.endswith('.xyz')]

for filename in files:

    name = filename[:-8]
    mol = gto.Mole()
    (mol.atom, charge, spin) = read_molecule(directory+filename)
    mol.basis = 'aug-cc-pvtz'
    mol.charge = charge
    mol.spin = spin
    mol.output = name+'.out'
    mol.symmetry = 0
    mol.max_memory = 10000
    mol.verbose = 4
    mol.build()

    mf = dft.RKS(mol) 
    mf.grids.level = 4
    mf.xc = 'scan'
    mf.max_cycle = 120
    mf.chkfile = name+'.chk'
    mf = scf.addons.remove_linear_dep_(mf)
    mf.kernel()

    dm = mf.make_rdm1()
    nao = mol.nao_nr()
    unit = 2.541746
    origin = ([0.0,0.0,0.0])
    charges = mol.atom_charges()
    coords  = mol.atom_coords()
    mol.set_common_orig(origin)
    r2 = mol.intor_symmetric('int1e_r2')
    r2 = numpy.einsum('ij,ji->', r2, dm)
    lib.logger.info(mf,'Electronic spatial extent <R**2> (au): %.4f', r2)

    lib.logger.info(mf,'* Multipoles in the independent field-basis, Gauge -> (0,0,0)')
    ao_dip = mol.intor_symmetric('int1e_r', comp=3)
    el_dip = numpy.einsum('xij,ji->x', ao_dip, dm)
    lib.logger.info(mf,'Electronic Dipole moment(X, Y, Z, Debye): %.4f, %.4f, %.4f', *el_dip*unit)
    nucl_dip = numpy.einsum('i,ix->x', charges, coords)
    lib.logger.info(mf,'Nuclear Dipole moment(X, Y, Z, Debye): %.4f, %.4f, %.4f', *nucl_dip*unit)
    mol_dip = (nucl_dip - el_dip) * unit
    lib.logger.info(mf,'Total Dipole moment(X, Y, Z, Debye): %.4f, %.4f, %.4f', *mol_dip)

    lib.logger.info(mf,'Quadrupole moments (Debye-Angs)')
    rr = mol.intor_symmetric('int1e_rr', comp=9).reshape(3,3,nao,nao)
    rr = -1.0*numpy.einsum('xyij,ji->xy', rr, dm)
    rr += numpy.einsum('z,zx,zy->xy', charges, coords, coords)
    rr = rr*unit*lib.param.BOHR
    lib.logger.info(mf,'Total Quadrupole moments (XX, YY, ZZ): %.4f, %.4f, %.4f', \
    rr[0,0], rr[1,1], rr[2,2])
    lib.logger.info(mf,'Total Quadrupole moments (XY, XZ, YZ): %.4f, %.4f, %.4f', \
    rr[0,1], rr[0,2], rr[1,2])
 
    lib.logger.info(mf,'Octupole moments (Debye-Angs**2)')
    rrr = mol.intor_symmetric('int1e_rrr', comp=27).reshape(3,3,3,nao,nao)
    rrr = -1.0*numpy.einsum('xyzij,ji->xyz', rrr, dm)
    rrr += numpy.einsum('z,zx,zy,zk->xyk', charges, coords, coords, coords)
    rrr = rrr*unit*lib.param.BOHR**2
    lib.logger.info(mf,'Total Octupole moments (XXX, YYY, ZZZ, XYY): %.4f, %.4f, %.4f, %.4f', \
    rrr[0,0,0], rrr[1,1,1], rrr[2,2,2], rrr[0,1,1])
    lib.logger.info(mf,'Total Octupole moments (XXY, XXZ, XZZ, YZZ): %.4f, %.4f, %.4f, %.4f', \
    rrr[0,0,1], rrr[0,0,2], rrr[0,2,2], rrr[1,2,2])
    lib.logger.info(mf,'Total Octupole moments (YYZ, XYZ): %.4f, %.4f', rrr[1,1,2], rrr[0,1,2])

    lib.logger.info(mf,'Hexadecapole moments (Debye-Angs**3)')
    rrrr = mol.intor_symmetric('int1e_rrrr', comp=81).reshape(3,3,3,3,nao,nao)
    rrrr = -1.0*numpy.einsum('xyzwij,ji->xyzw', rrrr, dm)
    rrrr += numpy.einsum('z,zx,zy,zk,zw->xykw', charges, coords, coords, coords, coords)
    rrrr = rrrr*unit*lib.param.BOHR**3
    lib.logger.info(mf,'Total Hexadecapole moments (XXXX, YYYY, ZZZZ, XXXY): %.4f, %.4f, %.4f, %.4f', \
    rrrr[0,0,0,0], rrrr[1,1,1,1], rrrr[2,2,2,2], rrrr[0,0,0,1])
    lib.logger.info(mf,'Total Hexadecapole moments (XXXZ, YYYX, YYYZ, ZZZX): %.4f, %.4f, %.4f, %.4f', \
    rrrr[0,0,0,2], rrrr[1,1,1,0], rrrr[1,1,1,2], rrrr[2,2,2,0])
    lib.logger.info(mf,'Total Hexadecapole moments (ZZZY, XXYY, XXZZ, YYZZ): %.4f, %.4f, %.4f, %.4f', \
    rrrr[2,2,2,1], rrrr[0,0,1,1], rrrr[0,0,2,2], rrrr[1,1,2,2])
    lib.logger.info(mf,'Total Hexadecapole moments (XXYZ, YYXZ, ZZXY): %.4f, %.4f, %.4f', \
    rrrr[0,0,1,2], rrrr[1,1,0,2], rrrr[2,2,0,1])
     
    coeff = mf.mo_coeff[:,mf.mo_occ>0]
    occ = mf.mo_occ[mf.mo_occ>0]
    energy = mf.mo_energy[mf.mo_occ>0]
    den_file = name+'.mol'
    fspt = open(den_file,'w')
    molden.header(mol, fspt)
    molden.orbital_coeff(mol, fspt, coeff, ene=energy, occ=occ) 
    fspt.close()                    
    cmd = '/home/jluis/bin/molden2aim '+name
    os.system(cmd)
    den_file = name+'.wfn'
    fspt = open(den_file,'a')
    fspt.write('RHF\n')
    fspt.close()                    

    pmd_file = name+'.pmd'
    fspt = open(pmd_file,'w')
    fspt.write('%s.wfn\n' % (name))
    if (mol.symmetry == False):
        fspt.write('nosymmetry\n')
    fspt.write('tes\n')
    fspt.write('  epsiscp 0.220\n')
    fspt.write('  radialquad 7\n')
    fspt.write('  rmapping 2\n')
    fspt.write('  lmax 10\n')
    fspt.write('  nr 551\n')
    fspt.write('  lebedev 5810\n')
    fspt.write('  betasphere\n')
    for ia in range(mol.natm):
        symb = mol.atom_pure_symbol(ia)
        inuc = lib.parameters.NUC[symb]
        betarad = radii.COVALENT[inuc]/3.5
        fspt.write('  betaradw %d %1.3f\n' % ((ia+1),betarad))
    fspt.write('  radialquadbeta 7\n')
    fspt.write('  rmappingbeta 3\n')
    fspt.write('  lmaxbeta 8\n')
    fspt.write('  nrb 451\n')
    fspt.write('  lebedevbeta 3074\n')
    fspt.write('  dafh\n')
    fspt.write('endtes')
    fspt.close()                    

    cmd = 'rm '+name+'.mol'
    os.system(cmd)

#INFO: ******************** input file end ********************


System: ('Linux', 'silicio', '3.16.0-4-amd64', '#1 SMP Debian 3.16.51-3 (2017-12-13)', 'x86_64', '')  Threads 12
Python 2.7.14 (default, Apr  9 2018, 16:34:43) 
[GCC 7.3.0]
numpy 1.14.2  scipy 1.0.1
Date: Sat Jun 30 01:41:25 2018
PySCF version 1.5
PySCF path  /home/jluis/src/pyscf/pyscf
GIT ORIG_HEAD f2dbb26d09ae5148fbf5975669a994500ac7a4c9
GIT HEAD      ref: refs/heads/master
GIT master branch  f2dbb26d09ae5148fbf5975669a994500ac7a4c9

[ENV] PYSCF_TMPDIR /scratch-ssd/jluis
[CONFIG] conf_file None
[INPUT] verbose = 4
[INPUT] num. atoms = 12
[INPUT] num. electrons = 42
[INPUT] charge = 0
[INPUT] spin (= nelec alpha-beta = 2S) = 0
[INPUT] symmetry 0 subgroup None
[INPUT] Mole.unit = angstrom
[INPUT]  1 C     -2.983301000000   3.503304000000   0.316042000000 AA   -5.637621837141   6.620285091093   0.597232823860 Bohr
[INPUT]  2 C     -3.288864000000   2.810589000000   1.519576000000 AA   -6.215052220942   5.311243458715   2.871582465462 Bohr
[INPUT]  3 C     -2.631791000000   1.654307000000   1.878375000000 AA   -4.973364207095   3.126187155951   3.549614309230 Bohr
[INPUT]  4 C     -2.013567000000   3.026476000000  -0.523633000000 AA   -3.805090163462   5.719210762569  -0.989522959784 Bohr
[INPUT]  5 B     -1.557112000000   1.111770000000   0.962831000000 AA   -2.942515225274   2.100940813508   1.819486894241 Bohr
[INPUT]  6 N     -1.329609000000   1.888077000000  -0.222741000000 AA   -2.512596862757   3.567948432090  -0.420919486712 Bohr
[INPUT]  7 H     -3.513040000000   4.416154000000   0.048388000000 AA   -6.638683464642   8.345321583902   0.091440067715 Bohr
[INPUT]  8 H     -4.071453000000   3.229376000000   2.159545000000 AA   -7.693931099039   6.102636193243   4.080948603674 Bohr
[INPUT]  9 H     -2.915299000000   1.172372000000   2.816294000000 AA   -5.509116681218   2.215461996109   5.322024346256 Bohr
[INPUT] 10 H     -1.755576000000   3.534207000000  -1.453194000000 AA   -3.317557830859   6.678683297521  -2.746138665861 Bohr
[INPUT] 11 H     -0.630328000000   1.604205000000  -0.895361000000 AA   -1.191147288645   3.031508097658  -1.691987072617 Bohr
[INPUT] 12 H     -0.890329000000   0.123331000000   1.121087000000 AA   -1.682477970758   0.233061812669   2.118547391810 Bohr

nuclear repulsion = 201.245667463152
number of shells = 132
number of NR pGTOs = 498
number of NR cGTOs = 414
basis = aug-cc-pvtz
ecp = {}
CPU time:     74521.74


******** <class 'pyscf.dft.rks.RKS'> flags ********
method = RKS-RHF
initial guess = minao
damping factor = 0
level shift factor = 0
DIIS = <class 'pyscf.scf.diis.CDIIS'>
DIIS start cycle = 1
DIIS space = 8
SCF tol = 1e-09
SCF gradient tol = None
max. SCF cycles = 120
direct_scf = True
direct_scf_tol = 1e-13
chkfile to save SCF result = c4bnh6.chk
max_memory 10000 MB (current use 212 MB)
XC functionals = scan
small_rho_cutoff = 1e-07
radial grids: 
    Treutler-Ahlrichs (JCP 102, 346 (M4)) radial grids
    
becke partition: Becke, JCP, 88, 2547 (1988)
pruning grids: <function nwchem_prune at 0x2aeb3297f5f0>
grids dens level: 4
symmetrized grids: 0
atomic radii adjust function: <function treutler_atomic_radii_adjust at 0x2aeb3297f500>
Set gradient conv threshold to 3.16228e-05
tot grids = 264768
init E= -236.167430910568
  HOMO = -0.324660189905126  LUMO = -0.159843222292931
cycle= 1 E= -235.29835331215  delta_E= 0.869  |g|= 0.809  |ddm|= 6.22
  HOMO = -0.092988876859325  LUMO = 0.0123497840103231
cycle= 2 E= -235.049994287095  delta_E= 0.248  |g|= 1.19  |ddm|= 3.27
  HOMO = -0.194898127431309  LUMO = -0.0371726158882027
cycle= 3 E= -235.452627300904  delta_E= -0.403  |g|= 0.234  |ddm|= 1.74
  HOMO = -0.211609286771622  LUMO = -0.0523434011497521
cycle= 4 E= -235.46446859066  delta_E= -0.0118  |g|= 0.114  |ddm|= 0.351
  HOMO = -0.209450933661355  LUMO = -0.0499427523799651
cycle= 5 E= -235.46784311321  delta_E= -0.00337  |g|= 0.0165  |ddm|= 0.22
  HOMO = -0.209396164308608  LUMO = -0.0503269188720324
cycle= 6 E= -235.46788851271  delta_E= -4.54e-05  |g|= 0.0102  |ddm|= 0.0688
  HOMO = -0.209658660413577  LUMO = -0.0501671955289388
cycle= 7 E= -235.467911698654  delta_E= -2.32e-05  |g|= 0.00212  |ddm|= 0.0197
  HOMO = -0.209761394832288  LUMO = -0.050276516681345
cycle= 8 E= -235.46791221958  delta_E= -5.21e-07  |g|= 0.00157  |ddm|= 0.011
  HOMO = -0.209782395426944  LUMO = -0.0503017436404219
cycle= 9 E= -235.46791283893  delta_E= -6.19e-07  |g|= 0.000391  |ddm|= 0.00455
  HOMO = -0.209777176193069  LUMO = -0.050291570968652
cycle= 10 E= -235.467912878771  delta_E= -3.98e-08  |g|= 0.000152  |ddm|= 0.00134
  HOMO = -0.20977593125604  LUMO = -0.0502890674295839
cycle= 11 E= -235.467912885816  delta_E= -7.04e-09  |g|= 4.41e-05  |ddm|= 0.00134
  HOMO = -0.209780167679507  LUMO = -0.0502931736008662
cycle= 12 E= -235.467912886492  delta_E= -6.76e-10  |g|= 2.48e-05  |ddm|= 0.000676
  HOMO = -0.20977741111951  LUMO = -0.0502899541113897
Extra cycle  E= -235.467912886522  delta_E= -2.93e-11  |g|= 2.91e-05  |ddm|= 0.000402
converged SCF energy = -235.467912886522
Electronic spatial extent <R**2> (au): 2145.4396
* Multipoles in the independent field-basis, Gauge -> (0,0,0)
Electronic Dipole moment(X, Y, Z, Debye): -463.2717, 473.5435, 127.5860
Nuclear Dipole moment(X, Y, Z, Debye): -462.9039, 474.6674, 125.8146
Total Dipole moment(X, Y, Z, Debye): 0.3678, 1.1240, -1.7715
Quadrupole moments (Debye-Angs)
Total Quadrupole moments (XX, YY, ZZ): -36.4982, -31.9636, -34.6194
Total Quadrupole moments (XY, XZ, YZ): -3.0960, -0.3452, -3.6581
Octupole moments (Debye-Angs**2)
Total Octupole moments (XXX, YYY, ZZZ, XYY): 247.8213, -232.9001, -72.9856, 64.5666
Total Octupole moments (XXY, XXZ, XZZ, YZZ): -70.0480, -15.8628, 77.0307, -79.6923
Total Octupole moments (YYZ, XYZ): -35.5425, -1.1174
Hexadecapole moments (Debye-Angs**3)
Total Hexadecapole moments (XXXX, YYYY, ZZZZ, XXXY): -1320.0818, -1324.8838, -332.8187, 570.2602
Total Hexadecapole moments (XXXZ, YYYX, YYYZ, ZZZX): 167.5960, 537.9603, -169.8856, 193.5877
Total Hexadecapole moments (ZZZY, XXYY, XXZZ, YYZZ): -137.1113, -375.0430, -252.4204, -279.8138
Total Hexadecapole moments (XXYZ, YYXZ, ZZXY): -16.6854, 69.5807, 194.5940
