#INFO: **** input file is /home/jluis/src/git/db/molecules-wfn/scan/run_sp.py ****
#!/usr/bin/env python

import numpy, sys, os
from pyscf import lib, gto, scf, dft
from pyscf.tools import molden
from pyscf.data import radii

def read_molecule(path):

    charge = spin = 0
    with open(path, 'r') as myfile:
        output = myfile.read()
        output = output.lstrip()
        output = output.rstrip()
        output = output.split('\n')

    try:
        int(output[0])
    except ValueError:
        try:
            charge = int(output[0].split(' ')[0])
            spin = int(output[0].split(' ')[1]) - 1
        except ValueError:
            molecule = output
        else:
            molecule = '\n'.join(output[1:])
    else:
        if int(output[0]) == len(output) - 2:
            molecule = '\n'.join(output[2:])
            try:
                charge = int(output[1].split(' ')[0])
                spin = int(output[1].split(' ')[1])-1
            except ValueError:
                pass
        else:
            print "THIS IS NOT A VALID XYZ FILE"

    return (molecule, charge, spin)

directory = '../../molecules/'
files = [i for i in os.listdir(directory) if i.endswith('.xyz')]

for filename in files:

    name = filename[:-8]
    mol = gto.Mole()
    (mol.atom, charge, spin) = read_molecule(directory+filename)
    mol.basis = 'aug-cc-pvtz'
    mol.charge = charge
    mol.spin = spin
    mol.output = name+'.out'
    mol.symmetry = 0
    mol.max_memory = 10000
    mol.verbose = 4
    mol.build()

    mf = dft.RKS(mol) 
    mf.grids.level = 4
    mf.xc = 'scan'
    mf.max_cycle = 120
    mf.chkfile = name+'.chk'
    mf = scf.addons.remove_linear_dep_(mf)
    mf.kernel()

    dm = mf.make_rdm1()
    nao = mol.nao_nr()
    unit = 2.541746
    origin = ([0.0,0.0,0.0])
    charges = mol.atom_charges()
    coords  = mol.atom_coords()
    mol.set_common_orig(origin)
    r2 = mol.intor_symmetric('int1e_r2')
    r2 = numpy.einsum('ij,ji->', r2, dm)
    lib.logger.info(mf,'Electronic spatial extent <R**2> (au): %.4f', r2)

    lib.logger.info(mf,'* Multipoles in the independent field-basis, Gauge -> (0,0,0)')
    ao_dip = mol.intor_symmetric('int1e_r', comp=3)
    el_dip = numpy.einsum('xij,ji->x', ao_dip, dm)
    lib.logger.info(mf,'Electronic Dipole moment(X, Y, Z, Debye): %.4f, %.4f, %.4f', *el_dip*unit)
    nucl_dip = numpy.einsum('i,ix->x', charges, coords)
    lib.logger.info(mf,'Nuclear Dipole moment(X, Y, Z, Debye): %.4f, %.4f, %.4f', *nucl_dip*unit)
    mol_dip = (nucl_dip - el_dip) * unit
    lib.logger.info(mf,'Total Dipole moment(X, Y, Z, Debye): %.4f, %.4f, %.4f', *mol_dip)

    lib.logger.info(mf,'Quadrupole moments (Debye-Angs)')
    rr = mol.intor_symmetric('int1e_rr', comp=9).reshape(3,3,nao,nao)
    rr = -1.0*numpy.einsum('xyij,ji->xy', rr, dm)
    rr += numpy.einsum('z,zx,zy->xy', charges, coords, coords)
    rr = rr*unit*lib.param.BOHR
    lib.logger.info(mf,'Total Quadrupole moments (XX, YY, ZZ): %.4f, %.4f, %.4f', \
    rr[0,0], rr[1,1], rr[2,2])
    lib.logger.info(mf,'Total Quadrupole moments (XY, XZ, YZ): %.4f, %.4f, %.4f', \
    rr[0,1], rr[0,2], rr[1,2])
 
    lib.logger.info(mf,'Octupole moments (Debye-Angs**2)')
    rrr = mol.intor_symmetric('int1e_rrr', comp=27).reshape(3,3,3,nao,nao)
    rrr = -1.0*numpy.einsum('xyzij,ji->xyz', rrr, dm)
    rrr += numpy.einsum('z,zx,zy,zk->xyk', charges, coords, coords, coords)
    rrr = rrr*unit*lib.param.BOHR**2
    lib.logger.info(mf,'Total Octupole moments (XXX, YYY, ZZZ, XYY): %.4f, %.4f, %.4f, %.4f', \
    rrr[0,0,0], rrr[1,1,1], rrr[2,2,2], rrr[0,1,1])
    lib.logger.info(mf,'Total Octupole moments (XXY, XXZ, XZZ, YZZ): %.4f, %.4f, %.4f, %.4f', \
    rrr[0,0,1], rrr[0,0,2], rrr[0,2,2], rrr[1,2,2])
    lib.logger.info(mf,'Total Octupole moments (YYZ, XYZ): %.4f, %.4f', rrr[1,1,2], rrr[0,1,2])

    lib.logger.info(mf,'Hexadecapole moments (Debye-Angs**3)')
    rrrr = mol.intor_symmetric('int1e_rrrr', comp=81).reshape(3,3,3,3,nao,nao)
    rrrr = -1.0*numpy.einsum('xyzwij,ji->xyzw', rrrr, dm)
    rrrr += numpy.einsum('z,zx,zy,zk,zw->xykw', charges, coords, coords, coords, coords)
    rrrr = rrrr*unit*lib.param.BOHR**3
    lib.logger.info(mf,'Total Hexadecapole moments (XXXX, YYYY, ZZZZ, XXXY): %.4f, %.4f, %.4f, %.4f', \
    rrrr[0,0,0,0], rrrr[1,1,1,1], rrrr[2,2,2,2], rrrr[0,0,0,1])
    lib.logger.info(mf,'Total Hexadecapole moments (XXXZ, YYYX, YYYZ, ZZZX): %.4f, %.4f, %.4f, %.4f', \
    rrrr[0,0,0,2], rrrr[1,1,1,0], rrrr[1,1,1,2], rrrr[2,2,2,0])
    lib.logger.info(mf,'Total Hexadecapole moments (ZZZY, XXYY, XXZZ, YYZZ): %.4f, %.4f, %.4f, %.4f', \
    rrrr[2,2,2,1], rrrr[0,0,1,1], rrrr[0,0,2,2], rrrr[1,1,2,2])
    lib.logger.info(mf,'Total Hexadecapole moments (XXYZ, YYXZ, ZZXY): %.4f, %.4f, %.4f', \
    rrrr[0,0,1,2], rrrr[1,1,0,2], rrrr[2,2,0,1])
     
    coeff = mf.mo_coeff[:,mf.mo_occ>0]
    occ = mf.mo_occ[mf.mo_occ>0]
    energy = mf.mo_energy[mf.mo_occ>0]
    den_file = name+'.mol'
    fspt = open(den_file,'w')
    molden.header(mol, fspt)
    molden.orbital_coeff(mol, fspt, coeff, ene=energy, occ=occ) 
    fspt.close()                    
    cmd = '/home/jluis/bin/molden2aim '+name
    os.system(cmd)
    den_file = name+'.wfn'
    fspt = open(den_file,'a')
    fspt.write('RHF\n')
    fspt.close()                    

    pmd_file = name+'.pmd'
    fspt = open(pmd_file,'w')
    fspt.write('%s.wfn\n' % (name))
    if (mol.symmetry == False):
        fspt.write('nosymmetry\n')
    fspt.write('tes\n')
    fspt.write('  epsiscp 0.220\n')
    fspt.write('  radialquad 7\n')
    fspt.write('  rmapping 2\n')
    fspt.write('  lmax 10\n')
    fspt.write('  nr 551\n')
    fspt.write('  lebedev 5810\n')
    fspt.write('  betasphere\n')
    for ia in range(mol.natm):
        symb = mol.atom_pure_symbol(ia)
        inuc = lib.parameters.NUC[symb]
        betarad = radii.COVALENT[inuc]/3.5
        fspt.write('  betaradw %d %1.3f\n' % ((ia+1),betarad))
    fspt.write('  radialquadbeta 7\n')
    fspt.write('  rmappingbeta 3\n')
    fspt.write('  lmaxbeta 8\n')
    fspt.write('  nrb 451\n')
    fspt.write('  lebedevbeta 3074\n')
    fspt.write('  dafh\n')
    fspt.write('endtes')
    fspt.close()                    

    cmd = 'rm '+name+'.mol'
    os.system(cmd)

#INFO: ******************** input file end ********************


System: ('Linux', 'silicio', '3.16.0-4-amd64', '#1 SMP Debian 3.16.51-3 (2017-12-13)', 'x86_64', '')  Threads 12
Python 2.7.14 (default, Apr  9 2018, 16:34:43) 
[GCC 7.3.0]
numpy 1.14.2  scipy 1.0.1
Date: Sat Jun 30 02:54:49 2018
PySCF version 1.5
PySCF path  /home/jluis/src/pyscf/pyscf
GIT ORIG_HEAD f2dbb26d09ae5148fbf5975669a994500ac7a4c9
GIT HEAD      ref: refs/heads/master
GIT master branch  f2dbb26d09ae5148fbf5975669a994500ac7a4c9

[ENV] PYSCF_TMPDIR /scratch-ssd/jluis
[CONFIG] conf_file None
[INPUT] verbose = 4
[INPUT] num. atoms = 5
[INPUT] num. electrons = 76
[INPUT] charge = 0
[INPUT] spin (= nelec alpha-beta = 2S) = 0
[INPUT] symmetry 0 subgroup None
[INPUT] Mole.unit = angstrom
[INPUT]  1 C      0.071890000000   0.614733000000  -0.000410000000 AA    0.135852411095   1.161677009732  -0.000774787711 Bohr
[INPUT]  2 Se    -1.506081000000  -0.383780000000  -0.000202000000 AA   -2.846080611411  -0.725239092086  -0.000381724677 Bohr
[INPUT]  3 Se     1.744607000000   0.055576000000  -0.000010000000 AA    3.296829424999   0.105023419099  -0.000018897261 Bohr
[INPUT]  4 H     -0.161093000000   1.687144000000   0.000368000000 AA   -0.304421650585   3.188240092703   0.000695419214 Bohr
[INPUT]  5 H     -0.823423000000  -1.693174000000   0.000255000000 AA   -1.556043954668  -3.199635141234   0.000481880162 Bohr

nuclear repulsion = 342.269206055054
number of shells = 59
number of NR pGTOs = 362
number of NR cGTOs = 210
basis = aug-cc-pvtz
ecp = {}
CPU time:    114202.29


******** <class 'pyscf.dft.rks.RKS'> flags ********
method = RKS-RHF
initial guess = minao
damping factor = 0
level shift factor = 0
DIIS = <class 'pyscf.scf.diis.CDIIS'>
DIIS start cycle = 1
DIIS space = 8
SCF tol = 1e-09
SCF gradient tol = None
max. SCF cycles = 120
direct_scf = True
direct_scf_tol = 1e-13
chkfile to save SCF result = ch2se2.chk
max_memory 10000 MB (current use 214 MB)
XC functionals = scan
small_rho_cutoff = 1e-07
radial grids: 
    Treutler-Ahlrichs (JCP 102, 346 (M4)) radial grids
    
becke partition: Becke, JCP, 88, 2547 (1988)
pruning grids: <function nwchem_prune at 0x2aeb3297f5f0>
grids dens level: 4
symmetrized grids: 0
atomic radii adjust function: <function treutler_atomic_radii_adjust at 0x2aeb3297f500>
Set gradient conv threshold to 3.16228e-05
tot grids = 122280
init E= -4840.99126440447
  HOMO = -0.258098903829843  LUMO = -0.172534753086673
cycle= 1 E= -4842.40757621163  delta_E= -1.42  |g|= 0.513  |ddm|= 2.94
  HOMO = -0.149650908096923  LUMO = -0.048307868023693
cycle= 2 E= -4842.26950728263  delta_E= 0.138  |g|= 0.82  |ddm|= 1.02
  HOMO = -0.183270463483427  LUMO = -0.111714139616922
cycle= 3 E= -4842.4478796837  delta_E= -0.178  |g|= 0.172  |ddm|= 0.54
  HOMO = -0.20321744106426  LUMO = -0.115279288406771
cycle= 4 E= -4842.45482045532  delta_E= -0.00694  |g|= 0.111  |ddm|= 0.273
  HOMO = -0.198412045494736  LUMO = -0.1156111101215
cycle= 5 E= -4842.4588442435  delta_E= -0.00402  |g|= 0.0167  |ddm|= 0.129
  HOMO = -0.199296663397524  LUMO = -0.115964206733995
cycle= 6 E= -4842.4589063142  delta_E= -6.21e-05  |g|= 0.00275  |ddm|= 0.029
  HOMO = -0.198954375831352  LUMO = -0.115660952173944
cycle= 7 E= -4842.45890803725  delta_E= -1.72e-06  |g|= 0.0014  |ddm|= 0.00831
  HOMO = -0.199104993857936  LUMO = -0.115744585015484
cycle= 8 E= -4842.45890844498  delta_E= -4.08e-07  |g|= 0.000294  |ddm|= 0.00257
  HOMO = -0.199100837861491  LUMO = -0.115738581461132
cycle= 9 E= -4842.4589084616  delta_E= -1.66e-08  |g|= 7.36e-05  |ddm|= 0.000667
  HOMO = -0.199102916532664  LUMO = -0.115739096049868
cycle= 10 E= -4842.45890846313  delta_E= -1.54e-09  |g|= 2.14e-05  |ddm|= 0.000209
  HOMO = -0.199102744440321  LUMO = -0.115739214924463
cycle= 11 E= -4842.45890846328  delta_E= -1.46e-10  |g|= 8.44e-06  |ddm|= 6.92e-05
  HOMO = -0.199101406029065  LUMO = -0.11573770980029
Extra cycle  E= -4842.45890846324  delta_E= 4e-11  |g|= 1.43e-05  |ddm|= 3.16e-05
converged SCF energy = -4842.45890846324
Electronic spatial extent <R**2> (au): 789.6769
* Multipoles in the independent field-basis, Gauge -> (0,0,0)
Electronic Dipole moment(X, Y, Z, Debye): 38.2895, -35.8058, -0.0442
Nuclear Dipole moment(X, Y, Z, Debye): 36.2964, -35.9115, -0.0434
Total Dipole moment(X, Y, Z, Debye): -1.9931, -0.1057, 0.0008
Quadrupole moments (Debye-Angs)
Total Quadrupole moments (XX, YY, ZZ): -44.1111, -39.9121, -44.2120
Total Quadrupole moments (XY, XZ, YZ): -0.2849, 0.0003, -0.0010
Octupole moments (Debye-Angs**2)
Total Octupole moments (XXX, YYY, ZZZ, XYY): -15.4762, 7.5093, 0.0184, -12.1732
Total Octupole moments (XXY, XXZ, XZZ, YZZ): -2.1647, 0.0078, -2.9824, 2.6889
Total Octupole moments (YYZ, XYZ): 0.0087, 0.0003
Hexadecapole moments (Debye-Angs**3)
Total Hexadecapole moments (XXXX, YYYY, ZZZZ, XXXY): -614.1529, -95.0521, -57.1652, -47.0369
Total Hexadecapole moments (XXXZ, YYYX, YYYZ, ZZZX): -0.0115, -36.9319, -0.0007, -0.0140
Total Hexadecapole moments (ZZZY, XXYY, XXZZ, YYZZ): -0.0025, -125.0090, -116.3693, -28.2935
Total Hexadecapole moments (XXYZ, YYXZ, ZZXY): -0.0060, -0.0058, -14.4478
