#INFO: **** input file is /home/jluis/src/git/db/molecules-wfn/scan/run_sp.py ****
#!/usr/bin/env python

import numpy, sys, os
from pyscf import lib, gto, scf, dft
from pyscf.tools import molden
from pyscf.data import radii

def read_molecule(path):

    charge = spin = 0
    with open(path, 'r') as myfile:
        output = myfile.read()
        output = output.lstrip()
        output = output.rstrip()
        output = output.split('\n')

    try:
        int(output[0])
    except ValueError:
        try:
            charge = int(output[0].split(' ')[0])
            spin = int(output[0].split(' ')[1]) - 1
        except ValueError:
            molecule = output
        else:
            molecule = '\n'.join(output[1:])
    else:
        if int(output[0]) == len(output) - 2:
            molecule = '\n'.join(output[2:])
            try:
                charge = int(output[1].split(' ')[0])
                spin = int(output[1].split(' ')[1])-1
            except ValueError:
                pass
        else:
            print "THIS IS NOT A VALID XYZ FILE"

    return (molecule, charge, spin)

directory = '../../molecules/'
files = [i for i in os.listdir(directory) if i.endswith('.xyz')]

for filename in files:

    name = filename[:-8]
    mol = gto.Mole()
    (mol.atom, charge, spin) = read_molecule(directory+filename)
    mol.basis = 'aug-cc-pvtz'
    mol.charge = charge
    mol.spin = spin
    mol.output = name+'.out'
    mol.symmetry = 0
    mol.max_memory = 10000
    mol.verbose = 4
    mol.build()

    mf = dft.RKS(mol) 
    mf.grids.level = 4
    mf.xc = 'scan'
    mf.max_cycle = 120
    mf.chkfile = name+'.chk'
    mf = scf.addons.remove_linear_dep_(mf)
    mf.kernel()

    dm = mf.make_rdm1()
    nao = mol.nao_nr()
    unit = 2.541746
    origin = ([0.0,0.0,0.0])
    charges = mol.atom_charges()
    coords  = mol.atom_coords()
    mol.set_common_orig(origin)
    r2 = mol.intor_symmetric('int1e_r2')
    r2 = numpy.einsum('ij,ji->', r2, dm)
    lib.logger.info(mf,'Electronic spatial extent <R**2> (au): %.4f', r2)

    lib.logger.info(mf,'* Multipoles in the independent field-basis, Gauge -> (0,0,0)')
    ao_dip = mol.intor_symmetric('int1e_r', comp=3)
    el_dip = numpy.einsum('xij,ji->x', ao_dip, dm)
    lib.logger.info(mf,'Electronic Dipole moment(X, Y, Z, Debye): %.4f, %.4f, %.4f', *el_dip*unit)
    nucl_dip = numpy.einsum('i,ix->x', charges, coords)
    lib.logger.info(mf,'Nuclear Dipole moment(X, Y, Z, Debye): %.4f, %.4f, %.4f', *nucl_dip*unit)
    mol_dip = (nucl_dip - el_dip) * unit
    lib.logger.info(mf,'Total Dipole moment(X, Y, Z, Debye): %.4f, %.4f, %.4f', *mol_dip)

    lib.logger.info(mf,'Quadrupole moments (Debye-Angs)')
    rr = mol.intor_symmetric('int1e_rr', comp=9).reshape(3,3,nao,nao)
    rr = -1.0*numpy.einsum('xyij,ji->xy', rr, dm)
    rr += numpy.einsum('z,zx,zy->xy', charges, coords, coords)
    rr = rr*unit*lib.param.BOHR
    lib.logger.info(mf,'Total Quadrupole moments (XX, YY, ZZ): %.4f, %.4f, %.4f', \
    rr[0,0], rr[1,1], rr[2,2])
    lib.logger.info(mf,'Total Quadrupole moments (XY, XZ, YZ): %.4f, %.4f, %.4f', \
    rr[0,1], rr[0,2], rr[1,2])
 
    lib.logger.info(mf,'Octupole moments (Debye-Angs**2)')
    rrr = mol.intor_symmetric('int1e_rrr', comp=27).reshape(3,3,3,nao,nao)
    rrr = -1.0*numpy.einsum('xyzij,ji->xyz', rrr, dm)
    rrr += numpy.einsum('z,zx,zy,zk->xyk', charges, coords, coords, coords)
    rrr = rrr*unit*lib.param.BOHR**2
    lib.logger.info(mf,'Total Octupole moments (XXX, YYY, ZZZ, XYY): %.4f, %.4f, %.4f, %.4f', \
    rrr[0,0,0], rrr[1,1,1], rrr[2,2,2], rrr[0,1,1])
    lib.logger.info(mf,'Total Octupole moments (XXY, XXZ, XZZ, YZZ): %.4f, %.4f, %.4f, %.4f', \
    rrr[0,0,1], rrr[0,0,2], rrr[0,2,2], rrr[1,2,2])
    lib.logger.info(mf,'Total Octupole moments (YYZ, XYZ): %.4f, %.4f', rrr[1,1,2], rrr[0,1,2])

    lib.logger.info(mf,'Hexadecapole moments (Debye-Angs**3)')
    rrrr = mol.intor_symmetric('int1e_rrrr', comp=81).reshape(3,3,3,3,nao,nao)
    rrrr = -1.0*numpy.einsum('xyzwij,ji->xyzw', rrrr, dm)
    rrrr += numpy.einsum('z,zx,zy,zk,zw->xykw', charges, coords, coords, coords, coords)
    rrrr = rrrr*unit*lib.param.BOHR**3
    lib.logger.info(mf,'Total Hexadecapole moments (XXXX, YYYY, ZZZZ, XXXY): %.4f, %.4f, %.4f, %.4f', \
    rrrr[0,0,0,0], rrrr[1,1,1,1], rrrr[2,2,2,2], rrrr[0,0,0,1])
    lib.logger.info(mf,'Total Hexadecapole moments (XXXZ, YYYX, YYYZ, ZZZX): %.4f, %.4f, %.4f, %.4f', \
    rrrr[0,0,0,2], rrrr[1,1,1,0], rrrr[1,1,1,2], rrrr[2,2,2,0])
    lib.logger.info(mf,'Total Hexadecapole moments (ZZZY, XXYY, XXZZ, YYZZ): %.4f, %.4f, %.4f, %.4f', \
    rrrr[2,2,2,1], rrrr[0,0,1,1], rrrr[0,0,2,2], rrrr[1,1,2,2])
    lib.logger.info(mf,'Total Hexadecapole moments (XXYZ, YYXZ, ZZXY): %.4f, %.4f, %.4f', \
    rrrr[0,0,1,2], rrrr[1,1,0,2], rrrr[2,2,0,1])
     
    coeff = mf.mo_coeff[:,mf.mo_occ>0]
    occ = mf.mo_occ[mf.mo_occ>0]
    energy = mf.mo_energy[mf.mo_occ>0]
    den_file = name+'.mol'
    fspt = open(den_file,'w')
    molden.header(mol, fspt)
    molden.orbital_coeff(mol, fspt, coeff, ene=energy, occ=occ) 
    fspt.close()                    
    cmd = '/home/jluis/bin/molden2aim '+name
    os.system(cmd)
    den_file = name+'.wfn'
    fspt = open(den_file,'a')
    fspt.write('RHF\n')
    fspt.close()                    

    pmd_file = name+'.pmd'
    fspt = open(pmd_file,'w')
    fspt.write('%s.wfn\n' % (name))
    if (mol.symmetry == False):
        fspt.write('nosymmetry\n')
    fspt.write('tes\n')
    fspt.write('  epsiscp 0.220\n')
    fspt.write('  radialquad 7\n')
    fspt.write('  rmapping 2\n')
    fspt.write('  lmax 10\n')
    fspt.write('  nr 551\n')
    fspt.write('  lebedev 5810\n')
    fspt.write('  betasphere\n')
    for ia in range(mol.natm):
        symb = mol.atom_pure_symbol(ia)
        inuc = lib.parameters.NUC[symb]
        betarad = radii.COVALENT[inuc]/3.5
        fspt.write('  betaradw %d %1.3f\n' % ((ia+1),betarad))
    fspt.write('  radialquadbeta 7\n')
    fspt.write('  rmappingbeta 3\n')
    fspt.write('  lmaxbeta 8\n')
    fspt.write('  nrb 451\n')
    fspt.write('  lebedevbeta 3074\n')
    fspt.write('  dafh\n')
    fspt.write('endtes')
    fspt.close()                    

    cmd = 'rm '+name+'.mol'
    os.system(cmd)

#INFO: ******************** input file end ********************


System: ('Linux', 'silicio', '3.16.0-4-amd64', '#1 SMP Debian 3.16.51-3 (2017-12-13)', 'x86_64', '')  Threads 12
Python 2.7.14 (default, Apr  9 2018, 16:34:43) 
[GCC 7.3.0]
numpy 1.14.2  scipy 1.0.1
Date: Fri Jun 29 23:48:55 2018
PySCF version 1.5
PySCF path  /home/jluis/src/pyscf/pyscf
GIT ORIG_HEAD f2dbb26d09ae5148fbf5975669a994500ac7a4c9
GIT HEAD      ref: refs/heads/master
GIT master branch  f2dbb26d09ae5148fbf5975669a994500ac7a4c9

[ENV] PYSCF_TMPDIR /scratch-ssd/jluis
[CONFIG] conf_file None
[INPUT] verbose = 4
[INPUT] num. atoms = 9
[INPUT] num. electrons = 66
[INPUT] charge = 0
[INPUT] spin (= nelec alpha-beta = 2S) = 0
[INPUT] symmetry 0 subgroup None
[INPUT] Mole.unit = angstrom
[INPUT]  1 C     -1.438455000000   0.178652000000  -0.047970000000 AA   -2.718285992511   0.337603351606  -0.090650162195 Bohr
[INPUT]  2 O     -1.338831000000   1.385508000000  -0.081149000000 AA   -2.530023917078   2.618230663394  -0.153349385282 Bohr
[INPUT]  3 N     -0.360222000000  -0.675597000000  -0.128696000000 AA   -0.680720924043  -1.276693300578  -0.243200193327 Bohr
[INPUT]  4 C     -2.765501000000  -0.542972000000   0.035159000000 AA   -5.226039487211  -1.026068373307   0.066440880814 Bohr
[INPUT]  5 H     -3.432918000000  -0.109530000000  -0.718165000000 AA   -6.487274828090  -0.206981702424  -1.357135162248 Bohr
[INPUT]  6 H     -2.694092000000  -1.625993000000  -0.121706000000 AA   -5.091096034382  -3.072681450460  -0.229991007716 Bohr
[INPUT]  7 H     -3.197748000000  -0.347202000000   1.025036000000 AA   -6.042867935376  -0.656116689901   1.937037307820 Bohr
[INPUT]  8 H     -0.449340000000  -1.631051000000   0.191426000000 AA   -0.849129536812  -3.082239685198   0.361742713121 Bohr
[INPUT]  9 Br     1.360495000000  -0.006842000000   0.043906000000 AA    2.570962943840  -0.012929506144   0.082970315225 Bohr

nuclear repulsion = 317.617846861055
number of shells = 102
number of NR pGTOs = 459
number of NR cGTOs = 335
basis = aug-cc-pvtz
ecp = {}
CPU time:      6551.51


******** <class 'pyscf.dft.rks.RKS'> flags ********
method = RKS-RHF
initial guess = minao
damping factor = 0
level shift factor = 0
DIIS = <class 'pyscf.scf.diis.CDIIS'>
DIIS start cycle = 1
DIIS space = 8
SCF tol = 1e-09
SCF gradient tol = None
max. SCF cycles = 120
direct_scf = True
direct_scf_tol = 1e-13
chkfile to save SCF result = ch3conhbr.chk
max_memory 10000 MB (current use 161 MB)
XC functionals = scan
small_rho_cutoff = 1e-07
radial grids: 
    Treutler-Ahlrichs (JCP 102, 346 (M4)) radial grids
    
becke partition: Becke, JCP, 88, 2547 (1988)
pruning grids: <function nwchem_prune at 0x2aeb3297f5f0>
grids dens level: 4
symmetrized grids: 0
atomic radii adjust function: <function treutler_atomic_radii_adjust at 0x2aeb3297f500>
Set gradient conv threshold to 3.16228e-05
tot grids = 208518
init E= -2782.15240123107
  HOMO = -0.278027597973806  LUMO = -0.112449545994836
cycle= 1 E= -2782.47297702893  delta_E= -0.321  |g|= 0.94  |ddm|= 3.25
  HOMO = -0.11683190726991  LUMO = -0.0150509828075555
cycle= 2 E= -2779.65617049781  delta_E= 2.82  |g|= 2.92  |ddm|=  3.1
  HOMO = -0.200123277843586  LUMO = -0.0349260044624629
cycle= 3 E= -2782.59337016212  delta_E= -2.94  |g|= 0.494  |ddm|= 2.76
  HOMO = -0.235499634806768  LUMO = -0.0784738753695761
cycle= 4 E= -2782.64859008555  delta_E= -0.0552  |g|= 0.145  |ddm|= 0.379
  HOMO = -0.227903696548506  LUMO = -0.0852125233692949
cycle= 5 E= -2782.64882887884  delta_E= -0.000239  |g|= 0.14  |ddm|= 0.22
  HOMO = -0.235827201323281  LUMO = -0.0827885749354228
cycle= 6 E= -2782.65366313531  delta_E= -0.00483  |g|= 0.0271  |ddm|= 0.0995
  HOMO = -0.233120236214523  LUMO = -0.0797281625366298
cycle= 7 E= -2782.65377786344  delta_E= -0.000115  |g|= 0.00814  |ddm|= 0.0248
  HOMO = -0.233608720939133  LUMO = -0.0806512898023865
cycle= 8 E= -2782.6537905509  delta_E= -1.27e-05  |g|= 0.00318  |ddm|= 0.00831
  HOMO = -0.233659664421374  LUMO = -0.0806910060216054
cycle= 9 E= -2782.65379234116  delta_E= -1.79e-06  |g|= 0.000884  |ddm|= 0.00229
  HOMO = -0.233623275512609  LUMO = -0.0806468537604477
cycle= 10 E= -2782.65379244818  delta_E= -1.07e-07  |g|= 0.000307  |ddm|= 0.00136
  HOMO = -0.233627516373381  LUMO = -0.0806597515868527
cycle= 11 E= -2782.65379245838  delta_E= -1.02e-08  |g|= 4.84e-05  |ddm|= 0.000329
  HOMO = -0.233627176383754  LUMO = -0.0806572094184562
cycle= 12 E= -2782.6537924589  delta_E= -5.21e-10  |g|= 2.08e-05  |ddm|= 8.77e-05
  HOMO = -0.233626209518871  LUMO = -0.0806565403111326
Extra cycle  E= -2782.65379245882  delta_E= 7.46e-11  |g|= 2.87e-05  |ddm|= 4.96e-05
converged SCF energy = -2782.65379245882
Electronic spatial extent <R**2> (au): 788.8197
* Multipoles in the independent field-basis, Gauge -> (0,0,0)
Electronic Dipole moment(X, Y, Z, Debye): -1.8640, 4.6413, 0.7822
Nuclear Dipole moment(X, Y, Z, Debye): -2.9430, 1.0361, 1.3755
Total Dipole moment(X, Y, Z, Debye): -1.0789, -3.6051, 0.5933
Quadrupole moments (Debye-Angs)
Total Quadrupole moments (XX, YY, ZZ): -35.9577, -43.2908, -42.0866
Total Quadrupole moments (XY, XZ, YZ): 5.4725, -0.2747, -0.5800
Octupole moments (Debye-Angs**2)
Total Octupole moments (XXX, YYY, ZZZ, XYY): 29.4374, -11.7098, 0.9791, 16.9819
Total Octupole moments (XXY, XXZ, XZZ, YZZ): -2.9052, 0.6960, 10.0409, 1.3137
Total Octupole moments (YYZ, XYZ): 1.4982, 0.3267
Hexadecapole moments (Debye-Angs**3)
Total Hexadecapole moments (XXXX, YYYY, ZZZZ, XXXY): -660.0812, -150.6048, -52.2294, 9.2628
Total Hexadecapole moments (XXXZ, YYYX, YYYZ, ZZZX): -0.8862, 9.3362, 0.4844, -5.9560
Total Hexadecapole moments (ZZZY, XXYY, XXZZ, YYZZ): 0.9650, -156.3357, -124.3868, -35.8523
Total Hexadecapole moments (XXYZ, YYXZ, ZZXY): 0.4912, -1.6841, -2.7129
