#INFO: **** input file is /home/jluis/src/git/db/molecules-wfn/scan/run_sp.py ****
#!/usr/bin/env python

import numpy, sys, os
from pyscf import lib, gto, scf, dft
from pyscf.tools import molden
from pyscf.data import radii

def read_molecule(path):

    charge = spin = 0
    with open(path, 'r') as myfile:
        output = myfile.read()
        output = output.lstrip()
        output = output.rstrip()
        output = output.split('\n')

    try:
        int(output[0])
    except ValueError:
        try:
            charge = int(output[0].split(' ')[0])
            spin = int(output[0].split(' ')[1]) - 1
        except ValueError:
            molecule = output
        else:
            molecule = '\n'.join(output[1:])
    else:
        if int(output[0]) == len(output) - 2:
            molecule = '\n'.join(output[2:])
            try:
                charge = int(output[1].split(' ')[0])
                spin = int(output[1].split(' ')[1])-1
            except ValueError:
                pass
        else:
            print "THIS IS NOT A VALID XYZ FILE"

    return (molecule, charge, spin)

directory = '../../molecules/'
files = [i for i in os.listdir(directory) if i.endswith('.xyz')]

for filename in files:

    name = filename[:-8]
    mol = gto.Mole()
    (mol.atom, charge, spin) = read_molecule(directory+filename)
    mol.basis = 'aug-cc-pvtz'
    mol.charge = charge
    mol.spin = spin
    mol.output = name+'.out'
    mol.symmetry = 0
    mol.max_memory = 10000
    mol.verbose = 4
    mol.build()

    mf = dft.RKS(mol) 
    mf.grids.level = 4
    mf.xc = 'scan'
    mf.max_cycle = 120
    mf.chkfile = name+'.chk'
    mf = scf.addons.remove_linear_dep_(mf)
    mf.kernel()

    dm = mf.make_rdm1()
    nao = mol.nao_nr()
    unit = 2.541746
    origin = ([0.0,0.0,0.0])
    charges = mol.atom_charges()
    coords  = mol.atom_coords()
    mol.set_common_orig(origin)
    r2 = mol.intor_symmetric('int1e_r2')
    r2 = numpy.einsum('ij,ji->', r2, dm)
    lib.logger.info(mf,'Electronic spatial extent <R**2> (au): %.4f', r2)

    lib.logger.info(mf,'* Multipoles in the independent field-basis, Gauge -> (0,0,0)')
    ao_dip = mol.intor_symmetric('int1e_r', comp=3)
    el_dip = numpy.einsum('xij,ji->x', ao_dip, dm)
    lib.logger.info(mf,'Electronic Dipole moment(X, Y, Z, Debye): %.4f, %.4f, %.4f', *el_dip*unit)
    nucl_dip = numpy.einsum('i,ix->x', charges, coords)
    lib.logger.info(mf,'Nuclear Dipole moment(X, Y, Z, Debye): %.4f, %.4f, %.4f', *nucl_dip*unit)
    mol_dip = (nucl_dip - el_dip) * unit
    lib.logger.info(mf,'Total Dipole moment(X, Y, Z, Debye): %.4f, %.4f, %.4f', *mol_dip)

    lib.logger.info(mf,'Quadrupole moments (Debye-Angs)')
    rr = mol.intor_symmetric('int1e_rr', comp=9).reshape(3,3,nao,nao)
    rr = -1.0*numpy.einsum('xyij,ji->xy', rr, dm)
    rr += numpy.einsum('z,zx,zy->xy', charges, coords, coords)
    rr = rr*unit*lib.param.BOHR
    lib.logger.info(mf,'Total Quadrupole moments (XX, YY, ZZ): %.4f, %.4f, %.4f', \
    rr[0,0], rr[1,1], rr[2,2])
    lib.logger.info(mf,'Total Quadrupole moments (XY, XZ, YZ): %.4f, %.4f, %.4f', \
    rr[0,1], rr[0,2], rr[1,2])
 
    lib.logger.info(mf,'Octupole moments (Debye-Angs**2)')
    rrr = mol.intor_symmetric('int1e_rrr', comp=27).reshape(3,3,3,nao,nao)
    rrr = -1.0*numpy.einsum('xyzij,ji->xyz', rrr, dm)
    rrr += numpy.einsum('z,zx,zy,zk->xyk', charges, coords, coords, coords)
    rrr = rrr*unit*lib.param.BOHR**2
    lib.logger.info(mf,'Total Octupole moments (XXX, YYY, ZZZ, XYY): %.4f, %.4f, %.4f, %.4f', \
    rrr[0,0,0], rrr[1,1,1], rrr[2,2,2], rrr[0,1,1])
    lib.logger.info(mf,'Total Octupole moments (XXY, XXZ, XZZ, YZZ): %.4f, %.4f, %.4f, %.4f', \
    rrr[0,0,1], rrr[0,0,2], rrr[0,2,2], rrr[1,2,2])
    lib.logger.info(mf,'Total Octupole moments (YYZ, XYZ): %.4f, %.4f', rrr[1,1,2], rrr[0,1,2])

    lib.logger.info(mf,'Hexadecapole moments (Debye-Angs**3)')
    rrrr = mol.intor_symmetric('int1e_rrrr', comp=81).reshape(3,3,3,3,nao,nao)
    rrrr = -1.0*numpy.einsum('xyzwij,ji->xyzw', rrrr, dm)
    rrrr += numpy.einsum('z,zx,zy,zk,zw->xykw', charges, coords, coords, coords, coords)
    rrrr = rrrr*unit*lib.param.BOHR**3
    lib.logger.info(mf,'Total Hexadecapole moments (XXXX, YYYY, ZZZZ, XXXY): %.4f, %.4f, %.4f, %.4f', \
    rrrr[0,0,0,0], rrrr[1,1,1,1], rrrr[2,2,2,2], rrrr[0,0,0,1])
    lib.logger.info(mf,'Total Hexadecapole moments (XXXZ, YYYX, YYYZ, ZZZX): %.4f, %.4f, %.4f, %.4f', \
    rrrr[0,0,0,2], rrrr[1,1,1,0], rrrr[1,1,1,2], rrrr[2,2,2,0])
    lib.logger.info(mf,'Total Hexadecapole moments (ZZZY, XXYY, XXZZ, YYZZ): %.4f, %.4f, %.4f, %.4f', \
    rrrr[2,2,2,1], rrrr[0,0,1,1], rrrr[0,0,2,2], rrrr[1,1,2,2])
    lib.logger.info(mf,'Total Hexadecapole moments (XXYZ, YYXZ, ZZXY): %.4f, %.4f, %.4f', \
    rrrr[0,0,1,2], rrrr[1,1,0,2], rrrr[2,2,0,1])
     
    coeff = mf.mo_coeff[:,mf.mo_occ>0]
    occ = mf.mo_occ[mf.mo_occ>0]
    energy = mf.mo_energy[mf.mo_occ>0]
    den_file = name+'.mol'
    fspt = open(den_file,'w')
    molden.header(mol, fspt)
    molden.orbital_coeff(mol, fspt, coeff, ene=energy, occ=occ) 
    fspt.close()                    
    cmd = '/home/jluis/bin/molden2aim '+name
    os.system(cmd)
    den_file = name+'.wfn'
    fspt = open(den_file,'a')
    fspt.write('RHF\n')
    fspt.close()                    

    pmd_file = name+'.pmd'
    fspt = open(pmd_file,'w')
    fspt.write('%s.wfn\n' % (name))
    if (mol.symmetry == False):
        fspt.write('nosymmetry\n')
    fspt.write('tes\n')
    fspt.write('  epsiscp 0.220\n')
    fspt.write('  radialquad 7\n')
    fspt.write('  rmapping 2\n')
    fspt.write('  lmax 10\n')
    fspt.write('  nr 551\n')
    fspt.write('  lebedev 5810\n')
    fspt.write('  betasphere\n')
    for ia in range(mol.natm):
        symb = mol.atom_pure_symbol(ia)
        inuc = lib.parameters.NUC[symb]
        betarad = radii.COVALENT[inuc]/3.5
        fspt.write('  betaradw %d %1.3f\n' % ((ia+1),betarad))
    fspt.write('  radialquadbeta 7\n')
    fspt.write('  rmappingbeta 3\n')
    fspt.write('  lmaxbeta 8\n')
    fspt.write('  nrb 451\n')
    fspt.write('  lebedevbeta 3074\n')
    fspt.write('  dafh\n')
    fspt.write('endtes')
    fspt.close()                    

    cmd = 'rm '+name+'.mol'
    os.system(cmd)

#INFO: ******************** input file end ********************


System: ('Linux', 'silicio', '3.16.0-4-amd64', '#1 SMP Debian 3.16.51-3 (2017-12-13)', 'x86_64', '')  Threads 12
Python 2.7.14 (default, Apr  9 2018, 16:34:43) 
[GCC 7.3.0]
numpy 1.14.2  scipy 1.0.1
Date: Fri Jun 29 23:48:21 2018
PySCF version 1.5
PySCF path  /home/jluis/src/pyscf/pyscf
GIT ORIG_HEAD f2dbb26d09ae5148fbf5975669a994500ac7a4c9
GIT HEAD      ref: refs/heads/master
GIT master branch  f2dbb26d09ae5148fbf5975669a994500ac7a4c9

[ENV] PYSCF_TMPDIR /scratch-ssd/jluis
[CONFIG] conf_file None
[INPUT] verbose = 4
[INPUT] num. atoms = 7
[INPUT] num. electrons = 52
[INPUT] charge = 0
[INPUT] spin (= nelec alpha-beta = 2S) = 0
[INPUT] symmetry 0 subgroup None
[INPUT] Mole.unit = angstrom
[INPUT]  1 N     -0.996973000000   0.682129000000  -0.159376000000 AA   -1.884005923586   1.289036991623  -0.301176990829 Bohr
[INPUT]  2 H     -1.028929000000   1.315568000000   0.639649000000 AA   -1.944394011623   2.486063218242   1.208761425852 Bohr
[INPUT]  3 Br     0.754538000000  -0.065450000000   0.001506000000 AA    1.425870170577  -0.123682574853   0.002845927544 Bohr
[INPUT]  4 C     -2.005881000000  -0.354597000000   0.025529000000 AA   -3.790565728469  -0.670091214592   0.048242818234 Bohr
[INPUT]  5 H     -2.982433000000   0.151932000000  -0.013043000000 AA   -5.635981554865   0.287109869557  -0.024647697843 Bohr
[INPUT]  6 H     -1.952903000000  -1.061122000000  -0.811070000000 AA   -3.690451817841  -2.005229964751  -1.532700167851 Bohr
[INPUT]  7 H     -1.926846000000  -0.912103000000   0.972844000000 AA   -3.641211224214  -1.723624867394   1.838408721926 Bohr

nuclear repulsion = 169.014610298026
number of shells = 76
number of NR pGTOs = 343
number of NR cGTOs = 243
basis = aug-cc-pvtz
ecp = {}
CPU time:      6351.07


******** <class 'pyscf.dft.rks.RKS'> flags ********
method = RKS-RHF
initial guess = minao
damping factor = 0
level shift factor = 0
DIIS = <class 'pyscf.scf.diis.CDIIS'>
DIIS start cycle = 1
DIIS space = 8
SCF tol = 1e-09
SCF gradient tol = None
max. SCF cycles = 120
direct_scf = True
direct_scf_tol = 1e-13
chkfile to save SCF result = ch3nhbr.chk
max_memory 10000 MB (current use 147 MB)
XC functionals = scan
small_rho_cutoff = 1e-07
radial grids: 
    Treutler-Ahlrichs (JCP 102, 346 (M4)) radial grids
    
becke partition: Becke, JCP, 88, 2547 (1988)
pruning grids: <function nwchem_prune at 0x2aeb3297f5f0>
grids dens level: 4
symmetrized grids: 0
atomic radii adjust function: <function treutler_atomic_radii_adjust at 0x2aeb3297f500>
Set gradient conv threshold to 3.16228e-05
tot grids = 151998
init E= -2668.38429947229
  HOMO = -0.272301517042899  LUMO = -0.111631235474829
cycle= 1 E= -2669.31660221157  delta_E= -0.932  |g|= 0.494  |ddm|= 2.38
  HOMO = -0.182227279506588  LUMO = -0.0526949167606717
cycle= 2 E= -2669.28413885368  delta_E= 0.0325  |g|= 0.573  |ddm|= 0.823
  HOMO = -0.218264893877567  LUMO = -0.0713180917625207
cycle= 3 E= -2669.36100057579  delta_E= -0.0769  |g|= 0.134  |ddm|= 0.439
  HOMO = -0.214716152951291  LUMO = -0.0684781293851826
cycle= 4 E= -2669.36510962097  delta_E= -0.00411  |g|= 0.0517  |ddm|= 0.114
  HOMO = -0.219905941225014  LUMO = -0.0719596765161952
cycle= 5 E= -2669.36562082017  delta_E= -0.000511  |g|= 0.00758  |ddm|= 0.0437
  HOMO = -0.219543936466995  LUMO = -0.0712345760417915
cycle= 6 E= -2669.36563571277  delta_E= -1.49e-05  |g|= 0.00299  |ddm|= 0.0139
  HOMO = -0.219769544725416  LUMO = -0.0714984802529345
cycle= 7 E= -2669.36563741018  delta_E= -1.7e-06  |g|= 0.00084  |ddm|= 0.00443
  HOMO = -0.219754927213127  LUMO = -0.0714796029060028
cycle= 8 E= -2669.36563751237  delta_E= -1.02e-07  |g|= 0.000172  |ddm|= 0.00149
  HOMO = -0.219771758711965  LUMO = -0.0714933302186728
cycle= 9 E= -2669.36563751942  delta_E= -7.05e-09  |g|= 4.6e-05  |ddm|= 0.000473
  HOMO = -0.219772208677286  LUMO = -0.0714920568639845
cycle= 10 E= -2669.36563752001  delta_E= -5.87e-10  |g|= 1.48e-05  |ddm|= 0.000225
  HOMO = -0.219772733260413  LUMO = -0.0714929107122499
Extra cycle  E= -2669.36563752005  delta_E= -4.59e-11  |g|= 1.3e-05  |ddm|= 9.6e-05
converged SCF energy = -2669.36563752005
Electronic spatial extent <R**2> (au): 348.1209
* Multipoles in the independent field-basis, Gauge -> (0,0,0)
Electronic Dipole moment(X, Y, Z, Debye): -0.6698, -0.6623, -1.6684
Nuclear Dipole moment(X, Y, Z, Debye): -2.3842, -0.7164, -0.5830
Total Dipole moment(X, Y, Z, Debye): -1.7144, -0.0541, 1.0854
Quadrupole moments (Debye-Angs)
Total Quadrupole moments (XX, YY, ZZ): -27.5603, -31.0666, -32.1995
Total Quadrupole moments (XY, XZ, YZ): -0.3580, -1.2045, 2.1021
Octupole moments (Debye-Angs**2)
Total Octupole moments (XXX, YYY, ZZZ, XYY): 17.2884, 1.1791, 1.1712, 6.1984
Total Octupole moments (XXY, XXZ, XZZ, YZZ): -1.4763, 1.1227, 6.6322, -0.5299
Total Octupole moments (YYZ, XYZ): 2.5266, -2.3659
Hexadecapole moments (Debye-Angs**3)
Total Hexadecapole moments (XXXX, YYYY, ZZZZ, XXXY): -299.8537, -68.9183, -46.4150, -8.0254
Total Hexadecapole moments (XXXZ, YYYX, YYYZ, ZZZX): 0.3337, -3.6666, 5.1970, -1.2707
Total Hexadecapole moments (ZZZY, XXYY, XXZZ, YYZZ): 2.4801, -64.7840, -63.5255, -18.5443
Total Hexadecapole moments (XXYZ, YYXZ, ZZXY): 2.9067, -2.4513, 0.3588
