#INFO: **** input file is /home/jluis/src/git/db/molecules-wfn/scan/run_sp.py ****
#!/usr/bin/env python

import numpy, sys, os
from pyscf import lib, gto, scf, dft
from pyscf.tools import molden
from pyscf.data import radii

def read_molecule(path):

    charge = spin = 0
    with open(path, 'r') as myfile:
        output = myfile.read()
        output = output.lstrip()
        output = output.rstrip()
        output = output.split('\n')

    try:
        int(output[0])
    except ValueError:
        try:
            charge = int(output[0].split(' ')[0])
            spin = int(output[0].split(' ')[1]) - 1
        except ValueError:
            molecule = output
        else:
            molecule = '\n'.join(output[1:])
    else:
        if int(output[0]) == len(output) - 2:
            molecule = '\n'.join(output[2:])
            try:
                charge = int(output[1].split(' ')[0])
                spin = int(output[1].split(' ')[1])-1
            except ValueError:
                pass
        else:
            print "THIS IS NOT A VALID XYZ FILE"

    return (molecule, charge, spin)

directory = '../../molecules/'
files = [i for i in os.listdir(directory) if i.endswith('.xyz')]

for filename in files:

    name = filename[:-8]
    mol = gto.Mole()
    (mol.atom, charge, spin) = read_molecule(directory+filename)
    mol.basis = 'aug-cc-pvtz'
    mol.charge = charge
    mol.spin = spin
    mol.output = name+'.out'
    mol.symmetry = 0
    mol.max_memory = 10000
    mol.verbose = 4
    mol.build()

    mf = dft.RKS(mol) 
    mf.grids.level = 4
    mf.xc = 'scan'
    mf.max_cycle = 120
    mf.chkfile = name+'.chk'
    mf = scf.addons.remove_linear_dep_(mf)
    mf.kernel()

    dm = mf.make_rdm1()
    nao = mol.nao_nr()
    unit = 2.541746
    origin = ([0.0,0.0,0.0])
    charges = mol.atom_charges()
    coords  = mol.atom_coords()
    mol.set_common_orig(origin)
    r2 = mol.intor_symmetric('int1e_r2')
    r2 = numpy.einsum('ij,ji->', r2, dm)
    lib.logger.info(mf,'Electronic spatial extent <R**2> (au): %.4f', r2)

    lib.logger.info(mf,'* Multipoles in the independent field-basis, Gauge -> (0,0,0)')
    ao_dip = mol.intor_symmetric('int1e_r', comp=3)
    el_dip = numpy.einsum('xij,ji->x', ao_dip, dm)
    lib.logger.info(mf,'Electronic Dipole moment(X, Y, Z, Debye): %.4f, %.4f, %.4f', *el_dip*unit)
    nucl_dip = numpy.einsum('i,ix->x', charges, coords)
    lib.logger.info(mf,'Nuclear Dipole moment(X, Y, Z, Debye): %.4f, %.4f, %.4f', *nucl_dip*unit)
    mol_dip = (nucl_dip - el_dip) * unit
    lib.logger.info(mf,'Total Dipole moment(X, Y, Z, Debye): %.4f, %.4f, %.4f', *mol_dip)

    lib.logger.info(mf,'Quadrupole moments (Debye-Angs)')
    rr = mol.intor_symmetric('int1e_rr', comp=9).reshape(3,3,nao,nao)
    rr = -1.0*numpy.einsum('xyij,ji->xy', rr, dm)
    rr += numpy.einsum('z,zx,zy->xy', charges, coords, coords)
    rr = rr*unit*lib.param.BOHR
    lib.logger.info(mf,'Total Quadrupole moments (XX, YY, ZZ): %.4f, %.4f, %.4f', \
    rr[0,0], rr[1,1], rr[2,2])
    lib.logger.info(mf,'Total Quadrupole moments (XY, XZ, YZ): %.4f, %.4f, %.4f', \
    rr[0,1], rr[0,2], rr[1,2])
 
    lib.logger.info(mf,'Octupole moments (Debye-Angs**2)')
    rrr = mol.intor_symmetric('int1e_rrr', comp=27).reshape(3,3,3,nao,nao)
    rrr = -1.0*numpy.einsum('xyzij,ji->xyz', rrr, dm)
    rrr += numpy.einsum('z,zx,zy,zk->xyk', charges, coords, coords, coords)
    rrr = rrr*unit*lib.param.BOHR**2
    lib.logger.info(mf,'Total Octupole moments (XXX, YYY, ZZZ, XYY): %.4f, %.4f, %.4f, %.4f', \
    rrr[0,0,0], rrr[1,1,1], rrr[2,2,2], rrr[0,1,1])
    lib.logger.info(mf,'Total Octupole moments (XXY, XXZ, XZZ, YZZ): %.4f, %.4f, %.4f, %.4f', \
    rrr[0,0,1], rrr[0,0,2], rrr[0,2,2], rrr[1,2,2])
    lib.logger.info(mf,'Total Octupole moments (YYZ, XYZ): %.4f, %.4f', rrr[1,1,2], rrr[0,1,2])

    lib.logger.info(mf,'Hexadecapole moments (Debye-Angs**3)')
    rrrr = mol.intor_symmetric('int1e_rrrr', comp=81).reshape(3,3,3,3,nao,nao)
    rrrr = -1.0*numpy.einsum('xyzwij,ji->xyzw', rrrr, dm)
    rrrr += numpy.einsum('z,zx,zy,zk,zw->xykw', charges, coords, coords, coords, coords)
    rrrr = rrrr*unit*lib.param.BOHR**3
    lib.logger.info(mf,'Total Hexadecapole moments (XXXX, YYYY, ZZZZ, XXXY): %.4f, %.4f, %.4f, %.4f', \
    rrrr[0,0,0,0], rrrr[1,1,1,1], rrrr[2,2,2,2], rrrr[0,0,0,1])
    lib.logger.info(mf,'Total Hexadecapole moments (XXXZ, YYYX, YYYZ, ZZZX): %.4f, %.4f, %.4f, %.4f', \
    rrrr[0,0,0,2], rrrr[1,1,1,0], rrrr[1,1,1,2], rrrr[2,2,2,0])
    lib.logger.info(mf,'Total Hexadecapole moments (ZZZY, XXYY, XXZZ, YYZZ): %.4f, %.4f, %.4f, %.4f', \
    rrrr[2,2,2,1], rrrr[0,0,1,1], rrrr[0,0,2,2], rrrr[1,1,2,2])
    lib.logger.info(mf,'Total Hexadecapole moments (XXYZ, YYXZ, ZZXY): %.4f, %.4f, %.4f', \
    rrrr[0,0,1,2], rrrr[1,1,0,2], rrrr[2,2,0,1])
     
    coeff = mf.mo_coeff[:,mf.mo_occ>0]
    occ = mf.mo_occ[mf.mo_occ>0]
    energy = mf.mo_energy[mf.mo_occ>0]
    den_file = name+'.mol'
    fspt = open(den_file,'w')
    molden.header(mol, fspt)
    molden.orbital_coeff(mol, fspt, coeff, ene=energy, occ=occ) 
    fspt.close()                    
    cmd = '/home/jluis/bin/molden2aim '+name
    os.system(cmd)
    den_file = name+'.wfn'
    fspt = open(den_file,'a')
    fspt.write('RHF\n')
    fspt.close()                    

    pmd_file = name+'.pmd'
    fspt = open(pmd_file,'w')
    fspt.write('%s.wfn\n' % (name))
    if (mol.symmetry == False):
        fspt.write('nosymmetry\n')
    fspt.write('tes\n')
    fspt.write('  epsiscp 0.220\n')
    fspt.write('  radialquad 7\n')
    fspt.write('  rmapping 2\n')
    fspt.write('  lmax 10\n')
    fspt.write('  nr 551\n')
    fspt.write('  lebedev 5810\n')
    fspt.write('  betasphere\n')
    for ia in range(mol.natm):
        symb = mol.atom_pure_symbol(ia)
        inuc = lib.parameters.NUC[symb]
        betarad = radii.COVALENT[inuc]/3.5
        fspt.write('  betaradw %d %1.3f\n' % ((ia+1),betarad))
    fspt.write('  radialquadbeta 7\n')
    fspt.write('  rmappingbeta 3\n')
    fspt.write('  lmaxbeta 8\n')
    fspt.write('  nrb 451\n')
    fspt.write('  lebedevbeta 3074\n')
    fspt.write('  dafh\n')
    fspt.write('endtes')
    fspt.close()                    

    cmd = 'rm '+name+'.mol'
    os.system(cmd)

#INFO: ******************** input file end ********************


System: ('Linux', 'silicio', '3.16.0-4-amd64', '#1 SMP Debian 3.16.51-3 (2017-12-13)', 'x86_64', '')  Threads 12
Python 2.7.14 (default, Apr  9 2018, 16:34:43) 
[GCC 7.3.0]
numpy 1.14.2  scipy 1.0.1
Date: Sat Jun 30 03:13:08 2018
PySCF version 1.5
PySCF path  /home/jluis/src/pyscf/pyscf
GIT ORIG_HEAD f2dbb26d09ae5148fbf5975669a994500ac7a4c9
GIT HEAD      ref: refs/heads/master
GIT master branch  f2dbb26d09ae5148fbf5975669a994500ac7a4c9

[ENV] PYSCF_TMPDIR /scratch-ssd/jluis
[CONFIG] conf_file None
[INPUT] verbose = 4
[INPUT] num. atoms = 6
[INPUT] num. electrons = 44
[INPUT] charge = 0
[INPUT] spin (= nelec alpha-beta = 2S) = 0
[INPUT] symmetry 0 subgroup None
[INPUT] Mole.unit = angstrom
[INPUT]  1 C     -0.083876000000   0.842502000000   0.000000000000 AA   -0.158502668424   1.592098039398   0.000000000000 Bohr
[INPUT]  2 Se    -0.264829000000  -1.105946000000   0.000000000000 AA   -0.500454279842  -2.089935048558   0.000000000000 Bohr
[INPUT]  3 H     -1.104470000000   1.241995000000   0.000000000000 AA   -2.087145812798   2.347030398079   0.000000000000 Bohr
[INPUT]  4 H      0.435792000000   1.182572000000   0.901435000000 AA    0.823527527276   2.234737202579   1.703465269097 Bohr
[INPUT]  5 H      0.435792000000   1.182572000000  -0.901435000000 AA    0.823527527276   2.234737202579  -1.703465269097 Bohr
[INPUT]  6 H      1.184692000000  -1.376293000000   0.000000000000 AA    2.238743421963  -2.600816837156   0.000000000000 Bohr

nuclear repulsion = 100.008868769587
number of shells = 63
number of NR pGTOs = 285
number of NR cGTOs = 197
basis = aug-cc-pvtz
ecp = {}
CPU time:    124072.29


******** <class 'pyscf.dft.rks.RKS'> flags ********
method = RKS-RHF
initial guess = minao
damping factor = 0
level shift factor = 0
DIIS = <class 'pyscf.scf.diis.CDIIS'>
DIIS start cycle = 1
DIIS space = 8
SCF tol = 1e-09
SCF gradient tol = None
max. SCF cycles = 120
direct_scf = True
direct_scf_tol = 1e-13
chkfile to save SCF result = ch3seoh.chk
max_memory 10000 MB (current use 214 MB)
XC functionals = scan
small_rho_cutoff = 1e-07
radial grids: 
    Treutler-Ahlrichs (JCP 102, 346 (M4)) radial grids
    
becke partition: Becke, JCP, 88, 2547 (1988)
pruning grids: <function nwchem_prune at 0x2aeb3297f5f0>
grids dens level: 4
symmetrized grids: 0
atomic radii adjust function: <function treutler_atomic_radii_adjust at 0x2aeb3297f500>
Set gradient conv threshold to 3.16228e-05
tot grids = 123738
init E= -2441.12724789825
  HOMO = -0.265703124380899  LUMO = -0.0744881779839144
cycle= 1 E= -2442.0119202898  delta_E= -0.885  |g|= 0.529  |ddm|= 2.56
  HOMO = -0.183776543206545  LUMO = 0.00803658048775174
cycle= 2 E= -2441.94524579802  delta_E= 0.0667  |g|= 0.677  |ddm|= 0.929
  HOMO = -0.194252442971388  LUMO = -0.00380567347571735
cycle= 3 E= -2442.06972106829  delta_E= -0.124  |g|= 0.0669  |ddm|= 0.46
  HOMO = -0.2054711716355  LUMO = -0.00954309383053206
cycle= 4 E= -2442.0709860187  delta_E= -0.00126  |g|= 0.0212  |ddm|= 0.111
  HOMO = -0.204720652497561  LUMO = -0.00881897272711628
cycle= 5 E= -2442.07109434621  delta_E= -0.000108  |g|= 0.00706  |ddm|= 0.0317
  HOMO = -0.205502692338929  LUMO = -0.00923422703572429
cycle= 6 E= -2442.07109856182  delta_E= -4.22e-06  |g|= 0.0031  |ddm|= 0.0116
  HOMO = -0.205306075986771  LUMO = -0.00912453268400177
cycle= 7 E= -2442.07110019392  delta_E= -1.63e-06  |g|= 0.000563  |ddm|= 0.00313
  HOMO = -0.205331150652888  LUMO = -0.00912710827493029
cycle= 8 E= -2442.07110023728  delta_E= -4.34e-08  |g|= 0.000141  |ddm|= 0.00129
  HOMO = -0.205348931185735  LUMO = -0.00913202650472613
cycle= 9 E= -2442.07110024084  delta_E= -3.56e-09  |g|= 3.2e-05  |ddm|= 0.000512
  HOMO = -0.205348658593214  LUMO = -0.0091304000703043
cycle= 10 E= -2442.07110024133  delta_E= -4.97e-10  |g|= 9.6e-06  |ddm|= 0.000232
  HOMO = -0.205350669039023  LUMO = -0.00913132475609681
Extra cycle  E= -2442.07110024137  delta_E= -3.37e-11  |g|= 5.55e-06  |ddm|= 8.49e-05
converged SCF energy = -2442.07110024137
Electronic spatial extent <R**2> (au): 269.6883
* Multipoles in the independent field-basis, Gauge -> (0,0,0)
Electronic Dipole moment(X, Y, Z, Debye): -41.7028, -146.9350, 0.0000
Nuclear Dipole moment(X, Y, Z, Debye): -41.0945, -145.6154, 0.0000
Total Dipole moment(X, Y, Z, Debye): 0.6083, 1.3196, -0.0000
Quadrupole moments (Debye-Angs)
Total Quadrupole moments (XX, YY, ZZ): -24.6670, -25.9403, -28.1017
Total Quadrupole moments (XY, XZ, YZ): -1.5028, -0.0000, 0.0000
Octupole moments (Debye-Angs**2)
Total Octupole moments (XXX, YYY, ZZZ, XYY): 12.5967, 40.5253, -0.0000, 6.2145
Total Octupole moments (XXY, XXZ, XZZ, YZZ): 13.9289, -0.0000, 5.6642, 18.0316
Total Octupole moments (YYZ, XYZ): -0.0000, 0.0000
Hexadecapole moments (Debye-Angs**3)
Total Hexadecapole moments (XXXX, YYYY, ZZZZ, XXXY): -48.0601, -209.4422, -45.4145, -12.8171
Total Hexadecapole moments (XXXZ, YYYX, YYYZ, ZZZX): -0.0000, -13.3327, -0.0000, -0.0000
Total Hexadecapole moments (ZZZY, XXYY, XXZZ, YYZZ): -0.0000, -42.4598, -16.4695, -46.5534
Total Hexadecapole moments (XXYZ, YYXZ, ZZXY): 0.0000, -0.0000, -3.3004
