#INFO: **** input file is /home/jluis/src/git/db/molecules-wfn/scan/run_sp.py ****
#!/usr/bin/env python

import numpy, sys, os
from pyscf import lib, gto, scf, dft
from pyscf.tools import molden
from pyscf.data import radii

def read_molecule(path):

    charge = spin = 0
    with open(path, 'r') as myfile:
        output = myfile.read()
        output = output.lstrip()
        output = output.rstrip()
        output = output.split('\n')

    try:
        int(output[0])
    except ValueError:
        try:
            charge = int(output[0].split(' ')[0])
            spin = int(output[0].split(' ')[1]) - 1
        except ValueError:
            molecule = output
        else:
            molecule = '\n'.join(output[1:])
    else:
        if int(output[0]) == len(output) - 2:
            molecule = '\n'.join(output[2:])
            try:
                charge = int(output[1].split(' ')[0])
                spin = int(output[1].split(' ')[1])-1
            except ValueError:
                pass
        else:
            print "THIS IS NOT A VALID XYZ FILE"

    return (molecule, charge, spin)

directory = '../../molecules/'
files = [i for i in os.listdir(directory) if i.endswith('.xyz')]

for filename in files:

    name = filename[:-8]
    mol = gto.Mole()
    (mol.atom, charge, spin) = read_molecule(directory+filename)
    mol.basis = 'aug-cc-pvtz'
    mol.charge = charge
    mol.spin = spin
    mol.output = name+'.out'
    mol.symmetry = 0
    mol.max_memory = 10000
    mol.verbose = 4
    mol.build()

    mf = dft.RKS(mol) 
    mf.grids.level = 4
    mf.xc = 'scan'
    mf.max_cycle = 120
    mf.chkfile = name+'.chk'
    mf = scf.addons.remove_linear_dep_(mf)
    mf.kernel()

    dm = mf.make_rdm1()
    nao = mol.nao_nr()
    unit = 2.541746
    origin = ([0.0,0.0,0.0])
    charges = mol.atom_charges()
    coords  = mol.atom_coords()
    mol.set_common_orig(origin)
    r2 = mol.intor_symmetric('int1e_r2')
    r2 = numpy.einsum('ij,ji->', r2, dm)
    lib.logger.info(mf,'Electronic spatial extent <R**2> (au): %.4f', r2)

    lib.logger.info(mf,'* Multipoles in the independent field-basis, Gauge -> (0,0,0)')
    ao_dip = mol.intor_symmetric('int1e_r', comp=3)
    el_dip = numpy.einsum('xij,ji->x', ao_dip, dm)
    lib.logger.info(mf,'Electronic Dipole moment(X, Y, Z, Debye): %.4f, %.4f, %.4f', *el_dip*unit)
    nucl_dip = numpy.einsum('i,ix->x', charges, coords)
    lib.logger.info(mf,'Nuclear Dipole moment(X, Y, Z, Debye): %.4f, %.4f, %.4f', *nucl_dip*unit)
    mol_dip = (nucl_dip - el_dip) * unit
    lib.logger.info(mf,'Total Dipole moment(X, Y, Z, Debye): %.4f, %.4f, %.4f', *mol_dip)

    lib.logger.info(mf,'Quadrupole moments (Debye-Angs)')
    rr = mol.intor_symmetric('int1e_rr', comp=9).reshape(3,3,nao,nao)
    rr = -1.0*numpy.einsum('xyij,ji->xy', rr, dm)
    rr += numpy.einsum('z,zx,zy->xy', charges, coords, coords)
    rr = rr*unit*lib.param.BOHR
    lib.logger.info(mf,'Total Quadrupole moments (XX, YY, ZZ): %.4f, %.4f, %.4f', \
    rr[0,0], rr[1,1], rr[2,2])
    lib.logger.info(mf,'Total Quadrupole moments (XY, XZ, YZ): %.4f, %.4f, %.4f', \
    rr[0,1], rr[0,2], rr[1,2])
 
    lib.logger.info(mf,'Octupole moments (Debye-Angs**2)')
    rrr = mol.intor_symmetric('int1e_rrr', comp=27).reshape(3,3,3,nao,nao)
    rrr = -1.0*numpy.einsum('xyzij,ji->xyz', rrr, dm)
    rrr += numpy.einsum('z,zx,zy,zk->xyk', charges, coords, coords, coords)
    rrr = rrr*unit*lib.param.BOHR**2
    lib.logger.info(mf,'Total Octupole moments (XXX, YYY, ZZZ, XYY): %.4f, %.4f, %.4f, %.4f', \
    rrr[0,0,0], rrr[1,1,1], rrr[2,2,2], rrr[0,1,1])
    lib.logger.info(mf,'Total Octupole moments (XXY, XXZ, XZZ, YZZ): %.4f, %.4f, %.4f, %.4f', \
    rrr[0,0,1], rrr[0,0,2], rrr[0,2,2], rrr[1,2,2])
    lib.logger.info(mf,'Total Octupole moments (YYZ, XYZ): %.4f, %.4f', rrr[1,1,2], rrr[0,1,2])

    lib.logger.info(mf,'Hexadecapole moments (Debye-Angs**3)')
    rrrr = mol.intor_symmetric('int1e_rrrr', comp=81).reshape(3,3,3,3,nao,nao)
    rrrr = -1.0*numpy.einsum('xyzwij,ji->xyzw', rrrr, dm)
    rrrr += numpy.einsum('z,zx,zy,zk,zw->xykw', charges, coords, coords, coords, coords)
    rrrr = rrrr*unit*lib.param.BOHR**3
    lib.logger.info(mf,'Total Hexadecapole moments (XXXX, YYYY, ZZZZ, XXXY): %.4f, %.4f, %.4f, %.4f', \
    rrrr[0,0,0,0], rrrr[1,1,1,1], rrrr[2,2,2,2], rrrr[0,0,0,1])
    lib.logger.info(mf,'Total Hexadecapole moments (XXXZ, YYYX, YYYZ, ZZZX): %.4f, %.4f, %.4f, %.4f', \
    rrrr[0,0,0,2], rrrr[1,1,1,0], rrrr[1,1,1,2], rrrr[2,2,2,0])
    lib.logger.info(mf,'Total Hexadecapole moments (ZZZY, XXYY, XXZZ, YYZZ): %.4f, %.4f, %.4f, %.4f', \
    rrrr[2,2,2,1], rrrr[0,0,1,1], rrrr[0,0,2,2], rrrr[1,1,2,2])
    lib.logger.info(mf,'Total Hexadecapole moments (XXYZ, YYXZ, ZZXY): %.4f, %.4f, %.4f', \
    rrrr[0,0,1,2], rrrr[1,1,0,2], rrrr[2,2,0,1])
     
    coeff = mf.mo_coeff[:,mf.mo_occ>0]
    occ = mf.mo_occ[mf.mo_occ>0]
    energy = mf.mo_energy[mf.mo_occ>0]
    den_file = name+'.mol'
    fspt = open(den_file,'w')
    molden.header(mol, fspt)
    molden.orbital_coeff(mol, fspt, coeff, ene=energy, occ=occ) 
    fspt.close()                    
    cmd = '/home/jluis/bin/molden2aim '+name
    os.system(cmd)
    den_file = name+'.wfn'
    fspt = open(den_file,'a')
    fspt.write('RHF\n')
    fspt.close()                    

    pmd_file = name+'.pmd'
    fspt = open(pmd_file,'w')
    fspt.write('%s.wfn\n' % (name))
    if (mol.symmetry == False):
        fspt.write('nosymmetry\n')
    fspt.write('tes\n')
    fspt.write('  epsiscp 0.220\n')
    fspt.write('  radialquad 7\n')
    fspt.write('  rmapping 2\n')
    fspt.write('  lmax 10\n')
    fspt.write('  nr 551\n')
    fspt.write('  lebedev 5810\n')
    fspt.write('  betasphere\n')
    for ia in range(mol.natm):
        symb = mol.atom_pure_symbol(ia)
        inuc = lib.parameters.NUC[symb]
        betarad = radii.COVALENT[inuc]/3.5
        fspt.write('  betaradw %d %1.3f\n' % ((ia+1),betarad))
    fspt.write('  radialquadbeta 7\n')
    fspt.write('  rmappingbeta 3\n')
    fspt.write('  lmaxbeta 8\n')
    fspt.write('  nrb 451\n')
    fspt.write('  lebedevbeta 3074\n')
    fspt.write('  dafh\n')
    fspt.write('endtes')
    fspt.close()                    

    cmd = 'rm '+name+'.mol'
    os.system(cmd)

#INFO: ******************** input file end ********************


System: ('Linux', 'silicio', '3.16.0-4-amd64', '#1 SMP Debian 3.16.51-3 (2017-12-13)', 'x86_64', '')  Threads 12
Python 2.7.14 (default, Apr  9 2018, 16:34:43) 
[GCC 7.3.0]
numpy 1.14.2  scipy 1.0.1
Date: Sat Jun 30 03:13:28 2018
PySCF version 1.5
PySCF path  /home/jluis/src/pyscf/pyscf
GIT ORIG_HEAD f2dbb26d09ae5148fbf5975669a994500ac7a4c9
GIT HEAD      ref: refs/heads/master
GIT master branch  f2dbb26d09ae5148fbf5975669a994500ac7a4c9

[ENV] PYSCF_TMPDIR /scratch-ssd/jluis
[CONFIG] conf_file None
[INPUT] verbose = 4
[INPUT] num. atoms = 7
[INPUT] num. electrons = 50
[INPUT] charge = 0
[INPUT] spin (= nelec alpha-beta = 2S) = 0
[INPUT] symmetry 0 subgroup None
[INPUT] Mole.unit = angstrom
[INPUT]  1 S     -1.263496000000   1.153334000000  -0.191086000000 AA   -2.387661399483   2.179485390149  -0.361100206239 Bohr
[INPUT]  2 O     -0.025189000000   1.081571000000  -0.956901000000 AA   -0.047600311352   2.043872974272  -1.808280818322 Bohr
[INPUT]  3 O     -1.685022000000   2.296490000000   0.609164000000 AA   -3.184230093867   4.339737147802   1.151153124945 Bohr
[INPUT]  4 O     -1.324280000000  -0.126784000000   0.814940000000 AA   -2.502526512239  -0.239587036977   1.540013407953 Bohr
[INPUT]  5 O     -2.449722000000   0.797921000000  -1.248831000000 AA   -4.629303661322   1.507852159039  -2.359948565867 Bohr
[INPUT]  6 H     -0.782937000000  -0.826425000000   0.417436000000 AA   -1.479536502789  -1.561716912494   0.788839714534 Bohr
[INPUT]  7 H     -3.280214000000   1.118023000000  -0.863592000000 AA   -6.198706089964   2.112757270965  -1.631952363365 Bohr

nuclear repulsion = 283.008998312168
number of shells = 83
number of NR pGTOs = 357
number of NR cGTOs = 280
basis = aug-cc-pvtz
ecp = {}
CPU time:    124178.31


******** <class 'pyscf.dft.rks.RKS'> flags ********
method = RKS-RHF
initial guess = minao
damping factor = 0
level shift factor = 0
DIIS = <class 'pyscf.scf.diis.CDIIS'>
DIIS start cycle = 1
DIIS space = 8
SCF tol = 1e-09
SCF gradient tol = None
max. SCF cycles = 120
direct_scf = True
direct_scf_tol = 1e-13
chkfile to save SCF result = h2so4.chk
max_memory 10000 MB (current use 214 MB)
XC functionals = scan
small_rho_cutoff = 1e-07
radial grids: 
    Treutler-Ahlrichs (JCP 102, 346 (M4)) radial grids
    
becke partition: Becke, JCP, 88, 2547 (1988)
pruning grids: <function nwchem_prune at 0x2aeb3297f5f0>
grids dens level: 4
symmetrized grids: 0
atomic radii adjust function: <function treutler_atomic_radii_adjust at 0x2aeb3297f500>
Set gradient conv threshold to 3.16228e-05
tot grids = 174874
init E= -701.204042528745
  HOMO = -0.399601934089269  LUMO = -0.0635877356404088
cycle= 1 E= -699.773789887638  delta_E= 1.43  |g|= 1.37  |ddm|= 2.07
  HOMO = -0.183105016413637  LUMO = -0.0166280369225558
cycle= 2 E= -698.742677748319  delta_E= 1.03  |g|= 2.77  |ddm|= 2.03
  HOMO = -0.276203353698345  LUMO = -0.0103011542299532
cycle= 3 E= -700.062967403849  delta_E= -1.32  |g|= 0.428  |ddm|= 1.47
  HOMO = -0.297837633874642  LUMO = -0.0262999403844979
cycle= 4 E= -700.092463097127  delta_E= -0.0295  |g|= 0.157  |ddm|= 0.328
  HOMO = -0.312718804678931  LUMO = -0.0279691135449419
cycle= 5 E= -700.096527516889  delta_E= -0.00406  |g|= 0.0449  |ddm|= 0.119
  HOMO = -0.3060456702964  LUMO = -0.0247822511017586
cycle= 6 E= -700.096931279287  delta_E= -0.000404  |g|= 0.00256  |ddm|= 0.0306
  HOMO = -0.306267907189818  LUMO = -0.0247871145065788
cycle= 7 E= -700.096932231073  delta_E= -9.52e-07  |g|= 0.000488  |ddm|= 0.00288
  HOMO = -0.306269418146873  LUMO = -0.0247822232406001
cycle= 8 E= -700.096932269352  delta_E= -3.83e-08  |g|= 0.000194  |ddm|= 0.000555
  HOMO = -0.306268843084778  LUMO = -0.0247824781017457
cycle= 9 E= -700.09693227337  delta_E= -4.02e-09  |g|= 0.000122  |ddm|= 0.000186
  HOMO = -0.306268648672498  LUMO = -0.024782518165037
cycle= 10 E= -700.096932276014  delta_E= -2.64e-09  |g|= 1.07e-05  |ddm|= 8.21e-05
  HOMO = -0.306268685512415  LUMO = -0.0247821986772536
cycle= 11 E= -700.096932276007  delta_E= 7.5e-12  |g|= 1.25e-05  |ddm|= 1.54e-05
  HOMO = -0.306268788266304  LUMO = -0.0247821303036736
Extra cycle  E= -700.096932275832  delta_E= 1.74e-10  |g|= 3.25e-05  |ddm|= 2.37e-05
converged SCF energy = -700.096932275832
Electronic spatial extent <R**2> (au): 902.4838
* Multipoles in the independent field-basis, Gauge -> (0,0,0)
Electronic Dipole moment(X, Y, Z, Debye): -325.5505, 247.9900, -46.7854
Nuclear Dipole moment(X, Y, Z, Debye): -327.3517, 245.6288, -46.8627
Total Dipole moment(X, Y, Z, Debye): -1.8013, -2.3612, -0.0773
Quadrupole moments (Debye-Angs)
Total Quadrupole moments (XX, YY, ZZ): -26.8088, -37.6805, -38.6469
Total Quadrupole moments (XY, XZ, YZ): -1.0164, 3.3727, -1.7127
Octupole moments (Debye-Angs**2)
Total Octupole moments (XXX, YYY, ZZZ, XYY): 102.7199, -122.8640, 22.6266, 49.9730
Total Octupole moments (XXY, XXZ, XZZ, YZZ): -25.7402, -2.8459, 51.4599, -38.8377
Total Octupole moments (YYZ, XYZ): 2.4856, 6.3232
Hexadecapole moments (Debye-Angs**3)
Total Hexadecapole moments (XXXX, YYYY, ZZZZ, XXXY): -363.2619, -397.8553, -158.6636, 99.7374
Total Hexadecapole moments (XXXZ, YYYX, YYYZ, ZZZX): 6.0165, 169.8150, 8.7427, -31.6769
Total Hexadecapole moments (ZZZY, XXYY, XXZZ, YYZZ): 23.9987, -146.2707, -118.1669, -89.0281
Total Hexadecapole moments (XXYZ, YYXZ, ZZXY): -9.2337, 3.0077, 51.6575
