#INFO: **** input file is /home/jluis/src/git/db/aromatic-wfn/pbe/run_sp.py ****
#!/usr/bin/env python

import numpy, sys, os
from pyscf import lib, gto, scf, dft
from pyscf.tools import molden
from pyscf.data import radii

def read_molecule(path):

    charge = spin = 0
    with open(path, 'r') as myfile:
        output = myfile.read()
        output = output.lstrip()
        output = output.rstrip()
        output = output.split('\n')

    try:
        int(output[0])
    except ValueError:
        try:
            charge = int(output[0].split(' ')[0])
            spin = int(output[0].split(' ')[1]) - 1
        except ValueError:
            molecule = output
        else:
            molecule = '\n'.join(output[1:])
    else:
        if int(output[0]) == len(output) - 2:
            molecule = '\n'.join(output[2:])
            try:
                charge = int(output[1].split(' ')[0])
                spin = int(output[1].split(' ')[1])-1
            except ValueError:
                pass
        else:
            print "THIS IS NOT A VALID XYZ FILE"

    return (molecule, charge, spin)

directory = '../../aromatic/'
files = [i for i in os.listdir(directory) if i.endswith('.xyz')]

for filename in files:

    name = filename[:-8]
    mol = gto.Mole()
    (mol.atom, charge, spin) = read_molecule(directory+filename)
    mol.basis = 'aug-cc-pvtz'
    mol.charge = charge
    mol.spin = spin
    mol.output = name+'.out'
    mol.symmetry = 0
    mol.max_memory = 10000
    mol.verbose = 4
    mol.build()

    mf = dft.RKS(mol) 
    mf.grids.level = 4
    mf.xc = 'pbe'
    mf.max_cycle = 120
    mf.chkfile = name+'.chk'
    mf = scf.addons.remove_linear_dep_(mf)
    mf.kernel()

    dm = mf.make_rdm1()
    nao = mol.nao_nr()
    unit = 2.541746
    origin = ([0.0,0.0,0.0])
    charges = mol.atom_charges()
    coords  = mol.atom_coords()
    mol.set_common_orig(origin)
    r2 = mol.intor_symmetric('int1e_r2')
    r2 = numpy.einsum('ij,ji->', r2, dm)
    lib.logger.info(mf,'Electronic spatial extent <R**2> (au): %.4f', r2)

    lib.logger.info(mf,'* Multipoles in the independent field-basis, Gauge -> (0,0,0)')
    ao_dip = mol.intor_symmetric('int1e_r', comp=3)
    el_dip = numpy.einsum('xij,ji->x', ao_dip, dm)
    lib.logger.info(mf,'Electronic Dipole moment(X, Y, Z, Debye): %.4f, %.4f, %.4f', *el_dip*unit)
    nucl_dip = numpy.einsum('i,ix->x', charges, coords)
    lib.logger.info(mf,'Nuclear Dipole moment(X, Y, Z, Debye): %.4f, %.4f, %.4f', *nucl_dip*unit)
    mol_dip = (nucl_dip - el_dip) * unit
    lib.logger.info(mf,'Total Dipole moment(X, Y, Z, Debye): %.4f, %.4f, %.4f', *mol_dip)

    lib.logger.info(mf,'Quadrupole moments (Debye-Angs)')
    rr = mol.intor_symmetric('int1e_rr', comp=9).reshape(3,3,nao,nao)
    rr = -1.0*numpy.einsum('xyij,ji->xy', rr, dm)
    rr += numpy.einsum('z,zx,zy->xy', charges, coords, coords)
    rr = rr*unit*lib.param.BOHR
    lib.logger.info(mf,'Total Quadrupole moments (XX, YY, ZZ): %.4f, %.4f, %.4f', \
    rr[0,0], rr[1,1], rr[2,2])
    lib.logger.info(mf,'Total Quadrupole moments (XY, XZ, YZ): %.4f, %.4f, %.4f', \
    rr[0,1], rr[0,2], rr[1,2])
 
    lib.logger.info(mf,'Octupole moments (Debye-Angs**2)')
    rrr = mol.intor_symmetric('int1e_rrr', comp=27).reshape(3,3,3,nao,nao)
    rrr = -1.0*numpy.einsum('xyzij,ji->xyz', rrr, dm)
    rrr += numpy.einsum('z,zx,zy,zk->xyk', charges, coords, coords, coords)
    rrr = rrr*unit*lib.param.BOHR**2
    lib.logger.info(mf,'Total Octupole moments (XXX, YYY, ZZZ, XYY): %.4f, %.4f, %.4f, %.4f', \
    rrr[0,0,0], rrr[1,1,1], rrr[2,2,2], rrr[0,1,1])
    lib.logger.info(mf,'Total Octupole moments (XXY, XXZ, XZZ, YZZ): %.4f, %.4f, %.4f, %.4f', \
    rrr[0,0,1], rrr[0,0,2], rrr[0,2,2], rrr[1,2,2])
    lib.logger.info(mf,'Total Octupole moments (YYZ, XYZ): %.4f, %.4f', rrr[1,1,2], rrr[0,1,2])

    lib.logger.info(mf,'Hexadecapole moments (Debye-Angs**3)')
    rrrr = mol.intor_symmetric('int1e_rrrr', comp=81).reshape(3,3,3,3,nao,nao)
    rrrr = -1.0*numpy.einsum('xyzwij,ji->xyzw', rrrr, dm)
    rrrr += numpy.einsum('z,zx,zy,zk,zw->xykw', charges, coords, coords, coords, coords)
    rrrr = rrrr*unit*lib.param.BOHR**3
    lib.logger.info(mf,'Total Hexadecapole moments (XXXX, YYYY, ZZZZ, XXXY): %.4f, %.4f, %.4f, %.4f', \
    rrrr[0,0,0,0], rrrr[1,1,1,1], rrrr[2,2,2,2], rrrr[0,0,0,1])
    lib.logger.info(mf,'Total Hexadecapole moments (XXXZ, YYYX, YYYZ, ZZZX): %.4f, %.4f, %.4f, %.4f', \
    rrrr[0,0,0,2], rrrr[1,1,1,0], rrrr[1,1,1,2], rrrr[2,2,2,0])
    lib.logger.info(mf,'Total Hexadecapole moments (ZZZY, XXYY, XXZZ, YYZZ): %.4f, %.4f, %.4f, %.4f', \
    rrrr[2,2,2,1], rrrr[0,0,1,1], rrrr[0,0,2,2], rrrr[1,1,2,2])
    lib.logger.info(mf,'Total Hexadecapole moments (XXYZ, YYXZ, ZZXY): %.4f, %.4f, %.4f', \
    rrrr[0,0,1,2], rrrr[1,1,0,2], rrrr[2,2,0,1])
     
    coeff = mf.mo_coeff[:,mf.mo_occ>0]
    occ = mf.mo_occ[mf.mo_occ>0]
    energy = mf.mo_energy[mf.mo_occ>0]
    den_file = name+'.mol'
    fspt = open(den_file,'w')
    molden.header(mol, fspt)
    molden.orbital_coeff(mol, fspt, coeff, ene=energy, occ=occ) 
    fspt.close()                    
    cmd = '/home/jluis/bin/molden2aim '+name
    os.system(cmd)
    den_file = name+'.wfn'
    fspt = open(den_file,'a')
    fspt.write('RHF\n')
    fspt.close()                    

    pmd_file = name+'.pmd'
    fspt = open(pmd_file,'w')
    fspt.write('%s.wfn\n' % (name))
    if (mol.symmetry == False):
        fspt.write('nosymmetry\n')
    fspt.write('tes\n')
    fspt.write('  epsiscp 0.220\n')
    fspt.write('  radialquad 7\n')
    fspt.write('  rmapping 2\n')
    fspt.write('  lmax 10\n')
    fspt.write('  nr 551\n')
    fspt.write('  lebedev 5810\n')
    fspt.write('  betasphere\n')
    for ia in range(mol.natm):
        symb = mol.atom_pure_symbol(ia)
        inuc = lib.parameters.NUC[symb]
        betarad = radii.COVALENT[inuc]/3.5
        fspt.write('  betaradw %d %1.3f\n' % ((ia+1),betarad))
    fspt.write('  radialquadbeta 7\n')
    fspt.write('  rmappingbeta 3\n')
    fspt.write('  lmaxbeta 8\n')
    fspt.write('  nrb 451\n')
    fspt.write('  lebedevbeta 3074\n')
    fspt.write('  dafh\n')
    fspt.write('endtes')
    fspt.close()                    

    cmd = 'rm '+name+'.mol'
    os.system(cmd)

#INFO: ******************** input file end ********************


System: ('Linux', 'silicio', '3.16.0-4-amd64', '#1 SMP Debian 3.16.51-3 (2017-12-13)', 'x86_64', '')  Threads 12
Python 2.7.14 (default, Apr  9 2018, 16:34:43) 
[GCC 7.3.0]
numpy 1.14.2  scipy 1.0.1
Date: Mon Jul  2 16:35:45 2018
PySCF version 1.5
PySCF path  /home/jluis/src/pyscf/pyscf
GIT ORIG_HEAD f2dbb26d09ae5148fbf5975669a994500ac7a4c9
GIT HEAD      ref: refs/heads/master
GIT master branch  f2dbb26d09ae5148fbf5975669a994500ac7a4c9

[ENV] PYSCF_TMPDIR /scratch-ssd/jluis
[CONFIG] conf_file None
[INPUT] verbose = 4
[INPUT] num. atoms = 10
[INPUT] num. electrons = 60
[INPUT] charge = 0
[INPUT] spin (= nelec alpha-beta = 2S) = 0
[INPUT] symmetry 0 subgroup None
[INPUT] Mole.unit = angstrom
[INPUT]  1 S      1.193808000000  -1.431457000000   0.000001000000 AA    2.255970165315  -2.705061689092   0.000001889726 Bohr
[INPUT]  2 S      1.746168000000   0.645167000000   0.000000000000 AA    3.299779287480   1.219188934607   0.000000000000 Bohr
[INPUT]  3 C      0.212048000000   1.510679000000   0.000000000000 AA    0.400712645262   2.854769572132   0.000000000000 Bohr
[INPUT]  4 C     -1.038230000000   1.028982000000   0.000000000000 AA   -1.961970354307   1.944494167107   0.000000000000 Bohr
[INPUT]  5 C     -1.413297000000  -0.381148000000   0.000000000000 AA   -2.670744262669  -0.720265332926   0.000000000000 Bohr
[INPUT]  6 C     -0.567597000000  -1.420384000000  -0.000001000000 AA   -1.072602879125  -2.684136751714  -0.000001889726 Bohr
[INPUT]  7 H      0.401591000000   2.586459000000   0.000000000000 AA    0.758897004090   4.887699142416   0.000000000000 Bohr
[INPUT]  8 H     -1.847501000000   1.760041000000   0.000001000000 AA   -3.491270904860   3.325995458006   0.000001889726 Bohr
[INPUT]  9 H     -2.478829000000  -0.613542000000   0.000000000000 AA   -4.684307919629  -1.159426345918   0.000000000000 Bohr
[INPUT] 10 H     -0.937551000000  -2.448177000000   0.000000000000 AA   -1.771714617812  -4.626384034459   0.000000000000 Bohr

nuclear repulsion = 329.731770970414
number of shells = 114
number of NR pGTOs = 482
number of NR cGTOs = 376
basis = aug-cc-pvtz
ecp = {}
CPU time:      6230.60


******** <class 'pyscf.dft.rks.RKS'> flags ********
method = RKS-RHF
initial guess = minao
damping factor = 0
level shift factor = 0
DIIS = <class 'pyscf.scf.diis.CDIIS'>
DIIS start cycle = 1
DIIS space = 8
SCF tol = 1e-09
SCF gradient tol = None
max. SCF cycles = 120
direct_scf = True
direct_scf_tol = 1e-13
chkfile to save SCF result = 1_2-dithiin.chk
max_memory 10000 MB (current use 170 MB)
XC functionals = pbe
small_rho_cutoff = 1e-07
radial grids: 
    Treutler-Ahlrichs (JCP 102, 346 (M4)) radial grids
    
becke partition: Becke, JCP, 88, 2547 (1988)
pruning grids: <function nwchem_prune at 0x2ab61f0b45f0>
grids dens level: 4
symmetrized grids: 0
atomic radii adjust function: <function treutler_atomic_radii_adjust at 0x2ab61f0b4500>
Set gradient conv threshold to 3.16228e-05
tot grids = 234404
init E= -951.517757309412
  HOMO = -0.225781665472413  LUMO = -0.176195751244299
cycle= 1 E= -950.495061374596  delta_E= 1.02  |g|= 0.947  |ddm|= 5.97
  HOMO = -0.106464657665029  LUMO = -0.0618891517116667
cycle= 2 E= -948.589047770647  delta_E= 1.91  |g|= 2.38  |ddm|= 5.53
  HOMO = -0.123906441551005  LUMO = -0.0812922039270246
cycle= 3 E= -950.644201575406  delta_E= -2.06  |g|= 0.449  |ddm|= 5.08
  HOMO = -0.172636882723242  LUMO = -0.104876233525813
cycle= 4 E= -950.707703714813  delta_E= -0.0635  |g|= 0.189  |ddm|= 0.642
  HOMO = -0.159441402040809  LUMO = -0.0905052812933313
cycle= 5 E= -950.716011904899  delta_E= -0.00831  |g|= 0.117  |ddm|= 0.252
  HOMO = -0.159184244445671  LUMO = -0.0893623236540165
cycle= 6 E= -950.719134492756  delta_E= -0.00312  |g|= 0.0384  |ddm|= 0.114
  HOMO = -0.159500548278604  LUMO = -0.089303484008137
cycle= 7 E= -950.719515181798  delta_E= -0.000381  |g|= 0.00664  |ddm|= 0.0375
  HOMO = -0.159762899427338  LUMO = -0.0894436628314855
cycle= 8 E= -950.71952691731  delta_E= -1.17e-05  |g|= 0.00129  |ddm|= 0.011
  HOMO = -0.159836174161955  LUMO = -0.0895176726401335
cycle= 9 E= -950.719527399053  delta_E= -4.82e-07  |g|= 0.000429  |ddm|= 0.00211
  HOMO = -0.159812722336527  LUMO = -0.0894864303010318
cycle= 10 E= -950.719527441186  delta_E= -4.21e-08  |g|= 0.000106  |ddm|= 0.000698
  HOMO = -0.159806382678149  LUMO = -0.0894795874116572
cycle= 11 E= -950.719527443622  delta_E= -2.44e-09  |g|= 6.05e-05  |ddm|= 0.000162
  HOMO = -0.159806064738355  LUMO = -0.0894793292477363
cycle= 12 E= -950.719527444729  delta_E= -1.11e-09  |g|= 1.13e-05  |ddm|= 6.29e-05
  HOMO = -0.159806481937388  LUMO = -0.0894797811898401
cycle= 13 E= -950.719527444759  delta_E= -3e-11  |g|= 2.84e-06  |ddm|= 2.05e-05
  HOMO = -0.159806251647081  LUMO = -0.0894797304007259
Extra cycle  E= -950.719527444755  delta_E= 3.18e-12  |g|= 4.2e-06  |ddm|= 9.42e-06
converged SCF energy = -950.719527444755
Electronic spatial extent <R**2> (au): 792.6547
* Multipoles in the independent field-basis, Gauge -> (0,0,0)
Electronic Dipole moment(X, Y, Z, Debye): 123.1941, -33.3845, 0.0001
Nuclear Dipole moment(X, Y, Z, Debye): 121.6885, -32.9840, 0.0001
Total Dipole moment(X, Y, Z, Debye): -1.5056, 0.4005, 0.0000
Quadrupole moments (Debye-Angs)
Total Quadrupole moments (XX, YY, ZZ): -48.2714, -44.0053, -54.2198
Total Quadrupole moments (XY, XZ, YZ): 1.2248, -0.0000, -0.0000
Octupole moments (Debye-Angs**2)
Total Octupole moments (XXX, YYY, ZZZ, XYY): -65.3660, 19.0122, -0.0000, -23.2214
Total Octupole moments (XXY, XXZ, XZZ, YZZ): 4.9353, 0.0000, -20.4534, 5.5564
Total Octupole moments (YYZ, XYZ): -0.0000, -0.0000
Hexadecapole moments (Debye-Angs**3)
Total Hexadecapole moments (XXXX, YYYY, ZZZZ, XXXY): -536.5971, -437.3052, -71.0870, 3.4319
Total Hexadecapole moments (XXXZ, YYYX, YYYZ, ZZZX): -0.0000, 25.3263, 0.0000, -0.0001
Total Hexadecapole moments (ZZZY, XXYY, XXZZ, YYZZ): 0.0000, -170.8777, -115.1363, -103.4081
Total Hexadecapole moments (XXYZ, YYXZ, ZZXY): 0.0000, -0.0000, 3.4082
