#INFO: **** input file is /home/jluis/src/git/db/aromatic-wfn/pbe/run_sp.py ****
#!/usr/bin/env python

import numpy, sys, os
from pyscf import lib, gto, scf, dft
from pyscf.tools import molden
from pyscf.data import radii

def read_molecule(path):

    charge = spin = 0
    with open(path, 'r') as myfile:
        output = myfile.read()
        output = output.lstrip()
        output = output.rstrip()
        output = output.split('\n')

    try:
        int(output[0])
    except ValueError:
        try:
            charge = int(output[0].split(' ')[0])
            spin = int(output[0].split(' ')[1]) - 1
        except ValueError:
            molecule = output
        else:
            molecule = '\n'.join(output[1:])
    else:
        if int(output[0]) == len(output) - 2:
            molecule = '\n'.join(output[2:])
            try:
                charge = int(output[1].split(' ')[0])
                spin = int(output[1].split(' ')[1])-1
            except ValueError:
                pass
        else:
            print "THIS IS NOT A VALID XYZ FILE"

    return (molecule, charge, spin)

directory = '../../aromatic/'
files = [i for i in os.listdir(directory) if i.endswith('.xyz')]

for filename in files:

    name = filename[:-8]
    mol = gto.Mole()
    (mol.atom, charge, spin) = read_molecule(directory+filename)
    mol.basis = 'aug-cc-pvtz'
    mol.charge = charge
    mol.spin = spin
    mol.output = name+'.out'
    mol.symmetry = 0
    mol.max_memory = 10000
    mol.verbose = 4
    mol.build()

    mf = dft.RKS(mol) 
    mf.grids.level = 4
    mf.xc = 'pbe'
    mf.max_cycle = 120
    mf.chkfile = name+'.chk'
    mf = scf.addons.remove_linear_dep_(mf)
    mf.kernel()

    dm = mf.make_rdm1()
    nao = mol.nao_nr()
    unit = 2.541746
    origin = ([0.0,0.0,0.0])
    charges = mol.atom_charges()
    coords  = mol.atom_coords()
    mol.set_common_orig(origin)
    r2 = mol.intor_symmetric('int1e_r2')
    r2 = numpy.einsum('ij,ji->', r2, dm)
    lib.logger.info(mf,'Electronic spatial extent <R**2> (au): %.4f', r2)

    lib.logger.info(mf,'* Multipoles in the independent field-basis, Gauge -> (0,0,0)')
    ao_dip = mol.intor_symmetric('int1e_r', comp=3)
    el_dip = numpy.einsum('xij,ji->x', ao_dip, dm)
    lib.logger.info(mf,'Electronic Dipole moment(X, Y, Z, Debye): %.4f, %.4f, %.4f', *el_dip*unit)
    nucl_dip = numpy.einsum('i,ix->x', charges, coords)
    lib.logger.info(mf,'Nuclear Dipole moment(X, Y, Z, Debye): %.4f, %.4f, %.4f', *nucl_dip*unit)
    mol_dip = (nucl_dip - el_dip) * unit
    lib.logger.info(mf,'Total Dipole moment(X, Y, Z, Debye): %.4f, %.4f, %.4f', *mol_dip)

    lib.logger.info(mf,'Quadrupole moments (Debye-Angs)')
    rr = mol.intor_symmetric('int1e_rr', comp=9).reshape(3,3,nao,nao)
    rr = -1.0*numpy.einsum('xyij,ji->xy', rr, dm)
    rr += numpy.einsum('z,zx,zy->xy', charges, coords, coords)
    rr = rr*unit*lib.param.BOHR
    lib.logger.info(mf,'Total Quadrupole moments (XX, YY, ZZ): %.4f, %.4f, %.4f', \
    rr[0,0], rr[1,1], rr[2,2])
    lib.logger.info(mf,'Total Quadrupole moments (XY, XZ, YZ): %.4f, %.4f, %.4f', \
    rr[0,1], rr[0,2], rr[1,2])
 
    lib.logger.info(mf,'Octupole moments (Debye-Angs**2)')
    rrr = mol.intor_symmetric('int1e_rrr', comp=27).reshape(3,3,3,nao,nao)
    rrr = -1.0*numpy.einsum('xyzij,ji->xyz', rrr, dm)
    rrr += numpy.einsum('z,zx,zy,zk->xyk', charges, coords, coords, coords)
    rrr = rrr*unit*lib.param.BOHR**2
    lib.logger.info(mf,'Total Octupole moments (XXX, YYY, ZZZ, XYY): %.4f, %.4f, %.4f, %.4f', \
    rrr[0,0,0], rrr[1,1,1], rrr[2,2,2], rrr[0,1,1])
    lib.logger.info(mf,'Total Octupole moments (XXY, XXZ, XZZ, YZZ): %.4f, %.4f, %.4f, %.4f', \
    rrr[0,0,1], rrr[0,0,2], rrr[0,2,2], rrr[1,2,2])
    lib.logger.info(mf,'Total Octupole moments (YYZ, XYZ): %.4f, %.4f', rrr[1,1,2], rrr[0,1,2])

    lib.logger.info(mf,'Hexadecapole moments (Debye-Angs**3)')
    rrrr = mol.intor_symmetric('int1e_rrrr', comp=81).reshape(3,3,3,3,nao,nao)
    rrrr = -1.0*numpy.einsum('xyzwij,ji->xyzw', rrrr, dm)
    rrrr += numpy.einsum('z,zx,zy,zk,zw->xykw', charges, coords, coords, coords, coords)
    rrrr = rrrr*unit*lib.param.BOHR**3
    lib.logger.info(mf,'Total Hexadecapole moments (XXXX, YYYY, ZZZZ, XXXY): %.4f, %.4f, %.4f, %.4f', \
    rrrr[0,0,0,0], rrrr[1,1,1,1], rrrr[2,2,2,2], rrrr[0,0,0,1])
    lib.logger.info(mf,'Total Hexadecapole moments (XXXZ, YYYX, YYYZ, ZZZX): %.4f, %.4f, %.4f, %.4f', \
    rrrr[0,0,0,2], rrrr[1,1,1,0], rrrr[1,1,1,2], rrrr[2,2,2,0])
    lib.logger.info(mf,'Total Hexadecapole moments (ZZZY, XXYY, XXZZ, YYZZ): %.4f, %.4f, %.4f, %.4f', \
    rrrr[2,2,2,1], rrrr[0,0,1,1], rrrr[0,0,2,2], rrrr[1,1,2,2])
    lib.logger.info(mf,'Total Hexadecapole moments (XXYZ, YYXZ, ZZXY): %.4f, %.4f, %.4f', \
    rrrr[0,0,1,2], rrrr[1,1,0,2], rrrr[2,2,0,1])
     
    coeff = mf.mo_coeff[:,mf.mo_occ>0]
    occ = mf.mo_occ[mf.mo_occ>0]
    energy = mf.mo_energy[mf.mo_occ>0]
    den_file = name+'.mol'
    fspt = open(den_file,'w')
    molden.header(mol, fspt)
    molden.orbital_coeff(mol, fspt, coeff, ene=energy, occ=occ) 
    fspt.close()                    
    cmd = '/home/jluis/bin/molden2aim '+name
    os.system(cmd)
    den_file = name+'.wfn'
    fspt = open(den_file,'a')
    fspt.write('RHF\n')
    fspt.close()                    

    pmd_file = name+'.pmd'
    fspt = open(pmd_file,'w')
    fspt.write('%s.wfn\n' % (name))
    if (mol.symmetry == False):
        fspt.write('nosymmetry\n')
    fspt.write('tes\n')
    fspt.write('  epsiscp 0.220\n')
    fspt.write('  radialquad 7\n')
    fspt.write('  rmapping 2\n')
    fspt.write('  lmax 10\n')
    fspt.write('  nr 551\n')
    fspt.write('  lebedev 5810\n')
    fspt.write('  betasphere\n')
    for ia in range(mol.natm):
        symb = mol.atom_pure_symbol(ia)
        inuc = lib.parameters.NUC[symb]
        betarad = radii.COVALENT[inuc]/3.5
        fspt.write('  betaradw %d %1.3f\n' % ((ia+1),betarad))
    fspt.write('  radialquadbeta 7\n')
    fspt.write('  rmappingbeta 3\n')
    fspt.write('  lmaxbeta 8\n')
    fspt.write('  nrb 451\n')
    fspt.write('  lebedevbeta 3074\n')
    fspt.write('  dafh\n')
    fspt.write('endtes')
    fspt.close()                    

    cmd = 'rm '+name+'.mol'
    os.system(cmd)

#INFO: ******************** input file end ********************


System: ('Linux', 'silicio', '3.16.0-4-amd64', '#1 SMP Debian 3.16.51-3 (2017-12-13)', 'x86_64', '')  Threads 12
Python 2.7.14 (default, Apr  9 2018, 16:34:43) 
[GCC 7.3.0]
numpy 1.14.2  scipy 1.0.1
Date: Mon Jul  2 16:40:21 2018
PySCF version 1.5
PySCF path  /home/jluis/src/pyscf/pyscf
GIT ORIG_HEAD f2dbb26d09ae5148fbf5975669a994500ac7a4c9
GIT HEAD      ref: refs/heads/master
GIT master branch  f2dbb26d09ae5148fbf5975669a994500ac7a4c9

[ENV] PYSCF_TMPDIR /scratch-ssd/jluis
[CONFIG] conf_file None
[INPUT] verbose = 4
[INPUT] num. atoms = 15
[INPUT] num. electrons = 50
[INPUT] charge = 0
[INPUT] spin (= nelec alpha-beta = 2S) = 0
[INPUT] symmetry 0 subgroup None
[INPUT] Mole.unit = angstrom
[INPUT]  1 C     -0.005671000000   0.916007000000   0.000000000000 AA   -0.010716636852   1.731002358184   0.000000000000 Bohr
[INPUT]  2 C     -0.008661000000   0.197045000000   1.200547000000 AA   -0.016366917965   0.372361084215   2.268705029668 Bohr
[INPUT]  3 C     -0.008661000000   0.197045000000  -1.200547000000 AA   -0.016366917965   0.372361084215  -2.268705029668 Bohr
[INPUT]  4 C     -0.006952000000  -1.197030000000   1.203807000000 AA   -0.013137376018  -2.262058862888   2.274865536834 Bohr
[INPUT]  5 C     -0.006952000000  -1.197030000000  -1.203807000000 AA   -0.013137376018  -2.262058862888  -2.274865536834 Bohr
[INPUT]  6 C     -0.004901000000  -1.900652000000   0.000000000000 AA   -0.009261547736  -3.591711738107   0.000000000000 Bohr
[INPUT]  7 C      0.026504000000   2.418757000000   0.000000000000 AA    0.050085301205   4.570788291875   0.000000000000 Bohr
[INPUT]  8 H      1.063605000000   2.787167000000   0.000000000000 AA    2.009922154718   5.266982293426   0.000000000000 Bohr
[INPUT]  9 H     -0.468112000000   2.829891000000  -0.889645000000 AA   -0.884603475622   5.347718952372  -1.681185398089 Bohr
[INPUT] 10 H     -0.468112000000   2.829891000000   0.889645000000 AA   -0.884603475622   5.347718952372   1.681185398089 Bohr
[INPUT] 11 H     -0.011209000000  -1.736660000000   2.152047000000 AA   -0.021181940130  -3.281811771487   4.066779437192 Bohr
[INPUT] 12 H     -0.011209000000  -1.736660000000  -2.152047000000 AA   -0.021181940130  -3.281811771487  -4.066779437192 Bohr
[INPUT] 13 H     -0.006316000000  -2.991244000000   0.000000000000 AA   -0.011935510203  -5.652631931748   0.000000000000 Bohr
[INPUT] 14 H     -0.013961000000   0.738032000000   2.149104000000 AA   -0.026382466425   1.394678351165   4.061217973207 Bohr
[INPUT] 15 H     -0.013961000000   0.738032000000  -2.149104000000 AA   -0.026382466425   1.394678351165  -4.061217973207 Bohr

nuclear repulsion = 268.950846493068
number of shells = 163
number of NR pGTOs = 606
number of NR cGTOs = 506
basis = aug-cc-pvtz
ecp = {}
CPU time:      9071.25


******** <class 'pyscf.dft.rks.RKS'> flags ********
method = RKS-RHF
initial guess = minao
damping factor = 0
level shift factor = 0
DIIS = <class 'pyscf.scf.diis.CDIIS'>
DIIS start cycle = 1
DIIS space = 8
SCF tol = 1e-09
SCF gradient tol = None
max. SCF cycles = 120
direct_scf = True
direct_scf_tol = 1e-13
chkfile to save SCF result = toluene.chk
max_memory 10000 MB (current use 168 MB)
XC functionals = pbe
small_rho_cutoff = 1e-07
radial grids: 
    Treutler-Ahlrichs (JCP 102, 346 (M4)) radial grids
    
becke partition: Becke, JCP, 88, 2547 (1988)
pruning grids: <function nwchem_prune at 0x2ab61f0b45f0>
grids dens level: 4
symmetrized grids: 0
atomic radii adjust function: <function treutler_atomic_radii_adjust at 0x2ab61f0b4500>
Set gradient conv threshold to 3.16228e-05
tot grids = 325980
init E= -272.138313998325
  HOMO = -0.347850353529182  LUMO = -0.165414728399648
cycle= 1 E= -271.011951680758  delta_E= 1.13  |g|= 1.04  |ddm|= 9.34
  HOMO = -0.0706867287252104  LUMO = 0.00428296749500926
cycle= 2 E= -270.545158503179  delta_E= 0.467  |g|= 1.63  |ddm|= 3.76
  HOMO = -0.227818575522454  LUMO = -0.0471200509023797
cycle= 3 E= -271.285632099473  delta_E= -0.74  |g|= 0.153  |ddm|= 2.32
  HOMO = -0.21846400970292  LUMO = -0.0429199725065769
cycle= 4 E= -271.287626148473  delta_E= -0.00199  |g|= 0.114  |ddm|= 0.282
  HOMO = -0.219938020660103  LUMO = -0.042556615977343
cycle= 5 E= -271.290618332495  delta_E= -0.00299  |g|= 0.0413  |ddm|= 0.141
  HOMO = -0.220377162731271  LUMO = -0.0428337370172442
cycle= 6 E= -271.291069488582  delta_E= -0.000451  |g|= 0.0104  |ddm|= 0.0492
  HOMO = -0.220083059149969  LUMO = -0.0426080148797845
cycle= 7 E= -271.291098396558  delta_E= -2.89e-05  |g|= 0.0014  |ddm|= 0.0148
  HOMO = -0.220252804661252  LUMO = -0.0427031076723676
cycle= 8 E= -271.291098666434  delta_E= -2.7e-07  |g|= 0.000988  |ddm|= 0.00364
  HOMO = -0.22026489483256  LUMO = -0.0427522020315374
cycle= 9 E= -271.291098902434  delta_E= -2.36e-07  |g|= 0.000121  |ddm|= 0.00124
  HOMO = -0.220266574451944  LUMO = -0.04274886986525
cycle= 10 E= -271.291098906129  delta_E= -3.69e-09  |g|= 2.87e-05  |ddm|= 0.000301
  HOMO = -0.220267169718732  LUMO = -0.0427485613404425
cycle= 11 E= -271.291098906235  delta_E= -1.06e-10  |g|= 2.08e-05  |ddm|= 7.23e-05
  HOMO = -0.22026527764607  LUMO = -0.0427493200277556
Extra cycle  E= -271.291098905937  delta_E= 2.98e-10  |g|= 4.07e-05  |ddm|= 6.13e-05
converged SCF energy = -271.291098905937
Electronic spatial extent <R**2> (au): 719.6925
* Multipoles in the independent field-basis, Gauge -> (0,0,0)
Electronic Dipole moment(X, Y, Z, Debye): -0.1448, -0.1212, -0.0000
Nuclear Dipole moment(X, Y, Z, Debye): -0.1011, 0.3040, 0.0000
Total Dipole moment(X, Y, Z, Debye): 0.0437, 0.4253, 0.0000
Quadrupole moments (Debye-Angs)
Total Quadrupole moments (XX, YY, ZZ): -46.0222, -38.8877, -39.3197
Total Quadrupole moments (XY, XZ, YZ): 0.0888, 0.0000, -0.0000
Octupole moments (Debye-Angs**2)
Total Octupole moments (XXX, YYY, ZZZ, XYY): 0.8921, -3.9370, -0.0000, 0.0444
Total Octupole moments (XXY, XXZ, XZZ, YZZ): 3.7643, 0.0000, -0.6339, -0.8963
Total Octupole moments (YYZ, XYZ): -0.0000, -0.0000
Hexadecapole moments (Debye-Angs**3)
Total Hexadecapole moments (XXXX, YYYY, ZZZZ, XXXY): -61.5060, -623.0893, -296.1684, -0.1361
Total Hexadecapole moments (XXXZ, YYYX, YYYZ, ZZZX): 0.0000, -2.2570, -0.0000, 0.0000
Total Hexadecapole moments (ZZZY, XXYY, XXZZ, YYZZ): 0.0000, -122.2262, -69.9386, -150.1296
Total Hexadecapole moments (XXYZ, YYXZ, ZZXY): 0.0000, 0.0000, -2.4114
