#INFO: **** input file is /home/jluis/src/git/db/molecules-wfn/hf/run_sp.py ****
#!/usr/bin/env python

import numpy, sys, os
from pyscf import lib, gto, scf, dft
from pyscf.tools import molden
from pyscf.data import radii

def read_molecule(path):

    charge = spin = 0
    with open(path, 'r') as myfile:
        output = myfile.read()
        output = output.lstrip()
        output = output.rstrip()
        output = output.split('\n')

    try:
        int(output[0])
    except ValueError:
        try:
            charge = int(output[0].split(' ')[0])
            spin = int(output[0].split(' ')[1]) - 1
        except ValueError:
            molecule = output
        else:
            molecule = '\n'.join(output[1:])
    else:
        if int(output[0]) == len(output) - 2:
            molecule = '\n'.join(output[2:])
            try:
                charge = int(output[1].split(' ')[0])
                spin = int(output[1].split(' ')[1])-1
            except ValueError:
                pass
        else:
            print "THIS IS NOT A VALID XYZ FILE"

    return (molecule, charge, spin)

directory = '../../molecules/'
files = [i for i in os.listdir(directory) if i.endswith('.xyz')]

for filename in files:

    name = filename[:-8]
    mol = gto.Mole()
    (mol.atom, charge, spin) = read_molecule(directory+filename)
    mol.basis = 'aug-cc-pvtz'
    mol.charge = charge
    mol.spin = spin
    mol.output = name+'.out'
    mol.symmetry = 0
    mol.max_memory = 10000
    mol.verbose = 4
    mol.build()

    mf = scf.RHF(mol) 
    mf = scf.addons.remove_linear_dep_(mf)
    mf.max_cycle = 120
    mf.chkfile = name+'.chk'
    mf.kernel()

    dm = mf.make_rdm1()
    nao = mol.nao_nr()
    unit = 2.541746
    origin = ([0.0,0.0,0.0])
    charges = mol.atom_charges()
    coords  = mol.atom_coords()
    mol.set_common_orig(origin)
    r2 = mol.intor_symmetric('int1e_r2')
    r2 = numpy.einsum('ij,ji->', r2, dm)
    lib.logger.info(mf,'Electronic spatial extent <R**2> (au): %.4f', r2)

    lib.logger.info(mf,'* Multipoles in the independent field-basis, Gauge -> (0,0,0)')
    ao_dip = mol.intor_symmetric('int1e_r', comp=3)
    el_dip = numpy.einsum('xij,ji->x', ao_dip, dm)
    lib.logger.info(mf,'Electronic Dipole moment(X, Y, Z, Debye): %.4f, %.4f, %.4f', *el_dip*unit)
    nucl_dip = numpy.einsum('i,ix->x', charges, coords)
    lib.logger.info(mf,'Nuclear Dipole moment(X, Y, Z, Debye): %.4f, %.4f, %.4f', *nucl_dip*unit)
    mol_dip = (nucl_dip - el_dip) * unit
    lib.logger.info(mf,'Total Dipole moment(X, Y, Z, Debye): %.4f, %.4f, %.4f', *mol_dip)

    lib.logger.info(mf,'Quadrupole moments (Debye-Angs)')
    rr = mol.intor_symmetric('int1e_rr', comp=9).reshape(3,3,nao,nao)
    rr = -1.0*numpy.einsum('xyij,ji->xy', rr, dm)
    rr += numpy.einsum('z,zx,zy->xy', charges, coords, coords)
    rr = rr*unit*lib.param.BOHR
    lib.logger.info(mf,'Total Quadrupole moments (XX, YY, ZZ): %.4f, %.4f, %.4f', \
    rr[0,0], rr[1,1], rr[2,2])
    lib.logger.info(mf,'Total Quadrupole moments (XY, XZ, YZ): %.4f, %.4f, %.4f', \
    rr[0,1], rr[0,2], rr[1,2])
 
    lib.logger.info(mf,'Octupole moments (Debye-Angs**2)')
    rrr = mol.intor_symmetric('int1e_rrr', comp=27).reshape(3,3,3,nao,nao)
    rrr = -1.0*numpy.einsum('xyzij,ji->xyz', rrr, dm)
    rrr += numpy.einsum('z,zx,zy,zk->xyk', charges, coords, coords, coords)
    rrr = rrr*unit*lib.param.BOHR**2
    lib.logger.info(mf,'Total Octupole moments (XXX, YYY, ZZZ, XYY): %.4f, %.4f, %.4f, %.4f', \
    rrr[0,0,0], rrr[1,1,1], rrr[2,2,2], rrr[0,1,1])
    lib.logger.info(mf,'Total Octupole moments (XXY, XXZ, XZZ, YZZ): %.4f, %.4f, %.4f, %.4f', \
    rrr[0,0,1], rrr[0,0,2], rrr[0,2,2], rrr[1,2,2])
    lib.logger.info(mf,'Total Octupole moments (YYZ, XYZ): %.4f, %.4f', rrr[1,1,2], rrr[0,1,2])

    lib.logger.info(mf,'Hexadecapole moments (Debye-Angs**3)')
    rrrr = mol.intor_symmetric('int1e_rrrr', comp=81).reshape(3,3,3,3,nao,nao)
    rrrr = -1.0*numpy.einsum('xyzwij,ji->xyzw', rrrr, dm)
    rrrr += numpy.einsum('z,zx,zy,zk,zw->xykw', charges, coords, coords, coords, coords)
    rrrr = rrrr*unit*lib.param.BOHR**3
    lib.logger.info(mf,'Total Hexadecapole moments (XXXX, YYYY, ZZZZ, XXXY): %.4f, %.4f, %.4f, %.4f', \
    rrrr[0,0,0,0], rrrr[1,1,1,1], rrrr[2,2,2,2], rrrr[0,0,0,1])
    lib.logger.info(mf,'Total Hexadecapole moments (XXXZ, YYYX, YYYZ, ZZZX): %.4f, %.4f, %.4f, %.4f', \
    rrrr[0,0,0,2], rrrr[1,1,1,0], rrrr[1,1,1,2], rrrr[2,2,2,0])
    lib.logger.info(mf,'Total Hexadecapole moments (ZZZY, XXYY, XXZZ, YYZZ): %.4f, %.4f, %.4f, %.4f', \
    rrrr[2,2,2,1], rrrr[0,0,1,1], rrrr[0,0,2,2], rrrr[1,1,2,2])
    lib.logger.info(mf,'Total Hexadecapole moments (XXYZ, YYXZ, ZZXY): %.4f, %.4f, %.4f', \
    rrrr[0,0,1,2], rrrr[1,1,0,2], rrrr[2,2,0,1])
     
    coeff = mf.mo_coeff[:,mf.mo_occ>0]
    occ = mf.mo_occ[mf.mo_occ>0]
    energy = mf.mo_energy[mf.mo_occ>0]
    den_file = name+'.mol'
    fspt = open(den_file,'w')
    molden.header(mol, fspt)
    molden.orbital_coeff(mol, fspt, coeff, ene=energy, occ=occ) 
    fspt.close()                    
    cmd = '/home/jluis/bin/molden2aim '+name
    os.system(cmd)
    den_file = name+'.wfn'
    fspt = open(den_file,'a')
    fspt.write('RHF\n')
    fspt.close()                    

    pmd_file = name+'.pmd'
    fspt = open(pmd_file,'w')
    fspt.write('%s.wfn\n' % (name))
    if (mol.symmetry == False):
        fspt.write('nosymmetry\n')
    fspt.write('tes\n')
    fspt.write('  epsiscp 0.220\n')
    fspt.write('  radialquad 7\n')
    fspt.write('  rmapping 2\n')
    fspt.write('  lmax 10\n')
    fspt.write('  nr 551\n')
    fspt.write('  lebedev 5810\n')
    fspt.write('  betasphere\n')
    for ia in range(mol.natm):
        symb = mol.atom_pure_symbol(ia)
        inuc = lib.parameters.NUC[symb]
        betarad = radii.COVALENT[inuc]/3.5
        fspt.write('  betaradw %d %1.3f\n' % ((ia+1),betarad))
    fspt.write('  radialquadbeta 7\n')
    fspt.write('  rmappingbeta 3\n')
    fspt.write('  lmaxbeta 8\n')
    fspt.write('  nrb 451\n')
    fspt.write('  lebedevbeta 3074\n')
    fspt.write('  dafh\n')
    fspt.write('endtes')
    fspt.close()                    

    cmd = 'rm '+name+'.mol'
    os.system(cmd)
#INFO: ******************** input file end ********************


System: ('Linux', 'silicio', '3.16.0-4-amd64', '#1 SMP Debian 3.16.51-3 (2017-12-13)', 'x86_64', '')  Threads 12
Python 2.7.14 (default, Apr  9 2018, 16:34:43) 
[GCC 7.3.0]
numpy 1.14.2  scipy 1.0.1
Date: Wed Jun 27 21:02:35 2018
PySCF version 1.5
PySCF path  /home/jluis/src/pyscf/pyscf
GIT ORIG_HEAD f2dbb26d09ae5148fbf5975669a994500ac7a4c9
GIT HEAD      ref: refs/heads/master
GIT master branch  f2dbb26d09ae5148fbf5975669a994500ac7a4c9

[ENV] PYSCF_TMPDIR /scratch-ssd/jluis
[CONFIG] conf_file None
[INPUT] verbose = 4
[INPUT] num. atoms = 12
[INPUT] num. electrons = 42
[INPUT] charge = 0
[INPUT] spin (= nelec alpha-beta = 2S) = 0
[INPUT] symmetry 0 subgroup None
[INPUT] Mole.unit = angstrom
[INPUT]  1 N     -2.417354000000   2.005084000000   0.159046000000 AA   -4.568137006122   3.789059616747   0.300553381208 Bohr
[INPUT]  2 B     -1.973385000000   0.648858000000   0.084331000000 AA   -3.729157188325   1.226163913733   0.159362493811 Bohr
[INPUT]  3 N     -0.568767000000   0.430564000000  -0.061566000000 AA   -1.074813858690   0.813648039097  -0.116342878585 Bohr
[INPUT]  4 B      0.378883000000   1.497793000000  -0.132813000000 AA    0.715985103254   2.830418561291  -0.250980195782 Bohr
[INPUT]  5 N     -0.132382000000   2.829723000000  -0.051070000000 AA   -0.250165723822   5.347401478383  -0.096508313182 Bohr
[INPUT]  6 B     -1.524123000000   3.118718000000   0.095376000000 AA   -2.880175050150   5.893522879751   0.180234518857 Bohr
[INPUT]  7 H     -3.405244000000   2.184326000000   0.261919000000 AA   -6.434978547318   4.127777906767   0.494955176820 Bohr
[INPUT]  8 H      0.518105000000   3.599940000000  -0.098824000000 AA    0.979076553768   6.802900664867  -0.186750294534 Bohr
[INPUT]  9 H     -0.231096000000  -0.518937000000  -0.117038000000 AA   -0.436708148482  -0.980648805903  -0.221169766167 Bohr
[INPUT] 10 H     -2.748517000000  -0.269188000000   0.141588000000 AA   -5.193944378711  -0.508691596019   0.267562542525 Bohr
[INPUT] 11 H     -1.926483000000   4.250364000000   0.161686000000 AA   -3.640525253630   8.032023889711   0.305542258176 Bohr
[INPUT] 12 H      1.556223000000   1.284195000000  -0.255976000000 AA    2.940835258749   2.426776840536  -0.483724534462 Bohr

nuclear repulsion = 197.857260194423
number of shells = 132
number of NR pGTOs = 498
number of NR cGTOs = 414
basis = aug-cc-pvtz
ecp = {}
CPU time:     30353.68


******** <class 'pyscf.scf.hf.RHF'> flags ********
method = RHF
initial guess = minao
damping factor = 0
level shift factor = 0
DIIS = <class 'pyscf.scf.diis.CDIIS'>
DIIS start cycle = 1
DIIS space = 8
SCF tol = 1e-09
SCF gradient tol = None
max. SCF cycles = 120
direct_scf = True
direct_scf_tol = 1e-13
chkfile to save SCF result = b3n3h6.chk
max_memory 10000 MB (current use 160 MB)
Set gradient conv threshold to 3.16228e-05
init E= -242.486310373719
  HOMO = -0.330280304999177  LUMO = 0.0241985934745602
cycle= 1 E= -241.170063201186  delta_E= 1.32  |g|= 0.463  |ddm|= 2.62
  HOMO = -0.395258652596655  LUMO = 0.028944123697281
cycle= 2 E= -241.237885477147  delta_E= -0.0678  |g|= 0.151  |ddm|= 0.709
  HOMO = -0.428401369157408  LUMO = 0.0291200370865202
cycle= 3 E= -241.243649702002  delta_E= -0.00576  |g|= 0.0836  |ddm|= 0.168
  HOMO = -0.409504387707575  LUMO = 0.02938594514926
cycle= 4 E= -241.245131586055  delta_E= -0.00148  |g|= 0.00564  |ddm|= 0.0544
  HOMO = -0.410336757462698  LUMO = 0.0293547603065313
cycle= 5 E= -241.245148403498  delta_E= -1.68e-05  |g|= 0.00117  |ddm|= 0.0103
  HOMO = -0.410192040237231  LUMO = 0.0293579247351515
cycle= 6 E= -241.245149083719  delta_E= -6.8e-07  |g|= 0.000277  |ddm|= 0.00175
  HOMO = -0.410166074885934  LUMO = 0.0293585209104274
cycle= 7 E= -241.245149128515  delta_E= -4.48e-08  |g|= 8.46e-05  |ddm|= 0.000348
  HOMO = -0.41017730985846  LUMO = 0.0293584833726855
cycle= 8 E= -241.245149132775  delta_E= -4.26e-09  |g|= 1.91e-05  |ddm|= 0.00013
  HOMO = -0.410178379622272  LUMO = 0.0293585411599051
cycle= 9 E= -241.245149133105  delta_E= -3.29e-10  |g|= 4.67e-06  |ddm|= 3.73e-05
  HOMO = -0.410178575229401  LUMO = 0.0293585629009983
Extra cycle  E= -241.245149133119  delta_E= -1.42e-11  |g|= 2.12e-06  |ddm|= 6.67e-06
converged SCF energy = -241.245149133119
Electronic spatial extent <R**2> (au): 1102.7028
* Multipoles in the independent field-basis, Gauge -> (0,0,0)
Electronic Dipole moment(X, Y, Z, Debye): -209.7067, 354.0689, 3.1350
Nuclear Dipole moment(X, Y, Z, Debye): -209.7062, 354.0689, 3.1350
Total Dipole moment(X, Y, Z, Debye): 0.0005, -0.0001, -0.0000
Quadrupole moments (Debye-Angs)
Total Quadrupole moments (XX, YY, ZZ): -34.4955, -34.4606, -37.9598
Total Quadrupole moments (XY, XZ, YZ): 0.0091, -0.3502, 0.0799
Octupole moments (Debye-Angs**2)
Total Octupole moments (XXX, YYY, ZZZ, XYY): 96.5554, -188.1110, -1.7567, 47.0112
Total Octupole moments (XXY, XXZ, XZZ, YZZ): -53.9100, 1.4434, 39.3148, -66.6093
Total Octupole moments (YYZ, XYZ): -1.5287, -1.1110
Hexadecapole moments (Debye-Angs**3)
Total Hexadecapole moments (XXXX, YYYY, ZZZZ, XXXY): -491.3892, -999.5586, -46.1063, 148.4808
Total Hexadecapole moments (XXXZ, YYYX, YYYZ, ZZZX): 8.3078, 254.1007, -11.5576, 17.1082
Total Hexadecapole moments (ZZZY, XXYY, XXZZ, YYZZ): -6.5371, -248.3092, -106.0917, -183.0454
Total Hexadecapole moments (XXYZ, YYXZ, ZZXY): 2.6836, 3.1681, 68.8042
