#INFO: **** input file is /home/jluis/src/git/db/molecules-wfn/hf/run_sp.py ****
#!/usr/bin/env python

import numpy, sys, os
from pyscf import lib, gto, scf, dft
from pyscf.tools import molden
from pyscf.data import radii

def read_molecule(path):

    charge = spin = 0
    with open(path, 'r') as myfile:
        output = myfile.read()
        output = output.lstrip()
        output = output.rstrip()
        output = output.split('\n')

    try:
        int(output[0])
    except ValueError:
        try:
            charge = int(output[0].split(' ')[0])
            spin = int(output[0].split(' ')[1]) - 1
        except ValueError:
            molecule = output
        else:
            molecule = '\n'.join(output[1:])
    else:
        if int(output[0]) == len(output) - 2:
            molecule = '\n'.join(output[2:])
            try:
                charge = int(output[1].split(' ')[0])
                spin = int(output[1].split(' ')[1])-1
            except ValueError:
                pass
        else:
            print "THIS IS NOT A VALID XYZ FILE"

    return (molecule, charge, spin)

directory = '../../molecules/'
files = [i for i in os.listdir(directory) if i.endswith('.xyz')]

for filename in files:

    name = filename[:-8]
    mol = gto.Mole()
    (mol.atom, charge, spin) = read_molecule(directory+filename)
    mol.basis = 'aug-cc-pvtz'
    mol.charge = charge
    mol.spin = spin
    mol.output = name+'.out'
    mol.symmetry = 0
    mol.max_memory = 10000
    mol.verbose = 4
    mol.build()

    mf = scf.RHF(mol) 
    mf = scf.addons.remove_linear_dep_(mf)
    mf.max_cycle = 120
    mf.chkfile = name+'.chk'
    mf.kernel()

    dm = mf.make_rdm1()
    nao = mol.nao_nr()
    unit = 2.541746
    origin = ([0.0,0.0,0.0])
    charges = mol.atom_charges()
    coords  = mol.atom_coords()
    mol.set_common_orig(origin)
    r2 = mol.intor_symmetric('int1e_r2')
    r2 = numpy.einsum('ij,ji->', r2, dm)
    lib.logger.info(mf,'Electronic spatial extent <R**2> (au): %.4f', r2)

    lib.logger.info(mf,'* Multipoles in the independent field-basis, Gauge -> (0,0,0)')
    ao_dip = mol.intor_symmetric('int1e_r', comp=3)
    el_dip = numpy.einsum('xij,ji->x', ao_dip, dm)
    lib.logger.info(mf,'Electronic Dipole moment(X, Y, Z, Debye): %.4f, %.4f, %.4f', *el_dip*unit)
    nucl_dip = numpy.einsum('i,ix->x', charges, coords)
    lib.logger.info(mf,'Nuclear Dipole moment(X, Y, Z, Debye): %.4f, %.4f, %.4f', *nucl_dip*unit)
    mol_dip = (nucl_dip - el_dip) * unit
    lib.logger.info(mf,'Total Dipole moment(X, Y, Z, Debye): %.4f, %.4f, %.4f', *mol_dip)

    lib.logger.info(mf,'Quadrupole moments (Debye-Angs)')
    rr = mol.intor_symmetric('int1e_rr', comp=9).reshape(3,3,nao,nao)
    rr = -1.0*numpy.einsum('xyij,ji->xy', rr, dm)
    rr += numpy.einsum('z,zx,zy->xy', charges, coords, coords)
    rr = rr*unit*lib.param.BOHR
    lib.logger.info(mf,'Total Quadrupole moments (XX, YY, ZZ): %.4f, %.4f, %.4f', \
    rr[0,0], rr[1,1], rr[2,2])
    lib.logger.info(mf,'Total Quadrupole moments (XY, XZ, YZ): %.4f, %.4f, %.4f', \
    rr[0,1], rr[0,2], rr[1,2])
 
    lib.logger.info(mf,'Octupole moments (Debye-Angs**2)')
    rrr = mol.intor_symmetric('int1e_rrr', comp=27).reshape(3,3,3,nao,nao)
    rrr = -1.0*numpy.einsum('xyzij,ji->xyz', rrr, dm)
    rrr += numpy.einsum('z,zx,zy,zk->xyk', charges, coords, coords, coords)
    rrr = rrr*unit*lib.param.BOHR**2
    lib.logger.info(mf,'Total Octupole moments (XXX, YYY, ZZZ, XYY): %.4f, %.4f, %.4f, %.4f', \
    rrr[0,0,0], rrr[1,1,1], rrr[2,2,2], rrr[0,1,1])
    lib.logger.info(mf,'Total Octupole moments (XXY, XXZ, XZZ, YZZ): %.4f, %.4f, %.4f, %.4f', \
    rrr[0,0,1], rrr[0,0,2], rrr[0,2,2], rrr[1,2,2])
    lib.logger.info(mf,'Total Octupole moments (YYZ, XYZ): %.4f, %.4f', rrr[1,1,2], rrr[0,1,2])

    lib.logger.info(mf,'Hexadecapole moments (Debye-Angs**3)')
    rrrr = mol.intor_symmetric('int1e_rrrr', comp=81).reshape(3,3,3,3,nao,nao)
    rrrr = -1.0*numpy.einsum('xyzwij,ji->xyzw', rrrr, dm)
    rrrr += numpy.einsum('z,zx,zy,zk,zw->xykw', charges, coords, coords, coords, coords)
    rrrr = rrrr*unit*lib.param.BOHR**3
    lib.logger.info(mf,'Total Hexadecapole moments (XXXX, YYYY, ZZZZ, XXXY): %.4f, %.4f, %.4f, %.4f', \
    rrrr[0,0,0,0], rrrr[1,1,1,1], rrrr[2,2,2,2], rrrr[0,0,0,1])
    lib.logger.info(mf,'Total Hexadecapole moments (XXXZ, YYYX, YYYZ, ZZZX): %.4f, %.4f, %.4f, %.4f', \
    rrrr[0,0,0,2], rrrr[1,1,1,0], rrrr[1,1,1,2], rrrr[2,2,2,0])
    lib.logger.info(mf,'Total Hexadecapole moments (ZZZY, XXYY, XXZZ, YYZZ): %.4f, %.4f, %.4f, %.4f', \
    rrrr[2,2,2,1], rrrr[0,0,1,1], rrrr[0,0,2,2], rrrr[1,1,2,2])
    lib.logger.info(mf,'Total Hexadecapole moments (XXYZ, YYXZ, ZZXY): %.4f, %.4f, %.4f', \
    rrrr[0,0,1,2], rrrr[1,1,0,2], rrrr[2,2,0,1])
     
    coeff = mf.mo_coeff[:,mf.mo_occ>0]
    occ = mf.mo_occ[mf.mo_occ>0]
    energy = mf.mo_energy[mf.mo_occ>0]
    den_file = name+'.mol'
    fspt = open(den_file,'w')
    molden.header(mol, fspt)
    molden.orbital_coeff(mol, fspt, coeff, ene=energy, occ=occ) 
    fspt.close()                    
    cmd = '/home/jluis/bin/molden2aim '+name
    os.system(cmd)
    den_file = name+'.wfn'
    fspt = open(den_file,'a')
    fspt.write('RHF\n')
    fspt.close()                    

    pmd_file = name+'.pmd'
    fspt = open(pmd_file,'w')
    fspt.write('%s.wfn\n' % (name))
    if (mol.symmetry == False):
        fspt.write('nosymmetry\n')
    fspt.write('tes\n')
    fspt.write('  epsiscp 0.220\n')
    fspt.write('  radialquad 7\n')
    fspt.write('  rmapping 2\n')
    fspt.write('  lmax 10\n')
    fspt.write('  nr 551\n')
    fspt.write('  lebedev 5810\n')
    fspt.write('  betasphere\n')
    for ia in range(mol.natm):
        symb = mol.atom_pure_symbol(ia)
        inuc = lib.parameters.NUC[symb]
        betarad = radii.COVALENT[inuc]/3.5
        fspt.write('  betaradw %d %1.3f\n' % ((ia+1),betarad))
    fspt.write('  radialquadbeta 7\n')
    fspt.write('  rmappingbeta 3\n')
    fspt.write('  lmaxbeta 8\n')
    fspt.write('  nrb 451\n')
    fspt.write('  lebedevbeta 3074\n')
    fspt.write('  dafh\n')
    fspt.write('endtes')
    fspt.close()                    

    cmd = 'rm '+name+'.mol'
    os.system(cmd)
#INFO: ******************** input file end ********************


System: ('Linux', 'silicio', '3.16.0-4-amd64', '#1 SMP Debian 3.16.51-3 (2017-12-13)', 'x86_64', '')  Threads 12
Python 2.7.14 (default, Apr  9 2018, 16:34:43) 
[GCC 7.3.0]
numpy 1.14.2  scipy 1.0.1
Date: Wed Jun 27 21:39:21 2018
PySCF version 1.5
PySCF path  /home/jluis/src/pyscf/pyscf
GIT ORIG_HEAD f2dbb26d09ae5148fbf5975669a994500ac7a4c9
GIT HEAD      ref: refs/heads/master
GIT master branch  f2dbb26d09ae5148fbf5975669a994500ac7a4c9

[ENV] PYSCF_TMPDIR /scratch-ssd/jluis
[CONFIG] conf_file None
[INPUT] verbose = 4
[INPUT] num. atoms = 4
[INPUT] num. electrons = 30
[INPUT] charge = 0
[INPUT] spin (= nelec alpha-beta = 2S) = 0
[INPUT] symmetry 0 subgroup None
[INPUT] Mole.unit = angstrom
[INPUT]  1 B     -2.940111000000   2.821601000000  -0.397850000000 AA   -5.556004565821   5.332053122799  -0.751827538658 Bohr
[INPUT]  2 N     -3.180944000000   3.946624000000   0.112428000000 AA   -6.011112977578   7.458038476635   0.212458128733 Bohr
[INPUT]  3 F     -3.763729000000   4.556608000000   1.140555000000 AA   -7.112417017083   8.610741177002   2.155336580003 Bohr
[INPUT]  4 F     -2.560156000000   1.813867000000  -1.131003000000 AA   -4.837993676162   3.427711856386  -2.137285916061 Bohr

nuclear repulsion = 92.2365463756141
number of shells = 52
number of NR pGTOs = 232
number of NR cGTOs = 184
basis = aug-cc-pvtz
ecp = {}
CPU time:     56611.34


******** <class 'pyscf.scf.hf.RHF'> flags ********
method = RHF
initial guess = minao
damping factor = 0
level shift factor = 0
DIIS = <class 'pyscf.scf.diis.CDIIS'>
DIIS start cycle = 1
DIIS space = 8
SCF tol = 1e-09
SCF gradient tol = None
max. SCF cycles = 120
direct_scf = True
direct_scf_tol = 1e-13
chkfile to save SCF result = bnf2.chk
max_memory 10000 MB (current use 160 MB)
Set gradient conv threshold to 3.16228e-05
init E= -278.564570293667
  HOMO = -0.278620462777039  LUMO = -0.00680410027214893
cycle= 1 E= -277.976260685423  delta_E= 0.588  |g|= 0.559  |ddm|= 1.56
  HOMO = -0.479722972707159  LUMO = 0.0169425667746042
cycle= 2 E= -278.032875319016  delta_E= -0.0566  |g|= 0.269  |ddm|= 0.384
  HOMO = -0.438798988431571  LUMO = 0.0265375911110697
cycle= 3 E= -278.043506546176  delta_E= -0.0106  |g|= 0.0842  |ddm|= 0.142
  HOMO = -0.438152445291228  LUMO = 0.027917985786308
cycle= 4 E= -278.044872508205  delta_E= -0.00137  |g|= 0.0232  |ddm|= 0.0489
  HOMO = -0.437143574081273  LUMO = 0.0275766609993286
cycle= 5 E= -278.045084316783  delta_E= -0.000212  |g|= 0.00818  |ddm|= 0.0219
  HOMO = -0.437939689772647  LUMO = 0.0276679354136845
cycle= 6 E= -278.045118052817  delta_E= -3.37e-05  |g|= 0.00365  |ddm|= 0.00964
  HOMO = -0.437083220138414  LUMO = 0.0276936491924996
cycle= 7 E= -278.045126737692  delta_E= -8.68e-06  |g|= 0.000949  |ddm|= 0.0058
  HOMO = -0.437078017688331  LUMO = 0.0277034373416493
cycle= 8 E= -278.045127454145  delta_E= -7.16e-07  |g|= 0.000292  |ddm|= 0.0018
  HOMO = -0.437021935665578  LUMO = 0.0277059448621883
cycle= 9 E= -278.045127524206  delta_E= -7.01e-08  |g|= 7.48e-05  |ddm|= 0.000535
  HOMO = -0.437027207346927  LUMO = 0.0277048071319428
cycle= 10 E= -278.045127528704  delta_E= -4.5e-09  |g|= 2.31e-05  |ddm|= 0.000126
  HOMO = -0.43702684332313  LUMO = 0.0277043084152336
cycle= 11 E= -278.045127529074  delta_E= -3.7e-10  |g|= 7.56e-06  |ddm|= 3.67e-05
  HOMO = -0.437027371605252  LUMO = 0.0277044849859676
Extra cycle  E= -278.045127529089  delta_E= -1.57e-11  |g|= 4.6e-06  |ddm|= 6.53e-06
converged SCF energy = -278.045127529089
Electronic spatial extent <R**2> (au): 2520.1974
* Multipoles in the independent field-basis, Gauge -> (0,0,0)
Electronic Dipole moment(X, Y, Z, Debye): -451.1088, 477.6304, -4.9017
Nuclear Dipole moment(X, Y, Z, Debye): -450.9350, 475.8469, -5.3617
Total Dipole moment(X, Y, Z, Debye): 0.1738, -1.7835, -0.4601
Quadrupole moments (Debye-Angs)
Total Quadrupole moments (XX, YY, ZZ): -21.2228, -33.7444, -20.8427
Total Quadrupole moments (XY, XZ, YZ): 6.8770, 1.9569, -2.8657
Octupole moments (Debye-Angs**2)
Total Octupole moments (XXX, YYY, ZZZ, XYY): 193.4640, -276.4269, 3.2338, 110.8647
Total Octupole moments (XXY, XXZ, XZZ, YZZ): -93.0711, -6.7600, 64.9497, -68.8833
Total Octupole moments (YYZ, XYZ): -10.5718, 10.1286
Hexadecapole moments (Debye-Angs**3)
Total Hexadecapole moments (XXXX, YYYY, ZZZZ, XXXY): -1234.4902, -1849.8561, -95.3519, 749.1421
Total Hexadecapole moments (XXXZ, YYYX, YYYZ, ZZZX): 40.4352, 908.1130, -79.3155, 10.9270
Total Hexadecapole moments (ZZZY, XXYY, XXZZ, YYZZ): -39.2119, -620.9292, -224.8357, -271.0262
Total Hexadecapole moments (XXYZ, YYXZ, ZZXY): -48.5104, 43.8378, 224.3627
