#INFO: **** input file is /home/jluis/src/git/db/molecules-wfn/hf/run_sp.py ****
#!/usr/bin/env python

import numpy, sys, os
from pyscf import lib, gto, scf, dft
from pyscf.tools import molden
from pyscf.data import radii

def read_molecule(path):

    charge = spin = 0
    with open(path, 'r') as myfile:
        output = myfile.read()
        output = output.lstrip()
        output = output.rstrip()
        output = output.split('\n')

    try:
        int(output[0])
    except ValueError:
        try:
            charge = int(output[0].split(' ')[0])
            spin = int(output[0].split(' ')[1]) - 1
        except ValueError:
            molecule = output
        else:
            molecule = '\n'.join(output[1:])
    else:
        if int(output[0]) == len(output) - 2:
            molecule = '\n'.join(output[2:])
            try:
                charge = int(output[1].split(' ')[0])
                spin = int(output[1].split(' ')[1])-1
            except ValueError:
                pass
        else:
            print "THIS IS NOT A VALID XYZ FILE"

    return (molecule, charge, spin)

directory = '../../molecules/'
files = [i for i in os.listdir(directory) if i.endswith('.xyz')]

for filename in files:

    name = filename[:-8]
    mol = gto.Mole()
    (mol.atom, charge, spin) = read_molecule(directory+filename)
    mol.basis = 'aug-cc-pvtz'
    mol.charge = charge
    mol.spin = spin
    mol.output = name+'.out'
    mol.symmetry = 0
    mol.max_memory = 10000
    mol.verbose = 4
    mol.build()

    mf = scf.RHF(mol) 
    mf = scf.addons.remove_linear_dep_(mf)
    mf.max_cycle = 120
    mf.chkfile = name+'.chk'
    mf.kernel()

    dm = mf.make_rdm1()
    nao = mol.nao_nr()
    unit = 2.541746
    origin = ([0.0,0.0,0.0])
    charges = mol.atom_charges()
    coords  = mol.atom_coords()
    mol.set_common_orig(origin)
    r2 = mol.intor_symmetric('int1e_r2')
    r2 = numpy.einsum('ij,ji->', r2, dm)
    lib.logger.info(mf,'Electronic spatial extent <R**2> (au): %.4f', r2)

    lib.logger.info(mf,'* Multipoles in the independent field-basis, Gauge -> (0,0,0)')
    ao_dip = mol.intor_symmetric('int1e_r', comp=3)
    el_dip = numpy.einsum('xij,ji->x', ao_dip, dm)
    lib.logger.info(mf,'Electronic Dipole moment(X, Y, Z, Debye): %.4f, %.4f, %.4f', *el_dip*unit)
    nucl_dip = numpy.einsum('i,ix->x', charges, coords)
    lib.logger.info(mf,'Nuclear Dipole moment(X, Y, Z, Debye): %.4f, %.4f, %.4f', *nucl_dip*unit)
    mol_dip = (nucl_dip - el_dip) * unit
    lib.logger.info(mf,'Total Dipole moment(X, Y, Z, Debye): %.4f, %.4f, %.4f', *mol_dip)

    lib.logger.info(mf,'Quadrupole moments (Debye-Angs)')
    rr = mol.intor_symmetric('int1e_rr', comp=9).reshape(3,3,nao,nao)
    rr = -1.0*numpy.einsum('xyij,ji->xy', rr, dm)
    rr += numpy.einsum('z,zx,zy->xy', charges, coords, coords)
    rr = rr*unit*lib.param.BOHR
    lib.logger.info(mf,'Total Quadrupole moments (XX, YY, ZZ): %.4f, %.4f, %.4f', \
    rr[0,0], rr[1,1], rr[2,2])
    lib.logger.info(mf,'Total Quadrupole moments (XY, XZ, YZ): %.4f, %.4f, %.4f', \
    rr[0,1], rr[0,2], rr[1,2])
 
    lib.logger.info(mf,'Octupole moments (Debye-Angs**2)')
    rrr = mol.intor_symmetric('int1e_rrr', comp=27).reshape(3,3,3,nao,nao)
    rrr = -1.0*numpy.einsum('xyzij,ji->xyz', rrr, dm)
    rrr += numpy.einsum('z,zx,zy,zk->xyk', charges, coords, coords, coords)
    rrr = rrr*unit*lib.param.BOHR**2
    lib.logger.info(mf,'Total Octupole moments (XXX, YYY, ZZZ, XYY): %.4f, %.4f, %.4f, %.4f', \
    rrr[0,0,0], rrr[1,1,1], rrr[2,2,2], rrr[0,1,1])
    lib.logger.info(mf,'Total Octupole moments (XXY, XXZ, XZZ, YZZ): %.4f, %.4f, %.4f, %.4f', \
    rrr[0,0,1], rrr[0,0,2], rrr[0,2,2], rrr[1,2,2])
    lib.logger.info(mf,'Total Octupole moments (YYZ, XYZ): %.4f, %.4f', rrr[1,1,2], rrr[0,1,2])

    lib.logger.info(mf,'Hexadecapole moments (Debye-Angs**3)')
    rrrr = mol.intor_symmetric('int1e_rrrr', comp=81).reshape(3,3,3,3,nao,nao)
    rrrr = -1.0*numpy.einsum('xyzwij,ji->xyzw', rrrr, dm)
    rrrr += numpy.einsum('z,zx,zy,zk,zw->xykw', charges, coords, coords, coords, coords)
    rrrr = rrrr*unit*lib.param.BOHR**3
    lib.logger.info(mf,'Total Hexadecapole moments (XXXX, YYYY, ZZZZ, XXXY): %.4f, %.4f, %.4f, %.4f', \
    rrrr[0,0,0,0], rrrr[1,1,1,1], rrrr[2,2,2,2], rrrr[0,0,0,1])
    lib.logger.info(mf,'Total Hexadecapole moments (XXXZ, YYYX, YYYZ, ZZZX): %.4f, %.4f, %.4f, %.4f', \
    rrrr[0,0,0,2], rrrr[1,1,1,0], rrrr[1,1,1,2], rrrr[2,2,2,0])
    lib.logger.info(mf,'Total Hexadecapole moments (ZZZY, XXYY, XXZZ, YYZZ): %.4f, %.4f, %.4f, %.4f', \
    rrrr[2,2,2,1], rrrr[0,0,1,1], rrrr[0,0,2,2], rrrr[1,1,2,2])
    lib.logger.info(mf,'Total Hexadecapole moments (XXYZ, YYXZ, ZZXY): %.4f, %.4f, %.4f', \
    rrrr[0,0,1,2], rrrr[1,1,0,2], rrrr[2,2,0,1])
     
    coeff = mf.mo_coeff[:,mf.mo_occ>0]
    occ = mf.mo_occ[mf.mo_occ>0]
    energy = mf.mo_energy[mf.mo_occ>0]
    den_file = name+'.mol'
    fspt = open(den_file,'w')
    molden.header(mol, fspt)
    molden.orbital_coeff(mol, fspt, coeff, ene=energy, occ=occ) 
    fspt.close()                    
    cmd = '/home/jluis/bin/molden2aim '+name
    os.system(cmd)
    den_file = name+'.wfn'
    fspt = open(den_file,'a')
    fspt.write('RHF\n')
    fspt.close()                    

    pmd_file = name+'.pmd'
    fspt = open(pmd_file,'w')
    fspt.write('%s.wfn\n' % (name))
    if (mol.symmetry == False):
        fspt.write('nosymmetry\n')
    fspt.write('tes\n')
    fspt.write('  epsiscp 0.220\n')
    fspt.write('  radialquad 7\n')
    fspt.write('  rmapping 2\n')
    fspt.write('  lmax 10\n')
    fspt.write('  nr 551\n')
    fspt.write('  lebedev 5810\n')
    fspt.write('  betasphere\n')
    for ia in range(mol.natm):
        symb = mol.atom_pure_symbol(ia)
        inuc = lib.parameters.NUC[symb]
        betarad = radii.COVALENT[inuc]/3.5
        fspt.write('  betaradw %d %1.3f\n' % ((ia+1),betarad))
    fspt.write('  radialquadbeta 7\n')
    fspt.write('  rmappingbeta 3\n')
    fspt.write('  lmaxbeta 8\n')
    fspt.write('  nrb 451\n')
    fspt.write('  lebedevbeta 3074\n')
    fspt.write('  dafh\n')
    fspt.write('endtes')
    fspt.close()                    

    cmd = 'rm '+name+'.mol'
    os.system(cmd)
#INFO: ******************** input file end ********************


System: ('Linux', 'silicio', '3.16.0-4-amd64', '#1 SMP Debian 3.16.51-3 (2017-12-13)', 'x86_64', '')  Threads 12
Python 2.7.14 (default, Apr  9 2018, 16:34:43) 
[GCC 7.3.0]
numpy 1.14.2  scipy 1.0.1
Date: Wed Jun 27 23:14:57 2018
PySCF version 1.5
PySCF path  /home/jluis/src/pyscf/pyscf
GIT ORIG_HEAD f2dbb26d09ae5148fbf5975669a994500ac7a4c9
GIT HEAD      ref: refs/heads/master
GIT master branch  f2dbb26d09ae5148fbf5975669a994500ac7a4c9

[ENV] PYSCF_TMPDIR /scratch-ssd/jluis
[CONFIG] conf_file None
[INPUT] verbose = 4
[INPUT] num. atoms = 5
[INPUT] num. electrons = 94
[INPUT] charge = 0
[INPUT] spin (= nelec alpha-beta = 2S) = 0
[INPUT] symmetry 0 subgroup None
[INPUT] Mole.unit = angstrom
[INPUT]  1 Br    -5.278590000000  -1.773967000000   0.355962000000 AA   -9.975089423868  -3.352311784016   0.672670690752 Bohr
[INPUT]  2 O     -3.473387000000  -1.632567000000   0.009133000000 AA   -6.563750154625  -3.085104510003   0.017258868696 Bohr
[INPUT]  3 Br    -2.870522000000   0.122131000000  -0.179904000000 AA   -5.424500414539   0.230794141319  -0.339969288714 Bohr
[INPUT]  4 O     -1.969446000000   2.377483000000  -0.445552000000 AA   -3.721713557120   4.492791735809  -0.841971254252 Bohr
[INPUT]  5 O     -0.801535000000   2.503031000000  -0.668169000000 AA   -1.514681629253   4.730043071296  -1.262656414925 Bohr

nuclear repulsion = 569.43664615204
number of shells = 67
number of NR pGTOs = 428
number of NR cGTOs = 256
basis = aug-cc-pvtz
ecp = {}
CPU time:    124124.22


******** <class 'pyscf.scf.hf.RHF'> flags ********
method = RHF
initial guess = minao
damping factor = 0
level shift factor = 0
DIIS = <class 'pyscf.scf.diis.CDIIS'>
DIIS start cycle = 1
DIIS space = 8
SCF tol = 1e-09
SCF gradient tol = None
max. SCF cycles = 120
direct_scf = True
direct_scf_tol = 1e-13
chkfile to save SCF result = br2o3.chk
max_memory 10000 MB (current use 165 MB)
Set gradient conv threshold to 3.16228e-05
init E= -5367.44620040016
  HOMO = -0.231798777240732  LUMO = -0.215740139433829
cycle= 1 E= -5369.10971978362  delta_E= -1.66  |g|= 0.695  |ddm|= 2.43
  HOMO = -0.375374493957088  LUMO = -0.190192055307113
cycle= 2 E= -5369.23237249308  delta_E= -0.123  |g|= 0.453  |ddm|= 0.773
  HOMO = -0.40790858449228  LUMO = -0.0314716831121745
cycle= 3 E= -5369.27120493438  delta_E= -0.0388  |g|= 0.153  |ddm|= 0.281
  HOMO = -0.404107534395392  LUMO = -0.010507164795145
cycle= 4 E= -5369.27751377858  delta_E= -0.00631  |g|= 0.0731  |ddm|= 0.138
  HOMO = -0.407440282655471  LUMO = -0.00954592696573838
cycle= 5 E= -5369.27933902642  delta_E= -0.00183  |g|= 0.0138  |ddm|= 0.0747
  HOMO = -0.407736726664653  LUMO = -0.0085253733644521
cycle= 6 E= -5369.27946514984  delta_E= -0.000126  |g|= 0.00539  |ddm|= 0.0241
  HOMO = -0.407381535446319  LUMO = -0.00844786502410659
cycle= 7 E= -5369.27947667617  delta_E= -1.15e-05  |g|= 0.0028  |ddm|= 0.00725
  HOMO = -0.407640764439584  LUMO = -0.00811168443473736
cycle= 8 E= -5369.2794792666  delta_E= -2.59e-06  |g|= 0.000976  |ddm|= 0.00261
  HOMO = -0.40770236576268  LUMO = -0.00795343072914915
cycle= 9 E= -5369.27947977181  delta_E= -5.05e-07  |g|= 0.00038  |ddm|= 0.0014
  HOMO = -0.407669084689069  LUMO = -0.00795165853527675
cycle= 10 E= -5369.27947989508  delta_E= -1.23e-07  |g|= 0.00012  |ddm|= 0.000812
  HOMO = -0.40767855237087  LUMO = -0.00794457985323552
cycle= 11 E= -5369.27947990896  delta_E= -1.39e-08  |g|= 3.74e-05  |ddm|= 0.000299
  HOMO = -0.407681220825534  LUMO = -0.00793840962811372
cycle= 12 E= -5369.27947990986  delta_E= -8.99e-10  |g|= 1.55e-05  |ddm|= 6.76e-05
  HOMO = -0.407679822520525  LUMO = -0.00794113239837165
Extra cycle  E= -5369.27947990997  delta_E= -1.13e-10  |g|= 8.8e-06  |ddm|= 1.69e-05
converged SCF energy = -5369.27947990997
Electronic spatial extent <R**2> (au): 5950.2716
* Multipoles in the independent field-basis, Gauge -> (0,0,0)
Electronic Dipole moment(X, Y, Z, Debye): -1610.1559, -154.7602, -12.7210
Nuclear Dipole moment(X, Y, Z, Debye): -1609.9084, -152.8893, -12.8470
Total Dipole moment(X, Y, Z, Debye): 0.2475, 1.8709, -0.1260
Quadrupole moments (Debye-Angs)
Total Quadrupole moments (XX, YY, ZZ): -49.4123, -51.8985, -51.8401
Total Quadrupole moments (XY, XZ, YZ): -2.4460, -0.5791, -0.8835
Octupole moments (Debye-Angs**2)
Total Octupole moments (XXX, YYY, ZZZ, XYY): 500.2065, 49.0832, 5.1027, 183.1321
Total Octupole moments (XXY, XXZ, XZZ, YZZ): 7.2175, 10.4167, 183.3951, 17.1523
Total Octupole moments (YYZ, XYZ): 1.9691, 3.7038
Hexadecapole moments (Debye-Angs**3)
Total Hexadecapole moments (XXXX, YYYY, ZZZZ, XXXY): -4095.6023, -867.7344, -92.0834, -363.7730
Total Hexadecapole moments (XXXZ, YYYX, YYYZ, ZZZX): -14.6731, -498.8989, 77.1165, 58.3003
Total Hexadecapole moments (ZZZY, XXYY, XXZZ, YYZZ): 74.5849, -889.8301, -783.3260, -152.4916
Total Hexadecapole moments (XXYZ, YYXZ, ZZXY): 4.2004, 15.9426, -167.3198
