#INFO: **** input file is /home/jluis/src/git/db/molecules-wfn/hf/run_sp.py ****
#!/usr/bin/env python

import numpy, sys, os
from pyscf import lib, gto, scf, dft
from pyscf.tools import molden
from pyscf.data import radii

def read_molecule(path):

    charge = spin = 0
    with open(path, 'r') as myfile:
        output = myfile.read()
        output = output.lstrip()
        output = output.rstrip()
        output = output.split('\n')

    try:
        int(output[0])
    except ValueError:
        try:
            charge = int(output[0].split(' ')[0])
            spin = int(output[0].split(' ')[1]) - 1
        except ValueError:
            molecule = output
        else:
            molecule = '\n'.join(output[1:])
    else:
        if int(output[0]) == len(output) - 2:
            molecule = '\n'.join(output[2:])
            try:
                charge = int(output[1].split(' ')[0])
                spin = int(output[1].split(' ')[1])-1
            except ValueError:
                pass
        else:
            print "THIS IS NOT A VALID XYZ FILE"

    return (molecule, charge, spin)

directory = '../../molecules/'
files = [i for i in os.listdir(directory) if i.endswith('.xyz')]

for filename in files:

    name = filename[:-8]
    mol = gto.Mole()
    (mol.atom, charge, spin) = read_molecule(directory+filename)
    mol.basis = 'aug-cc-pvtz'
    mol.charge = charge
    mol.spin = spin
    mol.output = name+'.out'
    mol.symmetry = 0
    mol.max_memory = 10000
    mol.verbose = 4
    mol.build()

    mf = scf.RHF(mol) 
    mf = scf.addons.remove_linear_dep_(mf)
    mf.max_cycle = 120
    mf.chkfile = name+'.chk'
    mf.kernel()

    dm = mf.make_rdm1()
    nao = mol.nao_nr()
    unit = 2.541746
    origin = ([0.0,0.0,0.0])
    charges = mol.atom_charges()
    coords  = mol.atom_coords()
    mol.set_common_orig(origin)
    r2 = mol.intor_symmetric('int1e_r2')
    r2 = numpy.einsum('ij,ji->', r2, dm)
    lib.logger.info(mf,'Electronic spatial extent <R**2> (au): %.4f', r2)

    lib.logger.info(mf,'* Multipoles in the independent field-basis, Gauge -> (0,0,0)')
    ao_dip = mol.intor_symmetric('int1e_r', comp=3)
    el_dip = numpy.einsum('xij,ji->x', ao_dip, dm)
    lib.logger.info(mf,'Electronic Dipole moment(X, Y, Z, Debye): %.4f, %.4f, %.4f', *el_dip*unit)
    nucl_dip = numpy.einsum('i,ix->x', charges, coords)
    lib.logger.info(mf,'Nuclear Dipole moment(X, Y, Z, Debye): %.4f, %.4f, %.4f', *nucl_dip*unit)
    mol_dip = (nucl_dip - el_dip) * unit
    lib.logger.info(mf,'Total Dipole moment(X, Y, Z, Debye): %.4f, %.4f, %.4f', *mol_dip)

    lib.logger.info(mf,'Quadrupole moments (Debye-Angs)')
    rr = mol.intor_symmetric('int1e_rr', comp=9).reshape(3,3,nao,nao)
    rr = -1.0*numpy.einsum('xyij,ji->xy', rr, dm)
    rr += numpy.einsum('z,zx,zy->xy', charges, coords, coords)
    rr = rr*unit*lib.param.BOHR
    lib.logger.info(mf,'Total Quadrupole moments (XX, YY, ZZ): %.4f, %.4f, %.4f', \
    rr[0,0], rr[1,1], rr[2,2])
    lib.logger.info(mf,'Total Quadrupole moments (XY, XZ, YZ): %.4f, %.4f, %.4f', \
    rr[0,1], rr[0,2], rr[1,2])
 
    lib.logger.info(mf,'Octupole moments (Debye-Angs**2)')
    rrr = mol.intor_symmetric('int1e_rrr', comp=27).reshape(3,3,3,nao,nao)
    rrr = -1.0*numpy.einsum('xyzij,ji->xyz', rrr, dm)
    rrr += numpy.einsum('z,zx,zy,zk->xyk', charges, coords, coords, coords)
    rrr = rrr*unit*lib.param.BOHR**2
    lib.logger.info(mf,'Total Octupole moments (XXX, YYY, ZZZ, XYY): %.4f, %.4f, %.4f, %.4f', \
    rrr[0,0,0], rrr[1,1,1], rrr[2,2,2], rrr[0,1,1])
    lib.logger.info(mf,'Total Octupole moments (XXY, XXZ, XZZ, YZZ): %.4f, %.4f, %.4f, %.4f', \
    rrr[0,0,1], rrr[0,0,2], rrr[0,2,2], rrr[1,2,2])
    lib.logger.info(mf,'Total Octupole moments (YYZ, XYZ): %.4f, %.4f', rrr[1,1,2], rrr[0,1,2])

    lib.logger.info(mf,'Hexadecapole moments (Debye-Angs**3)')
    rrrr = mol.intor_symmetric('int1e_rrrr', comp=81).reshape(3,3,3,3,nao,nao)
    rrrr = -1.0*numpy.einsum('xyzwij,ji->xyzw', rrrr, dm)
    rrrr += numpy.einsum('z,zx,zy,zk,zw->xykw', charges, coords, coords, coords, coords)
    rrrr = rrrr*unit*lib.param.BOHR**3
    lib.logger.info(mf,'Total Hexadecapole moments (XXXX, YYYY, ZZZZ, XXXY): %.4f, %.4f, %.4f, %.4f', \
    rrrr[0,0,0,0], rrrr[1,1,1,1], rrrr[2,2,2,2], rrrr[0,0,0,1])
    lib.logger.info(mf,'Total Hexadecapole moments (XXXZ, YYYX, YYYZ, ZZZX): %.4f, %.4f, %.4f, %.4f', \
    rrrr[0,0,0,2], rrrr[1,1,1,0], rrrr[1,1,1,2], rrrr[2,2,2,0])
    lib.logger.info(mf,'Total Hexadecapole moments (ZZZY, XXYY, XXZZ, YYZZ): %.4f, %.4f, %.4f, %.4f', \
    rrrr[2,2,2,1], rrrr[0,0,1,1], rrrr[0,0,2,2], rrrr[1,1,2,2])
    lib.logger.info(mf,'Total Hexadecapole moments (XXYZ, YYXZ, ZZXY): %.4f, %.4f, %.4f', \
    rrrr[0,0,1,2], rrrr[1,1,0,2], rrrr[2,2,0,1])
     
    coeff = mf.mo_coeff[:,mf.mo_occ>0]
    occ = mf.mo_occ[mf.mo_occ>0]
    energy = mf.mo_energy[mf.mo_occ>0]
    den_file = name+'.mol'
    fspt = open(den_file,'w')
    molden.header(mol, fspt)
    molden.orbital_coeff(mol, fspt, coeff, ene=energy, occ=occ) 
    fspt.close()                    
    cmd = '/home/jluis/bin/molden2aim '+name
    os.system(cmd)
    den_file = name+'.wfn'
    fspt = open(den_file,'a')
    fspt.write('RHF\n')
    fspt.close()                    

    pmd_file = name+'.pmd'
    fspt = open(pmd_file,'w')
    fspt.write('%s.wfn\n' % (name))
    if (mol.symmetry == False):
        fspt.write('nosymmetry\n')
    fspt.write('tes\n')
    fspt.write('  epsiscp 0.220\n')
    fspt.write('  radialquad 7\n')
    fspt.write('  rmapping 2\n')
    fspt.write('  lmax 10\n')
    fspt.write('  nr 551\n')
    fspt.write('  lebedev 5810\n')
    fspt.write('  betasphere\n')
    for ia in range(mol.natm):
        symb = mol.atom_pure_symbol(ia)
        inuc = lib.parameters.NUC[symb]
        betarad = radii.COVALENT[inuc]/3.5
        fspt.write('  betaradw %d %1.3f\n' % ((ia+1),betarad))
    fspt.write('  radialquadbeta 7\n')
    fspt.write('  rmappingbeta 3\n')
    fspt.write('  lmaxbeta 8\n')
    fspt.write('  nrb 451\n')
    fspt.write('  lebedevbeta 3074\n')
    fspt.write('  dafh\n')
    fspt.write('endtes')
    fspt.close()                    

    cmd = 'rm '+name+'.mol'
    os.system(cmd)
#INFO: ******************** input file end ********************


System: ('Linux', 'silicio', '3.16.0-4-amd64', '#1 SMP Debian 3.16.51-3 (2017-12-13)', 'x86_64', '')  Threads 12
Python 2.7.14 (default, Apr  9 2018, 16:34:43) 
[GCC 7.3.0]
numpy 1.14.2  scipy 1.0.1
Date: Wed Jun 27 22:00:00 2018
PySCF version 1.5
PySCF path  /home/jluis/src/pyscf/pyscf
GIT ORIG_HEAD f2dbb26d09ae5148fbf5975669a994500ac7a4c9
GIT HEAD      ref: refs/heads/master
GIT master branch  f2dbb26d09ae5148fbf5975669a994500ac7a4c9

[ENV] PYSCF_TMPDIR /scratch-ssd/jluis
[CONFIG] conf_file None
[INPUT] verbose = 4
[INPUT] num. atoms = 7
[INPUT] num. electrons = 24
[INPUT] charge = 0
[INPUT] spin (= nelec alpha-beta = 2S) = 0
[INPUT] symmetry 0 subgroup None
[INPUT] Mole.unit = angstrom
[INPUT]  1 O      0.001569000000   0.000000000000   0.002587000000 AA    0.002964980289   0.000000000000   0.004888721484 Bohr
[INPUT]  2 C     -0.000750000000   0.000000000000   1.428350000000 AA   -0.001417294593   0.000000000000   2.699190310023 Bohr
[INPUT]  3 C      1.257257000000   0.000000000000   0.677819000000 AA    2.375871398192   0.000000000000   1.280892272027 Bohr
[INPUT]  4 H     -0.351562000000  -0.926544000000   1.890969000000 AA   -0.664355895804  -1.750914402359   3.573413520043 Bohr
[INPUT]  5 H     -0.351562000000   0.926544000000   1.890969000000 AA   -0.664355895804   1.750914402359   3.573413520043 Bohr
[INPUT]  6 H      1.830976000000  -0.926553000000   0.588916000000 AA    3.460043180652  -1.750931409894   1.112889950374 Bohr
[INPUT]  7 H      1.830976000000   0.926553000000   0.588916000000 AA    3.460043180652   1.750931409894   1.112889950374 Bohr

nuclear repulsion = 75.2412184029474
number of shells = 75
number of NR pGTOs = 274
number of NR cGTOs = 230
basis = aug-cc-pvtz
ecp = {}
CPU time:     71157.49


******** <class 'pyscf.scf.hf.RHF'> flags ********
method = RHF
initial guess = minao
damping factor = 0
level shift factor = 0
DIIS = <class 'pyscf.scf.diis.CDIIS'>
DIIS start cycle = 1
DIIS space = 8
SCF tol = 1e-09
SCF gradient tol = None
max. SCF cycles = 120
direct_scf = True
direct_scf_tol = 1e-13
chkfile to save SCF result = c2c2o.chk
max_memory 10000 MB (current use 165 MB)
Set gradient conv threshold to 3.16228e-05
init E= -153.57879269311
  HOMO = -0.369972343934154  LUMO = 0.0273259568008411
cycle= 1 E= -152.872835471943  delta_E= 0.706  |g|= 0.483  |ddm|= 2.08
  HOMO = -0.385676146470457  LUMO = 0.0252469944988886
cycle= 2 E= -152.909124489287  delta_E= -0.0363  |g|= 0.326  |ddm|= 0.493
  HOMO = -0.454712068257032  LUMO = 0.0295617362247924
cycle= 3 E= -152.926919421747  delta_E= -0.0178  |g|= 0.0723  |ddm|= 0.187
  HOMO = -0.447739184729604  LUMO = 0.0298917014260663
cycle= 4 E= -152.928001017238  delta_E= -0.00108  |g|= 0.0113  |ddm|= 0.069
  HOMO = -0.451921680746729  LUMO = 0.0298507933624053
cycle= 5 E= -152.928034451706  delta_E= -3.34e-05  |g|= 0.00312  |ddm|= 0.0108
  HOMO = -0.451533591601349  LUMO = 0.0298522719896115
cycle= 6 E= -152.928038145497  delta_E= -3.69e-06  |g|= 0.000792  |ddm|= 0.00363
  HOMO = -0.451734150465232  LUMO = 0.0298626837585626
cycle= 7 E= -152.928038581122  delta_E= -4.36e-07  |g|= 0.000189  |ddm|= 0.00191
  HOMO = -0.451727296246442  LUMO = 0.0298648452372203
cycle= 8 E= -152.928038608846  delta_E= -2.77e-08  |g|= 3.25e-05  |ddm|= 0.000529
  HOMO = -0.451731043307414  LUMO = 0.0298645478579054
cycle= 9 E= -152.928038609536  delta_E= -6.91e-10  |g|= 6.6e-06  |ddm|= 5.64e-05
  HOMO = -0.451730274385849  LUMO = 0.0298646795001457
Extra cycle  E= -152.92803860956  delta_E= -2.42e-11  |g|= 2.87e-06  |ddm|= 9.2e-06
converged SCF energy = -152.92803860956
Electronic spatial extent <R**2> (au): 190.4324
* Multipoles in the independent field-basis, Gauge -> (0,0,0)
Electronic Dipole moment(X, Y, Z, Debye): 49.3676, -0.0000, 82.7495
Nuclear Dipole moment(X, Y, Z, Debye): 50.4837, 0.0000, 84.6203
Total Dipole moment(X, Y, Z, Debye): 1.1161, 0.0000, 1.8709
Quadrupole moments (Debye-Angs)
Total Quadrupole moments (XX, YY, ZZ): -16.5795, -17.2746, -17.1235
Total Quadrupole moments (XY, XZ, YZ): 0.0000, -0.5041, -0.0000
Octupole moments (Debye-Angs**2)
Total Octupole moments (XXX, YYY, ZZZ, XYY): -22.5099, 0.0000, -41.6742, -7.4067
Total Octupole moments (XXY, XXZ, XZZ, YZZ): 0.0000, -14.0296, -10.7229, 0.0000
Total Octupole moments (YYZ, XYZ): -12.4151, 0.0000
Hexadecapole moments (Debye-Angs**3)
Total Hexadecapole moments (XXXX, YYYY, ZZZZ, XXXY): -91.2426, -29.7759, -127.3333, 0.0000
Total Hexadecapole moments (XXXZ, YYYX, YYYZ, ZZZX): -13.6357, 0.0000, -0.0000, -19.7928
Total Hexadecapole moments (ZZZY, XXYY, XXZZ, YYZZ): 0.0000, -18.2449, -39.1229, -24.1513
Total Hexadecapole moments (XXYZ, YYXZ, ZZXY): 0.0000, -5.4704, 0.0000
