#INFO: **** input file is /home/jluis/src/git/db/molecules-wfn/hf/run_sp.py ****
#!/usr/bin/env python

import numpy, sys, os
from pyscf import lib, gto, scf, dft
from pyscf.tools import molden
from pyscf.data import radii

def read_molecule(path):

    charge = spin = 0
    with open(path, 'r') as myfile:
        output = myfile.read()
        output = output.lstrip()
        output = output.rstrip()
        output = output.split('\n')

    try:
        int(output[0])
    except ValueError:
        try:
            charge = int(output[0].split(' ')[0])
            spin = int(output[0].split(' ')[1]) - 1
        except ValueError:
            molecule = output
        else:
            molecule = '\n'.join(output[1:])
    else:
        if int(output[0]) == len(output) - 2:
            molecule = '\n'.join(output[2:])
            try:
                charge = int(output[1].split(' ')[0])
                spin = int(output[1].split(' ')[1])-1
            except ValueError:
                pass
        else:
            print "THIS IS NOT A VALID XYZ FILE"

    return (molecule, charge, spin)

directory = '../../molecules/'
files = [i for i in os.listdir(directory) if i.endswith('.xyz')]

for filename in files:

    name = filename[:-8]
    mol = gto.Mole()
    (mol.atom, charge, spin) = read_molecule(directory+filename)
    mol.basis = 'aug-cc-pvtz'
    mol.charge = charge
    mol.spin = spin
    mol.output = name+'.out'
    mol.symmetry = 0
    mol.max_memory = 10000
    mol.verbose = 4
    mol.build()

    mf = scf.RHF(mol) 
    mf = scf.addons.remove_linear_dep_(mf)
    mf.max_cycle = 120
    mf.chkfile = name+'.chk'
    mf.kernel()

    dm = mf.make_rdm1()
    nao = mol.nao_nr()
    unit = 2.541746
    origin = ([0.0,0.0,0.0])
    charges = mol.atom_charges()
    coords  = mol.atom_coords()
    mol.set_common_orig(origin)
    r2 = mol.intor_symmetric('int1e_r2')
    r2 = numpy.einsum('ij,ji->', r2, dm)
    lib.logger.info(mf,'Electronic spatial extent <R**2> (au): %.4f', r2)

    lib.logger.info(mf,'* Multipoles in the independent field-basis, Gauge -> (0,0,0)')
    ao_dip = mol.intor_symmetric('int1e_r', comp=3)
    el_dip = numpy.einsum('xij,ji->x', ao_dip, dm)
    lib.logger.info(mf,'Electronic Dipole moment(X, Y, Z, Debye): %.4f, %.4f, %.4f', *el_dip*unit)
    nucl_dip = numpy.einsum('i,ix->x', charges, coords)
    lib.logger.info(mf,'Nuclear Dipole moment(X, Y, Z, Debye): %.4f, %.4f, %.4f', *nucl_dip*unit)
    mol_dip = (nucl_dip - el_dip) * unit
    lib.logger.info(mf,'Total Dipole moment(X, Y, Z, Debye): %.4f, %.4f, %.4f', *mol_dip)

    lib.logger.info(mf,'Quadrupole moments (Debye-Angs)')
    rr = mol.intor_symmetric('int1e_rr', comp=9).reshape(3,3,nao,nao)
    rr = -1.0*numpy.einsum('xyij,ji->xy', rr, dm)
    rr += numpy.einsum('z,zx,zy->xy', charges, coords, coords)
    rr = rr*unit*lib.param.BOHR
    lib.logger.info(mf,'Total Quadrupole moments (XX, YY, ZZ): %.4f, %.4f, %.4f', \
    rr[0,0], rr[1,1], rr[2,2])
    lib.logger.info(mf,'Total Quadrupole moments (XY, XZ, YZ): %.4f, %.4f, %.4f', \
    rr[0,1], rr[0,2], rr[1,2])
 
    lib.logger.info(mf,'Octupole moments (Debye-Angs**2)')
    rrr = mol.intor_symmetric('int1e_rrr', comp=27).reshape(3,3,3,nao,nao)
    rrr = -1.0*numpy.einsum('xyzij,ji->xyz', rrr, dm)
    rrr += numpy.einsum('z,zx,zy,zk->xyk', charges, coords, coords, coords)
    rrr = rrr*unit*lib.param.BOHR**2
    lib.logger.info(mf,'Total Octupole moments (XXX, YYY, ZZZ, XYY): %.4f, %.4f, %.4f, %.4f', \
    rrr[0,0,0], rrr[1,1,1], rrr[2,2,2], rrr[0,1,1])
    lib.logger.info(mf,'Total Octupole moments (XXY, XXZ, XZZ, YZZ): %.4f, %.4f, %.4f, %.4f', \
    rrr[0,0,1], rrr[0,0,2], rrr[0,2,2], rrr[1,2,2])
    lib.logger.info(mf,'Total Octupole moments (YYZ, XYZ): %.4f, %.4f', rrr[1,1,2], rrr[0,1,2])

    lib.logger.info(mf,'Hexadecapole moments (Debye-Angs**3)')
    rrrr = mol.intor_symmetric('int1e_rrrr', comp=81).reshape(3,3,3,3,nao,nao)
    rrrr = -1.0*numpy.einsum('xyzwij,ji->xyzw', rrrr, dm)
    rrrr += numpy.einsum('z,zx,zy,zk,zw->xykw', charges, coords, coords, coords, coords)
    rrrr = rrrr*unit*lib.param.BOHR**3
    lib.logger.info(mf,'Total Hexadecapole moments (XXXX, YYYY, ZZZZ, XXXY): %.4f, %.4f, %.4f, %.4f', \
    rrrr[0,0,0,0], rrrr[1,1,1,1], rrrr[2,2,2,2], rrrr[0,0,0,1])
    lib.logger.info(mf,'Total Hexadecapole moments (XXXZ, YYYX, YYYZ, ZZZX): %.4f, %.4f, %.4f, %.4f', \
    rrrr[0,0,0,2], rrrr[1,1,1,0], rrrr[1,1,1,2], rrrr[2,2,2,0])
    lib.logger.info(mf,'Total Hexadecapole moments (ZZZY, XXYY, XXZZ, YYZZ): %.4f, %.4f, %.4f, %.4f', \
    rrrr[2,2,2,1], rrrr[0,0,1,1], rrrr[0,0,2,2], rrrr[1,1,2,2])
    lib.logger.info(mf,'Total Hexadecapole moments (XXYZ, YYXZ, ZZXY): %.4f, %.4f, %.4f', \
    rrrr[0,0,1,2], rrrr[1,1,0,2], rrrr[2,2,0,1])
     
    coeff = mf.mo_coeff[:,mf.mo_occ>0]
    occ = mf.mo_occ[mf.mo_occ>0]
    energy = mf.mo_energy[mf.mo_occ>0]
    den_file = name+'.mol'
    fspt = open(den_file,'w')
    molden.header(mol, fspt)
    molden.orbital_coeff(mol, fspt, coeff, ene=energy, occ=occ) 
    fspt.close()                    
    cmd = '/home/jluis/bin/molden2aim '+name
    os.system(cmd)
    den_file = name+'.wfn'
    fspt = open(den_file,'a')
    fspt.write('RHF\n')
    fspt.close()                    

    pmd_file = name+'.pmd'
    fspt = open(pmd_file,'w')
    fspt.write('%s.wfn\n' % (name))
    if (mol.symmetry == False):
        fspt.write('nosymmetry\n')
    fspt.write('tes\n')
    fspt.write('  epsiscp 0.220\n')
    fspt.write('  radialquad 7\n')
    fspt.write('  rmapping 2\n')
    fspt.write('  lmax 10\n')
    fspt.write('  nr 551\n')
    fspt.write('  lebedev 5810\n')
    fspt.write('  betasphere\n')
    for ia in range(mol.natm):
        symb = mol.atom_pure_symbol(ia)
        inuc = lib.parameters.NUC[symb]
        betarad = radii.COVALENT[inuc]/3.5
        fspt.write('  betaradw %d %1.3f\n' % ((ia+1),betarad))
    fspt.write('  radialquadbeta 7\n')
    fspt.write('  rmappingbeta 3\n')
    fspt.write('  lmaxbeta 8\n')
    fspt.write('  nrb 451\n')
    fspt.write('  lebedevbeta 3074\n')
    fspt.write('  dafh\n')
    fspt.write('endtes')
    fspt.close()                    

    cmd = 'rm '+name+'.mol'
    os.system(cmd)
#INFO: ******************** input file end ********************


System: ('Linux', 'silicio', '3.16.0-4-amd64', '#1 SMP Debian 3.16.51-3 (2017-12-13)', 'x86_64', '')  Threads 12
Python 2.7.14 (default, Apr  9 2018, 16:34:43) 
[GCC 7.3.0]
numpy 1.14.2  scipy 1.0.1
Date: Wed Jun 27 21:46:25 2018
PySCF version 1.5
PySCF path  /home/jluis/src/pyscf/pyscf
GIT ORIG_HEAD f2dbb26d09ae5148fbf5975669a994500ac7a4c9
GIT HEAD      ref: refs/heads/master
GIT master branch  f2dbb26d09ae5148fbf5975669a994500ac7a4c9

[ENV] PYSCF_TMPDIR /scratch-ssd/jluis
[CONFIG] conf_file None
[INPUT] verbose = 4
[INPUT] num. atoms = 6
[INPUT] num. electrons = 32
[INPUT] charge = 0
[INPUT] spin (= nelec alpha-beta = 2S) = 0
[INPUT] symmetry 0 subgroup None
[INPUT] Mole.unit = angstrom
[INPUT]  1 C     -2.863684000000   0.258741000000  -0.007292000000 AA   -5.411578467299   0.488949627196  -0.013779882900 Bohr
[INPUT]  2 C     -1.542648000000   0.390983000000  -0.007410000000 AA   -2.915182226608   0.738850789361  -0.014002870583 Bohr
[INPUT]  3 F     -3.693369000000   1.303127000000   0.109656000000 AA   -6.979455886959   2.462553135526   0.207219807915 Bohr
[INPUT]  4 H     -3.355892000000  -0.707176000000  -0.102016000000 AA   -6.341716783619  -1.336368961865  -0.192782300324 Bohr
[INPUT]  5 F     -0.936953000000   1.579149000000   0.110762000000 AA   -1.770584561590   2.984159119881   0.209309845009 Bohr
[INPUT]  6 H     -0.868557000000  -0.457965000000  -0.103701000000 AA   -1.641334853574  -0.865428424636  -0.195966488844 Bohr

nuclear repulsion = 113.48446396796
number of shells = 70
number of NR pGTOs = 282
number of NR cGTOs = 230
basis = aug-cc-pvtz
ecp = {}
CPU time:     61631.89


******** <class 'pyscf.scf.hf.RHF'> flags ********
method = RHF
initial guess = minao
damping factor = 0
level shift factor = 0
DIIS = <class 'pyscf.scf.diis.CDIIS'>
DIIS start cycle = 1
DIIS space = 8
SCF tol = 1e-09
SCF gradient tol = None
max. SCF cycles = 120
direct_scf = True
direct_scf_tol = 1e-13
chkfile to save SCF result = c2h2f2-s.chk
max_memory 10000 MB (current use 165 MB)
Set gradient conv threshold to 3.16228e-05
init E= -276.494364165637
  HOMO = -0.26112927339085  LUMO = 0.0244963437043045
cycle= 1 E= -275.767523297499  delta_E= 0.727  |g|= 0.566  |ddm|= 2.45
  HOMO = -0.428084902217027  LUMO = 0.0193327889136784
cycle= 2 E= -275.820488324985  delta_E= -0.053  |g|= 0.326  |ddm|= 0.519
  HOMO = -0.391819145069516  LUMO = 0.0254779106674154
cycle= 3 E= -275.835989755042  delta_E= -0.0155  |g|= 0.084  |ddm|= 0.16
  HOMO = -0.389243322370614  LUMO = 0.0262332783386216
cycle= 4 E= -275.83726306465  delta_E= -0.00127  |g|= 0.017  |ddm|= 0.0695
  HOMO = -0.391976486581843  LUMO = 0.0261901343617955
cycle= 5 E= -275.837329257497  delta_E= -6.62e-05  |g|= 0.00357  |ddm|= 0.0122
  HOMO = -0.391190365592724  LUMO = 0.0261497437975697
cycle= 6 E= -275.837335208709  delta_E= -5.95e-06  |g|= 0.00111  |ddm|= 0.00403
  HOMO = -0.391271640595928  LUMO = 0.0261762962495754
cycle= 7 E= -275.837335944485  delta_E= -7.36e-07  |g|= 0.000227  |ddm|= 0.00157
  HOMO = -0.391244988799126  LUMO = 0.0261813392125618
cycle= 8 E= -275.837335975903  delta_E= -3.14e-08  |g|= 4.13e-05  |ddm|= 0.0004
  HOMO = -0.391243575636284  LUMO = 0.0261819887961045
cycle= 9 E= -275.837335976756  delta_E= -8.54e-10  |g|= 7.85e-06  |ddm|= 6.83e-05
  HOMO = -0.391243957721346  LUMO = 0.0261820761708434
Extra cycle  E= -275.837335976788  delta_E= -3.14e-11  |g|= 3.61e-06  |ddm|= 1.03e-05
converged SCF energy = -275.837335976788
Electronic spatial extent <R**2> (au): 931.8518
* Multipoles in the independent field-basis, Gauge -> (0,0,0)
Electronic Dipole moment(X, Y, Z, Debye): -347.7076, 140.3755, 8.3956
Nuclear Dipole moment(X, Y, Z, Debye): -347.4414, 137.7256, 8.1166
Total Dipole moment(X, Y, Z, Debye): 0.2663, -2.6500, -0.2790
Quadrupole moments (Debye-Angs)
Total Quadrupole moments (XX, YY, ZZ): -23.5314, -24.7708, -22.6914
Total Quadrupole moments (XY, XZ, YZ): 5.9950, 0.6123, -0.1097
Octupole moments (Debye-Angs**2)
Total Octupole moments (XXX, YYY, ZZZ, XYY): 156.5722, -56.0277, -2.2360, 54.6439
Total Octupole moments (XXY, XXZ, XZZ, YZZ): -37.0459, -2.9049, 50.8674, -16.0805
Total Octupole moments (YYZ, XYZ): -1.4833, 0.2299
Hexadecapole moments (Debye-Angs**3)
Total Hexadecapole moments (XXXX, YYYY, ZZZZ, XXXY): -877.5581, -157.0896, -22.3384, 184.3388
Total Hexadecapole moments (XXXZ, YYYX, YYYZ, ZZZX): 13.6861, 119.3490, -5.1711, 5.2977
Total Hexadecapole moments (ZZZY, XXYY, XXZZ, YYZZ): -4.6070, -180.1795, -145.5422, -28.4793
Total Hexadecapole moments (XXYZ, YYXZ, ZZXY): -2.4578, 3.3303, 34.5890
