#INFO: **** input file is /home/jluis/src/git/db/molecules-wfn/hf/run_sp.py ****
#!/usr/bin/env python

import numpy, sys, os
from pyscf import lib, gto, scf, dft
from pyscf.tools import molden
from pyscf.data import radii

def read_molecule(path):

    charge = spin = 0
    with open(path, 'r') as myfile:
        output = myfile.read()
        output = output.lstrip()
        output = output.rstrip()
        output = output.split('\n')

    try:
        int(output[0])
    except ValueError:
        try:
            charge = int(output[0].split(' ')[0])
            spin = int(output[0].split(' ')[1]) - 1
        except ValueError:
            molecule = output
        else:
            molecule = '\n'.join(output[1:])
    else:
        if int(output[0]) == len(output) - 2:
            molecule = '\n'.join(output[2:])
            try:
                charge = int(output[1].split(' ')[0])
                spin = int(output[1].split(' ')[1])-1
            except ValueError:
                pass
        else:
            print "THIS IS NOT A VALID XYZ FILE"

    return (molecule, charge, spin)

directory = '../../molecules/'
files = [i for i in os.listdir(directory) if i.endswith('.xyz')]

for filename in files:

    name = filename[:-8]
    mol = gto.Mole()
    (mol.atom, charge, spin) = read_molecule(directory+filename)
    mol.basis = 'aug-cc-pvtz'
    mol.charge = charge
    mol.spin = spin
    mol.output = name+'.out'
    mol.symmetry = 0
    mol.max_memory = 10000
    mol.verbose = 4
    mol.build()

    mf = scf.RHF(mol) 
    mf = scf.addons.remove_linear_dep_(mf)
    mf.max_cycle = 120
    mf.chkfile = name+'.chk'
    mf.kernel()

    dm = mf.make_rdm1()
    nao = mol.nao_nr()
    unit = 2.541746
    origin = ([0.0,0.0,0.0])
    charges = mol.atom_charges()
    coords  = mol.atom_coords()
    mol.set_common_orig(origin)
    r2 = mol.intor_symmetric('int1e_r2')
    r2 = numpy.einsum('ij,ji->', r2, dm)
    lib.logger.info(mf,'Electronic spatial extent <R**2> (au): %.4f', r2)

    lib.logger.info(mf,'* Multipoles in the independent field-basis, Gauge -> (0,0,0)')
    ao_dip = mol.intor_symmetric('int1e_r', comp=3)
    el_dip = numpy.einsum('xij,ji->x', ao_dip, dm)
    lib.logger.info(mf,'Electronic Dipole moment(X, Y, Z, Debye): %.4f, %.4f, %.4f', *el_dip*unit)
    nucl_dip = numpy.einsum('i,ix->x', charges, coords)
    lib.logger.info(mf,'Nuclear Dipole moment(X, Y, Z, Debye): %.4f, %.4f, %.4f', *nucl_dip*unit)
    mol_dip = (nucl_dip - el_dip) * unit
    lib.logger.info(mf,'Total Dipole moment(X, Y, Z, Debye): %.4f, %.4f, %.4f', *mol_dip)

    lib.logger.info(mf,'Quadrupole moments (Debye-Angs)')
    rr = mol.intor_symmetric('int1e_rr', comp=9).reshape(3,3,nao,nao)
    rr = -1.0*numpy.einsum('xyij,ji->xy', rr, dm)
    rr += numpy.einsum('z,zx,zy->xy', charges, coords, coords)
    rr = rr*unit*lib.param.BOHR
    lib.logger.info(mf,'Total Quadrupole moments (XX, YY, ZZ): %.4f, %.4f, %.4f', \
    rr[0,0], rr[1,1], rr[2,2])
    lib.logger.info(mf,'Total Quadrupole moments (XY, XZ, YZ): %.4f, %.4f, %.4f', \
    rr[0,1], rr[0,2], rr[1,2])
 
    lib.logger.info(mf,'Octupole moments (Debye-Angs**2)')
    rrr = mol.intor_symmetric('int1e_rrr', comp=27).reshape(3,3,3,nao,nao)
    rrr = -1.0*numpy.einsum('xyzij,ji->xyz', rrr, dm)
    rrr += numpy.einsum('z,zx,zy,zk->xyk', charges, coords, coords, coords)
    rrr = rrr*unit*lib.param.BOHR**2
    lib.logger.info(mf,'Total Octupole moments (XXX, YYY, ZZZ, XYY): %.4f, %.4f, %.4f, %.4f', \
    rrr[0,0,0], rrr[1,1,1], rrr[2,2,2], rrr[0,1,1])
    lib.logger.info(mf,'Total Octupole moments (XXY, XXZ, XZZ, YZZ): %.4f, %.4f, %.4f, %.4f', \
    rrr[0,0,1], rrr[0,0,2], rrr[0,2,2], rrr[1,2,2])
    lib.logger.info(mf,'Total Octupole moments (YYZ, XYZ): %.4f, %.4f', rrr[1,1,2], rrr[0,1,2])

    lib.logger.info(mf,'Hexadecapole moments (Debye-Angs**3)')
    rrrr = mol.intor_symmetric('int1e_rrrr', comp=81).reshape(3,3,3,3,nao,nao)
    rrrr = -1.0*numpy.einsum('xyzwij,ji->xyzw', rrrr, dm)
    rrrr += numpy.einsum('z,zx,zy,zk,zw->xykw', charges, coords, coords, coords, coords)
    rrrr = rrrr*unit*lib.param.BOHR**3
    lib.logger.info(mf,'Total Hexadecapole moments (XXXX, YYYY, ZZZZ, XXXY): %.4f, %.4f, %.4f, %.4f', \
    rrrr[0,0,0,0], rrrr[1,1,1,1], rrrr[2,2,2,2], rrrr[0,0,0,1])
    lib.logger.info(mf,'Total Hexadecapole moments (XXXZ, YYYX, YYYZ, ZZZX): %.4f, %.4f, %.4f, %.4f', \
    rrrr[0,0,0,2], rrrr[1,1,1,0], rrrr[1,1,1,2], rrrr[2,2,2,0])
    lib.logger.info(mf,'Total Hexadecapole moments (ZZZY, XXYY, XXZZ, YYZZ): %.4f, %.4f, %.4f, %.4f', \
    rrrr[2,2,2,1], rrrr[0,0,1,1], rrrr[0,0,2,2], rrrr[1,1,2,2])
    lib.logger.info(mf,'Total Hexadecapole moments (XXYZ, YYXZ, ZZXY): %.4f, %.4f, %.4f', \
    rrrr[0,0,1,2], rrrr[1,1,0,2], rrrr[2,2,0,1])
     
    coeff = mf.mo_coeff[:,mf.mo_occ>0]
    occ = mf.mo_occ[mf.mo_occ>0]
    energy = mf.mo_energy[mf.mo_occ>0]
    den_file = name+'.mol'
    fspt = open(den_file,'w')
    molden.header(mol, fspt)
    molden.orbital_coeff(mol, fspt, coeff, ene=energy, occ=occ) 
    fspt.close()                    
    cmd = '/home/jluis/bin/molden2aim '+name
    os.system(cmd)
    den_file = name+'.wfn'
    fspt = open(den_file,'a')
    fspt.write('RHF\n')
    fspt.close()                    

    pmd_file = name+'.pmd'
    fspt = open(pmd_file,'w')
    fspt.write('%s.wfn\n' % (name))
    if (mol.symmetry == False):
        fspt.write('nosymmetry\n')
    fspt.write('tes\n')
    fspt.write('  epsiscp 0.220\n')
    fspt.write('  radialquad 7\n')
    fspt.write('  rmapping 2\n')
    fspt.write('  lmax 10\n')
    fspt.write('  nr 551\n')
    fspt.write('  lebedev 5810\n')
    fspt.write('  betasphere\n')
    for ia in range(mol.natm):
        symb = mol.atom_pure_symbol(ia)
        inuc = lib.parameters.NUC[symb]
        betarad = radii.COVALENT[inuc]/3.5
        fspt.write('  betaradw %d %1.3f\n' % ((ia+1),betarad))
    fspt.write('  radialquadbeta 7\n')
    fspt.write('  rmappingbeta 3\n')
    fspt.write('  lmaxbeta 8\n')
    fspt.write('  nrb 451\n')
    fspt.write('  lebedevbeta 3074\n')
    fspt.write('  dafh\n')
    fspt.write('endtes')
    fspt.close()                    

    cmd = 'rm '+name+'.mol'
    os.system(cmd)
#INFO: ******************** input file end ********************


System: ('Linux', 'silicio', '3.16.0-4-amd64', '#1 SMP Debian 3.16.51-3 (2017-12-13)', 'x86_64', '')  Threads 12
Python 2.7.14 (default, Apr  9 2018, 16:34:43) 
[GCC 7.3.0]
numpy 1.14.2  scipy 1.0.1
Date: Wed Jun 27 23:47:38 2018
PySCF version 1.5
PySCF path  /home/jluis/src/pyscf/pyscf
GIT ORIG_HEAD f2dbb26d09ae5148fbf5975669a994500ac7a4c9
GIT HEAD      ref: refs/heads/master
GIT master branch  f2dbb26d09ae5148fbf5975669a994500ac7a4c9

[ENV] PYSCF_TMPDIR /scratch-ssd/jluis
[CONFIG] conf_file None
[INPUT] verbose = 4
[INPUT] num. atoms = 8
[INPUT] num. electrons = 32
[INPUT] charge = 0
[INPUT] spin (= nelec alpha-beta = 2S) = 0
[INPUT] symmetry 0 subgroup None
[INPUT] Mole.unit = angstrom
[INPUT]  1 C     -1.060723000000   1.314464000000   0.296196000000 AA   -2.004475964027   2.483976960600   0.559729319192 Bohr
[INPUT]  2 O     -0.333126000000   2.250496000000   0.526611000000 AA   -0.629516904972   4.252821084429   0.995150564183 Bohr
[INPUT]  3 O     -0.583977000000   0.084035000000   0.001469000000 AA   -1.103556593045   0.158803134878   0.002776007677 Bohr
[INPUT]  4 H      0.381566000000   0.152195000000   0.024473000000 AA    0.721055238446   0.287606867528   0.046247267446 Bohr
[INPUT]  5 C     -2.557640000000   1.341731000000   0.296025000000 AA   -4.833239125233   2.535504122839   0.559406176024 Bohr
[INPUT]  6 H     -2.903418000000   2.353679000000   0.520000000000 AA   -5.486664845132   4.447808695140   0.982657584774 Bohr
[INPUT]  7 H     -2.933765000000   1.016127000000  -0.682384000000 AA   -5.544012363835   1.920201737776  -1.289518871785 Bohr
[INPUT]  8 H     -2.938182000000   0.634828000000   1.044820000000 AA   -5.552359284127   1.199651056205   1.974423649468 Bohr

nuclear repulsion = 121.216842409305
number of shells = 88
number of NR pGTOs = 332
number of NR cGTOs = 276
basis = aug-cc-pvtz
ecp = {}
CPU time:    147036.21


******** <class 'pyscf.scf.hf.RHF'> flags ********
method = RHF
initial guess = minao
damping factor = 0
level shift factor = 0
DIIS = <class 'pyscf.scf.diis.CDIIS'>
DIIS start cycle = 1
DIIS space = 8
SCF tol = 1e-09
SCF gradient tol = None
max. SCF cycles = 120
direct_scf = True
direct_scf_tol = 1e-13
chkfile to save SCF result = c2h4o2.chk
max_memory 10000 MB (current use 177 MB)
Set gradient conv threshold to 3.16228e-05
init E= -228.647104551473
  HOMO = -0.400489001202242  LUMO = 0.0200284884631683
cycle= 1 E= -227.791186868598  delta_E= 0.856  |g|= 0.732  |ddm|=  2.3
  HOMO = -0.369353333391756  LUMO = 0.0232751869368503
cycle= 2 E= -227.858535837783  delta_E= -0.0673  |g|= 0.527  |ddm|= 0.652
  HOMO = -0.456181868450088  LUMO = 0.0267285918696256
cycle= 3 E= -227.903406355583  delta_E= -0.0449  |g|= 0.0776  |ddm|= 0.257
  HOMO = -0.449959342186368  LUMO = 0.0270271853390575
cycle= 4 E= -227.905085275824  delta_E= -0.00168  |g|= 0.035  |ddm|= 0.0697
  HOMO = -0.455144303617742  LUMO = 0.0273117389188386
cycle= 5 E= -227.905352998138  delta_E= -0.000268  |g|= 0.00973  |ddm|= 0.0235
  HOMO = -0.455882346084685  LUMO = 0.0272987070087581
cycle= 6 E= -227.905401226258  delta_E= -4.82e-05  |g|= 0.00401  |ddm|= 0.0104
  HOMO = -0.456570357085992  LUMO = 0.0273257777343885
cycle= 7 E= -227.905412394933  delta_E= -1.12e-05  |g|= 0.00132  |ddm|= 0.00608
  HOMO = -0.456918063403066  LUMO = 0.0273432211985106
cycle= 8 E= -227.905413872418  delta_E= -1.48e-06  |g|= 0.00038  |ddm|= 0.00237
  HOMO = -0.456978997171497  LUMO = 0.0273464857241793
cycle= 9 E= -227.905413978099  delta_E= -1.06e-07  |g|= 7.69e-05  |ddm|= 0.000708
  HOMO = -0.456986785282693  LUMO = 0.0273468297569025
cycle= 10 E= -227.905413981206  delta_E= -3.11e-09  |g|= 1.68e-05  |ddm|= 0.000113
  HOMO = -0.456985744322087  LUMO = 0.0273469646054521
cycle= 11 E= -227.905413981364  delta_E= -1.58e-10  |g|= 6.11e-06  |ddm|= 2.86e-05
  HOMO = -0.456987844377213  LUMO = 0.0273469804561422
Extra cycle  E= -227.905413981371  delta_E= -6.99e-12  |g|= 3.56e-06  |ddm|= 6.14e-06
converged SCF energy = -227.905413981371
Electronic spatial extent <R**2> (au): 586.6620
* Multipoles in the independent field-basis, Gauge -> (0,0,0)
Electronic Dipole moment(X, Y, Z, Debye): -178.5599, 187.7463, 42.0858
Nuclear Dipole moment(X, Y, Z, Debye): -179.8358, 186.2214, 41.7152
Total Dipole moment(X, Y, Z, Debye): -1.2759, -1.5249, -0.3706
Quadrupole moments (Debye-Angs)
Total Quadrupole moments (XX, YY, ZZ): -17.1092, -31.3510, -23.6388
Total Quadrupole moments (XY, XZ, YZ): -3.6125, -0.8272, -1.9715
Octupole moments (Debye-Angs**2)
Total Octupole moments (XXX, YYY, ZZZ, XYY): 73.8701, -109.1661, -19.7974, 25.4133
Total Octupole moments (XXY, XXZ, XZZ, YZZ): -20.7862, -4.6474, 27.5468, -30.2814
Total Octupole moments (YYZ, XYZ): -11.7820, -0.4488
Hexadecapole moments (Debye-Angs**3)
Total Hexadecapole moments (XXXX, YYYY, ZZZZ, XXXY): -348.9757, -382.6176, -43.5715, 92.4059
Total Hexadecapole moments (XXXZ, YYYX, YYYZ, ZZZX): 20.3688, 105.0339, -46.6003, 24.4290
Total Hexadecapole moments (ZZZY, XXYY, XXZZ, YYZZ): -35.9211, -103.8433, -65.5035, -65.8412
Total Hexadecapole moments (XXYZ, YYXZ, ZZXY): -9.3362, 7.0961, 36.6284
