#INFO: **** input file is /home/jluis/src/git/db/molecules-wfn/hf/run_sp.py ****
#!/usr/bin/env python

import numpy, sys, os
from pyscf import lib, gto, scf, dft
from pyscf.tools import molden
from pyscf.data import radii

def read_molecule(path):

    charge = spin = 0
    with open(path, 'r') as myfile:
        output = myfile.read()
        output = output.lstrip()
        output = output.rstrip()
        output = output.split('\n')

    try:
        int(output[0])
    except ValueError:
        try:
            charge = int(output[0].split(' ')[0])
            spin = int(output[0].split(' ')[1]) - 1
        except ValueError:
            molecule = output
        else:
            molecule = '\n'.join(output[1:])
    else:
        if int(output[0]) == len(output) - 2:
            molecule = '\n'.join(output[2:])
            try:
                charge = int(output[1].split(' ')[0])
                spin = int(output[1].split(' ')[1])-1
            except ValueError:
                pass
        else:
            print "THIS IS NOT A VALID XYZ FILE"

    return (molecule, charge, spin)

directory = '../../molecules/'
files = [i for i in os.listdir(directory) if i.endswith('.xyz')]

for filename in files:

    name = filename[:-8]
    mol = gto.Mole()
    (mol.atom, charge, spin) = read_molecule(directory+filename)
    mol.basis = 'aug-cc-pvtz'
    mol.charge = charge
    mol.spin = spin
    mol.output = name+'.out'
    mol.symmetry = 0
    mol.max_memory = 10000
    mol.verbose = 4
    mol.build()

    mf = scf.RHF(mol) 
    mf = scf.addons.remove_linear_dep_(mf)
    mf.max_cycle = 120
    mf.chkfile = name+'.chk'
    mf.kernel()

    dm = mf.make_rdm1()
    nao = mol.nao_nr()
    unit = 2.541746
    origin = ([0.0,0.0,0.0])
    charges = mol.atom_charges()
    coords  = mol.atom_coords()
    mol.set_common_orig(origin)
    r2 = mol.intor_symmetric('int1e_r2')
    r2 = numpy.einsum('ij,ji->', r2, dm)
    lib.logger.info(mf,'Electronic spatial extent <R**2> (au): %.4f', r2)

    lib.logger.info(mf,'* Multipoles in the independent field-basis, Gauge -> (0,0,0)')
    ao_dip = mol.intor_symmetric('int1e_r', comp=3)
    el_dip = numpy.einsum('xij,ji->x', ao_dip, dm)
    lib.logger.info(mf,'Electronic Dipole moment(X, Y, Z, Debye): %.4f, %.4f, %.4f', *el_dip*unit)
    nucl_dip = numpy.einsum('i,ix->x', charges, coords)
    lib.logger.info(mf,'Nuclear Dipole moment(X, Y, Z, Debye): %.4f, %.4f, %.4f', *nucl_dip*unit)
    mol_dip = (nucl_dip - el_dip) * unit
    lib.logger.info(mf,'Total Dipole moment(X, Y, Z, Debye): %.4f, %.4f, %.4f', *mol_dip)

    lib.logger.info(mf,'Quadrupole moments (Debye-Angs)')
    rr = mol.intor_symmetric('int1e_rr', comp=9).reshape(3,3,nao,nao)
    rr = -1.0*numpy.einsum('xyij,ji->xy', rr, dm)
    rr += numpy.einsum('z,zx,zy->xy', charges, coords, coords)
    rr = rr*unit*lib.param.BOHR
    lib.logger.info(mf,'Total Quadrupole moments (XX, YY, ZZ): %.4f, %.4f, %.4f', \
    rr[0,0], rr[1,1], rr[2,2])
    lib.logger.info(mf,'Total Quadrupole moments (XY, XZ, YZ): %.4f, %.4f, %.4f', \
    rr[0,1], rr[0,2], rr[1,2])
 
    lib.logger.info(mf,'Octupole moments (Debye-Angs**2)')
    rrr = mol.intor_symmetric('int1e_rrr', comp=27).reshape(3,3,3,nao,nao)
    rrr = -1.0*numpy.einsum('xyzij,ji->xyz', rrr, dm)
    rrr += numpy.einsum('z,zx,zy,zk->xyk', charges, coords, coords, coords)
    rrr = rrr*unit*lib.param.BOHR**2
    lib.logger.info(mf,'Total Octupole moments (XXX, YYY, ZZZ, XYY): %.4f, %.4f, %.4f, %.4f', \
    rrr[0,0,0], rrr[1,1,1], rrr[2,2,2], rrr[0,1,1])
    lib.logger.info(mf,'Total Octupole moments (XXY, XXZ, XZZ, YZZ): %.4f, %.4f, %.4f, %.4f', \
    rrr[0,0,1], rrr[0,0,2], rrr[0,2,2], rrr[1,2,2])
    lib.logger.info(mf,'Total Octupole moments (YYZ, XYZ): %.4f, %.4f', rrr[1,1,2], rrr[0,1,2])

    lib.logger.info(mf,'Hexadecapole moments (Debye-Angs**3)')
    rrrr = mol.intor_symmetric('int1e_rrrr', comp=81).reshape(3,3,3,3,nao,nao)
    rrrr = -1.0*numpy.einsum('xyzwij,ji->xyzw', rrrr, dm)
    rrrr += numpy.einsum('z,zx,zy,zk,zw->xykw', charges, coords, coords, coords, coords)
    rrrr = rrrr*unit*lib.param.BOHR**3
    lib.logger.info(mf,'Total Hexadecapole moments (XXXX, YYYY, ZZZZ, XXXY): %.4f, %.4f, %.4f, %.4f', \
    rrrr[0,0,0,0], rrrr[1,1,1,1], rrrr[2,2,2,2], rrrr[0,0,0,1])
    lib.logger.info(mf,'Total Hexadecapole moments (XXXZ, YYYX, YYYZ, ZZZX): %.4f, %.4f, %.4f, %.4f', \
    rrrr[0,0,0,2], rrrr[1,1,1,0], rrrr[1,1,1,2], rrrr[2,2,2,0])
    lib.logger.info(mf,'Total Hexadecapole moments (ZZZY, XXYY, XXZZ, YYZZ): %.4f, %.4f, %.4f, %.4f', \
    rrrr[2,2,2,1], rrrr[0,0,1,1], rrrr[0,0,2,2], rrrr[1,1,2,2])
    lib.logger.info(mf,'Total Hexadecapole moments (XXYZ, YYXZ, ZZXY): %.4f, %.4f, %.4f', \
    rrrr[0,0,1,2], rrrr[1,1,0,2], rrrr[2,2,0,1])
     
    coeff = mf.mo_coeff[:,mf.mo_occ>0]
    occ = mf.mo_occ[mf.mo_occ>0]
    energy = mf.mo_energy[mf.mo_occ>0]
    den_file = name+'.mol'
    fspt = open(den_file,'w')
    molden.header(mol, fspt)
    molden.orbital_coeff(mol, fspt, coeff, ene=energy, occ=occ) 
    fspt.close()                    
    cmd = '/home/jluis/bin/molden2aim '+name
    os.system(cmd)
    den_file = name+'.wfn'
    fspt = open(den_file,'a')
    fspt.write('RHF\n')
    fspt.close()                    

    pmd_file = name+'.pmd'
    fspt = open(pmd_file,'w')
    fspt.write('%s.wfn\n' % (name))
    if (mol.symmetry == False):
        fspt.write('nosymmetry\n')
    fspt.write('tes\n')
    fspt.write('  epsiscp 0.220\n')
    fspt.write('  radialquad 7\n')
    fspt.write('  rmapping 2\n')
    fspt.write('  lmax 10\n')
    fspt.write('  nr 551\n')
    fspt.write('  lebedev 5810\n')
    fspt.write('  betasphere\n')
    for ia in range(mol.natm):
        symb = mol.atom_pure_symbol(ia)
        inuc = lib.parameters.NUC[symb]
        betarad = radii.COVALENT[inuc]/3.5
        fspt.write('  betaradw %d %1.3f\n' % ((ia+1),betarad))
    fspt.write('  radialquadbeta 7\n')
    fspt.write('  rmappingbeta 3\n')
    fspt.write('  lmaxbeta 8\n')
    fspt.write('  nrb 451\n')
    fspt.write('  lebedevbeta 3074\n')
    fspt.write('  dafh\n')
    fspt.write('endtes')
    fspt.close()                    

    cmd = 'rm '+name+'.mol'
    os.system(cmd)
#INFO: ******************** input file end ********************


System: ('Linux', 'silicio', '3.16.0-4-amd64', '#1 SMP Debian 3.16.51-3 (2017-12-13)', 'x86_64', '')  Threads 12
Python 2.7.14 (default, Apr  9 2018, 16:34:43) 
[GCC 7.3.0]
numpy 1.14.2  scipy 1.0.1
Date: Wed Jun 27 23:39:31 2018
PySCF version 1.5
PySCF path  /home/jluis/src/pyscf/pyscf
GIT ORIG_HEAD f2dbb26d09ae5148fbf5975669a994500ac7a4c9
GIT HEAD      ref: refs/heads/master
GIT master branch  f2dbb26d09ae5148fbf5975669a994500ac7a4c9

[ENV] PYSCF_TMPDIR /scratch-ssd/jluis
[CONFIG] conf_file None
[INPUT] verbose = 4
[INPUT] num. atoms = 10
[INPUT] num. electrons = 80
[INPUT] charge = 0
[INPUT] spin (= nelec alpha-beta = 2S) = 0
[INPUT] symmetry 0 subgroup None
[INPUT] Mole.unit = angstrom
[INPUT]  1 C     -0.003947000000   0.709225000000   0.189529000000 AA   -0.007458749014   1.340241010695   0.358157902663 Bohr
[INPUT]  2 C     -1.316295000000  -0.071175000000  -0.074337000000 AA   -2.487437049134  -0.134501256916  -0.140476570922 Bohr
[INPUT]  3 F     -1.183473000000  -0.887047000000  -1.128382000000 AA   -2.236439845817  -1.676275889617  -2.132332943889 Bohr
[INPUT]  4 F     -2.316468000000   0.771197000000  -0.302784000000 AA   -4.377490096319   1.457351118086  -0.572178834900 Bohr
[INPUT]  5 F     -1.612803000000  -0.812633000000   1.003125000000 AA   -3.047755962877  -1.535653809784   1.895631518704 Bohr
[INPUT]  6 C      1.317538000000  -0.076415000000  -0.000447000000 AA    2.489785978707  -0.144403421809  -0.000844707578 Bohr
[INPUT]  7 O     -0.011391000000   1.854364000000   0.522655000000 AA   -0.021525870285   3.504240095253   0.987674807635 Bohr
[INPUT]  8 F      1.202112000000  -1.322203000000   0.478202000000 AA    2.271662451053  -2.498601551078   0.903670812219 Bohr
[INPUT]  9 F      2.314418000000   0.536402000000   0.625571000000 AA    4.373616157764   1.013652872669   1.182157861470 Bohr
[INPUT] 10 F      1.606229000000  -0.146634000000  -1.308393000000 AA    3.035332903334  -0.277098100549  -2.472504433298 Bohr

nuclear repulsion = 626.809460644037
number of shells = 130
number of NR pGTOs = 580
number of NR cGTOs = 460
basis = aug-cc-pvtz
ecp = {}
CPU time:    141326.69


******** <class 'pyscf.scf.hf.RHF'> flags ********
method = RHF
initial guess = minao
damping factor = 0
level shift factor = 0
DIIS = <class 'pyscf.scf.diis.CDIIS'>
DIIS start cycle = 1
DIIS space = 8
SCF tol = 1e-09
SCF gradient tol = None
max. SCF cycles = 120
direct_scf = True
direct_scf_tol = 1e-13
chkfile to save SCF result = c3f6o.chk
max_memory 10000 MB (current use 177 MB)
Set gradient conv threshold to 3.16228e-05
init E= -787.558371063356
  HOMO = -0.314825969535822  LUMO = -0.0568869277385392
cycle= 1 E= -785.01641909684  delta_E= 2.54  |g|=  1.4  |ddm|= 2.95
  HOMO = -0.494742282092116  LUMO = -0.0561660616273482
cycle= 2 E= -785.200785538663  delta_E= -0.184  |g|= 1.11  |ddm|= 1.46
  HOMO = -0.520567675287635  LUMO = 0.0278626614619322
cycle= 3 E= -785.394330661128  delta_E= -0.194  |g|= 0.152  |ddm|= 0.571
  HOMO = -0.49472899834351  LUMO = 0.0499445868295408
cycle= 4 E= -785.399244254152  delta_E= -0.00491  |g|= 0.0669  |ddm|= 0.124
  HOMO = -0.508329149815354  LUMO = 0.0481434380102173
cycle= 5 E= -785.400222958055  delta_E= -0.000979  |g|= 0.0173  |ddm|= 0.0493
  HOMO = -0.509292000662376  LUMO = 0.0482892540149998
cycle= 6 E= -785.40034324224  delta_E= -0.00012  |g|= 0.007  |ddm|= 0.0156
  HOMO = -0.509605451091054  LUMO = 0.0487230822076382
cycle= 7 E= -785.400370066707  delta_E= -2.68e-05  |g|= 0.00191  |ddm|= 0.00975
  HOMO = -0.509865000075354  LUMO = 0.0489493705268011
cycle= 8 E= -785.400372680192  delta_E= -2.61e-06  |g|= 0.000525  |ddm|= 0.00312
  HOMO = -0.509990826500604  LUMO = 0.04888298190131
cycle= 9 E= -785.400372854562  delta_E= -1.74e-07  |g|= 0.000191  |ddm|= 0.000783
  HOMO = -0.509998397710559  LUMO = 0.0488851173340762
cycle= 10 E= -785.400372870868  delta_E= -1.63e-08  |g|= 6.84e-05  |ddm|= 0.000263
  HOMO = -0.510007514742991  LUMO = 0.0488817786534995
cycle= 11 E= -785.400372872329  delta_E= -1.46e-09  |g|= 2.71e-05  |ddm|= 8.54e-05
  HOMO = -0.510011379769728  LUMO = 0.048879806414744
cycle= 12 E= -785.400372872506  delta_E= -1.77e-10  |g|= 6.1e-06  |ddm|= 2.54e-05
  HOMO = -0.510010415160048  LUMO = 0.0488805931737595
Extra cycle  E= -785.400372872529  delta_E= -2.25e-11  |g|= 3.94e-06  |ddm|= 6.78e-06
converged SCF energy = -785.400372872529
Electronic spatial extent <R**2> (au): 1198.8000
* Multipoles in the independent field-basis, Gauge -> (0,0,0)
Electronic Dipole moment(X, Y, Z, Debye): -0.0907, 7.5228, -3.8012
Nuclear Dipole moment(X, Y, Z, Debye): -0.0827, 6.9957, -3.9590
Total Dipole moment(X, Y, Z, Debye): 0.0081, -0.5271, -0.1578
Quadrupole moments (Debye-Angs)
Total Quadrupole moments (XX, YY, ZZ): -54.3036, -56.2704, -52.2179
Total Quadrupole moments (XY, XZ, YZ): 0.0039, 0.0473, -1.2770
Octupole moments (Debye-Angs**2)
Total Octupole moments (XXX, YYY, ZZZ, XYY): 0.1285, -18.5198, 1.1706, 0.5584
Total Octupole moments (XXY, XXZ, XZZ, YZZ): -6.3427, -0.9646, -0.4791, -2.2431
Total Octupole moments (YYZ, XYZ): -3.9059, -0.8248
Hexadecapole moments (Debye-Angs**3)
Total Hexadecapole moments (XXXX, YYYY, ZZZZ, XXXY): -708.2338, -298.0971, -181.4161, 1.1431
Total Hexadecapole moments (XXXZ, YYYX, YYYZ, ZZZX): -8.4467, 2.1347, -20.8892, -4.1875
Total Hexadecapole moments (ZZZY, XXYY, XXZZ, YYZZ): -15.8456, -165.9289, -151.1175, -78.1960
Total Hexadecapole moments (XXYZ, YYXZ, ZZXY): -4.5535, -3.4165, -1.4662
