#INFO: **** input file is /home/jluis/src/git/db/molecules-wfn/hf/run_sp.py ****
#!/usr/bin/env python

import numpy, sys, os
from pyscf import lib, gto, scf, dft
from pyscf.tools import molden
from pyscf.data import radii

def read_molecule(path):

    charge = spin = 0
    with open(path, 'r') as myfile:
        output = myfile.read()
        output = output.lstrip()
        output = output.rstrip()
        output = output.split('\n')

    try:
        int(output[0])
    except ValueError:
        try:
            charge = int(output[0].split(' ')[0])
            spin = int(output[0].split(' ')[1]) - 1
        except ValueError:
            molecule = output
        else:
            molecule = '\n'.join(output[1:])
    else:
        if int(output[0]) == len(output) - 2:
            molecule = '\n'.join(output[2:])
            try:
                charge = int(output[1].split(' ')[0])
                spin = int(output[1].split(' ')[1])-1
            except ValueError:
                pass
        else:
            print "THIS IS NOT A VALID XYZ FILE"

    return (molecule, charge, spin)

directory = '../../molecules/'
files = [i for i in os.listdir(directory) if i.endswith('.xyz')]

for filename in files:

    name = filename[:-8]
    mol = gto.Mole()
    (mol.atom, charge, spin) = read_molecule(directory+filename)
    mol.basis = 'aug-cc-pvtz'
    mol.charge = charge
    mol.spin = spin
    mol.output = name+'.out'
    mol.symmetry = 0
    mol.max_memory = 10000
    mol.verbose = 4
    mol.build()

    mf = scf.RHF(mol) 
    mf = scf.addons.remove_linear_dep_(mf)
    mf.max_cycle = 120
    mf.chkfile = name+'.chk'
    mf.kernel()

    dm = mf.make_rdm1()
    nao = mol.nao_nr()
    unit = 2.541746
    origin = ([0.0,0.0,0.0])
    charges = mol.atom_charges()
    coords  = mol.atom_coords()
    mol.set_common_orig(origin)
    r2 = mol.intor_symmetric('int1e_r2')
    r2 = numpy.einsum('ij,ji->', r2, dm)
    lib.logger.info(mf,'Electronic spatial extent <R**2> (au): %.4f', r2)

    lib.logger.info(mf,'* Multipoles in the independent field-basis, Gauge -> (0,0,0)')
    ao_dip = mol.intor_symmetric('int1e_r', comp=3)
    el_dip = numpy.einsum('xij,ji->x', ao_dip, dm)
    lib.logger.info(mf,'Electronic Dipole moment(X, Y, Z, Debye): %.4f, %.4f, %.4f', *el_dip*unit)
    nucl_dip = numpy.einsum('i,ix->x', charges, coords)
    lib.logger.info(mf,'Nuclear Dipole moment(X, Y, Z, Debye): %.4f, %.4f, %.4f', *nucl_dip*unit)
    mol_dip = (nucl_dip - el_dip) * unit
    lib.logger.info(mf,'Total Dipole moment(X, Y, Z, Debye): %.4f, %.4f, %.4f', *mol_dip)

    lib.logger.info(mf,'Quadrupole moments (Debye-Angs)')
    rr = mol.intor_symmetric('int1e_rr', comp=9).reshape(3,3,nao,nao)
    rr = -1.0*numpy.einsum('xyij,ji->xy', rr, dm)
    rr += numpy.einsum('z,zx,zy->xy', charges, coords, coords)
    rr = rr*unit*lib.param.BOHR
    lib.logger.info(mf,'Total Quadrupole moments (XX, YY, ZZ): %.4f, %.4f, %.4f', \
    rr[0,0], rr[1,1], rr[2,2])
    lib.logger.info(mf,'Total Quadrupole moments (XY, XZ, YZ): %.4f, %.4f, %.4f', \
    rr[0,1], rr[0,2], rr[1,2])
 
    lib.logger.info(mf,'Octupole moments (Debye-Angs**2)')
    rrr = mol.intor_symmetric('int1e_rrr', comp=27).reshape(3,3,3,nao,nao)
    rrr = -1.0*numpy.einsum('xyzij,ji->xyz', rrr, dm)
    rrr += numpy.einsum('z,zx,zy,zk->xyk', charges, coords, coords, coords)
    rrr = rrr*unit*lib.param.BOHR**2
    lib.logger.info(mf,'Total Octupole moments (XXX, YYY, ZZZ, XYY): %.4f, %.4f, %.4f, %.4f', \
    rrr[0,0,0], rrr[1,1,1], rrr[2,2,2], rrr[0,1,1])
    lib.logger.info(mf,'Total Octupole moments (XXY, XXZ, XZZ, YZZ): %.4f, %.4f, %.4f, %.4f', \
    rrr[0,0,1], rrr[0,0,2], rrr[0,2,2], rrr[1,2,2])
    lib.logger.info(mf,'Total Octupole moments (YYZ, XYZ): %.4f, %.4f', rrr[1,1,2], rrr[0,1,2])

    lib.logger.info(mf,'Hexadecapole moments (Debye-Angs**3)')
    rrrr = mol.intor_symmetric('int1e_rrrr', comp=81).reshape(3,3,3,3,nao,nao)
    rrrr = -1.0*numpy.einsum('xyzwij,ji->xyzw', rrrr, dm)
    rrrr += numpy.einsum('z,zx,zy,zk,zw->xykw', charges, coords, coords, coords, coords)
    rrrr = rrrr*unit*lib.param.BOHR**3
    lib.logger.info(mf,'Total Hexadecapole moments (XXXX, YYYY, ZZZZ, XXXY): %.4f, %.4f, %.4f, %.4f', \
    rrrr[0,0,0,0], rrrr[1,1,1,1], rrrr[2,2,2,2], rrrr[0,0,0,1])
    lib.logger.info(mf,'Total Hexadecapole moments (XXXZ, YYYX, YYYZ, ZZZX): %.4f, %.4f, %.4f, %.4f', \
    rrrr[0,0,0,2], rrrr[1,1,1,0], rrrr[1,1,1,2], rrrr[2,2,2,0])
    lib.logger.info(mf,'Total Hexadecapole moments (ZZZY, XXYY, XXZZ, YYZZ): %.4f, %.4f, %.4f, %.4f', \
    rrrr[2,2,2,1], rrrr[0,0,1,1], rrrr[0,0,2,2], rrrr[1,1,2,2])
    lib.logger.info(mf,'Total Hexadecapole moments (XXYZ, YYXZ, ZZXY): %.4f, %.4f, %.4f', \
    rrrr[0,0,1,2], rrrr[1,1,0,2], rrrr[2,2,0,1])
     
    coeff = mf.mo_coeff[:,mf.mo_occ>0]
    occ = mf.mo_occ[mf.mo_occ>0]
    energy = mf.mo_energy[mf.mo_occ>0]
    den_file = name+'.mol'
    fspt = open(den_file,'w')
    molden.header(mol, fspt)
    molden.orbital_coeff(mol, fspt, coeff, ene=energy, occ=occ) 
    fspt.close()                    
    cmd = '/home/jluis/bin/molden2aim '+name
    os.system(cmd)
    den_file = name+'.wfn'
    fspt = open(den_file,'a')
    fspt.write('RHF\n')
    fspt.close()                    

    pmd_file = name+'.pmd'
    fspt = open(pmd_file,'w')
    fspt.write('%s.wfn\n' % (name))
    if (mol.symmetry == False):
        fspt.write('nosymmetry\n')
    fspt.write('tes\n')
    fspt.write('  epsiscp 0.220\n')
    fspt.write('  radialquad 7\n')
    fspt.write('  rmapping 2\n')
    fspt.write('  lmax 10\n')
    fspt.write('  nr 551\n')
    fspt.write('  lebedev 5810\n')
    fspt.write('  betasphere\n')
    for ia in range(mol.natm):
        symb = mol.atom_pure_symbol(ia)
        inuc = lib.parameters.NUC[symb]
        betarad = radii.COVALENT[inuc]/3.5
        fspt.write('  betaradw %d %1.3f\n' % ((ia+1),betarad))
    fspt.write('  radialquadbeta 7\n')
    fspt.write('  rmappingbeta 3\n')
    fspt.write('  lmaxbeta 8\n')
    fspt.write('  nrb 451\n')
    fspt.write('  lebedevbeta 3074\n')
    fspt.write('  dafh\n')
    fspt.write('endtes')
    fspt.close()                    

    cmd = 'rm '+name+'.mol'
    os.system(cmd)
#INFO: ******************** input file end ********************


System: ('Linux', 'silicio', '3.16.0-4-amd64', '#1 SMP Debian 3.16.51-3 (2017-12-13)', 'x86_64', '')  Threads 12
Python 2.7.14 (default, Apr  9 2018, 16:34:43) 
[GCC 7.3.0]
numpy 1.14.2  scipy 1.0.1
Date: Wed Jun 27 21:39:35 2018
PySCF version 1.5
PySCF path  /home/jluis/src/pyscf/pyscf
GIT ORIG_HEAD f2dbb26d09ae5148fbf5975669a994500ac7a4c9
GIT HEAD      ref: refs/heads/master
GIT master branch  f2dbb26d09ae5148fbf5975669a994500ac7a4c9

[ENV] PYSCF_TMPDIR /scratch-ssd/jluis
[CONFIG] conf_file None
[INPUT] verbose = 4
[INPUT] num. atoms = 12
[INPUT] num. electrons = 40
[INPUT] charge = 0
[INPUT] spin (= nelec alpha-beta = 2S) = 0
[INPUT] symmetry 0 subgroup None
[INPUT] Mole.unit = angstrom
[INPUT]  1 H      1.161128000000  -1.731619000000   0.000000000000 AA    2.194213915564  -3.272285662093   0.000000000000 Bohr
[INPUT]  2 H      2.036838000000  -0.231103000000   0.000000000000 AA    3.849065980107  -0.436721376565   0.000000000000 Bohr
[INPUT]  3 H     -1.248974000000  -1.487056000000   0.880119000000 AA   -2.360218796703  -2.810128571891   1.663183867026 Bohr
[INPUT]  4 H     -1.248974000000  -1.487056000000  -0.880119000000 AA   -2.360218796703  -2.810128571891  -1.663183867026 Bohr
[INPUT]  5 H     -3.422513000000  -0.600402000000   0.000000000000 AA   -6.467612227764  -1.134595344641   0.000000000000 Bohr
[INPUT]  6 H     -2.551979000000   0.680872000000  -0.883169000000 AA   -4.822541385641   1.286661605885  -1.668947531706 Bohr
[INPUT]  7 H     -2.551979000000   0.680872000000   0.883169000000 AA   -4.822541385641   1.286661605885   1.668947531706 Bohr
[INPUT]  8 C      0.003028000000   0.000278000000   0.000000000000 AA    0.005722090705   0.000525343863   0.000000000000 Bohr
[INPUT]  9 C     -1.271477000000  -0.825245000000   0.000000000000 AA   -2.402743303684  -1.559487035667   0.000000000000 Bohr
[INPUT] 10 C     -2.525111000000   0.031540000000   0.000000000000 AA   -4.771768224127   0.059601961969   0.000000000000 Bohr
[INPUT] 11 O      0.010203000000   1.220411000000   0.000000000000 AA    0.019280875649   2.306242549407   0.000000000000 Bohr
[INPUT] 12 N      1.158165000000  -0.725210000000   0.000000000000 AA    2.188614657057  -1.370448282796   0.000000000000 Bohr

nuclear repulsion = 178.871205268514
number of shells = 128
number of NR pGTOs = 465
number of NR cGTOs = 391
basis = aug-cc-pvtz
ecp = {}
CPU time:     56761.52


******** <class 'pyscf.scf.hf.RHF'> flags ********
method = RHF
initial guess = minao
damping factor = 0
level shift factor = 0
DIIS = <class 'pyscf.scf.diis.CDIIS'>
DIIS start cycle = 1
DIIS space = 8
SCF tol = 1e-09
SCF gradient tol = None
max. SCF cycles = 120
direct_scf = True
direct_scf_tol = 1e-13
chkfile to save SCF result = c3h7no.chk
max_memory 10000 MB (current use 160 MB)
Set gradient conv threshold to 3.16228e-05
init E= -248.154316492265
  HOMO = -0.316580863477497  LUMO = 0.0203085019283958
cycle= 1 E= -246.979809954719  delta_E= 1.17  |g|= 0.732  |ddm|= 3.08
  HOMO = -0.293474675067714  LUMO = 0.00851984800859555
cycle= 2 E= -247.048841343183  delta_E= -0.069  |g|= 0.586  |ddm|= 0.775
  HOMO = -0.414678226886815  LUMO = 0.0193960408996585
cycle= 3 E= -247.107611898202  delta_E= -0.0588  |g|= 0.0995  |ddm|= 0.324
  HOMO = -0.415350652883565  LUMO = 0.0213285106008527
cycle= 4 E= -247.110434307828  delta_E= -0.00282  |g|= 0.0182  |ddm|= 0.0956
  HOMO = -0.41343175549477  LUMO = 0.0211604442769158
cycle= 5 E= -247.110606120694  delta_E= -0.000172  |g|= 0.00754  |ddm|= 0.0222
  HOMO = -0.413712347673646  LUMO = 0.0212051865252691
cycle= 6 E= -247.110648756138  delta_E= -4.26e-05  |g|= 0.00318  |ddm|= 0.012
  HOMO = -0.413563009528529  LUMO = 0.0213207424233433
cycle= 7 E= -247.110657459207  delta_E= -8.7e-06  |g|= 0.000969  |ddm|= 0.00603
  HOMO = -0.413534736112863  LUMO = 0.0213382124521842
cycle= 8 E= -247.110658240042  delta_E= -7.81e-07  |g|= 0.000205  |ddm|= 0.00202
  HOMO = -0.413529644855967  LUMO = 0.0213389703689711
cycle= 9 E= -247.110658272084  delta_E= -3.2e-08  |g|= 6.05e-05  |ddm|= 0.000403
  HOMO = -0.413511716030426  LUMO = 0.0213397856039931
cycle= 10 E= -247.110658274369  delta_E= -2.28e-09  |g|= 2.07e-05  |ddm|= 0.000107
  HOMO = -0.413515038806019  LUMO = 0.0213396742517959
cycle= 11 E= -247.110658274568  delta_E= -1.99e-10  |g|= 4.77e-06  |ddm|= 2.9e-05
  HOMO = -0.413513586488075  LUMO = 0.021339716166245
Extra cycle  E= -247.110658274579  delta_E= -1.08e-11  |g|= 2.33e-06  |ddm|= 6.23e-06
converged SCF energy = -247.110658274579
Electronic spatial extent <R**2> (au): 504.3549
* Multipoles in the independent field-basis, Gauge -> (0,0,0)
Electronic Dipole moment(X, Y, Z, Debye): -108.1171, -16.3969, 0.0000
Nuclear Dipole moment(X, Y, Z, Debye): -107.5871, -20.4099, 0.0000
Total Dipole moment(X, Y, Z, Debye): 0.5300, -4.0130, -0.0000
Quadrupole moments (Debye-Angs)
Total Quadrupole moments (XX, YY, ZZ): -26.7277, -32.7031, -31.6885
Total Quadrupole moments (XY, XZ, YZ): -0.7060, -0.0000, 0.0000
Octupole moments (Debye-Angs**2)
Total Octupole moments (XXX, YYY, ZZZ, XYY): 67.6936, -0.5519, -0.0000, 21.5423
Total Octupole moments (XXY, XXZ, XZZ, YZZ): 2.0228, -0.0000, 17.2620, 4.5133
Total Octupole moments (YYZ, XYZ): -0.0000, -0.0000
Hexadecapole moments (Debye-Angs**3)
Total Hexadecapole moments (XXXX, YYYY, ZZZZ, XXXY): -448.5032, -151.4274, -45.0423, -0.7893
Total Hexadecapole moments (XXXZ, YYYX, YYYZ, ZZZX): -0.0000, -9.5027, 0.0000, -0.0000
Total Hexadecapole moments (ZZZY, XXYY, XXZZ, YYZZ): 0.0000, -100.0243, -87.9709, -33.1239
Total Hexadecapole moments (XXYZ, YYXZ, ZZXY): 0.0000, -0.0000, 0.1535
