#INFO: **** input file is /home/jluis/src/git/db/molecules-wfn/hf/run_sp.py ****
#!/usr/bin/env python

import numpy, sys, os
from pyscf import lib, gto, scf, dft
from pyscf.tools import molden
from pyscf.data import radii

def read_molecule(path):

    charge = spin = 0
    with open(path, 'r') as myfile:
        output = myfile.read()
        output = output.lstrip()
        output = output.rstrip()
        output = output.split('\n')

    try:
        int(output[0])
    except ValueError:
        try:
            charge = int(output[0].split(' ')[0])
            spin = int(output[0].split(' ')[1]) - 1
        except ValueError:
            molecule = output
        else:
            molecule = '\n'.join(output[1:])
    else:
        if int(output[0]) == len(output) - 2:
            molecule = '\n'.join(output[2:])
            try:
                charge = int(output[1].split(' ')[0])
                spin = int(output[1].split(' ')[1])-1
            except ValueError:
                pass
        else:
            print "THIS IS NOT A VALID XYZ FILE"

    return (molecule, charge, spin)

directory = '../../molecules/'
files = [i for i in os.listdir(directory) if i.endswith('.xyz')]

for filename in files:

    name = filename[:-8]
    mol = gto.Mole()
    (mol.atom, charge, spin) = read_molecule(directory+filename)
    mol.basis = 'aug-cc-pvtz'
    mol.charge = charge
    mol.spin = spin
    mol.output = name+'.out'
    mol.symmetry = 0
    mol.max_memory = 10000
    mol.verbose = 4
    mol.build()

    mf = scf.RHF(mol) 
    mf = scf.addons.remove_linear_dep_(mf)
    mf.max_cycle = 120
    mf.chkfile = name+'.chk'
    mf.kernel()

    dm = mf.make_rdm1()
    nao = mol.nao_nr()
    unit = 2.541746
    origin = ([0.0,0.0,0.0])
    charges = mol.atom_charges()
    coords  = mol.atom_coords()
    mol.set_common_orig(origin)
    r2 = mol.intor_symmetric('int1e_r2')
    r2 = numpy.einsum('ij,ji->', r2, dm)
    lib.logger.info(mf,'Electronic spatial extent <R**2> (au): %.4f', r2)

    lib.logger.info(mf,'* Multipoles in the independent field-basis, Gauge -> (0,0,0)')
    ao_dip = mol.intor_symmetric('int1e_r', comp=3)
    el_dip = numpy.einsum('xij,ji->x', ao_dip, dm)
    lib.logger.info(mf,'Electronic Dipole moment(X, Y, Z, Debye): %.4f, %.4f, %.4f', *el_dip*unit)
    nucl_dip = numpy.einsum('i,ix->x', charges, coords)
    lib.logger.info(mf,'Nuclear Dipole moment(X, Y, Z, Debye): %.4f, %.4f, %.4f', *nucl_dip*unit)
    mol_dip = (nucl_dip - el_dip) * unit
    lib.logger.info(mf,'Total Dipole moment(X, Y, Z, Debye): %.4f, %.4f, %.4f', *mol_dip)

    lib.logger.info(mf,'Quadrupole moments (Debye-Angs)')
    rr = mol.intor_symmetric('int1e_rr', comp=9).reshape(3,3,nao,nao)
    rr = -1.0*numpy.einsum('xyij,ji->xy', rr, dm)
    rr += numpy.einsum('z,zx,zy->xy', charges, coords, coords)
    rr = rr*unit*lib.param.BOHR
    lib.logger.info(mf,'Total Quadrupole moments (XX, YY, ZZ): %.4f, %.4f, %.4f', \
    rr[0,0], rr[1,1], rr[2,2])
    lib.logger.info(mf,'Total Quadrupole moments (XY, XZ, YZ): %.4f, %.4f, %.4f', \
    rr[0,1], rr[0,2], rr[1,2])
 
    lib.logger.info(mf,'Octupole moments (Debye-Angs**2)')
    rrr = mol.intor_symmetric('int1e_rrr', comp=27).reshape(3,3,3,nao,nao)
    rrr = -1.0*numpy.einsum('xyzij,ji->xyz', rrr, dm)
    rrr += numpy.einsum('z,zx,zy,zk->xyk', charges, coords, coords, coords)
    rrr = rrr*unit*lib.param.BOHR**2
    lib.logger.info(mf,'Total Octupole moments (XXX, YYY, ZZZ, XYY): %.4f, %.4f, %.4f, %.4f', \
    rrr[0,0,0], rrr[1,1,1], rrr[2,2,2], rrr[0,1,1])
    lib.logger.info(mf,'Total Octupole moments (XXY, XXZ, XZZ, YZZ): %.4f, %.4f, %.4f, %.4f', \
    rrr[0,0,1], rrr[0,0,2], rrr[0,2,2], rrr[1,2,2])
    lib.logger.info(mf,'Total Octupole moments (YYZ, XYZ): %.4f, %.4f', rrr[1,1,2], rrr[0,1,2])

    lib.logger.info(mf,'Hexadecapole moments (Debye-Angs**3)')
    rrrr = mol.intor_symmetric('int1e_rrrr', comp=81).reshape(3,3,3,3,nao,nao)
    rrrr = -1.0*numpy.einsum('xyzwij,ji->xyzw', rrrr, dm)
    rrrr += numpy.einsum('z,zx,zy,zk,zw->xykw', charges, coords, coords, coords, coords)
    rrrr = rrrr*unit*lib.param.BOHR**3
    lib.logger.info(mf,'Total Hexadecapole moments (XXXX, YYYY, ZZZZ, XXXY): %.4f, %.4f, %.4f, %.4f', \
    rrrr[0,0,0,0], rrrr[1,1,1,1], rrrr[2,2,2,2], rrrr[0,0,0,1])
    lib.logger.info(mf,'Total Hexadecapole moments (XXXZ, YYYX, YYYZ, ZZZX): %.4f, %.4f, %.4f, %.4f', \
    rrrr[0,0,0,2], rrrr[1,1,1,0], rrrr[1,1,1,2], rrrr[2,2,2,0])
    lib.logger.info(mf,'Total Hexadecapole moments (ZZZY, XXYY, XXZZ, YYZZ): %.4f, %.4f, %.4f, %.4f', \
    rrrr[2,2,2,1], rrrr[0,0,1,1], rrrr[0,0,2,2], rrrr[1,1,2,2])
    lib.logger.info(mf,'Total Hexadecapole moments (XXYZ, YYXZ, ZZXY): %.4f, %.4f, %.4f', \
    rrrr[0,0,1,2], rrrr[1,1,0,2], rrrr[2,2,0,1])
     
    coeff = mf.mo_coeff[:,mf.mo_occ>0]
    occ = mf.mo_occ[mf.mo_occ>0]
    energy = mf.mo_energy[mf.mo_occ>0]
    den_file = name+'.mol'
    fspt = open(den_file,'w')
    molden.header(mol, fspt)
    molden.orbital_coeff(mol, fspt, coeff, ene=energy, occ=occ) 
    fspt.close()                    
    cmd = '/home/jluis/bin/molden2aim '+name
    os.system(cmd)
    den_file = name+'.wfn'
    fspt = open(den_file,'a')
    fspt.write('RHF\n')
    fspt.close()                    

    pmd_file = name+'.pmd'
    fspt = open(pmd_file,'w')
    fspt.write('%s.wfn\n' % (name))
    if (mol.symmetry == False):
        fspt.write('nosymmetry\n')
    fspt.write('tes\n')
    fspt.write('  epsiscp 0.220\n')
    fspt.write('  radialquad 7\n')
    fspt.write('  rmapping 2\n')
    fspt.write('  lmax 10\n')
    fspt.write('  nr 551\n')
    fspt.write('  lebedev 5810\n')
    fspt.write('  betasphere\n')
    for ia in range(mol.natm):
        symb = mol.atom_pure_symbol(ia)
        inuc = lib.parameters.NUC[symb]
        betarad = radii.COVALENT[inuc]/3.5
        fspt.write('  betaradw %d %1.3f\n' % ((ia+1),betarad))
    fspt.write('  radialquadbeta 7\n')
    fspt.write('  rmappingbeta 3\n')
    fspt.write('  lmaxbeta 8\n')
    fspt.write('  nrb 451\n')
    fspt.write('  lebedevbeta 3074\n')
    fspt.write('  dafh\n')
    fspt.write('endtes')
    fspt.close()                    

    cmd = 'rm '+name+'.mol'
    os.system(cmd)
#INFO: ******************** input file end ********************


System: ('Linux', 'silicio', '3.16.0-4-amd64', '#1 SMP Debian 3.16.51-3 (2017-12-13)', 'x86_64', '')  Threads 12
Python 2.7.14 (default, Apr  9 2018, 16:34:43) 
[GCC 7.3.0]
numpy 1.14.2  scipy 1.0.1
Date: Wed Jun 27 23:10:20 2018
PySCF version 1.5
PySCF path  /home/jluis/src/pyscf/pyscf
GIT ORIG_HEAD f2dbb26d09ae5148fbf5975669a994500ac7a4c9
GIT HEAD      ref: refs/heads/master
GIT master branch  f2dbb26d09ae5148fbf5975669a994500ac7a4c9

[ENV] PYSCF_TMPDIR /scratch-ssd/jluis
[CONFIG] conf_file None
[INPUT] verbose = 4
[INPUT] num. atoms = 14
[INPUT] num. electrons = 50
[INPUT] charge = 0
[INPUT] spin (= nelec alpha-beta = 2S) = 0
[INPUT] symmetry 0 subgroup None
[INPUT] Mole.unit = angstrom
[INPUT]  1 H     -1.609951000000  -0.523634000000   1.423649000000 AA   -3.042366463970  -0.989524849511   2.690306707511 Bohr
[INPUT]  2 H     -0.192534000000  -1.535985000000   0.968738000000 AA   -0.363836529667  -2.902590981440   1.830649506459 Bohr
[INPUT]  3 C     -0.847950000000  -0.710915000000   0.650221000000 AA   -1.602393267325  -1.343434647845   1.228739610441 Bohr
[INPUT]  4 H      0.367136000000   0.855430000000   1.440842000000 AA    0.693786490468   1.616528418737   2.722796768771 Bohr
[INPUT]  5 C     -0.022413000000   0.547968000000   0.459128000000 AA   -0.042354431630   1.035509445026   0.867626176119 Bohr
[INPUT]  6 H      1.661345000000   1.301482000000  -0.621523000000 AA    3.139487048416   2.459444536051  -1.174508250118 Bohr
[INPUT]  7 H      0.791850000000  -0.027674000000  -1.451735000000 AA    1.496379631737  -0.052296280771  -2.743381555445 Bohr
[INPUT]  8 C      1.160441000000   0.331053000000  -0.476062000000 AA    2.192915673716   0.625599502716  -0.899626798313 Bohr
[INPUT]  9 H      2.763625000000  -0.786600000000  -0.454839000000 AA    5.222494361001  -1.486458569583  -0.859521140771 Bohr
[INPUT] 10 O      2.023728000000  -0.618205000000   0.133325000000 AA    3.824291670614  -1.168238138837   0.251947735558 Bohr
[INPUT] 11 H     -2.092540000000  -1.706322000000  -0.495405000000 AA   -3.954327504697  -3.224481260320  -0.936179770740 Bohr
[INPUT] 12 O     -1.463314000000  -0.990171000000  -0.605604000000 AA   -2.765262694242  -1.871152006487  -1.144425699941 Bohr
[INPUT] 13 H     -1.397800000000   1.230085000000  -0.700869000000 AA   -2.641459176917   2.324523759936  -1.324450459198 Bohr
[INPUT] 14 O     -0.827724000000   1.607989000000  -0.019465000000 AA   -1.564171666729   3.038658821313  -0.036783519015 Bohr

nuclear repulsion = 265.68734392187
number of shells = 150
number of NR pGTOs = 548
number of NR cGTOs = 460
basis = aug-cc-pvtz
ecp = {}
CPU time:    120828.81


******** <class 'pyscf.scf.hf.RHF'> flags ********
method = RHF
initial guess = minao
damping factor = 0
level shift factor = 0
DIIS = <class 'pyscf.scf.diis.CDIIS'>
DIIS start cycle = 1
DIIS space = 8
SCF tol = 1e-09
SCF gradient tol = None
max. SCF cycles = 120
direct_scf = True
direct_scf_tol = 1e-13
chkfile to save SCF result = c3h8o2.chk
max_memory 10000 MB (current use 165 MB)
Set gradient conv threshold to 3.16228e-05
init E= -344.087090953463
  HOMO = -0.337069278829447  LUMO = 0.0163827025378352
cycle= 1 E= -342.847027685342  delta_E= 1.24  |g|= 0.744  |ddm|= 3.21
  HOMO = -0.394075905343049  LUMO = 0.0238733664624345
cycle= 2 E= -342.939100561191  delta_E= -0.0921  |g|= 0.409  |ddm|= 1.03
  HOMO = -0.436007324430318  LUMO = 0.0261185371942882
cycle= 3 E= -342.965293748505  delta_E= -0.0262  |g|= 0.0969  |ddm|= 0.331
  HOMO = -0.432989949858663  LUMO = 0.0270447661502981
cycle= 4 E= -342.967199973143  delta_E= -0.00191  |g|= 0.0137  |ddm|= 0.0995
  HOMO = -0.43404720157363  LUMO = 0.0268713203393304
cycle= 5 E= -342.967254167979  delta_E= -5.42e-05  |g|= 0.00263  |ddm|= 0.0189
  HOMO = -0.434310951553567  LUMO = 0.0268816129568422
cycle= 6 E= -342.967257406853  delta_E= -3.24e-06  |g|= 0.00107  |ddm|= 0.00566
  HOMO = -0.434349312564895  LUMO = 0.026885878972228
cycle= 7 E= -342.967257776772  delta_E= -3.7e-07  |g|= 0.000365  |ddm|= 0.00154
  HOMO = -0.434365630684233  LUMO = 0.0268872409271951
cycle= 8 E= -342.967257826405  delta_E= -4.96e-08  |g|= 0.000117  |ddm|= 0.000625
  HOMO = -0.43437629280146  LUMO = 0.0268876757235013
cycle= 9 E= -342.967257831011  delta_E= -4.61e-09  |g|= 2.75e-05  |ddm|= 0.00019
  HOMO = -0.434373727512416  LUMO = 0.0268875597594869
cycle= 10 E= -342.967257831355  delta_E= -3.44e-10  |g|= 6.88e-06  |ddm|= 6.52e-05
  HOMO = -0.434374945930322  LUMO = 0.0268876292539398
Extra cycle  E= -342.967257831379  delta_E= -2.43e-11  |g|= 3.25e-06  |ddm|= 1.46e-05
converged SCF energy = -342.967257831379
Electronic spatial extent <R**2> (au): 620.4100
* Multipoles in the independent field-basis, Gauge -> (0,0,0)
Electronic Dipole moment(X, Y, Z, Debye): -0.3952, 1.1205, 0.4741
Nuclear Dipole moment(X, Y, Z, Debye): -0.5134, -0.9015, -0.1219
Total Dipole moment(X, Y, Z, Debye): -0.1182, -2.0220, -0.5959
Quadrupole moments (Debye-Angs)
Total Quadrupole moments (XX, YY, ZZ): -30.4593, -39.0029, -35.9175
Total Quadrupole moments (XY, XZ, YZ): 4.4835, -3.4921, -0.5831
Octupole moments (Debye-Angs**2)
Total Octupole moments (XXX, YYY, ZZZ, XYY): 3.2960, -17.7693, -1.5005, -3.5829
Total Octupole moments (XXY, XXZ, XZZ, YZZ): -10.9610, -12.5738, -0.1859, 1.5343
Total Octupole moments (YYZ, XYZ): -2.6336, 4.7377
Hexadecapole moments (Debye-Angs**3)
Total Hexadecapole moments (XXXX, YYYY, ZZZZ, XXXY): -316.1418, -241.8171, -108.9330, 1.5318
Total Hexadecapole moments (XXXZ, YYYX, YYYZ, ZZZX): -16.6652, 22.3671, 2.1315, 4.1525
Total Hexadecapole moments (ZZZY, XXYY, XXZZ, YYZZ): 2.3280, -82.2909, -81.3050, -56.2317
Total Hexadecapole moments (XXYZ, YYXZ, ZZXY): 6.0123, 6.7850, -3.5050
