#INFO: **** input file is /home/jluis/src/git/db/molecules-wfn/hf/run_sp.py ****
#!/usr/bin/env python

import numpy, sys, os
from pyscf import lib, gto, scf, dft
from pyscf.tools import molden
from pyscf.data import radii

def read_molecule(path):

    charge = spin = 0
    with open(path, 'r') as myfile:
        output = myfile.read()
        output = output.lstrip()
        output = output.rstrip()
        output = output.split('\n')

    try:
        int(output[0])
    except ValueError:
        try:
            charge = int(output[0].split(' ')[0])
            spin = int(output[0].split(' ')[1]) - 1
        except ValueError:
            molecule = output
        else:
            molecule = '\n'.join(output[1:])
    else:
        if int(output[0]) == len(output) - 2:
            molecule = '\n'.join(output[2:])
            try:
                charge = int(output[1].split(' ')[0])
                spin = int(output[1].split(' ')[1])-1
            except ValueError:
                pass
        else:
            print "THIS IS NOT A VALID XYZ FILE"

    return (molecule, charge, spin)

directory = '../../molecules/'
files = [i for i in os.listdir(directory) if i.endswith('.xyz')]

for filename in files:

    name = filename[:-8]
    mol = gto.Mole()
    (mol.atom, charge, spin) = read_molecule(directory+filename)
    mol.basis = 'aug-cc-pvtz'
    mol.charge = charge
    mol.spin = spin
    mol.output = name+'.out'
    mol.symmetry = 0
    mol.max_memory = 10000
    mol.verbose = 4
    mol.build()

    mf = scf.RHF(mol) 
    mf = scf.addons.remove_linear_dep_(mf)
    mf.max_cycle = 120
    mf.chkfile = name+'.chk'
    mf.kernel()

    dm = mf.make_rdm1()
    nao = mol.nao_nr()
    unit = 2.541746
    origin = ([0.0,0.0,0.0])
    charges = mol.atom_charges()
    coords  = mol.atom_coords()
    mol.set_common_orig(origin)
    r2 = mol.intor_symmetric('int1e_r2')
    r2 = numpy.einsum('ij,ji->', r2, dm)
    lib.logger.info(mf,'Electronic spatial extent <R**2> (au): %.4f', r2)

    lib.logger.info(mf,'* Multipoles in the independent field-basis, Gauge -> (0,0,0)')
    ao_dip = mol.intor_symmetric('int1e_r', comp=3)
    el_dip = numpy.einsum('xij,ji->x', ao_dip, dm)
    lib.logger.info(mf,'Electronic Dipole moment(X, Y, Z, Debye): %.4f, %.4f, %.4f', *el_dip*unit)
    nucl_dip = numpy.einsum('i,ix->x', charges, coords)
    lib.logger.info(mf,'Nuclear Dipole moment(X, Y, Z, Debye): %.4f, %.4f, %.4f', *nucl_dip*unit)
    mol_dip = (nucl_dip - el_dip) * unit
    lib.logger.info(mf,'Total Dipole moment(X, Y, Z, Debye): %.4f, %.4f, %.4f', *mol_dip)

    lib.logger.info(mf,'Quadrupole moments (Debye-Angs)')
    rr = mol.intor_symmetric('int1e_rr', comp=9).reshape(3,3,nao,nao)
    rr = -1.0*numpy.einsum('xyij,ji->xy', rr, dm)
    rr += numpy.einsum('z,zx,zy->xy', charges, coords, coords)
    rr = rr*unit*lib.param.BOHR
    lib.logger.info(mf,'Total Quadrupole moments (XX, YY, ZZ): %.4f, %.4f, %.4f', \
    rr[0,0], rr[1,1], rr[2,2])
    lib.logger.info(mf,'Total Quadrupole moments (XY, XZ, YZ): %.4f, %.4f, %.4f', \
    rr[0,1], rr[0,2], rr[1,2])
 
    lib.logger.info(mf,'Octupole moments (Debye-Angs**2)')
    rrr = mol.intor_symmetric('int1e_rrr', comp=27).reshape(3,3,3,nao,nao)
    rrr = -1.0*numpy.einsum('xyzij,ji->xyz', rrr, dm)
    rrr += numpy.einsum('z,zx,zy,zk->xyk', charges, coords, coords, coords)
    rrr = rrr*unit*lib.param.BOHR**2
    lib.logger.info(mf,'Total Octupole moments (XXX, YYY, ZZZ, XYY): %.4f, %.4f, %.4f, %.4f', \
    rrr[0,0,0], rrr[1,1,1], rrr[2,2,2], rrr[0,1,1])
    lib.logger.info(mf,'Total Octupole moments (XXY, XXZ, XZZ, YZZ): %.4f, %.4f, %.4f, %.4f', \
    rrr[0,0,1], rrr[0,0,2], rrr[0,2,2], rrr[1,2,2])
    lib.logger.info(mf,'Total Octupole moments (YYZ, XYZ): %.4f, %.4f', rrr[1,1,2], rrr[0,1,2])

    lib.logger.info(mf,'Hexadecapole moments (Debye-Angs**3)')
    rrrr = mol.intor_symmetric('int1e_rrrr', comp=81).reshape(3,3,3,3,nao,nao)
    rrrr = -1.0*numpy.einsum('xyzwij,ji->xyzw', rrrr, dm)
    rrrr += numpy.einsum('z,zx,zy,zk,zw->xykw', charges, coords, coords, coords, coords)
    rrrr = rrrr*unit*lib.param.BOHR**3
    lib.logger.info(mf,'Total Hexadecapole moments (XXXX, YYYY, ZZZZ, XXXY): %.4f, %.4f, %.4f, %.4f', \
    rrrr[0,0,0,0], rrrr[1,1,1,1], rrrr[2,2,2,2], rrrr[0,0,0,1])
    lib.logger.info(mf,'Total Hexadecapole moments (XXXZ, YYYX, YYYZ, ZZZX): %.4f, %.4f, %.4f, %.4f', \
    rrrr[0,0,0,2], rrrr[1,1,1,0], rrrr[1,1,1,2], rrrr[2,2,2,0])
    lib.logger.info(mf,'Total Hexadecapole moments (ZZZY, XXYY, XXZZ, YYZZ): %.4f, %.4f, %.4f, %.4f', \
    rrrr[2,2,2,1], rrrr[0,0,1,1], rrrr[0,0,2,2], rrrr[1,1,2,2])
    lib.logger.info(mf,'Total Hexadecapole moments (XXYZ, YYXZ, ZZXY): %.4f, %.4f, %.4f', \
    rrrr[0,0,1,2], rrrr[1,1,0,2], rrrr[2,2,0,1])
     
    coeff = mf.mo_coeff[:,mf.mo_occ>0]
    occ = mf.mo_occ[mf.mo_occ>0]
    energy = mf.mo_energy[mf.mo_occ>0]
    den_file = name+'.mol'
    fspt = open(den_file,'w')
    molden.header(mol, fspt)
    molden.orbital_coeff(mol, fspt, coeff, ene=energy, occ=occ) 
    fspt.close()                    
    cmd = '/home/jluis/bin/molden2aim '+name
    os.system(cmd)
    den_file = name+'.wfn'
    fspt = open(den_file,'a')
    fspt.write('RHF\n')
    fspt.close()                    

    pmd_file = name+'.pmd'
    fspt = open(pmd_file,'w')
    fspt.write('%s.wfn\n' % (name))
    if (mol.symmetry == False):
        fspt.write('nosymmetry\n')
    fspt.write('tes\n')
    fspt.write('  epsiscp 0.220\n')
    fspt.write('  radialquad 7\n')
    fspt.write('  rmapping 2\n')
    fspt.write('  lmax 10\n')
    fspt.write('  nr 551\n')
    fspt.write('  lebedev 5810\n')
    fspt.write('  betasphere\n')
    for ia in range(mol.natm):
        symb = mol.atom_pure_symbol(ia)
        inuc = lib.parameters.NUC[symb]
        betarad = radii.COVALENT[inuc]/3.5
        fspt.write('  betaradw %d %1.3f\n' % ((ia+1),betarad))
    fspt.write('  radialquadbeta 7\n')
    fspt.write('  rmappingbeta 3\n')
    fspt.write('  lmaxbeta 8\n')
    fspt.write('  nrb 451\n')
    fspt.write('  lebedevbeta 3074\n')
    fspt.write('  dafh\n')
    fspt.write('endtes')
    fspt.close()                    

    cmd = 'rm '+name+'.mol'
    os.system(cmd)
#INFO: ******************** input file end ********************


System: ('Linux', 'silicio', '3.16.0-4-amd64', '#1 SMP Debian 3.16.51-3 (2017-12-13)', 'x86_64', '')  Threads 12
Python 2.7.14 (default, Apr  9 2018, 16:34:43) 
[GCC 7.3.0]
numpy 1.14.2  scipy 1.0.1
Date: Wed Jun 27 23:01:10 2018
PySCF version 1.5
PySCF path  /home/jluis/src/pyscf/pyscf
GIT ORIG_HEAD f2dbb26d09ae5148fbf5975669a994500ac7a4c9
GIT HEAD      ref: refs/heads/master
GIT master branch  f2dbb26d09ae5148fbf5975669a994500ac7a4c9

[ENV] PYSCF_TMPDIR /scratch-ssd/jluis
[CONFIG] conf_file None
[INPUT] verbose = 4
[INPUT] num. atoms = 8
[INPUT] num. electrons = 74
[INPUT] charge = 0
[INPUT] spin (= nelec alpha-beta = 2S) = 0
[INPUT] symmetry 0 subgroup None
[INPUT] Mole.unit = angstrom
[INPUT]  1 C     -0.986680000000   0.028076000000   0.006973000000 AA   -1.864554972586   0.053055950673   0.013177060267 Bohr
[INPUT]  2 S      0.876652000000  -0.211914000000  -0.054727000000 AA    1.656632186552  -0.400459421961  -0.103419041619 Bohr
[INPUT]  3 F     -1.335378000000   0.403851000000   1.225338000000 AA   -2.523498692769   0.763167785132   2.315553230022 Bohr
[INPUT]  4 F     -1.544498000000  -1.136435000000  -0.291763000000 AA   -2.918678219938  -2.147550908370  -0.551352163281 Bohr
[INPUT]  5 F     -1.336361000000   0.944897000000  -0.878847000000 AA   -2.525356293550   1.785596545923  -1.660780135396 Bohr
[INPUT]  6 O      1.288451000000  -0.409157000000  -1.435423000000 AA    2.434819514922  -0.773194671949  -2.712556342902 Bohr
[INPUT]  7 O      1.287366000000  -1.051116000000   1.059645000000 AA    2.432769162077  -1.986321365148   2.002438839265 Bohr
[INPUT]  8 F      1.227548000000   1.323500000000   0.340503000000 AA    2.319729524758   2.501052525862   0.643457414593 Bohr

nuclear repulsion = 562.747570667159
number of shells = 104
number of NR pGTOs = 481
number of NR cGTOs = 372
basis = aug-cc-pvtz
ecp = {}
CPU time:    114450.14


******** <class 'pyscf.scf.hf.RHF'> flags ********
method = RHF
initial guess = minao
damping factor = 0
level shift factor = 0
DIIS = <class 'pyscf.scf.diis.CDIIS'>
DIIS start cycle = 1
DIIS space = 8
SCF tol = 1e-09
SCF gradient tol = None
max. SCF cycles = 120
direct_scf = True
direct_scf_tol = 1e-13
chkfile to save SCF result = cf3so2f.chk
max_memory 10000 MB (current use 165 MB)
Set gradient conv threshold to 3.16228e-05
init E= -984.988979730741
  HOMO = -0.380058536216545  LUMO = 0.0282766677249435
cycle= 1 E= -982.678354745698  delta_E= 2.31  |g|= 1.39  |ddm|= 2.39
  HOMO = -0.520710529413833  LUMO = -0.038532876581143
cycle= 2 E= -982.839520616064  delta_E= -0.161  |g|= 1.12  |ddm|= 1.32
  HOMO = -0.550683462263201  LUMO = 0.0543741866865085
cycle= 3 E= -983.047248304586  delta_E= -0.208  |g|= 0.126  |ddm|= 0.556
  HOMO = -0.534470906753776  LUMO = 0.0552312609871738
cycle= 4 E= -983.050352836523  delta_E= -0.0031  |g|= 0.0453  |ddm|= 0.108
  HOMO = -0.542265674731772  LUMO = 0.0552984257595573
cycle= 5 E= -983.050818926472  delta_E= -0.000466  |g|= 0.0143  |ddm|= 0.0357
  HOMO = -0.542190024279357  LUMO = 0.0552311009544476
cycle= 6 E= -983.050863832078  delta_E= -4.49e-05  |g|= 0.00376  |ddm|= 0.00917
  HOMO = -0.541688192756317  LUMO = 0.0552455249467189
cycle= 7 E= -983.050869870789  delta_E= -6.04e-06  |g|= 0.00107  |ddm|= 0.00475
  HOMO = -0.541649035286489  LUMO = 0.0552476210769004
cycle= 8 E= -983.050870291351  delta_E= -4.21e-07  |g|= 0.000405  |ddm|= 0.00117
  HOMO = -0.54162953605195  LUMO = 0.0552485956289101
cycle= 9 E= -983.050870356324  delta_E= -6.5e-08  |g|= 0.000138  |ddm|= 0.000508
  HOMO = -0.54161082927324  LUMO = 0.0552502452506008
cycle= 10 E= -983.050870363975  delta_E= -7.65e-09  |g|= 4.17e-05  |ddm|= 0.000174
  HOMO = -0.541610134409111  LUMO = 0.0552505767452092
cycle= 11 E= -983.050870365014  delta_E= -1.04e-09  |g|= 1.57e-05  |ddm|= 6.88e-05
  HOMO = -0.541611294243645  LUMO = 0.0552510324823298
cycle= 12 E= -983.050870365157  delta_E= -1.43e-10  |g|= 4.73e-06  |ddm|= 2.59e-05
  HOMO = -0.541610119548873  LUMO = 0.0552511185429322
Extra cycle  E= -983.050870365164  delta_E= -6.59e-12  |g|= 2.89e-06  |ddm|= 5.22e-06
converged SCF energy = -983.050870365164
Electronic spatial extent <R**2> (au): 854.8697
* Multipoles in the independent field-basis, Gauge -> (0,0,0)
Electronic Dipole moment(X, Y, Z, Debye): 10.4251, -5.9297, -1.5460
Nuclear Dipole moment(X, Y, Z, Debye): 8.7163, -5.1972, -1.3590
Total Dipole moment(X, Y, Z, Debye): -1.7088, 0.7324, 0.1870
Quadrupole moments (Debye-Angs)
Total Quadrupole moments (XX, YY, ZZ): -49.8322, -50.5383, -53.2200
Total Quadrupole moments (XY, XZ, YZ): 1.4513, 0.3755, 0.7398
Octupole moments (Debye-Angs**2)
Total Octupole moments (XXX, YYY, ZZZ, XYY): -17.4424, 9.2424, 4.7187, -7.4106
Total Octupole moments (XXY, XXZ, XZZ, YZZ): 5.6986, 1.4771, -10.6280, 5.6681
Total Octupole moments (YYZ, XYZ): -0.8663, 0.8840
Hexadecapole moments (Debye-Angs**3)
Total Hexadecapole moments (XXXX, YYYY, ZZZZ, XXXY): -442.6891, -201.5735, -220.4826, 17.9643
Total Hexadecapole moments (XXXZ, YYYX, YYYZ, ZZZX): 4.6465, 15.6489, 3.4643, 8.1134
Total Hexadecapole moments (ZZZY, XXYY, XXZZ, YYZZ): 1.7653, -114.1489, -119.8364, -71.0583
Total Hexadecapole moments (XXYZ, YYXZ, ZZXY): 1.5678, -1.5567, 9.7414
