#INFO: **** input file is /home/jluis/src/git/db/molecules-wfn/hf/run_sp.py ****
#!/usr/bin/env python

import numpy, sys, os
from pyscf import lib, gto, scf, dft
from pyscf.tools import molden
from pyscf.data import radii

def read_molecule(path):

    charge = spin = 0
    with open(path, 'r') as myfile:
        output = myfile.read()
        output = output.lstrip()
        output = output.rstrip()
        output = output.split('\n')

    try:
        int(output[0])
    except ValueError:
        try:
            charge = int(output[0].split(' ')[0])
            spin = int(output[0].split(' ')[1]) - 1
        except ValueError:
            molecule = output
        else:
            molecule = '\n'.join(output[1:])
    else:
        if int(output[0]) == len(output) - 2:
            molecule = '\n'.join(output[2:])
            try:
                charge = int(output[1].split(' ')[0])
                spin = int(output[1].split(' ')[1])-1
            except ValueError:
                pass
        else:
            print "THIS IS NOT A VALID XYZ FILE"

    return (molecule, charge, spin)

directory = '../../molecules/'
files = [i for i in os.listdir(directory) if i.endswith('.xyz')]

for filename in files:

    name = filename[:-8]
    mol = gto.Mole()
    (mol.atom, charge, spin) = read_molecule(directory+filename)
    mol.basis = 'aug-cc-pvtz'
    mol.charge = charge
    mol.spin = spin
    mol.output = name+'.out'
    mol.symmetry = 0
    mol.max_memory = 10000
    mol.verbose = 4
    mol.build()

    mf = scf.RHF(mol) 
    mf = scf.addons.remove_linear_dep_(mf)
    mf.max_cycle = 120
    mf.chkfile = name+'.chk'
    mf.kernel()

    dm = mf.make_rdm1()
    nao = mol.nao_nr()
    unit = 2.541746
    origin = ([0.0,0.0,0.0])
    charges = mol.atom_charges()
    coords  = mol.atom_coords()
    mol.set_common_orig(origin)
    r2 = mol.intor_symmetric('int1e_r2')
    r2 = numpy.einsum('ij,ji->', r2, dm)
    lib.logger.info(mf,'Electronic spatial extent <R**2> (au): %.4f', r2)

    lib.logger.info(mf,'* Multipoles in the independent field-basis, Gauge -> (0,0,0)')
    ao_dip = mol.intor_symmetric('int1e_r', comp=3)
    el_dip = numpy.einsum('xij,ji->x', ao_dip, dm)
    lib.logger.info(mf,'Electronic Dipole moment(X, Y, Z, Debye): %.4f, %.4f, %.4f', *el_dip*unit)
    nucl_dip = numpy.einsum('i,ix->x', charges, coords)
    lib.logger.info(mf,'Nuclear Dipole moment(X, Y, Z, Debye): %.4f, %.4f, %.4f', *nucl_dip*unit)
    mol_dip = (nucl_dip - el_dip) * unit
    lib.logger.info(mf,'Total Dipole moment(X, Y, Z, Debye): %.4f, %.4f, %.4f', *mol_dip)

    lib.logger.info(mf,'Quadrupole moments (Debye-Angs)')
    rr = mol.intor_symmetric('int1e_rr', comp=9).reshape(3,3,nao,nao)
    rr = -1.0*numpy.einsum('xyij,ji->xy', rr, dm)
    rr += numpy.einsum('z,zx,zy->xy', charges, coords, coords)
    rr = rr*unit*lib.param.BOHR
    lib.logger.info(mf,'Total Quadrupole moments (XX, YY, ZZ): %.4f, %.4f, %.4f', \
    rr[0,0], rr[1,1], rr[2,2])
    lib.logger.info(mf,'Total Quadrupole moments (XY, XZ, YZ): %.4f, %.4f, %.4f', \
    rr[0,1], rr[0,2], rr[1,2])
 
    lib.logger.info(mf,'Octupole moments (Debye-Angs**2)')
    rrr = mol.intor_symmetric('int1e_rrr', comp=27).reshape(3,3,3,nao,nao)
    rrr = -1.0*numpy.einsum('xyzij,ji->xyz', rrr, dm)
    rrr += numpy.einsum('z,zx,zy,zk->xyk', charges, coords, coords, coords)
    rrr = rrr*unit*lib.param.BOHR**2
    lib.logger.info(mf,'Total Octupole moments (XXX, YYY, ZZZ, XYY): %.4f, %.4f, %.4f, %.4f', \
    rrr[0,0,0], rrr[1,1,1], rrr[2,2,2], rrr[0,1,1])
    lib.logger.info(mf,'Total Octupole moments (XXY, XXZ, XZZ, YZZ): %.4f, %.4f, %.4f, %.4f', \
    rrr[0,0,1], rrr[0,0,2], rrr[0,2,2], rrr[1,2,2])
    lib.logger.info(mf,'Total Octupole moments (YYZ, XYZ): %.4f, %.4f', rrr[1,1,2], rrr[0,1,2])

    lib.logger.info(mf,'Hexadecapole moments (Debye-Angs**3)')
    rrrr = mol.intor_symmetric('int1e_rrrr', comp=81).reshape(3,3,3,3,nao,nao)
    rrrr = -1.0*numpy.einsum('xyzwij,ji->xyzw', rrrr, dm)
    rrrr += numpy.einsum('z,zx,zy,zk,zw->xykw', charges, coords, coords, coords, coords)
    rrrr = rrrr*unit*lib.param.BOHR**3
    lib.logger.info(mf,'Total Hexadecapole moments (XXXX, YYYY, ZZZZ, XXXY): %.4f, %.4f, %.4f, %.4f', \
    rrrr[0,0,0,0], rrrr[1,1,1,1], rrrr[2,2,2,2], rrrr[0,0,0,1])
    lib.logger.info(mf,'Total Hexadecapole moments (XXXZ, YYYX, YYYZ, ZZZX): %.4f, %.4f, %.4f, %.4f', \
    rrrr[0,0,0,2], rrrr[1,1,1,0], rrrr[1,1,1,2], rrrr[2,2,2,0])
    lib.logger.info(mf,'Total Hexadecapole moments (ZZZY, XXYY, XXZZ, YYZZ): %.4f, %.4f, %.4f, %.4f', \
    rrrr[2,2,2,1], rrrr[0,0,1,1], rrrr[0,0,2,2], rrrr[1,1,2,2])
    lib.logger.info(mf,'Total Hexadecapole moments (XXYZ, YYXZ, ZZXY): %.4f, %.4f, %.4f', \
    rrrr[0,0,1,2], rrrr[1,1,0,2], rrrr[2,2,0,1])
     
    coeff = mf.mo_coeff[:,mf.mo_occ>0]
    occ = mf.mo_occ[mf.mo_occ>0]
    energy = mf.mo_energy[mf.mo_occ>0]
    den_file = name+'.mol'
    fspt = open(den_file,'w')
    molden.header(mol, fspt)
    molden.orbital_coeff(mol, fspt, coeff, ene=energy, occ=occ) 
    fspt.close()                    
    cmd = '/home/jluis/bin/molden2aim '+name
    os.system(cmd)
    den_file = name+'.wfn'
    fspt = open(den_file,'a')
    fspt.write('RHF\n')
    fspt.close()                    

    pmd_file = name+'.pmd'
    fspt = open(pmd_file,'w')
    fspt.write('%s.wfn\n' % (name))
    if (mol.symmetry == False):
        fspt.write('nosymmetry\n')
    fspt.write('tes\n')
    fspt.write('  epsiscp 0.220\n')
    fspt.write('  radialquad 7\n')
    fspt.write('  rmapping 2\n')
    fspt.write('  lmax 10\n')
    fspt.write('  nr 551\n')
    fspt.write('  lebedev 5810\n')
    fspt.write('  betasphere\n')
    for ia in range(mol.natm):
        symb = mol.atom_pure_symbol(ia)
        inuc = lib.parameters.NUC[symb]
        betarad = radii.COVALENT[inuc]/3.5
        fspt.write('  betaradw %d %1.3f\n' % ((ia+1),betarad))
    fspt.write('  radialquadbeta 7\n')
    fspt.write('  rmappingbeta 3\n')
    fspt.write('  lmaxbeta 8\n')
    fspt.write('  nrb 451\n')
    fspt.write('  lebedevbeta 3074\n')
    fspt.write('  dafh\n')
    fspt.write('endtes')
    fspt.close()                    

    cmd = 'rm '+name+'.mol'
    os.system(cmd)
#INFO: ******************** input file end ********************


System: ('Linux', 'silicio', '3.16.0-4-amd64', '#1 SMP Debian 3.16.51-3 (2017-12-13)', 'x86_64', '')  Threads 12
Python 2.7.14 (default, Apr  9 2018, 16:34:43) 
[GCC 7.3.0]
numpy 1.14.2  scipy 1.0.1
Date: Wed Jun 27 23:30:23 2018
PySCF version 1.5
PySCF path  /home/jluis/src/pyscf/pyscf
GIT ORIG_HEAD f2dbb26d09ae5148fbf5975669a994500ac7a4c9
GIT HEAD      ref: refs/heads/master
GIT master branch  f2dbb26d09ae5148fbf5975669a994500ac7a4c9

[ENV] PYSCF_TMPDIR /scratch-ssd/jluis
[CONFIG] conf_file None
[INPUT] verbose = 4
[INPUT] num. atoms = 5
[INPUT] num. electrons = 24
[INPUT] charge = 0
[INPUT] spin (= nelec alpha-beta = 2S) = 0
[INPUT] symmetry 0 subgroup None
[INPUT] Mole.unit = angstrom
[INPUT]  1 C      0.074894000000   0.418310000000   0.000029000000 AA    0.141529148373   0.790491335167   0.000054802058 Bohr
[INPUT]  2 O     -1.019878000000  -0.355491000000   0.000002000000 AA   -1.927290100469  -0.671780629748   0.000003779452 Bohr
[INPUT]  3 O      1.206077000000   0.012162000000  -0.000008000000 AA    2.279155215137   0.022982849127  -0.000015117809 Bohr
[INPUT]  4 H     -0.216275000000   1.483411000000  -0.000015000000 AA   -0.408700517590   2.803240520167  -0.000028345892 Bohr
[INPUT]  5 H     -0.718918000000  -1.277893000000  -0.000008000000 AA   -1.358558126020  -2.414867786499  -0.000015117809 Bohr

nuclear repulsion = 70.219634671237
number of shells = 57
number of NR pGTOs = 224
number of NR cGTOs = 184
basis = aug-cc-pvtz
ecp = {}
CPU time:    135071.09


******** <class 'pyscf.scf.hf.RHF'> flags ********
method = RHF
initial guess = minao
damping factor = 0
level shift factor = 0
DIIS = <class 'pyscf.scf.diis.CDIIS'>
DIIS start cycle = 1
DIIS space = 8
SCF tol = 1e-09
SCF gradient tol = None
max. SCF cycles = 120
direct_scf = True
direct_scf_tol = 1e-13
chkfile to save SCF result = ch2o2.chk
max_memory 10000 MB (current use 177 MB)
Set gradient conv threshold to 3.16228e-05
init E= -189.301537118456
  HOMO = -0.408697528971909  LUMO = 0.0180904365379256
cycle= 1 E= -188.740386674747  delta_E= 0.561  |g|= 0.708  |ddm|= 1.68
  HOMO = -0.393007164965989  LUMO = 0.025885338921217
cycle= 2 E= -188.798029380857  delta_E= -0.0576  |g|= 0.524  |ddm|= 0.546
  HOMO = -0.477506100641516  LUMO = 0.0285861138872423
cycle= 3 E= -188.842535033023  delta_E= -0.0445  |g|= 0.0662  |ddm|= 0.223
  HOMO = -0.465972811477728  LUMO = 0.0291474542900735
cycle= 4 E= -188.843716172118  delta_E= -0.00118  |g|= 0.0345  |ddm|= 0.0559
  HOMO = -0.472248799327034  LUMO = 0.0293734150477212
cycle= 5 E= -188.84398618691  delta_E= -0.00027  |g|= 0.00921  |ddm|= 0.0207
  HOMO = -0.473843226368523  LUMO = 0.029351104980979
cycle= 6 E= -188.844039244639  delta_E= -5.31e-05  |g|= 0.00393  |ddm|= 0.00954
  HOMO = -0.474193587942851  LUMO = 0.0293916982885728
cycle= 7 E= -188.844051809635  delta_E= -1.26e-05  |g|= 0.00125  |ddm|= 0.00581
  HOMO = -0.474700164141156  LUMO = 0.0294041569254847
cycle= 8 E= -188.844052917507  delta_E= -1.11e-06  |g|= 0.0003  |ddm|= 0.00185
  HOMO = -0.474687334912564  LUMO = 0.0294066220888143
cycle= 9 E= -188.844052971957  delta_E= -5.44e-08  |g|= 6.94e-05  |ddm|= 0.000427
  HOMO = -0.474696779857524  LUMO = 0.0294068579300638
cycle= 10 E= -188.844052974453  delta_E= -2.5e-09  |g|= 1.8e-05  |ddm|= 7.92e-05
  HOMO = -0.474696377634727  LUMO = 0.0294067405534355
cycle= 11 E= -188.844052974644  delta_E= -1.92e-10  |g|= 5.24e-06  |ddm|= 2.17e-05
  HOMO = -0.474696983828516  LUMO = 0.0294067791416491
Extra cycle  E= -188.844052974654  delta_E= -9.72e-12  |g|= 2.59e-06  |ddm|= 4.51e-06
converged SCF energy = -188.844052974654
Electronic spatial extent <R**2> (au): 133.3446
* Multipoles in the independent field-basis, Gauge -> (0,0,0)
Electronic Dipole moment(X, Y, Z, Debye): 6.5730, -0.1863, 0.0004
Nuclear Dipole moment(X, Y, Z, Debye): 4.8213, -0.1501, 0.0005
Total Dipole moment(X, Y, Z, Debye): -1.7517, 0.0362, 0.0000
Quadrupole moments (Debye-Angs)
Total Quadrupole moments (XX, YY, ZZ): -22.8215, -12.4651, -17.0165
Total Quadrupole moments (XY, XZ, YZ): 0.6002, 0.0000, 0.0000
Octupole moments (Debye-Angs**2)
Total Octupole moments (XXX, YYY, ZZZ, XYY): -4.9270, -3.7908, -0.0003, -4.1114
Total Octupole moments (XXY, XXZ, XZZ, YZZ): -1.0940, -0.0002, -0.8209, -0.2994
Total Octupole moments (YYZ, XYZ): -0.0002, -0.0000
Hexadecapole moments (Debye-Angs**3)
Total Hexadecapole moments (XXXX, YYYY, ZZZZ, XXXY): -110.1427, -26.0278, -14.3737, -8.0108
Total Hexadecapole moments (XXXZ, YYYX, YYYZ, ZZZX): 0.0002, -4.2068, -0.0002, 0.0001
Total Hexadecapole moments (ZZZY, XXYY, XXZZ, YYZZ): -0.0001, -21.7677, -19.9012, -8.6843
Total Hexadecapole moments (XXYZ, YYXZ, ZZXY): 0.0000, 0.0001, -2.6131
