#INFO: **** input file is /home/jluis/src/git/db/molecules-wfn/hf/run_sp.py ****
#!/usr/bin/env python

import numpy, sys, os
from pyscf import lib, gto, scf, dft
from pyscf.tools import molden
from pyscf.data import radii

def read_molecule(path):

    charge = spin = 0
    with open(path, 'r') as myfile:
        output = myfile.read()
        output = output.lstrip()
        output = output.rstrip()
        output = output.split('\n')

    try:
        int(output[0])
    except ValueError:
        try:
            charge = int(output[0].split(' ')[0])
            spin = int(output[0].split(' ')[1]) - 1
        except ValueError:
            molecule = output
        else:
            molecule = '\n'.join(output[1:])
    else:
        if int(output[0]) == len(output) - 2:
            molecule = '\n'.join(output[2:])
            try:
                charge = int(output[1].split(' ')[0])
                spin = int(output[1].split(' ')[1])-1
            except ValueError:
                pass
        else:
            print "THIS IS NOT A VALID XYZ FILE"

    return (molecule, charge, spin)

directory = '../../molecules/'
files = [i for i in os.listdir(directory) if i.endswith('.xyz')]

for filename in files:

    name = filename[:-8]
    mol = gto.Mole()
    (mol.atom, charge, spin) = read_molecule(directory+filename)
    mol.basis = 'aug-cc-pvtz'
    mol.charge = charge
    mol.spin = spin
    mol.output = name+'.out'
    mol.symmetry = 0
    mol.max_memory = 10000
    mol.verbose = 4
    mol.build()

    mf = scf.RHF(mol) 
    mf = scf.addons.remove_linear_dep_(mf)
    mf.max_cycle = 120
    mf.chkfile = name+'.chk'
    mf.kernel()

    dm = mf.make_rdm1()
    nao = mol.nao_nr()
    unit = 2.541746
    origin = ([0.0,0.0,0.0])
    charges = mol.atom_charges()
    coords  = mol.atom_coords()
    mol.set_common_orig(origin)
    r2 = mol.intor_symmetric('int1e_r2')
    r2 = numpy.einsum('ij,ji->', r2, dm)
    lib.logger.info(mf,'Electronic spatial extent <R**2> (au): %.4f', r2)

    lib.logger.info(mf,'* Multipoles in the independent field-basis, Gauge -> (0,0,0)')
    ao_dip = mol.intor_symmetric('int1e_r', comp=3)
    el_dip = numpy.einsum('xij,ji->x', ao_dip, dm)
    lib.logger.info(mf,'Electronic Dipole moment(X, Y, Z, Debye): %.4f, %.4f, %.4f', *el_dip*unit)
    nucl_dip = numpy.einsum('i,ix->x', charges, coords)
    lib.logger.info(mf,'Nuclear Dipole moment(X, Y, Z, Debye): %.4f, %.4f, %.4f', *nucl_dip*unit)
    mol_dip = (nucl_dip - el_dip) * unit
    lib.logger.info(mf,'Total Dipole moment(X, Y, Z, Debye): %.4f, %.4f, %.4f', *mol_dip)

    lib.logger.info(mf,'Quadrupole moments (Debye-Angs)')
    rr = mol.intor_symmetric('int1e_rr', comp=9).reshape(3,3,nao,nao)
    rr = -1.0*numpy.einsum('xyij,ji->xy', rr, dm)
    rr += numpy.einsum('z,zx,zy->xy', charges, coords, coords)
    rr = rr*unit*lib.param.BOHR
    lib.logger.info(mf,'Total Quadrupole moments (XX, YY, ZZ): %.4f, %.4f, %.4f', \
    rr[0,0], rr[1,1], rr[2,2])
    lib.logger.info(mf,'Total Quadrupole moments (XY, XZ, YZ): %.4f, %.4f, %.4f', \
    rr[0,1], rr[0,2], rr[1,2])
 
    lib.logger.info(mf,'Octupole moments (Debye-Angs**2)')
    rrr = mol.intor_symmetric('int1e_rrr', comp=27).reshape(3,3,3,nao,nao)
    rrr = -1.0*numpy.einsum('xyzij,ji->xyz', rrr, dm)
    rrr += numpy.einsum('z,zx,zy,zk->xyk', charges, coords, coords, coords)
    rrr = rrr*unit*lib.param.BOHR**2
    lib.logger.info(mf,'Total Octupole moments (XXX, YYY, ZZZ, XYY): %.4f, %.4f, %.4f, %.4f', \
    rrr[0,0,0], rrr[1,1,1], rrr[2,2,2], rrr[0,1,1])
    lib.logger.info(mf,'Total Octupole moments (XXY, XXZ, XZZ, YZZ): %.4f, %.4f, %.4f, %.4f', \
    rrr[0,0,1], rrr[0,0,2], rrr[0,2,2], rrr[1,2,2])
    lib.logger.info(mf,'Total Octupole moments (YYZ, XYZ): %.4f, %.4f', rrr[1,1,2], rrr[0,1,2])

    lib.logger.info(mf,'Hexadecapole moments (Debye-Angs**3)')
    rrrr = mol.intor_symmetric('int1e_rrrr', comp=81).reshape(3,3,3,3,nao,nao)
    rrrr = -1.0*numpy.einsum('xyzwij,ji->xyzw', rrrr, dm)
    rrrr += numpy.einsum('z,zx,zy,zk,zw->xykw', charges, coords, coords, coords, coords)
    rrrr = rrrr*unit*lib.param.BOHR**3
    lib.logger.info(mf,'Total Hexadecapole moments (XXXX, YYYY, ZZZZ, XXXY): %.4f, %.4f, %.4f, %.4f', \
    rrrr[0,0,0,0], rrrr[1,1,1,1], rrrr[2,2,2,2], rrrr[0,0,0,1])
    lib.logger.info(mf,'Total Hexadecapole moments (XXXZ, YYYX, YYYZ, ZZZX): %.4f, %.4f, %.4f, %.4f', \
    rrrr[0,0,0,2], rrrr[1,1,1,0], rrrr[1,1,1,2], rrrr[2,2,2,0])
    lib.logger.info(mf,'Total Hexadecapole moments (ZZZY, XXYY, XXZZ, YYZZ): %.4f, %.4f, %.4f, %.4f', \
    rrrr[2,2,2,1], rrrr[0,0,1,1], rrrr[0,0,2,2], rrrr[1,1,2,2])
    lib.logger.info(mf,'Total Hexadecapole moments (XXYZ, YYXZ, ZZXY): %.4f, %.4f, %.4f', \
    rrrr[0,0,1,2], rrrr[1,1,0,2], rrrr[2,2,0,1])
     
    coeff = mf.mo_coeff[:,mf.mo_occ>0]
    occ = mf.mo_occ[mf.mo_occ>0]
    energy = mf.mo_energy[mf.mo_occ>0]
    den_file = name+'.mol'
    fspt = open(den_file,'w')
    molden.header(mol, fspt)
    molden.orbital_coeff(mol, fspt, coeff, ene=energy, occ=occ) 
    fspt.close()                    
    cmd = '/home/jluis/bin/molden2aim '+name
    os.system(cmd)
    den_file = name+'.wfn'
    fspt = open(den_file,'a')
    fspt.write('RHF\n')
    fspt.close()                    

    pmd_file = name+'.pmd'
    fspt = open(pmd_file,'w')
    fspt.write('%s.wfn\n' % (name))
    if (mol.symmetry == False):
        fspt.write('nosymmetry\n')
    fspt.write('tes\n')
    fspt.write('  epsiscp 0.220\n')
    fspt.write('  radialquad 7\n')
    fspt.write('  rmapping 2\n')
    fspt.write('  lmax 10\n')
    fspt.write('  nr 551\n')
    fspt.write('  lebedev 5810\n')
    fspt.write('  betasphere\n')
    for ia in range(mol.natm):
        symb = mol.atom_pure_symbol(ia)
        inuc = lib.parameters.NUC[symb]
        betarad = radii.COVALENT[inuc]/3.5
        fspt.write('  betaradw %d %1.3f\n' % ((ia+1),betarad))
    fspt.write('  radialquadbeta 7\n')
    fspt.write('  rmappingbeta 3\n')
    fspt.write('  lmaxbeta 8\n')
    fspt.write('  nrb 451\n')
    fspt.write('  lebedevbeta 3074\n')
    fspt.write('  dafh\n')
    fspt.write('endtes')
    fspt.close()                    

    cmd = 'rm '+name+'.mol'
    os.system(cmd)
#INFO: ******************** input file end ********************


System: ('Linux', 'silicio', '3.16.0-4-amd64', '#1 SMP Debian 3.16.51-3 (2017-12-13)', 'x86_64', '')  Threads 12
Python 2.7.14 (default, Apr  9 2018, 16:34:43) 
[GCC 7.3.0]
numpy 1.14.2  scipy 1.0.1
Date: Wed Jun 27 20:26:53 2018
PySCF version 1.5
PySCF path  /home/jluis/src/pyscf/pyscf
GIT ORIG_HEAD f2dbb26d09ae5148fbf5975669a994500ac7a4c9
GIT HEAD      ref: refs/heads/master
GIT master branch  f2dbb26d09ae5148fbf5975669a994500ac7a4c9

[ENV] PYSCF_TMPDIR /scratch-ssd/jluis
[CONFIG] conf_file None
[INPUT] verbose = 4
[INPUT] num. atoms = 7
[INPUT] num. electrons = 52
[INPUT] charge = 0
[INPUT] spin (= nelec alpha-beta = 2S) = 0
[INPUT] symmetry 0 subgroup None
[INPUT] Mole.unit = angstrom
[INPUT]  1 N     -0.996973000000   0.682129000000  -0.159376000000 AA   -1.884005923586   1.289036991623  -0.301176990829 Bohr
[INPUT]  2 H     -1.028929000000   1.315568000000   0.639649000000 AA   -1.944394011623   2.486063218242   1.208761425852 Bohr
[INPUT]  3 Br     0.754538000000  -0.065450000000   0.001506000000 AA    1.425870170577  -0.123682574853   0.002845927544 Bohr
[INPUT]  4 C     -2.005881000000  -0.354597000000   0.025529000000 AA   -3.790565728469  -0.670091214592   0.048242818234 Bohr
[INPUT]  5 H     -2.982433000000   0.151932000000  -0.013043000000 AA   -5.635981554865   0.287109869557  -0.024647697843 Bohr
[INPUT]  6 H     -1.952903000000  -1.061122000000  -0.811070000000 AA   -3.690451817841  -2.005229964751  -1.532700167851 Bohr
[INPUT]  7 H     -1.926846000000  -0.912103000000   0.972844000000 AA   -3.641211224214  -1.723624867394   1.838408721926 Bohr

nuclear repulsion = 169.014610298026
number of shells = 76
number of NR pGTOs = 343
number of NR cGTOs = 243
basis = aug-cc-pvtz
ecp = {}
CPU time:      4892.94


******** <class 'pyscf.scf.hf.RHF'> flags ********
method = RHF
initial guess = minao
damping factor = 0
level shift factor = 0
DIIS = <class 'pyscf.scf.diis.CDIIS'>
DIIS start cycle = 1
DIIS space = 8
SCF tol = 1e-09
SCF gradient tol = None
max. SCF cycles = 120
direct_scf = True
direct_scf_tol = 1e-13
chkfile to save SCF result = ch3nhbr.chk
max_memory 10000 MB (current use 151 MB)
Set gradient conv threshold to 3.16228e-05
init E= -2666.23831083709
  HOMO = -0.258749453742028  LUMO = -0.0328844466920921
cycle= 1 E= -2667.05550368174  delta_E= -0.817  |g|= 0.384  |ddm|=  2.2
  HOMO = -0.387801212932541  LUMO = 0.0201626659357447
cycle= 2 E= -2667.08789658774  delta_E= -0.0324  |g|= 0.23  |ddm|= 0.399
  HOMO = -0.372376681696948  LUMO = 0.027007179245684
cycle= 3 E= -2667.09850542336  delta_E= -0.0106  |g|= 0.0667  |ddm|= 0.172
  HOMO = -0.380677219317535  LUMO = 0.0273679227457618
cycle= 4 E= -2667.09992886332  delta_E= -0.00142  |g|= 0.0163  |ddm|= 0.0693
  HOMO = -0.381077073033805  LUMO = 0.0271980111589643
cycle= 5 E= -2667.10004734456  delta_E= -0.000118  |g|= 0.00571  |ddm|= 0.0218
  HOMO = -0.380853162079096  LUMO = 0.0273195834109871
cycle= 6 E= -2667.10007858957  delta_E= -3.12e-05  |g|= 0.00255  |ddm|= 0.0137
  HOMO = -0.381238745963214  LUMO = 0.0273824824028805
cycle= 7 E= -2667.10008584958  delta_E= -7.26e-06  |g|= 0.000989  |ddm|= 0.00772
  HOMO = -0.381176444186936  LUMO = 0.0273966066563779
cycle= 8 E= -2667.10008691626  delta_E= -1.07e-06  |g|= 0.000374  |ddm|= 0.00287
  HOMO = -0.381197868897646  LUMO = 0.027405586607048
cycle= 9 E= -2667.10008710761  delta_E= -1.91e-07  |g|= 0.000115  |ddm|= 0.00133
  HOMO = -0.381196793551409  LUMO = 0.0274052252164128
cycle= 10 E= -2667.10008712441  delta_E= -1.68e-08  |g|= 3.81e-05  |ddm|= 0.000398
  HOMO = -0.381197633654113  LUMO = 0.0274048732247247
cycle= 11 E= -2667.10008712564  delta_E= -1.23e-09  |g|= 1.01e-05  |ddm|= 0.000105
  HOMO = -0.381197202167264  LUMO = 0.0274047140722671
cycle= 12 E= -2667.10008712573  delta_E= -9.64e-11  |g|= 3.74e-06  |ddm|= 2.95e-05
  HOMO = -0.381197560316222  LUMO = 0.0274046720427274
Extra cycle  E= -2667.10008712573  delta_E= -2.73e-12  |g|= 1.79e-06  |ddm|= 5.31e-06
converged SCF energy = -2667.10008712573
Electronic spatial extent <R**2> (au): 349.1464
* Multipoles in the independent field-basis, Gauge -> (0,0,0)
Electronic Dipole moment(X, Y, Z, Debye): -0.6050, -0.6580, -1.7554
Nuclear Dipole moment(X, Y, Z, Debye): -2.3842, -0.7164, -0.5830
Total Dipole moment(X, Y, Z, Debye): -1.7792, -0.0584, 1.1725
Quadrupole moments (Debye-Angs)
Total Quadrupole moments (XX, YY, ZZ): -28.2119, -31.4727, -32.5212
Total Quadrupole moments (XY, XZ, YZ): -0.3244, -1.3054, 2.1666
Octupole moments (Debye-Angs**2)
Total Octupole moments (XXX, YYY, ZZZ, XYY): 17.7425, 1.2791, 1.3278, 6.0601
Total Octupole moments (XXY, XXZ, XZZ, YZZ): -1.6699, 1.3919, 6.2962, -0.4406
Total Octupole moments (YYZ, XYZ): 2.7153, -2.4431
Hexadecapole moments (Debye-Angs**3)
Total Hexadecapole moments (XXXX, YYYY, ZZZZ, XXXY): -306.0590, -69.9661, -47.0155, -8.3265
Total Hexadecapole moments (XXXZ, YYYX, YYYZ, ZZZX): 0.0529, -3.3895, 5.3120, -1.4782
Total Hexadecapole moments (ZZZY, XXYY, XXZZ, YYZZ): 2.5441, -65.5833, -64.3532, -18.6740
Total Hexadecapole moments (XXYZ, YYXZ, ZZXY): 2.8335, -2.6901, 0.4020
