#INFO: **** input file is /home/jluis/src/git/db/molecules-wfn/hf/run_sp.py ****
#!/usr/bin/env python

import numpy, sys, os
from pyscf import lib, gto, scf, dft
from pyscf.tools import molden
from pyscf.data import radii

def read_molecule(path):

    charge = spin = 0
    with open(path, 'r') as myfile:
        output = myfile.read()
        output = output.lstrip()
        output = output.rstrip()
        output = output.split('\n')

    try:
        int(output[0])
    except ValueError:
        try:
            charge = int(output[0].split(' ')[0])
            spin = int(output[0].split(' ')[1]) - 1
        except ValueError:
            molecule = output
        else:
            molecule = '\n'.join(output[1:])
    else:
        if int(output[0]) == len(output) - 2:
            molecule = '\n'.join(output[2:])
            try:
                charge = int(output[1].split(' ')[0])
                spin = int(output[1].split(' ')[1])-1
            except ValueError:
                pass
        else:
            print "THIS IS NOT A VALID XYZ FILE"

    return (molecule, charge, spin)

directory = '../../molecules/'
files = [i for i in os.listdir(directory) if i.endswith('.xyz')]

for filename in files:

    name = filename[:-8]
    mol = gto.Mole()
    (mol.atom, charge, spin) = read_molecule(directory+filename)
    mol.basis = 'aug-cc-pvtz'
    mol.charge = charge
    mol.spin = spin
    mol.output = name+'.out'
    mol.symmetry = 0
    mol.max_memory = 10000
    mol.verbose = 4
    mol.build()

    mf = scf.RHF(mol) 
    mf = scf.addons.remove_linear_dep_(mf)
    mf.max_cycle = 120
    mf.chkfile = name+'.chk'
    mf.kernel()

    dm = mf.make_rdm1()
    nao = mol.nao_nr()
    unit = 2.541746
    origin = ([0.0,0.0,0.0])
    charges = mol.atom_charges()
    coords  = mol.atom_coords()
    mol.set_common_orig(origin)
    r2 = mol.intor_symmetric('int1e_r2')
    r2 = numpy.einsum('ij,ji->', r2, dm)
    lib.logger.info(mf,'Electronic spatial extent <R**2> (au): %.4f', r2)

    lib.logger.info(mf,'* Multipoles in the independent field-basis, Gauge -> (0,0,0)')
    ao_dip = mol.intor_symmetric('int1e_r', comp=3)
    el_dip = numpy.einsum('xij,ji->x', ao_dip, dm)
    lib.logger.info(mf,'Electronic Dipole moment(X, Y, Z, Debye): %.4f, %.4f, %.4f', *el_dip*unit)
    nucl_dip = numpy.einsum('i,ix->x', charges, coords)
    lib.logger.info(mf,'Nuclear Dipole moment(X, Y, Z, Debye): %.4f, %.4f, %.4f', *nucl_dip*unit)
    mol_dip = (nucl_dip - el_dip) * unit
    lib.logger.info(mf,'Total Dipole moment(X, Y, Z, Debye): %.4f, %.4f, %.4f', *mol_dip)

    lib.logger.info(mf,'Quadrupole moments (Debye-Angs)')
    rr = mol.intor_symmetric('int1e_rr', comp=9).reshape(3,3,nao,nao)
    rr = -1.0*numpy.einsum('xyij,ji->xy', rr, dm)
    rr += numpy.einsum('z,zx,zy->xy', charges, coords, coords)
    rr = rr*unit*lib.param.BOHR
    lib.logger.info(mf,'Total Quadrupole moments (XX, YY, ZZ): %.4f, %.4f, %.4f', \
    rr[0,0], rr[1,1], rr[2,2])
    lib.logger.info(mf,'Total Quadrupole moments (XY, XZ, YZ): %.4f, %.4f, %.4f', \
    rr[0,1], rr[0,2], rr[1,2])
 
    lib.logger.info(mf,'Octupole moments (Debye-Angs**2)')
    rrr = mol.intor_symmetric('int1e_rrr', comp=27).reshape(3,3,3,nao,nao)
    rrr = -1.0*numpy.einsum('xyzij,ji->xyz', rrr, dm)
    rrr += numpy.einsum('z,zx,zy,zk->xyk', charges, coords, coords, coords)
    rrr = rrr*unit*lib.param.BOHR**2
    lib.logger.info(mf,'Total Octupole moments (XXX, YYY, ZZZ, XYY): %.4f, %.4f, %.4f, %.4f', \
    rrr[0,0,0], rrr[1,1,1], rrr[2,2,2], rrr[0,1,1])
    lib.logger.info(mf,'Total Octupole moments (XXY, XXZ, XZZ, YZZ): %.4f, %.4f, %.4f, %.4f', \
    rrr[0,0,1], rrr[0,0,2], rrr[0,2,2], rrr[1,2,2])
    lib.logger.info(mf,'Total Octupole moments (YYZ, XYZ): %.4f, %.4f', rrr[1,1,2], rrr[0,1,2])

    lib.logger.info(mf,'Hexadecapole moments (Debye-Angs**3)')
    rrrr = mol.intor_symmetric('int1e_rrrr', comp=81).reshape(3,3,3,3,nao,nao)
    rrrr = -1.0*numpy.einsum('xyzwij,ji->xyzw', rrrr, dm)
    rrrr += numpy.einsum('z,zx,zy,zk,zw->xykw', charges, coords, coords, coords, coords)
    rrrr = rrrr*unit*lib.param.BOHR**3
    lib.logger.info(mf,'Total Hexadecapole moments (XXXX, YYYY, ZZZZ, XXXY): %.4f, %.4f, %.4f, %.4f', \
    rrrr[0,0,0,0], rrrr[1,1,1,1], rrrr[2,2,2,2], rrrr[0,0,0,1])
    lib.logger.info(mf,'Total Hexadecapole moments (XXXZ, YYYX, YYYZ, ZZZX): %.4f, %.4f, %.4f, %.4f', \
    rrrr[0,0,0,2], rrrr[1,1,1,0], rrrr[1,1,1,2], rrrr[2,2,2,0])
    lib.logger.info(mf,'Total Hexadecapole moments (ZZZY, XXYY, XXZZ, YYZZ): %.4f, %.4f, %.4f, %.4f', \
    rrrr[2,2,2,1], rrrr[0,0,1,1], rrrr[0,0,2,2], rrrr[1,1,2,2])
    lib.logger.info(mf,'Total Hexadecapole moments (XXYZ, YYXZ, ZZXY): %.4f, %.4f, %.4f', \
    rrrr[0,0,1,2], rrrr[1,1,0,2], rrrr[2,2,0,1])
     
    coeff = mf.mo_coeff[:,mf.mo_occ>0]
    occ = mf.mo_occ[mf.mo_occ>0]
    energy = mf.mo_energy[mf.mo_occ>0]
    den_file = name+'.mol'
    fspt = open(den_file,'w')
    molden.header(mol, fspt)
    molden.orbital_coeff(mol, fspt, coeff, ene=energy, occ=occ) 
    fspt.close()                    
    cmd = '/home/jluis/bin/molden2aim '+name
    os.system(cmd)
    den_file = name+'.wfn'
    fspt = open(den_file,'a')
    fspt.write('RHF\n')
    fspt.close()                    

    pmd_file = name+'.pmd'
    fspt = open(pmd_file,'w')
    fspt.write('%s.wfn\n' % (name))
    if (mol.symmetry == False):
        fspt.write('nosymmetry\n')
    fspt.write('tes\n')
    fspt.write('  epsiscp 0.220\n')
    fspt.write('  radialquad 7\n')
    fspt.write('  rmapping 2\n')
    fspt.write('  lmax 10\n')
    fspt.write('  nr 551\n')
    fspt.write('  lebedev 5810\n')
    fspt.write('  betasphere\n')
    for ia in range(mol.natm):
        symb = mol.atom_pure_symbol(ia)
        inuc = lib.parameters.NUC[symb]
        betarad = radii.COVALENT[inuc]/3.5
        fspt.write('  betaradw %d %1.3f\n' % ((ia+1),betarad))
    fspt.write('  radialquadbeta 7\n')
    fspt.write('  rmappingbeta 3\n')
    fspt.write('  lmaxbeta 8\n')
    fspt.write('  nrb 451\n')
    fspt.write('  lebedevbeta 3074\n')
    fspt.write('  dafh\n')
    fspt.write('endtes')
    fspt.close()                    

    cmd = 'rm '+name+'.mol'
    os.system(cmd)
#INFO: ******************** input file end ********************


System: ('Linux', 'silicio', '3.16.0-4-amd64', '#1 SMP Debian 3.16.51-3 (2017-12-13)', 'x86_64', '')  Threads 12
Python 2.7.14 (default, Apr  9 2018, 16:34:43) 
[GCC 7.3.0]
numpy 1.14.2  scipy 1.0.1
Date: Wed Jun 27 23:09:18 2018
PySCF version 1.5
PySCF path  /home/jluis/src/pyscf/pyscf
GIT ORIG_HEAD f2dbb26d09ae5148fbf5975669a994500ac7a4c9
GIT HEAD      ref: refs/heads/master
GIT master branch  f2dbb26d09ae5148fbf5975669a994500ac7a4c9

[ENV] PYSCF_TMPDIR /scratch-ssd/jluis
[CONFIG] conf_file None
[INPUT] verbose = 4
[INPUT] num. atoms = 6
[INPUT] num. electrons = 66
[INPUT] charge = 0
[INPUT] spin (= nelec alpha-beta = 2S) = 0
[INPUT] symmetry 0 subgroup None
[INPUT] Mole.unit = angstrom
[INPUT]  1 C     -1.447867000000   0.154145000000   0.019681000000 AA   -2.736072094796   0.291291833471   0.037191699858 Bohr
[INPUT]  2 O     -1.499843000000   1.340722000000   0.003846000000 AA   -2.834292499846   2.533597389179   0.007267886675 Bohr
[INPUT]  3 F     -2.556153000000  -0.630654000000  -0.057065000000 AA   -4.830429102485  -1.191763339361  -0.107837221298 Bohr
[INPUT]  4 N     -0.376057000000  -0.672656000000   0.164406000000 AA   -0.710644737226  -1.271135616045   0.310682313235 Bohr
[INPUT]  5 H     -0.476559000000  -1.640383000000  -0.112724000000 AA   -0.900565992197  -3.099874609392  -0.213017487665 Bohr
[INPUT]  6 Br     1.326760000000   0.015819000000  -0.018815000000 AA    2.507213033028   0.029893577564  -0.035555197034 Bohr

nuclear repulsion = 319.997919663181
number of shells = 75
number of NR pGTOs = 384
number of NR cGTOs = 266
basis = aug-cc-pvtz
ecp = {}
CPU time:    120172.90


******** <class 'pyscf.scf.hf.RHF'> flags ********
method = RHF
initial guess = minao
damping factor = 0
level shift factor = 0
DIIS = <class 'pyscf.scf.diis.CDIIS'>
DIIS start cycle = 1
DIIS space = 8
SCF tol = 1e-09
SCF gradient tol = None
max. SCF cycles = 120
direct_scf = True
direct_scf_tol = 1e-13
chkfile to save SCF result = fconhbr.chk
max_memory 10000 MB (current use 165 MB)
Set gradient conv threshold to 3.16228e-05
init E= -2839.64057515497
  HOMO = -0.270427522592728  LUMO = -0.0355976674247543
cycle= 1 E= -2839.56767282427  delta_E= 0.0729  |g|= 0.905  |ddm|= 2.32
  HOMO = -0.433047357909626  LUMO = -0.0171086650461546
cycle= 2 E= -2839.64229472252  delta_E= -0.0746  |g|= 0.769  |ddm|= 0.753
  HOMO = -0.420349067859038  LUMO = 0.020293832075358
cycle= 3 E= -2839.74511193816  delta_E= -0.103  |g|= 0.084  |ddm|= 0.347
  HOMO = -0.4151112626263  LUMO = 0.0226758147121245
cycle= 4 E= -2839.74736739021  delta_E= -0.00226  |g|= 0.0373  |ddm|= 0.0803
  HOMO = -0.417028294373593  LUMO = 0.0229414198550121
cycle= 5 E= -2839.74772436083  delta_E= -0.000357  |g|= 0.0128  |ddm|= 0.0278
  HOMO = -0.416987101200993  LUMO = 0.0228757297368865
cycle= 6 E= -2839.74780051292  delta_E= -7.62e-05  |g|= 0.00514  |ddm|= 0.0135
  HOMO = -0.416772651990169  LUMO = 0.0230202774207501
cycle= 7 E= -2839.74781369438  delta_E= -1.32e-05  |g|= 0.00157  |ddm|= 0.00636
  HOMO = -0.416690423256834  LUMO = 0.0230707433384954
cycle= 8 E= -2839.74781513864  delta_E= -1.44e-06  |g|= 0.000537  |ddm|= 0.0022
  HOMO = -0.416686005506797  LUMO = 0.0230680270937542
cycle= 9 E= -2839.74781528361  delta_E= -1.45e-07  |g|= 0.000186  |ddm|= 0.000622
  HOMO = -0.416665986043115  LUMO = 0.0230702396945513
cycle= 10 E= -2839.74781530722  delta_E= -2.36e-08  |g|= 7.45e-05  |ddm|= 0.000278
  HOMO = -0.416668761102133  LUMO = 0.0230701646052836
cycle= 11 E= -2839.74781531043  delta_E= -3.21e-09  |g|= 2.38e-05  |ddm|= 0.000121
  HOMO = -0.416667617339385  LUMO = 0.0230693052186175
cycle= 12 E= -2839.74781531086  delta_E= -4.27e-10  |g|= 8.23e-06  |ddm|= 4.76e-05
  HOMO = -0.416667358454653  LUMO = 0.0230695252920632
Extra cycle  E= -2839.74781531092  delta_E= -6e-11  |g|= 5.05e-06  |ddm|= 1.47e-05
converged SCF energy = -2839.74781531092
Electronic spatial extent <R**2> (au): 721.5023
* Multipoles in the independent field-basis, Gauge -> (0,0,0)
Electronic Dipole moment(X, Y, Z, Debye): -3.6548, 3.7491, 0.4695
Nuclear Dipole moment(X, Y, Z, Debye): -1.7468, 0.8619, 0.0714
Total Dipole moment(X, Y, Z, Debye): 1.9079, -2.8872, -0.3981
Quadrupole moments (Debye-Angs)
Total Quadrupole moments (XX, YY, ZZ): -42.7309, -40.4784, -39.8452
Total Quadrupole moments (XY, XZ, YZ): 3.6359, -0.1558, 0.6848
Octupole moments (Debye-Angs**2)
Total Octupole moments (XXX, YYY, ZZZ, XYY): 40.5678, -14.6296, -1.1716, 11.2029
Total Octupole moments (XXY, XXZ, XZZ, YZZ): 0.2827, -0.2479, 4.1384, -0.3169
Total Octupole moments (YYZ, XYZ): -1.3331, -0.4963
Hexadecapole moments (Debye-Angs**3)
Total Hexadecapole moments (XXXX, YYYY, ZZZZ, XXXY): -578.3137, -127.4879, -41.1545, 13.8354
Total Hexadecapole moments (XXXZ, YYYX, YYYZ, ZZZX): -2.8771, 18.3286, 2.5813, 0.9875
Total Hexadecapole moments (ZZZY, XXYY, XXZZ, YYZZ): 1.4562, -127.1486, -100.4440, -29.9724
Total Hexadecapole moments (XXYZ, YYXZ, ZZXY): -0.0399, 0.6584, 2.1893
