#INFO: **** input file is /home/jluis/src/git/db/molecules-wfn/hf/run_sp.py ****
#!/usr/bin/env python

import numpy, sys, os
from pyscf import lib, gto, scf, dft
from pyscf.tools import molden
from pyscf.data import radii

def read_molecule(path):

    charge = spin = 0
    with open(path, 'r') as myfile:
        output = myfile.read()
        output = output.lstrip()
        output = output.rstrip()
        output = output.split('\n')

    try:
        int(output[0])
    except ValueError:
        try:
            charge = int(output[0].split(' ')[0])
            spin = int(output[0].split(' ')[1]) - 1
        except ValueError:
            molecule = output
        else:
            molecule = '\n'.join(output[1:])
    else:
        if int(output[0]) == len(output) - 2:
            molecule = '\n'.join(output[2:])
            try:
                charge = int(output[1].split(' ')[0])
                spin = int(output[1].split(' ')[1])-1
            except ValueError:
                pass
        else:
            print "THIS IS NOT A VALID XYZ FILE"

    return (molecule, charge, spin)

directory = '../../molecules/'
files = [i for i in os.listdir(directory) if i.endswith('.xyz')]

for filename in files:

    name = filename[:-8]
    mol = gto.Mole()
    (mol.atom, charge, spin) = read_molecule(directory+filename)
    mol.basis = 'aug-cc-pvtz'
    mol.charge = charge
    mol.spin = spin
    mol.output = name+'.out'
    mol.symmetry = 0
    mol.max_memory = 10000
    mol.verbose = 4
    mol.build()

    mf = scf.RHF(mol) 
    mf = scf.addons.remove_linear_dep_(mf)
    mf.max_cycle = 120
    mf.chkfile = name+'.chk'
    mf.kernel()

    dm = mf.make_rdm1()
    nao = mol.nao_nr()
    unit = 2.541746
    origin = ([0.0,0.0,0.0])
    charges = mol.atom_charges()
    coords  = mol.atom_coords()
    mol.set_common_orig(origin)
    r2 = mol.intor_symmetric('int1e_r2')
    r2 = numpy.einsum('ij,ji->', r2, dm)
    lib.logger.info(mf,'Electronic spatial extent <R**2> (au): %.4f', r2)

    lib.logger.info(mf,'* Multipoles in the independent field-basis, Gauge -> (0,0,0)')
    ao_dip = mol.intor_symmetric('int1e_r', comp=3)
    el_dip = numpy.einsum('xij,ji->x', ao_dip, dm)
    lib.logger.info(mf,'Electronic Dipole moment(X, Y, Z, Debye): %.4f, %.4f, %.4f', *el_dip*unit)
    nucl_dip = numpy.einsum('i,ix->x', charges, coords)
    lib.logger.info(mf,'Nuclear Dipole moment(X, Y, Z, Debye): %.4f, %.4f, %.4f', *nucl_dip*unit)
    mol_dip = (nucl_dip - el_dip) * unit
    lib.logger.info(mf,'Total Dipole moment(X, Y, Z, Debye): %.4f, %.4f, %.4f', *mol_dip)

    lib.logger.info(mf,'Quadrupole moments (Debye-Angs)')
    rr = mol.intor_symmetric('int1e_rr', comp=9).reshape(3,3,nao,nao)
    rr = -1.0*numpy.einsum('xyij,ji->xy', rr, dm)
    rr += numpy.einsum('z,zx,zy->xy', charges, coords, coords)
    rr = rr*unit*lib.param.BOHR
    lib.logger.info(mf,'Total Quadrupole moments (XX, YY, ZZ): %.4f, %.4f, %.4f', \
    rr[0,0], rr[1,1], rr[2,2])
    lib.logger.info(mf,'Total Quadrupole moments (XY, XZ, YZ): %.4f, %.4f, %.4f', \
    rr[0,1], rr[0,2], rr[1,2])
 
    lib.logger.info(mf,'Octupole moments (Debye-Angs**2)')
    rrr = mol.intor_symmetric('int1e_rrr', comp=27).reshape(3,3,3,nao,nao)
    rrr = -1.0*numpy.einsum('xyzij,ji->xyz', rrr, dm)
    rrr += numpy.einsum('z,zx,zy,zk->xyk', charges, coords, coords, coords)
    rrr = rrr*unit*lib.param.BOHR**2
    lib.logger.info(mf,'Total Octupole moments (XXX, YYY, ZZZ, XYY): %.4f, %.4f, %.4f, %.4f', \
    rrr[0,0,0], rrr[1,1,1], rrr[2,2,2], rrr[0,1,1])
    lib.logger.info(mf,'Total Octupole moments (XXY, XXZ, XZZ, YZZ): %.4f, %.4f, %.4f, %.4f', \
    rrr[0,0,1], rrr[0,0,2], rrr[0,2,2], rrr[1,2,2])
    lib.logger.info(mf,'Total Octupole moments (YYZ, XYZ): %.4f, %.4f', rrr[1,1,2], rrr[0,1,2])

    lib.logger.info(mf,'Hexadecapole moments (Debye-Angs**3)')
    rrrr = mol.intor_symmetric('int1e_rrrr', comp=81).reshape(3,3,3,3,nao,nao)
    rrrr = -1.0*numpy.einsum('xyzwij,ji->xyzw', rrrr, dm)
    rrrr += numpy.einsum('z,zx,zy,zk,zw->xykw', charges, coords, coords, coords, coords)
    rrrr = rrrr*unit*lib.param.BOHR**3
    lib.logger.info(mf,'Total Hexadecapole moments (XXXX, YYYY, ZZZZ, XXXY): %.4f, %.4f, %.4f, %.4f', \
    rrrr[0,0,0,0], rrrr[1,1,1,1], rrrr[2,2,2,2], rrrr[0,0,0,1])
    lib.logger.info(mf,'Total Hexadecapole moments (XXXZ, YYYX, YYYZ, ZZZX): %.4f, %.4f, %.4f, %.4f', \
    rrrr[0,0,0,2], rrrr[1,1,1,0], rrrr[1,1,1,2], rrrr[2,2,2,0])
    lib.logger.info(mf,'Total Hexadecapole moments (ZZZY, XXYY, XXZZ, YYZZ): %.4f, %.4f, %.4f, %.4f', \
    rrrr[2,2,2,1], rrrr[0,0,1,1], rrrr[0,0,2,2], rrrr[1,1,2,2])
    lib.logger.info(mf,'Total Hexadecapole moments (XXYZ, YYXZ, ZZXY): %.4f, %.4f, %.4f', \
    rrrr[0,0,1,2], rrrr[1,1,0,2], rrrr[2,2,0,1])
     
    coeff = mf.mo_coeff[:,mf.mo_occ>0]
    occ = mf.mo_occ[mf.mo_occ>0]
    energy = mf.mo_energy[mf.mo_occ>0]
    den_file = name+'.mol'
    fspt = open(den_file,'w')
    molden.header(mol, fspt)
    molden.orbital_coeff(mol, fspt, coeff, ene=energy, occ=occ) 
    fspt.close()                    
    cmd = '/home/jluis/bin/molden2aim '+name
    os.system(cmd)
    den_file = name+'.wfn'
    fspt = open(den_file,'a')
    fspt.write('RHF\n')
    fspt.close()                    

    pmd_file = name+'.pmd'
    fspt = open(pmd_file,'w')
    fspt.write('%s.wfn\n' % (name))
    if (mol.symmetry == False):
        fspt.write('nosymmetry\n')
    fspt.write('tes\n')
    fspt.write('  epsiscp 0.220\n')
    fspt.write('  radialquad 7\n')
    fspt.write('  rmapping 2\n')
    fspt.write('  lmax 10\n')
    fspt.write('  nr 551\n')
    fspt.write('  lebedev 5810\n')
    fspt.write('  betasphere\n')
    for ia in range(mol.natm):
        symb = mol.atom_pure_symbol(ia)
        inuc = lib.parameters.NUC[symb]
        betarad = radii.COVALENT[inuc]/3.5
        fspt.write('  betaradw %d %1.3f\n' % ((ia+1),betarad))
    fspt.write('  radialquadbeta 7\n')
    fspt.write('  rmappingbeta 3\n')
    fspt.write('  lmaxbeta 8\n')
    fspt.write('  nrb 451\n')
    fspt.write('  lebedevbeta 3074\n')
    fspt.write('  dafh\n')
    fspt.write('endtes')
    fspt.close()                    

    cmd = 'rm '+name+'.mol'
    os.system(cmd)
#INFO: ******************** input file end ********************


System: ('Linux', 'silicio', '3.16.0-4-amd64', '#1 SMP Debian 3.16.51-3 (2017-12-13)', 'x86_64', '')  Threads 12
Python 2.7.14 (default, Apr  9 2018, 16:34:43) 
[GCC 7.3.0]
numpy 1.14.2  scipy 1.0.1
Date: Wed Jun 27 22:19:10 2018
PySCF version 1.5
PySCF path  /home/jluis/src/pyscf/pyscf
GIT ORIG_HEAD f2dbb26d09ae5148fbf5975669a994500ac7a4c9
GIT HEAD      ref: refs/heads/master
GIT master branch  f2dbb26d09ae5148fbf5975669a994500ac7a4c9

[ENV] PYSCF_TMPDIR /scratch-ssd/jluis
[CONFIG] conf_file None
[INPUT] verbose = 4
[INPUT] num. atoms = 4
[INPUT] num. electrons = 84
[INPUT] charge = 0
[INPUT] spin (= nelec alpha-beta = 2S) = 0
[INPUT] symmetry 0 subgroup None
[INPUT] Mole.unit = angstrom
[INPUT]  1 Br    -0.336314000000   0.000000000000  -0.829249000000 AA   -0.635541351857   0.000000000000  -1.567053499069 Bohr
[INPUT]  2 N      0.008811000000   0.000000000000   1.107831000000 AA    0.016650376884   0.000000000000   2.093497182303 Bohr
[INPUT]  3 N      1.191818000000   0.000000000000   1.296848000000 AA    2.252209610327   0.000000000000   2.450687545190 Bohr
[INPUT]  4 Br     1.536944000000   0.000000000000   3.233928000000 AA    2.904403228794   0.000000000000   6.111238226562 Bohr

nuclear repulsion = 397.345212319007
number of shells = 54
number of NR pGTOs = 370
number of NR cGTOs = 210
basis = aug-cc-pvtz
ecp = {}
CPU time:     84793.32


******** <class 'pyscf.scf.hf.RHF'> flags ********
method = RHF
initial guess = minao
damping factor = 0
level shift factor = 0
DIIS = <class 'pyscf.scf.diis.CDIIS'>
DIIS start cycle = 1
DIIS space = 8
SCF tol = 1e-09
SCF gradient tol = None
max. SCF cycles = 120
direct_scf = True
direct_scf_tol = 1e-13
chkfile to save SCF result = n2br2-t.chk
max_memory 10000 MB (current use 165 MB)
Set gradient conv threshold to 3.16228e-05
init E= -5251.91025530803
  HOMO = -0.250674123485839  LUMO = -0.0926453362240777
cycle= 1 E= -5253.60915326374  delta_E= -1.7  |g|= 0.701  |ddm|= 2.31
  HOMO = -0.440565930721976  LUMO = -0.110080405156086
cycle= 2 E= -5253.67148049913  delta_E= -0.0623  |g|= 0.56  |ddm|= 0.784
  HOMO = -0.406360859382694  LUMO = -0.0187588847729512
cycle= 3 E= -5253.74474720264  delta_E= -0.0733  |g|= 0.0706  |ddm|= 0.352
  HOMO = -0.409940601566908  LUMO = -0.00551854614651407
cycle= 4 E= -5253.74736946594  delta_E= -0.00262  |g|= 0.0345  |ddm|= 0.104
  HOMO = -0.412538905692375  LUMO = -0.00606471172355973
cycle= 5 E= -5253.747877466  delta_E= -0.000508  |g|= 0.0126  |ddm|= 0.047
  HOMO = -0.411663162640088  LUMO = -0.00467157986258525
cycle= 6 E= -5253.74798945504  delta_E= -0.000112  |g|= 0.00381  |ddm|= 0.0273
  HOMO = -0.411736270695854  LUMO = -0.00437543998446955
cycle= 7 E= -5253.7480016332  delta_E= -1.22e-05  |g|= 0.000851  |ddm|= 0.0108
  HOMO = -0.411666840457749  LUMO = -0.00433180303806644
cycle= 8 E= -5253.74800246878  delta_E= -8.36e-07  |g|= 0.000314  |ddm|= 0.0024
  HOMO = -0.411669446048234  LUMO = -0.00434766673290767
cycle= 9 E= -5253.74800261737  delta_E= -1.49e-07  |g|= 0.000113  |ddm|= 0.00104
  HOMO = -0.411663958583115  LUMO = -0.00434517403210785
cycle= 10 E= -5253.74800263981  delta_E= -2.24e-08  |g|= 2.9e-05  |ddm|= 0.000467
  HOMO = -0.411665457067591  LUMO = -0.00434710516519768
cycle= 11 E= -5253.74800264108  delta_E= -1.27e-09  |g|= 5.87e-06  |ddm|= 0.000119
  HOMO = -0.411665324163264  LUMO = -0.00434724560559499
cycle= 12 E= -5253.74800264111  delta_E= -3.46e-11  |g|= 2.69e-06  |ddm|= 1.83e-05
  HOMO = -0.411664709924133  LUMO = -0.00434703720045292
Extra cycle  E= -5253.7480026411  delta_E= 1.09e-11  |g|= 1.49e-06  |ddm|= 3.56e-06
converged SCF energy = -5253.7480026411
Electronic spatial extent <R**2> (au): 1915.7686
* Multipoles in the independent field-basis, Gauge -> (0,0,0)
Electronic Dipole moment(X, Y, Z, Debye): 242.2085, -0.0000, 485.1069
Nuclear Dipole moment(X, Y, Z, Debye): 242.2085, 0.0000, 485.1069
Total Dipole moment(X, Y, Z, Debye): 0.0000, 0.0000, -0.0000
Quadrupole moments (Debye-Angs)
Total Quadrupole moments (XX, YY, ZZ): -49.2888, -47.8173, -44.1988
Total Quadrupole moments (XY, XZ, YZ): -0.0000, 1.5828, -0.0000
Octupole moments (Debye-Angs**2)
Total Octupole moments (XXX, YYY, ZZZ, XYY): -88.7664, 0.0000, -159.4259, -28.7054
Total Octupole moments (XXY, XXZ, XZZ, YZZ): 0.0000, -57.3615, -22.7271, 0.0000
Total Octupole moments (YYZ, XYZ): -57.4926, 0.0000
Hexadecapole moments (Debye-Angs**3)
Total Hexadecapole moments (XXXX, YYYY, ZZZZ, XXXY): -385.0018, -54.8909, -1248.4729, -0.0000
Total Hexadecapole moments (XXXZ, YYYX, YYYZ, ZZZX): -317.6748, -0.0000, -0.0000, -264.0663
Total Hexadecapole moments (ZZZY, XXYY, XXZZ, YYZZ): -0.0000, -72.4655, -281.3742, -243.2130
Total Hexadecapole moments (XXYZ, YYXZ, ZZXY): -0.0000, -106.8117, -0.0000
