#INFO: **** input file is /home/jluis/src/git/db/molecules-wfn/hf/run_sp.py ****
#!/usr/bin/env python

import numpy, sys, os
from pyscf import lib, gto, scf, dft
from pyscf.tools import molden
from pyscf.data import radii

def read_molecule(path):

    charge = spin = 0
    with open(path, 'r') as myfile:
        output = myfile.read()
        output = output.lstrip()
        output = output.rstrip()
        output = output.split('\n')

    try:
        int(output[0])
    except ValueError:
        try:
            charge = int(output[0].split(' ')[0])
            spin = int(output[0].split(' ')[1]) - 1
        except ValueError:
            molecule = output
        else:
            molecule = '\n'.join(output[1:])
    else:
        if int(output[0]) == len(output) - 2:
            molecule = '\n'.join(output[2:])
            try:
                charge = int(output[1].split(' ')[0])
                spin = int(output[1].split(' ')[1])-1
            except ValueError:
                pass
        else:
            print "THIS IS NOT A VALID XYZ FILE"

    return (molecule, charge, spin)

directory = '../../molecules/'
files = [i for i in os.listdir(directory) if i.endswith('.xyz')]

for filename in files:

    name = filename[:-8]
    mol = gto.Mole()
    (mol.atom, charge, spin) = read_molecule(directory+filename)
    mol.basis = 'aug-cc-pvtz'
    mol.charge = charge
    mol.spin = spin
    mol.output = name+'.out'
    mol.symmetry = 0
    mol.max_memory = 10000
    mol.verbose = 4
    mol.build()

    mf = scf.RHF(mol) 
    mf = scf.addons.remove_linear_dep_(mf)
    mf.max_cycle = 120
    mf.chkfile = name+'.chk'
    mf.kernel()

    dm = mf.make_rdm1()
    nao = mol.nao_nr()
    unit = 2.541746
    origin = ([0.0,0.0,0.0])
    charges = mol.atom_charges()
    coords  = mol.atom_coords()
    mol.set_common_orig(origin)
    r2 = mol.intor_symmetric('int1e_r2')
    r2 = numpy.einsum('ij,ji->', r2, dm)
    lib.logger.info(mf,'Electronic spatial extent <R**2> (au): %.4f', r2)

    lib.logger.info(mf,'* Multipoles in the independent field-basis, Gauge -> (0,0,0)')
    ao_dip = mol.intor_symmetric('int1e_r', comp=3)
    el_dip = numpy.einsum('xij,ji->x', ao_dip, dm)
    lib.logger.info(mf,'Electronic Dipole moment(X, Y, Z, Debye): %.4f, %.4f, %.4f', *el_dip*unit)
    nucl_dip = numpy.einsum('i,ix->x', charges, coords)
    lib.logger.info(mf,'Nuclear Dipole moment(X, Y, Z, Debye): %.4f, %.4f, %.4f', *nucl_dip*unit)
    mol_dip = (nucl_dip - el_dip) * unit
    lib.logger.info(mf,'Total Dipole moment(X, Y, Z, Debye): %.4f, %.4f, %.4f', *mol_dip)

    lib.logger.info(mf,'Quadrupole moments (Debye-Angs)')
    rr = mol.intor_symmetric('int1e_rr', comp=9).reshape(3,3,nao,nao)
    rr = -1.0*numpy.einsum('xyij,ji->xy', rr, dm)
    rr += numpy.einsum('z,zx,zy->xy', charges, coords, coords)
    rr = rr*unit*lib.param.BOHR
    lib.logger.info(mf,'Total Quadrupole moments (XX, YY, ZZ): %.4f, %.4f, %.4f', \
    rr[0,0], rr[1,1], rr[2,2])
    lib.logger.info(mf,'Total Quadrupole moments (XY, XZ, YZ): %.4f, %.4f, %.4f', \
    rr[0,1], rr[0,2], rr[1,2])
 
    lib.logger.info(mf,'Octupole moments (Debye-Angs**2)')
    rrr = mol.intor_symmetric('int1e_rrr', comp=27).reshape(3,3,3,nao,nao)
    rrr = -1.0*numpy.einsum('xyzij,ji->xyz', rrr, dm)
    rrr += numpy.einsum('z,zx,zy,zk->xyk', charges, coords, coords, coords)
    rrr = rrr*unit*lib.param.BOHR**2
    lib.logger.info(mf,'Total Octupole moments (XXX, YYY, ZZZ, XYY): %.4f, %.4f, %.4f, %.4f', \
    rrr[0,0,0], rrr[1,1,1], rrr[2,2,2], rrr[0,1,1])
    lib.logger.info(mf,'Total Octupole moments (XXY, XXZ, XZZ, YZZ): %.4f, %.4f, %.4f, %.4f', \
    rrr[0,0,1], rrr[0,0,2], rrr[0,2,2], rrr[1,2,2])
    lib.logger.info(mf,'Total Octupole moments (YYZ, XYZ): %.4f, %.4f', rrr[1,1,2], rrr[0,1,2])

    lib.logger.info(mf,'Hexadecapole moments (Debye-Angs**3)')
    rrrr = mol.intor_symmetric('int1e_rrrr', comp=81).reshape(3,3,3,3,nao,nao)
    rrrr = -1.0*numpy.einsum('xyzwij,ji->xyzw', rrrr, dm)
    rrrr += numpy.einsum('z,zx,zy,zk,zw->xykw', charges, coords, coords, coords, coords)
    rrrr = rrrr*unit*lib.param.BOHR**3
    lib.logger.info(mf,'Total Hexadecapole moments (XXXX, YYYY, ZZZZ, XXXY): %.4f, %.4f, %.4f, %.4f', \
    rrrr[0,0,0,0], rrrr[1,1,1,1], rrrr[2,2,2,2], rrrr[0,0,0,1])
    lib.logger.info(mf,'Total Hexadecapole moments (XXXZ, YYYX, YYYZ, ZZZX): %.4f, %.4f, %.4f, %.4f', \
    rrrr[0,0,0,2], rrrr[1,1,1,0], rrrr[1,1,1,2], rrrr[2,2,2,0])
    lib.logger.info(mf,'Total Hexadecapole moments (ZZZY, XXYY, XXZZ, YYZZ): %.4f, %.4f, %.4f, %.4f', \
    rrrr[2,2,2,1], rrrr[0,0,1,1], rrrr[0,0,2,2], rrrr[1,1,2,2])
    lib.logger.info(mf,'Total Hexadecapole moments (XXYZ, YYXZ, ZZXY): %.4f, %.4f, %.4f', \
    rrrr[0,0,1,2], rrrr[1,1,0,2], rrrr[2,2,0,1])
     
    coeff = mf.mo_coeff[:,mf.mo_occ>0]
    occ = mf.mo_occ[mf.mo_occ>0]
    energy = mf.mo_energy[mf.mo_occ>0]
    den_file = name+'.mol'
    fspt = open(den_file,'w')
    molden.header(mol, fspt)
    molden.orbital_coeff(mol, fspt, coeff, ene=energy, occ=occ) 
    fspt.close()                    
    cmd = '/home/jluis/bin/molden2aim '+name
    os.system(cmd)
    den_file = name+'.wfn'
    fspt = open(den_file,'a')
    fspt.write('RHF\n')
    fspt.close()                    

    pmd_file = name+'.pmd'
    fspt = open(pmd_file,'w')
    fspt.write('%s.wfn\n' % (name))
    if (mol.symmetry == False):
        fspt.write('nosymmetry\n')
    fspt.write('tes\n')
    fspt.write('  epsiscp 0.220\n')
    fspt.write('  radialquad 7\n')
    fspt.write('  rmapping 2\n')
    fspt.write('  lmax 10\n')
    fspt.write('  nr 551\n')
    fspt.write('  lebedev 5810\n')
    fspt.write('  betasphere\n')
    for ia in range(mol.natm):
        symb = mol.atom_pure_symbol(ia)
        inuc = lib.parameters.NUC[symb]
        betarad = radii.COVALENT[inuc]/3.5
        fspt.write('  betaradw %d %1.3f\n' % ((ia+1),betarad))
    fspt.write('  radialquadbeta 7\n')
    fspt.write('  rmappingbeta 3\n')
    fspt.write('  lmaxbeta 8\n')
    fspt.write('  nrb 451\n')
    fspt.write('  lebedevbeta 3074\n')
    fspt.write('  dafh\n')
    fspt.write('endtes')
    fspt.close()                    

    cmd = 'rm '+name+'.mol'
    os.system(cmd)
#INFO: ******************** input file end ********************


System: ('Linux', 'silicio', '3.16.0-4-amd64', '#1 SMP Debian 3.16.51-3 (2017-12-13)', 'x86_64', '')  Threads 12
Python 2.7.14 (default, Apr  9 2018, 16:34:43) 
[GCC 7.3.0]
numpy 1.14.2  scipy 1.0.1
Date: Wed Jun 27 23:09:29 2018
PySCF version 1.5
PySCF path  /home/jluis/src/pyscf/pyscf
GIT ORIG_HEAD f2dbb26d09ae5148fbf5975669a994500ac7a4c9
GIT HEAD      ref: refs/heads/master
GIT master branch  f2dbb26d09ae5148fbf5975669a994500ac7a4c9

[ENV] PYSCF_TMPDIR /scratch-ssd/jluis
[CONFIG] conf_file None
[INPUT] verbose = 4
[INPUT] num. atoms = 6
[INPUT] num. electrons = 82
[INPUT] charge = 0
[INPUT] spin (= nelec alpha-beta = 2S) = 0
[INPUT] symmetry 0 subgroup None
[INPUT] Mole.unit = angstrom
[INPUT]  1 N      0.018176000000   0.685195000000  -0.287264000000 AA    0.034347662040   1.294830891921  -0.542850285447 Bohr
[INPUT]  2 N     -0.018176000000  -0.685195000000  -0.287264000000 AA   -0.034347662040  -1.294830891921  -0.542850285447 Bohr
[INPUT]  3 Cl     0.749109000000   1.446057000000   1.176419000000 AA    1.415610847447   2.732651690510   2.223109717735 Bohr
[INPUT]  4 Cl    -1.633766000000   1.233836000000  -0.423032000000 AA   -3.087370291626   2.331612122629  -0.799414621927 Bohr
[INPUT]  5 Cl    -0.749109000000  -1.446057000000   1.176419000000 AA   -1.415610847447  -2.732651690510   2.223109717735 Bohr
[INPUT]  6 Cl     1.633766000000  -1.233836000000  -0.423032000000 AA    3.087370291626  -2.331612122629  -0.799414621927 Bohr

nuclear repulsion = 542.562027579392
number of shells = 78
number of NR pGTOs = 416
number of NR cGTOs = 292
basis = aug-cc-pvtz
ecp = {}
CPU time:    120291.23


******** <class 'pyscf.scf.hf.RHF'> flags ********
method = RHF
initial guess = minao
damping factor = 0
level shift factor = 0
DIIS = <class 'pyscf.scf.diis.CDIIS'>
DIIS start cycle = 1
DIIS space = 8
SCF tol = 1e-09
SCF gradient tol = None
max. SCF cycles = 120
direct_scf = True
direct_scf_tol = 1e-13
chkfile to save SCF result = n2cl4.chk
max_memory 10000 MB (current use 165 MB)
Set gradient conv threshold to 3.16228e-05
init E= -1947.4831829537
  HOMO = -0.258578672745054  LUMO = -0.0622623328124166
cycle= 1 E= -1946.39902577943  delta_E= 1.08  |g|= 1.17  |ddm|= 2.45
  HOMO = -0.48522172162903  LUMO = -0.127608480342141
cycle= 2 E= -1946.3470408059  delta_E= 0.052  |g|= 1.43  |ddm|=  1.5
  HOMO = -0.413477054588114  LUMO = 0.00776838135207934
cycle= 3 E= -1946.76939569795  delta_E= -0.422  |g|= 0.102  |ddm|= 0.772
  HOMO = -0.42076444339135  LUMO = 0.0267303135067678
cycle= 4 E= -1946.77733046849  delta_E= -0.00793  |g|= 0.0436  |ddm|= 0.227
  HOMO = -0.423976007186085  LUMO = 0.0267589153525451
cycle= 5 E= -1946.77869169834  delta_E= -0.00136  |g|= 0.0179  |ddm|= 0.107
  HOMO = -0.422810530586504  LUMO = 0.0288601534474656
cycle= 6 E= -1946.77894627125  delta_E= -0.000255  |g|= 0.00561  |ddm|= 0.0597
  HOMO = -0.422568559086811  LUMO = 0.0293379611557938
cycle= 7 E= -1946.77898118283  delta_E= -3.49e-05  |g|= 0.00217  |ddm|= 0.0227
  HOMO = -0.422632642754723  LUMO = 0.02941989302153
cycle= 8 E= -1946.77898637842  delta_E= -5.2e-06  |g|= 0.000781  |ddm|= 0.00812
  HOMO = -0.422644669232022  LUMO = 0.029372079427349
cycle= 9 E= -1946.77898732003  delta_E= -9.42e-07  |g|= 0.000271  |ddm|= 0.00341
  HOMO = -0.422610790469432  LUMO = 0.0293933920496114
cycle= 10 E= -1946.77898740722  delta_E= -8.72e-08  |g|= 9.08e-05  |ddm|= 0.000987
  HOMO = -0.422617645930489  LUMO = 0.0293879272876551
cycle= 11 E= -1946.77898741415  delta_E= -6.93e-09  |g|= 2.51e-05  |ddm|= 0.000247
  HOMO = -0.422615065999277  LUMO = 0.0293905694097014
cycle= 12 E= -1946.77898741475  delta_E= -5.99e-10  |g|= 8.38e-06  |ddm|= 6.07e-05
  HOMO = -0.422614473624097  LUMO = 0.0293907573589497
Extra cycle  E= -1946.77898741479  delta_E= -4.55e-11  |g|= 4.82e-06  |ddm|= 1.31e-05
converged SCF energy = -1946.77898741479
Electronic spatial extent <R**2> (au): 1182.1775
* Multipoles in the independent field-basis, Gauge -> (0,0,0)
Electronic Dipole moment(X, Y, Z, Debye): -0.0000, 0.0000, 103.3688
Nuclear Dipole moment(X, Y, Z, Debye): 0.0000, -0.0000, 103.7178
Total Dipole moment(X, Y, Z, Debye): 0.0000, -0.0000, 0.3490
Quadrupole moments (Debye-Angs)
Total Quadrupole moments (XX, YY, ZZ): -58.0383, -61.0522, -60.9461
Total Quadrupole moments (XY, XZ, YZ): -1.5375, -0.0000, 0.0000
Octupole moments (Debye-Angs**2)
Total Octupole moments (XXX, YYY, ZZZ, XYY): 0.0000, -0.0000, -41.9983, 0.0000
Total Octupole moments (XXY, XXZ, XZZ, YZZ): -0.0000, -16.9767, -0.0000, -0.0000
Total Octupole moments (YYZ, XYZ): -12.6183, 4.9899
Hexadecapole moments (Debye-Angs**3)
Total Hexadecapole moments (XXXX, YYYY, ZZZZ, XXXY): -501.2103, -640.9192, -294.7353, 41.5165
Total Hexadecapole moments (XXXZ, YYYX, YYYZ, ZZZX): -0.0000, 67.8145, 0.0000, -0.0000
Total Hexadecapole moments (ZZZY, XXYY, XXZZ, YYZZ): 0.0000, -182.1090, -137.6113, -147.5237
Total Hexadecapole moments (XXYZ, YYXZ, ZZXY): 0.0000, -0.0000, 32.8007
