#INFO: **** input file is /home/jluis/src/git/db/molecules-wfn/hf/run_sp.py ****
#!/usr/bin/env python

import numpy, sys, os
from pyscf import lib, gto, scf, dft
from pyscf.tools import molden
from pyscf.data import radii

def read_molecule(path):

    charge = spin = 0
    with open(path, 'r') as myfile:
        output = myfile.read()
        output = output.lstrip()
        output = output.rstrip()
        output = output.split('\n')

    try:
        int(output[0])
    except ValueError:
        try:
            charge = int(output[0].split(' ')[0])
            spin = int(output[0].split(' ')[1]) - 1
        except ValueError:
            molecule = output
        else:
            molecule = '\n'.join(output[1:])
    else:
        if int(output[0]) == len(output) - 2:
            molecule = '\n'.join(output[2:])
            try:
                charge = int(output[1].split(' ')[0])
                spin = int(output[1].split(' ')[1])-1
            except ValueError:
                pass
        else:
            print "THIS IS NOT A VALID XYZ FILE"

    return (molecule, charge, spin)

directory = '../../molecules/'
files = [i for i in os.listdir(directory) if i.endswith('.xyz')]

for filename in files:

    name = filename[:-8]
    mol = gto.Mole()
    (mol.atom, charge, spin) = read_molecule(directory+filename)
    mol.basis = 'aug-cc-pvtz'
    mol.charge = charge
    mol.spin = spin
    mol.output = name+'.out'
    mol.symmetry = 0
    mol.max_memory = 10000
    mol.verbose = 4
    mol.build()

    mf = scf.RHF(mol) 
    mf = scf.addons.remove_linear_dep_(mf)
    mf.max_cycle = 120
    mf.chkfile = name+'.chk'
    mf.kernel()

    dm = mf.make_rdm1()
    nao = mol.nao_nr()
    unit = 2.541746
    origin = ([0.0,0.0,0.0])
    charges = mol.atom_charges()
    coords  = mol.atom_coords()
    mol.set_common_orig(origin)
    r2 = mol.intor_symmetric('int1e_r2')
    r2 = numpy.einsum('ij,ji->', r2, dm)
    lib.logger.info(mf,'Electronic spatial extent <R**2> (au): %.4f', r2)

    lib.logger.info(mf,'* Multipoles in the independent field-basis, Gauge -> (0,0,0)')
    ao_dip = mol.intor_symmetric('int1e_r', comp=3)
    el_dip = numpy.einsum('xij,ji->x', ao_dip, dm)
    lib.logger.info(mf,'Electronic Dipole moment(X, Y, Z, Debye): %.4f, %.4f, %.4f', *el_dip*unit)
    nucl_dip = numpy.einsum('i,ix->x', charges, coords)
    lib.logger.info(mf,'Nuclear Dipole moment(X, Y, Z, Debye): %.4f, %.4f, %.4f', *nucl_dip*unit)
    mol_dip = (nucl_dip - el_dip) * unit
    lib.logger.info(mf,'Total Dipole moment(X, Y, Z, Debye): %.4f, %.4f, %.4f', *mol_dip)

    lib.logger.info(mf,'Quadrupole moments (Debye-Angs)')
    rr = mol.intor_symmetric('int1e_rr', comp=9).reshape(3,3,nao,nao)
    rr = -1.0*numpy.einsum('xyij,ji->xy', rr, dm)
    rr += numpy.einsum('z,zx,zy->xy', charges, coords, coords)
    rr = rr*unit*lib.param.BOHR
    lib.logger.info(mf,'Total Quadrupole moments (XX, YY, ZZ): %.4f, %.4f, %.4f', \
    rr[0,0], rr[1,1], rr[2,2])
    lib.logger.info(mf,'Total Quadrupole moments (XY, XZ, YZ): %.4f, %.4f, %.4f', \
    rr[0,1], rr[0,2], rr[1,2])
 
    lib.logger.info(mf,'Octupole moments (Debye-Angs**2)')
    rrr = mol.intor_symmetric('int1e_rrr', comp=27).reshape(3,3,3,nao,nao)
    rrr = -1.0*numpy.einsum('xyzij,ji->xyz', rrr, dm)
    rrr += numpy.einsum('z,zx,zy,zk->xyk', charges, coords, coords, coords)
    rrr = rrr*unit*lib.param.BOHR**2
    lib.logger.info(mf,'Total Octupole moments (XXX, YYY, ZZZ, XYY): %.4f, %.4f, %.4f, %.4f', \
    rrr[0,0,0], rrr[1,1,1], rrr[2,2,2], rrr[0,1,1])
    lib.logger.info(mf,'Total Octupole moments (XXY, XXZ, XZZ, YZZ): %.4f, %.4f, %.4f, %.4f', \
    rrr[0,0,1], rrr[0,0,2], rrr[0,2,2], rrr[1,2,2])
    lib.logger.info(mf,'Total Octupole moments (YYZ, XYZ): %.4f, %.4f', rrr[1,1,2], rrr[0,1,2])

    lib.logger.info(mf,'Hexadecapole moments (Debye-Angs**3)')
    rrrr = mol.intor_symmetric('int1e_rrrr', comp=81).reshape(3,3,3,3,nao,nao)
    rrrr = -1.0*numpy.einsum('xyzwij,ji->xyzw', rrrr, dm)
    rrrr += numpy.einsum('z,zx,zy,zk,zw->xykw', charges, coords, coords, coords, coords)
    rrrr = rrrr*unit*lib.param.BOHR**3
    lib.logger.info(mf,'Total Hexadecapole moments (XXXX, YYYY, ZZZZ, XXXY): %.4f, %.4f, %.4f, %.4f', \
    rrrr[0,0,0,0], rrrr[1,1,1,1], rrrr[2,2,2,2], rrrr[0,0,0,1])
    lib.logger.info(mf,'Total Hexadecapole moments (XXXZ, YYYX, YYYZ, ZZZX): %.4f, %.4f, %.4f, %.4f', \
    rrrr[0,0,0,2], rrrr[1,1,1,0], rrrr[1,1,1,2], rrrr[2,2,2,0])
    lib.logger.info(mf,'Total Hexadecapole moments (ZZZY, XXYY, XXZZ, YYZZ): %.4f, %.4f, %.4f, %.4f', \
    rrrr[2,2,2,1], rrrr[0,0,1,1], rrrr[0,0,2,2], rrrr[1,1,2,2])
    lib.logger.info(mf,'Total Hexadecapole moments (XXYZ, YYXZ, ZZXY): %.4f, %.4f, %.4f', \
    rrrr[0,0,1,2], rrrr[1,1,0,2], rrrr[2,2,0,1])
     
    coeff = mf.mo_coeff[:,mf.mo_occ>0]
    occ = mf.mo_occ[mf.mo_occ>0]
    energy = mf.mo_energy[mf.mo_occ>0]
    den_file = name+'.mol'
    fspt = open(den_file,'w')
    molden.header(mol, fspt)
    molden.orbital_coeff(mol, fspt, coeff, ene=energy, occ=occ) 
    fspt.close()                    
    cmd = '/home/jluis/bin/molden2aim '+name
    os.system(cmd)
    den_file = name+'.wfn'
    fspt = open(den_file,'a')
    fspt.write('RHF\n')
    fspt.close()                    

    pmd_file = name+'.pmd'
    fspt = open(pmd_file,'w')
    fspt.write('%s.wfn\n' % (name))
    if (mol.symmetry == False):
        fspt.write('nosymmetry\n')
    fspt.write('tes\n')
    fspt.write('  epsiscp 0.220\n')
    fspt.write('  radialquad 7\n')
    fspt.write('  rmapping 2\n')
    fspt.write('  lmax 10\n')
    fspt.write('  nr 551\n')
    fspt.write('  lebedev 5810\n')
    fspt.write('  betasphere\n')
    for ia in range(mol.natm):
        symb = mol.atom_pure_symbol(ia)
        inuc = lib.parameters.NUC[symb]
        betarad = radii.COVALENT[inuc]/3.5
        fspt.write('  betaradw %d %1.3f\n' % ((ia+1),betarad))
    fspt.write('  radialquadbeta 7\n')
    fspt.write('  rmappingbeta 3\n')
    fspt.write('  lmaxbeta 8\n')
    fspt.write('  nrb 451\n')
    fspt.write('  lebedevbeta 3074\n')
    fspt.write('  dafh\n')
    fspt.write('endtes')
    fspt.close()                    

    cmd = 'rm '+name+'.mol'
    os.system(cmd)
#INFO: ******************** input file end ********************


System: ('Linux', 'silicio', '3.16.0-4-amd64', '#1 SMP Debian 3.16.51-3 (2017-12-13)', 'x86_64', '')  Threads 12
Python 2.7.14 (default, Apr  9 2018, 16:34:43) 
[GCC 7.3.0]
numpy 1.14.2  scipy 1.0.1
Date: Wed Jun 27 23:39:27 2018
PySCF version 1.5
PySCF path  /home/jluis/src/pyscf/pyscf
GIT ORIG_HEAD f2dbb26d09ae5148fbf5975669a994500ac7a4c9
GIT HEAD      ref: refs/heads/master
GIT master branch  f2dbb26d09ae5148fbf5975669a994500ac7a4c9

[ENV] PYSCF_TMPDIR /scratch-ssd/jluis
[CONFIG] conf_file None
[INPUT] verbose = 4
[INPUT] num. atoms = 4
[INPUT] num. electrons = 64
[INPUT] charge = 0
[INPUT] spin (= nelec alpha-beta = 2S) = 0
[INPUT] symmetry 0 subgroup None
[INPUT] Mole.unit = angstrom
[INPUT]  1 S     -0.024449000000   0.000000000000  -0.013016000000 AA   -0.046201914019   0.000000000000  -0.024596675237 Bohr
[INPUT]  2 S     -0.003142000000   0.000000000000   1.912122000000 AA   -0.005937519483   0.000000000000   3.613386896756 Bohr
[INPUT]  3 S      2.066940000000   0.000000000000   2.455300000000 AA    3.905950515909   0.000000000000   4.639844553645 Bohr
[INPUT]  4 S      3.030720000000   0.000000000000   0.788638000000 AA    5.727230760242   0.000000000000   1.490309831425 Bohr

nuclear repulsion = 330.663502569636
number of shells = 52
number of NR pGTOs = 300
number of NR cGTOs = 200
basis = aug-cc-pvtz
ecp = {}
CPU time:    141284.00


******** <class 'pyscf.scf.hf.RHF'> flags ********
method = RHF
initial guess = minao
damping factor = 0
level shift factor = 0
DIIS = <class 'pyscf.scf.diis.CDIIS'>
DIIS start cycle = 1
DIIS space = 8
SCF tol = 1e-09
SCF gradient tol = None
max. SCF cycles = 120
direct_scf = True
direct_scf_tol = 1e-13
chkfile to save SCF result = s4.chk
max_memory 10000 MB (current use 177 MB)
Set gradient conv threshold to 3.16228e-05
init E= -1590.71237319303
  HOMO = -0.237684022577016  LUMO = -0.148572616988009
cycle= 1 E= -1590.03709798986  delta_E= 0.675  |g|= 0.477  |ddm|= 1.92
  HOMO = -0.321625130087898  LUMO = -0.115994017194296
cycle= 2 E= -1590.04332860978  delta_E= -0.00623  |g|= 0.488  |ddm|= 0.672
  HOMO = -0.315872327959527  LUMO = -0.0836923104653594
cycle= 3 E= -1590.11649069505  delta_E= -0.0732  |g|= 0.0823  |ddm|= 0.416
  HOMO = -0.305228239184799  LUMO = -0.0740763219181707
cycle= 4 E= -1590.11923526349  delta_E= -0.00274  |g|= 0.026  |ddm|= 0.09
  HOMO = -0.308264075117508  LUMO = -0.0760054518436213
cycle= 5 E= -1590.11972081195  delta_E= -0.000486  |g|= 0.00832  |ddm|= 0.0433
  HOMO = -0.307908354569684  LUMO = -0.076324432973124
cycle= 6 E= -1590.1198301991  delta_E= -0.000109  |g|= 0.0037  |ddm|= 0.0256
  HOMO = -0.307612426494552  LUMO = -0.0763313001030699
cycle= 7 E= -1590.11985647497  delta_E= -2.63e-05  |g|= 0.00151  |ddm|= 0.0135
  HOMO = -0.307357369100939  LUMO = -0.0762657896282273
cycle= 8 E= -1590.119861219  delta_E= -4.74e-06  |g|= 0.000663  |ddm|= 0.00603
  HOMO = -0.307333577793614  LUMO = -0.076328283547471
cycle= 9 E= -1590.11986186647  delta_E= -6.47e-07  |g|= 0.000265  |ddm|= 0.00198
  HOMO = -0.307285295104497  LUMO = -0.0763222058989734
cycle= 10 E= -1590.1198619792  delta_E= -1.13e-07  |g|= 0.000109  |ddm|= 0.000836
  HOMO = -0.307282986306248  LUMO = -0.0763331943757448
cycle= 11 E= -1590.11986199492  delta_E= -1.57e-08  |g|= 2.63e-05  |ddm|= 0.000351
  HOMO = -0.307280366660162  LUMO = -0.0763326620852519
cycle= 12 E= -1590.11986199557  delta_E= -6.46e-10  |g|= 1.61e-05  |ddm|= 7.69e-05
  HOMO = -0.307280495973565  LUMO = -0.076333276151785
Extra cycle  E= -1590.11986199557  delta_E= -2.27e-12  |g|= 1.69e-05  |ddm|= 2.83e-05
converged SCF energy = -1590.11986199557
Electronic spatial extent <R**2> (au): 1471.8642
* Multipoles in the independent field-basis, Gauge -> (0,0,0)
Electronic Dipole moment(X, Y, Z, Debye): 390.1118, 0.0000, 393.4571
Nuclear Dipole moment(X, Y, Z, Debye): 389.6412, 0.0000, 395.2494
Total Dipole moment(X, Y, Z, Debye): -0.4706, -0.0000, 1.7923
Quadrupole moments (Debye-Angs)
Total Quadrupole moments (XX, YY, ZZ): -55.4821, -52.7855, -45.0743
Total Quadrupole moments (XY, XZ, YZ): -0.0000, 0.3688, -0.0000
Octupole moments (Debye-Angs**2)
Total Octupole moments (XXX, YYY, ZZZ, XYY): -211.1138, -0.0000, -181.9650, -67.3531
Total Octupole moments (XXY, XXZ, XZZ, YZZ): -0.0000, -69.1026, -59.7418, -0.0000
Total Octupole moments (YYZ, XYZ): -66.1683, -0.0000
Hexadecapole moments (Debye-Angs**3)
Total Hexadecapole moments (XXXX, YYYY, ZZZZ, XXXY): -1186.7613, -73.7403, -808.1941, -0.0000
Total Hexadecapole moments (XXXZ, YYYX, YYYZ, ZZZX): -316.8148, -0.0000, -0.0000, -267.5683
Total Hexadecapole moments (ZZZY, XXYY, XXZZ, YYZZ): -0.0000, -203.7631, -318.5840, -156.1759
Total Hexadecapole moments (XXYZ, YYXZ, ZZXY): -0.0000, -96.9944, -0.0000
