#INFO: **** input file is /home/jluis/src/git/db/molecules-wfn/pbe5/run_sp.py ****
#!/usr/bin/env python

import numpy, sys, os
from pyscf import lib, gto, scf, dft
from pyscf.tools import molden
from pyscf.data import radii

def read_molecule(path):

    charge = spin = 0
    with open(path, 'r') as myfile:
        output = myfile.read()
        output = output.lstrip()
        output = output.rstrip()
        output = output.split('\n')

    try:
        int(output[0])
    except ValueError:
        try:
            charge = int(output[0].split(' ')[0])
            spin = int(output[0].split(' ')[1]) - 1
        except ValueError:
            molecule = output
        else:
            molecule = '\n'.join(output[1:])
    else:
        if int(output[0]) == len(output) - 2:
            molecule = '\n'.join(output[2:])
            try:
                charge = int(output[1].split(' ')[0])
                spin = int(output[1].split(' ')[1])-1
            except ValueError:
                pass
        else:
            print "THIS IS NOT A VALID XYZ FILE"

    return (molecule, charge, spin)

directory = '../../molecules/'
files = [i for i in os.listdir(directory) if i.endswith('.xyz')]

for filename in files:

    name = filename[:-8]
    mol = gto.Mole()
    (mol.atom, charge, spin) = read_molecule(directory+filename)
    mol.basis = 'aug-cc-pvtz'
    mol.charge = charge
    mol.spin = spin
    mol.output = name+'.out'
    mol.symmetry = 0
    mol.max_memory = 10000
    mol.verbose = 4
    mol.build()

    mf = dft.RKS(mol) 
    mf.grids.level = 4
    mf.xc = 'pbe50'
    mf.max_cycle = 120
    mf.chkfile = name+'.chk'
    mf = scf.addons.remove_linear_dep_(mf)
    mf.kernel()

    dm = mf.make_rdm1()
    nao = mol.nao_nr()
    unit = 2.541746
    origin = ([0.0,0.0,0.0])
    charges = mol.atom_charges()
    coords  = mol.atom_coords()
    mol.set_common_orig(origin)
    r2 = mol.intor_symmetric('int1e_r2')
    r2 = numpy.einsum('ij,ji->', r2, dm)
    lib.logger.info(mf,'Electronic spatial extent <R**2> (au): %.4f', r2)

    lib.logger.info(mf,'* Multipoles in the independent field-basis, Gauge -> (0,0,0)')
    ao_dip = mol.intor_symmetric('int1e_r', comp=3)
    el_dip = numpy.einsum('xij,ji->x', ao_dip, dm)
    lib.logger.info(mf,'Electronic Dipole moment(X, Y, Z, Debye): %.4f, %.4f, %.4f', *el_dip*unit)
    nucl_dip = numpy.einsum('i,ix->x', charges, coords)
    lib.logger.info(mf,'Nuclear Dipole moment(X, Y, Z, Debye): %.4f, %.4f, %.4f', *nucl_dip*unit)
    mol_dip = (nucl_dip - el_dip) * unit
    lib.logger.info(mf,'Total Dipole moment(X, Y, Z, Debye): %.4f, %.4f, %.4f', *mol_dip)

    lib.logger.info(mf,'Quadrupole moments (Debye-Angs)')
    rr = mol.intor_symmetric('int1e_rr', comp=9).reshape(3,3,nao,nao)
    rr = -1.0*numpy.einsum('xyij,ji->xy', rr, dm)
    rr += numpy.einsum('z,zx,zy->xy', charges, coords, coords)
    rr = rr*unit*lib.param.BOHR
    lib.logger.info(mf,'Total Quadrupole moments (XX, YY, ZZ): %.4f, %.4f, %.4f', \
    rr[0,0], rr[1,1], rr[2,2])
    lib.logger.info(mf,'Total Quadrupole moments (XY, XZ, YZ): %.4f, %.4f, %.4f', \
    rr[0,1], rr[0,2], rr[1,2])
 
    lib.logger.info(mf,'Octupole moments (Debye-Angs**2)')
    rrr = mol.intor_symmetric('int1e_rrr', comp=27).reshape(3,3,3,nao,nao)
    rrr = -1.0*numpy.einsum('xyzij,ji->xyz', rrr, dm)
    rrr += numpy.einsum('z,zx,zy,zk->xyk', charges, coords, coords, coords)
    rrr = rrr*unit*lib.param.BOHR**2
    lib.logger.info(mf,'Total Octupole moments (XXX, YYY, ZZZ, XYY): %.4f, %.4f, %.4f, %.4f', \
    rrr[0,0,0], rrr[1,1,1], rrr[2,2,2], rrr[0,1,1])
    lib.logger.info(mf,'Total Octupole moments (XXY, XXZ, XZZ, YZZ): %.4f, %.4f, %.4f, %.4f', \
    rrr[0,0,1], rrr[0,0,2], rrr[0,2,2], rrr[1,2,2])
    lib.logger.info(mf,'Total Octupole moments (YYZ, XYZ): %.4f, %.4f', rrr[1,1,2], rrr[0,1,2])

    lib.logger.info(mf,'Hexadecapole moments (Debye-Angs**3)')
    rrrr = mol.intor_symmetric('int1e_rrrr', comp=81).reshape(3,3,3,3,nao,nao)
    rrrr = -1.0*numpy.einsum('xyzwij,ji->xyzw', rrrr, dm)
    rrrr += numpy.einsum('z,zx,zy,zk,zw->xykw', charges, coords, coords, coords, coords)
    rrrr = rrrr*unit*lib.param.BOHR**3
    lib.logger.info(mf,'Total Hexadecapole moments (XXXX, YYYY, ZZZZ, XXXY): %.4f, %.4f, %.4f, %.4f', \
    rrrr[0,0,0,0], rrrr[1,1,1,1], rrrr[2,2,2,2], rrrr[0,0,0,1])
    lib.logger.info(mf,'Total Hexadecapole moments (XXXZ, YYYX, YYYZ, ZZZX): %.4f, %.4f, %.4f, %.4f', \
    rrrr[0,0,0,2], rrrr[1,1,1,0], rrrr[1,1,1,2], rrrr[2,2,2,0])
    lib.logger.info(mf,'Total Hexadecapole moments (ZZZY, XXYY, XXZZ, YYZZ): %.4f, %.4f, %.4f, %.4f', \
    rrrr[2,2,2,1], rrrr[0,0,1,1], rrrr[0,0,2,2], rrrr[1,1,2,2])
    lib.logger.info(mf,'Total Hexadecapole moments (XXYZ, YYXZ, ZZXY): %.4f, %.4f, %.4f', \
    rrrr[0,0,1,2], rrrr[1,1,0,2], rrrr[2,2,0,1])
     
    coeff = mf.mo_coeff[:,mf.mo_occ>0]
    occ = mf.mo_occ[mf.mo_occ>0]
    energy = mf.mo_energy[mf.mo_occ>0]
    den_file = name+'.mol'
    fspt = open(den_file,'w')
    molden.header(mol, fspt)
    molden.orbital_coeff(mol, fspt, coeff, ene=energy, occ=occ) 
    fspt.close()                    
    cmd = '/home/jluis/bin/molden2aim '+name
    os.system(cmd)
    den_file = name+'.wfn'
    fspt = open(den_file,'a')
    fspt.write('RHF\n')
    fspt.close()                    

    pmd_file = name+'.pmd'
    fspt = open(pmd_file,'w')
    fspt.write('%s.wfn\n' % (name))
    if (mol.symmetry == False):
        fspt.write('nosymmetry\n')
    fspt.write('tes\n')
    fspt.write('  epsiscp 0.220\n')
    fspt.write('  xcdft 0 0 0\n')
    fspt.write('  radialquad 7\n')
    fspt.write('  rmapping 2\n')
    fspt.write('  lmax 10\n')
    fspt.write('  nr 551\n')
    fspt.write('  lebedev 5810\n')
    fspt.write('  betasphere\n')
    for ia in range(mol.natm):
        symb = mol.atom_pure_symbol(ia)
        inuc = lib.parameters.NUC[symb]
        betarad = radii.COVALENT[inuc]/3.5
        fspt.write('  betaradw %d %1.3f\n' % ((ia+1),betarad))
    fspt.write('  radialquadbeta 7\n')
    fspt.write('  rmappingbeta 3\n')
    fspt.write('  lmaxbeta 8\n')
    fspt.write('  nrb 451\n')
    fspt.write('  lebedevbeta 3074\n')
    fspt.write('  dafh\n')
    fspt.write('endtes')
    fspt.close()                    

    cmd = 'rm '+name+'.mol'
    os.system(cmd)

#INFO: ******************** input file end ********************


System: ('Linux', 'silicio', '3.16.0-4-amd64', '#1 SMP Debian 3.16.51-3 (2017-12-13)', 'x86_64', '')  Threads 12
Python 2.7.14 (default, Apr  9 2018, 16:34:43) 
[GCC 7.3.0]
numpy 1.14.2  scipy 1.0.1
Date: Tue Jul  3 02:03:33 2018
PySCF version 1.5
PySCF path  /home/jluis/src/pyscf/pyscf
GIT ORIG_HEAD f2dbb26d09ae5148fbf5975669a994500ac7a4c9
GIT HEAD      ref: refs/heads/master
GIT master branch  f2dbb26d09ae5148fbf5975669a994500ac7a4c9

[ENV] PYSCF_TMPDIR /scratch-ssd/jluis
[CONFIG] conf_file None
[INPUT] verbose = 4
[INPUT] num. atoms = 18
[INPUT] num. electrons = 68
[INPUT] charge = 0
[INPUT] spin (= nelec alpha-beta = 2S) = 0
[INPUT] symmetry 0 subgroup None
[INPUT] Mole.unit = angstrom
[INPUT]  1 C     -3.138549000000   2.048751000000   0.000844000000 AA   -5.930998038528   3.871578287429   0.001594928849 Bohr
[INPUT]  2 C     -3.150128000000   0.574620000000  -0.000461000000 AA   -5.952879177324   1.085874425698  -0.000871163743 Bohr
[INPUT]  3 C      2.538408000000   2.004167000000  -0.000093000000 AA    4.796895912405   3.787326737891  -0.000175744530 Bohr
[INPUT]  4 C      2.526830000000   0.530035000000  -0.001336000000 AA    4.775016663335   1.001620986434  -0.002524674102 Bohr
[INPUT]  5 C     -0.987541000000   1.294751000000  -0.000064000000 AA   -1.866182026779   2.446724789507  -0.000120942472 Bohr
[INPUT]  6 C      0.375822000000   1.284035000000  -0.000296000000 AA    0.710200651586   2.426474484356  -0.000559358933 Bohr
[INPUT]  7 C     -1.853653000000   2.478982000000   0.001050000000 AA   -3.502896499978   4.684597047727   0.001984212431 Bohr
[INPUT]  8 C     -1.872142000000   0.124262000000  -0.000965000000 AA   -3.537835646295   0.234821147691  -0.001823585710 Bohr
[INPUT]  9 C      1.260423000000   2.454525000000   0.000523000000 AA    2.381854271103   4.638380015898   0.000988326763 Bohr
[INPUT] 10 C      1.241934000000   0.099804000000  -0.001475000000 AA    2.346915124786   0.188602226136  -0.002787346034 Bohr
[INPUT] 11 H     -4.029068000000   2.675028000000   0.001366000000 AA   -7.613835057249   5.055070295543   0.002581365886 Bohr
[INPUT] 12 H     -1.505163000000   3.507413000000   0.001774000000 AA   -2.844345842829   6.628049975739   0.003352374145 Bohr
[INPUT] 13 H     -4.050380000000  -0.037584000000  -0.001020000000 AA   -7.654108900416  -0.071023466666  -0.001927520647 Bohr
[INPUT] 14 H     -1.539840000000  -0.909511000000  -0.002005000000 AA   -2.909875875650  -1.718726697279  -0.003788900880 Bohr
[INPUT] 15 H      0.928121000000   3.488298000000   0.001423000000 AA    1.753894500457   6.591927860868   0.002689080275 Bohr
[INPUT] 16 H      3.438660000000   2.616371000000   0.000248000000 AA    6.498125635497   4.944224630254   0.000468652079 Bohr
[INPUT] 17 H      0.893445000000  -0.928626000000  -0.002333000000 AA    1.688366357362  -1.754848812150  -0.004408731049 Bohr
[INPUT] 18 H      3.417350000000  -0.096241000000  -0.002049000000 AA    6.457855571782  -0.181869131954  -0.003872048829 Bohr

nuclear repulsion = 443.301805864745
number of shells = 202
number of NR pGTOs = 780
number of NR cGTOs = 644
basis = aug-cc-pvtz
ecp = {}
CPU time:     18964.43


******** <class 'pyscf.dft.rks.RKS'> flags ********
method = RKS-RHF
initial guess = minao
damping factor = 0
level shift factor = 0
DIIS = <class 'pyscf.scf.diis.CDIIS'>
DIIS start cycle = 1
DIIS space = 8
SCF tol = 1e-09
SCF gradient tol = None
max. SCF cycles = 120
direct_scf = True
direct_scf_tol = 1e-13
chkfile to save SCF result = c10h8.chk
max_memory 10000 MB (current use 217 MB)
XC functionals = pbe50
small_rho_cutoff = 1e-07
radial grids: 
    Treutler-Ahlrichs (JCP 102, 346 (M4)) radial grids
    
becke partition: Becke, JCP, 88, 2547 (1988)
pruning grids: <function nwchem_prune at 0x2add0ec136e0>
grids dens level: 4
symmetrized grids: 0
atomic radii adjust function: <function treutler_atomic_radii_adjust at 0x2add0ec135f0>
Set gradient conv threshold to 3.16228e-05
tot grids = 410184
init E= -388.263355041777
  HOMO = -0.308253602635284  LUMO = -0.217835150343134
cycle= 1 E= -385.397241476513  delta_E= 2.87  |g|= 0.635  |ddm|= 12.2
  HOMO = -0.203449644671387  LUMO = -0.0231013607315351
cycle= 2 E= -385.44794714309  delta_E= -0.0507  |g|= 0.477  |ddm|= 2.94
  HOMO = -0.27503530990507  LUMO = -0.0858561409154134
cycle= 3 E= -385.506089665562  delta_E= -0.0581  |g|= 0.0343  |ddm|=  1.2
  HOMO = -0.274356366356484  LUMO = -0.0826244221081582
cycle= 4 E= -385.506348889015  delta_E= -0.000259  |g|= 0.0253  |ddm|= 0.153
  HOMO = -0.27422100516495  LUMO = -0.0826154234958076
cycle= 5 E= -385.506491857913  delta_E= -0.000143  |g|= 0.00982  |ddm|= 0.0541
  HOMO = -0.273746924434713  LUMO = -0.081954428733934
cycle= 6 E= -385.506518115644  delta_E= -2.63e-05  |g|= 0.000639  |ddm|= 0.0148
  HOMO = -0.273748300953353  LUMO = -0.0818806232074763
cycle= 7 E= -385.506518535737  delta_E= -4.2e-07  |g|= 0.000243  |ddm|= 0.00386
  HOMO = -0.273752802290743  LUMO = -0.0818493277499367
cycle= 8 E= -385.506518553229  delta_E= -1.75e-08  |g|= 0.000114  |ddm|= 0.000776
  HOMO = -0.273753852658925  LUMO = -0.0818544062843347
cycle= 9 E= -385.506518557367  delta_E= -4.14e-09  |g|= 1.15e-05  |ddm|= 0.000239
  HOMO = -0.273754980816849  LUMO = -0.0818543739653872
cycle= 10 E= -385.506518557435  delta_E= -6.78e-11  |g|= 2.5e-06  |ddm|= 5.64e-05
  HOMO = -0.273755069670846  LUMO = -0.0818545064465729
Extra cycle  E= -385.506518557439  delta_E= -3.75e-12  |g|= 2.07e-06  |ddm|= 1.22e-05
converged SCF energy = -385.506518557439
Electronic spatial extent <R**2> (au): 1949.5260
* Multipoles in the independent field-basis, Gauge -> (0,0,0)
Electronic Dipole moment(X, Y, Z, Debye): -99.8992, 421.1389, -0.0775
Nuclear Dipole moment(X, Y, Z, Debye): -99.8992, 421.1389, -0.0780
Total Dipole moment(X, Y, Z, Debye): 0.0000, -0.0000, -0.0005
Quadrupole moments (Debye-Angs)
Total Quadrupole moments (XX, YY, ZZ): -48.9688, -52.0527, -64.6636
Total Quadrupole moments (XY, XZ, YZ): -0.0243, -0.0013, 0.0101
Octupole moments (Debye-Angs**2)
Total Octupole moments (XXX, YYY, ZZZ, XYY): 44.9328, -201.3493, 0.0456, 15.8582
Total Octupole moments (XXY, XXZ, XZZ, YZZ): -63.1252, 0.0064, 19.7780, -83.3768
Total Octupole moments (YYZ, XYZ): 0.0369, -0.0053
Hexadecapole moments (Debye-Angs**3)
Total Hexadecapole moments (XXXX, YYYY, ZZZZ, XXXY): -1449.0770, -893.1487, -77.1550, 61.6566
Total Hexadecapole moments (XXXZ, YYYX, YYYZ, ZZZX): 0.0783, 65.9648, 0.0127, 0.1276
Total Hexadecapole moments (ZZZY, XXYY, XXZZ, YYZZ): -0.1190, -401.9171, -330.5544, -202.0400
Total Hexadecapole moments (XXYZ, YYXZ, ZZXY): 0.0176, 0.0229, 27.3079
