#INFO: **** input file is /home/jluis/src/git/db/molecules-wfn/pbe5/run_sp.py ****
#!/usr/bin/env python

import numpy, sys, os
from pyscf import lib, gto, scf, dft
from pyscf.tools import molden
from pyscf.data import radii

def read_molecule(path):

    charge = spin = 0
    with open(path, 'r') as myfile:
        output = myfile.read()
        output = output.lstrip()
        output = output.rstrip()
        output = output.split('\n')

    try:
        int(output[0])
    except ValueError:
        try:
            charge = int(output[0].split(' ')[0])
            spin = int(output[0].split(' ')[1]) - 1
        except ValueError:
            molecule = output
        else:
            molecule = '\n'.join(output[1:])
    else:
        if int(output[0]) == len(output) - 2:
            molecule = '\n'.join(output[2:])
            try:
                charge = int(output[1].split(' ')[0])
                spin = int(output[1].split(' ')[1])-1
            except ValueError:
                pass
        else:
            print "THIS IS NOT A VALID XYZ FILE"

    return (molecule, charge, spin)

directory = '../../molecules/'
files = [i for i in os.listdir(directory) if i.endswith('.xyz')]

for filename in files:

    name = filename[:-8]
    mol = gto.Mole()
    (mol.atom, charge, spin) = read_molecule(directory+filename)
    mol.basis = 'aug-cc-pvtz'
    mol.charge = charge
    mol.spin = spin
    mol.output = name+'.out'
    mol.symmetry = 0
    mol.max_memory = 10000
    mol.verbose = 4
    mol.build()

    mf = dft.RKS(mol) 
    mf.grids.level = 4
    mf.xc = 'pbe50'
    mf.max_cycle = 120
    mf.chkfile = name+'.chk'
    mf = scf.addons.remove_linear_dep_(mf)
    mf.kernel()

    dm = mf.make_rdm1()
    nao = mol.nao_nr()
    unit = 2.541746
    origin = ([0.0,0.0,0.0])
    charges = mol.atom_charges()
    coords  = mol.atom_coords()
    mol.set_common_orig(origin)
    r2 = mol.intor_symmetric('int1e_r2')
    r2 = numpy.einsum('ij,ji->', r2, dm)
    lib.logger.info(mf,'Electronic spatial extent <R**2> (au): %.4f', r2)

    lib.logger.info(mf,'* Multipoles in the independent field-basis, Gauge -> (0,0,0)')
    ao_dip = mol.intor_symmetric('int1e_r', comp=3)
    el_dip = numpy.einsum('xij,ji->x', ao_dip, dm)
    lib.logger.info(mf,'Electronic Dipole moment(X, Y, Z, Debye): %.4f, %.4f, %.4f', *el_dip*unit)
    nucl_dip = numpy.einsum('i,ix->x', charges, coords)
    lib.logger.info(mf,'Nuclear Dipole moment(X, Y, Z, Debye): %.4f, %.4f, %.4f', *nucl_dip*unit)
    mol_dip = (nucl_dip - el_dip) * unit
    lib.logger.info(mf,'Total Dipole moment(X, Y, Z, Debye): %.4f, %.4f, %.4f', *mol_dip)

    lib.logger.info(mf,'Quadrupole moments (Debye-Angs)')
    rr = mol.intor_symmetric('int1e_rr', comp=9).reshape(3,3,nao,nao)
    rr = -1.0*numpy.einsum('xyij,ji->xy', rr, dm)
    rr += numpy.einsum('z,zx,zy->xy', charges, coords, coords)
    rr = rr*unit*lib.param.BOHR
    lib.logger.info(mf,'Total Quadrupole moments (XX, YY, ZZ): %.4f, %.4f, %.4f', \
    rr[0,0], rr[1,1], rr[2,2])
    lib.logger.info(mf,'Total Quadrupole moments (XY, XZ, YZ): %.4f, %.4f, %.4f', \
    rr[0,1], rr[0,2], rr[1,2])
 
    lib.logger.info(mf,'Octupole moments (Debye-Angs**2)')
    rrr = mol.intor_symmetric('int1e_rrr', comp=27).reshape(3,3,3,nao,nao)
    rrr = -1.0*numpy.einsum('xyzij,ji->xyz', rrr, dm)
    rrr += numpy.einsum('z,zx,zy,zk->xyk', charges, coords, coords, coords)
    rrr = rrr*unit*lib.param.BOHR**2
    lib.logger.info(mf,'Total Octupole moments (XXX, YYY, ZZZ, XYY): %.4f, %.4f, %.4f, %.4f', \
    rrr[0,0,0], rrr[1,1,1], rrr[2,2,2], rrr[0,1,1])
    lib.logger.info(mf,'Total Octupole moments (XXY, XXZ, XZZ, YZZ): %.4f, %.4f, %.4f, %.4f', \
    rrr[0,0,1], rrr[0,0,2], rrr[0,2,2], rrr[1,2,2])
    lib.logger.info(mf,'Total Octupole moments (YYZ, XYZ): %.4f, %.4f', rrr[1,1,2], rrr[0,1,2])

    lib.logger.info(mf,'Hexadecapole moments (Debye-Angs**3)')
    rrrr = mol.intor_symmetric('int1e_rrrr', comp=81).reshape(3,3,3,3,nao,nao)
    rrrr = -1.0*numpy.einsum('xyzwij,ji->xyzw', rrrr, dm)
    rrrr += numpy.einsum('z,zx,zy,zk,zw->xykw', charges, coords, coords, coords, coords)
    rrrr = rrrr*unit*lib.param.BOHR**3
    lib.logger.info(mf,'Total Hexadecapole moments (XXXX, YYYY, ZZZZ, XXXY): %.4f, %.4f, %.4f, %.4f', \
    rrrr[0,0,0,0], rrrr[1,1,1,1], rrrr[2,2,2,2], rrrr[0,0,0,1])
    lib.logger.info(mf,'Total Hexadecapole moments (XXXZ, YYYX, YYYZ, ZZZX): %.4f, %.4f, %.4f, %.4f', \
    rrrr[0,0,0,2], rrrr[1,1,1,0], rrrr[1,1,1,2], rrrr[2,2,2,0])
    lib.logger.info(mf,'Total Hexadecapole moments (ZZZY, XXYY, XXZZ, YYZZ): %.4f, %.4f, %.4f, %.4f', \
    rrrr[2,2,2,1], rrrr[0,0,1,1], rrrr[0,0,2,2], rrrr[1,1,2,2])
    lib.logger.info(mf,'Total Hexadecapole moments (XXYZ, YYXZ, ZZXY): %.4f, %.4f, %.4f', \
    rrrr[0,0,1,2], rrrr[1,1,0,2], rrrr[2,2,0,1])
     
    coeff = mf.mo_coeff[:,mf.mo_occ>0]
    occ = mf.mo_occ[mf.mo_occ>0]
    energy = mf.mo_energy[mf.mo_occ>0]
    den_file = name+'.mol'
    fspt = open(den_file,'w')
    molden.header(mol, fspt)
    molden.orbital_coeff(mol, fspt, coeff, ene=energy, occ=occ) 
    fspt.close()                    
    cmd = '/home/jluis/bin/molden2aim '+name
    os.system(cmd)
    den_file = name+'.wfn'
    fspt = open(den_file,'a')
    fspt.write('RHF\n')
    fspt.close()                    

    pmd_file = name+'.pmd'
    fspt = open(pmd_file,'w')
    fspt.write('%s.wfn\n' % (name))
    if (mol.symmetry == False):
        fspt.write('nosymmetry\n')
    fspt.write('tes\n')
    fspt.write('  epsiscp 0.220\n')
    fspt.write('  xcdft 0 0 0\n')
    fspt.write('  radialquad 7\n')
    fspt.write('  rmapping 2\n')
    fspt.write('  lmax 10\n')
    fspt.write('  nr 551\n')
    fspt.write('  lebedev 5810\n')
    fspt.write('  betasphere\n')
    for ia in range(mol.natm):
        symb = mol.atom_pure_symbol(ia)
        inuc = lib.parameters.NUC[symb]
        betarad = radii.COVALENT[inuc]/3.5
        fspt.write('  betaradw %d %1.3f\n' % ((ia+1),betarad))
    fspt.write('  radialquadbeta 7\n')
    fspt.write('  rmappingbeta 3\n')
    fspt.write('  lmaxbeta 8\n')
    fspt.write('  nrb 451\n')
    fspt.write('  lebedevbeta 3074\n')
    fspt.write('  dafh\n')
    fspt.write('endtes')
    fspt.close()                    

    cmd = 'rm '+name+'.mol'
    os.system(cmd)

#INFO: ******************** input file end ********************


System: ('Linux', 'silicio', '3.16.0-4-amd64', '#1 SMP Debian 3.16.51-3 (2017-12-13)', 'x86_64', '')  Threads 12
Python 2.7.14 (default, Apr  9 2018, 16:34:43) 
[GCC 7.3.0]
numpy 1.14.2  scipy 1.0.1
Date: Tue Jul  3 01:42:22 2018
PySCF version 1.5
PySCF path  /home/jluis/src/pyscf/pyscf
GIT ORIG_HEAD f2dbb26d09ae5148fbf5975669a994500ac7a4c9
GIT HEAD      ref: refs/heads/master
GIT master branch  f2dbb26d09ae5148fbf5975669a994500ac7a4c9

[ENV] PYSCF_TMPDIR /scratch-ssd/jluis
[CONFIG] conf_file None
[INPUT] verbose = 4
[INPUT] num. atoms = 8
[INPUT] num. electrons = 24
[INPUT] charge = 0
[INPUT] spin (= nelec alpha-beta = 2S) = 0
[INPUT] symmetry 0 subgroup None
[INPUT] Mole.unit = angstrom
[INPUT]  1 C     -6.555992000000   4.054368000000  -1.185193000000 AA  -12.389029354840   7.661645128201  -2.239690174752 Bohr
[INPUT]  2 C     -5.317424000000   3.285694000000  -0.842853000000 AA  -10.048475048189   6.209061789127  -1.592761333268 Bohr
[INPUT]  3 N     -4.106439000000   3.644312000000  -0.989006000000 AA   -7.760045057233   6.886751592466  -1.868950475552 Bohr
[INPUT]  4 H     -7.165056000000   3.489254000000  -1.906935000000 AA  -13.539993507172   6.593734439043  -3.603584887347 Bohr
[INPUT]  5 H     -6.318006000000   5.038460000000  -1.610188000000 AA  -11.939300993359   9.521309489576  -3.042814329061 Bohr
[INPUT]  6 H     -7.176731000000   4.191670000000  -0.286818000000 AA  -13.562056059676   7.921108304556  -0.542007467596 Bohr
[INPUT]  7 H     -5.483666000000   2.286231000000  -0.411186000000 AA  -10.362626898589   4.320350447491  -0.777028926255 Bohr
[INPUT]  8 H     -4.060736000000   4.585292000000  -1.396391000000 AA   -7.673678904162   8.664946081159  -2.638796552808 Bohr

nuclear repulsion = 70.8077481881249
number of shells = 84
number of NR pGTOs = 299
number of NR cGTOs = 253
basis = aug-cc-pvtz
ecp = {}
CPU time:      6681.65


******** <class 'pyscf.dft.rks.RKS'> flags ********
method = RKS-RHF
initial guess = minao
damping factor = 0
level shift factor = 0
DIIS = <class 'pyscf.scf.diis.CDIIS'>
DIIS start cycle = 1
DIIS space = 8
SCF tol = 1e-09
SCF gradient tol = None
max. SCF cycles = 120
direct_scf = True
direct_scf_tol = 1e-13
chkfile to save SCF result = c2h4nh.chk
max_memory 10000 MB (current use 167 MB)
XC functionals = pbe50
small_rho_cutoff = 1e-07
radial grids: 
    Treutler-Ahlrichs (JCP 102, 346 (M4)) radial grids
    
becke partition: Becke, JCP, 88, 2547 (1988)
pruning grids: <function nwchem_prune at 0x2add0ec136e0>
grids dens level: 4
symmetrized grids: 0
atomic radii adjust function: <function treutler_atomic_radii_adjust at 0x2add0ec135f0>
Set gradient conv threshold to 3.16228e-05
tot grids = 165336
init E= -134.106421529636
  HOMO = -0.339194490367032  LUMO = -0.0788008992171322
cycle= 1 E= -133.821292073351  delta_E= 0.285  |g|= 0.355  |ddm|= 2.33
  HOMO = -0.274328763589097  LUMO = 0.00907308771956812
cycle= 2 E= -133.836976233187  delta_E= -0.0157  |g|= 0.281  |ddm|= 0.455
  HOMO = -0.341811817158763  LUMO = 0.0082691442125413
cycle= 3 E= -133.853805313241  delta_E= -0.0168  |g|= 0.0573  |ddm|= 0.18
  HOMO = -0.33479183818443  LUMO = 0.00843855346285391
cycle= 4 E= -133.854292875693  delta_E= -0.000488  |g|= 0.0335  |ddm|= 0.0425
  HOMO = -0.33730130971828  LUMO = 0.00905490413269468
cycle= 5 E= -133.854537069374  delta_E= -0.000244  |g|= 0.00263  |ddm|= 0.0196
  HOMO = -0.337438503055993  LUMO = 0.0089897426616265
cycle= 6 E= -133.854539408998  delta_E= -2.34e-06  |g|= 0.000768  |ddm|= 0.00273
  HOMO = -0.337437656539555  LUMO = 0.00898856963379625
cycle= 7 E= -133.854539616402  delta_E= -2.07e-07  |g|= 0.000234  |ddm|= 0.000835
  HOMO = -0.337495483480484  LUMO = 0.0089941238854712
cycle= 8 E= -133.854539636317  delta_E= -1.99e-08  |g|= 7.99e-05  |ddm|= 0.00029
  HOMO = -0.337496027337893  LUMO = 0.00899486688549164
cycle= 9 E= -133.854539638146  delta_E= -1.83e-09  |g|= 1.79e-05  |ddm|= 8.42e-05
  HOMO = -0.337498523496882  LUMO = 0.00899500872964351
cycle= 10 E= -133.854539638248  delta_E= -1.01e-10  |g|= 2.99e-06  |ddm|= 1.69e-05
  HOMO = -0.337498947579938  LUMO = 0.00899502890945054
Extra cycle  E= -133.854539638249  delta_E= -1.59e-12  |g|= 2.54e-06  |ddm|= 4.26e-06
converged SCF energy = -133.854539638249
Electronic spatial extent <R**2> (au): 3949.6383
* Multipoles in the independent field-basis, Gauge -> (0,0,0)
Electronic Dipole moment(X, Y, Z, Debye): -622.8304, 427.3332, -118.2736
Nuclear Dipole moment(X, Y, Z, Debye): -625.3280, 428.1646, -118.6528
Total Dipole moment(X, Y, Z, Debye): -2.4975, 0.8314, -0.3792
Quadrupole moments (Debye-Angs)
Total Quadrupole moments (XX, YY, ZZ): 4.4424, -11.6465, -18.7074
Total Quadrupole moments (XY, XZ, YZ): -11.5643, 3.6435, -3.1278
Octupole moments (Debye-Angs**2)
Total Octupole moments (XXX, YYY, ZZZ, XYY): 139.7347, -163.4008, 58.7099, 45.9488
Total Octupole moments (XXY, XXZ, XZZ, YZZ): 20.6790, -6.7459, 99.4416, -66.6252
Total Octupole moments (YYZ, XYZ): 0.1431, 19.4730
Hexadecapole moments (Debye-Angs**3)
Total Hexadecapole moments (XXXX, YYYY, ZZZZ, XXXY): -2397.1150, -1339.5613, -153.4692, 537.6195
Total Hexadecapole moments (XXXZ, YYYX, YYYZ, ZZZX): -150.8015, 869.9920, 113.1901, -320.0931
Total Hexadecapole moments (ZZZY, XXYY, XXZZ, YYZZ): 219.1549, -474.7383, -579.8578, -268.2997
Total Hexadecapole moments (XXYZ, YYXZ, ZZXY): -40.6836, -6.5514, 362.3657
