#INFO: **** input file is /home/jluis/src/git/db/molecules-wfn/pbe5/run_sp.py ****
#!/usr/bin/env python

import numpy, sys, os
from pyscf import lib, gto, scf, dft
from pyscf.tools import molden
from pyscf.data import radii

def read_molecule(path):

    charge = spin = 0
    with open(path, 'r') as myfile:
        output = myfile.read()
        output = output.lstrip()
        output = output.rstrip()
        output = output.split('\n')

    try:
        int(output[0])
    except ValueError:
        try:
            charge = int(output[0].split(' ')[0])
            spin = int(output[0].split(' ')[1]) - 1
        except ValueError:
            molecule = output
        else:
            molecule = '\n'.join(output[1:])
    else:
        if int(output[0]) == len(output) - 2:
            molecule = '\n'.join(output[2:])
            try:
                charge = int(output[1].split(' ')[0])
                spin = int(output[1].split(' ')[1])-1
            except ValueError:
                pass
        else:
            print "THIS IS NOT A VALID XYZ FILE"

    return (molecule, charge, spin)

directory = '../../molecules/'
files = [i for i in os.listdir(directory) if i.endswith('.xyz')]

for filename in files:

    name = filename[:-8]
    mol = gto.Mole()
    (mol.atom, charge, spin) = read_molecule(directory+filename)
    mol.basis = 'aug-cc-pvtz'
    mol.charge = charge
    mol.spin = spin
    mol.output = name+'.out'
    mol.symmetry = 0
    mol.max_memory = 10000
    mol.verbose = 4
    mol.build()

    mf = dft.RKS(mol) 
    mf.grids.level = 4
    mf.xc = 'pbe50'
    mf.max_cycle = 120
    mf.chkfile = name+'.chk'
    mf = scf.addons.remove_linear_dep_(mf)
    mf.kernel()

    dm = mf.make_rdm1()
    nao = mol.nao_nr()
    unit = 2.541746
    origin = ([0.0,0.0,0.0])
    charges = mol.atom_charges()
    coords  = mol.atom_coords()
    mol.set_common_orig(origin)
    r2 = mol.intor_symmetric('int1e_r2')
    r2 = numpy.einsum('ij,ji->', r2, dm)
    lib.logger.info(mf,'Electronic spatial extent <R**2> (au): %.4f', r2)

    lib.logger.info(mf,'* Multipoles in the independent field-basis, Gauge -> (0,0,0)')
    ao_dip = mol.intor_symmetric('int1e_r', comp=3)
    el_dip = numpy.einsum('xij,ji->x', ao_dip, dm)
    lib.logger.info(mf,'Electronic Dipole moment(X, Y, Z, Debye): %.4f, %.4f, %.4f', *el_dip*unit)
    nucl_dip = numpy.einsum('i,ix->x', charges, coords)
    lib.logger.info(mf,'Nuclear Dipole moment(X, Y, Z, Debye): %.4f, %.4f, %.4f', *nucl_dip*unit)
    mol_dip = (nucl_dip - el_dip) * unit
    lib.logger.info(mf,'Total Dipole moment(X, Y, Z, Debye): %.4f, %.4f, %.4f', *mol_dip)

    lib.logger.info(mf,'Quadrupole moments (Debye-Angs)')
    rr = mol.intor_symmetric('int1e_rr', comp=9).reshape(3,3,nao,nao)
    rr = -1.0*numpy.einsum('xyij,ji->xy', rr, dm)
    rr += numpy.einsum('z,zx,zy->xy', charges, coords, coords)
    rr = rr*unit*lib.param.BOHR
    lib.logger.info(mf,'Total Quadrupole moments (XX, YY, ZZ): %.4f, %.4f, %.4f', \
    rr[0,0], rr[1,1], rr[2,2])
    lib.logger.info(mf,'Total Quadrupole moments (XY, XZ, YZ): %.4f, %.4f, %.4f', \
    rr[0,1], rr[0,2], rr[1,2])
 
    lib.logger.info(mf,'Octupole moments (Debye-Angs**2)')
    rrr = mol.intor_symmetric('int1e_rrr', comp=27).reshape(3,3,3,nao,nao)
    rrr = -1.0*numpy.einsum('xyzij,ji->xyz', rrr, dm)
    rrr += numpy.einsum('z,zx,zy,zk->xyk', charges, coords, coords, coords)
    rrr = rrr*unit*lib.param.BOHR**2
    lib.logger.info(mf,'Total Octupole moments (XXX, YYY, ZZZ, XYY): %.4f, %.4f, %.4f, %.4f', \
    rrr[0,0,0], rrr[1,1,1], rrr[2,2,2], rrr[0,1,1])
    lib.logger.info(mf,'Total Octupole moments (XXY, XXZ, XZZ, YZZ): %.4f, %.4f, %.4f, %.4f', \
    rrr[0,0,1], rrr[0,0,2], rrr[0,2,2], rrr[1,2,2])
    lib.logger.info(mf,'Total Octupole moments (YYZ, XYZ): %.4f, %.4f', rrr[1,1,2], rrr[0,1,2])

    lib.logger.info(mf,'Hexadecapole moments (Debye-Angs**3)')
    rrrr = mol.intor_symmetric('int1e_rrrr', comp=81).reshape(3,3,3,3,nao,nao)
    rrrr = -1.0*numpy.einsum('xyzwij,ji->xyzw', rrrr, dm)
    rrrr += numpy.einsum('z,zx,zy,zk,zw->xykw', charges, coords, coords, coords, coords)
    rrrr = rrrr*unit*lib.param.BOHR**3
    lib.logger.info(mf,'Total Hexadecapole moments (XXXX, YYYY, ZZZZ, XXXY): %.4f, %.4f, %.4f, %.4f', \
    rrrr[0,0,0,0], rrrr[1,1,1,1], rrrr[2,2,2,2], rrrr[0,0,0,1])
    lib.logger.info(mf,'Total Hexadecapole moments (XXXZ, YYYX, YYYZ, ZZZX): %.4f, %.4f, %.4f, %.4f', \
    rrrr[0,0,0,2], rrrr[1,1,1,0], rrrr[1,1,1,2], rrrr[2,2,2,0])
    lib.logger.info(mf,'Total Hexadecapole moments (ZZZY, XXYY, XXZZ, YYZZ): %.4f, %.4f, %.4f, %.4f', \
    rrrr[2,2,2,1], rrrr[0,0,1,1], rrrr[0,0,2,2], rrrr[1,1,2,2])
    lib.logger.info(mf,'Total Hexadecapole moments (XXYZ, YYXZ, ZZXY): %.4f, %.4f, %.4f', \
    rrrr[0,0,1,2], rrrr[1,1,0,2], rrrr[2,2,0,1])
     
    coeff = mf.mo_coeff[:,mf.mo_occ>0]
    occ = mf.mo_occ[mf.mo_occ>0]
    energy = mf.mo_energy[mf.mo_occ>0]
    den_file = name+'.mol'
    fspt = open(den_file,'w')
    molden.header(mol, fspt)
    molden.orbital_coeff(mol, fspt, coeff, ene=energy, occ=occ) 
    fspt.close()                    
    cmd = '/home/jluis/bin/molden2aim '+name
    os.system(cmd)
    den_file = name+'.wfn'
    fspt = open(den_file,'a')
    fspt.write('RHF\n')
    fspt.close()                    

    pmd_file = name+'.pmd'
    fspt = open(pmd_file,'w')
    fspt.write('%s.wfn\n' % (name))
    if (mol.symmetry == False):
        fspt.write('nosymmetry\n')
    fspt.write('tes\n')
    fspt.write('  epsiscp 0.220\n')
    fspt.write('  xcdft 0 0 0\n')
    fspt.write('  radialquad 7\n')
    fspt.write('  rmapping 2\n')
    fspt.write('  lmax 10\n')
    fspt.write('  nr 551\n')
    fspt.write('  lebedev 5810\n')
    fspt.write('  betasphere\n')
    for ia in range(mol.natm):
        symb = mol.atom_pure_symbol(ia)
        inuc = lib.parameters.NUC[symb]
        betarad = radii.COVALENT[inuc]/3.5
        fspt.write('  betaradw %d %1.3f\n' % ((ia+1),betarad))
    fspt.write('  radialquadbeta 7\n')
    fspt.write('  rmappingbeta 3\n')
    fspt.write('  lmaxbeta 8\n')
    fspt.write('  nrb 451\n')
    fspt.write('  lebedevbeta 3074\n')
    fspt.write('  dafh\n')
    fspt.write('endtes')
    fspt.close()                    

    cmd = 'rm '+name+'.mol'
    os.system(cmd)

#INFO: ******************** input file end ********************


System: ('Linux', 'silicio', '3.16.0-4-amd64', '#1 SMP Debian 3.16.51-3 (2017-12-13)', 'x86_64', '')  Threads 12
Python 2.7.14 (default, Apr  9 2018, 16:34:43) 
[GCC 7.3.0]
numpy 1.14.2  scipy 1.0.1
Date: Tue Jul  3 04:11:40 2018
PySCF version 1.5
PySCF path  /home/jluis/src/pyscf/pyscf
GIT ORIG_HEAD f2dbb26d09ae5148fbf5975669a994500ac7a4c9
GIT HEAD      ref: refs/heads/master
GIT master branch  f2dbb26d09ae5148fbf5975669a994500ac7a4c9

[ENV] PYSCF_TMPDIR /scratch-ssd/jluis
[CONFIG] conf_file None
[INPUT] verbose = 4
[INPUT] num. atoms = 8
[INPUT] num. electrons = 18
[INPUT] charge = 0
[INPUT] spin (= nelec alpha-beta = 2S) = 0
[INPUT] symmetry 0 subgroup None
[INPUT] Mole.unit = angstrom
[INPUT]  1 C      0.000000000000  -0.000001000000  -0.087375000000 AA    0.000000000000  -0.000001889726  -0.165114820134 Bohr
[INPUT]  2 C      0.000000000000   0.000005000000   1.434380000000 AA    0.000000000000   0.000009448631   2.710585358554 Bohr
[INPUT]  3 H      0.886246000000   0.511674000000   1.835114000000 AA    1.674762218991   0.966923725061   3.467862867355 Bohr
[INPUT]  4 H     -0.886246000000   0.511674000000   1.835114000000 AA   -1.674762218991   0.966923725061   3.467862867355 Bohr
[INPUT]  5 H      0.000000000000  -1.023341000000   1.835116000000 AA    0.000000000000  -1.933834222039   3.467866646807 Bohr
[INPUT]  6 H      0.000000000000   1.023268000000  -0.488106000000 AA    0.000000000000   1.933696272031  -0.922386659757 Bohr
[INPUT]  7 H     -0.886179000000  -0.511630000000  -0.488106000000 AA   -1.674635607341  -0.966840577111  -0.922386659757 Bohr
[INPUT]  8 H      0.886179000000  -0.511630000000  -0.488106000000 AA    1.674635607341  -0.966840577111  -0.922386659757 Bohr

nuclear repulsion = 42.1554672286669
number of shells = 80
number of NR pGTOs = 266
number of NR cGTOs = 230
basis = aug-cc-pvtz
ecp = {}
CPU time:     91679.22


******** <class 'pyscf.dft.rks.RKS'> flags ********
method = RKS-RHF
initial guess = minao
damping factor = 0
level shift factor = 0
DIIS = <class 'pyscf.scf.diis.CDIIS'>
DIIS start cycle = 1
DIIS space = 8
SCF tol = 1e-09
SCF gradient tol = None
max. SCF cycles = 120
direct_scf = True
direct_scf_tol = 1e-13
chkfile to save SCF result = c2h6.chk
max_memory 10000 MB (current use 257 MB)
XC functionals = pbe50
small_rho_cutoff = 1e-07
radial grids: 
    Treutler-Ahlrichs (JCP 102, 346 (M4)) radial grids
    
becke partition: Becke, JCP, 88, 2547 (1988)
pruning grids: <function nwchem_prune at 0x2add0ec136e0>
grids dens level: 4
symmetrized grids: 0
atomic radii adjust function: <function treutler_atomic_radii_adjust at 0x2add0ec135f0>
Set gradient conv threshold to 3.16228e-05
tot grids = 153264
init E= -79.7355727213659
  HOMO = -0.429875214835668  LUMO = -0.00926245508985238
cycle= 1 E= -79.7334498767827  delta_E= 0.00212  |g|= 0.394  |ddm|=  1.9
  HOMO = -0.349763133432196  LUMO = 0.0179275774337116
cycle= 2 E= -79.7457788804319  delta_E= -0.0123  |g|= 0.322  |ddm|= 0.461
  HOMO = -0.406008534344894  LUMO = 0.0130727471975735
cycle= 3 E= -79.7718933591407  delta_E= -0.0261  |g|= 0.0111  |ddm|= 0.195
  HOMO = -0.404908416118559  LUMO = 0.0135688516126044
cycle= 4 E= -79.7719341948924  delta_E= -4.08e-05  |g|= 0.00258  |ddm|= 0.0136
  HOMO = -0.404621301434527  LUMO = 0.01361380940544
cycle= 5 E= -79.7719358739766  delta_E= -1.68e-06  |g|= 0.000249  |ddm|= 0.00229
  HOMO = -0.404645170147813  LUMO = 0.0136129191000093
cycle= 6 E= -79.7719359010447  delta_E= -2.71e-08  |g|= 4.1e-05  |ddm|= 0.000485
  HOMO = -0.404645952961562  LUMO = 0.0136130552762406
cycle= 7 E= -79.771935901541  delta_E= -4.96e-10  |g|= 3.66e-06  |ddm|= 4.06e-05
  HOMO = -0.404647029160874  LUMO = 0.0136128137395375
Extra cycle  E= -79.7719359015431  delta_E= -2.19e-12  |g|= 2.58e-06  |ddm|= 6.57e-06
converged SCF energy = -79.7719359015431
Electronic spatial extent <R**2> (au): 138.7171
* Multipoles in the independent field-basis, Gauge -> (0,0,0)
Electronic Dipole moment(X, Y, Z, Debye): 0.0000, 0.0002, 58.2296
Nuclear Dipole moment(X, Y, Z, Debye): 0.0000, 0.0002, 58.2295
Total Dipole moment(X, Y, Z, Debye): -0.0000, 0.0000, -0.0001
Quadrupole moments (Debye-Angs)
Total Quadrupole moments (XX, YY, ZZ): -14.7397, -14.7397, -15.4481
Total Quadrupole moments (XY, XZ, YZ): 0.0000, -0.0000, -0.0000
Octupole moments (Debye-Angs**2)
Total Octupole moments (XXX, YYY, ZZZ, XYY): -0.0000, -0.0003, -31.2140, -0.0000
Total Octupole moments (XXY, XXZ, XZZ, YZZ): 0.0001, -9.9274, -0.0000, -0.0000
Total Octupole moments (YYZ, XYZ): -9.9274, 0.0000
Hexadecapole moments (Debye-Angs**3)
Total Hexadecapole moments (XXXX, YYYY, ZZZZ, XXXY): -29.5518, -29.5518, -137.1694, -0.0000
Total Hexadecapole moments (XXXZ, YYYX, YYYZ, ZZZX): -0.0000, 0.0000, -1.6206, -0.0000
Total Hexadecapole moments (ZZZY, XXYY, XXZZ, YYZZ): -0.0001, -9.8506, -26.1548, -26.1549
Total Hexadecapole moments (XXYZ, YYXZ, ZZXY): 1.6205, -0.0000, 0.0000
