#INFO: **** input file is /home/jluis/src/git/db/molecules-wfn/pbe5/run_sp.py ****
#!/usr/bin/env python

import numpy, sys, os
from pyscf import lib, gto, scf, dft
from pyscf.tools import molden
from pyscf.data import radii

def read_molecule(path):

    charge = spin = 0
    with open(path, 'r') as myfile:
        output = myfile.read()
        output = output.lstrip()
        output = output.rstrip()
        output = output.split('\n')

    try:
        int(output[0])
    except ValueError:
        try:
            charge = int(output[0].split(' ')[0])
            spin = int(output[0].split(' ')[1]) - 1
        except ValueError:
            molecule = output
        else:
            molecule = '\n'.join(output[1:])
    else:
        if int(output[0]) == len(output) - 2:
            molecule = '\n'.join(output[2:])
            try:
                charge = int(output[1].split(' ')[0])
                spin = int(output[1].split(' ')[1])-1
            except ValueError:
                pass
        else:
            print "THIS IS NOT A VALID XYZ FILE"

    return (molecule, charge, spin)

directory = '../../molecules/'
files = [i for i in os.listdir(directory) if i.endswith('.xyz')]

for filename in files:

    name = filename[:-8]
    mol = gto.Mole()
    (mol.atom, charge, spin) = read_molecule(directory+filename)
    mol.basis = 'aug-cc-pvtz'
    mol.charge = charge
    mol.spin = spin
    mol.output = name+'.out'
    mol.symmetry = 0
    mol.max_memory = 10000
    mol.verbose = 4
    mol.build()

    mf = dft.RKS(mol) 
    mf.grids.level = 4
    mf.xc = 'pbe50'
    mf.max_cycle = 120
    mf.chkfile = name+'.chk'
    mf = scf.addons.remove_linear_dep_(mf)
    mf.kernel()

    dm = mf.make_rdm1()
    nao = mol.nao_nr()
    unit = 2.541746
    origin = ([0.0,0.0,0.0])
    charges = mol.atom_charges()
    coords  = mol.atom_coords()
    mol.set_common_orig(origin)
    r2 = mol.intor_symmetric('int1e_r2')
    r2 = numpy.einsum('ij,ji->', r2, dm)
    lib.logger.info(mf,'Electronic spatial extent <R**2> (au): %.4f', r2)

    lib.logger.info(mf,'* Multipoles in the independent field-basis, Gauge -> (0,0,0)')
    ao_dip = mol.intor_symmetric('int1e_r', comp=3)
    el_dip = numpy.einsum('xij,ji->x', ao_dip, dm)
    lib.logger.info(mf,'Electronic Dipole moment(X, Y, Z, Debye): %.4f, %.4f, %.4f', *el_dip*unit)
    nucl_dip = numpy.einsum('i,ix->x', charges, coords)
    lib.logger.info(mf,'Nuclear Dipole moment(X, Y, Z, Debye): %.4f, %.4f, %.4f', *nucl_dip*unit)
    mol_dip = (nucl_dip - el_dip) * unit
    lib.logger.info(mf,'Total Dipole moment(X, Y, Z, Debye): %.4f, %.4f, %.4f', *mol_dip)

    lib.logger.info(mf,'Quadrupole moments (Debye-Angs)')
    rr = mol.intor_symmetric('int1e_rr', comp=9).reshape(3,3,nao,nao)
    rr = -1.0*numpy.einsum('xyij,ji->xy', rr, dm)
    rr += numpy.einsum('z,zx,zy->xy', charges, coords, coords)
    rr = rr*unit*lib.param.BOHR
    lib.logger.info(mf,'Total Quadrupole moments (XX, YY, ZZ): %.4f, %.4f, %.4f', \
    rr[0,0], rr[1,1], rr[2,2])
    lib.logger.info(mf,'Total Quadrupole moments (XY, XZ, YZ): %.4f, %.4f, %.4f', \
    rr[0,1], rr[0,2], rr[1,2])
 
    lib.logger.info(mf,'Octupole moments (Debye-Angs**2)')
    rrr = mol.intor_symmetric('int1e_rrr', comp=27).reshape(3,3,3,nao,nao)
    rrr = -1.0*numpy.einsum('xyzij,ji->xyz', rrr, dm)
    rrr += numpy.einsum('z,zx,zy,zk->xyk', charges, coords, coords, coords)
    rrr = rrr*unit*lib.param.BOHR**2
    lib.logger.info(mf,'Total Octupole moments (XXX, YYY, ZZZ, XYY): %.4f, %.4f, %.4f, %.4f', \
    rrr[0,0,0], rrr[1,1,1], rrr[2,2,2], rrr[0,1,1])
    lib.logger.info(mf,'Total Octupole moments (XXY, XXZ, XZZ, YZZ): %.4f, %.4f, %.4f, %.4f', \
    rrr[0,0,1], rrr[0,0,2], rrr[0,2,2], rrr[1,2,2])
    lib.logger.info(mf,'Total Octupole moments (YYZ, XYZ): %.4f, %.4f', rrr[1,1,2], rrr[0,1,2])

    lib.logger.info(mf,'Hexadecapole moments (Debye-Angs**3)')
    rrrr = mol.intor_symmetric('int1e_rrrr', comp=81).reshape(3,3,3,3,nao,nao)
    rrrr = -1.0*numpy.einsum('xyzwij,ji->xyzw', rrrr, dm)
    rrrr += numpy.einsum('z,zx,zy,zk,zw->xykw', charges, coords, coords, coords, coords)
    rrrr = rrrr*unit*lib.param.BOHR**3
    lib.logger.info(mf,'Total Hexadecapole moments (XXXX, YYYY, ZZZZ, XXXY): %.4f, %.4f, %.4f, %.4f', \
    rrrr[0,0,0,0], rrrr[1,1,1,1], rrrr[2,2,2,2], rrrr[0,0,0,1])
    lib.logger.info(mf,'Total Hexadecapole moments (XXXZ, YYYX, YYYZ, ZZZX): %.4f, %.4f, %.4f, %.4f', \
    rrrr[0,0,0,2], rrrr[1,1,1,0], rrrr[1,1,1,2], rrrr[2,2,2,0])
    lib.logger.info(mf,'Total Hexadecapole moments (ZZZY, XXYY, XXZZ, YYZZ): %.4f, %.4f, %.4f, %.4f', \
    rrrr[2,2,2,1], rrrr[0,0,1,1], rrrr[0,0,2,2], rrrr[1,1,2,2])
    lib.logger.info(mf,'Total Hexadecapole moments (XXYZ, YYXZ, ZZXY): %.4f, %.4f, %.4f', \
    rrrr[0,0,1,2], rrrr[1,1,0,2], rrrr[2,2,0,1])
     
    coeff = mf.mo_coeff[:,mf.mo_occ>0]
    occ = mf.mo_occ[mf.mo_occ>0]
    energy = mf.mo_energy[mf.mo_occ>0]
    den_file = name+'.mol'
    fspt = open(den_file,'w')
    molden.header(mol, fspt)
    molden.orbital_coeff(mol, fspt, coeff, ene=energy, occ=occ) 
    fspt.close()                    
    cmd = '/home/jluis/bin/molden2aim '+name
    os.system(cmd)
    den_file = name+'.wfn'
    fspt = open(den_file,'a')
    fspt.write('RHF\n')
    fspt.close()                    

    pmd_file = name+'.pmd'
    fspt = open(pmd_file,'w')
    fspt.write('%s.wfn\n' % (name))
    if (mol.symmetry == False):
        fspt.write('nosymmetry\n')
    fspt.write('tes\n')
    fspt.write('  epsiscp 0.220\n')
    fspt.write('  xcdft 0 0 0\n')
    fspt.write('  radialquad 7\n')
    fspt.write('  rmapping 2\n')
    fspt.write('  lmax 10\n')
    fspt.write('  nr 551\n')
    fspt.write('  lebedev 5810\n')
    fspt.write('  betasphere\n')
    for ia in range(mol.natm):
        symb = mol.atom_pure_symbol(ia)
        inuc = lib.parameters.NUC[symb]
        betarad = radii.COVALENT[inuc]/3.5
        fspt.write('  betaradw %d %1.3f\n' % ((ia+1),betarad))
    fspt.write('  radialquadbeta 7\n')
    fspt.write('  rmappingbeta 3\n')
    fspt.write('  lmaxbeta 8\n')
    fspt.write('  nrb 451\n')
    fspt.write('  lebedevbeta 3074\n')
    fspt.write('  dafh\n')
    fspt.write('endtes')
    fspt.close()                    

    cmd = 'rm '+name+'.mol'
    os.system(cmd)

#INFO: ******************** input file end ********************


System: ('Linux', 'silicio', '3.16.0-4-amd64', '#1 SMP Debian 3.16.51-3 (2017-12-13)', 'x86_64', '')  Threads 12
Python 2.7.14 (default, Apr  9 2018, 16:34:43) 
[GCC 7.3.0]
numpy 1.14.2  scipy 1.0.1
Date: Tue Jul  3 03:52:21 2018
PySCF version 1.5
PySCF path  /home/jluis/src/pyscf/pyscf
GIT ORIG_HEAD f2dbb26d09ae5148fbf5975669a994500ac7a4c9
GIT HEAD      ref: refs/heads/master
GIT master branch  f2dbb26d09ae5148fbf5975669a994500ac7a4c9

[ENV] PYSCF_TMPDIR /scratch-ssd/jluis
[CONFIG] conf_file None
[INPUT] verbose = 4
[INPUT] num. atoms = 9
[INPUT] num. electrons = 74
[INPUT] charge = 0
[INPUT] spin (= nelec alpha-beta = 2S) = 0
[INPUT] symmetry 0 subgroup None
[INPUT] Mole.unit = angstrom
[INPUT]  1 C     -3.425142000000  -0.486835000000   0.243483000000 AA   -6.472580317745  -0.919984817853   0.460116185987 Bohr
[INPUT]  2 S     -1.680167000000   0.059554000000   0.658982000000 AA   -3.175055473532   0.112540749622   1.245295501018 Bohr
[INPUT]  3 F     -4.189531000000  -0.354115000000   1.325311000000 AA   -7.917066180375  -0.669180366600   2.504474819873 Bohr
[INPUT]  4 F     -3.389657000000  -1.759331000000  -0.127041000000 AA   -6.405523386215  -3.324653752457  -0.240072696591 Bohr
[INPUT]  5 F     -3.905453000000   0.259674000000  -0.739878000000 AA   -7.380236562361   0.490712741670  -1.398166785591 Bohr
[INPUT]  6 O     -0.931068000000   0.114904000000  -0.589638000000 AA   -1.759463523347   0.217137090617  -1.114254332636 Bohr
[INPUT]  7 O     -1.259847000000  -0.695424000000   1.842996000000 AA   -2.380765788855  -1.314160900450   3.482757688669 Bohr
[INPUT]  8 O     -2.002864000000   1.597355000000   1.099783000000 AA   -3.784864424751   3.018563473705   2.078288666453 Bohr
[INPUT]  9 H     -2.101530000000   1.603628000000   2.065263000000 AA   -3.971316142557   3.030417725684   3.902781445198 Bohr

nuclear repulsion = 562.761561582615
number of shells = 113
number of NR pGTOs = 506
number of NR cGTOs = 395
basis = aug-cc-pvtz
ecp = {}
CPU time:     80447.18


******** <class 'pyscf.dft.rks.RKS'> flags ********
method = RKS-RHF
initial guess = minao
damping factor = 0
level shift factor = 0
DIIS = <class 'pyscf.scf.diis.CDIIS'>
DIIS start cycle = 1
DIIS space = 8
SCF tol = 1e-09
SCF gradient tol = None
max. SCF cycles = 120
direct_scf = True
direct_scf_tol = 1e-13
chkfile to save SCF result = cf3so3h.chk
max_memory 10000 MB (current use 260 MB)
XC functionals = pbe50
small_rho_cutoff = 1e-07
radial grids: 
    Treutler-Ahlrichs (JCP 102, 346 (M4)) radial grids
    
becke partition: Becke, JCP, 88, 2547 (1988)
pruning grids: <function nwchem_prune at 0x2add0ec136e0>
grids dens level: 4
symmetrized grids: 0
atomic radii adjust function: <function treutler_atomic_radii_adjust at 0x2add0ec135f0>
Set gradient conv threshold to 3.16228e-05
tot grids = 246538
init E= -963.488238458607
  HOMO = -0.384347072609272  LUMO = -0.0262404306564237
cycle= 1 E= -961.297993746073  delta_E= 2.19  |g|= 1.37  |ddm|= 2.66
  HOMO = -0.351138076887078  LUMO = -0.078829930737575
cycle= 2 E= -960.912585038653  delta_E= 0.385  |g|= 2.07  |ddm|=  1.8
  HOMO = -0.429105166319923  LUMO = -0.00732768483310114
cycle= 3 E= -961.631776820849  delta_E= -0.719  |g|= 0.142  |ddm|=  1.1
  HOMO = -0.424656291128623  LUMO = -0.00659597617111295
cycle= 4 E= -961.633474206326  delta_E= -0.0017  |g|= 0.106  |ddm|= 0.138
  HOMO = -0.430115146412587  LUMO = -0.00402270920498982
cycle= 5 E= -961.635337238086  delta_E= -0.00186  |g|= 0.0149  |ddm|= 0.0646
  HOMO = -0.429545980362586  LUMO = -0.00455280803317433
cycle= 6 E= -961.635377423455  delta_E= -4.02e-05  |g|= 0.0034  |ddm|= 0.0102
  HOMO = -0.429517937571593  LUMO = -0.00452751794623473
cycle= 7 E= -961.635378982281  delta_E= -1.56e-06  |g|= 0.00184  |ddm|= 0.00255
  HOMO = -0.429545316647791  LUMO = -0.00453988762089972
cycle= 8 E= -961.63537954867  delta_E= -5.66e-07  |g|= 0.000523  |ddm|= 0.00123
  HOMO = -0.429544772217402  LUMO = -0.00454081194867944
cycle= 9 E= -961.635379594693  delta_E= -4.6e-08  |g|= 0.000231  |ddm|= 0.000402
  HOMO = -0.42953833113925  LUMO = -0.00453954318866034
cycle= 10 E= -961.635379604283  delta_E= -9.59e-09  |g|= 3.88e-05  |ddm|= 0.000147
  HOMO = -0.42954089127581  LUMO = -0.00453999316630648
cycle= 11 E= -961.635379604728  delta_E= -4.45e-10  |g|= 1.64e-05  |ddm|= 4.46e-05
  HOMO = -0.429539527076659  LUMO = -0.00453994592838103
Extra cycle  E= -961.635379604712  delta_E= 1.59e-11  |g|= 1.95e-05  |ddm|= 1.91e-05
converged SCF energy = -961.635379604712
Electronic spatial extent <R**2> (au): 2606.2294
* Multipoles in the independent field-basis, Gauge -> (0,0,0)
Electronic Dipole moment(X, Y, Z, Debye): -893.7245, -44.1338, 176.1586
Nuclear Dipole moment(X, Y, Z, Debye): -895.5432, -42.8147, 177.8171
Total Dipole moment(X, Y, Z, Debye): -1.8187, 1.3190, 1.6586
Quadrupole moments (Debye-Angs)
Total Quadrupole moments (XX, YY, ZZ): -43.8904, -49.1988, -47.9342
Total Quadrupole moments (XY, XZ, YZ): -1.9707, -3.9355, 5.8193
Octupole moments (Debye-Angs**2)
Total Octupole moments (XXX, YYY, ZZZ, XYY): 346.1341, 15.6240, -69.9467, 118.6332
Total Octupole moments (XXY, XXZ, XZZ, YZZ): 7.1365, -17.3173, 112.6810, 19.5106
Total Octupole moments (YYZ, XYZ): -20.7504, -10.7303
Hexadecapole moments (Debye-Angs**3)
Total Hexadecapole moments (XXXX, YYYY, ZZZZ, XXXY): -2127.7574, -250.0384, -295.6519, -71.3104
Total Hexadecapole moments (XXXZ, YYYX, YYYZ, ZZZX): 146.8638, -78.3360, 5.8249, 137.1618
Total Hexadecapole moments (ZZZY, XXYY, XXZZ, YYZZ): 30.7756, -398.2287, -395.6909, -77.8916
Total Hexadecapole moments (XXYZ, YYXZ, ZZXY): 20.2739, 40.9905, -53.0463
