#INFO: **** input file is /home/jluis/src/git/db/molecules-wfn/pbe5/run_sp.py ****
#!/usr/bin/env python

import numpy, sys, os
from pyscf import lib, gto, scf, dft
from pyscf.tools import molden
from pyscf.data import radii

def read_molecule(path):

    charge = spin = 0
    with open(path, 'r') as myfile:
        output = myfile.read()
        output = output.lstrip()
        output = output.rstrip()
        output = output.split('\n')

    try:
        int(output[0])
    except ValueError:
        try:
            charge = int(output[0].split(' ')[0])
            spin = int(output[0].split(' ')[1]) - 1
        except ValueError:
            molecule = output
        else:
            molecule = '\n'.join(output[1:])
    else:
        if int(output[0]) == len(output) - 2:
            molecule = '\n'.join(output[2:])
            try:
                charge = int(output[1].split(' ')[0])
                spin = int(output[1].split(' ')[1])-1
            except ValueError:
                pass
        else:
            print "THIS IS NOT A VALID XYZ FILE"

    return (molecule, charge, spin)

directory = '../../molecules/'
files = [i for i in os.listdir(directory) if i.endswith('.xyz')]

for filename in files:

    name = filename[:-8]
    mol = gto.Mole()
    (mol.atom, charge, spin) = read_molecule(directory+filename)
    mol.basis = 'aug-cc-pvtz'
    mol.charge = charge
    mol.spin = spin
    mol.output = name+'.out'
    mol.symmetry = 0
    mol.max_memory = 10000
    mol.verbose = 4
    mol.build()

    mf = dft.RKS(mol) 
    mf.grids.level = 4
    mf.xc = 'pbe50'
    mf.max_cycle = 120
    mf.chkfile = name+'.chk'
    mf = scf.addons.remove_linear_dep_(mf)
    mf.kernel()

    dm = mf.make_rdm1()
    nao = mol.nao_nr()
    unit = 2.541746
    origin = ([0.0,0.0,0.0])
    charges = mol.atom_charges()
    coords  = mol.atom_coords()
    mol.set_common_orig(origin)
    r2 = mol.intor_symmetric('int1e_r2')
    r2 = numpy.einsum('ij,ji->', r2, dm)
    lib.logger.info(mf,'Electronic spatial extent <R**2> (au): %.4f', r2)

    lib.logger.info(mf,'* Multipoles in the independent field-basis, Gauge -> (0,0,0)')
    ao_dip = mol.intor_symmetric('int1e_r', comp=3)
    el_dip = numpy.einsum('xij,ji->x', ao_dip, dm)
    lib.logger.info(mf,'Electronic Dipole moment(X, Y, Z, Debye): %.4f, %.4f, %.4f', *el_dip*unit)
    nucl_dip = numpy.einsum('i,ix->x', charges, coords)
    lib.logger.info(mf,'Nuclear Dipole moment(X, Y, Z, Debye): %.4f, %.4f, %.4f', *nucl_dip*unit)
    mol_dip = (nucl_dip - el_dip) * unit
    lib.logger.info(mf,'Total Dipole moment(X, Y, Z, Debye): %.4f, %.4f, %.4f', *mol_dip)

    lib.logger.info(mf,'Quadrupole moments (Debye-Angs)')
    rr = mol.intor_symmetric('int1e_rr', comp=9).reshape(3,3,nao,nao)
    rr = -1.0*numpy.einsum('xyij,ji->xy', rr, dm)
    rr += numpy.einsum('z,zx,zy->xy', charges, coords, coords)
    rr = rr*unit*lib.param.BOHR
    lib.logger.info(mf,'Total Quadrupole moments (XX, YY, ZZ): %.4f, %.4f, %.4f', \
    rr[0,0], rr[1,1], rr[2,2])
    lib.logger.info(mf,'Total Quadrupole moments (XY, XZ, YZ): %.4f, %.4f, %.4f', \
    rr[0,1], rr[0,2], rr[1,2])
 
    lib.logger.info(mf,'Octupole moments (Debye-Angs**2)')
    rrr = mol.intor_symmetric('int1e_rrr', comp=27).reshape(3,3,3,nao,nao)
    rrr = -1.0*numpy.einsum('xyzij,ji->xyz', rrr, dm)
    rrr += numpy.einsum('z,zx,zy,zk->xyk', charges, coords, coords, coords)
    rrr = rrr*unit*lib.param.BOHR**2
    lib.logger.info(mf,'Total Octupole moments (XXX, YYY, ZZZ, XYY): %.4f, %.4f, %.4f, %.4f', \
    rrr[0,0,0], rrr[1,1,1], rrr[2,2,2], rrr[0,1,1])
    lib.logger.info(mf,'Total Octupole moments (XXY, XXZ, XZZ, YZZ): %.4f, %.4f, %.4f, %.4f', \
    rrr[0,0,1], rrr[0,0,2], rrr[0,2,2], rrr[1,2,2])
    lib.logger.info(mf,'Total Octupole moments (YYZ, XYZ): %.4f, %.4f', rrr[1,1,2], rrr[0,1,2])

    lib.logger.info(mf,'Hexadecapole moments (Debye-Angs**3)')
    rrrr = mol.intor_symmetric('int1e_rrrr', comp=81).reshape(3,3,3,3,nao,nao)
    rrrr = -1.0*numpy.einsum('xyzwij,ji->xyzw', rrrr, dm)
    rrrr += numpy.einsum('z,zx,zy,zk,zw->xykw', charges, coords, coords, coords, coords)
    rrrr = rrrr*unit*lib.param.BOHR**3
    lib.logger.info(mf,'Total Hexadecapole moments (XXXX, YYYY, ZZZZ, XXXY): %.4f, %.4f, %.4f, %.4f', \
    rrrr[0,0,0,0], rrrr[1,1,1,1], rrrr[2,2,2,2], rrrr[0,0,0,1])
    lib.logger.info(mf,'Total Hexadecapole moments (XXXZ, YYYX, YYYZ, ZZZX): %.4f, %.4f, %.4f, %.4f', \
    rrrr[0,0,0,2], rrrr[1,1,1,0], rrrr[1,1,1,2], rrrr[2,2,2,0])
    lib.logger.info(mf,'Total Hexadecapole moments (ZZZY, XXYY, XXZZ, YYZZ): %.4f, %.4f, %.4f, %.4f', \
    rrrr[2,2,2,1], rrrr[0,0,1,1], rrrr[0,0,2,2], rrrr[1,1,2,2])
    lib.logger.info(mf,'Total Hexadecapole moments (XXYZ, YYXZ, ZZXY): %.4f, %.4f, %.4f', \
    rrrr[0,0,1,2], rrrr[1,1,0,2], rrrr[2,2,0,1])
     
    coeff = mf.mo_coeff[:,mf.mo_occ>0]
    occ = mf.mo_occ[mf.mo_occ>0]
    energy = mf.mo_energy[mf.mo_occ>0]
    den_file = name+'.mol'
    fspt = open(den_file,'w')
    molden.header(mol, fspt)
    molden.orbital_coeff(mol, fspt, coeff, ene=energy, occ=occ) 
    fspt.close()                    
    cmd = '/home/jluis/bin/molden2aim '+name
    os.system(cmd)
    den_file = name+'.wfn'
    fspt = open(den_file,'a')
    fspt.write('RHF\n')
    fspt.close()                    

    pmd_file = name+'.pmd'
    fspt = open(pmd_file,'w')
    fspt.write('%s.wfn\n' % (name))
    if (mol.symmetry == False):
        fspt.write('nosymmetry\n')
    fspt.write('tes\n')
    fspt.write('  epsiscp 0.220\n')
    fspt.write('  xcdft 0 0 0\n')
    fspt.write('  radialquad 7\n')
    fspt.write('  rmapping 2\n')
    fspt.write('  lmax 10\n')
    fspt.write('  nr 551\n')
    fspt.write('  lebedev 5810\n')
    fspt.write('  betasphere\n')
    for ia in range(mol.natm):
        symb = mol.atom_pure_symbol(ia)
        inuc = lib.parameters.NUC[symb]
        betarad = radii.COVALENT[inuc]/3.5
        fspt.write('  betaradw %d %1.3f\n' % ((ia+1),betarad))
    fspt.write('  radialquadbeta 7\n')
    fspt.write('  rmappingbeta 3\n')
    fspt.write('  lmaxbeta 8\n')
    fspt.write('  nrb 451\n')
    fspt.write('  lebedevbeta 3074\n')
    fspt.write('  dafh\n')
    fspt.write('endtes')
    fspt.close()                    

    cmd = 'rm '+name+'.mol'
    os.system(cmd)

#INFO: ******************** input file end ********************


System: ('Linux', 'silicio', '3.16.0-4-amd64', '#1 SMP Debian 3.16.51-3 (2017-12-13)', 'x86_64', '')  Threads 12
Python 2.7.14 (default, Apr  9 2018, 16:34:43) 
[GCC 7.3.0]
numpy 1.14.2  scipy 1.0.1
Date: Tue Jul  3 04:12:58 2018
PySCF version 1.5
PySCF path  /home/jluis/src/pyscf/pyscf
GIT ORIG_HEAD f2dbb26d09ae5148fbf5975669a994500ac7a4c9
GIT HEAD      ref: refs/heads/master
GIT master branch  f2dbb26d09ae5148fbf5975669a994500ac7a4c9

[ENV] PYSCF_TMPDIR /scratch-ssd/jluis
[CONFIG] conf_file None
[INPUT] verbose = 4
[INPUT] num. atoms = 8
[INPUT] num. electrons = 50
[INPUT] charge = 0
[INPUT] spin (= nelec alpha-beta = 2S) = 0
[INPUT] symmetry 0 subgroup None
[INPUT] Mole.unit = angstrom
[INPUT]  1 P     -1.223472000000   0.688944000000  -0.087815000000 AA   -2.312027001074   1.301915475162  -0.165946299629 Bohr
[INPUT]  2 O      0.351735000000   1.049335000000   0.050000000000 AA    0.664682818424   1.982955762920   0.094486306228 Bohr
[INPUT]  3 O     -1.712616000000   1.799275000000  -1.163911000000 AA   -3.236375196548   3.400136972777  -2.199473023369 Bohr
[INPUT]  4 O     -1.814842000000   1.299776000000   1.293289000000 AA   -3.429554339358   2.456220663283   2.443962009913 Bohr
[INPUT]  5 H      0.869975000000   0.490280000000  -0.542202000000 AA    1.644014485218   0.926494924352  -1.024613284191 Bohr
[INPUT]  6 H     -2.548548000000   1.526420000000  -1.562116000000 AA   -4.816057735308   2.884515751059  -2.951971414801 Bohr
[INPUT]  7 H     -1.860684000000   0.608880000000   1.965882000000 AA   -3.516183164360   1.150616442725   3.714978573212 Bohr
[INPUT]  8 O     -1.561439000000  -0.734319000000  -0.390478000000 AA   -2.950692070215  -1.387661798064  -0.737896477668 Bohr

nuclear repulsion = 276.142405362671
number of shells = 92
number of NR pGTOs = 382
number of NR cGTOs = 303
basis = aug-cc-pvtz
ecp = {}
CPU time:     92108.37


******** <class 'pyscf.dft.rks.RKS'> flags ********
method = RKS-RHF
initial guess = minao
damping factor = 0
level shift factor = 0
DIIS = <class 'pyscf.scf.diis.CDIIS'>
DIIS start cycle = 1
DIIS space = 8
SCF tol = 1e-09
SCF gradient tol = None
max. SCF cycles = 120
direct_scf = True
direct_scf_tol = 1e-13
chkfile to save SCF result = h3po4.chk
max_memory 10000 MB (current use 226 MB)
XC functionals = pbe50
small_rho_cutoff = 1e-07
radial grids: 
    Treutler-Ahlrichs (JCP 102, 346 (M4)) radial grids
    
becke partition: Becke, JCP, 88, 2547 (1988)
pruning grids: <function nwchem_prune at 0x2add0ec136e0>
grids dens level: 4
symmetrized grids: 0
atomic radii adjust function: <function treutler_atomic_radii_adjust at 0x2add0ec135f0>
Set gradient conv threshold to 3.16228e-05
tot grids = 191062
init E= -644.702634319633
  HOMO = -0.466864670408543  LUMO = -0.0467616331235574
cycle= 1 E= -643.701317167659  delta_E=    1  |g|=  1.1  |ddm|= 2.03
  HOMO = -0.270925431557689  LUMO = -0.00407037590196409
cycle= 2 E= -643.626937163715  delta_E= 0.0744  |g|=  1.3  |ddm|= 1.31
  HOMO = -0.400588914466238  LUMO = -0.00494840549288412
cycle= 3 E= -643.91020117827  delta_E= -0.283  |g|= 0.145  |ddm|= 0.665
  HOMO = -0.38227284483308  LUMO = -0.00497774892141479
cycle= 4 E= -643.913085832814  delta_E= -0.00288  |g|= 0.0708  |ddm|= 0.106
  HOMO = -0.39130934896527  LUMO = -0.00401124098291152
cycle= 5 E= -643.913939547446  delta_E= -0.000854  |g|= 0.00736  |ddm|= 0.0382
  HOMO = -0.390613853154023  LUMO = -0.00395202300313709
cycle= 6 E= -643.913949754825  delta_E= -1.02e-05  |g|= 0.00144  |ddm|= 0.00547
  HOMO = -0.390907354942669  LUMO = -0.00398034847559472
cycle= 7 E= -643.913950183755  delta_E= -4.29e-07  |g|= 0.000395  |ddm|= 0.00104
  HOMO = -0.390807629379423  LUMO = -0.00397007368018753
cycle= 8 E= -643.913950213953  delta_E= -3.02e-08  |g|= 5.08e-05  |ddm|= 0.000284
  HOMO = -0.390819000772093  LUMO = -0.00397223297426806
cycle= 9 E= -643.913950214754  delta_E= -8.01e-10  |g|= 1.21e-05  |ddm|= 5.78e-05
  HOMO = -0.39081705366345  LUMO = -0.00397180231711438
Extra cycle  E= -643.913950214778  delta_E= -2.42e-11  |g|= 7.33e-06  |ddm|= 1.23e-05
converged SCF energy = -643.913950214778
Electronic spatial extent <R**2> (au): 783.6534
* Multipoles in the independent field-basis, Gauge -> (0,0,0)
Electronic Dipole moment(X, Y, Z, Debye): -287.2522, 193.1043, -15.1831
Nuclear Dipole moment(X, Y, Z, Debye): -287.1770, 193.4359, -15.1035
Total Dipole moment(X, Y, Z, Debye): 0.0752, 0.3317, 0.0796
Quadrupole moments (Debye-Angs)
Total Quadrupole moments (XX, YY, ZZ): -29.7618, -42.5996, -29.4637
Total Quadrupole moments (XY, XZ, YZ): -3.7757, -0.8122, -3.0158
Octupole moments (Debye-Angs**2)
Total Octupole moments (XXX, YYY, ZZZ, XYY): 110.7951, -93.7127, 13.9634, 48.5736
Total Octupole moments (XXY, XXZ, XZZ, YZZ): -17.3066, -6.6612, 28.8280, -26.9335
Total Octupole moments (YYZ, XYZ): 0.7078, 7.8838
Hexadecapole moments (Debye-Angs**3)
Total Hexadecapole moments (XXXX, YYYY, ZZZZ, XXXY): -400.4977, -316.7880, -124.8265, 67.8545
Total Hexadecapole moments (XXXZ, YYYX, YYYZ, ZZZX): 23.8940, 109.5972, 4.8214, -16.3933
Total Hexadecapole moments (ZZZY, XXYY, XXZZ, YYZZ): 1.3654, -131.2512, -65.5258, -80.9075
Total Hexadecapole moments (XXYZ, YYXZ, ZZXY): -24.8163, 6.5628, 24.9242
