#INFO: **** input file is /home/jluis/src/git/db/molecules-wfn/pbe5/run_sp.py ****
#!/usr/bin/env python

import numpy, sys, os
from pyscf import lib, gto, scf, dft
from pyscf.tools import molden
from pyscf.data import radii

def read_molecule(path):

    charge = spin = 0
    with open(path, 'r') as myfile:
        output = myfile.read()
        output = output.lstrip()
        output = output.rstrip()
        output = output.split('\n')

    try:
        int(output[0])
    except ValueError:
        try:
            charge = int(output[0].split(' ')[0])
            spin = int(output[0].split(' ')[1]) - 1
        except ValueError:
            molecule = output
        else:
            molecule = '\n'.join(output[1:])
    else:
        if int(output[0]) == len(output) - 2:
            molecule = '\n'.join(output[2:])
            try:
                charge = int(output[1].split(' ')[0])
                spin = int(output[1].split(' ')[1])-1
            except ValueError:
                pass
        else:
            print "THIS IS NOT A VALID XYZ FILE"

    return (molecule, charge, spin)

directory = '../../molecules/'
files = [i for i in os.listdir(directory) if i.endswith('.xyz')]

for filename in files:

    name = filename[:-8]
    mol = gto.Mole()
    (mol.atom, charge, spin) = read_molecule(directory+filename)
    mol.basis = 'aug-cc-pvtz'
    mol.charge = charge
    mol.spin = spin
    mol.output = name+'.out'
    mol.symmetry = 0
    mol.max_memory = 10000
    mol.verbose = 4
    mol.build()

    mf = dft.RKS(mol) 
    mf.grids.level = 4
    mf.xc = 'pbe50'
    mf.max_cycle = 120
    mf.chkfile = name+'.chk'
    mf = scf.addons.remove_linear_dep_(mf)
    mf.kernel()

    dm = mf.make_rdm1()
    nao = mol.nao_nr()
    unit = 2.541746
    origin = ([0.0,0.0,0.0])
    charges = mol.atom_charges()
    coords  = mol.atom_coords()
    mol.set_common_orig(origin)
    r2 = mol.intor_symmetric('int1e_r2')
    r2 = numpy.einsum('ij,ji->', r2, dm)
    lib.logger.info(mf,'Electronic spatial extent <R**2> (au): %.4f', r2)

    lib.logger.info(mf,'* Multipoles in the independent field-basis, Gauge -> (0,0,0)')
    ao_dip = mol.intor_symmetric('int1e_r', comp=3)
    el_dip = numpy.einsum('xij,ji->x', ao_dip, dm)
    lib.logger.info(mf,'Electronic Dipole moment(X, Y, Z, Debye): %.4f, %.4f, %.4f', *el_dip*unit)
    nucl_dip = numpy.einsum('i,ix->x', charges, coords)
    lib.logger.info(mf,'Nuclear Dipole moment(X, Y, Z, Debye): %.4f, %.4f, %.4f', *nucl_dip*unit)
    mol_dip = (nucl_dip - el_dip) * unit
    lib.logger.info(mf,'Total Dipole moment(X, Y, Z, Debye): %.4f, %.4f, %.4f', *mol_dip)

    lib.logger.info(mf,'Quadrupole moments (Debye-Angs)')
    rr = mol.intor_symmetric('int1e_rr', comp=9).reshape(3,3,nao,nao)
    rr = -1.0*numpy.einsum('xyij,ji->xy', rr, dm)
    rr += numpy.einsum('z,zx,zy->xy', charges, coords, coords)
    rr = rr*unit*lib.param.BOHR
    lib.logger.info(mf,'Total Quadrupole moments (XX, YY, ZZ): %.4f, %.4f, %.4f', \
    rr[0,0], rr[1,1], rr[2,2])
    lib.logger.info(mf,'Total Quadrupole moments (XY, XZ, YZ): %.4f, %.4f, %.4f', \
    rr[0,1], rr[0,2], rr[1,2])
 
    lib.logger.info(mf,'Octupole moments (Debye-Angs**2)')
    rrr = mol.intor_symmetric('int1e_rrr', comp=27).reshape(3,3,3,nao,nao)
    rrr = -1.0*numpy.einsum('xyzij,ji->xyz', rrr, dm)
    rrr += numpy.einsum('z,zx,zy,zk->xyk', charges, coords, coords, coords)
    rrr = rrr*unit*lib.param.BOHR**2
    lib.logger.info(mf,'Total Octupole moments (XXX, YYY, ZZZ, XYY): %.4f, %.4f, %.4f, %.4f', \
    rrr[0,0,0], rrr[1,1,1], rrr[2,2,2], rrr[0,1,1])
    lib.logger.info(mf,'Total Octupole moments (XXY, XXZ, XZZ, YZZ): %.4f, %.4f, %.4f, %.4f', \
    rrr[0,0,1], rrr[0,0,2], rrr[0,2,2], rrr[1,2,2])
    lib.logger.info(mf,'Total Octupole moments (YYZ, XYZ): %.4f, %.4f', rrr[1,1,2], rrr[0,1,2])

    lib.logger.info(mf,'Hexadecapole moments (Debye-Angs**3)')
    rrrr = mol.intor_symmetric('int1e_rrrr', comp=81).reshape(3,3,3,3,nao,nao)
    rrrr = -1.0*numpy.einsum('xyzwij,ji->xyzw', rrrr, dm)
    rrrr += numpy.einsum('z,zx,zy,zk,zw->xykw', charges, coords, coords, coords, coords)
    rrrr = rrrr*unit*lib.param.BOHR**3
    lib.logger.info(mf,'Total Hexadecapole moments (XXXX, YYYY, ZZZZ, XXXY): %.4f, %.4f, %.4f, %.4f', \
    rrrr[0,0,0,0], rrrr[1,1,1,1], rrrr[2,2,2,2], rrrr[0,0,0,1])
    lib.logger.info(mf,'Total Hexadecapole moments (XXXZ, YYYX, YYYZ, ZZZX): %.4f, %.4f, %.4f, %.4f', \
    rrrr[0,0,0,2], rrrr[1,1,1,0], rrrr[1,1,1,2], rrrr[2,2,2,0])
    lib.logger.info(mf,'Total Hexadecapole moments (ZZZY, XXYY, XXZZ, YYZZ): %.4f, %.4f, %.4f, %.4f', \
    rrrr[2,2,2,1], rrrr[0,0,1,1], rrrr[0,0,2,2], rrrr[1,1,2,2])
    lib.logger.info(mf,'Total Hexadecapole moments (XXYZ, YYXZ, ZZXY): %.4f, %.4f, %.4f', \
    rrrr[0,0,1,2], rrrr[1,1,0,2], rrrr[2,2,0,1])
     
    coeff = mf.mo_coeff[:,mf.mo_occ>0]
    occ = mf.mo_occ[mf.mo_occ>0]
    energy = mf.mo_energy[mf.mo_occ>0]
    den_file = name+'.mol'
    fspt = open(den_file,'w')
    molden.header(mol, fspt)
    molden.orbital_coeff(mol, fspt, coeff, ene=energy, occ=occ) 
    fspt.close()                    
    cmd = '/home/jluis/bin/molden2aim '+name
    os.system(cmd)
    den_file = name+'.wfn'
    fspt = open(den_file,'a')
    fspt.write('RHF\n')
    fspt.close()                    

    pmd_file = name+'.pmd'
    fspt = open(pmd_file,'w')
    fspt.write('%s.wfn\n' % (name))
    if (mol.symmetry == False):
        fspt.write('nosymmetry\n')
    fspt.write('tes\n')
    fspt.write('  epsiscp 0.220\n')
    fspt.write('  xcdft 0 0 0\n')
    fspt.write('  radialquad 7\n')
    fspt.write('  rmapping 2\n')
    fspt.write('  lmax 10\n')
    fspt.write('  nr 551\n')
    fspt.write('  lebedev 5810\n')
    fspt.write('  betasphere\n')
    for ia in range(mol.natm):
        symb = mol.atom_pure_symbol(ia)
        inuc = lib.parameters.NUC[symb]
        betarad = radii.COVALENT[inuc]/3.5
        fspt.write('  betaradw %d %1.3f\n' % ((ia+1),betarad))
    fspt.write('  radialquadbeta 7\n')
    fspt.write('  rmappingbeta 3\n')
    fspt.write('  lmaxbeta 8\n')
    fspt.write('  nrb 451\n')
    fspt.write('  lebedevbeta 3074\n')
    fspt.write('  dafh\n')
    fspt.write('endtes')
    fspt.close()                    

    cmd = 'rm '+name+'.mol'
    os.system(cmd)

#INFO: ******************** input file end ********************


System: ('Linux', 'silicio', '3.16.0-4-amd64', '#1 SMP Debian 3.16.51-3 (2017-12-13)', 'x86_64', '')  Threads 12
Python 2.7.14 (default, Apr  9 2018, 16:34:43) 
[GCC 7.3.0]
numpy 1.14.2  scipy 1.0.1
Date: Tue Jul  3 03:39:07 2018
PySCF version 1.5
PySCF path  /home/jluis/src/pyscf/pyscf
GIT ORIG_HEAD f2dbb26d09ae5148fbf5975669a994500ac7a4c9
GIT HEAD      ref: refs/heads/master
GIT master branch  f2dbb26d09ae5148fbf5975669a994500ac7a4c9

[ENV] PYSCF_TMPDIR /scratch-ssd/jluis
[CONFIG] conf_file None
[INPUT] verbose = 4
[INPUT] num. atoms = 6
[INPUT] num. electrons = 50
[INPUT] charge = -2
[INPUT] spin (= nelec alpha-beta = 2S) = 0
[INPUT] symmetry 0 subgroup None
[INPUT] Mole.unit = angstrom
[INPUT]  1 P     -1.406093000000   0.887006000000  -0.046926000000 AA   -2.657130675668   1.676198410846  -0.088677288121 Bohr
[INPUT]  2 O      0.356933000000   1.149598000000  -0.107220000000 AA    0.674505614819   2.172425373348  -0.202616435076 Bohr
[INPUT]  3 O     -1.984223000000   1.901770000000  -1.078605000000 AA   -3.749638040063   3.593824451914  -2.038268046586 Bohr
[INPUT]  4 O     -1.787578000000   1.162439000000   1.438698000000 AA   -3.378032846298   2.196691346513   2.718745195960 Bohr
[INPUT]  5 H      0.603586000000   0.260496000000  -0.385209000000 AA    1.140612232622   0.492266096545  -0.727939510718 Bohr
[INPUT]  6 O     -1.439185000000  -0.623699000000  -0.487929000000 AA   -2.719665492582  -1.178620294165  -0.922052178233 Bohr

nuclear repulsion = 247.475405944195
number of shells = 74
number of NR pGTOs = 332
number of NR cGTOs = 257
basis = aug-cc-pvtz
ecp = {}
CPU time:     73243.11


******** <class 'pyscf.dft.rks.RKS'> flags ********
method = RKS-RHF
initial guess = minao
damping factor = 0
level shift factor = 0
DIIS = <class 'pyscf.scf.diis.CDIIS'>
DIIS start cycle = 1
DIIS space = 8
SCF tol = 1e-09
SCF gradient tol = None
max. SCF cycles = 120
direct_scf = True
direct_scf_tol = 1e-13
chkfile to save SCF result = hpo4_-2.chk
max_memory 10000 MB (current use 225 MB)
XC functionals = pbe50
small_rho_cutoff = 1e-07
radial grids: 
    Treutler-Ahlrichs (JCP 102, 346 (M4)) radial grids
    
becke partition: Becke, JCP, 88, 2547 (1988)
pruning grids: <function nwchem_prune at 0x2add0ec136e0>
grids dens level: 4
symmetrized grids: 0
atomic radii adjust function: <function treutler_atomic_radii_adjust at 0x2add0ec135f0>
Set gradient conv threshold to 3.16228e-05
tot grids = 158686
init E= -642.992429154251
  HOMO = -0.427815876205018  LUMO = -0.0322967792747705
cycle= 1 E= -642.273398749933  delta_E= 0.719  |g|= 1.35  |ddm|= 1.88
  HOMO = 0.233059546079455  LUMO = 0.267835596452959
cycle= 2 E= -641.022629614158  delta_E= 1.25  |g|= 2.34  |ddm|=  201
  HOMO = -0.000893074189878424  LUMO = 0.215591854774002
cycle= 3 E= -642.571170329445  delta_E= -1.55  |g|= 0.444  |ddm|=  201
  HOMO = 0.0518588779630148  LUMO = 0.219257202604211
cycle= 4 E= -642.613694309829  delta_E= -0.0425  |g|= 0.137  |ddm|= 0.243
  HOMO = 0.0737309787975255  LUMO = 0.224246601217981
cycle= 5 E= -642.618940066079  delta_E= -0.00525  |g|= 0.0749  |ddm|= 0.178
  HOMO = 0.0760243859370956  LUMO = 0.225530028142801
cycle= 6 E= -642.620156480586  delta_E= -0.00122  |g|= 0.0152  |ddm|= 0.0646
  HOMO = 0.0758501797182262  LUMO = 0.225912188333698
cycle= 7 E= -642.620235357666  delta_E= -7.89e-05  |g|= 0.00479  |ddm|= 0.0332
  HOMO = 0.075782623135143  LUMO = 0.225838460096302
cycle= 8 E= -642.620239977759  delta_E= -4.62e-06  |g|= 0.00257  |ddm|= 0.00633
  HOMO = 0.0757501519036935  LUMO = 0.225779463850216
cycle= 9 E= -642.620241468379  delta_E= -1.49e-06  |g|= 0.000384  |ddm|= 0.00381
  HOMO = 0.0757731001441651  LUMO = 0.225761986502798
cycle= 10 E= -642.620241525014  delta_E= -5.66e-08  |g|= 6.5e-05  |ddm|= 0.00116
  HOMO = 0.0757645844231538  LUMO = 0.225755780893956
cycle= 11 E= -642.62024152722  delta_E= -2.21e-09  |g|= 1.26e-05  |ddm|= 0.00026
  HOMO = 0.0757646527140061  LUMO = 0.225754764018649
cycle= 12 E= -642.620241527329  delta_E= -1.09e-10  |g|= 2.87e-06  |ddm|= 6.94e-05
  HOMO = 0.07576483418822  LUMO = 0.2257545849467
Extra cycle  E= -642.620241527337  delta_E= -8.19e-12  |g|= 1.41e-06  |ddm|= 1.27e-05
converged SCF energy = -642.620241527337
Electronic spatial extent <R**2> (au): 846.8577
* Multipoles in the independent field-basis, Gauge -> (0,0,0)
Electronic Dipole moment(X, Y, Z, Debye): -299.3051, 212.2818, -14.4563
Nuclear Dipole moment(X, Y, Z, Debye): -284.9272, 203.1104, -14.2633
Total Dipole moment(X, Y, Z, Debye): 14.3779, -9.1714, 0.1930
Quadrupole moments (Debye-Angs)
Total Quadrupole moments (XX, YY, ZZ): -69.2672, -63.2584, -55.4317
Total Quadrupole moments (XY, XZ, YZ): 12.8241, -1.1602, 0.5753
Octupole moments (Debye-Angs**2)
Total Octupole moments (XXX, YYY, ZZZ, XYY): 206.6032, -140.8160, 0.2214, 87.0597
Total Octupole moments (XXY, XXZ, XZZ, YZZ): -69.9433, 4.6507, 79.0385, -55.0137
Total Octupole moments (YYZ, XYZ): 12.7529, -2.2902
Hexadecapole moments (Debye-Angs**3)
Total Hexadecapole moments (XXXX, YYYY, ZZZZ, XXXY): -696.4917, -457.1475, -234.2239, 212.0531
Total Hexadecapole moments (XXXZ, YYYX, YYYZ, ZZZX): -13.8150, 202.9864, 29.4772, 4.2501
Total Hexadecapole moments (ZZZY, XXYY, XXZZ, YYZZ): 0.6023, -244.2338, -186.5217, -132.1859
Total Hexadecapole moments (XXYZ, YYXZ, ZZXY): 10.5672, -21.5566, 83.7887
