#INFO: **** input file is /home/jluis/src/git/db/molecules-wfn/pbe5/run_sp.py ****
#!/usr/bin/env python

import numpy, sys, os
from pyscf import lib, gto, scf, dft
from pyscf.tools import molden
from pyscf.data import radii

def read_molecule(path):

    charge = spin = 0
    with open(path, 'r') as myfile:
        output = myfile.read()
        output = output.lstrip()
        output = output.rstrip()
        output = output.split('\n')

    try:
        int(output[0])
    except ValueError:
        try:
            charge = int(output[0].split(' ')[0])
            spin = int(output[0].split(' ')[1]) - 1
        except ValueError:
            molecule = output
        else:
            molecule = '\n'.join(output[1:])
    else:
        if int(output[0]) == len(output) - 2:
            molecule = '\n'.join(output[2:])
            try:
                charge = int(output[1].split(' ')[0])
                spin = int(output[1].split(' ')[1])-1
            except ValueError:
                pass
        else:
            print "THIS IS NOT A VALID XYZ FILE"

    return (molecule, charge, spin)

directory = '../../molecules/'
files = [i for i in os.listdir(directory) if i.endswith('.xyz')]

for filename in files:

    name = filename[:-8]
    mol = gto.Mole()
    (mol.atom, charge, spin) = read_molecule(directory+filename)
    mol.basis = 'aug-cc-pvtz'
    mol.charge = charge
    mol.spin = spin
    mol.output = name+'.out'
    mol.symmetry = 0
    mol.max_memory = 10000
    mol.verbose = 4
    mol.build()

    mf = dft.RKS(mol) 
    mf.grids.level = 4
    mf.xc = 'pbe50'
    mf.max_cycle = 120
    mf.chkfile = name+'.chk'
    mf = scf.addons.remove_linear_dep_(mf)
    mf.kernel()

    dm = mf.make_rdm1()
    nao = mol.nao_nr()
    unit = 2.541746
    origin = ([0.0,0.0,0.0])
    charges = mol.atom_charges()
    coords  = mol.atom_coords()
    mol.set_common_orig(origin)
    r2 = mol.intor_symmetric('int1e_r2')
    r2 = numpy.einsum('ij,ji->', r2, dm)
    lib.logger.info(mf,'Electronic spatial extent <R**2> (au): %.4f', r2)

    lib.logger.info(mf,'* Multipoles in the independent field-basis, Gauge -> (0,0,0)')
    ao_dip = mol.intor_symmetric('int1e_r', comp=3)
    el_dip = numpy.einsum('xij,ji->x', ao_dip, dm)
    lib.logger.info(mf,'Electronic Dipole moment(X, Y, Z, Debye): %.4f, %.4f, %.4f', *el_dip*unit)
    nucl_dip = numpy.einsum('i,ix->x', charges, coords)
    lib.logger.info(mf,'Nuclear Dipole moment(X, Y, Z, Debye): %.4f, %.4f, %.4f', *nucl_dip*unit)
    mol_dip = (nucl_dip - el_dip) * unit
    lib.logger.info(mf,'Total Dipole moment(X, Y, Z, Debye): %.4f, %.4f, %.4f', *mol_dip)

    lib.logger.info(mf,'Quadrupole moments (Debye-Angs)')
    rr = mol.intor_symmetric('int1e_rr', comp=9).reshape(3,3,nao,nao)
    rr = -1.0*numpy.einsum('xyij,ji->xy', rr, dm)
    rr += numpy.einsum('z,zx,zy->xy', charges, coords, coords)
    rr = rr*unit*lib.param.BOHR
    lib.logger.info(mf,'Total Quadrupole moments (XX, YY, ZZ): %.4f, %.4f, %.4f', \
    rr[0,0], rr[1,1], rr[2,2])
    lib.logger.info(mf,'Total Quadrupole moments (XY, XZ, YZ): %.4f, %.4f, %.4f', \
    rr[0,1], rr[0,2], rr[1,2])
 
    lib.logger.info(mf,'Octupole moments (Debye-Angs**2)')
    rrr = mol.intor_symmetric('int1e_rrr', comp=27).reshape(3,3,3,nao,nao)
    rrr = -1.0*numpy.einsum('xyzij,ji->xyz', rrr, dm)
    rrr += numpy.einsum('z,zx,zy,zk->xyk', charges, coords, coords, coords)
    rrr = rrr*unit*lib.param.BOHR**2
    lib.logger.info(mf,'Total Octupole moments (XXX, YYY, ZZZ, XYY): %.4f, %.4f, %.4f, %.4f', \
    rrr[0,0,0], rrr[1,1,1], rrr[2,2,2], rrr[0,1,1])
    lib.logger.info(mf,'Total Octupole moments (XXY, XXZ, XZZ, YZZ): %.4f, %.4f, %.4f, %.4f', \
    rrr[0,0,1], rrr[0,0,2], rrr[0,2,2], rrr[1,2,2])
    lib.logger.info(mf,'Total Octupole moments (YYZ, XYZ): %.4f, %.4f', rrr[1,1,2], rrr[0,1,2])

    lib.logger.info(mf,'Hexadecapole moments (Debye-Angs**3)')
    rrrr = mol.intor_symmetric('int1e_rrrr', comp=81).reshape(3,3,3,3,nao,nao)
    rrrr = -1.0*numpy.einsum('xyzwij,ji->xyzw', rrrr, dm)
    rrrr += numpy.einsum('z,zx,zy,zk,zw->xykw', charges, coords, coords, coords, coords)
    rrrr = rrrr*unit*lib.param.BOHR**3
    lib.logger.info(mf,'Total Hexadecapole moments (XXXX, YYYY, ZZZZ, XXXY): %.4f, %.4f, %.4f, %.4f', \
    rrrr[0,0,0,0], rrrr[1,1,1,1], rrrr[2,2,2,2], rrrr[0,0,0,1])
    lib.logger.info(mf,'Total Hexadecapole moments (XXXZ, YYYX, YYYZ, ZZZX): %.4f, %.4f, %.4f, %.4f', \
    rrrr[0,0,0,2], rrrr[1,1,1,0], rrrr[1,1,1,2], rrrr[2,2,2,0])
    lib.logger.info(mf,'Total Hexadecapole moments (ZZZY, XXYY, XXZZ, YYZZ): %.4f, %.4f, %.4f, %.4f', \
    rrrr[2,2,2,1], rrrr[0,0,1,1], rrrr[0,0,2,2], rrrr[1,1,2,2])
    lib.logger.info(mf,'Total Hexadecapole moments (XXYZ, YYXZ, ZZXY): %.4f, %.4f, %.4f', \
    rrrr[0,0,1,2], rrrr[1,1,0,2], rrrr[2,2,0,1])
     
    coeff = mf.mo_coeff[:,mf.mo_occ>0]
    occ = mf.mo_occ[mf.mo_occ>0]
    energy = mf.mo_energy[mf.mo_occ>0]
    den_file = name+'.mol'
    fspt = open(den_file,'w')
    molden.header(mol, fspt)
    molden.orbital_coeff(mol, fspt, coeff, ene=energy, occ=occ) 
    fspt.close()                    
    cmd = '/home/jluis/bin/molden2aim '+name
    os.system(cmd)
    den_file = name+'.wfn'
    fspt = open(den_file,'a')
    fspt.write('RHF\n')
    fspt.close()                    

    pmd_file = name+'.pmd'
    fspt = open(pmd_file,'w')
    fspt.write('%s.wfn\n' % (name))
    if (mol.symmetry == False):
        fspt.write('nosymmetry\n')
    fspt.write('tes\n')
    fspt.write('  epsiscp 0.220\n')
    fspt.write('  xcdft 0 0 0\n')
    fspt.write('  radialquad 7\n')
    fspt.write('  rmapping 2\n')
    fspt.write('  lmax 10\n')
    fspt.write('  nr 551\n')
    fspt.write('  lebedev 5810\n')
    fspt.write('  betasphere\n')
    for ia in range(mol.natm):
        symb = mol.atom_pure_symbol(ia)
        inuc = lib.parameters.NUC[symb]
        betarad = radii.COVALENT[inuc]/3.5
        fspt.write('  betaradw %d %1.3f\n' % ((ia+1),betarad))
    fspt.write('  radialquadbeta 7\n')
    fspt.write('  rmappingbeta 3\n')
    fspt.write('  lmaxbeta 8\n')
    fspt.write('  nrb 451\n')
    fspt.write('  lebedevbeta 3074\n')
    fspt.write('  dafh\n')
    fspt.write('endtes')
    fspt.close()                    

    cmd = 'rm '+name+'.mol'
    os.system(cmd)

#INFO: ******************** input file end ********************


System: ('Linux', 'silicio', '3.16.0-4-amd64', '#1 SMP Debian 3.16.51-3 (2017-12-13)', 'x86_64', '')  Threads 12
Python 2.7.14 (default, Apr  9 2018, 16:34:43) 
[GCC 7.3.0]
numpy 1.14.2  scipy 1.0.1
Date: Tue Jul  3 04:08:50 2018
PySCF version 1.5
PySCF path  /home/jluis/src/pyscf/pyscf
GIT ORIG_HEAD f2dbb26d09ae5148fbf5975669a994500ac7a4c9
GIT HEAD      ref: refs/heads/master
GIT master branch  f2dbb26d09ae5148fbf5975669a994500ac7a4c9

[ENV] PYSCF_TMPDIR /scratch-ssd/jluis
[CONFIG] conf_file None
[INPUT] verbose = 4
[INPUT] num. atoms = 3
[INPUT] num. electrons = 48
[INPUT] charge = 0
[INPUT] spin (= nelec alpha-beta = 2S) = 0
[INPUT] symmetry 0 subgroup None
[INPUT] Mole.unit = angstrom
[INPUT]  1 S     -0.005216000000   0.000000000000  -0.003171000000 AA   -0.009856811466   0.000000000000  -0.005992321541 Bohr
[INPUT]  2 S     -0.005409000000   0.000000000000   1.934591000000 AA   -0.010221528608   0.000000000000   3.655847153048 Bohr
[INPUT]  3 S      1.715705000000   0.000000000000  -0.893890000000 AA    3.242212560547   0.000000000000  -1.689207285487 Bohr

nuclear repulsion = 180.735459627487
number of shells = 39
number of NR pGTOs = 225
number of NR cGTOs = 150
basis = aug-cc-pvtz
ecp = {}
CPU time:     90070.24


******** <class 'pyscf.dft.rks.RKS'> flags ********
method = RKS-RHF
initial guess = minao
damping factor = 0
level shift factor = 0
DIIS = <class 'pyscf.scf.diis.CDIIS'>
DIIS start cycle = 1
DIIS space = 8
SCF tol = 1e-09
SCF gradient tol = None
max. SCF cycles = 120
direct_scf = True
direct_scf_tol = 1e-13
chkfile to save SCF result = s3.chk
max_memory 10000 MB (current use 235 MB)
XC functionals = pbe50
small_rho_cutoff = 1e-07
radial grids: 
    Treutler-Ahlrichs (JCP 102, 346 (M4)) radial grids
    
becke partition: Becke, JCP, 88, 2547 (1988)
pruning grids: <function nwchem_prune at 0x2add0ec136e0>
grids dens level: 4
symmetrized grids: 0
atomic radii adjust function: <function treutler_atomic_radii_adjust at 0x2add0ec135f0>
Set gradient conv threshold to 3.16228e-05
tot grids = 86070
init E= -1194.67613147871
  HOMO = -0.285942171441856  LUMO = -0.196519855753505
cycle= 1 E= -1194.24321167004  delta_E= 0.433  |g|= 0.348  |ddm|= 1.66
  HOMO = -0.321423105625664  LUMO = -0.167853657317081
cycle= 2 E= -1194.20873649646  delta_E= 0.0345  |g|= 0.501  |ddm|= 0.559
  HOMO = -0.32638026614388  LUMO = -0.145885786062135
cycle= 3 E= -1194.27996127856  delta_E= -0.0712  |g|= 0.0333  |ddm|= 0.345
  HOMO = -0.326290057807047  LUMO = -0.142922310828685
cycle= 4 E= -1194.28034985971  delta_E= -0.000389  |g|= 0.00751  |ddm|= 0.0342
  HOMO = -0.327407597855563  LUMO = -0.143643002459372
cycle= 5 E= -1194.28037131371  delta_E= -2.15e-05  |g|= 0.00218  |ddm|= 0.00836
  HOMO = -0.327293331396331  LUMO = -0.143529905125256
cycle= 6 E= -1194.28037379495  delta_E= -2.48e-06  |g|= 0.000587  |ddm|= 0.0031
  HOMO = -0.327274967982199  LUMO = -0.143497832681639
cycle= 7 E= -1194.28037402238  delta_E= -2.27e-07  |g|= 0.000116  |ddm|= 0.00116
  HOMO = -0.327282651208797  LUMO = -0.143502427059767
cycle= 8 E= -1194.28037403037  delta_E= -8e-09  |g|= 8.71e-05  |ddm|= 0.000274
  HOMO = -0.327282708021947  LUMO = -0.143502447504061
cycle= 9 E= -1194.28037403287  delta_E= -2.5e-09  |g|= 3.33e-05  |ddm|= 0.000102
  HOMO = -0.327281659032364  LUMO = -0.143501865943672
cycle= 10 E= -1194.28037403332  delta_E= -4.5e-10  |g|= 6.22e-06  |ddm|= 3.83e-05
  HOMO = -0.327281064787295  LUMO = -0.143501689060479
Extra cycle  E= -1194.28037403333  delta_E= -6.59e-12  |g|= 6.28e-06  |ddm|= 1.13e-05
converged SCF energy = -1194.28037403333
Electronic spatial extent <R**2> (au): 514.0283
* Multipoles in the independent field-basis, Gauge -> (0,0,0)
Electronic Dipole moment(X, Y, Z, Debye): 131.5275, -0.0000, 80.0335
Nuclear Dipole moment(X, Y, Z, Debye): 131.0375, 0.0000, 79.7355
Total Dipole moment(X, Y, Z, Debye): -0.4900, 0.0000, -0.2980
Quadrupole moments (Debye-Angs)
Total Quadrupole moments (XX, YY, ZZ): -39.5137, -37.5210, -39.0891
Total Quadrupole moments (XY, XZ, YZ): 0.0000, -0.4102, -0.0000
Octupole moments (Debye-Angs**2)
Total Octupole moments (XXX, YYY, ZZZ, XYY): -64.5646, -0.0000, -33.7815, -21.8043
Total Octupole moments (XXY, XXZ, XZZ, YZZ): -0.0000, -18.9235, -22.0521, -0.0000
Total Octupole moments (YYZ, XYZ): -13.2677, 0.0000
Hexadecapole moments (Debye-Angs**3)
Total Hexadecapole moments (XXXX, YYYY, ZZZZ, XXXY): -272.7976, -48.5339, -383.4354, -0.0000
Total Hexadecapole moments (XXXZ, YYYX, YYYZ, ZZZX): 48.3217, 0.0000, -0.0000, 58.5859
Total Hexadecapole moments (ZZZY, XXYY, XXZZ, YYZZ): -0.0000, -54.0153, -114.2138, -74.3767
Total Hexadecapole moments (XXYZ, YYXZ, ZZXY): 0.0000, 19.6749, 0.0000
