#INFO: **** input file is /home/jluis/src/git/db/diatomic-wfn/m06-l/run_sp.py ****
#!/usr/bin/env python

import numpy, sys, os
from pyscf import lib, gto, scf, dft
from pyscf.tools import molden
from pyscf.data import radii

def read_molecule(path):

    charge = spin = 0
    with open(path, 'r') as myfile:
        output = myfile.read()
        output = output.lstrip()
        output = output.rstrip()
        output = output.split('\n')

    try:
        int(output[0])
    except ValueError:
        try:
            charge = int(output[0].split(' ')[0])
            spin = int(output[0].split(' ')[1]) - 1
        except ValueError:
            molecule = output
        else:
            molecule = '\n'.join(output[1:])
    else:
        if int(output[0]) == len(output) - 2:
            molecule = '\n'.join(output[2:])
            try:
                charge = int(output[1].split(' ')[0])
                spin = int(output[1].split(' ')[1])-1
            except ValueError:
                pass
        else:
            print "THIS IS NOT A VALID XYZ FILE"

    return (molecule, charge, spin)

directory = '../../diatomic/'
files = [i for i in os.listdir(directory) if i.endswith('.xyz')]

for filename in files:

    name = filename[:-8]
    mol = gto.Mole()
    (mol.atom, charge, spin) = read_molecule(directory+filename)
    mol.basis = 'aug-cc-pvtz'
    mol.charge = charge
    mol.spin = spin
    mol.output = name+'.out'
    mol.symmetry = 0
    mol.verbose = 4
    mol.build()

    mf = dft.RKS(mol) 
    mf.xc = 'm06-l'
    mf.grids.level = 4
    mf.max_cycle = 120
    mf.chkfile = name+'.chk'
    mf = scf.addons.remove_linear_dep_(mf)
    #mf = mf.newton()
    mf.kernel()
    #
    #stable_cyc = 3
    #for i in range(stable_cyc):
    #    new_mo_coeff = mf.stability(internal=True, external=False)[0]
    #    if numpy.linalg.norm(numpy.array(new_mo_coeff) - numpy.array(mf.mo_coeff)) < 10**-8:
    #        lib.logger.info(mf,"* The molecule is stable")
    #        break
    #    else:
    #        lib.logger.info(mf,"* The molecule is unstable")
    #        n_alpha = numpy.count_nonzero(mf.mo_occ)
    #        P_alpha = 2.0*numpy.dot(new_mo_coeff[:, :n_alpha], new_mo_coeff.T[:n_alpha])
    #        mf.kernel(dm0=(P_alpha))
    #        lib.logger.info(mf,"* Updated SCF energy and orbitals: %.6f" % mf.e_tot)
    #
    dm = mf.make_rdm1()
    nao = mol.nao_nr()
    unit = 2.541746
    origin = ([0.0,0.0,0.0])
    charges = mol.atom_charges()
    coords  = mol.atom_coords()
    mol.set_common_orig(origin)
    r2 = mol.intor_symmetric('int1e_r2')
    r2 = numpy.einsum('ij,ji->', r2, dm)
    lib.logger.info(mf,'Electronic spatial extent <R**2> (au): %.4f', r2)

    lib.logger.info(mf,'* Multipoles in the independent field-basis, Gauge -> (0,0,0)')
    ao_dip = mol.intor_symmetric('int1e_r', comp=3)
    el_dip = numpy.einsum('xij,ji->x', ao_dip, dm)
    lib.logger.info(mf,'Electronic Dipole moment(X, Y, Z, Debye): %.4f, %.4f, %.4f', *el_dip*unit)
    nucl_dip = numpy.einsum('i,ix->x', charges, coords)
    lib.logger.info(mf,'Nuclear Dipole moment(X, Y, Z, Debye): %.4f, %.4f, %.4f', *nucl_dip*unit)
    mol_dip = (nucl_dip - el_dip) * unit
    lib.logger.info(mf,'Total Dipole moment(X, Y, Z, Debye): %.4f, %.4f, %.4f', *mol_dip)

    lib.logger.info(mf,'Quadrupole moments (Debye-Angs)')
    rr = mol.intor_symmetric('int1e_rr', comp=9).reshape(3,3,nao,nao)
    rr = -1.0*numpy.einsum('xyij,ji->xy', rr, dm)
    rr += numpy.einsum('z,zx,zy->xy', charges, coords, coords)
    rr = rr*unit*lib.param.BOHR
    lib.logger.info(mf,'Total Quadrupole moments (XX, YY, ZZ): %.4f, %.4f, %.4f', \
    rr[0,0], rr[1,1], rr[2,2])
    lib.logger.info(mf,'Total Quadrupole moments (XY, XZ, YZ): %.4f, %.4f, %.4f', \
    rr[0,1], rr[0,2], rr[1,2])
 
    lib.logger.info(mf,'Octupole moments (Debye-Angs**2)')
    rrr = mol.intor_symmetric('int1e_rrr', comp=27).reshape(3,3,3,nao,nao)
    rrr = -1.0*numpy.einsum('xyzij,ji->xyz', rrr, dm)
    rrr += numpy.einsum('z,zx,zy,zk->xyk', charges, coords, coords, coords)
    rrr = rrr*unit*lib.param.BOHR**2
    lib.logger.info(mf,'Total Octupole moments (XXX, YYY, ZZZ, XYY): %.4f, %.4f, %.4f, %.4f', \
    rrr[0,0,0], rrr[1,1,1], rrr[2,2,2], rrr[0,1,1])
    lib.logger.info(mf,'Total Octupole moments (XXY, XXZ, XZZ, YZZ): %.4f, %.4f, %.4f, %.4f', \
    rrr[0,0,1], rrr[0,0,2], rrr[0,2,2], rrr[1,2,2])
    lib.logger.info(mf,'Total Octupole moments (YYZ, XYZ): %.4f, %.4f', rrr[1,1,2], rrr[0,1,2])

    lib.logger.info(mf,'Hexadecapole moments (Debye-Angs**3)')
    rrrr = mol.intor_symmetric('int1e_rrrr', comp=81).reshape(3,3,3,3,nao,nao)
    rrrr = -1.0*numpy.einsum('xyzwij,ji->xyzw', rrrr, dm)
    rrrr += numpy.einsum('z,zx,zy,zk,zw->xykw', charges, coords, coords, coords, coords)
    rrrr = rrrr*unit*lib.param.BOHR**3
    lib.logger.info(mf,'Total Hexadecapole moments (XXXX, YYYY, ZZZZ, XXXY): %.4f, %.4f, %.4f, %.4f', \
    rrrr[0,0,0,0], rrrr[1,1,1,1], rrrr[2,2,2,2], rrrr[0,0,0,1])
    lib.logger.info(mf,'Total Hexadecapole moments (XXXZ, YYYX, YYYZ, ZZZX): %.4f, %.4f, %.4f, %.4f', \
    rrrr[0,0,0,2], rrrr[1,1,1,0], rrrr[1,1,1,2], rrrr[2,2,2,0])
    lib.logger.info(mf,'Total Hexadecapole moments (ZZZY, XXYY, XXZZ, YYZZ): %.4f, %.4f, %.4f, %.4f', \
    rrrr[2,2,2,1], rrrr[0,0,1,1], rrrr[0,0,2,2], rrrr[1,1,2,2])
    lib.logger.info(mf,'Total Hexadecapole moments (XXYZ, YYXZ, ZZXY): %.4f, %.4f, %.4f', \
    rrrr[0,0,1,2], rrrr[1,1,0,2], rrrr[2,2,0,1])
     
    coeff = mf.mo_coeff[:,mf.mo_occ>0]
    occ = mf.mo_occ[mf.mo_occ>0]
    energy = mf.mo_energy[mf.mo_occ>0]
    den_file = name+'.mol'
    fspt = open(den_file,'w')
    molden.header(mol, fspt)
    molden.orbital_coeff(mol, fspt, coeff, ene=energy, occ=occ) 
    fspt.close()                    
    cmd = '/home/jluis/bin/molden2aim '+name
    os.system(cmd)
    den_file = name+'.wfn'
    fspt = open(den_file,'a')
    fspt.write('RHF\n')
    fspt.close()                    

    pmd_file = name+'.pmd'
    fspt = open(pmd_file,'w')
    fspt.write('%s.wfn\n' % (name))
    if (mol.symmetry == False):
        fspt.write('nosymmetry\n')
    fspt.write('tes\n')
    fspt.write('  epsiscp 0.220\n')
    fspt.write('  radialquad 7\n')
    fspt.write('  rmapping 2\n')
    fspt.write('  lmax 10\n')
    fspt.write('  nr 551\n')
    fspt.write('  lebedev 5810\n')
    fspt.write('  betasphere\n')
    for ia in range(mol.natm):
        symb = mol.atom_pure_symbol(ia)
        inuc = lib.parameters.NUC[symb]
        betarad = radii.COVALENT[inuc]/3.5
        fspt.write('  betaradw %d %1.3f\n' % ((ia+1),betarad))
    fspt.write('  radialquadbeta 7\n')
    fspt.write('  rmappingbeta 3\n')
    fspt.write('  lmaxbeta 8\n')
    fspt.write('  nrb 451\n')
    fspt.write('  lebedevbeta 3074\n')
    fspt.write('  dafh\n')
    fspt.write('endtes')
    fspt.close()                    

    cmd = 'rm '+name+'.mol'
    os.system(cmd)
#INFO: ******************** input file end ********************


System: ('Linux', 'silicio', '3.16.0-4-amd64', '#1 SMP Debian 3.16.51-3 (2017-12-13)', 'x86_64', '')  Threads 12
Python 2.7.14 (default, Apr  9 2018, 16:34:43) 
[GCC 7.3.0]
numpy 1.14.2  scipy 1.0.1
Date: Fri Jun 29 23:01:53 2018
PySCF version 1.5
PySCF path  /home/jluis/src/pyscf/pyscf
GIT ORIG_HEAD f2dbb26d09ae5148fbf5975669a994500ac7a4c9
GIT HEAD      ref: refs/heads/master
GIT master branch  f2dbb26d09ae5148fbf5975669a994500ac7a4c9

[ENV] PYSCF_TMPDIR /scratch-ssd/jluis
[CONFIG] conf_file None
[INPUT] verbose = 4
[INPUT] num. atoms = 2
[INPUT] num. electrons = 16
[INPUT] charge = 0
[INPUT] spin (= nelec alpha-beta = 2S) = 0
[INPUT] symmetry 0 subgroup None
[INPUT] Mole.unit = angstrom
[INPUT]  1 P      0.000000000000   0.000000000000   1.495458000000 AA    0.000000000000   0.000000000000   2.826006050790 Bohr
[INPUT]  2 H      0.000000000000   0.000000000000   0.068442000000 AA    0.000000000000   0.000000000000   0.129336635417 Bohr

nuclear repulsion = 5.56241707437058
number of shells = 22
number of NR pGTOs = 100
number of NR cGTOs = 73
basis = aug-cc-pvtz
ecp = {}
CPU time:      2107.59


******** <class 'pyscf.dft.rks.RKS'> flags ********
method = RKS-RHF
initial guess = minao
damping factor = 0
level shift factor = 0
DIIS = <class 'pyscf.scf.diis.CDIIS'>
DIIS start cycle = 1
DIIS space = 8
SCF tol = 1e-09
SCF gradient tol = None
max. SCF cycles = 120
direct_scf = True
direct_scf_tol = 1e-13
chkfile to save SCF result = ph.chk
max_memory 64000 MB (current use 149 MB)
XC functionals = m06-l
small_rho_cutoff = 1e-07
radial grids: 
    Treutler-Ahlrichs (JCP 102, 346 (M4)) radial grids
    
becke partition: Becke, JCP, 88, 2547 (1988)
pruning grids: <function nwchem_prune at 0x2ba011de95f0>
grids dens level: 4
symmetrized grids: 0
atomic radii adjust function: <function treutler_atomic_radii_adjust at 0x2ba011de9500>
Set gradient conv threshold to 3.16228e-05
tot grids = 44878
init E= -341.761588785128

WARN: HOMO -0.205905160653532 == LUMO -0.205905160653531

cycle= 1 E= -341.824200768457  delta_E= -0.0626  |g|= 0.109  |ddm|= 1.15
  HOMO = -0.191919858986114  LUMO = -0.178949160667764
cycle= 2 E= -341.820565438599  delta_E= 0.00364  |g|= 0.149  |ddm|= 1.49
  HOMO = -0.184826667940857  LUMO = -0.181043273252378
cycle= 3 E= -341.824851836666  delta_E= -0.00429  |g|= 0.0905  |ddm|= 0.0786
  HOMO = -0.191261367417652  LUMO = -0.188056012641367
cycle= 4 E= -341.824215411503  delta_E= 0.000636  |g|= 0.0997  |ddm|= 1.43
  HOMO = -0.191147907931449  LUMO = -0.187438732363868
cycle= 5 E= -341.82442438364  delta_E= -0.000209  |g|= 0.0968  |ddm|= 0.0114
  HOMO = -0.191201465724377  LUMO = -0.187458797782138
cycle= 6 E= -341.824402943284  delta_E= 2.14e-05  |g|= 0.0972  |ddm|= 0.000883
  HOMO = -0.191854856140835  LUMO = -0.19010619385896
cycle= 7 E= -341.825275307636  delta_E= -0.000872  |g|= 0.0824  |ddm|= 0.0429
  HOMO = -0.193709459741088  LUMO = -0.18992684558417
cycle= 8 E= -341.824240569137  delta_E= 0.00103  |g|= 0.0998  |ddm|= 1.42
  HOMO = -0.193299403227005  LUMO = -0.189981640156942
cycle= 9 E= -341.82450263752  delta_E= -0.000262  |g|= 0.0957  |ddm|= 0.0648
  HOMO = -0.192540805681658  LUMO = -0.190475740418616
cycle= 10 E= -341.825070249406  delta_E= -0.000568  |g|= 0.086  |ddm|= 0.0555
  HOMO = -0.195635208550561  LUMO = -0.189469133576634
cycle= 11 E= -341.822958312088  delta_E= 0.00211  |g|= 0.118  |ddm|= 1.43
  HOMO = -0.194677850968668  LUMO = -0.1903875578695
cycle= 12 E= -341.823941962023  delta_E= -0.000984  |g|= 0.104  |ddm|= 0.0483
  HOMO = -0.194636895906882  LUMO = -0.190381193043237
cycle= 13 E= -341.82396160024  delta_E= -1.96e-05  |g|= 0.104  |ddm|= 0.00265
  HOMO = -0.195139400135007  LUMO = -0.189345953623478
cycle= 14 E= -341.823155562158  delta_E= 0.000806  |g|= 0.115  |ddm|= 0.0535
  HOMO = -0.195026208714798  LUMO = -0.189296012324509
cycle= 15 E= -341.823192403111  delta_E= -3.68e-05  |g|= 0.115  |ddm|= 0.00145
  HOMO = -0.196394401788755  LUMO = -0.188674697231798
cycle= 16 E= -341.822016357141  delta_E= 0.00118  |g|= 0.129  |ddm|= 0.0326
  HOMO = -0.195377567202198  LUMO = -0.187761330109688
cycle= 17 E= -341.822147868892  delta_E= -0.000132  |g|= 0.128  |ddm|= 1.41
  HOMO = -0.195616457013664  LUMO = -0.187454071235818
cycle= 18 E= -341.821807307152  delta_E= 0.000341  |g|= 0.132  |ddm|= 0.00841
  HOMO = -0.195611419059498  LUMO = -0.187556385107321
cycle= 19 E= -341.821875034754  delta_E= -6.77e-05  |g|= 0.131  |ddm|= 0.0101
  HOMO = -0.193388265608319  LUMO = -0.19038794644446
cycle= 20 E= -341.824576808538  delta_E= -0.0027  |g|= 0.0939  |ddm|= 1.43
  HOMO = -0.195935306747922  LUMO = -0.188382467727134
cycle= 21 E= -341.822083966309  delta_E= 0.00249  |g|= 0.129  |ddm|= 0.0566

WARN: HOMO -0.192142455664597 == LUMO -0.191555314021422

cycle= 22 E= -341.825564947728  delta_E= -0.00348  |g|= 0.0761  |ddm|= 1.42

WARN: HOMO -0.192053370165917 == LUMO -0.191394538921039

cycle= 23 E= -341.825351284064  delta_E= 0.000214  |g|= 0.0799  |ddm|= 1.43
  HOMO = -0.19370712433302  LUMO = -0.190607421925167
cycle= 24 E= -341.824593120914  delta_E= 0.000758  |g|= 0.0938  |ddm|= 1.36
  HOMO = -0.193829471542471  LUMO = -0.190590720997395
cycle= 25 E= -341.824555199429  delta_E= 3.79e-05  |g|= 0.0945  |ddm|= 0.235
  HOMO = -0.195152087532386  LUMO = -0.189636749575001
cycle= 26 E= -341.823451217495  delta_E= 0.0011  |g|= 0.111  |ddm|= 0.0781
  HOMO = -0.193783408408476  LUMO = -0.190837875871637
cycle= 27 E= -341.824670982238  delta_E= -0.00122  |g|= 0.0925  |ddm|= 0.0952
  HOMO = -0.192828870330083  LUMO = -0.191446781301256
cycle= 28 E= -341.824955605164  delta_E= -0.000285  |g|= 0.0867  |ddm|= 0.242
  HOMO = -0.197410786878439  LUMO = -0.187770121646897
cycle= 29 E= -341.82068395342  delta_E= 0.00427  |g|= 0.144  |ddm|= 1.37
  HOMO = -0.197401479653632  LUMO = -0.187763969437852
cycle= 30 E= -341.820688229645  delta_E= -4.28e-06  |g|= 0.144  |ddm|= 0.00168
  HOMO = -0.197196034034132  LUMO = -0.187554204073204
cycle= 31 E= -341.820652546439  delta_E= 3.57e-05  |g|= 0.145  |ddm|= 0.0466
  HOMO = -0.196799791621645  LUMO = -0.187855827697949
cycle= 32 E= -341.821160414169  delta_E= -0.000508  |g|= 0.139  |ddm|= 0.0183
  HOMO = -0.197213792132463  LUMO = -0.186125357003352
cycle= 33 E= -341.819598391003  delta_E= 0.00156  |g|= 0.155  |ddm|= 1.42
  HOMO = -0.199590282605862  LUMO = -0.185090171660976
cycle= 34 E= -341.816686706947  delta_E= 0.00291  |g|= 0.181  |ddm|= 0.0452
  HOMO = -0.197564901724685  LUMO = -0.187934046370717
cycle= 35 E= -341.8208236941  delta_E= -0.00414  |g|= 0.143  |ddm|= 0.0735
  HOMO = -0.19670881768897  LUMO = -0.189236207699006
cycle= 36 E= -341.822253096299  delta_E= -0.00143  |g|= 0.126  |ddm|= 0.0246
  HOMO = -0.195056814874935  LUMO = -0.190169986528619
cycle= 37 E= -341.823836979721  delta_E= -0.00158  |g|= 0.105  |ddm|= 0.0426
  HOMO = -0.193246804749847  LUMO = -0.187832129722481
cycle= 38 E= -341.823535496996  delta_E= 0.000301  |g|= 0.111  |ddm|= 1.42

WARN: HOMO -0.191568894060716 == LUMO -0.190624948387671

cycle= 39 E= -341.825449863216  delta_E= -0.00191  |g|= 0.0779  |ddm|= 1.43
  HOMO = -0.194231617846297  LUMO = -0.187157162389751
cycle= 40 E= -341.822609027409  delta_E= 0.00284  |g|= 0.123  |ddm|= 1.43
  HOMO = -0.193975202840382  LUMO = -0.186832619313165
cycle= 41 E= -341.822594701783  delta_E= 1.43e-05  |g|= 0.123  |ddm|= 0.0189
  HOMO = -0.192635638213215  LUMO = -0.189381581690148
cycle= 42 E= -341.824670435283  delta_E= -0.00208  |g|= 0.0934  |ddm|= 0.0577
  HOMO = -0.193315392750057  LUMO = -0.187634590095732
cycle= 43 E= -341.823368264427  delta_E= 0.0013  |g|= 0.113  |ddm|= 1.43
  HOMO = -0.194475984082219  LUMO = -0.18913294546002
cycle= 44 E= -341.823471377655  delta_E= -0.000103  |g|= 0.111  |ddm|= 1.42
  HOMO = -0.194718338050116  LUMO = -0.187930698727612
cycle= 45 E= -341.822620294513  delta_E= 0.000851  |g|= 0.122  |ddm|= 1.41
  HOMO = -0.19557443845599  LUMO = -0.187630442272301
cycle= 46 E= -341.82184789483  delta_E= 0.000772  |g|= 0.131  |ddm|= 0.0225

WARN: HOMO -0.19092929447659 == LUMO -0.190632472757718

cycle= 47 E= -341.824493469237  delta_E= -0.00265  |g|= 0.0929  |ddm|= 1.22
  HOMO = -0.190612150928218  LUMO = -0.189219796319287
cycle= 48 E= -341.825224380364  delta_E= -0.000731  |g|= 0.0828  |ddm|= 1.25
  HOMO = -0.193069721304708  LUMO = -0.189613509660315
cycle= 49 E= -341.824344078094  delta_E= 0.00088  |g|= 0.0978  |ddm|= 1.43
  HOMO = -0.194705787692087  LUMO = -0.188487748403416
cycle= 50 E= -341.822893096454  delta_E= 0.00145  |g|= 0.119  |ddm|= 0.0428
  HOMO = -0.195514975606248  LUMO = -0.188688669893407
cycle= 51 E= -341.822555151195  delta_E= 0.000338  |g|= 0.123  |ddm|= 0.00825

WARN: HOMO -0.19118754175624 == LUMO -0.190259379158217

cycle= 52 E= -341.825126763534  delta_E= -0.00257  |g|= 0.0843  |ddm|= 0.543
  HOMO = -0.193510673334165  LUMO = -0.1881205796042
cycle= 53 E= -341.823476685879  delta_E= 0.00165  |g|= 0.111  |ddm|= 0.47
  HOMO = -0.193696200441628  LUMO = -0.189823086339565
cycle= 54 E= -341.823787995696  delta_E= -0.000311  |g|= 0.105  |ddm|= 0.161
  HOMO = -0.196630053665038  LUMO = -0.188526795607368
cycle= 55 E= -341.821634508577  delta_E= 0.00215  |g|= 0.134  |ddm|= 1.42
  HOMO = -0.194678734723976  LUMO = -0.190353002555255
cycle= 56 E= -341.82382226501  delta_E= -0.00219  |g|= 0.106  |ddm|= 0.0435
  HOMO = -0.193970699536645  LUMO = -0.190502790485142
cycle= 57 E= -341.824303158254  delta_E= -0.000481  |g|= 0.0985  |ddm|= 0.0341
  HOMO = -0.197454885287431  LUMO = -0.187067190930037
cycle= 58 E= -341.82016741826  delta_E= 0.00414  |g|= 0.149  |ddm|= 1.43
  HOMO = -0.195172333710019  LUMO = -0.188502612159492
cycle= 59 E= -341.822622279484  delta_E= -0.00245  |g|= 0.122  |ddm|= 0.0448

WARN: HOMO -0.192403766871265 == LUMO -0.19203625115905

cycle= 60 E= -341.824928722559  delta_E= -0.00231  |g|= 0.0867  |ddm|= 1.29
  HOMO = -0.193329253312867  LUMO = -0.190577543055766
cycle= 61 E= -341.824688096278  delta_E= 0.000241  |g|= 0.0925  |ddm|= 1.32

WARN: HOMO -0.192201314053184 == LUMO -0.191782823595756

cycle= 62 E= -341.82548725433  delta_E= -0.000799  |g|= 0.0771  |ddm|=  1.4

WARN: HOMO -0.192218670053663 == LUMO -0.19150644544865

cycle= 63 E= -341.825542174557  delta_E= -5.49e-05  |g|= 0.0765  |ddm|= 0.235
  HOMO = -0.192871816874735  LUMO = -0.190632220799361
cycle= 64 E= -341.824887043949  delta_E= 0.000655  |g|= 0.0885  |ddm|= 0.0354
  HOMO = -0.192893845960232  LUMO = -0.190418021277192
cycle= 65 E= -341.824776194802  delta_E= 0.000111  |g|= 0.0904  |ddm|= 0.0412
  HOMO = -0.193811253599424  LUMO = -0.189473261857325
cycle= 66 E= -341.823872577749  delta_E= 0.000904  |g|= 0.105  |ddm|= 0.0228
  HOMO = -0.196440916053276  LUMO = -0.18798644743124
cycle= 67 E= -341.821516484756  delta_E= 0.00236  |g|= 0.135  |ddm|= 1.43
  HOMO = -0.196377924048965  LUMO = -0.188022932119668
cycle= 68 E= -341.821579562345  delta_E= -6.31e-05  |g|= 0.135  |ddm|= 0.00475
  HOMO = -0.196410158065663  LUMO = -0.188047647863305
cycle= 69 E= -341.821568743179  delta_E= 1.08e-05  |g|= 0.135  |ddm|= 0.00947
  HOMO = -0.196594770732643  LUMO = -0.187965253309669
cycle= 70 E= -341.821390549555  delta_E= 0.000178  |g|= 0.137  |ddm|= 0.00356
  HOMO = -0.197123410626564  LUMO = -0.188010779151585
cycle= 71 E= -341.821085091807  delta_E= 0.000305  |g|= 0.14  |ddm|= 0.0178
  HOMO = -0.195000953228941  LUMO = -0.190379166672261
cycle= 72 E= -341.823880509201  delta_E= -0.0028  |g|= 0.105  |ddm|= 0.0836
  HOMO = -0.19599015441561  LUMO = -0.188686562208316
cycle= 73 E= -341.822238905658  delta_E= 0.00164  |g|= 0.126  |ddm|= 1.43
  HOMO = -0.196880795835445  LUMO = -0.188044441881907
cycle= 74 E= -341.821222432773  delta_E= 0.00102  |g|= 0.138  |ddm|= 0.0194
  HOMO = -0.196218122179869  LUMO = -0.188541666589853
cycle= 75 E= -341.822002535128  delta_E= -0.00078  |g|= 0.129  |ddm|= 0.0159
  HOMO = -0.19552430922961  LUMO = -0.188860045277967
cycle= 76 E= -341.822644291024  delta_E= -0.000642  |g|= 0.122  |ddm|= 1.43
  HOMO = -0.195200549058498  LUMO = -0.189340398128717
cycle= 77 E= -341.823123231947  delta_E= -0.000479  |g|= 0.115  |ddm|= 0.00974
  HOMO = -0.192812029228793  LUMO = -0.191636827533657
cycle= 78 E= -341.825411035212  delta_E= -0.00229  |g|= 0.0792  |ddm|= 0.0622

WARN: HOMO -0.192335199436623 == LUMO -0.1921073777414

cycle= 79 E= -341.825700850885  delta_E= -0.00029  |g|= 0.073  |ddm|= 0.182
  HOMO = -0.194534477861766  LUMO = -0.18971387677654
cycle= 80 E= -341.823714012124  delta_E= 0.00199  |g|= 0.108  |ddm|= 1.43
  HOMO = -0.195000516241731  LUMO = -0.189269077786312
cycle= 81 E= -341.823185751461  delta_E= 0.000528  |g|= 0.115  |ddm|= 0.0117
  HOMO = -0.195094860345268  LUMO = -0.189175985318198
cycle= 82 E= -341.823074699296  delta_E= 0.000111  |g|= 0.116  |ddm|= 0.00282
  HOMO = -0.195173761214117  LUMO = -0.189115775982637
cycle= 83 E= -341.822992153865  delta_E= 8.25e-05  |g|= 0.117  |ddm|= 0.00173
  HOMO = -0.195816832316414  LUMO = -0.188587592619875
cycle= 84 E= -341.822302814702  delta_E= 0.000689  |g|= 0.126  |ddm|= 0.0153
  HOMO = -0.19496857309506  LUMO = -0.189507985961868
cycle= 85 E= -341.823355175636  delta_E= -0.00105  |g|= 0.113  |ddm|= 0.0211
  HOMO = -0.19693172485851  LUMO = -0.188387002933489
cycle= 86 E= -341.821387135978  delta_E= 0.00197  |g|= 0.136  |ddm|= 1.43
  HOMO = -0.197102048327584  LUMO = -0.188303826380189
cycle= 87 E= -341.821211307905  delta_E= 0.000176  |g|= 0.138  |ddm|= 0.00371
  HOMO = -0.197130804177817  LUMO = -0.188284096964172
cycle= 88 E= -341.821177555213  delta_E= 3.38e-05  |g|= 0.139  |ddm|= 0.00101
  HOMO = -0.193200824282958  LUMO = -0.191579170785061
cycle= 89 E= -341.825213751114  delta_E= -0.00404  |g|= 0.083  |ddm|= 0.0913
  HOMO = -0.19545651770847  LUMO = -0.189363278278197
cycle= 90 E= -341.822977658802  delta_E= 0.00224  |g|= 0.117  |ddm|= 1.43
  HOMO = -0.195863152505573  LUMO = -0.188986119386997
cycle= 91 E= -341.822510837873  delta_E= 0.000467  |g|= 0.123  |ddm|= 0.01
  HOMO = -0.195799676825398  LUMO = -0.189061947484798
cycle= 92 E= -341.822594400861  delta_E= -8.36e-05  |g|= 0.122  |ddm|= 0.00275
  HOMO = -0.197701887586246  LUMO = -0.187653548585146
cycle= 93 E= -341.820349494131  delta_E= 0.00224  |g|= 0.148  |ddm|= 0.0396
  HOMO = -0.197156403376366  LUMO = -0.188162198355205
cycle= 94 E= -341.821125077089  delta_E= -0.000776  |g|= 0.14  |ddm|= 0.0131
  HOMO = -0.196189606251354  LUMO = -0.188736646177924
cycle= 95 E= -341.822161761981  delta_E= -0.00104  |g|= 0.128  |ddm|= 0.0186
  HOMO = -0.196570745406133  LUMO = -0.188838699756309
cycle= 96 E= -341.821938360178  delta_E= 0.000223  |g|= 0.13  |ddm|= 1.43
  HOMO = -0.196287459675157  LUMO = -0.189051796911367
cycle= 97 E= -341.822257258153  delta_E= -0.000319  |g|= 0.126  |ddm|= 0.00582
  HOMO = -0.194140217676691  LUMO = -0.19064870649223
cycle= 98 E= -341.824377787112  delta_E= -0.00212  |g|= 0.0973  |ddm|= 0.0501
  HOMO = -0.193188014404212  LUMO = -0.191239471318287
cycle= 99 E= -341.825108556127  delta_E= -0.000731  |g|= 0.0851  |ddm|= 1.43

WARN: HOMO -0.192255130104716 == LUMO -0.192138296406772

cycle= 100 E= -341.8255985794  delta_E= -0.00049  |g|= 0.075  |ddm|=  1.4
  HOMO = -0.193665239450992  LUMO = -0.190643140121097
cycle= 101 E= -341.824581840897  delta_E= 0.00102  |g|= 0.0938  |ddm|=  1.4
  HOMO = -0.192697598311102  LUMO = -0.191539964715479
cycle= 102 E= -341.825395093137  delta_E= -0.000813  |g|= 0.0794  |ddm|= 0.0273

WARN: HOMO -0.192379823753169 == LUMO -0.191701089289559

cycle= 103 E= -341.825565866303  delta_E= -0.000171  |g|= 0.0759  |ddm|= 0.0161
  HOMO = -0.193423870520977  LUMO = -0.190812206981038
cycle= 104 E= -341.824806065326  delta_E= 0.00076  |g|= 0.0903  |ddm|= 1.43
  HOMO = -0.193314606560885  LUMO = -0.190902278625986
cycle= 105 E= -341.82487033649  delta_E= -6.43e-05  |g|= 0.0891  |ddm|= 0.0129
  HOMO = -0.195477176261641  LUMO = -0.188924990946151
cycle= 106 E= -341.822703040483  delta_E= 0.00217  |g|= 0.121  |ddm|= 0.0517

WARN: HOMO -0.192239538695282 == LUMO -0.19207628401254

cycle= 107 E= -341.825642195197  delta_E= -0.00294  |g|= 0.074  |ddm|= 1.42
  HOMO = -0.19483750141896  LUMO = -0.189758343770637
cycle= 108 E= -341.823558562838  delta_E= 0.00208  |g|= 0.11  |ddm|= 1.42
  HOMO = -0.19436602617955  LUMO = -0.190116746234558
cycle= 109 E= -341.823997181314  delta_E= -0.000439  |g|= 0.103  |ddm|= 0.013
  HOMO = -0.196981192257397  LUMO = -0.188274943969016
cycle= 110 E= -341.821337771919  delta_E= 0.00266  |g|= 0.137  |ddm|= 1.43
  HOMO = -0.195427757573253  LUMO = -0.189508675011352
cycle= 111 E= -341.823084946803  delta_E= -0.00175  |g|= 0.116  |ddm|= 0.0327
  HOMO = -0.19560152626278  LUMO = -0.189360638720132
cycle= 112 E= -341.822918626736  delta_E= 0.000166  |g|= 0.118  |ddm|= 0.0032
  HOMO = -0.193016878375457  LUMO = -0.191848902714781
cycle= 113 E= -341.825342344341  delta_E= -0.00242  |g|= 0.0806  |ddm|= 0.191
  HOMO = -0.194084683245618  LUMO = -0.190691269587486
cycle= 114 E= -341.824430355011  delta_E= 0.000912  |g|= 0.0963  |ddm|= 1.41
  HOMO = -0.195362765108729  LUMO = -0.189688625308952
cycle= 115 E= -341.82325260416  delta_E= 0.00118  |g|= 0.114  |ddm|= 0.0481
  HOMO = -0.19335049453549  LUMO = -0.191387041740439
cycle= 116 E= -341.825073276611  delta_E= -0.00182  |g|= 0.0853  |ddm|= 0.0499
  HOMO = -0.197285724698533  LUMO = -0.187725229578308
cycle= 117 E= -341.820745420697  delta_E= 0.00433  |g|= 0.144  |ddm|= 1.43
  HOMO = -0.196631860787902  LUMO = -0.188171246246899
cycle= 118 E= -341.821500155847  delta_E= -0.000755  |g|= 0.135  |ddm|= 0.0134
  HOMO = -0.198032827357582  LUMO = -0.187137742844957
cycle= 119 E= -341.819744790365  delta_E= 0.00176  |g|= 0.154  |ddm|= 0.0292
  HOMO = -0.197809812203044  LUMO = -0.187296521961828
cycle= 120 E= -341.820041970309  delta_E= -0.000297  |g|= 0.151  |ddm|= 0.00503
SCF not converged.
SCF energy = -341.820041970309
Electronic spatial extent <R**2> (au): 152.5254
* Multipoles in the independent field-basis, Gauge -> (0,0,0)
Electronic Dipole moment(X, Y, Z, Debye): -0.0009, -0.0002, 108.7740
Nuclear Dipole moment(X, Y, Z, Debye): 0.0000, 0.0000, 108.0736
Total Dipole moment(X, Y, Z, Debye): 0.0009, 0.0002, -0.7004
Quadrupole moments (Debye-Angs)
Total Quadrupole moments (XX, YY, ZZ): -10.7510, -17.5847, -15.6658
Total Quadrupole moments (XY, XZ, YZ): 0.4718, 0.0015, 0.0002
Octupole moments (Debye-Angs**2)
Total Octupole moments (XXX, YYY, ZZZ, XYY): 0.0011, 0.0003, -62.8877, 0.0006
Total Octupole moments (XXY, XXZ, XZZ, YZZ): 0.0000, -15.2239, 0.0027, 0.0003
Total Octupole moments (YYZ, XYZ): -25.2710, 0.6935
Hexadecapole moments (Debye-Angs**3)
Total Hexadecapole moments (XXXX, YYYY, ZZZZ, XXXY): -12.7311, -31.9797, -203.9451, 0.6913
Total Hexadecapole moments (XXXZ, YYYX, YYYZ, ZZZX): 0.0018, 0.6378, 0.0004, 0.0057
Total Hexadecapole moments (ZZZY, XXYY, XXZZ, YYZZ): 0.0006, -7.5695, -28.8141, -46.9651
Total Hexadecapole moments (XXYZ, YYXZ, ZZXY): 0.0000, 0.0010, 1.2531
