#INFO: **** input file is /home/jluis/src/git/db/diatomic-wfn/m06-l/run_sp.py ****
#!/usr/bin/env python

import numpy, sys, os
from pyscf import lib, gto, scf, dft
from pyscf.tools import molden
from pyscf.data import radii

def read_molecule(path):

    charge = spin = 0
    with open(path, 'r') as myfile:
        output = myfile.read()
        output = output.lstrip()
        output = output.rstrip()
        output = output.split('\n')

    try:
        int(output[0])
    except ValueError:
        try:
            charge = int(output[0].split(' ')[0])
            spin = int(output[0].split(' ')[1]) - 1
        except ValueError:
            molecule = output
        else:
            molecule = '\n'.join(output[1:])
    else:
        if int(output[0]) == len(output) - 2:
            molecule = '\n'.join(output[2:])
            try:
                charge = int(output[1].split(' ')[0])
                spin = int(output[1].split(' ')[1])-1
            except ValueError:
                pass
        else:
            print "THIS IS NOT A VALID XYZ FILE"

    return (molecule, charge, spin)

directory = '../../diatomic/'
files = [i for i in os.listdir(directory) if i.endswith('.xyz')]

for filename in files:

    name = filename[:-8]
    mol = gto.Mole()
    (mol.atom, charge, spin) = read_molecule(directory+filename)
    mol.basis = 'aug-cc-pvtz'
    mol.charge = charge
    mol.spin = spin
    mol.output = name+'.out'
    mol.symmetry = 0
    mol.verbose = 4
    mol.build()

    mf = dft.RKS(mol) 
    mf.xc = 'm06-l'
    mf.grids.level = 4
    mf.max_cycle = 120
    mf.chkfile = name+'.chk'
    mf = scf.addons.remove_linear_dep_(mf)
    #mf = mf.newton()
    mf.kernel()
    #
    #stable_cyc = 3
    #for i in range(stable_cyc):
    #    new_mo_coeff = mf.stability(internal=True, external=False)[0]
    #    if numpy.linalg.norm(numpy.array(new_mo_coeff) - numpy.array(mf.mo_coeff)) < 10**-8:
    #        lib.logger.info(mf,"* The molecule is stable")
    #        break
    #    else:
    #        lib.logger.info(mf,"* The molecule is unstable")
    #        n_alpha = numpy.count_nonzero(mf.mo_occ)
    #        P_alpha = 2.0*numpy.dot(new_mo_coeff[:, :n_alpha], new_mo_coeff.T[:n_alpha])
    #        mf.kernel(dm0=(P_alpha))
    #        lib.logger.info(mf,"* Updated SCF energy and orbitals: %.6f" % mf.e_tot)
    #
    dm = mf.make_rdm1()
    nao = mol.nao_nr()
    unit = 2.541746
    origin = ([0.0,0.0,0.0])
    charges = mol.atom_charges()
    coords  = mol.atom_coords()
    mol.set_common_orig(origin)
    r2 = mol.intor_symmetric('int1e_r2')
    r2 = numpy.einsum('ij,ji->', r2, dm)
    lib.logger.info(mf,'Electronic spatial extent <R**2> (au): %.4f', r2)

    lib.logger.info(mf,'* Multipoles in the independent field-basis, Gauge -> (0,0,0)')
    ao_dip = mol.intor_symmetric('int1e_r', comp=3)
    el_dip = numpy.einsum('xij,ji->x', ao_dip, dm)
    lib.logger.info(mf,'Electronic Dipole moment(X, Y, Z, Debye): %.4f, %.4f, %.4f', *el_dip*unit)
    nucl_dip = numpy.einsum('i,ix->x', charges, coords)
    lib.logger.info(mf,'Nuclear Dipole moment(X, Y, Z, Debye): %.4f, %.4f, %.4f', *nucl_dip*unit)
    mol_dip = (nucl_dip - el_dip) * unit
    lib.logger.info(mf,'Total Dipole moment(X, Y, Z, Debye): %.4f, %.4f, %.4f', *mol_dip)

    lib.logger.info(mf,'Quadrupole moments (Debye-Angs)')
    rr = mol.intor_symmetric('int1e_rr', comp=9).reshape(3,3,nao,nao)
    rr = -1.0*numpy.einsum('xyij,ji->xy', rr, dm)
    rr += numpy.einsum('z,zx,zy->xy', charges, coords, coords)
    rr = rr*unit*lib.param.BOHR
    lib.logger.info(mf,'Total Quadrupole moments (XX, YY, ZZ): %.4f, %.4f, %.4f', \
    rr[0,0], rr[1,1], rr[2,2])
    lib.logger.info(mf,'Total Quadrupole moments (XY, XZ, YZ): %.4f, %.4f, %.4f', \
    rr[0,1], rr[0,2], rr[1,2])
 
    lib.logger.info(mf,'Octupole moments (Debye-Angs**2)')
    rrr = mol.intor_symmetric('int1e_rrr', comp=27).reshape(3,3,3,nao,nao)
    rrr = -1.0*numpy.einsum('xyzij,ji->xyz', rrr, dm)
    rrr += numpy.einsum('z,zx,zy,zk->xyk', charges, coords, coords, coords)
    rrr = rrr*unit*lib.param.BOHR**2
    lib.logger.info(mf,'Total Octupole moments (XXX, YYY, ZZZ, XYY): %.4f, %.4f, %.4f, %.4f', \
    rrr[0,0,0], rrr[1,1,1], rrr[2,2,2], rrr[0,1,1])
    lib.logger.info(mf,'Total Octupole moments (XXY, XXZ, XZZ, YZZ): %.4f, %.4f, %.4f, %.4f', \
    rrr[0,0,1], rrr[0,0,2], rrr[0,2,2], rrr[1,2,2])
    lib.logger.info(mf,'Total Octupole moments (YYZ, XYZ): %.4f, %.4f', rrr[1,1,2], rrr[0,1,2])

    lib.logger.info(mf,'Hexadecapole moments (Debye-Angs**3)')
    rrrr = mol.intor_symmetric('int1e_rrrr', comp=81).reshape(3,3,3,3,nao,nao)
    rrrr = -1.0*numpy.einsum('xyzwij,ji->xyzw', rrrr, dm)
    rrrr += numpy.einsum('z,zx,zy,zk,zw->xykw', charges, coords, coords, coords, coords)
    rrrr = rrrr*unit*lib.param.BOHR**3
    lib.logger.info(mf,'Total Hexadecapole moments (XXXX, YYYY, ZZZZ, XXXY): %.4f, %.4f, %.4f, %.4f', \
    rrrr[0,0,0,0], rrrr[1,1,1,1], rrrr[2,2,2,2], rrrr[0,0,0,1])
    lib.logger.info(mf,'Total Hexadecapole moments (XXXZ, YYYX, YYYZ, ZZZX): %.4f, %.4f, %.4f, %.4f', \
    rrrr[0,0,0,2], rrrr[1,1,1,0], rrrr[1,1,1,2], rrrr[2,2,2,0])
    lib.logger.info(mf,'Total Hexadecapole moments (ZZZY, XXYY, XXZZ, YYZZ): %.4f, %.4f, %.4f, %.4f', \
    rrrr[2,2,2,1], rrrr[0,0,1,1], rrrr[0,0,2,2], rrrr[1,1,2,2])
    lib.logger.info(mf,'Total Hexadecapole moments (XXYZ, YYXZ, ZZXY): %.4f, %.4f, %.4f', \
    rrrr[0,0,1,2], rrrr[1,1,0,2], rrrr[2,2,0,1])
     
    coeff = mf.mo_coeff[:,mf.mo_occ>0]
    occ = mf.mo_occ[mf.mo_occ>0]
    energy = mf.mo_energy[mf.mo_occ>0]
    den_file = name+'.mol'
    fspt = open(den_file,'w')
    molden.header(mol, fspt)
    molden.orbital_coeff(mol, fspt, coeff, ene=energy, occ=occ) 
    fspt.close()                    
    cmd = '/home/jluis/bin/molden2aim '+name
    os.system(cmd)
    den_file = name+'.wfn'
    fspt = open(den_file,'a')
    fspt.write('RHF\n')
    fspt.close()                    

    pmd_file = name+'.pmd'
    fspt = open(pmd_file,'w')
    fspt.write('%s.wfn\n' % (name))
    if (mol.symmetry == False):
        fspt.write('nosymmetry\n')
    fspt.write('tes\n')
    fspt.write('  epsiscp 0.220\n')
    fspt.write('  radialquad 7\n')
    fspt.write('  rmapping 2\n')
    fspt.write('  lmax 10\n')
    fspt.write('  nr 551\n')
    fspt.write('  lebedev 5810\n')
    fspt.write('  betasphere\n')
    for ia in range(mol.natm):
        symb = mol.atom_pure_symbol(ia)
        inuc = lib.parameters.NUC[symb]
        betarad = radii.COVALENT[inuc]/3.5
        fspt.write('  betaradw %d %1.3f\n' % ((ia+1),betarad))
    fspt.write('  radialquadbeta 7\n')
    fspt.write('  rmappingbeta 3\n')
    fspt.write('  lmaxbeta 8\n')
    fspt.write('  nrb 451\n')
    fspt.write('  lebedevbeta 3074\n')
    fspt.write('  dafh\n')
    fspt.write('endtes')
    fspt.close()                    

    cmd = 'rm '+name+'.mol'
    os.system(cmd)
#INFO: ******************** input file end ********************


System: ('Linux', 'silicio', '3.16.0-4-amd64', '#1 SMP Debian 3.16.51-3 (2017-12-13)', 'x86_64', '')  Threads 12
Python 2.7.14 (default, Apr  9 2018, 16:34:43) 
[GCC 7.3.0]
numpy 1.14.2  scipy 1.0.1
Date: Fri Jun 29 22:57:15 2018
PySCF version 1.5
PySCF path  /home/jluis/src/pyscf/pyscf
GIT ORIG_HEAD f2dbb26d09ae5148fbf5975669a994500ac7a4c9
GIT HEAD      ref: refs/heads/master
GIT master branch  f2dbb26d09ae5148fbf5975669a994500ac7a4c9

[ENV] PYSCF_TMPDIR /scratch-ssd/jluis
[CONFIG] conf_file None
[INPUT] verbose = 4
[INPUT] num. atoms = 2
[INPUT] num. electrons = 28
[INPUT] charge = 0
[INPUT] spin (= nelec alpha-beta = 2S) = 0
[INPUT] symmetry 0 subgroup None
[INPUT] Mole.unit = angstrom
[INPUT]  1 Si     0.000000000000   0.000000000000   1.023713000000 AA    0.000000000000   0.000000000000   1.934537200157 Bohr
[INPUT]  2 Si     0.000000000000   0.000000000000  -1.023713000000 AA    0.000000000000   0.000000000000  -1.934537200157 Bohr

nuclear repulsion = 50.6581108867036
number of shells = 26
number of NR pGTOs = 150
number of NR cGTOs = 100
basis = aug-cc-pvtz
ecp = {}
CPU time:       979.40


******** <class 'pyscf.dft.rks.RKS'> flags ********
method = RKS-RHF
initial guess = minao
damping factor = 0
level shift factor = 0
DIIS = <class 'pyscf.scf.diis.CDIIS'>
DIIS start cycle = 1
DIIS space = 8
SCF tol = 1e-09
SCF gradient tol = None
max. SCF cycles = 120
direct_scf = True
direct_scf_tol = 1e-13
chkfile to save SCF result = si2.chk
max_memory 64000 MB (current use 104 MB)
XC functionals = m06-l
small_rho_cutoff = 1e-07
radial grids: 
    Treutler-Ahlrichs (JCP 102, 346 (M4)) radial grids
    
becke partition: Becke, JCP, 88, 2547 (1988)
pruning grids: <function nwchem_prune at 0x2ba011de95f0>
grids dens level: 4
symmetrized grids: 0
atomic radii adjust function: <function treutler_atomic_radii_adjust at 0x2ba011de9500>
Set gradient conv threshold to 3.16228e-05
tot grids = 55916
init E= -578.968026090993
  HOMO = -0.215332651467633  LUMO = -0.197302372844392
cycle= 1 E= -578.792829559279  delta_E= 0.175  |g|= 0.267  |ddm|=  1.5

WARN: HOMO -0.163901271392324 == LUMO -0.163901271392323

cycle= 2 E= -578.743428989572  delta_E= 0.0494  |g|= 0.372  |ddm|= 2.12
  HOMO = -0.196937026845724  LUMO = -0.188496195220914
cycle= 3 E= -578.817320549429  delta_E= -0.0739  |g|= 0.0949  |ddm|= 1.87
  HOMO = -0.199708127495712  LUMO = -0.198563941831151
cycle= 4 E= -578.791769020554  delta_E= 0.0256  |g|= 0.17  |ddm|= 1.75
  HOMO = -0.195728895677437  LUMO = -0.191377239184293
cycle= 5 E= -578.819347274891  delta_E= -0.0276  |g|= 0.0698  |ddm|= 1.65
  HOMO = -0.198549114032794  LUMO = -0.196359506337561
cycle= 6 E= -578.820257832411  delta_E= -0.000911  |g|= 0.0479  |ddm|= 0.187

WARN: HOMO -0.198476694230771 == LUMO -0.198474059486939

cycle= 7 E= -578.791682644745  delta_E= 0.0286  |g|= 0.171  |ddm|= 1.62

WARN: HOMO -0.198492155650617 == LUMO -0.198474728647535

cycle= 8 E= -578.791127705021  delta_E= 0.000555  |g|= 0.175  |ddm|= 0.107

WARN: HOMO -0.198497461038682 == LUMO -0.198479203842097

cycle= 9 E= -578.791140168404  delta_E= -1.25e-05  |g|= 0.175  |ddm|= 0.028

WARN: HOMO -0.198817420817877 == LUMO -0.198593869371732

cycle= 10 E= -578.79056927009  delta_E= 0.000571  |g|= 0.179  |ddm|= 0.203

WARN: HOMO -0.198597793925691 == LUMO -0.198384853288939

cycle= 11 E= -578.791316479709  delta_E= -0.000747  |g|= 0.173  |ddm|= 0.122
  HOMO = -0.198547297157266  LUMO = -0.192780553207069
cycle= 12 E= -578.81851134469  delta_E= -0.0272  |g|= 0.0829  |ddm|= 1.81
  HOMO = -0.198299802647651  LUMO = -0.193906996013786
cycle= 13 E= -578.819343305731  delta_E= -0.000832  |g|= 0.0694  |ddm|= 0.171

WARN: HOMO -0.198748236844398 == LUMO -0.198614021805136

cycle= 14 E= -578.791011537496  delta_E= 0.0283  |g|= 0.176  |ddm|= 1.77

WARN: HOMO -0.198735786408721 == LUMO -0.198555719423024

cycle= 15 E= -578.79133015347  delta_E= -0.000319  |g|= 0.174  |ddm|= 0.0616

WARN: HOMO -0.198748193784172 == LUMO -0.198556216409588

cycle= 16 E= -578.790898253844  delta_E= 0.000432  |g|= 0.177  |ddm|= 0.236

WARN: HOMO -0.198891149082179 == LUMO -0.198696093221089

cycle= 17 E= -578.791376922172  delta_E= -0.000479  |g|= 0.173  |ddm|= 0.0719
  HOMO = -0.199665118290594  LUMO = -0.197790491810953
cycle= 18 E= -578.820290264219  delta_E= -0.0289  |g|= 0.0479  |ddm|= 1.65
  HOMO = -0.199763957895061  LUMO = -0.197505467918135
cycle= 19 E= -578.820144213861  delta_E= 0.000146  |g|= 0.0515  |ddm|= 0.0565
  HOMO = -0.200056117970039  LUMO = -0.196719841435338
cycle= 20 E= -578.81968995792  delta_E= 0.000454  |g|= 0.0616  |ddm|= 0.147
  HOMO = -0.19964638852938  LUMO = -0.197612636002085
cycle= 21 E= -578.820264298792  delta_E= -0.000574  |g|= 0.0489  |ddm|= 0.17

WARN: HOMO -0.198201588209802 == LUMO -0.19811255911956

cycle= 22 E= -578.791497701987  delta_E= 0.0288  |g|= 0.172  |ddm|= 1.64

WARN: HOMO -0.197912314160982 == LUMO -0.197826519190613

cycle= 23 E= -578.790748394997  delta_E= 0.000749  |g|= 0.177  |ddm|= 0.0998

WARN: HOMO -0.197739146758972 == LUMO -0.19766789576558

cycle= 24 E= -578.789928905151  delta_E= 0.000819  |g|= 0.183  |ddm|= 0.12

WARN: HOMO -0.197784391946871 == LUMO -0.197712447455277

cycle= 25 E= -578.790353725241  delta_E= -0.000425  |g|= 0.18  |ddm|= 0.0678

WARN: HOMO -0.197845224293674 == LUMO -0.197792503867522

cycle= 26 E= -578.790974626822  delta_E= -0.000621  |g|= 0.176  |ddm|= 0.271

WARN: HOMO -0.198187365578007 == LUMO -0.198039269429443

cycle= 27 E= -578.791865138525  delta_E= -0.000891  |g|= 0.17  |ddm|= 0.243

WARN: HOMO -0.198428608154399 == LUMO -0.198302729522763

cycle= 28 E= -578.792591916072  delta_E= -0.000727  |g|= 0.165  |ddm|= 0.187
  HOMO = -0.200049808805538  LUMO = -0.189492315058987
cycle= 29 E= -578.814440548625  delta_E= -0.0218  |g|= 0.13  |ddm|= 2.09
  HOMO = -0.201408469273624  LUMO = -0.186751010383648
cycle= 30 E= -578.809265499533  delta_E= 0.00518  |g|= 0.172  |ddm|= 0.426
  HOMO = -0.199766542446842  LUMO = -0.198493118223961
cycle= 31 E= -578.819488387609  delta_E= -0.0102  |g|= 0.0519  |ddm|= 1.52

WARN: HOMO -0.199144364381953 == LUMO -0.1990122709249

cycle= 32 E= -578.801596411531  delta_E= 0.0179  |g|= 0.134  |ddm|= 1.49
  HOMO = -0.199124068402458  LUMO = -0.197966921228023
cycle= 33 E= -578.820674903668  delta_E= -0.0191  |g|= 0.0372  |ddm|= 1.35

WARN: HOMO -0.198580669104207 == LUMO -0.198450366522403

cycle= 34 E= -578.797369173072  delta_E= 0.0233  |g|= 0.151  |ddm|= 1.48

WARN: HOMO -0.198279203138955 == LUMO -0.198229257682704

cycle= 35 E= -578.791195836889  delta_E= 0.00617  |g|= 0.177  |ddm|= 0.827

WARN: HOMO -0.198281669901846 == LUMO -0.198226154017565

cycle= 36 E= -578.791402231003  delta_E= -0.000206  |g|= 0.176  |ddm|= 0.147

WARN: HOMO -0.19828896436966 == LUMO -0.19825252466672

cycle= 37 E= -578.791095698761  delta_E= 0.000307  |g|= 0.176  |ddm|= 0.422

WARN: HOMO -0.197978286645553 == LUMO -0.197941095095938

cycle= 38 E= -578.79114879017  delta_E= -5.31e-05  |g|= 0.177  |ddm|= 0.0788
  HOMO = -0.196900004528459  LUMO = -0.19576419293904
cycle= 39 E= -578.820174509806  delta_E= -0.029  |g|= 0.0392  |ddm|= 1.56

WARN: HOMO -0.197653221235303 == LUMO -0.196688564205823

cycle= 40 E= -578.817406109943  delta_E= 0.00277  |g|= 0.0648  |ddm|= 0.867

WARN: HOMO -0.197976396896126 == LUMO -0.19768883308072

cycle= 41 E= -578.8090154479  delta_E= 0.00839  |g|=  0.1  |ddm|= 0.67

WARN: HOMO -0.198035877092423 == LUMO -0.19790747989654

cycle= 42 E= -578.820102978283  delta_E= -0.0111  |g|= 0.0412  |ddm|= 0.903

WARN: HOMO -0.198062655865414 == LUMO -0.197731762868338

cycle= 43 E= -578.812463421855  delta_E= 0.00764  |g|= 0.0862  |ddm|= 1.16

WARN: HOMO -0.198098152374184 == LUMO -0.197702898375549

cycle= 44 E= -578.820336650164  delta_E= -0.00787  |g|= 0.0378  |ddm|= 1.01

WARN: HOMO -0.19815543037579 == LUMO -0.197694756685225

cycle= 45 E= -578.820619527532  delta_E= -0.000283  |g|= 0.0342  |ddm|= 0.433

WARN: HOMO -0.197938344294085 == LUMO -0.197517772389746

cycle= 46 E= -578.819977668962  delta_E= 0.000642  |g|= 0.0418  |ddm|= 0.472

WARN: HOMO -0.197811087739856 == LUMO -0.197623954695289

cycle= 47 E= -578.813091988377  delta_E= 0.00689  |g|= 0.0832  |ddm|= 0.686

WARN: HOMO -0.197790795838797 == LUMO -0.197635695069439

cycle= 48 E= -578.820209630876  delta_E= -0.00712  |g|= 0.0381  |ddm|= 0.695

WARN: HOMO -0.197925646207679 == LUMO -0.197805442428228

cycle= 49 E= -578.819304093508  delta_E= 0.000906  |g|= 0.0469  |ddm|= 0.682

WARN: HOMO -0.198094482634266 == LUMO -0.197783086296963

cycle= 50 E= -578.795540536275  delta_E= 0.0238  |g|= 0.152  |ddm|= 1.31

WARN: HOMO -0.198014157945494 == LUMO -0.197802372933735

cycle= 51 E= -578.817466197117  delta_E= -0.0219  |g|= 0.0592  |ddm|= 1.19

WARN: HOMO -0.197866993895235 == LUMO -0.197640259390448

cycle= 52 E= -578.814799607744  delta_E= 0.00267  |g|= 0.0777  |ddm|= 0.915

WARN: HOMO -0.198103795469756 == LUMO -0.197980892226669

cycle= 53 E= -578.819631625698  delta_E= -0.00483  |g|= 0.0431  |ddm|= 0.959

WARN: HOMO -0.198066867272624 == LUMO -0.19794731716197

cycle= 54 E= -578.820170586776  delta_E= -0.000539  |g|= 0.0376  |ddm|= 0.227

WARN: HOMO -0.198081979143683 == LUMO -0.197873052599873

cycle= 55 E= -578.820302073031  delta_E= -0.000131  |g|= 0.0397  |ddm|= 0.465

WARN: HOMO -0.197937470683808 == LUMO -0.197731238034515

cycle= 56 E= -578.800543131619  delta_E= 0.0198  |g|= 0.136  |ddm|= 1.33

WARN: HOMO -0.197926938998537 == LUMO -0.197374431022256

cycle= 57 E= -578.81623243434  delta_E= -0.0157  |g|= 0.0723  |ddm|= 0.878

WARN: HOMO -0.197785553714832 == LUMO -0.197651085158554

cycle= 58 E= -578.819766558516  delta_E= -0.00353  |g|= 0.0434  |ddm|= 0.427

WARN: HOMO -0.197942256431594 == LUMO -0.197840692365959

cycle= 59 E= -578.806560905182  delta_E= 0.0132  |g|= 0.111  |ddm|= 0.979

WARN: HOMO -0.197868235385773 == LUMO -0.197685837386223

cycle= 60 E= -578.793385379591  delta_E= 0.0132  |g|= 0.158  |ddm|= 0.844

WARN: HOMO -0.19777686153817 == LUMO -0.197597310943354

cycle= 61 E= -578.792923936798  delta_E= 0.000461  |g|= 0.16  |ddm|= 0.351

WARN: HOMO -0.198063820632964 == LUMO -0.197780977903422

cycle= 62 E= -578.815925737085  delta_E= -0.023  |g|= 0.0698  |ddm|= 1.42

WARN: HOMO -0.198110670324139 == LUMO -0.197328435625203

cycle= 63 E= -578.816864031602  delta_E= -0.000938  |g|= 0.0707  |ddm|= 0.859

WARN: HOMO -0.198021929157059 == LUMO -0.197490010923721

cycle= 64 E= -578.819708226049  delta_E= -0.00284  |g|= 0.0474  |ddm|= 0.889

WARN: HOMO -0.197977381875571 == LUMO -0.19756968935246

cycle= 65 E= -578.82071881299  delta_E= -0.00101  |g|= 0.0336  |ddm|= 0.445

WARN: HOMO -0.198073344238735 == LUMO -0.197696188163673

cycle= 66 E= -578.820924037208  delta_E= -0.000205  |g|= 0.0291  |ddm|= 0.102

WARN: HOMO -0.198002276939163 == LUMO -0.197834309760001

cycle= 67 E= -578.820003618879  delta_E= 0.00092  |g|= 0.0393  |ddm|= 0.294

WARN: HOMO -0.19754360403132 == LUMO -0.197432900022031

cycle= 68 E= -578.815672399991  delta_E= 0.00433  |g|= 0.0723  |ddm|= 0.765

WARN: HOMO -0.197958516150818 == LUMO -0.197698941300918

cycle= 69 E= -578.818781206306  delta_E= -0.00311  |g|= 0.0513  |ddm|= 0.82

WARN: HOMO -0.198034598904805 == LUMO -0.197732664344243

cycle= 70 E= -578.792251943467  delta_E= 0.0265  |g|= 0.164  |ddm|= 1.47

WARN: HOMO -0.19770604589471 == LUMO -0.197586994083761

cycle= 71 E= -578.814393519455  delta_E= -0.0221  |g|= 0.0776  |ddm|= 1.38

WARN: HOMO -0.197935442053916 == LUMO -0.19772185708677

cycle= 72 E= -578.81465758714  delta_E= -0.000264  |g|= 0.0757  |ddm|= 1.22

WARN: HOMO -0.198083649914158 == LUMO -0.197844288133714

cycle= 73 E= -578.819670127727  delta_E= -0.00501  |g|= 0.0433  |ddm|= 1.12

WARN: HOMO -0.198021118049747 == LUMO -0.197847645997636

cycle= 74 E= -578.820629855312  delta_E= -0.00096  |g|= 0.0328  |ddm|= 0.248

WARN: HOMO -0.197970624034848 == LUMO -0.197827862345256

cycle= 75 E= -578.82053772114  delta_E= 9.21e-05  |g|= 0.0334  |ddm|= 0.0325

WARN: HOMO -0.198109370865367 == LUMO -0.197688626518304

cycle= 76 E= -578.819384072391  delta_E= 0.00115  |g|= 0.0474  |ddm|= 0.628

WARN: HOMO -0.197796649508685 == LUMO -0.197684395545541

cycle= 77 E= -578.813408868406  delta_E= 0.00598  |g|= 0.0818  |ddm|= 0.572

WARN: HOMO -0.197951236733165 == LUMO -0.197793456319491

cycle= 78 E= -578.8200011597  delta_E= -0.00659  |g|= 0.0406  |ddm|= 0.829

WARN: HOMO -0.198057699064384 == LUMO -0.198021748109715

cycle= 79 E= -578.792878927689  delta_E= 0.0271  |g|= 0.161  |ddm|= 1.53

WARN: HOMO -0.198178119196333 == LUMO -0.197830782898479

cycle= 80 E= -578.812243385265  delta_E= -0.0194  |g|= 0.0873  |ddm|= 1.12

WARN: HOMO -0.198127186909846 == LUMO -0.197993738767302

cycle= 81 E= -578.818215407853  delta_E= -0.00597  |g|= 0.0565  |ddm|= 1.11

WARN: HOMO -0.197973410868403 == LUMO -0.197868312970518

cycle= 82 E= -578.820906245587  delta_E= -0.00269  |g|= 0.0289  |ddm|= 0.486

WARN: HOMO -0.19793011023737 == LUMO -0.197845442160496

cycle= 83 E= -578.81947801666  delta_E= 0.00143  |g|= 0.0448  |ddm|= 0.49

WARN: HOMO -0.197916090178275 == LUMO -0.197847136441921

cycle= 84 E= -578.795798813925  delta_E= 0.0237  |g|= 0.151  |ddm|= 1.33

WARN: HOMO -0.197868797354029 == LUMO -0.197847780483834

cycle= 85 E= -578.814482189414  delta_E= -0.0187  |g|= 0.0761  |ddm|= 1.03

WARN: HOMO -0.197857074387119 == LUMO -0.197773658800851

cycle= 86 E= -578.798655376636  delta_E= 0.0158  |g|= 0.141  |ddm|= 1.48

WARN: HOMO -0.197984624412902 == LUMO -0.197714276520275

cycle= 87 E= -578.81496813351  delta_E= -0.0163  |g|= 0.0764  |ddm|= 1.35

WARN: HOMO -0.197966203234776 == LUMO -0.197870403786992

cycle= 88 E= -578.820527181397  delta_E= -0.00556  |g|= 0.0345  |ddm|= 0.982

WARN: HOMO -0.197977549224685 == LUMO -0.197865305781291

cycle= 89 E= -578.815902974685  delta_E= 0.00462  |g|= 0.0698  |ddm|= 0.571

WARN: HOMO -0.198113404198264 == LUMO -0.19793087020934

cycle= 90 E= -578.820503748907  delta_E= -0.0046  |g|= 0.0336  |ddm|= 0.868

WARN: HOMO -0.197960516998672 == LUMO -0.19777619657017

cycle= 91 E= -578.820422836886  delta_E= 8.09e-05  |g|= 0.0345  |ddm|= 0.0867

WARN: HOMO -0.198046207345054 == LUMO -0.197823433187937

cycle= 92 E= -578.820144382499  delta_E= 0.000278  |g|= 0.04  |ddm|= 0.458

WARN: HOMO -0.198105349431809 == LUMO -0.197820603373414

cycle= 93 E= -578.820713703559  delta_E= -0.000569  |g|= 0.0308  |ddm|= 0.417

WARN: HOMO -0.197995930016011 == LUMO -0.197843537775024

cycle= 94 E= -578.808161508777  delta_E= 0.0126  |g|= 0.107  |ddm|= 1.24

WARN: HOMO -0.197993136599869 == LUMO -0.197973689439913

cycle= 95 E= -578.794497053534  delta_E= 0.0137  |g|= 0.156  |ddm|= 1.33

WARN: HOMO -0.198033467031585 == LUMO -0.197677742073904

cycle= 96 E= -578.817765154181  delta_E= -0.0233  |g|= 0.0577  |ddm|= 1.26

WARN: HOMO -0.198044711503451 == LUMO -0.197833619729161

cycle= 97 E= -578.820626649224  delta_E= -0.00286  |g|= 0.033  |ddm|= 0.609

WARN: HOMO -0.198107127141604 == LUMO -0.197716496206812

cycle= 98 E= -578.811958551355  delta_E= 0.00867  |g|= 0.0906  |ddm|=  1.1

WARN: HOMO -0.198048865950941 == LUMO -0.197540241630481

cycle= 99 E= -578.819671431374  delta_E= -0.00771  |g|= 0.0457  |ddm|= 0.921

WARN: HOMO -0.197877613128981 == LUMO -0.19762046071456

cycle= 100 E= -578.820877324687  delta_E= -0.00121  |g|= 0.0295  |ddm|= 0.322

WARN: HOMO -0.197822017986721 == LUMO -0.197611227883184

cycle= 101 E= -578.820297522157  delta_E= 0.00058  |g|= 0.0372  |ddm|= 0.302

WARN: HOMO -0.19786470371638 == LUMO -0.19770357297045

cycle= 102 E= -578.820675101428  delta_E= -0.000378  |g|= 0.0314  |ddm|= 0.0852

WARN: HOMO -0.197781512371117 == LUMO -0.197466154278071

cycle= 103 E= -578.802301043887  delta_E= 0.0184  |g|= 0.129  |ddm|=  1.4

WARN: HOMO -0.197927998100279 == LUMO -0.197841824708695

cycle= 104 E= -578.798959557572  delta_E= 0.00334  |g|= 0.14  |ddm|= 1.23

WARN: HOMO -0.197882990035012 == LUMO -0.197346073218113

cycle= 105 E= -578.820401354283  delta_E= -0.0214  |g|= 0.036  |ddm|= 1.44

WARN: HOMO -0.197833646222923 == LUMO -0.197267030030721

cycle= 106 E= -578.820704717628  delta_E= -0.000303  |g|= 0.0324  |ddm|= 0.0957

WARN: HOMO -0.197947886538705 == LUMO -0.197542313863336

cycle= 107 E= -578.814845077368  delta_E= 0.00586  |g|= 0.077  |ddm|= 0.878

WARN: HOMO -0.198052364660426 == LUMO -0.197567473245551

cycle= 108 E= -578.820806113375  delta_E= -0.00596  |g|= 0.0299  |ddm|= 0.918

WARN: HOMO -0.198022584015929 == LUMO -0.19741590976163

cycle= 109 E= -578.820834143426  delta_E= -2.8e-05  |g|= 0.0301  |ddm|= 0.0249

WARN: HOMO -0.198002492659391 == LUMO -0.197423432480522

cycle= 110 E= -578.820713859542  delta_E= 0.00012  |g|= 0.0323  |ddm|= 0.125

WARN: HOMO -0.197871068357775 == LUMO -0.197204945962225

cycle= 111 E= -578.820665186252  delta_E= 4.87e-05  |g|= 0.0321  |ddm|= 0.192

WARN: HOMO -0.197905491694834 == LUMO -0.197749026564313

cycle= 112 E= -578.819912651415  delta_E= 0.000753  |g|= 0.0395  |ddm|= 0.408

WARN: HOMO -0.198333604929632 == LUMO -0.197612673613151

cycle= 113 E= -578.792937006522  delta_E= 0.027  |g|= 0.165  |ddm|= 1.55

WARN: HOMO -0.197996005142033 == LUMO -0.197730586745662

cycle= 114 E= -578.817437976529  delta_E= -0.0245  |g|= 0.0606  |ddm|= 1.28

WARN: HOMO -0.197846030640104 == LUMO -0.197757513237002

cycle= 115 E= -578.820447023755  delta_E= -0.00301  |g|= 0.0347  |ddm|= 0.412

WARN: HOMO -0.198359517408158 == LUMO -0.197594623539414

cycle= 116 E= -578.793080495409  delta_E= 0.0274  |g|= 0.162  |ddm|= 1.49

WARN: HOMO -0.1983488179161 == LUMO -0.197689419577185

cycle= 117 E= -578.793347406074  delta_E= -0.000267  |g|= 0.16  |ddm|= 0.0369

WARN: HOMO -0.198295670438999 == LUMO -0.197612775543695

cycle= 118 E= -578.792425122162  delta_E= 0.000922  |g|= 0.164  |ddm|= 0.117

WARN: HOMO -0.198277415706481 == LUMO -0.197610912519422

cycle= 119 E= -578.792464774374  delta_E= -3.97e-05  |g|= 0.164  |ddm|= 0.0193

WARN: HOMO -0.197574589962118 == LUMO -0.197022887768814

cycle= 120 E= -578.808575891585  delta_E= -0.0161  |g|= 0.111  |ddm|= 1.37
SCF not converged.
SCF energy = -578.808575891585
Electronic spatial extent <R**2> (au): 163.9472
* Multipoles in the independent field-basis, Gauge -> (0,0,0)
Electronic Dipole moment(X, Y, Z, Debye): 1.5151, 0.5835, -0.1668
Nuclear Dipole moment(X, Y, Z, Debye): 0.0000, 0.0000, 0.0000
Total Dipole moment(X, Y, Z, Debye): -1.5151, -0.5835, 0.1668
Quadrupole moments (Debye-Angs)
Total Quadrupole moments (XX, YY, ZZ): -25.1892, -28.5450, -25.8368
Total Quadrupole moments (XY, XZ, YZ): 1.5453, -0.0003, -0.0005
Octupole moments (Debye-Angs**2)
Total Octupole moments (XXX, YYY, ZZZ, XYY): -3.6822, -1.4597, 0.4899, -1.2309
Total Octupole moments (XXY, XXZ, XZZ, YZZ): -0.4744, 0.1032, -8.9917, -3.4872
Total Octupole moments (YYZ, XYZ): 0.1290, -0.0123
Hexadecapole moments (Debye-Angs**3)
Total Hexadecapole moments (XXXX, YYYY, ZZZZ, XXXY): -45.8447, -57.7993, -215.9932, 2.7172
Total Hexadecapole moments (XXXZ, YYYX, YYYZ, ZZZX): -0.0005, 2.7410, -0.0005, 0.0524
Total Hexadecapole moments (ZZZY, XXYY, XXZZ, YYZZ): 0.0183, -17.2779, -40.8124, -44.8131
Total Hexadecapole moments (XXYZ, YYXZ, ZZXY): -0.0002, -0.0002, 1.8445
