#INFO: **** input file is /home/jluis/src/git/db/aromatic-wfn/scan0/run_sp.py ****
#!/usr/bin/env python

import numpy, sys, os
from pyscf import lib, gto, scf, dft
from pyscf.tools import molden
from pyscf.data import radii

def read_molecule(path):

    charge = spin = 0
    with open(path, 'r') as myfile:
        output = myfile.read()
        output = output.lstrip()
        output = output.rstrip()
        output = output.split('\n')

    try:
        int(output[0])
    except ValueError:
        try:
            charge = int(output[0].split(' ')[0])
            spin = int(output[0].split(' ')[1]) - 1
        except ValueError:
            molecule = output
        else:
            molecule = '\n'.join(output[1:])
    else:
        if int(output[0]) == len(output) - 2:
            molecule = '\n'.join(output[2:])
            try:
                charge = int(output[1].split(' ')[0])
                spin = int(output[1].split(' ')[1])-1
            except ValueError:
                pass
        else:
            print "THIS IS NOT A VALID XYZ FILE"

    return (molecule, charge, spin)

directory = '../../aromatic/'
files = [i for i in os.listdir(directory) if i.endswith('.xyz')]

for filename in files:

    name = filename[:-8]
    mol = gto.Mole()
    (mol.atom, charge, spin) = read_molecule(directory+filename)
    mol.basis = 'aug-cc-pvtz'
    mol.charge = charge
    mol.spin = spin
    mol.output = name+'.out'
    mol.symmetry = 0
    mol.verbose = 4
    mol.build()

    mf = dft.RKS(mol) 
    mf.grids.level = 4
    mf.xc = 'scan0'
    mf.max_cycle = 120
    mf.chkfile = name+'.chk'
    mf = scf.addons.remove_linear_dep_(mf)
    mf.kernel()

    dm = mf.make_rdm1()
    nao = mol.nao_nr()
    unit = 2.541746
    origin = ([0.0,0.0,0.0])
    charges = mol.atom_charges()
    coords  = mol.atom_coords()
    mol.set_common_orig(origin)
    r2 = mol.intor_symmetric('int1e_r2')
    r2 = numpy.einsum('ij,ji->', r2, dm)
    lib.logger.info(mf,'Electronic spatial extent <R**2> (au): %.4f', r2)

    lib.logger.info(mf,'* Multipoles in the independent field-basis, Gauge -> (0,0,0)')
    ao_dip = mol.intor_symmetric('int1e_r', comp=3)
    el_dip = numpy.einsum('xij,ji->x', ao_dip, dm)
    lib.logger.info(mf,'Electronic Dipole moment(X, Y, Z, Debye): %.4f, %.4f, %.4f', *el_dip*unit)
    nucl_dip = numpy.einsum('i,ix->x', charges, coords)
    lib.logger.info(mf,'Nuclear Dipole moment(X, Y, Z, Debye): %.4f, %.4f, %.4f', *nucl_dip*unit)
    mol_dip = (nucl_dip - el_dip) * unit
    lib.logger.info(mf,'Total Dipole moment(X, Y, Z, Debye): %.4f, %.4f, %.4f', *mol_dip)

    lib.logger.info(mf,'Quadrupole moments (Debye-Angs)')
    rr = mol.intor_symmetric('int1e_rr', comp=9).reshape(3,3,nao,nao)
    rr = -1.0*numpy.einsum('xyij,ji->xy', rr, dm)
    rr += numpy.einsum('z,zx,zy->xy', charges, coords, coords)
    rr = rr*unit*lib.param.BOHR
    lib.logger.info(mf,'Total Quadrupole moments (XX, YY, ZZ): %.4f, %.4f, %.4f', \
    rr[0,0], rr[1,1], rr[2,2])
    lib.logger.info(mf,'Total Quadrupole moments (XY, XZ, YZ): %.4f, %.4f, %.4f', \
    rr[0,1], rr[0,2], rr[1,2])
 
    lib.logger.info(mf,'Octupole moments (Debye-Angs**2)')
    rrr = mol.intor_symmetric('int1e_rrr', comp=27).reshape(3,3,3,nao,nao)
    rrr = -1.0*numpy.einsum('xyzij,ji->xyz', rrr, dm)
    rrr += numpy.einsum('z,zx,zy,zk->xyk', charges, coords, coords, coords)
    rrr = rrr*unit*lib.param.BOHR**2
    lib.logger.info(mf,'Total Octupole moments (XXX, YYY, ZZZ, XYY): %.4f, %.4f, %.4f, %.4f', \
    rrr[0,0,0], rrr[1,1,1], rrr[2,2,2], rrr[0,1,1])
    lib.logger.info(mf,'Total Octupole moments (XXY, XXZ, XZZ, YZZ): %.4f, %.4f, %.4f, %.4f', \
    rrr[0,0,1], rrr[0,0,2], rrr[0,2,2], rrr[1,2,2])
    lib.logger.info(mf,'Total Octupole moments (YYZ, XYZ): %.4f, %.4f', rrr[1,1,2], rrr[0,1,2])

    lib.logger.info(mf,'Hexadecapole moments (Debye-Angs**3)')
    rrrr = mol.intor_symmetric('int1e_rrrr', comp=81).reshape(3,3,3,3,nao,nao)
    rrrr = -1.0*numpy.einsum('xyzwij,ji->xyzw', rrrr, dm)
    rrrr += numpy.einsum('z,zx,zy,zk,zw->xykw', charges, coords, coords, coords, coords)
    rrrr = rrrr*unit*lib.param.BOHR**3
    lib.logger.info(mf,'Total Hexadecapole moments (XXXX, YYYY, ZZZZ, XXXY): %.4f, %.4f, %.4f, %.4f', \
    rrrr[0,0,0,0], rrrr[1,1,1,1], rrrr[2,2,2,2], rrrr[0,0,0,1])
    lib.logger.info(mf,'Total Hexadecapole moments (XXXZ, YYYX, YYYZ, ZZZX): %.4f, %.4f, %.4f, %.4f', \
    rrrr[0,0,0,2], rrrr[1,1,1,0], rrrr[1,1,1,2], rrrr[2,2,2,0])
    lib.logger.info(mf,'Total Hexadecapole moments (ZZZY, XXYY, XXZZ, YYZZ): %.4f, %.4f, %.4f, %.4f', \
    rrrr[2,2,2,1], rrrr[0,0,1,1], rrrr[0,0,2,2], rrrr[1,1,2,2])
    lib.logger.info(mf,'Total Hexadecapole moments (XXYZ, YYXZ, ZZXY): %.4f, %.4f, %.4f', \
    rrrr[0,0,1,2], rrrr[1,1,0,2], rrrr[2,2,0,1])
     
    coeff = mf.mo_coeff[:,mf.mo_occ>0]
    occ = mf.mo_occ[mf.mo_occ>0]
    energy = mf.mo_energy[mf.mo_occ>0]
    den_file = name+'.mol'
    fspt = open(den_file,'w')
    molden.header(mol, fspt)
    molden.orbital_coeff(mol, fspt, coeff, ene=energy, occ=occ) 
    fspt.close()                    
    cmd = '/home/jluis/bin/molden2aim '+name
    os.system(cmd)
    den_file = name+'.wfn'
    fspt = open(den_file,'a')
    fspt.write('RHF\n')
    fspt.close()                    

    pmd_file = name+'.pmd'
    fspt = open(pmd_file,'w')
    fspt.write('%s.wfn\n' % (name))
    if (mol.symmetry == False):
        fspt.write('nosymmetry\n')
    fspt.write('tes\n')
    fspt.write('  epsiscp 0.220\n')
    fspt.write('  radialquad 7\n')
    fspt.write('  rmapping 2\n')
    fspt.write('  lmax 10\n')
    fspt.write('  nr 551\n')
    fspt.write('  lebedev 5810\n')
    fspt.write('  betasphere\n')
    for ia in range(mol.natm):
        symb = mol.atom_pure_symbol(ia)
        inuc = lib.parameters.NUC[symb]
        betarad = radii.COVALENT[inuc]/3.5
        fspt.write('  betaradw %d %1.3f\n' % ((ia+1),betarad))
    fspt.write('  radialquadbeta 7\n')
    fspt.write('  rmappingbeta 3\n')
    fspt.write('  lmaxbeta 8\n')
    fspt.write('  nrb 451\n')
    fspt.write('  lebedevbeta 3074\n')
    fspt.write('  dafh\n')
    fspt.write('endtes')
    fspt.close()                    

    cmd = 'rm '+name+'.mol'
    os.system(cmd)

#INFO: ******************** input file end ********************


System: ('Linux', 'silicio', '3.16.0-4-amd64', '#1 SMP Debian 3.16.51-3 (2017-12-13)', 'x86_64', '')  Threads 12
Python 2.7.14 (default, Apr  9 2018, 16:34:43) 
[GCC 7.3.0]
numpy 1.14.2  scipy 1.0.1
Date: Mon Jul  2 23:18:28 2018
PySCF version 1.5
PySCF path  /home/jluis/src/pyscf/pyscf
GIT ORIG_HEAD f2dbb26d09ae5148fbf5975669a994500ac7a4c9
GIT HEAD      ref: refs/heads/master
GIT master branch  f2dbb26d09ae5148fbf5975669a994500ac7a4c9

[ENV] PYSCF_TMPDIR /scratch-ssd/jluis
[CONFIG] conf_file None
[INPUT] verbose = 4
[INPUT] num. atoms = 11
[INPUT] num. electrons = 42
[INPUT] charge = 0
[INPUT] spin (= nelec alpha-beta = 2S) = 0
[INPUT] symmetry 0 subgroup None
[INPUT] Mole.unit = angstrom
[INPUT]  1 H      0.000000000000   2.061093000000   1.309321000000 AA    0.000000000000   3.894901287258   2.474258099142 Bohr
[INPUT]  2 H      0.000000000000  -2.061093000000   1.309321000000 AA    0.000000000000  -3.894901287258   2.474258099142 Bohr
[INPUT]  3 H      0.000000000000   2.160058000000  -1.182645000000 AA    0.000000000000   4.081918033176  -2.234875152586 Bohr
[INPUT]  4 H      0.000000000000  -2.160058000000  -1.182645000000 AA    0.000000000000  -4.081918033176  -2.234875152586 Bohr
[INPUT]  5 H      0.000000000000   0.000000000000  -2.475456000000 AA    0.000000000000   0.000000000000  -4.677933873411 Bohr
[INPUT]  6 C      0.000000000000   1.139954000000   0.721030000000 AA    0.000000000000   2.154200854602   1.362549227595 Bohr
[INPUT]  7 C      0.000000000000  -1.139954000000   0.721030000000 AA    0.000000000000  -2.154200854602   1.362549227595 Bohr
[INPUT]  8 C      0.000000000000   1.196587000000  -0.672409000000 AA    0.000000000000   2.261221714215  -1.270668853693 Bohr
[INPUT]  9 C      0.000000000000  -1.196587000000  -0.672409000000 AA    0.000000000000  -2.261221714215  -1.270668853693 Bohr
[INPUT] 10 C      0.000000000000   0.000000000000  -1.384525000000 AA    0.000000000000   0.000000000000  -2.616373062613 Bohr
[INPUT] 11 N      0.000000000000   0.000000000000   1.416532000000 AA    0.000000000000   0.000000000000   2.676857526682 Bohr

nuclear repulsion = 206.07422211944
number of shells = 123
number of NR pGTOs = 473
number of NR cGTOs = 391
basis = aug-cc-pvtz
ecp = {}
CPU time:      9507.32


******** <class 'pyscf.dft.rks.RKS'> flags ********
method = RKS-RHF
initial guess = minao
damping factor = 0
level shift factor = 0
DIIS = <class 'pyscf.scf.diis.CDIIS'>
DIIS start cycle = 1
DIIS space = 8
SCF tol = 1e-09
SCF gradient tol = None
max. SCF cycles = 120
direct_scf = True
direct_scf_tol = 1e-13
chkfile to save SCF result = pyridine.chk
max_memory 64000 MB (current use 175 MB)
XC functionals = scan0
small_rho_cutoff = 1e-07
radial grids: 
    Treutler-Ahlrichs (JCP 102, 346 (M4)) radial grids
    
becke partition: Becke, JCP, 88, 2547 (1988)
pruning grids: <function nwchem_prune at 0x2b7521a375f0>
grids dens level: 4
symmetrized grids: 0
atomic radii adjust function: <function treutler_atomic_radii_adjust at 0x2b7521a37500>
Set gradient conv threshold to 3.16228e-05
tot grids = 249540
init E= -249.186556416848
  HOMO = -0.335537241390708  LUMO = -0.133777138317127
cycle= 1 E= -247.964992006209  delta_E= 1.22  |g|= 0.52  |ddm|= 6.38
  HOMO = -0.20998851173716  LUMO = 0.0305750355686856
cycle= 2 E= -247.972841109742  delta_E= -0.00785  |g|= 0.482  |ddm|= 2.38
  HOMO = -0.265917037670801  LUMO = -0.0212073694984324
cycle= 3 E= -248.031131032143  delta_E= -0.0583  |g|= 0.0749  |ddm|= 0.983
  HOMO = -0.283901773421756  LUMO = -0.0258335186356714
cycle= 4 E= -248.031946582503  delta_E= -0.000816  |g|= 0.0506  |ddm|= 0.154
  HOMO = -0.279123200079034  LUMO = -0.0239017544616119
cycle= 5 E= -248.032587800244  delta_E= -0.000641  |g|= 0.00762  |ddm|= 0.0664
  HOMO = -0.279686671403555  LUMO = -0.0238327649397407
cycle= 6 E= -248.032600470575  delta_E= -1.27e-05  |g|= 0.00221  |ddm|= 0.0309
  HOMO = -0.279516347619896  LUMO = -0.0237850538910487
cycle= 7 E= -248.03260145194  delta_E= -9.81e-07  |g|= 0.000593  |ddm|= 0.00551
  HOMO = -0.27953416721989  LUMO = -0.023802327503993
cycle= 8 E= -248.032601565879  delta_E= -1.14e-07  |g|= 0.000147  |ddm|= 0.00639
  HOMO = -0.279526340873809  LUMO = -0.0237899161873822
cycle= 9 E= -248.032601572141  delta_E= -6.26e-09  |g|= 9.24e-05  |ddm|= 0.00161
  HOMO = -0.279526075258713  LUMO = -0.0237916425379449
cycle= 10 E= -248.032601574138  delta_E= -2e-09  |g|= 1.14e-05  |ddm|= 0.000558
  HOMO = -0.279524577084467  LUMO = -0.023791815115818
cycle= 11 E= -248.032601574207  delta_E= -6.91e-11  |g|= 2.65e-06  |ddm|= 0.000178
  HOMO = -0.279524538141179  LUMO = -0.023791597338366
Extra cycle  E= -248.032601574208  delta_E= -8.53e-13  |g|= 1.82e-06  |ddm|= 2.95e-05
converged SCF energy = -248.032601574208
Electronic spatial extent <R**2> (au): 434.0528
* Multipoles in the independent field-basis, Gauge -> (0,0,0)
Electronic Dipole moment(X, Y, Z, Debye): 0.0000, 0.0000, 2.1242
Nuclear Dipole moment(X, Y, Z, Debye): 0.0000, 0.0000, -0.1445
Total Dipole moment(X, Y, Z, Debye): -0.0000, -0.0000, -2.2687
Quadrupole moments (Debye-Angs)
Total Quadrupole moments (XX, YY, ZZ): -37.7822, -28.9296, -35.9712
Total Quadrupole moments (XY, XZ, YZ): 0.0000, -0.0000, -0.0000
Octupole moments (Debye-Angs**2)
Total Octupole moments (XXX, YYY, ZZZ, XYY): -0.0000, 0.0000, -15.8105, 0.0000
Total Octupole moments (XXY, XXZ, XZZ, YZZ): -0.0000, 1.3745, -0.0000, 0.0000
Total Octupole moments (YYZ, XYZ): 2.1864, -0.0000
Hexadecapole moments (Debye-Angs**3)
Total Hexadecapole moments (XXXX, YYYY, ZZZZ, XXXY): -41.6743, -247.8910, -282.6890, -0.0000
Total Hexadecapole moments (XXXZ, YYYX, YYYZ, ZZZX): -0.0000, 0.0000, 0.0000, -0.0000
Total Hexadecapole moments (ZZZY, XXYY, XXZZ, YYZZ): -0.0000, -58.5685, -56.9760, -79.0811
Total Hexadecapole moments (XXYZ, YYXZ, ZZXY): 0.0000, -0.0000, 0.0000
