#INFO: **** input file is /home/jluis/src/git/db/aromatic-wfn/pbe5/run_sp.py ****
#!/usr/bin/env python

import numpy, sys, os
from pyscf import lib, gto, scf, dft
from pyscf.tools import molden
from pyscf.data import radii

def read_molecule(path):

    charge = spin = 0
    with open(path, 'r') as myfile:
        output = myfile.read()
        output = output.lstrip()
        output = output.rstrip()
        output = output.split('\n')

    try:
        int(output[0])
    except ValueError:
        try:
            charge = int(output[0].split(' ')[0])
            spin = int(output[0].split(' ')[1]) - 1
        except ValueError:
            molecule = output
        else:
            molecule = '\n'.join(output[1:])
    else:
        if int(output[0]) == len(output) - 2:
            molecule = '\n'.join(output[2:])
            try:
                charge = int(output[1].split(' ')[0])
                spin = int(output[1].split(' ')[1])-1
            except ValueError:
                pass
        else:
            print "THIS IS NOT A VALID XYZ FILE"

    return (molecule, charge, spin)

directory = '../../aromatic/'
files = [i for i in os.listdir(directory) if i.endswith('.xyz')]

for filename in files:

    name = filename[:-8]
    mol = gto.Mole()
    (mol.atom, charge, spin) = read_molecule(directory+filename)
    mol.basis = 'aug-cc-pvtz'
    mol.charge = charge
    mol.spin = spin
    mol.output = name+'.out'
    mol.symmetry = 0
    mol.verbose = 4
    mol.build()

    mf = dft.RKS(mol) 
    mf.grids.level = 4
    mf.xc = 'pbe50'
    mf.max_cycle = 120
    mf.chkfile = name+'.chk'
    mf = scf.addons.remove_linear_dep_(mf)
    mf.kernel()

    dm = mf.make_rdm1()
    nao = mol.nao_nr()
    unit = 2.541746
    origin = ([0.0,0.0,0.0])
    charges = mol.atom_charges()
    coords  = mol.atom_coords()
    mol.set_common_orig(origin)
    r2 = mol.intor_symmetric('int1e_r2')
    r2 = numpy.einsum('ij,ji->', r2, dm)
    lib.logger.info(mf,'Electronic spatial extent <R**2> (au): %.4f', r2)

    lib.logger.info(mf,'* Multipoles in the independent field-basis, Gauge -> (0,0,0)')
    ao_dip = mol.intor_symmetric('int1e_r', comp=3)
    el_dip = numpy.einsum('xij,ji->x', ao_dip, dm)
    lib.logger.info(mf,'Electronic Dipole moment(X, Y, Z, Debye): %.4f, %.4f, %.4f', *el_dip*unit)
    nucl_dip = numpy.einsum('i,ix->x', charges, coords)
    lib.logger.info(mf,'Nuclear Dipole moment(X, Y, Z, Debye): %.4f, %.4f, %.4f', *nucl_dip*unit)
    mol_dip = (nucl_dip - el_dip) * unit
    lib.logger.info(mf,'Total Dipole moment(X, Y, Z, Debye): %.4f, %.4f, %.4f', *mol_dip)

    lib.logger.info(mf,'Quadrupole moments (Debye-Angs)')
    rr = mol.intor_symmetric('int1e_rr', comp=9).reshape(3,3,nao,nao)
    rr = -1.0*numpy.einsum('xyij,ji->xy', rr, dm)
    rr += numpy.einsum('z,zx,zy->xy', charges, coords, coords)
    rr = rr*unit*lib.param.BOHR
    lib.logger.info(mf,'Total Quadrupole moments (XX, YY, ZZ): %.4f, %.4f, %.4f', \
    rr[0,0], rr[1,1], rr[2,2])
    lib.logger.info(mf,'Total Quadrupole moments (XY, XZ, YZ): %.4f, %.4f, %.4f', \
    rr[0,1], rr[0,2], rr[1,2])
 
    lib.logger.info(mf,'Octupole moments (Debye-Angs**2)')
    rrr = mol.intor_symmetric('int1e_rrr', comp=27).reshape(3,3,3,nao,nao)
    rrr = -1.0*numpy.einsum('xyzij,ji->xyz', rrr, dm)
    rrr += numpy.einsum('z,zx,zy,zk->xyk', charges, coords, coords, coords)
    rrr = rrr*unit*lib.param.BOHR**2
    lib.logger.info(mf,'Total Octupole moments (XXX, YYY, ZZZ, XYY): %.4f, %.4f, %.4f, %.4f', \
    rrr[0,0,0], rrr[1,1,1], rrr[2,2,2], rrr[0,1,1])
    lib.logger.info(mf,'Total Octupole moments (XXY, XXZ, XZZ, YZZ): %.4f, %.4f, %.4f, %.4f', \
    rrr[0,0,1], rrr[0,0,2], rrr[0,2,2], rrr[1,2,2])
    lib.logger.info(mf,'Total Octupole moments (YYZ, XYZ): %.4f, %.4f', rrr[1,1,2], rrr[0,1,2])

    lib.logger.info(mf,'Hexadecapole moments (Debye-Angs**3)')
    rrrr = mol.intor_symmetric('int1e_rrrr', comp=81).reshape(3,3,3,3,nao,nao)
    rrrr = -1.0*numpy.einsum('xyzwij,ji->xyzw', rrrr, dm)
    rrrr += numpy.einsum('z,zx,zy,zk,zw->xykw', charges, coords, coords, coords, coords)
    rrrr = rrrr*unit*lib.param.BOHR**3
    lib.logger.info(mf,'Total Hexadecapole moments (XXXX, YYYY, ZZZZ, XXXY): %.4f, %.4f, %.4f, %.4f', \
    rrrr[0,0,0,0], rrrr[1,1,1,1], rrrr[2,2,2,2], rrrr[0,0,0,1])
    lib.logger.info(mf,'Total Hexadecapole moments (XXXZ, YYYX, YYYZ, ZZZX): %.4f, %.4f, %.4f, %.4f', \
    rrrr[0,0,0,2], rrrr[1,1,1,0], rrrr[1,1,1,2], rrrr[2,2,2,0])
    lib.logger.info(mf,'Total Hexadecapole moments (ZZZY, XXYY, XXZZ, YYZZ): %.4f, %.4f, %.4f, %.4f', \
    rrrr[2,2,2,1], rrrr[0,0,1,1], rrrr[0,0,2,2], rrrr[1,1,2,2])
    lib.logger.info(mf,'Total Hexadecapole moments (XXYZ, YYXZ, ZZXY): %.4f, %.4f, %.4f', \
    rrrr[0,0,1,2], rrrr[1,1,0,2], rrrr[2,2,0,1])
     
    coeff = mf.mo_coeff[:,mf.mo_occ>0]
    occ = mf.mo_occ[mf.mo_occ>0]
    energy = mf.mo_energy[mf.mo_occ>0]
    den_file = name+'.mol'
    fspt = open(den_file,'w')
    molden.header(mol, fspt)
    molden.orbital_coeff(mol, fspt, coeff, ene=energy, occ=occ) 
    fspt.close()                    
    cmd = '/home/jluis/bin/molden2aim '+name
    os.system(cmd)
    den_file = name+'.wfn'
    fspt = open(den_file,'a')
    fspt.write('RHF\n')
    fspt.close()                    

    pmd_file = name+'.pmd'
    fspt = open(pmd_file,'w')
    fspt.write('%s.wfn\n' % (name))
    if (mol.symmetry == False):
        fspt.write('nosymmetry\n')
    fspt.write('tes\n')
    fspt.write('  epsiscp 0.220\n')
    fspt.write('  radialquad 7\n')
    fspt.write('  rmapping 2\n')
    fspt.write('  lmax 10\n')
    fspt.write('  nr 551\n')
    fspt.write('  lebedev 5810\n')
    fspt.write('  betasphere\n')
    for ia in range(mol.natm):
        symb = mol.atom_pure_symbol(ia)
        inuc = lib.parameters.NUC[symb]
        betarad = radii.COVALENT[inuc]/3.5
        fspt.write('  betaradw %d %1.3f\n' % ((ia+1),betarad))
    fspt.write('  radialquadbeta 7\n')
    fspt.write('  rmappingbeta 3\n')
    fspt.write('  lmaxbeta 8\n')
    fspt.write('  nrb 451\n')
    fspt.write('  lebedevbeta 3074\n')
    fspt.write('  dafh\n')
    fspt.write('endtes')
    fspt.close()                    

    cmd = 'rm '+name+'.mol'
    os.system(cmd)

#INFO: ******************** input file end ********************


System: ('Linux', 'silicio', '3.16.0-4-amd64', '#1 SMP Debian 3.16.51-3 (2017-12-13)', 'x86_64', '')  Threads 12
Python 2.7.14 (default, Apr  9 2018, 16:34:43) 
[GCC 7.3.0]
numpy 1.14.2  scipy 1.0.1
Date: Mon Jul  2 18:44:06 2018
PySCF version 1.5
PySCF path  /home/jluis/src/pyscf/pyscf
GIT ORIG_HEAD f2dbb26d09ae5148fbf5975669a994500ac7a4c9
GIT HEAD      ref: refs/heads/master
GIT master branch  f2dbb26d09ae5148fbf5975669a994500ac7a4c9

[ENV] PYSCF_TMPDIR /scratch-ssd/jluis
[CONFIG] conf_file None
[INPUT] verbose = 4
[INPUT] num. atoms = 8
[INPUT] num. electrons = 36
[INPUT] charge = 0
[INPUT] spin (= nelec alpha-beta = 2S) = 0
[INPUT] symmetry 0 subgroup None
[INPUT] Mole.unit = angstrom
[INPUT]  1 C      0.444869000000   1.080835000000   0.000000000000 AA    0.840680571309   2.042482135844   0.000000000000 Bohr
[INPUT]  2 C     -0.870370000000   0.747565000000   0.000000000000 AA   -1.644760927038   1.412693110310   0.000000000000 Bohr
[INPUT]  3 O     -0.955062000000  -0.613402000000   0.000000000000 AA   -1.804805611979  -1.159161784260   0.000000000000 Bohr
[INPUT]  4 C      0.329295000000  -1.029309000000   0.000000000000 AA    0.622277364189  -1.945112107550   0.000000000000 Bohr
[INPUT]  5 N      1.205537000000  -0.078231000000   0.000000000000 AA    2.278134763030  -0.147835164451   0.000000000000 Bohr
[INPUT]  6 H      0.897625000000   2.066485000000   0.000000000000 AA    1.696265412563   3.905090690522   0.000000000000 Bohr
[INPUT]  7 H     -1.802069000000   1.299456000000   0.000000000000 AA   -3.405416867569   2.455615950923   0.000000000000 Bohr
[INPUT]  8 H      0.499374000000  -2.100350000000   0.000000000000 AA    0.943680093729  -3.969086265730   0.000000000000 Bohr

nuclear repulsion = 163.430821829024
number of shells = 92
number of NR pGTOs = 365
number of NR cGTOs = 299
basis = aug-cc-pvtz
ecp = {}
CPU time:     13814.91


******** <class 'pyscf.dft.rks.RKS'> flags ********
method = RKS-RHF
initial guess = minao
damping factor = 0
level shift factor = 0
DIIS = <class 'pyscf.scf.diis.CDIIS'>
DIIS start cycle = 1
DIIS space = 8
SCF tol = 1e-09
SCF gradient tol = None
max. SCF cycles = 120
direct_scf = True
direct_scf_tol = 1e-13
chkfile to save SCF result = oxazole.chk
max_memory 64000 MB (current use 261 MB)
XC functionals = pbe50
small_rho_cutoff = 1e-07
radial grids: 
    Treutler-Ahlrichs (JCP 102, 346 (M4)) radial grids
    
becke partition: Becke, JCP, 88, 2547 (1988)
pruning grids: <function nwchem_prune at 0x2b1e3e2c35f0>
grids dens level: 4
symmetrized grids: 0
atomic radii adjust function: <function treutler_atomic_radii_adjust at 0x2b1e3e2c3500>
Set gradient conv threshold to 3.16228e-05
tot grids = 189480
init E= -247.163962812982
  HOMO = -0.299193312264422  LUMO = -0.066305199667322
cycle= 1 E= -245.859592650224  delta_E=  1.3  |g|= 0.378  |ddm|= 3.64
  HOMO = -0.283304897390597  LUMO = 0.0125106865700311
cycle= 2 E= -245.874132815203  delta_E= -0.0145  |g|= 0.322  |ddm|= 0.569
  HOMO = -0.30699441539771  LUMO = 0.0119770535955809
cycle= 3 E= -245.894138260888  delta_E= -0.02  |g|= 0.0582  |ddm|= 0.223
  HOMO = -0.311830593031501  LUMO = 0.0122771509968223
cycle= 4 E= -245.894771690012  delta_E= -0.000633  |g|= 0.024  |ddm|= 0.0521
  HOMO = -0.308960619996108  LUMO = 0.0124760662605987
cycle= 5 E= -245.89487859652  delta_E= -0.000107  |g|= 0.00886  |ddm|= 0.0176
  HOMO = -0.30886220352559  LUMO = 0.0124310546465734
cycle= 6 E= -245.89489267962  delta_E= -1.41e-05  |g|= 0.00322  |ddm|= 0.00603
  HOMO = -0.309094440605969  LUMO = 0.0124261851416681
cycle= 7 E= -245.894894704532  delta_E= -2.02e-06  |g|= 0.000541  |ddm|= 0.00214
  HOMO = -0.309102333103709  LUMO = 0.0124207061838771
cycle= 8 E= -245.894894791497  delta_E= -8.7e-08  |g|= 0.000226  |ddm|= 0.000641
  HOMO = -0.309084657510871  LUMO = 0.0124225375598315
cycle= 9 E= -245.894894806212  delta_E= -1.47e-08  |g|= 7.61e-05  |ddm|= 0.000203
  HOMO = -0.309087306467738  LUMO = 0.0124225142555538
cycle= 10 E= -245.894894807799  delta_E= -1.59e-09  |g|= 1.63e-05  |ddm|= 8.15e-05
  HOMO = -0.309087037464865  LUMO = 0.0124224828355669
cycle= 11 E= -245.894894807865  delta_E= -6.59e-11  |g|= 8.85e-06  |ddm|= 1.94e-05
  HOMO = -0.309087843753748  LUMO = 0.0124223304039064
Extra cycle  E= -245.894894807866  delta_E= -6.82e-13  |g|= 9.34e-06  |ddm|= 1.11e-05
converged SCF energy = -245.894894807866
Electronic spatial extent <R**2> (au): 270.2933
* Multipoles in the independent field-basis, Gauge -> (0,0,0)
Electronic Dipole moment(X, Y, Z, Debye): 0.6273, 2.5897, 0.0000
Nuclear Dipole moment(X, Y, Z, Debye): -0.8840, 2.9074, 0.0000
Total Dipole moment(X, Y, Z, Debye): -1.5113, 0.3177, -0.0000
Quadrupole moments (Debye-Angs)
Total Quadrupole moments (XX, YY, ZZ): -31.1211, -22.3648, -30.0466
Total Quadrupole moments (XY, XZ, YZ): -1.5202, 0.0000, 0.0000
Octupole moments (Debye-Angs**2)
Total Octupole moments (XXX, YYY, ZZZ, XYY): -14.2604, -6.9043, -0.0000, 2.5769
Total Octupole moments (XXY, XXZ, XZZ, YZZ): 4.6851, 0.0000, -1.2120, -2.8857
Total Octupole moments (YYZ, XYZ): -0.0000, 0.0000
Hexadecapole moments (Debye-Angs**3)
Total Hexadecapole moments (XXXX, YYYY, ZZZZ, XXXY): -166.0743, -136.2974, -31.0499, -2.2215
Total Hexadecapole moments (XXXZ, YYYX, YYYZ, ZZZX): -0.0000, 2.3391, 0.0000, 0.0000
Total Hexadecapole moments (ZZZY, XXYY, XXZZ, YYZZ): 0.0000, -47.2468, -33.2599, -36.1070
Total Hexadecapole moments (XXYZ, YYXZ, ZZXY): 0.0000, 0.0000, 2.0172
