#INFO: **** input file is /home/jluis/src/git/db/aromatic-wfn/pbe5/run_sp.py ****
#!/usr/bin/env python

import numpy, sys, os
from pyscf import lib, gto, scf, dft
from pyscf.tools import molden
from pyscf.data import radii

def read_molecule(path):

    charge = spin = 0
    with open(path, 'r') as myfile:
        output = myfile.read()
        output = output.lstrip()
        output = output.rstrip()
        output = output.split('\n')

    try:
        int(output[0])
    except ValueError:
        try:
            charge = int(output[0].split(' ')[0])
            spin = int(output[0].split(' ')[1]) - 1
        except ValueError:
            molecule = output
        else:
            molecule = '\n'.join(output[1:])
    else:
        if int(output[0]) == len(output) - 2:
            molecule = '\n'.join(output[2:])
            try:
                charge = int(output[1].split(' ')[0])
                spin = int(output[1].split(' ')[1])-1
            except ValueError:
                pass
        else:
            print "THIS IS NOT A VALID XYZ FILE"

    return (molecule, charge, spin)

directory = '../../aromatic/'
files = [i for i in os.listdir(directory) if i.endswith('.xyz')]

for filename in files:

    name = filename[:-8]
    mol = gto.Mole()
    (mol.atom, charge, spin) = read_molecule(directory+filename)
    mol.basis = 'aug-cc-pvtz'
    mol.charge = charge
    mol.spin = spin
    mol.output = name+'.out'
    mol.symmetry = 0
    mol.verbose = 4
    mol.build()

    mf = dft.RKS(mol) 
    mf.grids.level = 4
    mf.xc = 'pbe50'
    mf.max_cycle = 120
    mf.chkfile = name+'.chk'
    mf = scf.addons.remove_linear_dep_(mf)
    mf.kernel()

    dm = mf.make_rdm1()
    nao = mol.nao_nr()
    unit = 2.541746
    origin = ([0.0,0.0,0.0])
    charges = mol.atom_charges()
    coords  = mol.atom_coords()
    mol.set_common_orig(origin)
    r2 = mol.intor_symmetric('int1e_r2')
    r2 = numpy.einsum('ij,ji->', r2, dm)
    lib.logger.info(mf,'Electronic spatial extent <R**2> (au): %.4f', r2)

    lib.logger.info(mf,'* Multipoles in the independent field-basis, Gauge -> (0,0,0)')
    ao_dip = mol.intor_symmetric('int1e_r', comp=3)
    el_dip = numpy.einsum('xij,ji->x', ao_dip, dm)
    lib.logger.info(mf,'Electronic Dipole moment(X, Y, Z, Debye): %.4f, %.4f, %.4f', *el_dip*unit)
    nucl_dip = numpy.einsum('i,ix->x', charges, coords)
    lib.logger.info(mf,'Nuclear Dipole moment(X, Y, Z, Debye): %.4f, %.4f, %.4f', *nucl_dip*unit)
    mol_dip = (nucl_dip - el_dip) * unit
    lib.logger.info(mf,'Total Dipole moment(X, Y, Z, Debye): %.4f, %.4f, %.4f', *mol_dip)

    lib.logger.info(mf,'Quadrupole moments (Debye-Angs)')
    rr = mol.intor_symmetric('int1e_rr', comp=9).reshape(3,3,nao,nao)
    rr = -1.0*numpy.einsum('xyij,ji->xy', rr, dm)
    rr += numpy.einsum('z,zx,zy->xy', charges, coords, coords)
    rr = rr*unit*lib.param.BOHR
    lib.logger.info(mf,'Total Quadrupole moments (XX, YY, ZZ): %.4f, %.4f, %.4f', \
    rr[0,0], rr[1,1], rr[2,2])
    lib.logger.info(mf,'Total Quadrupole moments (XY, XZ, YZ): %.4f, %.4f, %.4f', \
    rr[0,1], rr[0,2], rr[1,2])
 
    lib.logger.info(mf,'Octupole moments (Debye-Angs**2)')
    rrr = mol.intor_symmetric('int1e_rrr', comp=27).reshape(3,3,3,nao,nao)
    rrr = -1.0*numpy.einsum('xyzij,ji->xyz', rrr, dm)
    rrr += numpy.einsum('z,zx,zy,zk->xyk', charges, coords, coords, coords)
    rrr = rrr*unit*lib.param.BOHR**2
    lib.logger.info(mf,'Total Octupole moments (XXX, YYY, ZZZ, XYY): %.4f, %.4f, %.4f, %.4f', \
    rrr[0,0,0], rrr[1,1,1], rrr[2,2,2], rrr[0,1,1])
    lib.logger.info(mf,'Total Octupole moments (XXY, XXZ, XZZ, YZZ): %.4f, %.4f, %.4f, %.4f', \
    rrr[0,0,1], rrr[0,0,2], rrr[0,2,2], rrr[1,2,2])
    lib.logger.info(mf,'Total Octupole moments (YYZ, XYZ): %.4f, %.4f', rrr[1,1,2], rrr[0,1,2])

    lib.logger.info(mf,'Hexadecapole moments (Debye-Angs**3)')
    rrrr = mol.intor_symmetric('int1e_rrrr', comp=81).reshape(3,3,3,3,nao,nao)
    rrrr = -1.0*numpy.einsum('xyzwij,ji->xyzw', rrrr, dm)
    rrrr += numpy.einsum('z,zx,zy,zk,zw->xykw', charges, coords, coords, coords, coords)
    rrrr = rrrr*unit*lib.param.BOHR**3
    lib.logger.info(mf,'Total Hexadecapole moments (XXXX, YYYY, ZZZZ, XXXY): %.4f, %.4f, %.4f, %.4f', \
    rrrr[0,0,0,0], rrrr[1,1,1,1], rrrr[2,2,2,2], rrrr[0,0,0,1])
    lib.logger.info(mf,'Total Hexadecapole moments (XXXZ, YYYX, YYYZ, ZZZX): %.4f, %.4f, %.4f, %.4f', \
    rrrr[0,0,0,2], rrrr[1,1,1,0], rrrr[1,1,1,2], rrrr[2,2,2,0])
    lib.logger.info(mf,'Total Hexadecapole moments (ZZZY, XXYY, XXZZ, YYZZ): %.4f, %.4f, %.4f, %.4f', \
    rrrr[2,2,2,1], rrrr[0,0,1,1], rrrr[0,0,2,2], rrrr[1,1,2,2])
    lib.logger.info(mf,'Total Hexadecapole moments (XXYZ, YYXZ, ZZXY): %.4f, %.4f, %.4f', \
    rrrr[0,0,1,2], rrrr[1,1,0,2], rrrr[2,2,0,1])
     
    coeff = mf.mo_coeff[:,mf.mo_occ>0]
    occ = mf.mo_occ[mf.mo_occ>0]
    energy = mf.mo_energy[mf.mo_occ>0]
    den_file = name+'.mol'
    fspt = open(den_file,'w')
    molden.header(mol, fspt)
    molden.orbital_coeff(mol, fspt, coeff, ene=energy, occ=occ) 
    fspt.close()                    
    cmd = '/home/jluis/bin/molden2aim '+name
    os.system(cmd)
    den_file = name+'.wfn'
    fspt = open(den_file,'a')
    fspt.write('RHF\n')
    fspt.close()                    

    pmd_file = name+'.pmd'
    fspt = open(pmd_file,'w')
    fspt.write('%s.wfn\n' % (name))
    if (mol.symmetry == False):
        fspt.write('nosymmetry\n')
    fspt.write('tes\n')
    fspt.write('  epsiscp 0.220\n')
    fspt.write('  radialquad 7\n')
    fspt.write('  rmapping 2\n')
    fspt.write('  lmax 10\n')
    fspt.write('  nr 551\n')
    fspt.write('  lebedev 5810\n')
    fspt.write('  betasphere\n')
    for ia in range(mol.natm):
        symb = mol.atom_pure_symbol(ia)
        inuc = lib.parameters.NUC[symb]
        betarad = radii.COVALENT[inuc]/3.5
        fspt.write('  betaradw %d %1.3f\n' % ((ia+1),betarad))
    fspt.write('  radialquadbeta 7\n')
    fspt.write('  rmappingbeta 3\n')
    fspt.write('  lmaxbeta 8\n')
    fspt.write('  nrb 451\n')
    fspt.write('  lebedevbeta 3074\n')
    fspt.write('  dafh\n')
    fspt.write('endtes')
    fspt.close()                    

    cmd = 'rm '+name+'.mol'
    os.system(cmd)

#INFO: ******************** input file end ********************


System: ('Linux', 'silicio', '3.16.0-4-amd64', '#1 SMP Debian 3.16.51-3 (2017-12-13)', 'x86_64', '')  Threads 12
Python 2.7.14 (default, Apr  9 2018, 16:34:43) 
[GCC 7.3.0]
numpy 1.14.2  scipy 1.0.1
Date: Mon Jul  2 18:22:16 2018
PySCF version 1.5
PySCF path  /home/jluis/src/pyscf/pyscf
GIT ORIG_HEAD f2dbb26d09ae5148fbf5975669a994500ac7a4c9
GIT HEAD      ref: refs/heads/master
GIT master branch  f2dbb26d09ae5148fbf5975669a994500ac7a4c9

[ENV] PYSCF_TMPDIR /scratch-ssd/jluis
[CONFIG] conf_file None
[INPUT] verbose = 4
[INPUT] num. atoms = 13
[INPUT] num. electrons = 50
[INPUT] charge = 0
[INPUT] spin (= nelec alpha-beta = 2S) = 0
[INPUT] symmetry 0 subgroup None
[INPUT] Mole.unit = angstrom
[INPUT]  1 C     -0.000973000000   0.940516000000   0.000000000000 AA   -0.001838703519   1.777317655771   0.000000000000 Bohr
[INPUT]  2 C     -1.205113000000   0.232709000000   0.000000000000 AA   -2.277333519153   0.439756276721   0.000000000000 Bohr
[INPUT]  3 C     -1.187111000000  -1.161513000000   0.000000000000 AA   -2.243314669459  -2.194941460122   0.000000000000 Bohr
[INPUT]  4 C      0.021812000000  -1.854577000000   0.000000000000 AA    0.041218706229  -3.504642606917   0.000000000000 Bohr
[INPUT]  5 C      1.219175000000  -1.136751000000   0.000000000000 AA    2.303906847917  -2.148148061825   0.000000000000 Bohr
[INPUT]  6 C      1.215587000000   0.254886000000   0.000000000000 AA    2.297126510582   0.481664732986   0.000000000000 Bohr
[INPUT]  7 O      0.049377000000   2.302767000000   0.000000000000 AA    0.093309006853   4.351598958686   0.000000000000 Bohr
[INPUT]  8 H     -0.846109000000   2.654493000000   0.000000000000 AA   -1.598914281530   5.016264769575   0.000000000000 Bohr
[INPUT]  9 H     -2.155687000000   0.771261000000   0.000000000000 AA   -4.073658040285   1.457472060558   0.000000000000 Bohr
[INPUT] 10 H     -2.131295000000  -1.707756000000   0.000000000000 AA   -4.027563840655  -3.227191127583   0.000000000000 Bohr
[INPUT] 11 H      0.031914000000  -2.944294000000   0.000000000000 AA    0.060308719539  -5.563909290200   0.000000000000 Bohr
[INPUT] 12 H      2.172277000000  -1.667400000000   0.000000000000 AA    4.105008596692  -3.150929340100   0.000000000000 Bohr
[INPUT] 13 H      2.143314000000   0.826489000000   0.000000000000 AA    4.050276458946   1.561837854966   0.000000000000 Bohr

nuclear repulsion = 271.118411065143
number of shells = 145
number of NR pGTOs = 556
number of NR cGTOs = 460
basis = aug-cc-pvtz
ecp = {}
CPU time:      1158.08


******** <class 'pyscf.dft.rks.RKS'> flags ********
method = RKS-RHF
initial guess = minao
damping factor = 0
level shift factor = 0
DIIS = <class 'pyscf.scf.diis.CDIIS'>
DIIS start cycle = 1
DIIS space = 8
SCF tol = 1e-09
SCF gradient tol = None
max. SCF cycles = 120
direct_scf = True
direct_scf_tol = 1e-13
chkfile to save SCF result = phenol.chk
max_memory 64000 MB (current use 182 MB)
XC functionals = pbe50
small_rho_cutoff = 1e-07
radial grids: 
    Treutler-Ahlrichs (JCP 102, 346 (M4)) radial grids
    
becke partition: Becke, JCP, 88, 2547 (1988)
pruning grids: <function nwchem_prune at 0x2b1e3e2c35f0>
grids dens level: 4
symmetrized grids: 0
atomic radii adjust function: <function treutler_atomic_radii_adjust at 0x2b1e3e2c3500>
Set gradient conv threshold to 3.16228e-05
tot grids = 293988
init E= -308.989378783257
  HOMO = -0.317105196595036  LUMO = -0.106333999195742
cycle= 1 E= -307.158946348231  delta_E= 1.83  |g|= 0.634  |ddm|= 7.65
  HOMO = -0.210772156771985  LUMO = 0.00535336307789057
cycle= 2 E= -307.19174212071  delta_E= -0.0328  |g|= 0.537  |ddm|=  2.2
  HOMO = -0.27856155434218  LUMO = 0.00692220534884616
cycle= 3 E= -307.251966043124  delta_E= -0.0602  |g|= 0.0522  |ddm|= 0.938
  HOMO = -0.281158374111391  LUMO = 0.00673859522320412
cycle= 4 E= -307.252211793806  delta_E= -0.000246  |g|= 0.0415  |ddm|= 0.163
  HOMO = -0.279311084420008  LUMO = 0.00746844296141787
cycle= 5 E= -307.252618845093  delta_E= -0.000407  |g|= 0.00453  |ddm|= 0.0503
  HOMO = -0.279281243824029  LUMO = 0.00734335335745007
cycle= 6 E= -307.252623361403  delta_E= -4.52e-06  |g|= 0.0019  |ddm|= 0.00898
  HOMO = -0.279254715426014  LUMO = 0.00737099765671886
cycle= 7 E= -307.252624083774  delta_E= -7.22e-07  |g|= 0.000529  |ddm|= 0.0043
  HOMO = -0.279258134914419  LUMO = 0.00737205035207716
cycle= 8 E= -307.252624151725  delta_E= -6.8e-08  |g|= 0.000119  |ddm|= 0.00089
  HOMO = -0.279257575594118  LUMO = 0.00737206280227267
cycle= 9 E= -307.252624155233  delta_E= -3.51e-09  |g|= 4.97e-05  |ddm|= 0.000429
  HOMO = -0.279259222940137  LUMO = 0.00737185500293918
cycle= 10 E= -307.252624156029  delta_E= -7.96e-10  |g|= 1.7e-05  |ddm|= 8.94e-05
  HOMO = -0.279258614301866  LUMO = 0.00737229160925234
Extra cycle  E= -307.252624156047  delta_E= -1.82e-11  |g|= 1.92e-05  |ddm|= 6.18e-05
converged SCF energy = -307.252624156047
Electronic spatial extent <R**2> (au): 665.1087
* Multipoles in the independent field-basis, Gauge -> (0,0,0)
Electronic Dipole moment(X, Y, Z, Debye): 1.2513, 0.0978, 0.0000
Nuclear Dipole moment(X, Y, Z, Debye): -0.0495, 0.0315, 0.0000
Total Dipole moment(X, Y, Z, Debye): -1.3008, -0.0664, -0.0000
Quadrupole moments (Debye-Angs)
Total Quadrupole moments (XX, YY, ZZ): -34.8386, -37.3956, -45.1382
Total Quadrupole moments (XY, XZ, YZ): -4.2705, 0.0000, 0.0000
Octupole moments (Debye-Angs**2)
Total Octupole moments (XXX, YYY, ZZZ, XYY): -0.6716, 6.8217, -0.0000, -12.4575
Total Octupole moments (XXY, XXZ, XZZ, YZZ): 5.6060, -0.0000, -0.0421, 6.0026
Total Octupole moments (YYZ, XYZ): 0.0000, 0.0000
Hexadecapole moments (Debye-Angs**3)
Total Hexadecapole moments (XXXX, YYYY, ZZZZ, XXXY): -269.8801, -481.0774, -50.9574, -0.9334
Total Hexadecapole moments (XXXZ, YYYX, YYYZ, ZZZX): 0.0000, -33.5628, -0.0000, 0.0000
Total Hexadecapole moments (ZZZY, XXYY, XXZZ, YYZZ): -0.0000, -115.6448, -65.9017, -104.8293
Total Hexadecapole moments (XXYZ, YYXZ, ZZXY): 0.0000, 0.0000, 0.5724
