#INFO: **** input file is /home/jluis/src/git/db/diatomic-wfn/scan/run_sp.py ****
#!/usr/bin/env python

import numpy, sys, os
from pyscf import lib, gto, scf, dft
from pyscf.tools import molden
from pyscf.data import radii

def read_molecule(path):

    charge = spin = 0
    with open(path, 'r') as myfile:
        output = myfile.read()
        output = output.lstrip()
        output = output.rstrip()
        output = output.split('\n')

    try:
        int(output[0])
    except ValueError:
        try:
            charge = int(output[0].split(' ')[0])
            spin = int(output[0].split(' ')[1]) - 1
        except ValueError:
            molecule = output
        else:
            molecule = '\n'.join(output[1:])
    else:
        if int(output[0]) == len(output) - 2:
            molecule = '\n'.join(output[2:])
            try:
                charge = int(output[1].split(' ')[0])
                spin = int(output[1].split(' ')[1])-1
            except ValueError:
                pass
        else:
            print "THIS IS NOT A VALID XYZ FILE"

    return (molecule, charge, spin)

directory = '../../diatomic/'
files = [i for i in os.listdir(directory) if i.endswith('.xyz')]

for filename in files:

    name = filename[:-8]
    mol = gto.Mole()
    (mol.atom, charge, spin) = read_molecule(directory+filename)
    mol.basis = 'aug-cc-pvtz'
    mol.charge = charge
    mol.spin = spin
    mol.output = name+'.out'
    mol.symmetry = 0
    mol.verbose = 4
    mol.build()

    mf = dft.RKS(mol) 
    mf.xc = 'scan'
    mf.grids.level = 4
    mf.max_cycle = 120
    mf.chkfile = name+'.chk'
    mf = scf.addons.remove_linear_dep_(mf)
    #mf = mf.newton()
    mf.kernel()
    #
    #stable_cyc = 3
    #for i in range(stable_cyc):
    #    new_mo_coeff = mf.stability(internal=True, external=False)[0]
    #    if numpy.linalg.norm(numpy.array(new_mo_coeff) - numpy.array(mf.mo_coeff)) < 10**-8:
    #        lib.logger.info(mf,"* The molecule is stable")
    #        break
    #    else:
    #        lib.logger.info(mf,"* The molecule is unstable")
    #        n_alpha = numpy.count_nonzero(mf.mo_occ)
    #        P_alpha = 2.0*numpy.dot(new_mo_coeff[:, :n_alpha], new_mo_coeff.T[:n_alpha])
    #        mf.kernel(dm0=(P_alpha))
    #        lib.logger.info(mf,"* Updated SCF energy and orbitals: %.6f" % mf.e_tot)
    #
    dm = mf.make_rdm1()
    nao = mol.nao_nr()
    unit = 2.541746
    origin = ([0.0,0.0,0.0])
    charges = mol.atom_charges()
    coords  = mol.atom_coords()
    mol.set_common_orig(origin)
    r2 = mol.intor_symmetric('int1e_r2')
    r2 = numpy.einsum('ij,ji->', r2, dm)
    lib.logger.info(mf,'Electronic spatial extent <R**2> (au): %.4f', r2)

    lib.logger.info(mf,'* Multipoles in the independent field-basis, Gauge -> (0,0,0)')
    ao_dip = mol.intor_symmetric('int1e_r', comp=3)
    el_dip = numpy.einsum('xij,ji->x', ao_dip, dm)
    lib.logger.info(mf,'Electronic Dipole moment(X, Y, Z, Debye): %.4f, %.4f, %.4f', *el_dip*unit)
    nucl_dip = numpy.einsum('i,ix->x', charges, coords)
    lib.logger.info(mf,'Nuclear Dipole moment(X, Y, Z, Debye): %.4f, %.4f, %.4f', *nucl_dip*unit)
    mol_dip = (nucl_dip - el_dip) * unit
    lib.logger.info(mf,'Total Dipole moment(X, Y, Z, Debye): %.4f, %.4f, %.4f', *mol_dip)

    lib.logger.info(mf,'Quadrupole moments (Debye-Angs)')
    rr = mol.intor_symmetric('int1e_rr', comp=9).reshape(3,3,nao,nao)
    rr = -1.0*numpy.einsum('xyij,ji->xy', rr, dm)
    rr += numpy.einsum('z,zx,zy->xy', charges, coords, coords)
    rr = rr*unit*lib.param.BOHR
    lib.logger.info(mf,'Total Quadrupole moments (XX, YY, ZZ): %.4f, %.4f, %.4f', \
    rr[0,0], rr[1,1], rr[2,2])
    lib.logger.info(mf,'Total Quadrupole moments (XY, XZ, YZ): %.4f, %.4f, %.4f', \
    rr[0,1], rr[0,2], rr[1,2])
 
    lib.logger.info(mf,'Octupole moments (Debye-Angs**2)')
    rrr = mol.intor_symmetric('int1e_rrr', comp=27).reshape(3,3,3,nao,nao)
    rrr = -1.0*numpy.einsum('xyzij,ji->xyz', rrr, dm)
    rrr += numpy.einsum('z,zx,zy,zk->xyk', charges, coords, coords, coords)
    rrr = rrr*unit*lib.param.BOHR**2
    lib.logger.info(mf,'Total Octupole moments (XXX, YYY, ZZZ, XYY): %.4f, %.4f, %.4f, %.4f', \
    rrr[0,0,0], rrr[1,1,1], rrr[2,2,2], rrr[0,1,1])
    lib.logger.info(mf,'Total Octupole moments (XXY, XXZ, XZZ, YZZ): %.4f, %.4f, %.4f, %.4f', \
    rrr[0,0,1], rrr[0,0,2], rrr[0,2,2], rrr[1,2,2])
    lib.logger.info(mf,'Total Octupole moments (YYZ, XYZ): %.4f, %.4f', rrr[1,1,2], rrr[0,1,2])

    lib.logger.info(mf,'Hexadecapole moments (Debye-Angs**3)')
    rrrr = mol.intor_symmetric('int1e_rrrr', comp=81).reshape(3,3,3,3,nao,nao)
    rrrr = -1.0*numpy.einsum('xyzwij,ji->xyzw', rrrr, dm)
    rrrr += numpy.einsum('z,zx,zy,zk,zw->xykw', charges, coords, coords, coords, coords)
    rrrr = rrrr*unit*lib.param.BOHR**3
    lib.logger.info(mf,'Total Hexadecapole moments (XXXX, YYYY, ZZZZ, XXXY): %.4f, %.4f, %.4f, %.4f', \
    rrrr[0,0,0,0], rrrr[1,1,1,1], rrrr[2,2,2,2], rrrr[0,0,0,1])
    lib.logger.info(mf,'Total Hexadecapole moments (XXXZ, YYYX, YYYZ, ZZZX): %.4f, %.4f, %.4f, %.4f', \
    rrrr[0,0,0,2], rrrr[1,1,1,0], rrrr[1,1,1,2], rrrr[2,2,2,0])
    lib.logger.info(mf,'Total Hexadecapole moments (ZZZY, XXYY, XXZZ, YYZZ): %.4f, %.4f, %.4f, %.4f', \
    rrrr[2,2,2,1], rrrr[0,0,1,1], rrrr[0,0,2,2], rrrr[1,1,2,2])
    lib.logger.info(mf,'Total Hexadecapole moments (XXYZ, YYXZ, ZZXY): %.4f, %.4f, %.4f', \
    rrrr[0,0,1,2], rrrr[1,1,0,2], rrrr[2,2,0,1])
     
    coeff = mf.mo_coeff[:,mf.mo_occ>0]
    occ = mf.mo_occ[mf.mo_occ>0]
    energy = mf.mo_energy[mf.mo_occ>0]
    den_file = name+'.mol'
    fspt = open(den_file,'w')
    molden.header(mol, fspt)
    molden.orbital_coeff(mol, fspt, coeff, ene=energy, occ=occ) 
    fspt.close()                    
    cmd = '/home/jluis/bin/molden2aim '+name
    os.system(cmd)
    den_file = name+'.wfn'
    fspt = open(den_file,'a')
    fspt.write('RHF\n')
    fspt.close()                    

    pmd_file = name+'.pmd'
    fspt = open(pmd_file,'w')
    fspt.write('%s.wfn\n' % (name))
    if (mol.symmetry == False):
        fspt.write('nosymmetry\n')
    fspt.write('tes\n')
    fspt.write('  epsiscp 0.220\n')
    fspt.write('  radialquad 7\n')
    fspt.write('  rmapping 2\n')
    fspt.write('  lmax 10\n')
    fspt.write('  nr 551\n')
    fspt.write('  lebedev 5810\n')
    fspt.write('  betasphere\n')
    for ia in range(mol.natm):
        symb = mol.atom_pure_symbol(ia)
        inuc = lib.parameters.NUC[symb]
        betarad = radii.COVALENT[inuc]/3.5
        fspt.write('  betaradw %d %1.3f\n' % ((ia+1),betarad))
    fspt.write('  radialquadbeta 7\n')
    fspt.write('  rmappingbeta 3\n')
    fspt.write('  lmaxbeta 8\n')
    fspt.write('  nrb 451\n')
    fspt.write('  lebedevbeta 3074\n')
    fspt.write('  dafh\n')
    fspt.write('endtes')
    fspt.close()                    

    cmd = 'rm '+name+'.mol'
    os.system(cmd)
#INFO: ******************** input file end ********************


System: ('Linux', 'silicio', '3.16.0-4-amd64', '#1 SMP Debian 3.16.51-3 (2017-12-13)', 'x86_64', '')  Threads 12
Python 2.7.14 (default, Apr  9 2018, 16:34:43) 
[GCC 7.3.0]
numpy 1.14.2  scipy 1.0.1
Date: Fri Jun 29 23:06:28 2018
PySCF version 1.5
PySCF path  /home/jluis/src/pyscf/pyscf
GIT ORIG_HEAD f2dbb26d09ae5148fbf5975669a994500ac7a4c9
GIT HEAD      ref: refs/heads/master
GIT master branch  f2dbb26d09ae5148fbf5975669a994500ac7a4c9

[ENV] PYSCF_TMPDIR /scratch-ssd/jluis
[CONFIG] conf_file None
[INPUT] verbose = 4
[INPUT] num. atoms = 2
[INPUT] num. electrons = 14
[INPUT] charge = 0
[INPUT] spin (= nelec alpha-beta = 2S) = 0
[INPUT] symmetry 0 subgroup None
[INPUT] Mole.unit = angstrom
[INPUT]  1 Na     0.000000000000   0.000000000000  -1.722414000000 AA    0.000000000000   0.000000000000  -3.254890733117 Bohr
[INPUT]  2 Li     0.000000000000   0.000000000000   1.210064000000 AA    0.000000000000   0.000000000000   2.286689553196 Bohr

nuclear repulsion = 5.95498004089374
number of shells = 26
number of NR pGTOs = 138
number of NR cGTOs = 96
basis = aug-cc-pvtz
ecp = {}
CPU time:        45.14


******** <class 'pyscf.dft.rks.RKS'> flags ********
method = RKS-RHF
initial guess = minao
damping factor = 0
level shift factor = 0
DIIS = <class 'pyscf.scf.diis.CDIIS'>
DIIS start cycle = 1
DIIS space = 8
SCF tol = 1e-09
SCF gradient tol = None
max. SCF cycles = 120
direct_scf = True
direct_scf_tol = 1e-13
chkfile to save SCF result = nali.chk
max_memory 64000 MB (current use 82 MB)
XC functionals = scan
small_rho_cutoff = 1e-07
radial grids: 
    Treutler-Ahlrichs (JCP 102, 346 (M4)) radial grids
    
becke partition: Becke, JCP, 88, 2547 (1988)
pruning grids: <function nwchem_prune at 0x2b067e0f35f0>
grids dens level: 4
symmetrized grids: 0
atomic radii adjust function: <function treutler_atomic_radii_adjust at 0x2b067e0f3500>
Set gradient conv threshold to 3.16228e-05
tot grids = 49486
init E= -169.69098356818
  HOMO = -0.13862173177849  LUMO = -0.069092464146901
cycle= 1 E= -169.710783444973  delta_E= -0.0198  |g|= 0.0454  |ddm|= 0.986
  HOMO = -0.10766643112361  LUMO = -0.0445700537394583
cycle= 2 E= -169.711827642489  delta_E= -0.00104  |g|= 0.0164  |ddm|= 0.348
  HOMO = -0.115583099902408  LUMO = -0.0509462498036495
cycle= 3 E= -169.712094129636  delta_E= -0.000266  |g|= 0.00367  |ddm|= 0.0765
  HOMO = -0.115992925188671  LUMO = -0.0512852502642179
cycle= 4 E= -169.712116014437  delta_E= -2.19e-05  |g|= 0.00177  |ddm|= 0.0371
  HOMO = -0.116073838896323  LUMO = -0.0512985703960302
cycle= 5 E= -169.712122209045  delta_E= -6.19e-06  |g|= 0.000782  |ddm|= 0.0504
  HOMO = -0.116170112526625  LUMO = -0.0513133715620992
cycle= 6 E= -169.712123150027  delta_E= -9.41e-07  |g|= 0.00047  |ddm|= 0.0281
  HOMO = -0.116148771669416  LUMO = -0.0512462973514351
cycle= 7 E= -169.712123602899  delta_E= -4.53e-07  |g|= 0.000247  |ddm|= 0.0262
  HOMO = -0.116142868354715  LUMO = -0.0512351310793366
cycle= 8 E= -169.712123737791  delta_E= -1.35e-07  |g|= 9.45e-05  |ddm|= 0.0115
  HOMO = -0.116145734891171  LUMO = -0.0512373286161249
cycle= 9 E= -169.712123756321  delta_E= -1.85e-08  |g|= 2.84e-05  |ddm|= 0.00217
  HOMO = -0.11614249490425  LUMO = -0.0512344499135512
cycle= 10 E= -169.712123758363  delta_E= -2.04e-09  |g|= 6.76e-06  |ddm|= 0.00157
  HOMO = -0.116142229611625  LUMO = -0.0512346712338248
cycle= 11 E= -169.712123758453  delta_E= -9.09e-11  |g|= 3.45e-06  |ddm|= 0.000501
  HOMO = -0.116142410895976  LUMO = -0.0512349735427333
Extra cycle  E= -169.71212375847  delta_E= -1.61e-11  |g|= 2.38e-06  |ddm|= 4.6e-05
converged SCF energy = -169.71212375847
Electronic spatial extent <R**2> (au): 166.5995
* Multipoles in the independent field-basis, Gauge -> (0,0,0)
Electronic Dipole moment(X, Y, Z, Debye): -0.0000, 0.0000, -73.2061
Nuclear Dipole moment(X, Y, Z, Debye): 0.0000, 0.0000, -73.5676
Total Dipole moment(X, Y, Z, Debye): 0.0000, -0.0000, -0.3615
Quadrupole moments (Debye-Angs)
Total Quadrupole moments (XX, YY, ZZ): -20.1441, -20.1441, -5.9477
Total Quadrupole moments (XY, XZ, YZ): 0.0000, -0.0000, 0.0000
Octupole moments (Debye-Angs**2)
Total Octupole moments (XXX, YYY, ZZZ, XYY): 0.0000, -0.0000, 16.9333, 0.0000
Total Octupole moments (XXY, XXZ, XZZ, YZZ): -0.0000, 8.8357, 0.0000, -0.0000
Total Octupole moments (YYZ, XYZ): 8.8357, -0.0000
Hexadecapole moments (Debye-Angs**3)
Total Hexadecapole moments (XXXX, YYYY, ZZZZ, XXXY): -95.0887, -95.0887, -203.5443, 0.0000
Total Hexadecapole moments (XXXZ, YYYX, YYYZ, ZZZX): -0.0000, 0.0000, 0.0000, -0.0000
Total Hexadecapole moments (ZZZY, XXYY, XXZZ, YYZZ): 0.0000, -31.6962, -56.3276, -56.3276
Total Hexadecapole moments (XXYZ, YYXZ, ZZXY): 0.0000, -0.0000, 0.0000
