#INFO: **** input file is /home/jluis/src/git/db/molecules-wfn/m06-2x/run_sp.py ****
#!/usr/bin/env python

import numpy, sys, os
from pyscf import lib, gto, scf, dft
from pyscf.tools import molden
from pyscf.data import radii

def read_molecule(path):

    charge = spin = 0
    with open(path, 'r') as myfile:
        output = myfile.read()
        output = output.lstrip()
        output = output.rstrip()
        output = output.split('\n')

    try:
        int(output[0])
    except ValueError:
        try:
            charge = int(output[0].split(' ')[0])
            spin = int(output[0].split(' ')[1]) - 1
        except ValueError:
            molecule = output
        else:
            molecule = '\n'.join(output[1:])
    else:
        if int(output[0]) == len(output) - 2:
            molecule = '\n'.join(output[2:])
            try:
                charge = int(output[1].split(' ')[0])
                spin = int(output[1].split(' ')[1])-1
            except ValueError:
                pass
        else:
            print "THIS IS NOT A VALID XYZ FILE"

    return (molecule, charge, spin)

directory = '../../molecules/'
files = [i for i in os.listdir(directory) if i.endswith('.xyz')]

for filename in files:

    name = filename[:-8]
    mol = gto.Mole()
    (mol.atom, charge, spin) = read_molecule(directory+filename)
    mol.basis = 'aug-cc-pvtz'
    mol.charge = charge
    mol.spin = spin
    mol.output = name+'.out'
    mol.symmetry = 0
    mol.max_memory = 10000
    mol.verbose = 4
    mol.build()

    mf = dft.RKS(mol) 
    mf.grids.level = 4
    mf.xc = 'm06-2x'
    mf = scf.addons.remove_linear_dep_(mf)
    mf.max_cycle = 120
    mf.chkfile = name+'.chk'
    mf.kernel()

    dm = mf.make_rdm1()
    nao = mol.nao_nr()
    unit = 2.541746
    origin = ([0.0,0.0,0.0])
    charges = mol.atom_charges()
    coords  = mol.atom_coords()
    mol.set_common_orig(origin)
    r2 = mol.intor_symmetric('int1e_r2')
    r2 = numpy.einsum('ij,ji->', r2, dm)
    lib.logger.info(mf,'Electronic spatial extent <R**2> (au): %.4f', r2)

    lib.logger.info(mf,'* Multipoles in the independent field-basis, Gauge -> (0,0,0)')
    ao_dip = mol.intor_symmetric('int1e_r', comp=3)
    el_dip = numpy.einsum('xij,ji->x', ao_dip, dm)
    lib.logger.info(mf,'Electronic Dipole moment(X, Y, Z, Debye): %.4f, %.4f, %.4f', *el_dip*unit)
    nucl_dip = numpy.einsum('i,ix->x', charges, coords)
    lib.logger.info(mf,'Nuclear Dipole moment(X, Y, Z, Debye): %.4f, %.4f, %.4f', *nucl_dip*unit)
    mol_dip = (nucl_dip - el_dip) * unit
    lib.logger.info(mf,'Total Dipole moment(X, Y, Z, Debye): %.4f, %.4f, %.4f', *mol_dip)

    lib.logger.info(mf,'Quadrupole moments (Debye-Angs)')
    rr = mol.intor_symmetric('int1e_rr', comp=9).reshape(3,3,nao,nao)
    rr = -1.0*numpy.einsum('xyij,ji->xy', rr, dm)
    rr += numpy.einsum('z,zx,zy->xy', charges, coords, coords)
    rr = rr*unit*lib.param.BOHR
    lib.logger.info(mf,'Total Quadrupole moments (XX, YY, ZZ): %.4f, %.4f, %.4f', \
    rr[0,0], rr[1,1], rr[2,2])
    lib.logger.info(mf,'Total Quadrupole moments (XY, XZ, YZ): %.4f, %.4f, %.4f', \
    rr[0,1], rr[0,2], rr[1,2])
 
    lib.logger.info(mf,'Octupole moments (Debye-Angs**2)')
    rrr = mol.intor_symmetric('int1e_rrr', comp=27).reshape(3,3,3,nao,nao)
    rrr = -1.0*numpy.einsum('xyzij,ji->xyz', rrr, dm)
    rrr += numpy.einsum('z,zx,zy,zk->xyk', charges, coords, coords, coords)
    rrr = rrr*unit*lib.param.BOHR**2
    lib.logger.info(mf,'Total Octupole moments (XXX, YYY, ZZZ, XYY): %.4f, %.4f, %.4f, %.4f', \
    rrr[0,0,0], rrr[1,1,1], rrr[2,2,2], rrr[0,1,1])
    lib.logger.info(mf,'Total Octupole moments (XXY, XXZ, XZZ, YZZ): %.4f, %.4f, %.4f, %.4f', \
    rrr[0,0,1], rrr[0,0,2], rrr[0,2,2], rrr[1,2,2])
    lib.logger.info(mf,'Total Octupole moments (YYZ, XYZ): %.4f, %.4f', rrr[1,1,2], rrr[0,1,2])

    lib.logger.info(mf,'Hexadecapole moments (Debye-Angs**3)')
    rrrr = mol.intor_symmetric('int1e_rrrr', comp=81).reshape(3,3,3,3,nao,nao)
    rrrr = -1.0*numpy.einsum('xyzwij,ji->xyzw', rrrr, dm)
    rrrr += numpy.einsum('z,zx,zy,zk,zw->xykw', charges, coords, coords, coords, coords)
    rrrr = rrrr*unit*lib.param.BOHR**3
    lib.logger.info(mf,'Total Hexadecapole moments (XXXX, YYYY, ZZZZ, XXXY): %.4f, %.4f, %.4f, %.4f', \
    rrrr[0,0,0,0], rrrr[1,1,1,1], rrrr[2,2,2,2], rrrr[0,0,0,1])
    lib.logger.info(mf,'Total Hexadecapole moments (XXXZ, YYYX, YYYZ, ZZZX): %.4f, %.4f, %.4f, %.4f', \
    rrrr[0,0,0,2], rrrr[1,1,1,0], rrrr[1,1,1,2], rrrr[2,2,2,0])
    lib.logger.info(mf,'Total Hexadecapole moments (ZZZY, XXYY, XXZZ, YYZZ): %.4f, %.4f, %.4f, %.4f', \
    rrrr[2,2,2,1], rrrr[0,0,1,1], rrrr[0,0,2,2], rrrr[1,1,2,2])
    lib.logger.info(mf,'Total Hexadecapole moments (XXYZ, YYXZ, ZZXY): %.4f, %.4f, %.4f', \
    rrrr[0,0,1,2], rrrr[1,1,0,2], rrrr[2,2,0,1])
     
    coeff = mf.mo_coeff[:,mf.mo_occ>0]
    occ = mf.mo_occ[mf.mo_occ>0]
    energy = mf.mo_energy[mf.mo_occ>0]
    den_file = name+'.mol'
    fspt = open(den_file,'w')
    molden.header(mol, fspt)
    molden.orbital_coeff(mol, fspt, coeff, ene=energy, occ=occ) 
    fspt.close()                    
    cmd = '/home/jluis/bin/molden2aim '+name
    os.system(cmd)
    den_file = name+'.wfn'
    fspt = open(den_file,'a')
    fspt.write('RHF\n')
    fspt.close()                    

    pmd_file = name+'.pmd'
    fspt = open(pmd_file,'w')
    fspt.write('%s.wfn\n' % (name))
    if (mol.symmetry == False):
        fspt.write('nosymmetry\n')
    fspt.write('tes\n')
    fspt.write('  epsiscp 0.220\n')
    fspt.write('  radialquad 7\n')
    fspt.write('  rmapping 2\n')
    fspt.write('  lmax 10\n')
    fspt.write('  nr 551\n')
    fspt.write('  lebedev 5810\n')
    fspt.write('  betasphere\n')
    for ia in range(mol.natm):
        symb = mol.atom_pure_symbol(ia)
        inuc = lib.parameters.NUC[symb]
        betarad = radii.COVALENT[inuc]/3.5
        fspt.write('  betaradw %d %1.3f\n' % ((ia+1),betarad))
    fspt.write('  radialquadbeta 7\n')
    fspt.write('  rmappingbeta 3\n')
    fspt.write('  lmaxbeta 8\n')
    fspt.write('  nrb 451\n')
    fspt.write('  lebedevbeta 3074\n')
    fspt.write('  dafh\n')
    fspt.write('endtes')
    fspt.close()                    

    cmd = 'rm '+name+'.mol'
    os.system(cmd)
#INFO: ******************** input file end ********************


System: ('Linux', 'silicio', '3.16.0-4-amd64', '#1 SMP Debian 3.16.51-3 (2017-12-13)', 'x86_64', '')  Threads 12
Python 2.7.14 (default, Apr  9 2018, 16:34:43) 
[GCC 7.3.0]
numpy 1.14.2  scipy 1.0.1
Date: Thu Jun 28 05:20:51 2018
PySCF version 1.5
PySCF path  /home/jluis/src/pyscf/pyscf
GIT ORIG_HEAD f2dbb26d09ae5148fbf5975669a994500ac7a4c9
GIT HEAD      ref: refs/heads/master
GIT master branch  f2dbb26d09ae5148fbf5975669a994500ac7a4c9

[ENV] PYSCF_TMPDIR /scratch-ssd/jluis
[CONFIG] conf_file None
[INPUT] verbose = 4
[INPUT] num. atoms = 9
[INPUT] num. electrons = 66
[INPUT] charge = 0
[INPUT] spin (= nelec alpha-beta = 2S) = 0
[INPUT] symmetry 0 subgroup None
[INPUT] Mole.unit = angstrom
[INPUT]  1 C     -1.290527000000   1.057515000000  -0.000001000000 AA   -2.438742586357   1.998413722619  -0.000001889726 Bohr
[INPUT]  2 H     -2.024850000000   0.228441000000   0.000001000000 AA   -3.826411943326   0.431690925622   0.000001889726 Bohr
[INPUT]  3 O     -1.589925000000   2.234365000000   0.000000000000 AA   -3.004522808599   4.222337912314   0.000000000000 Bohr
[INPUT]  4 N      0.002645000000   0.617919000000   0.000000000000 AA    0.004998325599   1.167697677165   0.000000000000 Bohr
[INPUT]  5 C      1.155064000000   1.491286000000   0.000000000000 AA    2.182754616345   2.818122113398   0.000000000000 Bohr
[INPUT]  6 H      0.769369000000   2.517286000000   0.000000000000 AA    1.453896698730   4.756981117202   0.000000000000 Bohr
[INPUT]  7 H      1.766213000000   1.324800000000   0.896886000000 AA    3.337658847646   2.503509169824   1.694868904957 Bohr
[INPUT]  8 H      1.766213000000   1.324800000000  -0.896885000000 AA    3.337658847646   2.503509169824  -1.694867015231 Bohr
[INPUT]  9 Br     0.326725000000  -1.215436000000   0.000000000000 AA    0.617420768049  -2.296841161937   0.000000000000 Bohr

nuclear repulsion = 322.607173645445
number of shells = 102
number of NR pGTOs = 459
number of NR cGTOs = 335
basis = aug-cc-pvtz
ecp = {}
CPU time:    154025.46


******** <class 'pyscf.dft.rks.RKS'> flags ********
method = RKS-RHF
initial guess = minao
damping factor = 0
level shift factor = 0
DIIS = <class 'pyscf.scf.diis.CDIIS'>
DIIS start cycle = 1
DIIS space = 8
SCF tol = 1e-09
SCF gradient tol = None
max. SCF cycles = 120
direct_scf = True
direct_scf_tol = 1e-13
chkfile to save SCF result = c2h4obr.chk
max_memory 10000 MB (current use 229 MB)
XC functionals = m06-2x
small_rho_cutoff = 1e-07
radial grids: 
    Treutler-Ahlrichs (JCP 102, 346 (M4)) radial grids
    
becke partition: Becke, JCP, 88, 2547 (1988)
pruning grids: <function nwchem_prune at 0x2b19c47015f0>
grids dens level: 4
symmetrized grids: 0
atomic radii adjust function: <function treutler_atomic_radii_adjust at 0x2b19c4701500>
Set gradient conv threshold to 3.16228e-05
tot grids = 208518
init E= -2782.54207165252
  HOMO = -0.274819782013117  LUMO = -0.0897906888498998
cycle= 1 E= -2782.65144506138  delta_E= -0.109  |g|= 0.843  |ddm|= 3.31
  HOMO = -0.199921529965552  LUMO = -0.102126678494152
cycle= 2 E= -2782.20974327721  delta_E= 0.442  |g|= 1.74  |ddm|= 1.57
  HOMO = -0.314817976030356  LUMO = -0.0425547194739409
cycle= 3 E= -2782.7970980042  delta_E= -0.587  |g|= 0.0908  |ddm|= 1.04
  HOMO = -0.31700855678274  LUMO = -0.0386043102935515
cycle= 4 E= -2782.79865301436  delta_E= -0.00156  |g|= 0.053  |ddm|= 0.121
  HOMO = -0.318984361064645  LUMO = -0.0376212447552748
cycle= 5 E= -2782.79930179576  delta_E= -0.000649  |g|= 0.0127  |ddm|= 0.0476
  HOMO = -0.317099043288068  LUMO = -0.0358675964523054
cycle= 6 E= -2782.79934610774  delta_E= -4.43e-05  |g|= 0.00676  |ddm|= 0.0163
  HOMO = -0.317629117513185  LUMO = -0.0359930377581785
cycle= 7 E= -2782.79936091029  delta_E= -1.48e-05  |g|= 0.00329  |ddm|= 0.00861
  HOMO = -0.317463441939252  LUMO = -0.0359505563677673
cycle= 8 E= -2782.79936420574  delta_E= -3.3e-06  |g|= 0.00049  |ddm|= 0.00457
  HOMO = -0.317445650024081  LUMO = -0.0359017270382309
cycle= 9 E= -2782.79936426752  delta_E= -6.18e-08  |g|= 0.000127  |ddm|= 0.000632
  HOMO = -0.317455514481148  LUMO = -0.0359045942460355
cycle= 10 E= -2782.79936427086  delta_E= -3.34e-09  |g|= 4.05e-05  |ddm|= 0.000203
  HOMO = -0.317453507167895  LUMO = -0.0359033774727599
cycle= 11 E= -2782.79936427113  delta_E= -2.71e-10  |g|= 9.98e-06  |ddm|= 5.8e-05
  HOMO = -0.31745537476161  LUMO = -0.0359043577280415
Extra cycle  E= -2782.79936427115  delta_E= -1.73e-11  |g|= 7.71e-06  |ddm|= 1.82e-05
converged SCF energy = -2782.79936427115
Electronic spatial extent <R**2> (au): 736.9361
* Multipoles in the independent field-basis, Gauge -> (0,0,0)
Electronic Dipole moment(X, Y, Z, Debye): -1.0698, 3.5901, -0.0000
Nuclear Dipole moment(X, Y, Z, Debye): 0.9542, 1.6726, -0.0000
Total Dipole moment(X, Y, Z, Debye): 2.0240, -1.9175, -0.0000
Quadrupole moments (Debye-Angs)
Total Quadrupole moments (XX, YY, ZZ): -42.7515, -47.2617, -42.5401
Total Quadrupole moments (XY, XZ, YZ): 7.2498, 0.0000, -0.0000
Octupole moments (Debye-Angs**2)
Total Octupole moments (XXX, YYY, ZZZ, XYY): 10.1542, -55.4576, 0.0000, 22.3588
Total Octupole moments (XXY, XXZ, XZZ, YZZ): -18.9251, 0.0000, 2.6464, -9.3389
Total Octupole moments (YYZ, XYZ): 0.0000, 0.0000
Hexadecapole moments (Debye-Angs**3)
Total Hexadecapole moments (XXXX, YYYY, ZZZZ, XXXY): -286.4595, -552.9626, -52.5796, 85.7272
Total Hexadecapole moments (XXXZ, YYYX, YYYZ, ZZZX): -0.0000, 101.5388, 0.0000, -0.0000
Total Hexadecapole moments (ZZZY, XXYY, XXZZ, YYZZ): 0.0000, -162.0479, -53.9170, -99.5760
Total Hexadecapole moments (XXYZ, YYXZ, ZZXY): 0.0000, -0.0000, 22.3223
