#INFO: **** input file is /home/jluis/src/git/db/molecules-wfn/m06-2x/run_sp.py ****
#!/usr/bin/env python

import numpy, sys, os
from pyscf import lib, gto, scf, dft
from pyscf.tools import molden
from pyscf.data import radii

def read_molecule(path):

    charge = spin = 0
    with open(path, 'r') as myfile:
        output = myfile.read()
        output = output.lstrip()
        output = output.rstrip()
        output = output.split('\n')

    try:
        int(output[0])
    except ValueError:
        try:
            charge = int(output[0].split(' ')[0])
            spin = int(output[0].split(' ')[1]) - 1
        except ValueError:
            molecule = output
        else:
            molecule = '\n'.join(output[1:])
    else:
        if int(output[0]) == len(output) - 2:
            molecule = '\n'.join(output[2:])
            try:
                charge = int(output[1].split(' ')[0])
                spin = int(output[1].split(' ')[1])-1
            except ValueError:
                pass
        else:
            print "THIS IS NOT A VALID XYZ FILE"

    return (molecule, charge, spin)

directory = '../../molecules/'
files = [i for i in os.listdir(directory) if i.endswith('.xyz')]

for filename in files:

    name = filename[:-8]
    mol = gto.Mole()
    (mol.atom, charge, spin) = read_molecule(directory+filename)
    mol.basis = 'aug-cc-pvtz'
    mol.charge = charge
    mol.spin = spin
    mol.output = name+'.out'
    mol.symmetry = 0
    mol.max_memory = 10000
    mol.verbose = 4
    mol.build()

    mf = dft.RKS(mol) 
    mf.grids.level = 4
    mf.xc = 'm06-2x'
    mf = scf.addons.remove_linear_dep_(mf)
    mf.max_cycle = 120
    mf.chkfile = name+'.chk'
    mf.kernel()

    dm = mf.make_rdm1()
    nao = mol.nao_nr()
    unit = 2.541746
    origin = ([0.0,0.0,0.0])
    charges = mol.atom_charges()
    coords  = mol.atom_coords()
    mol.set_common_orig(origin)
    r2 = mol.intor_symmetric('int1e_r2')
    r2 = numpy.einsum('ij,ji->', r2, dm)
    lib.logger.info(mf,'Electronic spatial extent <R**2> (au): %.4f', r2)

    lib.logger.info(mf,'* Multipoles in the independent field-basis, Gauge -> (0,0,0)')
    ao_dip = mol.intor_symmetric('int1e_r', comp=3)
    el_dip = numpy.einsum('xij,ji->x', ao_dip, dm)
    lib.logger.info(mf,'Electronic Dipole moment(X, Y, Z, Debye): %.4f, %.4f, %.4f', *el_dip*unit)
    nucl_dip = numpy.einsum('i,ix->x', charges, coords)
    lib.logger.info(mf,'Nuclear Dipole moment(X, Y, Z, Debye): %.4f, %.4f, %.4f', *nucl_dip*unit)
    mol_dip = (nucl_dip - el_dip) * unit
    lib.logger.info(mf,'Total Dipole moment(X, Y, Z, Debye): %.4f, %.4f, %.4f', *mol_dip)

    lib.logger.info(mf,'Quadrupole moments (Debye-Angs)')
    rr = mol.intor_symmetric('int1e_rr', comp=9).reshape(3,3,nao,nao)
    rr = -1.0*numpy.einsum('xyij,ji->xy', rr, dm)
    rr += numpy.einsum('z,zx,zy->xy', charges, coords, coords)
    rr = rr*unit*lib.param.BOHR
    lib.logger.info(mf,'Total Quadrupole moments (XX, YY, ZZ): %.4f, %.4f, %.4f', \
    rr[0,0], rr[1,1], rr[2,2])
    lib.logger.info(mf,'Total Quadrupole moments (XY, XZ, YZ): %.4f, %.4f, %.4f', \
    rr[0,1], rr[0,2], rr[1,2])
 
    lib.logger.info(mf,'Octupole moments (Debye-Angs**2)')
    rrr = mol.intor_symmetric('int1e_rrr', comp=27).reshape(3,3,3,nao,nao)
    rrr = -1.0*numpy.einsum('xyzij,ji->xyz', rrr, dm)
    rrr += numpy.einsum('z,zx,zy,zk->xyk', charges, coords, coords, coords)
    rrr = rrr*unit*lib.param.BOHR**2
    lib.logger.info(mf,'Total Octupole moments (XXX, YYY, ZZZ, XYY): %.4f, %.4f, %.4f, %.4f', \
    rrr[0,0,0], rrr[1,1,1], rrr[2,2,2], rrr[0,1,1])
    lib.logger.info(mf,'Total Octupole moments (XXY, XXZ, XZZ, YZZ): %.4f, %.4f, %.4f, %.4f', \
    rrr[0,0,1], rrr[0,0,2], rrr[0,2,2], rrr[1,2,2])
    lib.logger.info(mf,'Total Octupole moments (YYZ, XYZ): %.4f, %.4f', rrr[1,1,2], rrr[0,1,2])

    lib.logger.info(mf,'Hexadecapole moments (Debye-Angs**3)')
    rrrr = mol.intor_symmetric('int1e_rrrr', comp=81).reshape(3,3,3,3,nao,nao)
    rrrr = -1.0*numpy.einsum('xyzwij,ji->xyzw', rrrr, dm)
    rrrr += numpy.einsum('z,zx,zy,zk,zw->xykw', charges, coords, coords, coords, coords)
    rrrr = rrrr*unit*lib.param.BOHR**3
    lib.logger.info(mf,'Total Hexadecapole moments (XXXX, YYYY, ZZZZ, XXXY): %.4f, %.4f, %.4f, %.4f', \
    rrrr[0,0,0,0], rrrr[1,1,1,1], rrrr[2,2,2,2], rrrr[0,0,0,1])
    lib.logger.info(mf,'Total Hexadecapole moments (XXXZ, YYYX, YYYZ, ZZZX): %.4f, %.4f, %.4f, %.4f', \
    rrrr[0,0,0,2], rrrr[1,1,1,0], rrrr[1,1,1,2], rrrr[2,2,2,0])
    lib.logger.info(mf,'Total Hexadecapole moments (ZZZY, XXYY, XXZZ, YYZZ): %.4f, %.4f, %.4f, %.4f', \
    rrrr[2,2,2,1], rrrr[0,0,1,1], rrrr[0,0,2,2], rrrr[1,1,2,2])
    lib.logger.info(mf,'Total Hexadecapole moments (XXYZ, YYXZ, ZZXY): %.4f, %.4f, %.4f', \
    rrrr[0,0,1,2], rrrr[1,1,0,2], rrrr[2,2,0,1])
     
    coeff = mf.mo_coeff[:,mf.mo_occ>0]
    occ = mf.mo_occ[mf.mo_occ>0]
    energy = mf.mo_energy[mf.mo_occ>0]
    den_file = name+'.mol'
    fspt = open(den_file,'w')
    molden.header(mol, fspt)
    molden.orbital_coeff(mol, fspt, coeff, ene=energy, occ=occ) 
    fspt.close()                    
    cmd = '/home/jluis/bin/molden2aim '+name
    os.system(cmd)
    den_file = name+'.wfn'
    fspt = open(den_file,'a')
    fspt.write('RHF\n')
    fspt.close()                    

    pmd_file = name+'.pmd'
    fspt = open(pmd_file,'w')
    fspt.write('%s.wfn\n' % (name))
    if (mol.symmetry == False):
        fspt.write('nosymmetry\n')
    fspt.write('tes\n')
    fspt.write('  epsiscp 0.220\n')
    fspt.write('  radialquad 7\n')
    fspt.write('  rmapping 2\n')
    fspt.write('  lmax 10\n')
    fspt.write('  nr 551\n')
    fspt.write('  lebedev 5810\n')
    fspt.write('  betasphere\n')
    for ia in range(mol.natm):
        symb = mol.atom_pure_symbol(ia)
        inuc = lib.parameters.NUC[symb]
        betarad = radii.COVALENT[inuc]/3.5
        fspt.write('  betaradw %d %1.3f\n' % ((ia+1),betarad))
    fspt.write('  radialquadbeta 7\n')
    fspt.write('  rmappingbeta 3\n')
    fspt.write('  lmaxbeta 8\n')
    fspt.write('  nrb 451\n')
    fspt.write('  lebedevbeta 3074\n')
    fspt.write('  dafh\n')
    fspt.write('endtes')
    fspt.close()                    

    cmd = 'rm '+name+'.mol'
    os.system(cmd)
#INFO: ******************** input file end ********************


System: ('Linux', 'silicio', '3.16.0-4-amd64', '#1 SMP Debian 3.16.51-3 (2017-12-13)', 'x86_64', '')  Threads 12
Python 2.7.14 (default, Apr  9 2018, 16:34:43) 
[GCC 7.3.0]
numpy 1.14.2  scipy 1.0.1
Date: Thu Jun 28 03:44:36 2018
PySCF version 1.5
PySCF path  /home/jluis/src/pyscf/pyscf
GIT ORIG_HEAD f2dbb26d09ae5148fbf5975669a994500ac7a4c9
GIT HEAD      ref: refs/heads/master
GIT master branch  f2dbb26d09ae5148fbf5975669a994500ac7a4c9

[ENV] PYSCF_TMPDIR /scratch-ssd/jluis
[CONFIG] conf_file None
[INPUT] verbose = 4
[INPUT] num. atoms = 10
[INPUT] num. electrons = 26
[INPUT] charge = 0
[INPUT] spin (= nelec alpha-beta = 2S) = 0
[INPUT] symmetry 0 subgroup None
[INPUT] Mole.unit = angstrom
[INPUT]  1 N     -5.053705000000   2.724021000000   0.091074000000 AA   -9.550118364345   5.147653647564   0.172104917069 Bohr
[INPUT]  2 C     -3.605027000000   2.687191000000   0.126317000000 AA   -6.812513701662   5.078055034396   0.238704534877 Bohr
[INPUT]  3 H     -5.425367000000   1.853954000000   0.458464000000 AA  -10.252457755253   3.503465307542   0.866371397973 Bohr
[INPUT]  4 C     -5.575810000000   2.951241000000  -1.241985000000 AA  -10.536753822611   5.577037217588  -2.347011500818 Bohr
[INPUT]  5 H     -3.262096000000   2.455098000000   1.142780000000 AA   -6.164468032039   4.639462828967   2.159541220630 Bohr
[INPUT]  6 H     -3.209687000000   3.678357000000  -0.139859000000 AA   -6.065429375577   6.951087318377  -0.264295206056 Bohr
[INPUT]  7 H     -3.156326000000   1.950817000000  -0.571673000000 AA   -5.964591699844   3.686509849146  -1.080305402808 Bohr
[INPUT]  8 H     -5.284274000000   3.956367000000  -1.580042000000 AA   -9.985830627160   7.476450078267  -2.985846645310 Bohr
[INPUT]  9 H     -6.672544000000   2.911861000000  -1.225128000000 AA  -12.609280714110   5.502619802802  -2.315156387536 Bohr
[INPUT] 10 H     -5.210635000000   2.226182000000  -1.998098000000 AA   -9.846673085073   4.206874283436  -3.775857990041 Bohr

nuclear repulsion = 84.2031745226713
number of shells = 102
number of NR pGTOs = 349
number of NR cGTOs = 299
basis = aug-cc-pvtz
ecp = {}
CPU time:    102469.17


******** <class 'pyscf.dft.rks.RKS'> flags ********
method = RKS-RHF
initial guess = minao
damping factor = 0
level shift factor = 0
DIIS = <class 'pyscf.scf.diis.CDIIS'>
DIIS start cycle = 1
DIIS space = 8
SCF tol = 1e-09
SCF gradient tol = None
max. SCF cycles = 120
direct_scf = True
direct_scf_tol = 1e-13
chkfile to save SCF result = c2h6nh.chk
max_memory 10000 MB (current use 243 MB)
XC functionals = m06-2x
small_rho_cutoff = 1e-07
radial grids: 
    Treutler-Ahlrichs (JCP 102, 346 (M4)) radial grids
    
becke partition: Becke, JCP, 88, 2547 (1988)
pruning grids: <function nwchem_prune at 0x2b19c47015f0>
grids dens level: 4
symmetrized grids: 0
atomic radii adjust function: <function treutler_atomic_radii_adjust at 0x2b19c4701500>
Set gradient conv threshold to 3.16228e-05
tot grids = 197712
init E= -135.376085702117
  HOMO = -0.280401263609367  LUMO = -0.0189487644080229
cycle= 1 E= -135.107059443266  delta_E= 0.269  |g|= 0.392  |ddm|=  2.2
  HOMO = -0.236372767548224  LUMO = -0.00205365530220926
cycle= 2 E= -135.119275715212  delta_E= -0.0122  |g|= 0.319  |ddm|= 0.489
  HOMO = -0.293222176410038  LUMO = -0.004667507623361
cycle= 3 E= -135.143582820754  delta_E= -0.0243  |g|= 0.0371  |ddm|= 0.191
  HOMO = -0.286527642921677  LUMO = -0.00419462153374433
cycle= 4 E= -135.143775174876  delta_E= -0.000192  |g|= 0.0212  |ddm|= 0.0382
  HOMO = -0.289703911700369  LUMO = -0.00420014070046326
cycle= 5 E= -135.143860018374  delta_E= -8.48e-05  |g|= 0.0043  |ddm|= 0.0143
  HOMO = -0.28911172452675  LUMO = -0.00420957792439671
cycle= 6 E= -135.143863977366  delta_E= -3.96e-06  |g|= 0.000539  |ddm|= 0.00326
  HOMO = -0.28908737202137  LUMO = -0.00419791715009087
cycle= 7 E= -135.143864095185  delta_E= -1.18e-07  |g|= 0.000116  |ddm|= 0.00117
  HOMO = -0.289091708590683  LUMO = -0.00419856532488826
cycle= 8 E= -135.143864102888  delta_E= -7.7e-09  |g|= 2.64e-05  |ddm|= 0.000407
  HOMO = -0.289091488469872  LUMO = -0.00419815081058211
cycle= 9 E= -135.143864103257  delta_E= -3.69e-10  |g|= 4.59e-06  |ddm|= 9.95e-05
  HOMO = -0.289091939432353  LUMO = -0.00419832161273013
Extra cycle  E= -135.143864103265  delta_E= -8.38e-12  |g|= 2.39e-06  |ddm|= 1.17e-05
converged SCF energy = -135.143864103265
Electronic spatial extent <R**2> (au): 3000.7502
* Multipoles in the independent field-basis, Gauge -> (0,0,0)
Electronic Dipole moment(X, Y, Z, Debye): -589.4699, 346.3732, -47.4262
Nuclear Dipole moment(X, Y, Z, Debye): -589.2661, 345.5011, -47.8882
Total Dipole moment(X, Y, Z, Debye): 0.2038, -0.8721, -0.4620
Quadrupole moments (Debye-Angs)
Total Quadrupole moments (XX, YY, ZZ): -22.4288, -25.3574, -21.3164
Total Quadrupole moments (XY, XZ, YZ): 5.7513, 3.0445, -2.5920
Octupole moments (Debye-Angs**2)
Total Octupole moments (XXX, YYY, ZZZ, XYY): 300.9571, -191.0552, 26.6737, 126.8186
Total Octupole moments (XXY, XXZ, XZZ, YZZ): -92.1754, -10.1211, 100.8358, -59.7226
Total Octupole moments (YYZ, XYZ): -2.6251, 15.3880
Hexadecapole moments (Debye-Angs**3)
Total Hexadecapole moments (XXXX, YYYY, ZZZZ, XXXY): -2910.8559, -1064.7773, -122.2881, 1010.5913
Total Hexadecapole moments (XXXZ, YYYX, YYYZ, ZZZX): -38.2609, 934.7311, 32.6712, -153.7185
Total Hexadecapole moments (ZZZY, XXYY, XXZZ, YYZZ): 79.3800, -823.4438, -521.1038, -193.5857
Total Hexadecapole moments (XXYZ, YYXZ, ZZXY): -63.1799, 12.6496, 283.8162
