#INFO: **** input file is /home/jluis/src/git/db/molecules-wfn/m06-2x/run_sp.py ****
#!/usr/bin/env python

import numpy, sys, os
from pyscf import lib, gto, scf, dft
from pyscf.tools import molden
from pyscf.data import radii

def read_molecule(path):

    charge = spin = 0
    with open(path, 'r') as myfile:
        output = myfile.read()
        output = output.lstrip()
        output = output.rstrip()
        output = output.split('\n')

    try:
        int(output[0])
    except ValueError:
        try:
            charge = int(output[0].split(' ')[0])
            spin = int(output[0].split(' ')[1]) - 1
        except ValueError:
            molecule = output
        else:
            molecule = '\n'.join(output[1:])
    else:
        if int(output[0]) == len(output) - 2:
            molecule = '\n'.join(output[2:])
            try:
                charge = int(output[1].split(' ')[0])
                spin = int(output[1].split(' ')[1])-1
            except ValueError:
                pass
        else:
            print "THIS IS NOT A VALID XYZ FILE"

    return (molecule, charge, spin)

directory = '../../molecules/'
files = [i for i in os.listdir(directory) if i.endswith('.xyz')]

for filename in files:

    name = filename[:-8]
    mol = gto.Mole()
    (mol.atom, charge, spin) = read_molecule(directory+filename)
    mol.basis = 'aug-cc-pvtz'
    mol.charge = charge
    mol.spin = spin
    mol.output = name+'.out'
    mol.symmetry = 0
    mol.max_memory = 10000
    mol.verbose = 4
    mol.build()

    mf = dft.RKS(mol) 
    mf.grids.level = 4
    mf.xc = 'm06-2x'
    mf = scf.addons.remove_linear_dep_(mf)
    mf.max_cycle = 120
    mf.chkfile = name+'.chk'
    mf.kernel()

    dm = mf.make_rdm1()
    nao = mol.nao_nr()
    unit = 2.541746
    origin = ([0.0,0.0,0.0])
    charges = mol.atom_charges()
    coords  = mol.atom_coords()
    mol.set_common_orig(origin)
    r2 = mol.intor_symmetric('int1e_r2')
    r2 = numpy.einsum('ij,ji->', r2, dm)
    lib.logger.info(mf,'Electronic spatial extent <R**2> (au): %.4f', r2)

    lib.logger.info(mf,'* Multipoles in the independent field-basis, Gauge -> (0,0,0)')
    ao_dip = mol.intor_symmetric('int1e_r', comp=3)
    el_dip = numpy.einsum('xij,ji->x', ao_dip, dm)
    lib.logger.info(mf,'Electronic Dipole moment(X, Y, Z, Debye): %.4f, %.4f, %.4f', *el_dip*unit)
    nucl_dip = numpy.einsum('i,ix->x', charges, coords)
    lib.logger.info(mf,'Nuclear Dipole moment(X, Y, Z, Debye): %.4f, %.4f, %.4f', *nucl_dip*unit)
    mol_dip = (nucl_dip - el_dip) * unit
    lib.logger.info(mf,'Total Dipole moment(X, Y, Z, Debye): %.4f, %.4f, %.4f', *mol_dip)

    lib.logger.info(mf,'Quadrupole moments (Debye-Angs)')
    rr = mol.intor_symmetric('int1e_rr', comp=9).reshape(3,3,nao,nao)
    rr = -1.0*numpy.einsum('xyij,ji->xy', rr, dm)
    rr += numpy.einsum('z,zx,zy->xy', charges, coords, coords)
    rr = rr*unit*lib.param.BOHR
    lib.logger.info(mf,'Total Quadrupole moments (XX, YY, ZZ): %.4f, %.4f, %.4f', \
    rr[0,0], rr[1,1], rr[2,2])
    lib.logger.info(mf,'Total Quadrupole moments (XY, XZ, YZ): %.4f, %.4f, %.4f', \
    rr[0,1], rr[0,2], rr[1,2])
 
    lib.logger.info(mf,'Octupole moments (Debye-Angs**2)')
    rrr = mol.intor_symmetric('int1e_rrr', comp=27).reshape(3,3,3,nao,nao)
    rrr = -1.0*numpy.einsum('xyzij,ji->xyz', rrr, dm)
    rrr += numpy.einsum('z,zx,zy,zk->xyk', charges, coords, coords, coords)
    rrr = rrr*unit*lib.param.BOHR**2
    lib.logger.info(mf,'Total Octupole moments (XXX, YYY, ZZZ, XYY): %.4f, %.4f, %.4f, %.4f', \
    rrr[0,0,0], rrr[1,1,1], rrr[2,2,2], rrr[0,1,1])
    lib.logger.info(mf,'Total Octupole moments (XXY, XXZ, XZZ, YZZ): %.4f, %.4f, %.4f, %.4f', \
    rrr[0,0,1], rrr[0,0,2], rrr[0,2,2], rrr[1,2,2])
    lib.logger.info(mf,'Total Octupole moments (YYZ, XYZ): %.4f, %.4f', rrr[1,1,2], rrr[0,1,2])

    lib.logger.info(mf,'Hexadecapole moments (Debye-Angs**3)')
    rrrr = mol.intor_symmetric('int1e_rrrr', comp=81).reshape(3,3,3,3,nao,nao)
    rrrr = -1.0*numpy.einsum('xyzwij,ji->xyzw', rrrr, dm)
    rrrr += numpy.einsum('z,zx,zy,zk,zw->xykw', charges, coords, coords, coords, coords)
    rrrr = rrrr*unit*lib.param.BOHR**3
    lib.logger.info(mf,'Total Hexadecapole moments (XXXX, YYYY, ZZZZ, XXXY): %.4f, %.4f, %.4f, %.4f', \
    rrrr[0,0,0,0], rrrr[1,1,1,1], rrrr[2,2,2,2], rrrr[0,0,0,1])
    lib.logger.info(mf,'Total Hexadecapole moments (XXXZ, YYYX, YYYZ, ZZZX): %.4f, %.4f, %.4f, %.4f', \
    rrrr[0,0,0,2], rrrr[1,1,1,0], rrrr[1,1,1,2], rrrr[2,2,2,0])
    lib.logger.info(mf,'Total Hexadecapole moments (ZZZY, XXYY, XXZZ, YYZZ): %.4f, %.4f, %.4f, %.4f', \
    rrrr[2,2,2,1], rrrr[0,0,1,1], rrrr[0,0,2,2], rrrr[1,1,2,2])
    lib.logger.info(mf,'Total Hexadecapole moments (XXYZ, YYXZ, ZZXY): %.4f, %.4f, %.4f', \
    rrrr[0,0,1,2], rrrr[1,1,0,2], rrrr[2,2,0,1])
     
    coeff = mf.mo_coeff[:,mf.mo_occ>0]
    occ = mf.mo_occ[mf.mo_occ>0]
    energy = mf.mo_energy[mf.mo_occ>0]
    den_file = name+'.mol'
    fspt = open(den_file,'w')
    molden.header(mol, fspt)
    molden.orbital_coeff(mol, fspt, coeff, ene=energy, occ=occ) 
    fspt.close()                    
    cmd = '/home/jluis/bin/molden2aim '+name
    os.system(cmd)
    den_file = name+'.wfn'
    fspt = open(den_file,'a')
    fspt.write('RHF\n')
    fspt.close()                    

    pmd_file = name+'.pmd'
    fspt = open(pmd_file,'w')
    fspt.write('%s.wfn\n' % (name))
    if (mol.symmetry == False):
        fspt.write('nosymmetry\n')
    fspt.write('tes\n')
    fspt.write('  epsiscp 0.220\n')
    fspt.write('  radialquad 7\n')
    fspt.write('  rmapping 2\n')
    fspt.write('  lmax 10\n')
    fspt.write('  nr 551\n')
    fspt.write('  lebedev 5810\n')
    fspt.write('  betasphere\n')
    for ia in range(mol.natm):
        symb = mol.atom_pure_symbol(ia)
        inuc = lib.parameters.NUC[symb]
        betarad = radii.COVALENT[inuc]/3.5
        fspt.write('  betaradw %d %1.3f\n' % ((ia+1),betarad))
    fspt.write('  radialquadbeta 7\n')
    fspt.write('  rmappingbeta 3\n')
    fspt.write('  lmaxbeta 8\n')
    fspt.write('  nrb 451\n')
    fspt.write('  lebedevbeta 3074\n')
    fspt.write('  dafh\n')
    fspt.write('endtes')
    fspt.close()                    

    cmd = 'rm '+name+'.mol'
    os.system(cmd)
#INFO: ******************** input file end ********************


System: ('Linux', 'silicio', '3.16.0-4-amd64', '#1 SMP Debian 3.16.51-3 (2017-12-13)', 'x86_64', '')  Threads 12
Python 2.7.14 (default, Apr  9 2018, 16:34:43) 
[GCC 7.3.0]
numpy 1.14.2  scipy 1.0.1
Date: Thu Jun 28 02:08:46 2018
PySCF version 1.5
PySCF path  /home/jluis/src/pyscf/pyscf
GIT ORIG_HEAD f2dbb26d09ae5148fbf5975669a994500ac7a4c9
GIT HEAD      ref: refs/heads/master
GIT master branch  f2dbb26d09ae5148fbf5975669a994500ac7a4c9

[ENV] PYSCF_TMPDIR /scratch-ssd/jluis
[CONFIG] conf_file None
[INPUT] verbose = 4
[INPUT] num. atoms = 6
[INPUT] num. electrons = 34
[INPUT] charge = 0
[INPUT] spin (= nelec alpha-beta = 2S) = 0
[INPUT] symmetry 0 subgroup None
[INPUT] Mole.unit = angstrom
[INPUT]  1 C     -1.710182000000   0.473926000000  -0.199322000000 AA   -3.231775603161   0.895590343311  -0.376663990601 Bohr
[INPUT]  2 F     -0.329257000000   0.468936000000  -0.331385000000 AA   -0.622205554596   0.886160609949  -0.626226891789 Bohr
[INPUT]  3 H     -2.052657000000  -0.567523000000  -0.222955000000 AA   -3.878959557671  -1.072463039392  -0.421323888102 Bohr
[INPUT]  4 H     -2.132145000000   1.037744000000  -1.041790000000 AA   -4.029170107861   1.961051947411  -1.968697779311 Bohr
[INPUT]  5 S     -2.258045000000   1.302534000000   1.303312000000 AA   -4.267086626944   2.461432527934   2.462902734859 Bohr
[INPUT]  6 H     -1.964676000000   0.290743000000   2.155751000000 AA   -3.712699563506   0.549424642634   4.073778982757 Bohr

nuclear repulsion = 104.857336193568
number of shells = 66
number of NR pGTOs = 266
number of NR cGTOs = 211
basis = aug-cc-pvtz
ecp = {}
CPU time:     49159.51


******** <class 'pyscf.dft.rks.RKS'> flags ********
method = RKS-RHF
initial guess = minao
damping factor = 0
level shift factor = 0
DIIS = <class 'pyscf.scf.diis.CDIIS'>
DIIS start cycle = 1
DIIS space = 8
SCF tol = 1e-09
SCF gradient tol = None
max. SCF cycles = 120
direct_scf = True
direct_scf_tol = 1e-13
chkfile to save SCF result = ch2fsh.chk
max_memory 10000 MB (current use 208 MB)
XC functionals = m06-2x
small_rho_cutoff = 1e-07
radial grids: 
    Treutler-Ahlrichs (JCP 102, 346 (M4)) radial grids
    
becke partition: Becke, JCP, 88, 2547 (1988)
pruning grids: <function nwchem_prune at 0x2b19c47015f0>
grids dens level: 4
symmetrized grids: 0
atomic radii adjust function: <function treutler_atomic_radii_adjust at 0x2b19c4701500>
Set gradient conv threshold to 3.16228e-05
tot grids = 134734
init E= -538.14106641213
  HOMO = -0.311440899308967  LUMO = -0.0256067712985082
cycle= 1 E= -537.904151981399  delta_E= 0.237  |g|= 0.403  |ddm|= 1.83
  HOMO = -0.315051187580664  LUMO = -0.0145200895021468
cycle= 2 E= -537.904127908182  delta_E= 2.41e-05  |g|= 0.483  |ddm|= 0.472
  HOMO = -0.322592540647599  LUMO = -0.0104468221813271
cycle= 3 E= -537.936953840843  delta_E= -0.0328  |g|= 0.0437  |ddm|= 0.192
  HOMO = -0.328008862902531  LUMO = -0.00961566494781197
cycle= 4 E= -537.937277077318  delta_E= -0.000323  |g|= 0.0168  |ddm|= 0.0463
  HOMO = -0.325279382361931  LUMO = -0.00947919509660243
cycle= 5 E= -537.93734654681  delta_E= -6.95e-05  |g|= 0.00344  |ddm|= 0.0148
  HOMO = -0.325761138086086  LUMO = -0.00950008974702416
cycle= 6 E= -537.937349831103  delta_E= -3.28e-06  |g|= 0.000708  |ddm|= 0.00374
  HOMO = -0.325709051752235  LUMO = -0.00950549886328657
cycle= 7 E= -537.937349974508  delta_E= -1.43e-07  |g|= 0.000375  |ddm|= 0.00101
  HOMO = -0.325722888644907  LUMO = -0.00950351148302705
cycle= 8 E= -537.937350010013  delta_E= -3.55e-08  |g|= 5.95e-05  |ddm|= 0.00033
  HOMO = -0.325726863549872  LUMO = -0.00950332830229122
cycle= 9 E= -537.937350011439  delta_E= -1.43e-09  |g|= 1.42e-05  |ddm|= 9.5e-05
  HOMO = -0.325725529288225  LUMO = -0.00950285616764174
cycle= 10 E= -537.937350011526  delta_E= -8.71e-11  |g|= 3.61e-06  |ddm|= 2.48e-05
  HOMO = -0.325726171841502  LUMO = -0.00950297925070043
Extra cycle  E= -537.937350011533  delta_E= -7.73e-12  |g|= 2.13e-06  |ddm|= 7.17e-06
converged SCF energy = -537.937350011533
Electronic spatial extent <R**2> (au): 693.7291
* Multipoles in the independent field-basis, Gauge -> (0,0,0)
Electronic Dipole moment(X, Y, Z, Debye): -265.2664, 138.6935, 84.5151
Nuclear Dipole moment(X, Y, Z, Debye): -266.5903, 137.6862, 84.3712
Total Dipole moment(X, Y, Z, Debye): -1.3239, -1.0073, -0.1439
Quadrupole moments (Debye-Angs)
Total Quadrupole moments (XX, YY, ZZ): -24.9330, -26.1206, -22.9037
Total Quadrupole moments (XY, XZ, YZ): 1.1237, 1.3983, -2.0447
Octupole moments (Debye-Angs**2)
Total Octupole moments (XXX, YYY, ZZZ, XYY): 142.0211, -68.9979, -37.9726, 44.4974
Total Octupole moments (XXY, XXZ, XZZ, YZZ): -25.8445, -20.7729, 38.9882, -22.7118
Total Octupole moments (YYZ, XYZ): -18.6565, 3.9988
Hexadecapole moments (Debye-Angs**3)
Total Hexadecapole moments (XXXX, YYYY, ZZZZ, XXXY): -629.2440, -183.9635, -167.4821, 147.4180
Total Hexadecapole moments (XXXZ, YYYX, YYYZ, ZZZX): 134.3332, 134.3590, -68.5744, 96.7816
Total Hexadecapole moments (ZZZY, XXYY, XXZZ, YYZZ): -61.7379, -126.9000, -119.6221, -63.6287
Total Hexadecapole moments (XXYZ, YYXZ, ZZXY): -30.0671, 43.3423, 43.0545
