#INFO: **** input file is /home/jluis/src/git/db/molecules-wfn/m06-2x/run_sp.py ****
#!/usr/bin/env python

import numpy, sys, os
from pyscf import lib, gto, scf, dft
from pyscf.tools import molden
from pyscf.data import radii

def read_molecule(path):

    charge = spin = 0
    with open(path, 'r') as myfile:
        output = myfile.read()
        output = output.lstrip()
        output = output.rstrip()
        output = output.split('\n')

    try:
        int(output[0])
    except ValueError:
        try:
            charge = int(output[0].split(' ')[0])
            spin = int(output[0].split(' ')[1]) - 1
        except ValueError:
            molecule = output
        else:
            molecule = '\n'.join(output[1:])
    else:
        if int(output[0]) == len(output) - 2:
            molecule = '\n'.join(output[2:])
            try:
                charge = int(output[1].split(' ')[0])
                spin = int(output[1].split(' ')[1])-1
            except ValueError:
                pass
        else:
            print "THIS IS NOT A VALID XYZ FILE"

    return (molecule, charge, spin)

directory = '../../molecules/'
files = [i for i in os.listdir(directory) if i.endswith('.xyz')]

for filename in files:

    name = filename[:-8]
    mol = gto.Mole()
    (mol.atom, charge, spin) = read_molecule(directory+filename)
    mol.basis = 'aug-cc-pvtz'
    mol.charge = charge
    mol.spin = spin
    mol.output = name+'.out'
    mol.symmetry = 0
    mol.max_memory = 10000
    mol.verbose = 4
    mol.build()

    mf = dft.RKS(mol) 
    mf.grids.level = 4
    mf.xc = 'm06-2x'
    mf = scf.addons.remove_linear_dep_(mf)
    mf.max_cycle = 120
    mf.chkfile = name+'.chk'
    mf.kernel()

    dm = mf.make_rdm1()
    nao = mol.nao_nr()
    unit = 2.541746
    origin = ([0.0,0.0,0.0])
    charges = mol.atom_charges()
    coords  = mol.atom_coords()
    mol.set_common_orig(origin)
    r2 = mol.intor_symmetric('int1e_r2')
    r2 = numpy.einsum('ij,ji->', r2, dm)
    lib.logger.info(mf,'Electronic spatial extent <R**2> (au): %.4f', r2)

    lib.logger.info(mf,'* Multipoles in the independent field-basis, Gauge -> (0,0,0)')
    ao_dip = mol.intor_symmetric('int1e_r', comp=3)
    el_dip = numpy.einsum('xij,ji->x', ao_dip, dm)
    lib.logger.info(mf,'Electronic Dipole moment(X, Y, Z, Debye): %.4f, %.4f, %.4f', *el_dip*unit)
    nucl_dip = numpy.einsum('i,ix->x', charges, coords)
    lib.logger.info(mf,'Nuclear Dipole moment(X, Y, Z, Debye): %.4f, %.4f, %.4f', *nucl_dip*unit)
    mol_dip = (nucl_dip - el_dip) * unit
    lib.logger.info(mf,'Total Dipole moment(X, Y, Z, Debye): %.4f, %.4f, %.4f', *mol_dip)

    lib.logger.info(mf,'Quadrupole moments (Debye-Angs)')
    rr = mol.intor_symmetric('int1e_rr', comp=9).reshape(3,3,nao,nao)
    rr = -1.0*numpy.einsum('xyij,ji->xy', rr, dm)
    rr += numpy.einsum('z,zx,zy->xy', charges, coords, coords)
    rr = rr*unit*lib.param.BOHR
    lib.logger.info(mf,'Total Quadrupole moments (XX, YY, ZZ): %.4f, %.4f, %.4f', \
    rr[0,0], rr[1,1], rr[2,2])
    lib.logger.info(mf,'Total Quadrupole moments (XY, XZ, YZ): %.4f, %.4f, %.4f', \
    rr[0,1], rr[0,2], rr[1,2])
 
    lib.logger.info(mf,'Octupole moments (Debye-Angs**2)')
    rrr = mol.intor_symmetric('int1e_rrr', comp=27).reshape(3,3,3,nao,nao)
    rrr = -1.0*numpy.einsum('xyzij,ji->xyz', rrr, dm)
    rrr += numpy.einsum('z,zx,zy,zk->xyk', charges, coords, coords, coords)
    rrr = rrr*unit*lib.param.BOHR**2
    lib.logger.info(mf,'Total Octupole moments (XXX, YYY, ZZZ, XYY): %.4f, %.4f, %.4f, %.4f', \
    rrr[0,0,0], rrr[1,1,1], rrr[2,2,2], rrr[0,1,1])
    lib.logger.info(mf,'Total Octupole moments (XXY, XXZ, XZZ, YZZ): %.4f, %.4f, %.4f, %.4f', \
    rrr[0,0,1], rrr[0,0,2], rrr[0,2,2], rrr[1,2,2])
    lib.logger.info(mf,'Total Octupole moments (YYZ, XYZ): %.4f, %.4f', rrr[1,1,2], rrr[0,1,2])

    lib.logger.info(mf,'Hexadecapole moments (Debye-Angs**3)')
    rrrr = mol.intor_symmetric('int1e_rrrr', comp=81).reshape(3,3,3,3,nao,nao)
    rrrr = -1.0*numpy.einsum('xyzwij,ji->xyzw', rrrr, dm)
    rrrr += numpy.einsum('z,zx,zy,zk,zw->xykw', charges, coords, coords, coords, coords)
    rrrr = rrrr*unit*lib.param.BOHR**3
    lib.logger.info(mf,'Total Hexadecapole moments (XXXX, YYYY, ZZZZ, XXXY): %.4f, %.4f, %.4f, %.4f', \
    rrrr[0,0,0,0], rrrr[1,1,1,1], rrrr[2,2,2,2], rrrr[0,0,0,1])
    lib.logger.info(mf,'Total Hexadecapole moments (XXXZ, YYYX, YYYZ, ZZZX): %.4f, %.4f, %.4f, %.4f', \
    rrrr[0,0,0,2], rrrr[1,1,1,0], rrrr[1,1,1,2], rrrr[2,2,2,0])
    lib.logger.info(mf,'Total Hexadecapole moments (ZZZY, XXYY, XXZZ, YYZZ): %.4f, %.4f, %.4f, %.4f', \
    rrrr[2,2,2,1], rrrr[0,0,1,1], rrrr[0,0,2,2], rrrr[1,1,2,2])
    lib.logger.info(mf,'Total Hexadecapole moments (XXYZ, YYXZ, ZZXY): %.4f, %.4f, %.4f', \
    rrrr[0,0,1,2], rrrr[1,1,0,2], rrrr[2,2,0,1])
     
    coeff = mf.mo_coeff[:,mf.mo_occ>0]
    occ = mf.mo_occ[mf.mo_occ>0]
    energy = mf.mo_energy[mf.mo_occ>0]
    den_file = name+'.mol'
    fspt = open(den_file,'w')
    molden.header(mol, fspt)
    molden.orbital_coeff(mol, fspt, coeff, ene=energy, occ=occ) 
    fspt.close()                    
    cmd = '/home/jluis/bin/molden2aim '+name
    os.system(cmd)
    den_file = name+'.wfn'
    fspt = open(den_file,'a')
    fspt.write('RHF\n')
    fspt.close()                    

    pmd_file = name+'.pmd'
    fspt = open(pmd_file,'w')
    fspt.write('%s.wfn\n' % (name))
    if (mol.symmetry == False):
        fspt.write('nosymmetry\n')
    fspt.write('tes\n')
    fspt.write('  epsiscp 0.220\n')
    fspt.write('  radialquad 7\n')
    fspt.write('  rmapping 2\n')
    fspt.write('  lmax 10\n')
    fspt.write('  nr 551\n')
    fspt.write('  lebedev 5810\n')
    fspt.write('  betasphere\n')
    for ia in range(mol.natm):
        symb = mol.atom_pure_symbol(ia)
        inuc = lib.parameters.NUC[symb]
        betarad = radii.COVALENT[inuc]/3.5
        fspt.write('  betaradw %d %1.3f\n' % ((ia+1),betarad))
    fspt.write('  radialquadbeta 7\n')
    fspt.write('  rmappingbeta 3\n')
    fspt.write('  lmaxbeta 8\n')
    fspt.write('  nrb 451\n')
    fspt.write('  lebedevbeta 3074\n')
    fspt.write('  dafh\n')
    fspt.write('endtes')
    fspt.close()                    

    cmd = 'rm '+name+'.mol'
    os.system(cmd)
#INFO: ******************** input file end ********************


System: ('Linux', 'silicio', '3.16.0-4-amd64', '#1 SMP Debian 3.16.51-3 (2017-12-13)', 'x86_64', '')  Threads 12
Python 2.7.14 (default, Apr  9 2018, 16:34:43) 
[GCC 7.3.0]
numpy 1.14.2  scipy 1.0.1
Date: Thu Jun 28 06:09:49 2018
PySCF version 1.5
PySCF path  /home/jluis/src/pyscf/pyscf
GIT ORIG_HEAD f2dbb26d09ae5148fbf5975669a994500ac7a4c9
GIT HEAD      ref: refs/heads/master
GIT master branch  f2dbb26d09ae5148fbf5975669a994500ac7a4c9

[ENV] PYSCF_TMPDIR /scratch-ssd/jluis
[CONFIG] conf_file None
[INPUT] verbose = 4
[INPUT] num. atoms = 6
[INPUT] num. electrons = 66
[INPUT] charge = 0
[INPUT] spin (= nelec alpha-beta = 2S) = 0
[INPUT] symmetry 0 subgroup None
[INPUT] Mole.unit = angstrom
[INPUT]  1 Cl     2.294738000000   1.376596000000  -0.738272000000 AA    4.336426347632   2.601389424172  -1.395131885435 Bohr
[INPUT]  2 O     -0.077247000000   0.197796000000   1.004496000000 AA   -0.145975673944   0.373780268534   1.898222333221 Bohr
[INPUT]  3 Cl    -0.385055000000   1.436641000000   0.288706000000 AA   -0.727648492894   2.714858029321   0.545575270519 Bohr
[INPUT]  4 O      1.179241000000   2.290063000000   0.132932000000 AA    2.228442524858   4.327591878000   0.251205073191 Bohr
[INPUT]  5 O     -0.853364000000   1.238620000000  -1.083619000000 AA   -1.612624244563   2.340652572409  -2.047743133375 Bohr
[INPUT]  6 O     -1.084463000000   2.462225000000   1.059476000000 AA   -2.049338062224   4.652930907057   2.002119475550 Bohr

nuclear repulsion = 428.375013131905
number of shells = 78
number of NR pGTOs = 382
number of NR cGTOs = 284
basis = aug-cc-pvtz
ecp = {}
CPU time:    177397.12


******** <class 'pyscf.dft.rks.RKS'> flags ********
method = RKS-RHF
initial guess = minao
damping factor = 0
level shift factor = 0
DIIS = <class 'pyscf.scf.diis.CDIIS'>
DIIS start cycle = 1
DIIS space = 8
SCF tol = 1e-09
SCF gradient tol = None
max. SCF cycles = 120
direct_scf = True
direct_scf_tol = 1e-13
chkfile to save SCF result = cl2o4.chk
max_memory 10000 MB (current use 222 MB)
XC functionals = m06-2x
small_rho_cutoff = 1e-07
radial grids: 
    Treutler-Ahlrichs (JCP 102, 346 (M4)) radial grids
    
becke partition: Becke, JCP, 88, 2547 (1988)
pruning grids: <function nwchem_prune at 0x2b19c47015f0>
grids dens level: 4
symmetrized grids: 0
atomic radii adjust function: <function treutler_atomic_radii_adjust at 0x2b19c4701500>
Set gradient conv threshold to 3.16228e-05
tot grids = 171188
init E= -1222.63116894315
  HOMO = -0.332005125883674  LUMO = -0.140980907552483
cycle= 1 E= -1220.5684605562  delta_E= 2.06  |g|= 1.35  |ddm|= 2.33
  HOMO = -0.423374707329989  LUMO = -0.218134936673293
cycle= 2 E= -1220.04617439409  delta_E= 0.522  |g|= 2.29  |ddm|= 1.59
  HOMO = -0.394838482825485  LUMO = -0.101710080781625
cycle= 3 E= -1220.8998430673  delta_E= -0.854  |g|= 0.211  |ddm|= 1.03
  HOMO = -0.408090679114631  LUMO = -0.108431979986793
cycle= 4 E= -1220.90190082088  delta_E= -0.00206  |g|= 0.182  |ddm|= 0.187
  HOMO = -0.400750263984369  LUMO = -0.0983136862613812
cycle= 5 E= -1220.90770071414  delta_E= -0.0058  |g|= 0.0227  |ddm|= 0.0922
  HOMO = -0.402854531341277  LUMO = -0.100688085905911
cycle= 6 E= -1220.90778396745  delta_E= -8.33e-05  |g|= 0.00798  |ddm|= 0.014
  HOMO = -0.403083902858463  LUMO = -0.100592908814931
cycle= 7 E= -1220.90779397113  delta_E= -1e-05  |g|= 0.00336  |ddm|= 0.00543
  HOMO = -0.402997181010708  LUMO = -0.100434017058385
cycle= 8 E= -1220.90779634831  delta_E= -2.38e-06  |g|= 0.000589  |ddm|= 0.00244
  HOMO = -0.403030931369725  LUMO = -0.100497508624801
cycle= 9 E= -1220.90779647173  delta_E= -1.23e-07  |g|= 0.00021  |ddm|= 0.000691
  HOMO = -0.403067212265153  LUMO = -0.100486015566835
cycle= 10 E= -1220.90779648369  delta_E= -1.2e-08  |g|= 6.71e-05  |ddm|= 0.000216
  HOMO = -0.403060080533327  LUMO = -0.10048513703774
cycle= 11 E= -1220.9077964851  delta_E= -1.41e-09  |g|= 1.41e-05  |ddm|= 7.5e-05
  HOMO = -0.403061507275125  LUMO = -0.100484832873979
cycle= 12 E= -1220.90779648515  delta_E= -5.14e-11  |g|= 6.88e-06  |ddm|= 1.57e-05
  HOMO = -0.403061394114065  LUMO = -0.100485463484797
Extra cycle  E= -1220.90779648514  delta_E= 3.41e-12  |g|= 7.63e-06  |ddm|= 7.93e-06
converged SCF energy = -1220.90779648514
Electronic spatial extent <R**2> (au): 1268.3631
* Multipoles in the independent field-basis, Gauge -> (0,0,0)
Electronic Dipole moment(X, Y, Z, Debye): 122.5676, 467.7500, 6.6498
Nuclear Dipole moment(X, Y, Z, Debye): 123.8167, 467.5182, 6.0696
Total Dipole moment(X, Y, Z, Debye): 1.2491, -0.2318, -0.5802
Quadrupole moments (Debye-Angs)
Total Quadrupole moments (XX, YY, ZZ): -43.1394, -48.8726, -47.8442
Total Quadrupole moments (XY, XZ, YZ): 1.5630, -1.9759, -0.5716
Octupole moments (Debye-Angs**2)
Total Octupole moments (XXX, YYY, ZZZ, XYY): -45.3890, -213.6382, -2.4335, -16.1948
Total Octupole moments (XXY, XXZ, XZZ, YZZ): -67.8875, -6.2994, -15.5033, -70.8192
Total Octupole moments (YYZ, XYZ): -2.9134, -0.3540
Hexadecapole moments (Debye-Angs**3)
Total Hexadecapole moments (XXXX, YYYY, ZZZZ, XXXY): -506.6082, -777.0297, -196.6862, -70.7241
Total Hexadecapole moments (XXXZ, YYYX, YYYZ, ZZZX): 48.1848, -73.6800, -14.6525, 66.9174
Total Hexadecapole moments (ZZZY, XXYY, XXZZ, YYZZ): -6.3731, -220.7559, -117.0478, -163.1762
Total Hexadecapole moments (XXYZ, YYXZ, ZZXY): -6.0523, 25.2510, -23.4573
