#INFO: **** input file is /home/jluis/src/git/db/molecules-wfn/m06-2x/run_sp.py ****
#!/usr/bin/env python

import numpy, sys, os
from pyscf import lib, gto, scf, dft
from pyscf.tools import molden
from pyscf.data import radii

def read_molecule(path):

    charge = spin = 0
    with open(path, 'r') as myfile:
        output = myfile.read()
        output = output.lstrip()
        output = output.rstrip()
        output = output.split('\n')

    try:
        int(output[0])
    except ValueError:
        try:
            charge = int(output[0].split(' ')[0])
            spin = int(output[0].split(' ')[1]) - 1
        except ValueError:
            molecule = output
        else:
            molecule = '\n'.join(output[1:])
    else:
        if int(output[0]) == len(output) - 2:
            molecule = '\n'.join(output[2:])
            try:
                charge = int(output[1].split(' ')[0])
                spin = int(output[1].split(' ')[1])-1
            except ValueError:
                pass
        else:
            print "THIS IS NOT A VALID XYZ FILE"

    return (molecule, charge, spin)

directory = '../../molecules/'
files = [i for i in os.listdir(directory) if i.endswith('.xyz')]

for filename in files:

    name = filename[:-8]
    mol = gto.Mole()
    (mol.atom, charge, spin) = read_molecule(directory+filename)
    mol.basis = 'aug-cc-pvtz'
    mol.charge = charge
    mol.spin = spin
    mol.output = name+'.out'
    mol.symmetry = 0
    mol.max_memory = 10000
    mol.verbose = 4
    mol.build()

    mf = dft.RKS(mol) 
    mf.grids.level = 4
    mf.xc = 'm06-2x'
    mf = scf.addons.remove_linear_dep_(mf)
    mf.max_cycle = 120
    mf.chkfile = name+'.chk'
    mf.kernel()

    dm = mf.make_rdm1()
    nao = mol.nao_nr()
    unit = 2.541746
    origin = ([0.0,0.0,0.0])
    charges = mol.atom_charges()
    coords  = mol.atom_coords()
    mol.set_common_orig(origin)
    r2 = mol.intor_symmetric('int1e_r2')
    r2 = numpy.einsum('ij,ji->', r2, dm)
    lib.logger.info(mf,'Electronic spatial extent <R**2> (au): %.4f', r2)

    lib.logger.info(mf,'* Multipoles in the independent field-basis, Gauge -> (0,0,0)')
    ao_dip = mol.intor_symmetric('int1e_r', comp=3)
    el_dip = numpy.einsum('xij,ji->x', ao_dip, dm)
    lib.logger.info(mf,'Electronic Dipole moment(X, Y, Z, Debye): %.4f, %.4f, %.4f', *el_dip*unit)
    nucl_dip = numpy.einsum('i,ix->x', charges, coords)
    lib.logger.info(mf,'Nuclear Dipole moment(X, Y, Z, Debye): %.4f, %.4f, %.4f', *nucl_dip*unit)
    mol_dip = (nucl_dip - el_dip) * unit
    lib.logger.info(mf,'Total Dipole moment(X, Y, Z, Debye): %.4f, %.4f, %.4f', *mol_dip)

    lib.logger.info(mf,'Quadrupole moments (Debye-Angs)')
    rr = mol.intor_symmetric('int1e_rr', comp=9).reshape(3,3,nao,nao)
    rr = -1.0*numpy.einsum('xyij,ji->xy', rr, dm)
    rr += numpy.einsum('z,zx,zy->xy', charges, coords, coords)
    rr = rr*unit*lib.param.BOHR
    lib.logger.info(mf,'Total Quadrupole moments (XX, YY, ZZ): %.4f, %.4f, %.4f', \
    rr[0,0], rr[1,1], rr[2,2])
    lib.logger.info(mf,'Total Quadrupole moments (XY, XZ, YZ): %.4f, %.4f, %.4f', \
    rr[0,1], rr[0,2], rr[1,2])
 
    lib.logger.info(mf,'Octupole moments (Debye-Angs**2)')
    rrr = mol.intor_symmetric('int1e_rrr', comp=27).reshape(3,3,3,nao,nao)
    rrr = -1.0*numpy.einsum('xyzij,ji->xyz', rrr, dm)
    rrr += numpy.einsum('z,zx,zy,zk->xyk', charges, coords, coords, coords)
    rrr = rrr*unit*lib.param.BOHR**2
    lib.logger.info(mf,'Total Octupole moments (XXX, YYY, ZZZ, XYY): %.4f, %.4f, %.4f, %.4f', \
    rrr[0,0,0], rrr[1,1,1], rrr[2,2,2], rrr[0,1,1])
    lib.logger.info(mf,'Total Octupole moments (XXY, XXZ, XZZ, YZZ): %.4f, %.4f, %.4f, %.4f', \
    rrr[0,0,1], rrr[0,0,2], rrr[0,2,2], rrr[1,2,2])
    lib.logger.info(mf,'Total Octupole moments (YYZ, XYZ): %.4f, %.4f', rrr[1,1,2], rrr[0,1,2])

    lib.logger.info(mf,'Hexadecapole moments (Debye-Angs**3)')
    rrrr = mol.intor_symmetric('int1e_rrrr', comp=81).reshape(3,3,3,3,nao,nao)
    rrrr = -1.0*numpy.einsum('xyzwij,ji->xyzw', rrrr, dm)
    rrrr += numpy.einsum('z,zx,zy,zk,zw->xykw', charges, coords, coords, coords, coords)
    rrrr = rrrr*unit*lib.param.BOHR**3
    lib.logger.info(mf,'Total Hexadecapole moments (XXXX, YYYY, ZZZZ, XXXY): %.4f, %.4f, %.4f, %.4f', \
    rrrr[0,0,0,0], rrrr[1,1,1,1], rrrr[2,2,2,2], rrrr[0,0,0,1])
    lib.logger.info(mf,'Total Hexadecapole moments (XXXZ, YYYX, YYYZ, ZZZX): %.4f, %.4f, %.4f, %.4f', \
    rrrr[0,0,0,2], rrrr[1,1,1,0], rrrr[1,1,1,2], rrrr[2,2,2,0])
    lib.logger.info(mf,'Total Hexadecapole moments (ZZZY, XXYY, XXZZ, YYZZ): %.4f, %.4f, %.4f, %.4f', \
    rrrr[2,2,2,1], rrrr[0,0,1,1], rrrr[0,0,2,2], rrrr[1,1,2,2])
    lib.logger.info(mf,'Total Hexadecapole moments (XXYZ, YYXZ, ZZXY): %.4f, %.4f, %.4f', \
    rrrr[0,0,1,2], rrrr[1,1,0,2], rrrr[2,2,0,1])
     
    coeff = mf.mo_coeff[:,mf.mo_occ>0]
    occ = mf.mo_occ[mf.mo_occ>0]
    energy = mf.mo_energy[mf.mo_occ>0]
    den_file = name+'.mol'
    fspt = open(den_file,'w')
    molden.header(mol, fspt)
    molden.orbital_coeff(mol, fspt, coeff, ene=energy, occ=occ) 
    fspt.close()                    
    cmd = '/home/jluis/bin/molden2aim '+name
    os.system(cmd)
    den_file = name+'.wfn'
    fspt = open(den_file,'a')
    fspt.write('RHF\n')
    fspt.close()                    

    pmd_file = name+'.pmd'
    fspt = open(pmd_file,'w')
    fspt.write('%s.wfn\n' % (name))
    if (mol.symmetry == False):
        fspt.write('nosymmetry\n')
    fspt.write('tes\n')
    fspt.write('  epsiscp 0.220\n')
    fspt.write('  radialquad 7\n')
    fspt.write('  rmapping 2\n')
    fspt.write('  lmax 10\n')
    fspt.write('  nr 551\n')
    fspt.write('  lebedev 5810\n')
    fspt.write('  betasphere\n')
    for ia in range(mol.natm):
        symb = mol.atom_pure_symbol(ia)
        inuc = lib.parameters.NUC[symb]
        betarad = radii.COVALENT[inuc]/3.5
        fspt.write('  betaradw %d %1.3f\n' % ((ia+1),betarad))
    fspt.write('  radialquadbeta 7\n')
    fspt.write('  rmappingbeta 3\n')
    fspt.write('  lmaxbeta 8\n')
    fspt.write('  nrb 451\n')
    fspt.write('  lebedevbeta 3074\n')
    fspt.write('  dafh\n')
    fspt.write('endtes')
    fspt.close()                    

    cmd = 'rm '+name+'.mol'
    os.system(cmd)
#INFO: ******************** input file end ********************


System: ('Linux', 'silicio', '3.16.0-4-amd64', '#1 SMP Debian 3.16.51-3 (2017-12-13)', 'x86_64', '')  Threads 12
Python 2.7.14 (default, Apr  9 2018, 16:34:43) 
[GCC 7.3.0]
numpy 1.14.2  scipy 1.0.1
Date: Thu Jun 28 04:55:15 2018
PySCF version 1.5
PySCF path  /home/jluis/src/pyscf/pyscf
GIT ORIG_HEAD f2dbb26d09ae5148fbf5975669a994500ac7a4c9
GIT HEAD      ref: refs/heads/master
GIT master branch  f2dbb26d09ae5148fbf5975669a994500ac7a4c9

[ENV] PYSCF_TMPDIR /scratch-ssd/jluis
[CONFIG] conf_file None
[INPUT] verbose = 4
[INPUT] num. atoms = 6
[INPUT] num. electrons = 66
[INPUT] charge = 0
[INPUT] spin (= nelec alpha-beta = 2S) = 0
[INPUT] symmetry 0 subgroup None
[INPUT] Mole.unit = angstrom
[INPUT]  1 C     -1.447867000000   0.154145000000   0.019681000000 AA   -2.736072094796   0.291291833471   0.037191699858 Bohr
[INPUT]  2 O     -1.499843000000   1.340722000000   0.003846000000 AA   -2.834292499846   2.533597389179   0.007267886675 Bohr
[INPUT]  3 F     -2.556153000000  -0.630654000000  -0.057065000000 AA   -4.830429102485  -1.191763339361  -0.107837221298 Bohr
[INPUT]  4 N     -0.376057000000  -0.672656000000   0.164406000000 AA   -0.710644737226  -1.271135616045   0.310682313235 Bohr
[INPUT]  5 H     -0.476559000000  -1.640383000000  -0.112724000000 AA   -0.900565992197  -3.099874609392  -0.213017487665 Bohr
[INPUT]  6 Br     1.326760000000   0.015819000000  -0.018815000000 AA    2.507213033028   0.029893577564  -0.035555197034 Bohr

nuclear repulsion = 319.997919663181
number of shells = 75
number of NR pGTOs = 384
number of NR cGTOs = 266
basis = aug-cc-pvtz
ecp = {}
CPU time:    140445.41


******** <class 'pyscf.dft.rks.RKS'> flags ********
method = RKS-RHF
initial guess = minao
damping factor = 0
level shift factor = 0
DIIS = <class 'pyscf.scf.diis.CDIIS'>
DIIS start cycle = 1
DIIS space = 8
SCF tol = 1e-09
SCF gradient tol = None
max. SCF cycles = 120
direct_scf = True
direct_scf_tol = 1e-13
chkfile to save SCF result = fconhbr.chk
max_memory 10000 MB (current use 208 MB)
XC functionals = m06-2x
small_rho_cutoff = 1e-07
radial grids: 
    Treutler-Ahlrichs (JCP 102, 346 (M4)) radial grids
    
becke partition: Becke, JCP, 88, 2547 (1988)
pruning grids: <function nwchem_prune at 0x2b19c47015f0>
grids dens level: 4
symmetrized grids: 0
atomic radii adjust function: <function treutler_atomic_radii_adjust at 0x2b19c4701500>
Set gradient conv threshold to 3.16228e-05
tot grids = 161298
init E= -2842.596082004
  HOMO = -0.284111011843415  LUMO = -0.08798317261751
cycle= 1 E= -2842.6166675721  delta_E= -0.0206  |g|= 0.863  |ddm|= 2.54
  HOMO = -0.288371031809321  LUMO = -0.108748115869689
cycle= 2 E= -2842.39251980098  delta_E= 0.224  |g|= 1.45  |ddm|= 1.05
  HOMO = -0.353247547411296  LUMO = -0.0556551768430117
cycle= 3 E= -2842.7623088305  delta_E= -0.37  |g|= 0.119  |ddm|= 0.618
  HOMO = -0.347947929094016  LUMO = -0.0483891125917233
cycle= 4 E= -2842.7634916373  delta_E= -0.00118  |g|= 0.0845  |ddm|= 0.0893
  HOMO = -0.348687402221246  LUMO = -0.04722392926111
cycle= 5 E= -2842.76448834427  delta_E= -0.000997  |g|= 0.0126  |ddm|= 0.0376
  HOMO = -0.348906540214925  LUMO = -0.0475227314655024
cycle= 6 E= -2842.76451606053  delta_E= -2.77e-05  |g|= 0.0045  |ddm|= 0.00982
  HOMO = -0.34882181261627  LUMO = -0.0473771620398003
cycle= 7 E= -2842.76452035288  delta_E= -4.29e-06  |g|= 0.00188  |ddm|= 0.00401
  HOMO = -0.348651456927019  LUMO = -0.0472431650331021
cycle= 8 E= -2842.76452121077  delta_E= -8.58e-07  |g|= 0.000688  |ddm|= 0.00154
  HOMO = -0.34870304899265  LUMO = -0.0472849505002933
cycle= 9 E= -2842.76452130861  delta_E= -9.78e-08  |g|= 0.000165  |ddm|= 0.00056
  HOMO = -0.348696078713599  LUMO = -0.0472720076772088
cycle= 10 E= -2842.76452131452  delta_E= -5.91e-09  |g|= 4.65e-05  |ddm|= 0.000136
  HOMO = -0.348693370642846  LUMO = -0.0472710336741515
cycle= 11 E= -2842.76452131501  delta_E= -4.89e-10  |g|= 9.69e-06  |ddm|= 4.21e-05
  HOMO = -0.348694814840194  LUMO = -0.0472722055712924
Extra cycle  E= -2842.76452131503  delta_E= -2.18e-11  |g|= 8.26e-06  |ddm|= 1.38e-05
converged SCF energy = -2842.76452131503
Electronic spatial extent <R**2> (au): 721.1405
* Multipoles in the independent field-basis, Gauge -> (0,0,0)
Electronic Dipole moment(X, Y, Z, Debye): -3.6663, 3.5574, 0.4390
Nuclear Dipole moment(X, Y, Z, Debye): -1.7468, 0.8619, 0.0714
Total Dipole moment(X, Y, Z, Debye): 1.9195, -2.6955, -0.3676
Quadrupole moments (Debye-Angs)
Total Quadrupole moments (XX, YY, ZZ): -42.4430, -40.1970, -39.9278
Total Quadrupole moments (XY, XZ, YZ): 3.3575, -0.1582, 0.6456
Octupole moments (Debye-Angs**2)
Total Octupole moments (XXX, YYY, ZZZ, XYY): 40.1350, -13.7161, -1.1468, 10.9282
Total Octupole moments (XXY, XXZ, XZZ, YZZ): 0.3094, -0.2598, 4.7773, -0.1823
Total Octupole moments (YYZ, XYZ): -1.2918, -0.4587
Hexadecapole moments (Debye-Angs**3)
Total Hexadecapole moments (XXXX, YYYY, ZZZZ, XXXY): -579.2894, -128.8208, -41.6295, 13.0937
Total Hexadecapole moments (XXXZ, YYYX, YYYZ, ZZZX): -2.5625, 17.2671, 2.5152, 0.8557
Total Hexadecapole moments (ZZZY, XXYY, XXZZ, YYZZ): 1.4016, -126.6022, -100.9263, -30.1739
Total Hexadecapole moments (XXYZ, YYXZ, ZZXY): 0.0431, 0.6076, 2.0107
