#INFO: **** input file is /home/jluis/src/git/db/molecules-wfn/m06-2x/run_sp.py ****
#!/usr/bin/env python

import numpy, sys, os
from pyscf import lib, gto, scf, dft
from pyscf.tools import molden
from pyscf.data import radii

def read_molecule(path):

    charge = spin = 0
    with open(path, 'r') as myfile:
        output = myfile.read()
        output = output.lstrip()
        output = output.rstrip()
        output = output.split('\n')

    try:
        int(output[0])
    except ValueError:
        try:
            charge = int(output[0].split(' ')[0])
            spin = int(output[0].split(' ')[1]) - 1
        except ValueError:
            molecule = output
        else:
            molecule = '\n'.join(output[1:])
    else:
        if int(output[0]) == len(output) - 2:
            molecule = '\n'.join(output[2:])
            try:
                charge = int(output[1].split(' ')[0])
                spin = int(output[1].split(' ')[1])-1
            except ValueError:
                pass
        else:
            print "THIS IS NOT A VALID XYZ FILE"

    return (molecule, charge, spin)

directory = '../../molecules/'
files = [i for i in os.listdir(directory) if i.endswith('.xyz')]

for filename in files:

    name = filename[:-8]
    mol = gto.Mole()
    (mol.atom, charge, spin) = read_molecule(directory+filename)
    mol.basis = 'aug-cc-pvtz'
    mol.charge = charge
    mol.spin = spin
    mol.output = name+'.out'
    mol.symmetry = 0
    mol.max_memory = 10000
    mol.verbose = 4
    mol.build()

    mf = dft.RKS(mol) 
    mf.grids.level = 4
    mf.xc = 'm06-2x'
    mf = scf.addons.remove_linear_dep_(mf)
    mf.max_cycle = 120
    mf.chkfile = name+'.chk'
    mf.kernel()

    dm = mf.make_rdm1()
    nao = mol.nao_nr()
    unit = 2.541746
    origin = ([0.0,0.0,0.0])
    charges = mol.atom_charges()
    coords  = mol.atom_coords()
    mol.set_common_orig(origin)
    r2 = mol.intor_symmetric('int1e_r2')
    r2 = numpy.einsum('ij,ji->', r2, dm)
    lib.logger.info(mf,'Electronic spatial extent <R**2> (au): %.4f', r2)

    lib.logger.info(mf,'* Multipoles in the independent field-basis, Gauge -> (0,0,0)')
    ao_dip = mol.intor_symmetric('int1e_r', comp=3)
    el_dip = numpy.einsum('xij,ji->x', ao_dip, dm)
    lib.logger.info(mf,'Electronic Dipole moment(X, Y, Z, Debye): %.4f, %.4f, %.4f', *el_dip*unit)
    nucl_dip = numpy.einsum('i,ix->x', charges, coords)
    lib.logger.info(mf,'Nuclear Dipole moment(X, Y, Z, Debye): %.4f, %.4f, %.4f', *nucl_dip*unit)
    mol_dip = (nucl_dip - el_dip) * unit
    lib.logger.info(mf,'Total Dipole moment(X, Y, Z, Debye): %.4f, %.4f, %.4f', *mol_dip)

    lib.logger.info(mf,'Quadrupole moments (Debye-Angs)')
    rr = mol.intor_symmetric('int1e_rr', comp=9).reshape(3,3,nao,nao)
    rr = -1.0*numpy.einsum('xyij,ji->xy', rr, dm)
    rr += numpy.einsum('z,zx,zy->xy', charges, coords, coords)
    rr = rr*unit*lib.param.BOHR
    lib.logger.info(mf,'Total Quadrupole moments (XX, YY, ZZ): %.4f, %.4f, %.4f', \
    rr[0,0], rr[1,1], rr[2,2])
    lib.logger.info(mf,'Total Quadrupole moments (XY, XZ, YZ): %.4f, %.4f, %.4f', \
    rr[0,1], rr[0,2], rr[1,2])
 
    lib.logger.info(mf,'Octupole moments (Debye-Angs**2)')
    rrr = mol.intor_symmetric('int1e_rrr', comp=27).reshape(3,3,3,nao,nao)
    rrr = -1.0*numpy.einsum('xyzij,ji->xyz', rrr, dm)
    rrr += numpy.einsum('z,zx,zy,zk->xyk', charges, coords, coords, coords)
    rrr = rrr*unit*lib.param.BOHR**2
    lib.logger.info(mf,'Total Octupole moments (XXX, YYY, ZZZ, XYY): %.4f, %.4f, %.4f, %.4f', \
    rrr[0,0,0], rrr[1,1,1], rrr[2,2,2], rrr[0,1,1])
    lib.logger.info(mf,'Total Octupole moments (XXY, XXZ, XZZ, YZZ): %.4f, %.4f, %.4f, %.4f', \
    rrr[0,0,1], rrr[0,0,2], rrr[0,2,2], rrr[1,2,2])
    lib.logger.info(mf,'Total Octupole moments (YYZ, XYZ): %.4f, %.4f', rrr[1,1,2], rrr[0,1,2])

    lib.logger.info(mf,'Hexadecapole moments (Debye-Angs**3)')
    rrrr = mol.intor_symmetric('int1e_rrrr', comp=81).reshape(3,3,3,3,nao,nao)
    rrrr = -1.0*numpy.einsum('xyzwij,ji->xyzw', rrrr, dm)
    rrrr += numpy.einsum('z,zx,zy,zk,zw->xykw', charges, coords, coords, coords, coords)
    rrrr = rrrr*unit*lib.param.BOHR**3
    lib.logger.info(mf,'Total Hexadecapole moments (XXXX, YYYY, ZZZZ, XXXY): %.4f, %.4f, %.4f, %.4f', \
    rrrr[0,0,0,0], rrrr[1,1,1,1], rrrr[2,2,2,2], rrrr[0,0,0,1])
    lib.logger.info(mf,'Total Hexadecapole moments (XXXZ, YYYX, YYYZ, ZZZX): %.4f, %.4f, %.4f, %.4f', \
    rrrr[0,0,0,2], rrrr[1,1,1,0], rrrr[1,1,1,2], rrrr[2,2,2,0])
    lib.logger.info(mf,'Total Hexadecapole moments (ZZZY, XXYY, XXZZ, YYZZ): %.4f, %.4f, %.4f, %.4f', \
    rrrr[2,2,2,1], rrrr[0,0,1,1], rrrr[0,0,2,2], rrrr[1,1,2,2])
    lib.logger.info(mf,'Total Hexadecapole moments (XXYZ, YYXZ, ZZXY): %.4f, %.4f, %.4f', \
    rrrr[0,0,1,2], rrrr[1,1,0,2], rrrr[2,2,0,1])
     
    coeff = mf.mo_coeff[:,mf.mo_occ>0]
    occ = mf.mo_occ[mf.mo_occ>0]
    energy = mf.mo_energy[mf.mo_occ>0]
    den_file = name+'.mol'
    fspt = open(den_file,'w')
    molden.header(mol, fspt)
    molden.orbital_coeff(mol, fspt, coeff, ene=energy, occ=occ) 
    fspt.close()                    
    cmd = '/home/jluis/bin/molden2aim '+name
    os.system(cmd)
    den_file = name+'.wfn'
    fspt = open(den_file,'a')
    fspt.write('RHF\n')
    fspt.close()                    

    pmd_file = name+'.pmd'
    fspt = open(pmd_file,'w')
    fspt.write('%s.wfn\n' % (name))
    if (mol.symmetry == False):
        fspt.write('nosymmetry\n')
    fspt.write('tes\n')
    fspt.write('  epsiscp 0.220\n')
    fspt.write('  radialquad 7\n')
    fspt.write('  rmapping 2\n')
    fspt.write('  lmax 10\n')
    fspt.write('  nr 551\n')
    fspt.write('  lebedev 5810\n')
    fspt.write('  betasphere\n')
    for ia in range(mol.natm):
        symb = mol.atom_pure_symbol(ia)
        inuc = lib.parameters.NUC[symb]
        betarad = radii.COVALENT[inuc]/3.5
        fspt.write('  betaradw %d %1.3f\n' % ((ia+1),betarad))
    fspt.write('  radialquadbeta 7\n')
    fspt.write('  rmappingbeta 3\n')
    fspt.write('  lmaxbeta 8\n')
    fspt.write('  nrb 451\n')
    fspt.write('  lebedevbeta 3074\n')
    fspt.write('  dafh\n')
    fspt.write('endtes')
    fspt.close()                    

    cmd = 'rm '+name+'.mol'
    os.system(cmd)
#INFO: ******************** input file end ********************


System: ('Linux', 'silicio', '3.16.0-4-amd64', '#1 SMP Debian 3.16.51-3 (2017-12-13)', 'x86_64', '')  Threads 12
Python 2.7.14 (default, Apr  9 2018, 16:34:43) 
[GCC 7.3.0]
numpy 1.14.2  scipy 1.0.1
Date: Thu Jun 28 05:54:08 2018
PySCF version 1.5
PySCF path  /home/jluis/src/pyscf/pyscf
GIT ORIG_HEAD f2dbb26d09ae5148fbf5975669a994500ac7a4c9
GIT HEAD      ref: refs/heads/master
GIT master branch  f2dbb26d09ae5148fbf5975669a994500ac7a4c9

[ENV] PYSCF_TMPDIR /scratch-ssd/jluis
[CONFIG] conf_file None
[INPUT] verbose = 4
[INPUT] num. atoms = 5
[INPUT] num. electrons = 84
[INPUT] charge = 0
[INPUT] spin (= nelec alpha-beta = 2S) = 0
[INPUT] symmetry 0 subgroup None
[INPUT] Mole.unit = angstrom
[INPUT]  1 S      0.000000000000   0.000000000000   0.406262000000 AA    0.000000000000   0.000000000000   0.767723914818 Bohr
[INPUT]  2 Cl     1.600498000000   0.000000000000  -0.859254000000 AA    3.024502882914   0.000000000000  -1.623754731437 Bohr
[INPUT]  3 Cl    -1.600498000000   0.000000000000  -0.859254000000 AA   -3.024502882914   0.000000000000  -1.623754731437 Bohr
[INPUT]  4 Cl     0.000000000000  -2.266216000000   0.564323000000 AA    0.000000000000  -4.282527579107   1.066415915793 Bohr
[INPUT]  5 Cl     0.000000000000   2.266216000000   0.564323000000 AA    0.000000000000   4.282527579107   1.066415915793 Bohr

nuclear repulsion = 545.498991305329
number of shells = 65
number of NR pGTOs = 375
number of NR cGTOs = 250
basis = aug-cc-pvtz
ecp = {}
CPU time:    169687.89


******** <class 'pyscf.dft.rks.RKS'> flags ********
method = RKS-RHF
initial guess = minao
damping factor = 0
level shift factor = 0
DIIS = <class 'pyscf.scf.diis.CDIIS'>
DIIS start cycle = 1
DIIS space = 8
SCF tol = 1e-09
SCF gradient tol = None
max. SCF cycles = 120
direct_scf = True
direct_scf_tol = 1e-13
chkfile to save SCF result = scl4.chk
max_memory 10000 MB (current use 221 MB)
XC functionals = m06-2x
small_rho_cutoff = 1e-07
radial grids: 
    Treutler-Ahlrichs (JCP 102, 346 (M4)) radial grids
    
becke partition: Becke, JCP, 88, 2547 (1988)
pruning grids: <function nwchem_prune at 0x2b19c47015f0>
grids dens level: 4
symmetrized grids: 0
atomic radii adjust function: <function treutler_atomic_radii_adjust at 0x2b19c4701500>
Set gradient conv threshold to 3.16228e-05
tot grids = 143450
init E= -2239.44308213668
  HOMO = -0.322094983432421  LUMO = -0.123461050520796
cycle= 1 E= -2238.75971856862  delta_E= 0.683  |g|= 0.806  |ddm|= 2.06
  HOMO = -0.349848837707355  LUMO = -0.245613685794542
cycle= 2 E= -2238.398633936  delta_E= 0.361  |g|= 1.49  |ddm|= 1.41
  HOMO = -0.337961040094109  LUMO = -0.124519899385363
cycle= 3 E= -2238.95428815179  delta_E= -0.556  |g|= 0.0505  |ddm|= 0.903
  HOMO = -0.34653348236382  LUMO = -0.115724849923187
cycle= 4 E= -2238.95511180089  delta_E= -0.000824  |g|= 0.0317  |ddm|= 0.0826
  HOMO = -0.341578800559257  LUMO = -0.11664650964896
cycle= 5 E= -2238.95541460655  delta_E= -0.000303  |g|= 0.00698  |ddm|= 0.0289
  HOMO = -0.34221388530748  LUMO = -0.116143734492578
cycle= 6 E= -2238.95545332154  delta_E= -3.87e-05  |g|= 0.00326  |ddm|= 0.0164
  HOMO = -0.34206669596315  LUMO = -0.116300272904209
cycle= 7 E= -2238.95546176198  delta_E= -8.44e-06  |g|= 0.00077  |ddm|= 0.00914
  HOMO = -0.341979918679648  LUMO = -0.116188307887732
cycle= 8 E= -2238.95546225503  delta_E= -4.93e-07  |g|= 0.000307  |ddm|= 0.0024
  HOMO = -0.342010747981955  LUMO = -0.116200434182533
cycle= 9 E= -2238.95546233094  delta_E= -7.59e-08  |g|= 7.56e-05  |ddm|= 0.000937
  HOMO = -0.342007161734489  LUMO = -0.116200098870643
cycle= 10 E= -2238.95546233854  delta_E= -7.6e-09  |g|= 3.87e-05  |ddm|= 0.00031
  HOMO = -0.342010585771833  LUMO = -0.116198113539192
cycle= 11 E= -2238.95546233973  delta_E= -1.19e-09  |g|= 6.94e-06  |ddm|= 0.000131
  HOMO = -0.342011993596136  LUMO = -0.116199630739317
cycle= 12 E= -2238.95546233974  delta_E= -1.41e-11  |g|= 2.43e-06  |ddm|= 1.43e-05
  HOMO = -0.342011557781963  LUMO = -0.116198961555749
Extra cycle  E= -2238.95546233974  delta_E= 9.09e-13  |g|= 2.13e-06  |ddm|= 3.37e-06
converged SCF energy = -2238.95546233974
Electronic spatial extent <R**2> (au): 1216.5453
* Multipoles in the independent field-basis, Gauge -> (0,0,0)
Electronic Dipole moment(X, Y, Z, Debye): -0.0000, 0.0000, -15.6988
Nuclear Dipole moment(X, Y, Z, Debye): 0.0000, 0.0000, -16.9431
Total Dipole moment(X, Y, Z, Debye): 0.0000, -0.0000, -1.2444
Quadrupole moments (Debye-Angs)
Total Quadrupole moments (XX, YY, ZZ): -58.5416, -73.7178, -61.7274
Total Quadrupole moments (XY, XZ, YZ): -0.0000, -0.0000, -0.0000
Octupole moments (Debye-Angs**2)
Total Octupole moments (XXX, YYY, ZZZ, XYY): -0.0000, -0.0000, 0.3746, 0.0000
Total Octupole moments (XXY, XXZ, XZZ, YZZ): -0.0000, -7.2453, 0.0000, -0.0000
Total Octupole moments (YYZ, XYZ): -2.5702, 0.0000
Hexadecapole moments (Debye-Angs**3)
Total Hexadecapole moments (XXXX, YYYY, ZZZZ, XXXY): -409.5794, -889.9955, -238.2088, -0.0000
Total Hexadecapole moments (XXXZ, YYYX, YYYZ, ZZZX): -0.0000, -0.0000, -0.0000, -0.0000
Total Hexadecapole moments (ZZZY, XXYY, XXZZ, YYZZ): -0.0000, -225.9773, -99.8189, -193.0263
Total Hexadecapole moments (XXYZ, YYXZ, ZZXY): -0.0000, 0.0000, -0.0000
