#INFO: **** input file is /home/jluis/src/git/db/tms-wfn/hf/run_sp.py ****
#!/usr/bin/env python

import numpy, sys, os
from pyscf import lib, gto, scf, dft
from pyscf.tools import molden
from pyscf.data import radii

def read_molecule(path):

    charge = spin = 0
    with open(path, 'r') as myfile:
        output = myfile.read()
        output = output.lstrip()
        output = output.rstrip()
        output = output.split('\n')

    try:
        int(output[0])
    except ValueError:
        try:
            charge = int(output[0].split(' ')[0])
            spin = int(output[0].split(' ')[1]) - 1
        except ValueError:
            molecule = output
        else:
            molecule = '\n'.join(output[1:])
    else:
        if int(output[0]) == len(output) - 2:
            molecule = '\n'.join(output[2:])
            try:
                charge = int(output[1].split(' ')[0])
                spin = int(output[1].split(' ')[1])-1
            except ValueError:
                pass
        else:
            print "THIS IS NOT A VALID XYZ FILE"

    return (molecule, charge, spin)

directory = '../../tms/'
files = [i for i in os.listdir(directory) if i.endswith('.xyz')]

for filename in files:

    name = filename[:-8]
    mol = gto.Mole()
    (mol.atom, charge, spin) = read_molecule(directory+filename)
    mol.basis = 'aug-cc-pvtz'
    mol.charge = charge
    mol.spin = spin
    mol.output = name+'.out'
    mol.symmetry = 0
    mol.max_memory = 10000
    mol.verbose = 4
    mol.build()

    mf = scf.RHF(mol) 
    mf.max_cycle = 120
    mf.chkfile = name+'.chk'
    mf = scf.addons.remove_linear_dep_(mf)
    mf.kernel()

    dm = mf.make_rdm1()
    nao = mol.nao_nr()
    unit = 2.541746
    origin = ([0.0,0.0,0.0])
    charges = mol.atom_charges()
    coords  = mol.atom_coords()
    mol.set_common_orig(origin)
    r2 = mol.intor_symmetric('int1e_r2')
    r2 = numpy.einsum('ij,ji->', r2, dm)
    lib.logger.info(mf,'Electronic spatial extent <R**2> (au): %.4f', r2)

    lib.logger.info(mf,'* Multipoles in the independent field-basis, Gauge -> (0,0,0)')
    ao_dip = mol.intor_symmetric('int1e_r', comp=3)
    el_dip = numpy.einsum('xij,ji->x', ao_dip, dm)
    lib.logger.info(mf,'Electronic Dipole moment(X, Y, Z, Debye): %.4f, %.4f, %.4f', *el_dip*unit)
    nucl_dip = numpy.einsum('i,ix->x', charges, coords)
    lib.logger.info(mf,'Nuclear Dipole moment(X, Y, Z, Debye): %.4f, %.4f, %.4f', *nucl_dip*unit)
    mol_dip = (nucl_dip - el_dip) * unit
    lib.logger.info(mf,'Total Dipole moment(X, Y, Z, Debye): %.4f, %.4f, %.4f', *mol_dip)

    lib.logger.info(mf,'Quadrupole moments (Debye-Angs)')
    rr = mol.intor_symmetric('int1e_rr', comp=9).reshape(3,3,nao,nao)
    rr = -1.0*numpy.einsum('xyij,ji->xy', rr, dm)
    rr += numpy.einsum('z,zx,zy->xy', charges, coords, coords)
    rr = rr*unit*lib.param.BOHR
    lib.logger.info(mf,'Total Quadrupole moments (XX, YY, ZZ): %.4f, %.4f, %.4f', \
    rr[0,0], rr[1,1], rr[2,2])
    lib.logger.info(mf,'Total Quadrupole moments (XY, XZ, YZ): %.4f, %.4f, %.4f', \
    rr[0,1], rr[0,2], rr[1,2])
 
    lib.logger.info(mf,'Octupole moments (Debye-Angs**2)')
    rrr = mol.intor_symmetric('int1e_rrr', comp=27).reshape(3,3,3,nao,nao)
    rrr = -1.0*numpy.einsum('xyzij,ji->xyz', rrr, dm)
    rrr += numpy.einsum('z,zx,zy,zk->xyk', charges, coords, coords, coords)
    rrr = rrr*unit*lib.param.BOHR**2
    lib.logger.info(mf,'Total Octupole moments (XXX, YYY, ZZZ, XYY): %.4f, %.4f, %.4f, %.4f', \
    rrr[0,0,0], rrr[1,1,1], rrr[2,2,2], rrr[0,1,1])
    lib.logger.info(mf,'Total Octupole moments (XXY, XXZ, XZZ, YZZ): %.4f, %.4f, %.4f, %.4f', \
    rrr[0,0,1], rrr[0,0,2], rrr[0,2,2], rrr[1,2,2])
    lib.logger.info(mf,'Total Octupole moments (YYZ, XYZ): %.4f, %.4f', rrr[1,1,2], rrr[0,1,2])

    lib.logger.info(mf,'Hexadecapole moments (Debye-Angs**3)')
    rrrr = mol.intor_symmetric('int1e_rrrr', comp=81).reshape(3,3,3,3,nao,nao)
    rrrr = -1.0*numpy.einsum('xyzwij,ji->xyzw', rrrr, dm)
    rrrr += numpy.einsum('z,zx,zy,zk,zw->xykw', charges, coords, coords, coords, coords)
    rrrr = rrrr*unit*lib.param.BOHR**3
    lib.logger.info(mf,'Total Hexadecapole moments (XXXX, YYYY, ZZZZ, XXXY): %.4f, %.4f, %.4f, %.4f', \
    rrrr[0,0,0,0], rrrr[1,1,1,1], rrrr[2,2,2,2], rrrr[0,0,0,1])
    lib.logger.info(mf,'Total Hexadecapole moments (XXXZ, YYYX, YYYZ, ZZZX): %.4f, %.4f, %.4f, %.4f', \
    rrrr[0,0,0,2], rrrr[1,1,1,0], rrrr[1,1,1,2], rrrr[2,2,2,0])
    lib.logger.info(mf,'Total Hexadecapole moments (ZZZY, XXYY, XXZZ, YYZZ): %.4f, %.4f, %.4f, %.4f', \
    rrrr[2,2,2,1], rrrr[0,0,1,1], rrrr[0,0,2,2], rrrr[1,1,2,2])
    lib.logger.info(mf,'Total Hexadecapole moments (XXYZ, YYXZ, ZZXY): %.4f, %.4f, %.4f', \
    rrrr[0,0,1,2], rrrr[1,1,0,2], rrrr[2,2,0,1])
     
    coeff = mf.mo_coeff[:,mf.mo_occ>0]
    occ = mf.mo_occ[mf.mo_occ>0]
    energy = mf.mo_energy[mf.mo_occ>0]
    den_file = name+'.mol'
    fspt = open(den_file,'w')
    molden.header(mol, fspt)
    molden.orbital_coeff(mol, fspt, coeff, ene=energy, occ=occ) 
    fspt.close()                    
    cmd = '/home/jluis/bin/molden2aim '+name
    os.system(cmd)
    den_file = name+'.wfn'
    fspt = open(den_file,'a')
    fspt.write('RHF\n')
    fspt.close()                    

    pmd_file = name+'.pmd'
    fspt = open(pmd_file,'w')
    fspt.write('%s.wfn\n' % (name))
    if (mol.symmetry == False):
        fspt.write('nosymmetry\n')
    fspt.write('tes\n')
    fspt.write('  epsiscp 0.220\n')
    fspt.write('  radialquad 7\n')
    fspt.write('  rmapping 2\n')
    fspt.write('  lmax 10\n')
    fspt.write('  nr 551\n')
    fspt.write('  lebedev 5810\n')
    fspt.write('  betasphere\n')
    for ia in range(mol.natm):
        symb = mol.atom_pure_symbol(ia)
        inuc = lib.parameters.NUC[symb]
        betarad = radii.COVALENT[inuc]/3.5
        fspt.write('  betaradw %d %1.3f\n' % ((ia+1),betarad))
    fspt.write('  radialquadbeta 7\n')
    fspt.write('  rmappingbeta 3\n')
    fspt.write('  lmaxbeta 8\n')
    fspt.write('  nrb 451\n')
    fspt.write('  lebedevbeta 3074\n')
    fspt.write('  dafh\n')
    fspt.write('endtes')
    fspt.close()                    

    cmd = 'rm '+name+'.mol'
    os.system(cmd)
#INFO: ******************** input file end ********************


System: ('Linux', 'cromo', '4.9.0-0.bpo.3-amd64', '#1 SMP Debian 4.9.30-2+deb9u5~bpo8+1 (2017-09-28)', 'x86_64', '')  Threads 4
Python 2.7.14 (default, Apr 10 2018, 19:21:27) 
[GCC 7.3.0]
numpy 1.14.2  scipy 1.0.1
Date: Sun Jul  1 19:42:05 2018
PySCF version 1.5
PySCF path  /home/jluis/src/pyscf/pyscf
GIT ORIG_HEAD 1ca9fa9a79cffe36c02a6597649cc8e4258362c9
GIT HEAD      ref: refs/heads/master
GIT master branch  2a04e98fd7e076282a2b183302d17fc6af3d78e6

[ENV] PYSCF_MAX_MEMORY 32000
[ENV] PYSCF_TMPDIR /scratch-ssd/jluis
[CONFIG] conf_file None
[INPUT] verbose = 4
[INPUT] num. atoms = 8
[INPUT] num. electrons = 82
[INPUT] charge = 0
[INPUT] spin (= nelec alpha-beta = 2S) = 0
[INPUT] symmetry 0 subgroup None
[INPUT] Mole.unit = angstrom
[INPUT]  1 Ti     0.000000000000   0.000182000000   0.121021000000 AA    0.000000000000   0.000343930155   0.228696545321 Bohr
[INPUT]  2 Cl     0.000000000000   2.109855000000  -0.430370000000 AA    0.000000000000   3.987048112544  -0.813281432229 Bohr
[INPUT]  3 Cl    -1.827242000000  -1.054732000000  -0.429294000000 AA   -3.452986943303  -1.993154614815  -0.811248086919 Bohr
[INPUT]  4 Cl     1.827242000000  -1.054732000000  -0.429294000000 AA    3.452986943303  -1.993154614815  -0.811248086919 Bohr
[INPUT]  5 C      0.000000000000  -0.000003000000   2.138998000000 AA    0.000000000000  -0.000005669178   4.042120400992 Bohr
[INPUT]  6 H      0.904267000000   0.521860000000   2.487066000000 AA    1.708816973482   0.986172475366   4.699873593718 Bohr
[INPUT]  7 H      0.000000000000  -1.044290000000   2.486413000000 AA    0.000000000000  -1.973422094622   4.698639602558 Bohr
[INPUT]  8 H     -0.904267000000   0.521860000000   2.487066000000 AA   -1.708816973482   0.986172475366   4.699873593718 Bohr

nuclear repulsion = 526.176078126054
number of shells = 93
number of NR pGTOs = 514
number of NR cGTOs = 358
basis = aug-cc-pvtz
ecp = {}
CPU time:      7052.87


******** <class 'pyscf.scf.hf.RHF'> flags ********
method = RHF
initial guess = minao
damping factor = 0
level shift factor = 0
DIIS = <class 'pyscf.scf.diis.CDIIS'>
DIIS start cycle = 1
DIIS space = 8
SCF tol = 1e-09
SCF gradient tol = None
max. SCF cycles = 120
direct_scf = True
direct_scf_tol = 1e-13
chkfile to save SCF result = ticl3ch3.chk
max_memory 10000 MB (current use 152 MB)
Set gradient conv threshold to 3.16228e-05
init E= -2266.8259265399
  HOMO = -0.309501016597764  LUMO = 0.000154913653450655
cycle= 1 E= -2266.52465153277  delta_E= 0.301  |g|= 1.03  |ddm|= 4.05
  HOMO = -0.47559384197486  LUMO = -0.274455492276297
cycle= 2 E= -2265.95702731642  delta_E= 0.568  |g|= 2.21  |ddm|= 12.6
  HOMO = -0.442098972715801  LUMO = -0.00658011229330363
cycle= 3 E= -2266.80256532924  delta_E= -0.846  |g|= 0.131  |ddm|=  8.4
  HOMO = -0.463948429201657  LUMO = 0.0145483188344582
cycle= 4 E= -2266.80876874967  delta_E= -0.0062  |g|= 0.0427  |ddm|= 0.318
  HOMO = -0.454294162592091  LUMO = 0.0146980689844202
cycle= 5 E= -2266.80992175309  delta_E= -0.00115  |g|= 0.0213  |ddm|= 0.312
  HOMO = -0.459544106016233  LUMO = 0.0141558889321744
cycle= 6 E= -2266.81029773103  delta_E= -0.000376  |g|= 0.00984  |ddm|= 0.0785
  HOMO = -0.460297472331796  LUMO = 0.01394537428059
cycle= 7 E= -2266.81039485087  delta_E= -9.71e-05  |g|= 0.00483  |ddm|= 0.0477
  HOMO = -0.460621327543016  LUMO = 0.0138124600120231
cycle= 8 E= -2266.81040712605  delta_E= -1.23e-05  |g|= 0.00101  |ddm|= 0.0556
  HOMO = -0.460718821277479  LUMO = 0.0137883367842431
cycle= 9 E= -2266.8104083466  delta_E= -1.22e-06  |g|= 0.000344  |ddm|= 0.00455
  HOMO = -0.460702868206296  LUMO = 0.0137818270485474
cycle= 10 E= -2266.81040847601  delta_E= -1.29e-07  |g|= 0.000108  |ddm|= 0.00113
  HOMO = -0.460691455166001  LUMO = 0.0137808974664031
cycle= 11 E= -2266.81040848882  delta_E= -1.28e-08  |g|= 2.31e-05  |ddm|= 0.000423
  HOMO = -0.460692871555034  LUMO = 0.0137806203828361
cycle= 12 E= -2266.8104084892  delta_E= -3.77e-10  |g|= 4.79e-06  |ddm|= 0.000179
  HOMO = -0.460692431681225  LUMO = 0.0137807108192144
Extra cycle  E= -2266.8104084892  delta_E= -7.28e-12  |g|= 2.44e-06  |ddm|= 2.85e-05
converged SCF energy = -2266.8104084892
Electronic spatial extent <R**2> (au): 1166.3983
* Multipoles in the independent field-basis, Gauge -> (0,0,0)
Electronic Dipole moment(X, Y, Z, Debye): -0.0000, 0.0486, 2.9898
Nuclear Dipole moment(X, Y, Z, Debye): 0.0000, 0.0483, 5.0180
Total Dipole moment(X, Y, Z, Debye): 0.0000, -0.0003, 2.0282
Quadrupole moments (Debye-Angs)
Total Quadrupole moments (XX, YY, ZZ): -67.3273, -67.3274, -60.3246
Total Quadrupole moments (XY, XZ, YZ): 0.0000, -0.0000, 0.0023
Octupole moments (Debye-Angs**2)
Total Octupole moments (XXX, YYY, ZZZ, XYY): -0.0000, -5.2371, -4.0360, 0.0000
Total Octupole moments (XXY, XXZ, XZZ, YZZ): 5.2015, 0.9555, 0.0000, -0.0075
Total Octupole moments (YYZ, XYZ): 0.9565, -0.0000
Hexadecapole moments (Debye-Angs**3)
Total Hexadecapole moments (XXXX, YYYY, ZZZZ, XXXY): -604.4319, -604.3505, -348.5793, 0.0000
Total Hexadecapole moments (XXXZ, YYYX, YYYZ, ZZZX): -0.0000, -0.0000, -2.9473, -0.0000
Total Hexadecapole moments (ZZZY, XXYY, XXZZ, YYZZ): 0.1019, -201.4623, -154.0008, -153.9904
Total Hexadecapole moments (XXYZ, YYXZ, ZZXY): 3.0746, -0.0000, -0.0000
