#INFO: **** input file is /home/jluis/src/git/db/aromatic-wfn/hf/run_sp.py ****
#!/usr/bin/env python

import numpy, sys, os
from pyscf import lib, gto, scf, dft
from pyscf.tools import molden
from pyscf.data import radii

def read_molecule(path):

    charge = spin = 0
    with open(path, 'r') as myfile:
        output = myfile.read()
        output = output.lstrip()
        output = output.rstrip()
        output = output.split('\n')

    try:
        int(output[0])
    except ValueError:
        try:
            charge = int(output[0].split(' ')[0])
            spin = int(output[0].split(' ')[1]) - 1
        except ValueError:
            molecule = output
        else:
            molecule = '\n'.join(output[1:])
    else:
        if int(output[0]) == len(output) - 2:
            molecule = '\n'.join(output[2:])
            try:
                charge = int(output[1].split(' ')[0])
                spin = int(output[1].split(' ')[1])-1
            except ValueError:
                pass
        else:
            print "THIS IS NOT A VALID XYZ FILE"

    return (molecule, charge, spin)

directory = '../../aromatic/'
files = [i for i in os.listdir(directory) if i.endswith('.xyz')]

for filename in files:

    name = filename[:-8]
    mol = gto.Mole()
    (mol.atom, charge, spin) = read_molecule(directory+filename)
    mol.basis = 'aug-cc-pvtz'
    mol.charge = charge
    mol.spin = spin
    mol.output = name+'.out'
    mol.symmetry = 0
    mol.verbose = 4
    mol.build()

    mf = scf.RHF(mol) 
    mf.max_cycle = 120
    mf.chkfile = name+'.chk'
    mf = scf.addons.remove_linear_dep_(mf)
    mf.kernel()

    dm = mf.make_rdm1()
    nao = mol.nao_nr()
    unit = 2.541746
    origin = ([0.0,0.0,0.0])
    charges = mol.atom_charges()
    coords  = mol.atom_coords()
    mol.set_common_orig(origin)
    r2 = mol.intor_symmetric('int1e_r2')
    r2 = numpy.einsum('ij,ji->', r2, dm)
    lib.logger.info(mf,'Electronic spatial extent <R**2> (au): %.4f', r2)

    lib.logger.info(mf,'* Multipoles in the independent field-basis, Gauge -> (0,0,0)')
    ao_dip = mol.intor_symmetric('int1e_r', comp=3)
    el_dip = numpy.einsum('xij,ji->x', ao_dip, dm)
    lib.logger.info(mf,'Electronic Dipole moment(X, Y, Z, Debye): %.4f, %.4f, %.4f', *el_dip*unit)
    nucl_dip = numpy.einsum('i,ix->x', charges, coords)
    lib.logger.info(mf,'Nuclear Dipole moment(X, Y, Z, Debye): %.4f, %.4f, %.4f', *nucl_dip*unit)
    mol_dip = (nucl_dip - el_dip) * unit
    lib.logger.info(mf,'Total Dipole moment(X, Y, Z, Debye): %.4f, %.4f, %.4f', *mol_dip)

    lib.logger.info(mf,'Quadrupole moments (Debye-Angs)')
    rr = mol.intor_symmetric('int1e_rr', comp=9).reshape(3,3,nao,nao)
    rr = -1.0*numpy.einsum('xyij,ji->xy', rr, dm)
    rr += numpy.einsum('z,zx,zy->xy', charges, coords, coords)
    rr = rr*unit*lib.param.BOHR
    lib.logger.info(mf,'Total Quadrupole moments (XX, YY, ZZ): %.4f, %.4f, %.4f', \
    rr[0,0], rr[1,1], rr[2,2])
    lib.logger.info(mf,'Total Quadrupole moments (XY, XZ, YZ): %.4f, %.4f, %.4f', \
    rr[0,1], rr[0,2], rr[1,2])
 
    lib.logger.info(mf,'Octupole moments (Debye-Angs**2)')
    rrr = mol.intor_symmetric('int1e_rrr', comp=27).reshape(3,3,3,nao,nao)
    rrr = -1.0*numpy.einsum('xyzij,ji->xyz', rrr, dm)
    rrr += numpy.einsum('z,zx,zy,zk->xyk', charges, coords, coords, coords)
    rrr = rrr*unit*lib.param.BOHR**2
    lib.logger.info(mf,'Total Octupole moments (XXX, YYY, ZZZ, XYY): %.4f, %.4f, %.4f, %.4f', \
    rrr[0,0,0], rrr[1,1,1], rrr[2,2,2], rrr[0,1,1])
    lib.logger.info(mf,'Total Octupole moments (XXY, XXZ, XZZ, YZZ): %.4f, %.4f, %.4f, %.4f', \
    rrr[0,0,1], rrr[0,0,2], rrr[0,2,2], rrr[1,2,2])
    lib.logger.info(mf,'Total Octupole moments (YYZ, XYZ): %.4f, %.4f', rrr[1,1,2], rrr[0,1,2])

    lib.logger.info(mf,'Hexadecapole moments (Debye-Angs**3)')
    rrrr = mol.intor_symmetric('int1e_rrrr', comp=81).reshape(3,3,3,3,nao,nao)
    rrrr = -1.0*numpy.einsum('xyzwij,ji->xyzw', rrrr, dm)
    rrrr += numpy.einsum('z,zx,zy,zk,zw->xykw', charges, coords, coords, coords, coords)
    rrrr = rrrr*unit*lib.param.BOHR**3
    lib.logger.info(mf,'Total Hexadecapole moments (XXXX, YYYY, ZZZZ, XXXY): %.4f, %.4f, %.4f, %.4f', \
    rrrr[0,0,0,0], rrrr[1,1,1,1], rrrr[2,2,2,2], rrrr[0,0,0,1])
    lib.logger.info(mf,'Total Hexadecapole moments (XXXZ, YYYX, YYYZ, ZZZX): %.4f, %.4f, %.4f, %.4f', \
    rrrr[0,0,0,2], rrrr[1,1,1,0], rrrr[1,1,1,2], rrrr[2,2,2,0])
    lib.logger.info(mf,'Total Hexadecapole moments (ZZZY, XXYY, XXZZ, YYZZ): %.4f, %.4f, %.4f, %.4f', \
    rrrr[2,2,2,1], rrrr[0,0,1,1], rrrr[0,0,2,2], rrrr[1,1,2,2])
    lib.logger.info(mf,'Total Hexadecapole moments (XXYZ, YYXZ, ZZXY): %.4f, %.4f, %.4f', \
    rrrr[0,0,1,2], rrrr[1,1,0,2], rrrr[2,2,0,1])
     
    coeff = mf.mo_coeff[:,mf.mo_occ>0]
    occ = mf.mo_occ[mf.mo_occ>0]
    energy = mf.mo_energy[mf.mo_occ>0]
    den_file = name+'.mol'
    fspt = open(den_file,'w')
    molden.header(mol, fspt)
    molden.orbital_coeff(mol, fspt, coeff, ene=energy, occ=occ) 
    fspt.close()                    
    cmd = '/home/jluis/bin/molden2aim '+name
    os.system(cmd)
    den_file = name+'.wfn'
    fspt = open(den_file,'a')
    fspt.write('RHF\n')
    fspt.close()                    

    pmd_file = name+'.pmd'
    fspt = open(pmd_file,'w')
    fspt.write('%s.wfn\n' % (name))
    if (mol.symmetry == False):
        fspt.write('nosymmetry\n')
    fspt.write('tes\n')
    fspt.write('  epsiscp 0.220\n')
    fspt.write('  radialquad 7\n')
    fspt.write('  rmapping 2\n')
    fspt.write('  lmax 10\n')
    fspt.write('  nr 551\n')
    fspt.write('  lebedev 5810\n')
    fspt.write('  betasphere\n')
    for ia in range(mol.natm):
        symb = mol.atom_pure_symbol(ia)
        inuc = lib.parameters.NUC[symb]
        betarad = radii.COVALENT[inuc]/3.5
        fspt.write('  betaradw %d %1.3f\n' % ((ia+1),betarad))
    fspt.write('  radialquadbeta 7\n')
    fspt.write('  rmappingbeta 3\n')
    fspt.write('  lmaxbeta 8\n')
    fspt.write('  nrb 451\n')
    fspt.write('  lebedevbeta 3074\n')
    fspt.write('  dafh\n')
    fspt.write('endtes')
    fspt.close()                    

    cmd = 'rm '+name+'.mol'
    os.system(cmd)

#INFO: ******************** input file end ********************


System: ('Linux', 'cromo', '4.9.0-0.bpo.3-amd64', '#1 SMP Debian 4.9.30-2+deb9u5~bpo8+1 (2017-09-28)', 'x86_64', '')  Threads 4
Python 2.7.14 (default, Apr 10 2018, 19:21:27) 
[GCC 7.3.0]
numpy 1.14.2  scipy 1.0.1
Date: Sun Jul  1 16:37:21 2018
PySCF version 1.5
PySCF path  /home/jluis/src/pyscf/pyscf
GIT ORIG_HEAD 1ca9fa9a79cffe36c02a6597649cc8e4258362c9
GIT HEAD      ref: refs/heads/master
GIT master branch  2a04e98fd7e076282a2b183302d17fc6af3d78e6

[ENV] PYSCF_MAX_MEMORY 32000
[ENV] PYSCF_TMPDIR /scratch-ssd/jluis
[CONFIG] conf_file None
[INPUT] verbose = 4
[INPUT] num. atoms = 10
[INPUT] num. electrons = 60
[INPUT] charge = 0
[INPUT] spin (= nelec alpha-beta = 2S) = 0
[INPUT] symmetry 0 subgroup None
[INPUT] Mole.unit = angstrom
[INPUT]  1 S      1.781982000000   0.000000000000   0.000000000000 AA    3.367457938905   0.000000000000   0.000000000000 Bohr
[INPUT]  2 S     -1.781982000000   0.000000000000   0.000000000000 AA   -3.367457938905   0.000000000000   0.000000000000 Bohr
[INPUT]  3 C     -0.667009000000  -1.372331000000   0.000000000000 AA   -1.260464332620  -2.593329742250   0.000000000000 Bohr
[INPUT]  4 C      0.667009000000  -1.372331000000   0.000000000000 AA    1.260464332620  -2.593329742250   0.000000000000 Bohr
[INPUT]  5 C     -0.667009000000   1.372331000000   0.000000000000 AA   -1.260464332620   2.593329742250   0.000000000000 Bohr
[INPUT]  6 C      0.667009000000   1.372331000000   0.000000000000 AA    1.260464332620   2.593329742250   0.000000000000 Bohr
[INPUT]  7 H     -1.197931000000  -2.325563000000   0.000000000000 AA   -2.263761506126  -4.394677155422   0.000000000000 Bohr
[INPUT]  8 H      1.197931000000  -2.325563000000   0.000000000000 AA    2.263761506126  -4.394677155422   0.000000000000 Bohr
[INPUT]  9 H     -1.197931000000   2.325563000000   0.000000000000 AA   -2.263761506126   4.394677155422   0.000000000000 Bohr
[INPUT] 10 H      1.197931000000   2.325563000000   0.000000000000 AA    2.263761506126   4.394677155422   0.000000000000 Bohr

nuclear repulsion = 328.371414494928
number of shells = 114
number of NR pGTOs = 482
number of NR cGTOs = 376
basis = aug-cc-pvtz
ecp = {}
CPU time:       163.31


******** <class 'pyscf.scf.hf.RHF'> flags ********
method = RHF
initial guess = minao
damping factor = 0
level shift factor = 0
DIIS = <class 'pyscf.scf.diis.CDIIS'>
DIIS start cycle = 1
DIIS space = 8
SCF tol = 1e-09
SCF gradient tol = None
max. SCF cycles = 120
direct_scf = True
direct_scf_tol = 1e-13
chkfile to save SCF result = 1_4-dithiin.chk
max_memory 32000 MB (current use 85 MB)
Set gradient conv threshold to 3.16228e-05
init E= -950.584943429167
  HOMO = -0.168917841021175  LUMO = -0.00993791208516832
cycle= 1 E= -948.825844359493  delta_E= 1.76  |g|= 0.388  |ddm|= 4.76
  HOMO = -0.280916994907959  LUMO = 0.0281263404126034
cycle= 2 E= -948.885775253845  delta_E= -0.0599  |g|= 0.117  |ddm|= 0.902
  HOMO = -0.265284049594378  LUMO = 0.0300215308967871
cycle= 3 E= -948.892091799712  delta_E= -0.00632  |g|= 0.0528  |ddm|= 0.269
  HOMO = -0.273893190439941  LUMO = 0.0296265749622647
cycle= 4 E= -948.893132937975  delta_E= -0.00104  |g|= 0.014  |ddm|= 0.097
  HOMO = -0.274283884280433  LUMO = 0.0296240812140233
cycle= 5 E= -948.893258045661  delta_E= -0.000125  |g|= 0.00389  |ddm|= 0.0332
  HOMO = -0.274296162749736  LUMO = 0.0296217008614509
cycle= 6 E= -948.893271511411  delta_E= -1.35e-05  |g|= 0.0013  |ddm|= 0.0126
  HOMO = -0.274470431292213  LUMO = 0.0296320000323605
cycle= 7 E= -948.893272593644  delta_E= -1.08e-06  |g|= 0.000337  |ddm|= 0.00357
  HOMO = -0.27447933777657  LUMO = 0.0296326753139423
cycle= 8 E= -948.893272674967  delta_E= -8.13e-08  |g|= 5.6e-05  |ddm|= 0.000992
  HOMO = -0.274474529486765  LUMO = 0.0296331134473212
cycle= 9 E= -948.893272677558  delta_E= -2.59e-09  |g|= 1.14e-05  |ddm|= 0.000205
  HOMO = -0.274475765546418  LUMO = 0.029633323491044
cycle= 10 E= -948.893272677638  delta_E= -8e-11  |g|= 2e-06  |ddm|= 3.04e-05
  HOMO = -0.274475399577081  LUMO = 0.0296333218912328
Extra cycle  E= -948.893272677639  delta_E= -4.55e-13  |g|= 6.53e-07  |ddm|= 5.81e-06
converged SCF energy = -948.893272677639
Electronic spatial extent <R**2> (au): 770.5902
* Multipoles in the independent field-basis, Gauge -> (0,0,0)
Electronic Dipole moment(X, Y, Z, Debye): -0.0000, 0.0000, -0.0000
Nuclear Dipole moment(X, Y, Z, Debye): 0.0000, 0.0000, 0.0000
Total Dipole moment(X, Y, Z, Debye): 0.0000, -0.0000, 0.0000
Quadrupole moments (Debye-Angs)
Total Quadrupole moments (XX, YY, ZZ): -52.6749, -40.5449, -55.3085
Total Quadrupole moments (XY, XZ, YZ): 0.0000, 0.0000, -0.0000
Octupole moments (Debye-Angs**2)
Total Octupole moments (XXX, YYY, ZZZ, XYY): -0.0000, -0.0000, 0.0000, -0.0000
Total Octupole moments (XXY, XXZ, XZZ, YZZ): -0.0000, 0.0000, 0.0000, 0.0000
Total Octupole moments (YYZ, XYZ): 0.0000, 0.0000
Hexadecapole moments (Debye-Angs**3)
Total Hexadecapole moments (XXXX, YYYY, ZZZZ, XXXY): -667.5716, -329.7099, -73.1819, 0.0000
Total Hexadecapole moments (XXXZ, YYYX, YYYZ, ZZZX): 0.0000, 0.0000, 0.0000, 0.0000
Total Hexadecapole moments (ZZZY, XXYY, XXZZ, YYZZ): -0.0000, -139.5939, -132.2233, -85.0973
Total Hexadecapole moments (XXYZ, YYXZ, ZZXY): -0.0000, 0.0000, 0.0000
