#INFO: **** input file is /home/jluis/src/git/db/aromatic-wfn/hf/run_sp.py ****
#!/usr/bin/env python

import numpy, sys, os
from pyscf import lib, gto, scf, dft
from pyscf.tools import molden
from pyscf.data import radii

def read_molecule(path):

    charge = spin = 0
    with open(path, 'r') as myfile:
        output = myfile.read()
        output = output.lstrip()
        output = output.rstrip()
        output = output.split('\n')

    try:
        int(output[0])
    except ValueError:
        try:
            charge = int(output[0].split(' ')[0])
            spin = int(output[0].split(' ')[1]) - 1
        except ValueError:
            molecule = output
        else:
            molecule = '\n'.join(output[1:])
    else:
        if int(output[0]) == len(output) - 2:
            molecule = '\n'.join(output[2:])
            try:
                charge = int(output[1].split(' ')[0])
                spin = int(output[1].split(' ')[1])-1
            except ValueError:
                pass
        else:
            print "THIS IS NOT A VALID XYZ FILE"

    return (molecule, charge, spin)

directory = '../../aromatic/'
files = [i for i in os.listdir(directory) if i.endswith('.xyz')]

for filename in files:

    name = filename[:-8]
    mol = gto.Mole()
    (mol.atom, charge, spin) = read_molecule(directory+filename)
    mol.basis = 'aug-cc-pvtz'
    mol.charge = charge
    mol.spin = spin
    mol.output = name+'.out'
    mol.symmetry = 0
    mol.verbose = 4
    mol.build()

    mf = scf.RHF(mol) 
    mf.max_cycle = 120
    mf.chkfile = name+'.chk'
    mf = scf.addons.remove_linear_dep_(mf)
    mf.kernel()

    dm = mf.make_rdm1()
    nao = mol.nao_nr()
    unit = 2.541746
    origin = ([0.0,0.0,0.0])
    charges = mol.atom_charges()
    coords  = mol.atom_coords()
    mol.set_common_orig(origin)
    r2 = mol.intor_symmetric('int1e_r2')
    r2 = numpy.einsum('ij,ji->', r2, dm)
    lib.logger.info(mf,'Electronic spatial extent <R**2> (au): %.4f', r2)

    lib.logger.info(mf,'* Multipoles in the independent field-basis, Gauge -> (0,0,0)')
    ao_dip = mol.intor_symmetric('int1e_r', comp=3)
    el_dip = numpy.einsum('xij,ji->x', ao_dip, dm)
    lib.logger.info(mf,'Electronic Dipole moment(X, Y, Z, Debye): %.4f, %.4f, %.4f', *el_dip*unit)
    nucl_dip = numpy.einsum('i,ix->x', charges, coords)
    lib.logger.info(mf,'Nuclear Dipole moment(X, Y, Z, Debye): %.4f, %.4f, %.4f', *nucl_dip*unit)
    mol_dip = (nucl_dip - el_dip) * unit
    lib.logger.info(mf,'Total Dipole moment(X, Y, Z, Debye): %.4f, %.4f, %.4f', *mol_dip)

    lib.logger.info(mf,'Quadrupole moments (Debye-Angs)')
    rr = mol.intor_symmetric('int1e_rr', comp=9).reshape(3,3,nao,nao)
    rr = -1.0*numpy.einsum('xyij,ji->xy', rr, dm)
    rr += numpy.einsum('z,zx,zy->xy', charges, coords, coords)
    rr = rr*unit*lib.param.BOHR
    lib.logger.info(mf,'Total Quadrupole moments (XX, YY, ZZ): %.4f, %.4f, %.4f', \
    rr[0,0], rr[1,1], rr[2,2])
    lib.logger.info(mf,'Total Quadrupole moments (XY, XZ, YZ): %.4f, %.4f, %.4f', \
    rr[0,1], rr[0,2], rr[1,2])
 
    lib.logger.info(mf,'Octupole moments (Debye-Angs**2)')
    rrr = mol.intor_symmetric('int1e_rrr', comp=27).reshape(3,3,3,nao,nao)
    rrr = -1.0*numpy.einsum('xyzij,ji->xyz', rrr, dm)
    rrr += numpy.einsum('z,zx,zy,zk->xyk', charges, coords, coords, coords)
    rrr = rrr*unit*lib.param.BOHR**2
    lib.logger.info(mf,'Total Octupole moments (XXX, YYY, ZZZ, XYY): %.4f, %.4f, %.4f, %.4f', \
    rrr[0,0,0], rrr[1,1,1], rrr[2,2,2], rrr[0,1,1])
    lib.logger.info(mf,'Total Octupole moments (XXY, XXZ, XZZ, YZZ): %.4f, %.4f, %.4f, %.4f', \
    rrr[0,0,1], rrr[0,0,2], rrr[0,2,2], rrr[1,2,2])
    lib.logger.info(mf,'Total Octupole moments (YYZ, XYZ): %.4f, %.4f', rrr[1,1,2], rrr[0,1,2])

    lib.logger.info(mf,'Hexadecapole moments (Debye-Angs**3)')
    rrrr = mol.intor_symmetric('int1e_rrrr', comp=81).reshape(3,3,3,3,nao,nao)
    rrrr = -1.0*numpy.einsum('xyzwij,ji->xyzw', rrrr, dm)
    rrrr += numpy.einsum('z,zx,zy,zk,zw->xykw', charges, coords, coords, coords, coords)
    rrrr = rrrr*unit*lib.param.BOHR**3
    lib.logger.info(mf,'Total Hexadecapole moments (XXXX, YYYY, ZZZZ, XXXY): %.4f, %.4f, %.4f, %.4f', \
    rrrr[0,0,0,0], rrrr[1,1,1,1], rrrr[2,2,2,2], rrrr[0,0,0,1])
    lib.logger.info(mf,'Total Hexadecapole moments (XXXZ, YYYX, YYYZ, ZZZX): %.4f, %.4f, %.4f, %.4f', \
    rrrr[0,0,0,2], rrrr[1,1,1,0], rrrr[1,1,1,2], rrrr[2,2,2,0])
    lib.logger.info(mf,'Total Hexadecapole moments (ZZZY, XXYY, XXZZ, YYZZ): %.4f, %.4f, %.4f, %.4f', \
    rrrr[2,2,2,1], rrrr[0,0,1,1], rrrr[0,0,2,2], rrrr[1,1,2,2])
    lib.logger.info(mf,'Total Hexadecapole moments (XXYZ, YYXZ, ZZXY): %.4f, %.4f, %.4f', \
    rrrr[0,0,1,2], rrrr[1,1,0,2], rrrr[2,2,0,1])
     
    coeff = mf.mo_coeff[:,mf.mo_occ>0]
    occ = mf.mo_occ[mf.mo_occ>0]
    energy = mf.mo_energy[mf.mo_occ>0]
    den_file = name+'.mol'
    fspt = open(den_file,'w')
    molden.header(mol, fspt)
    molden.orbital_coeff(mol, fspt, coeff, ene=energy, occ=occ) 
    fspt.close()                    
    cmd = '/home/jluis/bin/molden2aim '+name
    os.system(cmd)
    den_file = name+'.wfn'
    fspt = open(den_file,'a')
    fspt.write('RHF\n')
    fspt.close()                    

    pmd_file = name+'.pmd'
    fspt = open(pmd_file,'w')
    fspt.write('%s.wfn\n' % (name))
    if (mol.symmetry == False):
        fspt.write('nosymmetry\n')
    fspt.write('tes\n')
    fspt.write('  epsiscp 0.220\n')
    fspt.write('  radialquad 7\n')
    fspt.write('  rmapping 2\n')
    fspt.write('  lmax 10\n')
    fspt.write('  nr 551\n')
    fspt.write('  lebedev 5810\n')
    fspt.write('  betasphere\n')
    for ia in range(mol.natm):
        symb = mol.atom_pure_symbol(ia)
        inuc = lib.parameters.NUC[symb]
        betarad = radii.COVALENT[inuc]/3.5
        fspt.write('  betaradw %d %1.3f\n' % ((ia+1),betarad))
    fspt.write('  radialquadbeta 7\n')
    fspt.write('  rmappingbeta 3\n')
    fspt.write('  lmaxbeta 8\n')
    fspt.write('  nrb 451\n')
    fspt.write('  lebedevbeta 3074\n')
    fspt.write('  dafh\n')
    fspt.write('endtes')
    fspt.close()                    

    cmd = 'rm '+name+'.mol'
    os.system(cmd)

#INFO: ******************** input file end ********************


System: ('Linux', 'cromo', '4.9.0-0.bpo.3-amd64', '#1 SMP Debian 4.9.30-2+deb9u5~bpo8+1 (2017-09-28)', 'x86_64', '')  Threads 4
Python 2.7.14 (default, Apr 10 2018, 19:21:27) 
[GCC 7.3.0]
numpy 1.14.2  scipy 1.0.1
Date: Sun Jul  1 16:51:06 2018
PySCF version 1.5
PySCF path  /home/jluis/src/pyscf/pyscf
GIT ORIG_HEAD 1ca9fa9a79cffe36c02a6597649cc8e4258362c9
GIT HEAD      ref: refs/heads/master
GIT master branch  2a04e98fd7e076282a2b183302d17fc6af3d78e6

[ENV] PYSCF_MAX_MEMORY 32000
[ENV] PYSCF_TMPDIR /scratch-ssd/jluis
[CONFIG] conf_file None
[INPUT] verbose = 4
[INPUT] num. atoms = 9
[INPUT] num. electrons = 36
[INPUT] charge = 0
[INPUT] spin (= nelec alpha-beta = 2S) = 0
[INPUT] symmetry 0 subgroup None
[INPUT] Mole.unit = angstrom
[INPUT]  1 H      0.000000000000   2.120952000000   0.711471000000 AA    0.000000000000   4.008018403349   1.344485335570 Bohr
[INPUT]  2 H      0.000000000000   1.204084000000  -1.905499000000 AA    0.000000000000   2.275388990971  -3.600871240633 Bohr
[INPUT]  3 H      0.000000000000  -2.104546000000   0.663476000000 AA    0.000000000000  -3.977015556549   1.253787930222 Bohr
[INPUT]  4 H      0.000000000000  -0.014097000000   2.110873000000 AA    0.000000000000  -0.026639469178   3.988971853739 Bohr
[INPUT]  5 C      0.000000000000   1.116525000000   0.304550000000 AA    0.000000000000   2.109926461230   0.575516091236 Bohr
[INPUT]  6 C      0.000000000000   0.634342000000  -0.981455000000 AA    0.000000000000   1.198732649309  -1.854681153585 Bohr
[INPUT]  7 C      0.000000000000  -1.087890000000   0.283486000000 AA    0.000000000000  -2.055814153653   0.535710900148 Bohr
[INPUT]  8 N      0.000000000000  -0.738640000000  -0.983449000000 AA    0.000000000000  -1.395827304649  -1.858449267477 Bohr
[INPUT]  9 N      0.000000000000  -0.001361000000   1.102980000000 AA    0.000000000000  -0.002571917256   2.084330120873 Bohr

nuclear repulsion = 163.343921942619
number of shells = 101
number of NR pGTOs = 390
number of NR cGTOs = 322
basis = aug-cc-pvtz
ecp = {}
CPU time:      3428.50


******** <class 'pyscf.scf.hf.RHF'> flags ********
method = RHF
initial guess = minao
damping factor = 0
level shift factor = 0
DIIS = <class 'pyscf.scf.diis.CDIIS'>
DIIS start cycle = 1
DIIS space = 8
SCF tol = 1e-09
SCF gradient tol = None
max. SCF cycles = 120
direct_scf = True
direct_scf_tol = 1e-13
chkfile to save SCF result = imidazole.chk
max_memory 32000 MB (current use 182 MB)
Set gradient conv threshold to 3.16228e-05
init E= -226.579354429133
  HOMO = -0.229444185375662  LUMO = 0.0250828938565924
cycle= 1 E= -224.824216447239  delta_E= 1.76  |g|= 0.474  |ddm|= 3.93
  HOMO = -0.323240586198076  LUMO = 0.00934598574421517
cycle= 2 E= -224.877902370013  delta_E= -0.0537  |g|= 0.286  |ddm|= 0.514
  HOMO = -0.323308292272376  LUMO = 0.0211918575772079
cycle= 3 E= -224.894416857811  delta_E= -0.0165  |g|= 0.0995  |ddm|= 0.25
  HOMO = -0.321621449470596  LUMO = 0.0211403573430383
cycle= 4 E= -224.897126775377  delta_E= -0.00271  |g|= 0.0153  |ddm|= 0.0786
  HOMO = -0.320486816516093  LUMO = 0.0208965159468385
cycle= 5 E= -224.897223874572  delta_E= -9.71e-05  |g|= 0.00635  |ddm|= 0.0217
  HOMO = -0.321001814075146  LUMO = 0.0208534045715717
cycle= 6 E= -224.897243209604  delta_E= -1.93e-05  |g|= 0.0025  |ddm|= 0.00773
  HOMO = -0.320965209487191  LUMO = 0.0209287302839227
cycle= 7 E= -224.897248240974  delta_E= -5.03e-06  |g|= 0.000722  |ddm|= 0.00502
  HOMO = -0.320936595876917  LUMO = 0.0209387127852853
cycle= 8 E= -224.897248768334  delta_E= -5.27e-07  |g|= 0.000311  |ddm|= 0.00151
  HOMO = -0.320968149762562  LUMO = 0.020937376443346
cycle= 9 E= -224.897248826008  delta_E= -5.77e-08  |g|= 9.08e-05  |ddm|= 0.000458
  HOMO = -0.320968715495496  LUMO = 0.0209376783162852
cycle= 10 E= -224.897248834821  delta_E= -8.81e-09  |g|= 3.78e-05  |ddm|= 0.00021
  HOMO = -0.320966247096587  LUMO = 0.0209367302974586
cycle= 11 E= -224.897248836029  delta_E= -1.21e-09  |g|= 1.47e-05  |ddm|= 8.72e-05
  HOMO = -0.320968586982047  LUMO = 0.0209366273421574
cycle= 12 E= -224.897248836141  delta_E= -1.12e-10  |g|= 4.88e-06  |ddm|= 2.28e-05
  HOMO = -0.320968164297625  LUMO = 0.0209365705207142
Extra cycle  E= -224.897248836156  delta_E= -1.49e-11  |g|= 3.05e-06  |ddm|= 7.44e-06
converged SCF energy = -224.897248836156
Electronic spatial extent <R**2> (au): 286.0023
* Multipoles in the independent field-basis, Gauge -> (0,0,0)
Electronic Dipole moment(X, Y, Z, Debye): -0.0000, -1.0207, -3.4360
Nuclear Dipole moment(X, Y, Z, Debye): 0.0000, 0.0204, 0.2715
Total Dipole moment(X, Y, Z, Debye): 0.0000, 1.0411, 3.7075
Quadrupole moments (Debye-Angs)
Total Quadrupole moments (XX, YY, ZZ): -32.6564, -26.6985, -25.9476
Total Quadrupole moments (XY, XZ, YZ): 0.0000, -0.0000, -3.5607
Octupole moments (Debye-Angs**2)
Total Octupole moments (XXX, YYY, ZZZ, XYY): 0.0000, -0.4680, 16.5115, 0.0000
Total Octupole moments (XXY, XXZ, XZZ, YZZ): -1.4071, 1.3835, 0.0000, 6.1178
Total Octupole moments (YYZ, XYZ): 7.3081, -0.0000
Hexadecapole moments (Debye-Angs**3)
Total Hexadecapole moments (XXXX, YYYY, ZZZZ, XXXY): -37.2328, -158.1045, -140.9301, 0.0000
Total Hexadecapole moments (XXXZ, YYYX, YYYZ, ZZZX): -0.0000, 0.0000, -3.7544, -0.0000
Total Hexadecapole moments (ZZZY, XXYY, XXZZ, YYZZ): -10.5350, -41.3372, -38.0403, -58.5524
Total Hexadecapole moments (XXYZ, YYXZ, ZZXY): 0.5395, -0.0000, 0.0000
