#INFO: **** input file is /home/jluis/src/git/db/aromatic-wfn/hf/run_sp.py ****
#!/usr/bin/env python

import numpy, sys, os
from pyscf import lib, gto, scf, dft
from pyscf.tools import molden
from pyscf.data import radii

def read_molecule(path):

    charge = spin = 0
    with open(path, 'r') as myfile:
        output = myfile.read()
        output = output.lstrip()
        output = output.rstrip()
        output = output.split('\n')

    try:
        int(output[0])
    except ValueError:
        try:
            charge = int(output[0].split(' ')[0])
            spin = int(output[0].split(' ')[1]) - 1
        except ValueError:
            molecule = output
        else:
            molecule = '\n'.join(output[1:])
    else:
        if int(output[0]) == len(output) - 2:
            molecule = '\n'.join(output[2:])
            try:
                charge = int(output[1].split(' ')[0])
                spin = int(output[1].split(' ')[1])-1
            except ValueError:
                pass
        else:
            print "THIS IS NOT A VALID XYZ FILE"

    return (molecule, charge, spin)

directory = '../../aromatic/'
files = [i for i in os.listdir(directory) if i.endswith('.xyz')]

for filename in files:

    name = filename[:-8]
    mol = gto.Mole()
    (mol.atom, charge, spin) = read_molecule(directory+filename)
    mol.basis = 'aug-cc-pvtz'
    mol.charge = charge
    mol.spin = spin
    mol.output = name+'.out'
    mol.symmetry = 0
    mol.verbose = 4
    mol.build()

    mf = scf.RHF(mol) 
    mf.max_cycle = 120
    mf.chkfile = name+'.chk'
    mf = scf.addons.remove_linear_dep_(mf)
    mf.kernel()

    dm = mf.make_rdm1()
    nao = mol.nao_nr()
    unit = 2.541746
    origin = ([0.0,0.0,0.0])
    charges = mol.atom_charges()
    coords  = mol.atom_coords()
    mol.set_common_orig(origin)
    r2 = mol.intor_symmetric('int1e_r2')
    r2 = numpy.einsum('ij,ji->', r2, dm)
    lib.logger.info(mf,'Electronic spatial extent <R**2> (au): %.4f', r2)

    lib.logger.info(mf,'* Multipoles in the independent field-basis, Gauge -> (0,0,0)')
    ao_dip = mol.intor_symmetric('int1e_r', comp=3)
    el_dip = numpy.einsum('xij,ji->x', ao_dip, dm)
    lib.logger.info(mf,'Electronic Dipole moment(X, Y, Z, Debye): %.4f, %.4f, %.4f', *el_dip*unit)
    nucl_dip = numpy.einsum('i,ix->x', charges, coords)
    lib.logger.info(mf,'Nuclear Dipole moment(X, Y, Z, Debye): %.4f, %.4f, %.4f', *nucl_dip*unit)
    mol_dip = (nucl_dip - el_dip) * unit
    lib.logger.info(mf,'Total Dipole moment(X, Y, Z, Debye): %.4f, %.4f, %.4f', *mol_dip)

    lib.logger.info(mf,'Quadrupole moments (Debye-Angs)')
    rr = mol.intor_symmetric('int1e_rr', comp=9).reshape(3,3,nao,nao)
    rr = -1.0*numpy.einsum('xyij,ji->xy', rr, dm)
    rr += numpy.einsum('z,zx,zy->xy', charges, coords, coords)
    rr = rr*unit*lib.param.BOHR
    lib.logger.info(mf,'Total Quadrupole moments (XX, YY, ZZ): %.4f, %.4f, %.4f', \
    rr[0,0], rr[1,1], rr[2,2])
    lib.logger.info(mf,'Total Quadrupole moments (XY, XZ, YZ): %.4f, %.4f, %.4f', \
    rr[0,1], rr[0,2], rr[1,2])
 
    lib.logger.info(mf,'Octupole moments (Debye-Angs**2)')
    rrr = mol.intor_symmetric('int1e_rrr', comp=27).reshape(3,3,3,nao,nao)
    rrr = -1.0*numpy.einsum('xyzij,ji->xyz', rrr, dm)
    rrr += numpy.einsum('z,zx,zy,zk->xyk', charges, coords, coords, coords)
    rrr = rrr*unit*lib.param.BOHR**2
    lib.logger.info(mf,'Total Octupole moments (XXX, YYY, ZZZ, XYY): %.4f, %.4f, %.4f, %.4f', \
    rrr[0,0,0], rrr[1,1,1], rrr[2,2,2], rrr[0,1,1])
    lib.logger.info(mf,'Total Octupole moments (XXY, XXZ, XZZ, YZZ): %.4f, %.4f, %.4f, %.4f', \
    rrr[0,0,1], rrr[0,0,2], rrr[0,2,2], rrr[1,2,2])
    lib.logger.info(mf,'Total Octupole moments (YYZ, XYZ): %.4f, %.4f', rrr[1,1,2], rrr[0,1,2])

    lib.logger.info(mf,'Hexadecapole moments (Debye-Angs**3)')
    rrrr = mol.intor_symmetric('int1e_rrrr', comp=81).reshape(3,3,3,3,nao,nao)
    rrrr = -1.0*numpy.einsum('xyzwij,ji->xyzw', rrrr, dm)
    rrrr += numpy.einsum('z,zx,zy,zk,zw->xykw', charges, coords, coords, coords, coords)
    rrrr = rrrr*unit*lib.param.BOHR**3
    lib.logger.info(mf,'Total Hexadecapole moments (XXXX, YYYY, ZZZZ, XXXY): %.4f, %.4f, %.4f, %.4f', \
    rrrr[0,0,0,0], rrrr[1,1,1,1], rrrr[2,2,2,2], rrrr[0,0,0,1])
    lib.logger.info(mf,'Total Hexadecapole moments (XXXZ, YYYX, YYYZ, ZZZX): %.4f, %.4f, %.4f, %.4f', \
    rrrr[0,0,0,2], rrrr[1,1,1,0], rrrr[1,1,1,2], rrrr[2,2,2,0])
    lib.logger.info(mf,'Total Hexadecapole moments (ZZZY, XXYY, XXZZ, YYZZ): %.4f, %.4f, %.4f, %.4f', \
    rrrr[2,2,2,1], rrrr[0,0,1,1], rrrr[0,0,2,2], rrrr[1,1,2,2])
    lib.logger.info(mf,'Total Hexadecapole moments (XXYZ, YYXZ, ZZXY): %.4f, %.4f, %.4f', \
    rrrr[0,0,1,2], rrrr[1,1,0,2], rrrr[2,2,0,1])
     
    coeff = mf.mo_coeff[:,mf.mo_occ>0]
    occ = mf.mo_occ[mf.mo_occ>0]
    energy = mf.mo_energy[mf.mo_occ>0]
    den_file = name+'.mol'
    fspt = open(den_file,'w')
    molden.header(mol, fspt)
    molden.orbital_coeff(mol, fspt, coeff, ene=energy, occ=occ) 
    fspt.close()                    
    cmd = '/home/jluis/bin/molden2aim '+name
    os.system(cmd)
    den_file = name+'.wfn'
    fspt = open(den_file,'a')
    fspt.write('RHF\n')
    fspt.close()                    

    pmd_file = name+'.pmd'
    fspt = open(pmd_file,'w')
    fspt.write('%s.wfn\n' % (name))
    if (mol.symmetry == False):
        fspt.write('nosymmetry\n')
    fspt.write('tes\n')
    fspt.write('  epsiscp 0.220\n')
    fspt.write('  radialquad 7\n')
    fspt.write('  rmapping 2\n')
    fspt.write('  lmax 10\n')
    fspt.write('  nr 551\n')
    fspt.write('  lebedev 5810\n')
    fspt.write('  betasphere\n')
    for ia in range(mol.natm):
        symb = mol.atom_pure_symbol(ia)
        inuc = lib.parameters.NUC[symb]
        betarad = radii.COVALENT[inuc]/3.5
        fspt.write('  betaradw %d %1.3f\n' % ((ia+1),betarad))
    fspt.write('  radialquadbeta 7\n')
    fspt.write('  rmappingbeta 3\n')
    fspt.write('  lmaxbeta 8\n')
    fspt.write('  nrb 451\n')
    fspt.write('  lebedevbeta 3074\n')
    fspt.write('  dafh\n')
    fspt.write('endtes')
    fspt.close()                    

    cmd = 'rm '+name+'.mol'
    os.system(cmd)

#INFO: ******************** input file end ********************


System: ('Linux', 'cromo', '4.9.0-0.bpo.3-amd64', '#1 SMP Debian 4.9.30-2+deb9u5~bpo8+1 (2017-09-28)', 'x86_64', '')  Threads 4
Python 2.7.14 (default, Apr 10 2018, 19:21:27) 
[GCC 7.3.0]
numpy 1.14.2  scipy 1.0.1
Date: Sun Jul  1 16:54:59 2018
PySCF version 1.5
PySCF path  /home/jluis/src/pyscf/pyscf
GIT ORIG_HEAD 1ca9fa9a79cffe36c02a6597649cc8e4258362c9
GIT HEAD      ref: refs/heads/master
GIT master branch  2a04e98fd7e076282a2b183302d17fc6af3d78e6

[ENV] PYSCF_MAX_MEMORY 32000
[ENV] PYSCF_TMPDIR /scratch-ssd/jluis
[CONFIG] conf_file None
[INPUT] verbose = 4
[INPUT] num. atoms = 13
[INPUT] num. electrons = 50
[INPUT] charge = 0
[INPUT] spin (= nelec alpha-beta = 2S) = 0
[INPUT] symmetry 0 subgroup None
[INPUT] Mole.unit = angstrom
[INPUT]  1 C     -0.000973000000   0.940516000000   0.000000000000 AA   -0.001838703519   1.777317655771   0.000000000000 Bohr
[INPUT]  2 C     -1.205113000000   0.232709000000   0.000000000000 AA   -2.277333519153   0.439756276721   0.000000000000 Bohr
[INPUT]  3 C     -1.187111000000  -1.161513000000   0.000000000000 AA   -2.243314669459  -2.194941460122   0.000000000000 Bohr
[INPUT]  4 C      0.021812000000  -1.854577000000   0.000000000000 AA    0.041218706229  -3.504642606917   0.000000000000 Bohr
[INPUT]  5 C      1.219175000000  -1.136751000000   0.000000000000 AA    2.303906847917  -2.148148061825   0.000000000000 Bohr
[INPUT]  6 C      1.215587000000   0.254886000000   0.000000000000 AA    2.297126510582   0.481664732986   0.000000000000 Bohr
[INPUT]  7 O      0.049377000000   2.302767000000   0.000000000000 AA    0.093309006853   4.351598958686   0.000000000000 Bohr
[INPUT]  8 H     -0.846109000000   2.654493000000   0.000000000000 AA   -1.598914281530   5.016264769575   0.000000000000 Bohr
[INPUT]  9 H     -2.155687000000   0.771261000000   0.000000000000 AA   -4.073658040285   1.457472060558   0.000000000000 Bohr
[INPUT] 10 H     -2.131295000000  -1.707756000000   0.000000000000 AA   -4.027563840655  -3.227191127583   0.000000000000 Bohr
[INPUT] 11 H      0.031914000000  -2.944294000000   0.000000000000 AA    0.060308719539  -5.563909290200   0.000000000000 Bohr
[INPUT] 12 H      2.172277000000  -1.667400000000   0.000000000000 AA    4.105008596692  -3.150929340100   0.000000000000 Bohr
[INPUT] 13 H      2.143314000000   0.826489000000   0.000000000000 AA    4.050276458946   1.561837854966   0.000000000000 Bohr

nuclear repulsion = 271.118411065143
number of shells = 145
number of NR pGTOs = 556
number of NR cGTOs = 460
basis = aug-cc-pvtz
ecp = {}
CPU time:      4335.57


******** <class 'pyscf.scf.hf.RHF'> flags ********
method = RHF
initial guess = minao
damping factor = 0
level shift factor = 0
DIIS = <class 'pyscf.scf.diis.CDIIS'>
DIIS start cycle = 1
DIIS space = 8
SCF tol = 1e-09
SCF gradient tol = None
max. SCF cycles = 120
direct_scf = True
direct_scf_tol = 1e-13
chkfile to save SCF result = phenol.chk
max_memory 32000 MB (current use 182 MB)
Set gradient conv threshold to 3.16228e-05
init E= -308.067595597728
  HOMO = -0.260439913177161  LUMO = -0.00700133822438481
cycle= 1 E= -305.581405420406  delta_E= 2.49  |g|= 0.558  |ddm|= 7.51
  HOMO = -0.303821736051524  LUMO = 0.0224236858259972
cycle= 2 E= -305.659403582893  delta_E= -0.078  |g|= 0.228  |ddm|= 1.71
  HOMO = -0.321727829260819  LUMO = 0.0270703087716049
cycle= 3 E= -305.669207483449  delta_E= -0.0098  |g|= 0.0982  |ddm|= 0.51
  HOMO = -0.317362807073075  LUMO = 0.0266015576792922
cycle= 4 E= -305.671243610312  delta_E= -0.00204  |g|= 0.0176  |ddm|= 0.232
  HOMO = -0.315651846516245  LUMO = 0.0266974043136237
cycle= 5 E= -305.671326371028  delta_E= -8.28e-05  |g|= 0.00427  |ddm|= 0.0295
  HOMO = -0.316346076921459  LUMO = 0.0266167397356036
cycle= 6 E= -305.67133585496  delta_E= -9.48e-06  |g|= 0.00154  |ddm|= 0.015
  HOMO = -0.316283464805792  LUMO = 0.0266532692350448
cycle= 7 E= -305.671337549543  delta_E= -1.69e-06  |g|= 0.000714  |ddm|= 0.00603
  HOMO = -0.31628108962814  LUMO = 0.0266511470327113
cycle= 8 E= -305.67133796064  delta_E= -4.11e-07  |g|= 0.00032  |ddm|= 0.00224
  HOMO = -0.316314407488801  LUMO = 0.0266528296097464
cycle= 9 E= -305.671338075257  delta_E= -1.15e-07  |g|= 0.000134  |ddm|= 0.00145
  HOMO = -0.316312572901364  LUMO = 0.0266531593265914
cycle= 10 E= -305.671338096017  delta_E= -2.08e-08  |g|= 5.66e-05  |ddm|= 0.000446
  HOMO = -0.316310222817975  LUMO = 0.0266528815623894
cycle= 11 E= -305.671338099446  delta_E= -3.43e-09  |g|= 2.29e-05  |ddm|= 0.000246
  HOMO = -0.316310964525078  LUMO = 0.0266527531207891
cycle= 12 E= -305.671338099753  delta_E= -3.07e-10  |g|= 5.64e-06  |ddm|= 0.000116
  HOMO = -0.316310438266006  LUMO = 0.0266526991248575
Extra cycle  E= -305.67133809977  delta_E= -1.72e-11  |g|= 3.48e-06  |ddm|= 2.26e-05
converged SCF energy = -305.67133809977
Electronic spatial extent <R**2> (au): 667.0241
* Multipoles in the independent field-basis, Gauge -> (0,0,0)
Electronic Dipole moment(X, Y, Z, Debye): 1.2886, 0.2164, -0.0000
Nuclear Dipole moment(X, Y, Z, Debye): -0.0495, 0.0315, 0.0000
Total Dipole moment(X, Y, Z, Debye): -1.3381, -0.1849, 0.0000
Quadrupole moments (Debye-Angs)
Total Quadrupole moments (XX, YY, ZZ): -35.4420, -38.4406, -46.0662
Total Quadrupole moments (XY, XZ, YZ): -4.3932, 0.0000, 0.0000
Octupole moments (Debye-Angs**2)
Total Octupole moments (XXX, YYY, ZZZ, XYY): -0.7242, 6.9455, 0.0000, -12.7783
Total Octupole moments (XXY, XXZ, XZZ, YZZ): 5.6955, -0.0000, -0.0543, 6.5277
Total Octupole moments (YYZ, XYZ): 0.0000, 0.0000
Hexadecapole moments (Debye-Angs**3)
Total Hexadecapole moments (XXXX, YYYY, ZZZZ, XXXY): -274.9147, -491.1554, -54.4125, -1.1033
Total Hexadecapole moments (XXXZ, YYYX, YYYZ, ZZZX): 0.0000, -34.4612, 0.0000, 0.0000
Total Hexadecapole moments (ZZZY, XXYY, XXZZ, YYZZ): 0.0000, -116.8908, -67.5880, -106.7913
Total Hexadecapole moments (XXYZ, YYXZ, ZZXY): 0.0000, 0.0000, 0.5330
