#INFO: **** input file is /home/jluis/src/git/db/aromatic-wfn/hf/run_sp.py ****
#!/usr/bin/env python

import numpy, sys, os
from pyscf import lib, gto, scf, dft
from pyscf.tools import molden
from pyscf.data import radii

def read_molecule(path):

    charge = spin = 0
    with open(path, 'r') as myfile:
        output = myfile.read()
        output = output.lstrip()
        output = output.rstrip()
        output = output.split('\n')

    try:
        int(output[0])
    except ValueError:
        try:
            charge = int(output[0].split(' ')[0])
            spin = int(output[0].split(' ')[1]) - 1
        except ValueError:
            molecule = output
        else:
            molecule = '\n'.join(output[1:])
    else:
        if int(output[0]) == len(output) - 2:
            molecule = '\n'.join(output[2:])
            try:
                charge = int(output[1].split(' ')[0])
                spin = int(output[1].split(' ')[1])-1
            except ValueError:
                pass
        else:
            print "THIS IS NOT A VALID XYZ FILE"

    return (molecule, charge, spin)

directory = '../../aromatic/'
files = [i for i in os.listdir(directory) if i.endswith('.xyz')]

for filename in files:

    name = filename[:-8]
    mol = gto.Mole()
    (mol.atom, charge, spin) = read_molecule(directory+filename)
    mol.basis = 'aug-cc-pvtz'
    mol.charge = charge
    mol.spin = spin
    mol.output = name+'.out'
    mol.symmetry = 0
    mol.verbose = 4
    mol.build()

    mf = scf.RHF(mol) 
    mf.max_cycle = 120
    mf.chkfile = name+'.chk'
    mf = scf.addons.remove_linear_dep_(mf)
    mf.kernel()

    dm = mf.make_rdm1()
    nao = mol.nao_nr()
    unit = 2.541746
    origin = ([0.0,0.0,0.0])
    charges = mol.atom_charges()
    coords  = mol.atom_coords()
    mol.set_common_orig(origin)
    r2 = mol.intor_symmetric('int1e_r2')
    r2 = numpy.einsum('ij,ji->', r2, dm)
    lib.logger.info(mf,'Electronic spatial extent <R**2> (au): %.4f', r2)

    lib.logger.info(mf,'* Multipoles in the independent field-basis, Gauge -> (0,0,0)')
    ao_dip = mol.intor_symmetric('int1e_r', comp=3)
    el_dip = numpy.einsum('xij,ji->x', ao_dip, dm)
    lib.logger.info(mf,'Electronic Dipole moment(X, Y, Z, Debye): %.4f, %.4f, %.4f', *el_dip*unit)
    nucl_dip = numpy.einsum('i,ix->x', charges, coords)
    lib.logger.info(mf,'Nuclear Dipole moment(X, Y, Z, Debye): %.4f, %.4f, %.4f', *nucl_dip*unit)
    mol_dip = (nucl_dip - el_dip) * unit
    lib.logger.info(mf,'Total Dipole moment(X, Y, Z, Debye): %.4f, %.4f, %.4f', *mol_dip)

    lib.logger.info(mf,'Quadrupole moments (Debye-Angs)')
    rr = mol.intor_symmetric('int1e_rr', comp=9).reshape(3,3,nao,nao)
    rr = -1.0*numpy.einsum('xyij,ji->xy', rr, dm)
    rr += numpy.einsum('z,zx,zy->xy', charges, coords, coords)
    rr = rr*unit*lib.param.BOHR
    lib.logger.info(mf,'Total Quadrupole moments (XX, YY, ZZ): %.4f, %.4f, %.4f', \
    rr[0,0], rr[1,1], rr[2,2])
    lib.logger.info(mf,'Total Quadrupole moments (XY, XZ, YZ): %.4f, %.4f, %.4f', \
    rr[0,1], rr[0,2], rr[1,2])
 
    lib.logger.info(mf,'Octupole moments (Debye-Angs**2)')
    rrr = mol.intor_symmetric('int1e_rrr', comp=27).reshape(3,3,3,nao,nao)
    rrr = -1.0*numpy.einsum('xyzij,ji->xyz', rrr, dm)
    rrr += numpy.einsum('z,zx,zy,zk->xyk', charges, coords, coords, coords)
    rrr = rrr*unit*lib.param.BOHR**2
    lib.logger.info(mf,'Total Octupole moments (XXX, YYY, ZZZ, XYY): %.4f, %.4f, %.4f, %.4f', \
    rrr[0,0,0], rrr[1,1,1], rrr[2,2,2], rrr[0,1,1])
    lib.logger.info(mf,'Total Octupole moments (XXY, XXZ, XZZ, YZZ): %.4f, %.4f, %.4f, %.4f', \
    rrr[0,0,1], rrr[0,0,2], rrr[0,2,2], rrr[1,2,2])
    lib.logger.info(mf,'Total Octupole moments (YYZ, XYZ): %.4f, %.4f', rrr[1,1,2], rrr[0,1,2])

    lib.logger.info(mf,'Hexadecapole moments (Debye-Angs**3)')
    rrrr = mol.intor_symmetric('int1e_rrrr', comp=81).reshape(3,3,3,3,nao,nao)
    rrrr = -1.0*numpy.einsum('xyzwij,ji->xyzw', rrrr, dm)
    rrrr += numpy.einsum('z,zx,zy,zk,zw->xykw', charges, coords, coords, coords, coords)
    rrrr = rrrr*unit*lib.param.BOHR**3
    lib.logger.info(mf,'Total Hexadecapole moments (XXXX, YYYY, ZZZZ, XXXY): %.4f, %.4f, %.4f, %.4f', \
    rrrr[0,0,0,0], rrrr[1,1,1,1], rrrr[2,2,2,2], rrrr[0,0,0,1])
    lib.logger.info(mf,'Total Hexadecapole moments (XXXZ, YYYX, YYYZ, ZZZX): %.4f, %.4f, %.4f, %.4f', \
    rrrr[0,0,0,2], rrrr[1,1,1,0], rrrr[1,1,1,2], rrrr[2,2,2,0])
    lib.logger.info(mf,'Total Hexadecapole moments (ZZZY, XXYY, XXZZ, YYZZ): %.4f, %.4f, %.4f, %.4f', \
    rrrr[2,2,2,1], rrrr[0,0,1,1], rrrr[0,0,2,2], rrrr[1,1,2,2])
    lib.logger.info(mf,'Total Hexadecapole moments (XXYZ, YYXZ, ZZXY): %.4f, %.4f, %.4f', \
    rrrr[0,0,1,2], rrrr[1,1,0,2], rrrr[2,2,0,1])
     
    coeff = mf.mo_coeff[:,mf.mo_occ>0]
    occ = mf.mo_occ[mf.mo_occ>0]
    energy = mf.mo_energy[mf.mo_occ>0]
    den_file = name+'.mol'
    fspt = open(den_file,'w')
    molden.header(mol, fspt)
    molden.orbital_coeff(mol, fspt, coeff, ene=energy, occ=occ) 
    fspt.close()                    
    cmd = '/home/jluis/bin/molden2aim '+name
    os.system(cmd)
    den_file = name+'.wfn'
    fspt = open(den_file,'a')
    fspt.write('RHF\n')
    fspt.close()                    

    pmd_file = name+'.pmd'
    fspt = open(pmd_file,'w')
    fspt.write('%s.wfn\n' % (name))
    if (mol.symmetry == False):
        fspt.write('nosymmetry\n')
    fspt.write('tes\n')
    fspt.write('  epsiscp 0.220\n')
    fspt.write('  radialquad 7\n')
    fspt.write('  rmapping 2\n')
    fspt.write('  lmax 10\n')
    fspt.write('  nr 551\n')
    fspt.write('  lebedev 5810\n')
    fspt.write('  betasphere\n')
    for ia in range(mol.natm):
        symb = mol.atom_pure_symbol(ia)
        inuc = lib.parameters.NUC[symb]
        betarad = radii.COVALENT[inuc]/3.5
        fspt.write('  betaradw %d %1.3f\n' % ((ia+1),betarad))
    fspt.write('  radialquadbeta 7\n')
    fspt.write('  rmappingbeta 3\n')
    fspt.write('  lmaxbeta 8\n')
    fspt.write('  nrb 451\n')
    fspt.write('  lebedevbeta 3074\n')
    fspt.write('  dafh\n')
    fspt.write('endtes')
    fspt.close()                    

    cmd = 'rm '+name+'.mol'
    os.system(cmd)

#INFO: ******************** input file end ********************


System: ('Linux', 'cromo', '4.9.0-0.bpo.3-amd64', '#1 SMP Debian 4.9.30-2+deb9u5~bpo8+1 (2017-09-28)', 'x86_64', '')  Threads 4
Python 2.7.14 (default, Apr 10 2018, 19:21:27) 
[GCC 7.3.0]
numpy 1.14.2  scipy 1.0.1
Date: Sun Jul  1 16:53:05 2018
PySCF version 1.5
PySCF path  /home/jluis/src/pyscf/pyscf
GIT ORIG_HEAD 1ca9fa9a79cffe36c02a6597649cc8e4258362c9
GIT HEAD      ref: refs/heads/master
GIT master branch  2a04e98fd7e076282a2b183302d17fc6af3d78e6

[ENV] PYSCF_MAX_MEMORY 32000
[ENV] PYSCF_TMPDIR /scratch-ssd/jluis
[CONFIG] conf_file None
[INPUT] verbose = 4
[INPUT] num. atoms = 10
[INPUT] num. electrons = 42
[INPUT] charge = 0
[INPUT] spin (= nelec alpha-beta = 2S) = 0
[INPUT] symmetry 0 subgroup None
[INPUT] Mole.unit = angstrom
[INPUT]  1 H      0.000000000000   2.156306000000   1.118139000000 AA    0.000000000000   4.074827780756   2.112976479195 Bohr
[INPUT]  2 H      0.000000000000  -2.156306000000   1.118139000000 AA    0.000000000000  -4.074827780756   2.112976479195 Bohr
[INPUT]  3 H      0.000000000000   0.000000000000  -2.398183000000 AA    0.000000000000   0.000000000000  -4.531909066588 Bohr
[INPUT]  4 H      0.000000000000   0.000000000000   2.442639000000 AA    0.000000000000   0.000000000000   4.615918731181 Bohr
[INPUT]  5 C      0.000000000000   1.183062000000   0.620384000000 AA    0.000000000000   2.235663168380   1.172355852062 Bohr
[INPUT]  6 C      0.000000000000  -1.183062000000   0.620384000000 AA    0.000000000000  -2.235663168380   1.172355852062 Bohr
[INPUT]  7 C      0.000000000000   0.000000000000  -1.306030000000 AA    0.000000000000   0.000000000000  -2.468039010466 Bohr
[INPUT]  8 C      0.000000000000   0.000000000000   1.353188000000 AA    0.000000000000   0.000000000000   2.557154715048 Bohr
[INPUT]  9 N      0.000000000000   1.195886000000  -0.714528000000 AA    0.000000000000   2.259897016202  -1.350262228333 Bohr
[INPUT] 10 N      0.000000000000  -1.195886000000  -0.714528000000 AA    0.000000000000  -2.259897016202  -1.350262228333 Bohr

nuclear repulsion = 208.986525207859
number of shells = 114
number of NR pGTOs = 448
number of NR cGTOs = 368
basis = aug-cc-pvtz
ecp = {}
CPU time:      3890.38


******** <class 'pyscf.scf.hf.RHF'> flags ********
method = RHF
initial guess = minao
damping factor = 0
level shift factor = 0
DIIS = <class 'pyscf.scf.diis.CDIIS'>
DIIS start cycle = 1
DIIS space = 8
SCF tol = 1e-09
SCF gradient tol = None
max. SCF cycles = 120
direct_scf = True
direct_scf_tol = 1e-13
chkfile to save SCF result = pyrimidine.chk
max_memory 32000 MB (current use 182 MB)
Set gradient conv threshold to 3.16228e-05
init E= -264.66547562792
  HOMO = -0.264970215207234  LUMO = -0.0257577912641186
cycle= 1 E= -262.71426406028  delta_E= 1.95  |g|= 0.455  |ddm|= 4.62
  HOMO = -0.398549314131921  LUMO = 0.0229995728627596
cycle= 2 E= -262.774894663684  delta_E= -0.0606  |g|= 0.15  |ddm|= 0.565
  HOMO = -0.374757072452938  LUMO = 0.0249650783867861
cycle= 3 E= -262.780527636981  delta_E= -0.00563  |g|= 0.0667  |ddm|= 0.201
  HOMO = -0.378714839966848  LUMO = 0.0252942031631616
cycle= 4 E= -262.781617287304  delta_E= -0.00109  |g|= 0.0111  |ddm|= 0.0639
  HOMO = -0.378951079115565  LUMO = 0.0251495771186408
cycle= 5 E= -262.78165824049  delta_E= -4.1e-05  |g|= 0.00361  |ddm|= 0.0189
  HOMO = -0.37890024491986  LUMO = 0.0250948027261102
cycle= 6 E= -262.781663690832  delta_E= -5.45e-06  |g|= 0.0013  |ddm|= 0.00474
  HOMO = -0.378824694985624  LUMO = 0.0251291796921951
cycle= 7 E= -262.781664668988  delta_E= -9.78e-07  |g|= 0.000437  |ddm|= 0.00268
  HOMO = -0.378872898743106  LUMO = 0.025122599587459
cycle= 8 E= -262.781664808949  delta_E= -1.4e-07  |g|= 0.000251  |ddm|= 0.000734
  HOMO = -0.378868267297403  LUMO = 0.025124509541418
cycle= 9 E= -262.78166485847  delta_E= -4.95e-08  |g|= 8.81e-05  |ddm|= 0.000504
  HOMO = -0.378862284302414  LUMO = 0.0251245183036499
cycle= 10 E= -262.781664868507  delta_E= -1e-08  |g|= 3.76e-05  |ddm|= 0.000235
  HOMO = -0.378865689553979  LUMO = 0.0251241712631588
cycle= 11 E= -262.781664870273  delta_E= -1.77e-09  |g|= 1.08e-05  |ddm|= 0.000121
  HOMO = -0.378862925629151  LUMO = 0.0251240614873189
cycle= 12 E= -262.781664870366  delta_E= -9.29e-11  |g|= 4.02e-06  |ddm|= 2.39e-05
  HOMO = -0.378863188568725  LUMO = 0.0251240434169982
Extra cycle  E= -262.781664870374  delta_E= -8.24e-12  |g|= 1.61e-06  |ddm|= 7.21e-06
converged SCF energy = -262.781664870374
Electronic spatial extent <R**2> (au): 411.1576
* Multipoles in the independent field-basis, Gauge -> (0,0,0)
Electronic Dipole moment(X, Y, Z, Debye): 0.0000, -0.0000, -2.3712
Nuclear Dipole moment(X, Y, Z, Debye): 0.0000, 0.0000, 0.0235
Total Dipole moment(X, Y, Z, Debye): -0.0000, 0.0000, 2.3947
Quadrupole moments (Debye-Angs)
Total Quadrupole moments (XX, YY, ZZ): -36.8064, -37.2467, -30.7214
Total Quadrupole moments (XY, XZ, YZ): 0.0000, -0.0000, -0.0000
Octupole moments (Debye-Angs**2)
Total Octupole moments (XXX, YYY, ZZZ, XYY): -0.0000, 0.0000, -1.6539, -0.0000
Total Octupole moments (XXY, XXZ, XZZ, YZZ): -0.0000, -1.5966, -0.0000, -0.0000
Total Octupole moments (YYZ, XYZ): 15.6565, 0.0000
Hexadecapole moments (Debye-Angs**3)
Total Hexadecapole moments (XXXX, YYYY, ZZZZ, XXXY): -40.6037, -257.5031, -226.0444, -0.0000
Total Hexadecapole moments (XXXZ, YYYX, YYYZ, ZZZX): -0.0000, -0.0000, -0.0000, -0.0000
Total Hexadecapole moments (ZZZY, XXYY, XXZZ, YYZZ): 0.0000, -52.8388, -54.8320, -92.1501
Total Hexadecapole moments (XXYZ, YYXZ, ZZXY): -0.0000, -0.0000, 0.0000
