#INFO: **** input file is /home/jluis/src/git/db/molecules-wfn/m06-l/run_sp.py ****
#!/usr/bin/env python

import numpy, sys, os
from pyscf import lib, gto, scf, dft
from pyscf.tools import molden
from pyscf.data import radii

def read_molecule(path):

    charge = spin = 0
    with open(path, 'r') as myfile:
        output = myfile.read()
        output = output.lstrip()
        output = output.rstrip()
        output = output.split('\n')

    try:
        int(output[0])
    except ValueError:
        try:
            charge = int(output[0].split(' ')[0])
            spin = int(output[0].split(' ')[1]) - 1
        except ValueError:
            molecule = output
        else:
            molecule = '\n'.join(output[1:])
    else:
        if int(output[0]) == len(output) - 2:
            molecule = '\n'.join(output[2:])
            try:
                charge = int(output[1].split(' ')[0])
                spin = int(output[1].split(' ')[1])-1
            except ValueError:
                pass
        else:
            print "THIS IS NOT A VALID XYZ FILE"

    return (molecule, charge, spin)

directory = '../../molecules/'
files = [i for i in os.listdir(directory) if i.endswith('.xyz')]

for filename in files:

    name = filename[:-8]
    mol = gto.Mole()
    (mol.atom, charge, spin) = read_molecule(directory+filename)
    mol.basis = 'aug-cc-pvtz'
    mol.charge = charge
    mol.spin = spin
    mol.output = name+'.out'
    mol.symmetry = 0
    mol.max_memory = 10000
    mol.verbose = 4
    mol.build()

    mf = dft.RKS(mol) 
    mf.grids.level = 4
    mf.xc = 'm06-l'
    mf = scf.addons.remove_linear_dep_(mf)
    mf.max_cycle = 120
    mf.chkfile = name+'.chk'
    mf.kernel()

    dm = mf.make_rdm1()
    nao = mol.nao_nr()
    unit = 2.541746
    origin = ([0.0,0.0,0.0])
    charges = mol.atom_charges()
    coords  = mol.atom_coords()
    mol.set_common_orig(origin)
    r2 = mol.intor_symmetric('int1e_r2')
    r2 = numpy.einsum('ij,ji->', r2, dm)
    lib.logger.info(mf,'Electronic spatial extent <R**2> (au): %.4f', r2)

    lib.logger.info(mf,'* Multipoles in the independent field-basis, Gauge -> (0,0,0)')
    ao_dip = mol.intor_symmetric('int1e_r', comp=3)
    el_dip = numpy.einsum('xij,ji->x', ao_dip, dm)
    lib.logger.info(mf,'Electronic Dipole moment(X, Y, Z, Debye): %.4f, %.4f, %.4f', *el_dip*unit)
    nucl_dip = numpy.einsum('i,ix->x', charges, coords)
    lib.logger.info(mf,'Nuclear Dipole moment(X, Y, Z, Debye): %.4f, %.4f, %.4f', *nucl_dip*unit)
    mol_dip = (nucl_dip - el_dip) * unit
    lib.logger.info(mf,'Total Dipole moment(X, Y, Z, Debye): %.4f, %.4f, %.4f', *mol_dip)

    lib.logger.info(mf,'Quadrupole moments (Debye-Angs)')
    rr = mol.intor_symmetric('int1e_rr', comp=9).reshape(3,3,nao,nao)
    rr = -1.0*numpy.einsum('xyij,ji->xy', rr, dm)
    rr += numpy.einsum('z,zx,zy->xy', charges, coords, coords)
    rr = rr*unit*lib.param.BOHR
    lib.logger.info(mf,'Total Quadrupole moments (XX, YY, ZZ): %.4f, %.4f, %.4f', \
    rr[0,0], rr[1,1], rr[2,2])
    lib.logger.info(mf,'Total Quadrupole moments (XY, XZ, YZ): %.4f, %.4f, %.4f', \
    rr[0,1], rr[0,2], rr[1,2])
 
    lib.logger.info(mf,'Octupole moments (Debye-Angs**2)')
    rrr = mol.intor_symmetric('int1e_rrr', comp=27).reshape(3,3,3,nao,nao)
    rrr = -1.0*numpy.einsum('xyzij,ji->xyz', rrr, dm)
    rrr += numpy.einsum('z,zx,zy,zk->xyk', charges, coords, coords, coords)
    rrr = rrr*unit*lib.param.BOHR**2
    lib.logger.info(mf,'Total Octupole moments (XXX, YYY, ZZZ, XYY): %.4f, %.4f, %.4f, %.4f', \
    rrr[0,0,0], rrr[1,1,1], rrr[2,2,2], rrr[0,1,1])
    lib.logger.info(mf,'Total Octupole moments (XXY, XXZ, XZZ, YZZ): %.4f, %.4f, %.4f, %.4f', \
    rrr[0,0,1], rrr[0,0,2], rrr[0,2,2], rrr[1,2,2])
    lib.logger.info(mf,'Total Octupole moments (YYZ, XYZ): %.4f, %.4f', rrr[1,1,2], rrr[0,1,2])

    lib.logger.info(mf,'Hexadecapole moments (Debye-Angs**3)')
    rrrr = mol.intor_symmetric('int1e_rrrr', comp=81).reshape(3,3,3,3,nao,nao)
    rrrr = -1.0*numpy.einsum('xyzwij,ji->xyzw', rrrr, dm)
    rrrr += numpy.einsum('z,zx,zy,zk,zw->xykw', charges, coords, coords, coords, coords)
    rrrr = rrrr*unit*lib.param.BOHR**3
    lib.logger.info(mf,'Total Hexadecapole moments (XXXX, YYYY, ZZZZ, XXXY): %.4f, %.4f, %.4f, %.4f', \
    rrrr[0,0,0,0], rrrr[1,1,1,1], rrrr[2,2,2,2], rrrr[0,0,0,1])
    lib.logger.info(mf,'Total Hexadecapole moments (XXXZ, YYYX, YYYZ, ZZZX): %.4f, %.4f, %.4f, %.4f', \
    rrrr[0,0,0,2], rrrr[1,1,1,0], rrrr[1,1,1,2], rrrr[2,2,2,0])
    lib.logger.info(mf,'Total Hexadecapole moments (ZZZY, XXYY, XXZZ, YYZZ): %.4f, %.4f, %.4f, %.4f', \
    rrrr[2,2,2,1], rrrr[0,0,1,1], rrrr[0,0,2,2], rrrr[1,1,2,2])
    lib.logger.info(mf,'Total Hexadecapole moments (XXYZ, YYXZ, ZZXY): %.4f, %.4f, %.4f', \
    rrrr[0,0,1,2], rrrr[1,1,0,2], rrrr[2,2,0,1])
     
    coeff = mf.mo_coeff[:,mf.mo_occ>0]
    occ = mf.mo_occ[mf.mo_occ>0]
    energy = mf.mo_energy[mf.mo_occ>0]
    den_file = name+'.mol'
    fspt = open(den_file,'w')
    molden.header(mol, fspt)
    molden.orbital_coeff(mol, fspt, coeff, ene=energy, occ=occ) 
    fspt.close()                    
    cmd = '/home/jluis/bin/molden2aim '+name
    os.system(cmd)
    den_file = name+'.wfn'
    fspt = open(den_file,'a')
    fspt.write('RHF\n')
    fspt.close()                    

    pmd_file = name+'.pmd'
    fspt = open(pmd_file,'w')
    fspt.write('%s.wfn\n' % (name))
    if (mol.symmetry == False):
        fspt.write('nosymmetry\n')
    fspt.write('tes\n')
    fspt.write('  epsiscp 0.220\n')
    fspt.write('  radialquad 7\n')
    fspt.write('  rmapping 2\n')
    fspt.write('  lmax 10\n')
    fspt.write('  nr 551\n')
    fspt.write('  lebedev 5810\n')
    fspt.write('  betasphere\n')
    for ia in range(mol.natm):
        symb = mol.atom_pure_symbol(ia)
        inuc = lib.parameters.NUC[symb]
        betarad = radii.COVALENT[inuc]/3.5
        fspt.write('  betaradw %d %1.3f\n' % ((ia+1),betarad))
    fspt.write('  radialquadbeta 7\n')
    fspt.write('  rmappingbeta 3\n')
    fspt.write('  lmaxbeta 8\n')
    fspt.write('  nrb 451\n')
    fspt.write('  lebedevbeta 3074\n')
    fspt.write('  dafh\n')
    fspt.write('endtes')
    fspt.close()                    

    cmd = 'rm '+name+'.mol'
    os.system(cmd)

#INFO: ******************** input file end ********************


System: ('Linux', 'silicio', '3.16.0-4-amd64', '#1 SMP Debian 3.16.51-3 (2017-12-13)', 'x86_64', '')  Threads 12
Python 2.7.14 (default, Apr  9 2018, 16:34:43) 
[GCC 7.3.0]
numpy 1.14.2  scipy 1.0.1
Date: Thu Jun 28 22:31:47 2018
PySCF version 1.5
PySCF path  /home/jluis/src/pyscf/pyscf
GIT ORIG_HEAD f2dbb26d09ae5148fbf5975669a994500ac7a4c9
GIT HEAD      ref: refs/heads/master
GIT master branch  f2dbb26d09ae5148fbf5975669a994500ac7a4c9

[ENV] PYSCF_TMPDIR /scratch-ssd/jluis
[CONFIG] conf_file None
[INPUT] verbose = 4
[INPUT] num. atoms = 4
[INPUT] num. electrons = 56
[INPUT] charge = -3
[INPUT] spin (= nelec alpha-beta = 2S) = 0
[INPUT] symmetry 0 subgroup None
[INPUT] Mole.unit = angstrom
[INPUT]  1 B     -0.000125000000   0.000000000000   0.000000000000 AA   -0.000236215766   0.000000000000   0.000000000000 Bohr
[INPUT]  2 S     -0.939610000000   1.627538000000   0.000000000000 AA   -1.775605563903   3.075601077322   0.000000000000 Bohr
[INPUT]  3 S     -0.939610000000  -1.627538000000   0.000000000000 AA   -1.775605563903  -3.075601077322   0.000000000000 Bohr
[INPUT]  4 S      1.879345000000   0.000000000000   0.000000000000 AA    3.551447343571   0.000000000000   0.000000000000 Bohr

nuclear repulsion = 192.433462602917
number of shells = 52
number of NR pGTOs = 283
number of NR cGTOs = 196
basis = aug-cc-pvtz
ecp = {}
CPU time:    227424.45


******** <class 'pyscf.dft.rks.RKS'> flags ********
method = RKS-RHF
initial guess = minao
damping factor = 0
level shift factor = 0
DIIS = <class 'pyscf.scf.diis.CDIIS'>
DIIS start cycle = 1
DIIS space = 8
SCF tol = 1e-09
SCF gradient tol = None
max. SCF cycles = 120
direct_scf = True
direct_scf_tol = 1e-13
chkfile to save SCF result = bs3_-3.chk
max_memory 10000 MB (current use 221 MB)
XC functionals = m06-l
small_rho_cutoff = 1e-07
radial grids: 
    Treutler-Ahlrichs (JCP 102, 346 (M4)) radial grids
    
becke partition: Becke, JCP, 88, 2547 (1988)
pruning grids: <function nwchem_prune at 0x2b99180735f0>
grids dens level: 4
symmetrized grids: 0
atomic radii adjust function: <function treutler_atomic_radii_adjust at 0x2b9918073500>
Set gradient conv threshold to 3.16228e-05
tot grids = 113178
init E= -1219.57444487797
  HOMO = -0.255574059021209  LUMO = -0.0930665627310812
cycle= 1 E= -1218.97156423149  delta_E= 0.603  |g|= 0.721  |ddm|= 1.95
  HOMO = 0.39401303555726  LUMO = 0.409347648413487
cycle= 2 E= -1205.65478497519  delta_E= 13.3  |g|= 3.64  |ddm|=  482
  HOMO = 0.232913892549623  LUMO = 0.292389102889524
cycle= 3 E= -1219.20001067522  delta_E= -13.5  |g|= 0.331  |ddm|=  482
  HOMO = 0.265742267340224  LUMO = 0.30609941400551
cycle= 4 E= -1219.22123291836  delta_E= -0.0212  |g|= 0.316  |ddm|= 1.54
  HOMO = 0.314360163165238  LUMO = 0.317946917927613
cycle= 5 E= -1218.88467329044  delta_E= 0.337  |g|= 0.692  |ddm|= 51.2
  HOMO = 0.291078398715691  LUMO = 0.300667307700506
cycle= 6 E= -1219.25968893984  delta_E= -0.375  |g|= 0.0828  |ddm|= 49.2
  HOMO = 0.301299523443642  LUMO = 0.309731101641244
cycle= 7 E= -1219.26411647776  delta_E= -0.00443  |g|= 0.0518  |ddm|= 2.22
  HOMO = 0.304287088509456  LUMO = 0.314100224773104
cycle= 8 E= -1219.26780342857  delta_E= -0.00369  |g|= 0.0212  |ddm|= 1.09
  HOMO = 0.300685337131341  LUMO = 0.312844480010118
cycle= 9 E= -1219.26933243706  delta_E= -0.00153  |g|= 0.019  |ddm|= 1.07
  HOMO = 0.300169354924852  LUMO = 0.312052062968446
cycle= 10 E= -1219.2694870803  delta_E= -0.000155  |g|= 0.018  |ddm|= 0.558
  HOMO = 0.298142081231971  LUMO = 0.311345479126397
cycle= 11 E= -1219.26972696758  delta_E= -0.00024  |g|= 0.0151  |ddm|= 0.461
  HOMO = 0.290633884036625  LUMO = 0.308300840819513
cycle= 12 E= -1219.27025228222  delta_E= -0.000525  |g|= 0.0159  |ddm|= 1.93
  HOMO = 0.284908305922183  LUMO = 0.302441933940083
cycle= 13 E= -1219.27037930108  delta_E= -0.000127  |g|= 0.00406  |ddm|= 1.12
  HOMO = 0.282839384465409  LUMO = 0.30031106339096
cycle= 14 E= -1219.27037854342  delta_E= 7.58e-07  |g|= 0.00328  |ddm|= 0.108
  HOMO = 0.28357169693838  LUMO = 0.301652033677045
cycle= 15 E= -1219.27041123078  delta_E= -3.27e-05  |g|= 0.00171  |ddm|= 0.636
  HOMO = 0.282755050332019  LUMO = 0.301000291508254
cycle= 16 E= -1219.27039107459  delta_E= 2.02e-05  |g|= 0.00361  |ddm|= 0.227
  HOMO = 0.283903174706441  LUMO = 0.302426430741305
cycle= 17 E= -1219.27041739476  delta_E= -2.63e-05  |g|= 0.000467  |ddm|= 0.426
  HOMO = 0.283781275171524  LUMO = 0.302293920781974
cycle= 18 E= -1219.27041829988  delta_E= -9.05e-07  |g|= 0.000571  |ddm|= 0.0422
  HOMO = 0.283765100350112  LUMO = 0.302266700788742
cycle= 19 E= -1219.27041863674  delta_E= -3.37e-07  |g|= 0.000236  |ddm|= 0.0486
  HOMO = 0.283676599192745  LUMO = 0.302137438478611
cycle= 20 E= -1219.2704187096  delta_E= -7.29e-08  |g|= 0.000145  |ddm|= 0.022
  HOMO = 0.283615010536821  LUMO = 0.302044932039484
cycle= 21 E= -1219.27041873768  delta_E= -2.81e-08  |g|= 4.06e-05  |ddm|= 0.00878
  HOMO = 0.283608710210396  LUMO = 0.302037752737936
cycle= 22 E= -1219.2704187388  delta_E= -1.12e-09  |g|= 2.13e-05  |ddm|= 0.00114
  HOMO = 0.283603997334401  LUMO = 0.302030101984826
cycle= 23 E= -1219.27041873917  delta_E= -3.66e-10  |g|= 7.38e-06  |ddm|= 0.0011
  HOMO = 0.283603064857255  LUMO = 0.302030382586573
Extra cycle  E= -1219.2704187392  delta_E= -3.68e-11  |g|= 1.81e-05  |ddm|= 0.000937
converged SCF energy = -1219.2704187392
Electronic spatial extent <R**2> (au): 836.1177
* Multipoles in the independent field-basis, Gauge -> (0,0,0)
Electronic Dipole moment(X, Y, Z, Debye): 0.0027, -0.0000, -0.0000
Nuclear Dipole moment(X, Y, Z, Debye): 0.0066, 0.0000, 0.0000
Total Dipole moment(X, Y, Z, Debye): 0.0039, 0.0000, 0.0000
Quadrupole moments (Debye-Angs)
Total Quadrupole moments (XX, YY, ZZ): -117.7872, -117.6921, -74.8552
Total Quadrupole moments (XY, XZ, YZ): 0.0000, 0.0000, 0.0000
Octupole moments (Debye-Angs**2)
Total Octupole moments (XXX, YYY, ZZZ, XYY): -19.7797, 0.0000, -0.0000, 19.8772
Total Octupole moments (XXY, XXZ, XZZ, YZZ): 0.0000, 0.0000, 0.0063, -0.0000
Total Octupole moments (YYZ, XYZ): -0.0000, -0.0000
Hexadecapole moments (Debye-Angs**3)
Total Hexadecapole moments (XXXX, YYYY, ZZZZ, XXXY): -1335.5698, -1332.5838, -271.1858, 0.0000
Total Hexadecapole moments (XXXZ, YYYX, YYYZ, ZZZX): 0.0000, 0.0000, 0.0000, 0.0000
Total Hexadecapole moments (ZZZY, XXYY, XXZZ, YYZZ): 0.0000, -444.9788, -256.7555, -256.3783
Total Hexadecapole moments (XXYZ, YYXZ, ZZXY): 0.0000, 0.0000, 0.0000
