#INFO: **** input file is /home/jluis/src/git/db/molecules-wfn/m06-l/run_sp.py ****
#!/usr/bin/env python

import numpy, sys, os
from pyscf import lib, gto, scf, dft
from pyscf.tools import molden
from pyscf.data import radii

def read_molecule(path):

    charge = spin = 0
    with open(path, 'r') as myfile:
        output = myfile.read()
        output = output.lstrip()
        output = output.rstrip()
        output = output.split('\n')

    try:
        int(output[0])
    except ValueError:
        try:
            charge = int(output[0].split(' ')[0])
            spin = int(output[0].split(' ')[1]) - 1
        except ValueError:
            molecule = output
        else:
            molecule = '\n'.join(output[1:])
    else:
        if int(output[0]) == len(output) - 2:
            molecule = '\n'.join(output[2:])
            try:
                charge = int(output[1].split(' ')[0])
                spin = int(output[1].split(' ')[1])-1
            except ValueError:
                pass
        else:
            print "THIS IS NOT A VALID XYZ FILE"

    return (molecule, charge, spin)

directory = '../../molecules/'
files = [i for i in os.listdir(directory) if i.endswith('.xyz')]

for filename in files:

    name = filename[:-8]
    mol = gto.Mole()
    (mol.atom, charge, spin) = read_molecule(directory+filename)
    mol.basis = 'aug-cc-pvtz'
    mol.charge = charge
    mol.spin = spin
    mol.output = name+'.out'
    mol.symmetry = 0
    mol.max_memory = 10000
    mol.verbose = 4
    mol.build()

    mf = dft.RKS(mol) 
    mf.grids.level = 4
    mf.xc = 'm06-l'
    mf = scf.addons.remove_linear_dep_(mf)
    mf.max_cycle = 120
    mf.chkfile = name+'.chk'
    mf.kernel()

    dm = mf.make_rdm1()
    nao = mol.nao_nr()
    unit = 2.541746
    origin = ([0.0,0.0,0.0])
    charges = mol.atom_charges()
    coords  = mol.atom_coords()
    mol.set_common_orig(origin)
    r2 = mol.intor_symmetric('int1e_r2')
    r2 = numpy.einsum('ij,ji->', r2, dm)
    lib.logger.info(mf,'Electronic spatial extent <R**2> (au): %.4f', r2)

    lib.logger.info(mf,'* Multipoles in the independent field-basis, Gauge -> (0,0,0)')
    ao_dip = mol.intor_symmetric('int1e_r', comp=3)
    el_dip = numpy.einsum('xij,ji->x', ao_dip, dm)
    lib.logger.info(mf,'Electronic Dipole moment(X, Y, Z, Debye): %.4f, %.4f, %.4f', *el_dip*unit)
    nucl_dip = numpy.einsum('i,ix->x', charges, coords)
    lib.logger.info(mf,'Nuclear Dipole moment(X, Y, Z, Debye): %.4f, %.4f, %.4f', *nucl_dip*unit)
    mol_dip = (nucl_dip - el_dip) * unit
    lib.logger.info(mf,'Total Dipole moment(X, Y, Z, Debye): %.4f, %.4f, %.4f', *mol_dip)

    lib.logger.info(mf,'Quadrupole moments (Debye-Angs)')
    rr = mol.intor_symmetric('int1e_rr', comp=9).reshape(3,3,nao,nao)
    rr = -1.0*numpy.einsum('xyij,ji->xy', rr, dm)
    rr += numpy.einsum('z,zx,zy->xy', charges, coords, coords)
    rr = rr*unit*lib.param.BOHR
    lib.logger.info(mf,'Total Quadrupole moments (XX, YY, ZZ): %.4f, %.4f, %.4f', \
    rr[0,0], rr[1,1], rr[2,2])
    lib.logger.info(mf,'Total Quadrupole moments (XY, XZ, YZ): %.4f, %.4f, %.4f', \
    rr[0,1], rr[0,2], rr[1,2])
 
    lib.logger.info(mf,'Octupole moments (Debye-Angs**2)')
    rrr = mol.intor_symmetric('int1e_rrr', comp=27).reshape(3,3,3,nao,nao)
    rrr = -1.0*numpy.einsum('xyzij,ji->xyz', rrr, dm)
    rrr += numpy.einsum('z,zx,zy,zk->xyk', charges, coords, coords, coords)
    rrr = rrr*unit*lib.param.BOHR**2
    lib.logger.info(mf,'Total Octupole moments (XXX, YYY, ZZZ, XYY): %.4f, %.4f, %.4f, %.4f', \
    rrr[0,0,0], rrr[1,1,1], rrr[2,2,2], rrr[0,1,1])
    lib.logger.info(mf,'Total Octupole moments (XXY, XXZ, XZZ, YZZ): %.4f, %.4f, %.4f, %.4f', \
    rrr[0,0,1], rrr[0,0,2], rrr[0,2,2], rrr[1,2,2])
    lib.logger.info(mf,'Total Octupole moments (YYZ, XYZ): %.4f, %.4f', rrr[1,1,2], rrr[0,1,2])

    lib.logger.info(mf,'Hexadecapole moments (Debye-Angs**3)')
    rrrr = mol.intor_symmetric('int1e_rrrr', comp=81).reshape(3,3,3,3,nao,nao)
    rrrr = -1.0*numpy.einsum('xyzwij,ji->xyzw', rrrr, dm)
    rrrr += numpy.einsum('z,zx,zy,zk,zw->xykw', charges, coords, coords, coords, coords)
    rrrr = rrrr*unit*lib.param.BOHR**3
    lib.logger.info(mf,'Total Hexadecapole moments (XXXX, YYYY, ZZZZ, XXXY): %.4f, %.4f, %.4f, %.4f', \
    rrrr[0,0,0,0], rrrr[1,1,1,1], rrrr[2,2,2,2], rrrr[0,0,0,1])
    lib.logger.info(mf,'Total Hexadecapole moments (XXXZ, YYYX, YYYZ, ZZZX): %.4f, %.4f, %.4f, %.4f', \
    rrrr[0,0,0,2], rrrr[1,1,1,0], rrrr[1,1,1,2], rrrr[2,2,2,0])
    lib.logger.info(mf,'Total Hexadecapole moments (ZZZY, XXYY, XXZZ, YYZZ): %.4f, %.4f, %.4f, %.4f', \
    rrrr[2,2,2,1], rrrr[0,0,1,1], rrrr[0,0,2,2], rrrr[1,1,2,2])
    lib.logger.info(mf,'Total Hexadecapole moments (XXYZ, YYXZ, ZZXY): %.4f, %.4f, %.4f', \
    rrrr[0,0,1,2], rrrr[1,1,0,2], rrrr[2,2,0,1])
     
    coeff = mf.mo_coeff[:,mf.mo_occ>0]
    occ = mf.mo_occ[mf.mo_occ>0]
    energy = mf.mo_energy[mf.mo_occ>0]
    den_file = name+'.mol'
    fspt = open(den_file,'w')
    molden.header(mol, fspt)
    molden.orbital_coeff(mol, fspt, coeff, ene=energy, occ=occ) 
    fspt.close()                    
    cmd = '/home/jluis/bin/molden2aim '+name
    os.system(cmd)
    den_file = name+'.wfn'
    fspt = open(den_file,'a')
    fspt.write('RHF\n')
    fspt.close()                    

    pmd_file = name+'.pmd'
    fspt = open(pmd_file,'w')
    fspt.write('%s.wfn\n' % (name))
    if (mol.symmetry == False):
        fspt.write('nosymmetry\n')
    fspt.write('tes\n')
    fspt.write('  epsiscp 0.220\n')
    fspt.write('  radialquad 7\n')
    fspt.write('  rmapping 2\n')
    fspt.write('  lmax 10\n')
    fspt.write('  nr 551\n')
    fspt.write('  lebedev 5810\n')
    fspt.write('  betasphere\n')
    for ia in range(mol.natm):
        symb = mol.atom_pure_symbol(ia)
        inuc = lib.parameters.NUC[symb]
        betarad = radii.COVALENT[inuc]/3.5
        fspt.write('  betaradw %d %1.3f\n' % ((ia+1),betarad))
    fspt.write('  radialquadbeta 7\n')
    fspt.write('  rmappingbeta 3\n')
    fspt.write('  lmaxbeta 8\n')
    fspt.write('  nrb 451\n')
    fspt.write('  lebedevbeta 3074\n')
    fspt.write('  dafh\n')
    fspt.write('endtes')
    fspt.close()                    

    cmd = 'rm '+name+'.mol'
    os.system(cmd)

#INFO: ******************** input file end ********************


System: ('Linux', 'silicio', '3.16.0-4-amd64', '#1 SMP Debian 3.16.51-3 (2017-12-13)', 'x86_64', '')  Threads 12
Python 2.7.14 (default, Apr  9 2018, 16:34:43) 
[GCC 7.3.0]
numpy 1.14.2  scipy 1.0.1
Date: Thu Jun 28 22:19:51 2018
PySCF version 1.5
PySCF path  /home/jluis/src/pyscf/pyscf
GIT ORIG_HEAD f2dbb26d09ae5148fbf5975669a994500ac7a4c9
GIT HEAD      ref: refs/heads/master
GIT master branch  f2dbb26d09ae5148fbf5975669a994500ac7a4c9

[ENV] PYSCF_TMPDIR /scratch-ssd/jluis
[CONFIG] conf_file None
[INPUT] verbose = 4
[INPUT] num. atoms = 4
[INPUT] num. electrons = 110
[INPUT] charge = -3
[INPUT] spin (= nelec alpha-beta = 2S) = 0
[INPUT] symmetry 0 subgroup None
[INPUT] Mole.unit = angstrom
[INPUT]  1 B     -0.000462000000   0.000000000000   0.000000000000 AA   -0.000873053470   0.000000000000   0.000000000000 Bohr
[INPUT]  2 Se    -1.006804000000   1.744845000000   0.000000000000 AA   -1.902583821117   3.297279179817   0.000000000000 Bohr
[INPUT]  3 Se    -1.006804000000  -1.744845000000   0.000000000000 AA   -1.902583821117  -3.297279179817   0.000000000000 Bohr
[INPUT]  4 Se     2.014070000000   0.000000000000   0.000000000000 AA    3.806040695703   0.000000000000   0.000000000000 Bohr

nuclear repulsion = 659.979303059088
number of shells = 55
number of NR pGTOs = 439
number of NR cGTOs = 223
basis = aug-cc-pvtz
ecp = {}
CPU time:    221545.80


******** <class 'pyscf.dft.rks.RKS'> flags ********
method = RKS-RHF
initial guess = minao
damping factor = 0
level shift factor = 0
DIIS = <class 'pyscf.scf.diis.CDIIS'>
DIIS start cycle = 1
DIIS space = 8
SCF tol = 1e-09
SCF gradient tol = None
max. SCF cycles = 120
direct_scf = True
direct_scf_tol = 1e-13
chkfile to save SCF result = bse3_-3.chk
max_memory 10000 MB (current use 226 MB)
XC functionals = m06-l
small_rho_cutoff = 1e-07
radial grids: 
    Treutler-Ahlrichs (JCP 102, 346 (M4)) radial grids
    
becke partition: Becke, JCP, 88, 2547 (1988)
pruning grids: <function nwchem_prune at 0x2b99180735f0>
grids dens level: 4
symmetrized grids: 0
atomic radii adjust function: <function treutler_atomic_radii_adjust at 0x2b9918073500>
Set gradient conv threshold to 3.16228e-05
tot grids = 119862
init E= -7226.98793004077
  HOMO = -0.22080619582332  LUMO = -0.0975581941618962
cycle= 1 E= -7228.98601014788  delta_E=   -2  |g|= 0.635  |ddm|= 3.36
  HOMO = 0.364749686019184  LUMO = 0.376792885045931
cycle= 2 E= -7217.83664669698  delta_E= 11.1  |g|= 3.51  |ddm|=  634
  HOMO = 0.230528035762685  LUMO = 0.277617326888368
cycle= 3 E= -7229.20226836129  delta_E= -11.4  |g|= 0.226  |ddm|=  634

WARN: HOMO 0.301728853987001 == LUMO 0.301728855956484

cycle= 4 E= -7229.01270523961  delta_E= 0.19  |g|= 0.594  |ddm|=  337
  HOMO = 0.266703948678983  LUMO = 0.28069427648051
cycle= 5 E= -7229.22856434786  delta_E= -0.216  |g|= 0.0866  |ddm|=  336
  HOMO = 0.275972933261785  LUMO = 0.292424672822219
cycle= 6 E= -7229.23461127417  delta_E= -0.00605  |g|= 0.0513  |ddm|= 0.985
  HOMO = 0.280200540302953  LUMO = 0.299180228699534
cycle= 7 E= -7229.23799764312  delta_E= -0.00339  |g|= 0.0227  |ddm|= 0.852
  HOMO = 0.279060295737099  LUMO = 0.299528470686171
cycle= 8 E= -7229.23922250414  delta_E= -0.00122  |g|= 0.0201  |ddm|= 0.865
  HOMO = 0.275928968488359  LUMO = 0.296792356364699
cycle= 9 E= -7229.23994760368  delta_E= -0.000725  |g|= 0.0231  |ddm|= 1.34
  HOMO = 0.278197186492129  LUMO = 0.298385847457475
cycle= 10 E= -7229.23952853422  delta_E= 0.000419  |g|= 0.0204  |ddm|= 0.756
  HOMO = 0.273118271905469  LUMO = 0.293074503865529
cycle= 11 E= -7229.24015979659  delta_E= -0.000631  |g|= 0.0269  |ddm|=  2.6
  HOMO = 0.269132819837007  LUMO = 0.286383560748299
cycle= 12 E= -7229.24044064063  delta_E= -0.000281  |g|= 0.0115  |ddm|= 2.03
  HOMO = 0.262767496884524  LUMO = 0.278099805207901
cycle= 13 E= -7229.24048314863  delta_E= -4.25e-05  |g|= 0.00555  |ddm|=  2.1
  HOMO = 0.25976601266535  LUMO = 0.275962725355154
cycle= 14 E= -7229.24051839842  delta_E= -3.52e-05  |g|= 0.00507  |ddm|= 0.819
  HOMO = 0.261514396154573  LUMO = 0.278536322182992
cycle= 15 E= -7229.24054458221  delta_E= -2.62e-05  |g|= 0.00482  |ddm|= 0.914
  HOMO = 0.262317778264492  LUMO = 0.279912085162071
cycle= 16 E= -7229.24056153214  delta_E= -1.69e-05  |g|= 0.00254  |ddm|= 0.417
  HOMO = 0.262511358668954  LUMO = 0.280392215085915
cycle= 17 E= -7229.24056980879  delta_E= -8.28e-06  |g|= 0.00131  |ddm|= 0.241
  HOMO = 0.262939825320822  LUMO = 0.281058530057094
cycle= 18 E= -7229.24057043758  delta_E= -6.29e-07  |g|= 0.000843  |ddm|= 0.247
  HOMO = 0.26271978087905  LUMO = 0.280530272294978
cycle= 19 E= -7229.24057569587  delta_E= -5.26e-06  |g|= 0.00118  |ddm|= 0.348
  HOMO = 0.262728209107717  LUMO = 0.280504829828249
cycle= 20 E= -7229.24057652576  delta_E= -8.3e-07  |g|= 0.00122  |ddm|= 0.049
  HOMO = 0.262885952482939  LUMO = 0.280784449654979
cycle= 21 E= -7229.2405739764  delta_E= 2.55e-06  |g|= 0.00144  |ddm|= 0.126
  HOMO = 0.26273080332287  LUMO = 0.280637326148479
cycle= 22 E= -7229.24057274964  delta_E= 1.23e-06  |g|= 0.00113  |ddm|= 0.102
  HOMO = 0.262821171250693  LUMO = 0.280930393192556
cycle= 23 E= -7229.24056922119  delta_E= 3.53e-06  |g|= 0.00122  |ddm|= 0.212
  HOMO = 0.262756361059359  LUMO = 0.281062962243695
cycle= 24 E= -7229.24056555266  delta_E= 3.67e-06  |g|= 0.00095  |ddm|= 0.254
  HOMO = 0.262843081646931  LUMO = 0.281168632852249
cycle= 25 E= -7229.24056706099  delta_E= -1.51e-06  |g|= 0.00119  |ddm|= 0.111
  HOMO = 0.26284777215026  LUMO = 0.282146394466977
cycle= 26 E= -7229.24055434499  delta_E= 1.27e-05  |g|= 0.00112  |ddm|= 1.01
  HOMO = 0.262769128924537  LUMO = 0.283219622540073
cycle= 27 E= -7229.24054173246  delta_E= 1.26e-05  |g|= 0.0022  |ddm|= 1.33
  HOMO = 0.262790280841236  LUMO = 0.283208180258185
cycle= 28 E= -7229.24054021013  delta_E= 1.52e-06  |g|= 0.00248  |ddm|= 0.0482
  HOMO = 0.26272998989897  LUMO = 0.283025611766657
cycle= 29 E= -7229.24054250102  delta_E= -2.29e-06  |g|= 0.00212  |ddm|= 0.714
  HOMO = 0.262706376797863  LUMO = 0.282177243367135
cycle= 30 E= -7229.2405481625  delta_E= -5.66e-06  |g|= 0.00161  |ddm|= 0.741
  HOMO = 0.262653140828273  LUMO = 0.281910292329993
cycle= 31 E= -7229.24054809375  delta_E= 6.87e-08  |g|= 0.00124  |ddm|= 0.361
  HOMO = 0.262689873964287  LUMO = 0.28201743433508
cycle= 32 E= -7229.24054926793  delta_E= -1.17e-06  |g|= 0.000625  |ddm|= 0.0366
  HOMO = 0.262714006865201  LUMO = 0.282225811359668
cycle= 33 E= -7229.24054888502  delta_E= 3.83e-07  |g|= 0.00045  |ddm|= 0.177
  HOMO = 0.262726262339593  LUMO = 0.282459062884714
cycle= 34 E= -7229.24054864686  delta_E= 2.38e-07  |g|= 0.000196  |ddm|= 0.188
  HOMO = 0.262733178666759  LUMO = 0.282707826870833
cycle= 35 E= -7229.24054837782  delta_E= 2.69e-07  |g|= 0.000137  |ddm|= 0.216
  HOMO = 0.262715901212245  LUMO = 0.282646626631515
cycle= 36 E= -7229.24054842951  delta_E= -5.17e-08  |g|= 8.79e-05  |ddm|= 0.0355
  HOMO = 0.262712359565735  LUMO = 0.282735274029177
cycle= 37 E= -7229.24054834214  delta_E= 8.74e-08  |g|= 9.91e-05  |ddm|= 0.101
  HOMO = 0.26269590723775  LUMO = 0.282817372011363
cycle= 38 E= -7229.24054831125  delta_E= 3.09e-08  |g|= 5.58e-05  |ddm|= 0.116
  HOMO = 0.262695268525531  LUMO = 0.282788795980721
cycle= 39 E= -7229.24054831534  delta_E= -4.09e-09  |g|= 1.16e-05  |ddm|= 0.0263
  HOMO = 0.262695054242829  LUMO = 0.282812837213236
cycle= 40 E= -7229.24054831406  delta_E= 1.28e-09  |g|= 5.36e-06  |ddm|= 0.0292
  HOMO = 0.262695171862888  LUMO = 0.282809369761609
cycle= 41 E= -7229.24054831405  delta_E= 5.46e-12  |g|= 5.95e-06  |ddm|= 0.00334
  HOMO = 0.26269596312028  LUMO = 0.282810255430919
Extra cycle  E= -7229.24054831406  delta_E= -4.55e-12  |g|= 1.41e-05  |ddm|= 0.00116
converged SCF energy = -7229.24054831406
Electronic spatial extent <R**2> (au): 1767.5224
* Multipoles in the independent field-basis, Gauge -> (0,0,0)
Electronic Dipole moment(X, Y, Z, Debye): 0.1029, -0.0017, -0.0000
Nuclear Dipole moment(X, Y, Z, Debye): 0.0644, 0.0000, 0.0000
Total Dipole moment(X, Y, Z, Debye): -0.0385, 0.0017, 0.0000
Quadrupole moments (Debye-Angs)
Total Quadrupole moments (XX, YY, ZZ): -146.0703, -146.5573, -96.8307
Total Quadrupole moments (XY, XZ, YZ): 0.0129, -0.0000, 0.0000
Octupole moments (Debye-Angs**2)
Total Octupole moments (XXX, YYY, ZZZ, XYY): -22.8173, 0.0052, 0.0000, 21.8048
Total Octupole moments (XXY, XXZ, XZZ, YZZ): 0.0431, 0.0000, -0.1469, 0.0065
Total Octupole moments (YYZ, XYZ): 0.0000, 0.0000
Hexadecapole moments (Debye-Angs**3)
Total Hexadecapole moments (XXXX, YYYY, ZZZZ, XXXY): -1913.1577, -1931.4175, -358.5293, 0.3053
Total Hexadecapole moments (XXXZ, YYYX, YYYZ, ZZZX): -0.0000, 0.1591, 0.0000, -0.0000
Total Hexadecapole moments (ZZZY, XXYY, XXZZ, YYZZ): 0.0000, -638.9561, -363.1458, -365.4876
Total Hexadecapole moments (XXYZ, YYXZ, ZZXY): 0.0000, -0.0000, 0.0577
