#INFO: **** input file is /home/jluis/src/git/db/molecules-wfn/m06-l/run_sp.py ****
#!/usr/bin/env python

import numpy, sys, os
from pyscf import lib, gto, scf, dft
from pyscf.tools import molden
from pyscf.data import radii

def read_molecule(path):

    charge = spin = 0
    with open(path, 'r') as myfile:
        output = myfile.read()
        output = output.lstrip()
        output = output.rstrip()
        output = output.split('\n')

    try:
        int(output[0])
    except ValueError:
        try:
            charge = int(output[0].split(' ')[0])
            spin = int(output[0].split(' ')[1]) - 1
        except ValueError:
            molecule = output
        else:
            molecule = '\n'.join(output[1:])
    else:
        if int(output[0]) == len(output) - 2:
            molecule = '\n'.join(output[2:])
            try:
                charge = int(output[1].split(' ')[0])
                spin = int(output[1].split(' ')[1])-1
            except ValueError:
                pass
        else:
            print "THIS IS NOT A VALID XYZ FILE"

    return (molecule, charge, spin)

directory = '../../molecules/'
files = [i for i in os.listdir(directory) if i.endswith('.xyz')]

for filename in files:

    name = filename[:-8]
    mol = gto.Mole()
    (mol.atom, charge, spin) = read_molecule(directory+filename)
    mol.basis = 'aug-cc-pvtz'
    mol.charge = charge
    mol.spin = spin
    mol.output = name+'.out'
    mol.symmetry = 0
    mol.max_memory = 10000
    mol.verbose = 4
    mol.build()

    mf = dft.RKS(mol) 
    mf.grids.level = 4
    mf.xc = 'm06-l'
    mf = scf.addons.remove_linear_dep_(mf)
    mf.max_cycle = 120
    mf.chkfile = name+'.chk'
    mf.kernel()

    dm = mf.make_rdm1()
    nao = mol.nao_nr()
    unit = 2.541746
    origin = ([0.0,0.0,0.0])
    charges = mol.atom_charges()
    coords  = mol.atom_coords()
    mol.set_common_orig(origin)
    r2 = mol.intor_symmetric('int1e_r2')
    r2 = numpy.einsum('ij,ji->', r2, dm)
    lib.logger.info(mf,'Electronic spatial extent <R**2> (au): %.4f', r2)

    lib.logger.info(mf,'* Multipoles in the independent field-basis, Gauge -> (0,0,0)')
    ao_dip = mol.intor_symmetric('int1e_r', comp=3)
    el_dip = numpy.einsum('xij,ji->x', ao_dip, dm)
    lib.logger.info(mf,'Electronic Dipole moment(X, Y, Z, Debye): %.4f, %.4f, %.4f', *el_dip*unit)
    nucl_dip = numpy.einsum('i,ix->x', charges, coords)
    lib.logger.info(mf,'Nuclear Dipole moment(X, Y, Z, Debye): %.4f, %.4f, %.4f', *nucl_dip*unit)
    mol_dip = (nucl_dip - el_dip) * unit
    lib.logger.info(mf,'Total Dipole moment(X, Y, Z, Debye): %.4f, %.4f, %.4f', *mol_dip)

    lib.logger.info(mf,'Quadrupole moments (Debye-Angs)')
    rr = mol.intor_symmetric('int1e_rr', comp=9).reshape(3,3,nao,nao)
    rr = -1.0*numpy.einsum('xyij,ji->xy', rr, dm)
    rr += numpy.einsum('z,zx,zy->xy', charges, coords, coords)
    rr = rr*unit*lib.param.BOHR
    lib.logger.info(mf,'Total Quadrupole moments (XX, YY, ZZ): %.4f, %.4f, %.4f', \
    rr[0,0], rr[1,1], rr[2,2])
    lib.logger.info(mf,'Total Quadrupole moments (XY, XZ, YZ): %.4f, %.4f, %.4f', \
    rr[0,1], rr[0,2], rr[1,2])
 
    lib.logger.info(mf,'Octupole moments (Debye-Angs**2)')
    rrr = mol.intor_symmetric('int1e_rrr', comp=27).reshape(3,3,3,nao,nao)
    rrr = -1.0*numpy.einsum('xyzij,ji->xyz', rrr, dm)
    rrr += numpy.einsum('z,zx,zy,zk->xyk', charges, coords, coords, coords)
    rrr = rrr*unit*lib.param.BOHR**2
    lib.logger.info(mf,'Total Octupole moments (XXX, YYY, ZZZ, XYY): %.4f, %.4f, %.4f, %.4f', \
    rrr[0,0,0], rrr[1,1,1], rrr[2,2,2], rrr[0,1,1])
    lib.logger.info(mf,'Total Octupole moments (XXY, XXZ, XZZ, YZZ): %.4f, %.4f, %.4f, %.4f', \
    rrr[0,0,1], rrr[0,0,2], rrr[0,2,2], rrr[1,2,2])
    lib.logger.info(mf,'Total Octupole moments (YYZ, XYZ): %.4f, %.4f', rrr[1,1,2], rrr[0,1,2])

    lib.logger.info(mf,'Hexadecapole moments (Debye-Angs**3)')
    rrrr = mol.intor_symmetric('int1e_rrrr', comp=81).reshape(3,3,3,3,nao,nao)
    rrrr = -1.0*numpy.einsum('xyzwij,ji->xyzw', rrrr, dm)
    rrrr += numpy.einsum('z,zx,zy,zk,zw->xykw', charges, coords, coords, coords, coords)
    rrrr = rrrr*unit*lib.param.BOHR**3
    lib.logger.info(mf,'Total Hexadecapole moments (XXXX, YYYY, ZZZZ, XXXY): %.4f, %.4f, %.4f, %.4f', \
    rrrr[0,0,0,0], rrrr[1,1,1,1], rrrr[2,2,2,2], rrrr[0,0,0,1])
    lib.logger.info(mf,'Total Hexadecapole moments (XXXZ, YYYX, YYYZ, ZZZX): %.4f, %.4f, %.4f, %.4f', \
    rrrr[0,0,0,2], rrrr[1,1,1,0], rrrr[1,1,1,2], rrrr[2,2,2,0])
    lib.logger.info(mf,'Total Hexadecapole moments (ZZZY, XXYY, XXZZ, YYZZ): %.4f, %.4f, %.4f, %.4f', \
    rrrr[2,2,2,1], rrrr[0,0,1,1], rrrr[0,0,2,2], rrrr[1,1,2,2])
    lib.logger.info(mf,'Total Hexadecapole moments (XXYZ, YYXZ, ZZXY): %.4f, %.4f, %.4f', \
    rrrr[0,0,1,2], rrrr[1,1,0,2], rrrr[2,2,0,1])
     
    coeff = mf.mo_coeff[:,mf.mo_occ>0]
    occ = mf.mo_occ[mf.mo_occ>0]
    energy = mf.mo_energy[mf.mo_occ>0]
    den_file = name+'.mol'
    fspt = open(den_file,'w')
    molden.header(mol, fspt)
    molden.orbital_coeff(mol, fspt, coeff, ene=energy, occ=occ) 
    fspt.close()                    
    cmd = '/home/jluis/bin/molden2aim '+name
    os.system(cmd)
    den_file = name+'.wfn'
    fspt = open(den_file,'a')
    fspt.write('RHF\n')
    fspt.close()                    

    pmd_file = name+'.pmd'
    fspt = open(pmd_file,'w')
    fspt.write('%s.wfn\n' % (name))
    if (mol.symmetry == False):
        fspt.write('nosymmetry\n')
    fspt.write('tes\n')
    fspt.write('  epsiscp 0.220\n')
    fspt.write('  radialquad 7\n')
    fspt.write('  rmapping 2\n')
    fspt.write('  lmax 10\n')
    fspt.write('  nr 551\n')
    fspt.write('  lebedev 5810\n')
    fspt.write('  betasphere\n')
    for ia in range(mol.natm):
        symb = mol.atom_pure_symbol(ia)
        inuc = lib.parameters.NUC[symb]
        betarad = radii.COVALENT[inuc]/3.5
        fspt.write('  betaradw %d %1.3f\n' % ((ia+1),betarad))
    fspt.write('  radialquadbeta 7\n')
    fspt.write('  rmappingbeta 3\n')
    fspt.write('  lmaxbeta 8\n')
    fspt.write('  nrb 451\n')
    fspt.write('  lebedevbeta 3074\n')
    fspt.write('  dafh\n')
    fspt.write('endtes')
    fspt.close()                    

    cmd = 'rm '+name+'.mol'
    os.system(cmd)

#INFO: ******************** input file end ********************


System: ('Linux', 'silicio', '3.16.0-4-amd64', '#1 SMP Debian 3.16.51-3 (2017-12-13)', 'x86_64', '')  Threads 12
Python 2.7.14 (default, Apr  9 2018, 16:34:43) 
[GCC 7.3.0]
numpy 1.14.2  scipy 1.0.1
Date: Thu Jun 28 20:17:28 2018
PySCF version 1.5
PySCF path  /home/jluis/src/pyscf/pyscf
GIT ORIG_HEAD f2dbb26d09ae5148fbf5975669a994500ac7a4c9
GIT HEAD      ref: refs/heads/master
GIT master branch  f2dbb26d09ae5148fbf5975669a994500ac7a4c9

[ENV] PYSCF_TMPDIR /scratch-ssd/jluis
[CONFIG] conf_file None
[INPUT] verbose = 4
[INPUT] num. atoms = 9
[INPUT] num. electrons = 32
[INPUT] charge = 0
[INPUT] spin (= nelec alpha-beta = 2S) = 0
[INPUT] symmetry 0 subgroup None
[INPUT] Mole.unit = angstrom
[INPUT]  1 H      1.169889000000  -1.730449000000   0.000000000000 AA    2.210769806141  -3.270074682527   0.000000000000 Bohr
[INPUT]  2 H      2.034693000000  -0.223600000000   0.000000000000 AA    3.845012517570  -0.422542761453   0.000000000000 Bohr
[INPUT]  3 H     -2.124309000000  -0.151165000000   0.000000000000 AA   -4.014362213949  -0.285660449620   0.000000000000 Bohr
[INPUT]  4 H     -1.308774000000  -1.473173000000   0.888879000000 AA   -2.473224418952  -2.783893504104   1.679737867877 Bohr
[INPUT]  5 H     -1.308774000000  -1.473173000000  -0.888879000000 AA   -2.473224418952  -2.783893504104  -1.679737867877 Bohr
[INPUT]  6 C      0.000702000000  -0.004531000000   0.000000000000 AA    0.001326587739  -0.008562349070   0.000000000000 Bohr
[INPUT]  7 C     -1.266412000000  -0.828488000000   0.000000000000 AA   -2.393171840863  -1.565615417489   0.000000000000 Bohr
[INPUT]  8 O      0.001901000000   1.215342000000   0.000000000000 AA    0.003592369363   2.296663527681   0.000000000000 Bohr
[INPUT]  9 N      1.159578000000  -0.724187000000   0.000000000000 AA    2.191284840071  -1.368515092970   0.000000000000 Bohr

nuclear repulsion = 121.669167836476
number of shells = 97
number of NR pGTOs = 357
number of NR cGTOs = 299
basis = aug-cc-pvtz
ecp = {}
CPU time:    158144.90


******** <class 'pyscf.dft.rks.RKS'> flags ********
method = RKS-RHF
initial guess = minao
damping factor = 0
level shift factor = 0
DIIS = <class 'pyscf.scf.diis.CDIIS'>
DIIS start cycle = 1
DIIS space = 8
SCF tol = 1e-09
SCF gradient tol = None
max. SCF cycles = 120
direct_scf = True
direct_scf_tol = 1e-13
chkfile to save SCF result = c2h5no.chk
max_memory 10000 MB (current use 231 MB)
XC functionals = m06-l
small_rho_cutoff = 1e-07
radial grids: 
    Treutler-Ahlrichs (JCP 102, 346 (M4)) radial grids
    
becke partition: Becke, JCP, 88, 2547 (1988)
pruning grids: <function nwchem_prune at 0x2b99180735f0>
grids dens level: 4
symmetrized grids: 0
atomic radii adjust function: <function treutler_atomic_radii_adjust at 0x2b9918073500>
Set gradient conv threshold to 3.16228e-05
tot grids = 193788
init E= -209.61734886601
  HOMO = -0.333725117519358  LUMO = -0.10099020629534
cycle= 1 E= -209.088309165455  delta_E= 0.529  |g|= 0.899  |ddm|= 4.41
  HOMO = -0.0356628277670407  LUMO = -0.00813338121691995
cycle= 2 E= -206.626368271972  delta_E= 2.46  |g|=  2.7  |ddm|= 15.7
  HOMO = -0.259353786312348  LUMO = -0.0297690249478985
cycle= 3 E= -209.214077752916  delta_E= -2.59  |g|= 0.463  |ddm|= 15.4
  HOMO = -0.227828701159319  LUMO = -0.0254137573386997
cycle= 4 E= -209.260642422233  delta_E= -0.0466  |g|= 0.172  |ddm|= 0.606
  HOMO = -0.215528796128207  LUMO = -0.0207668839548857
cycle= 5 E= -209.265262323853  delta_E= -0.00462  |g|= 0.0755  |ddm|= 0.575
  HOMO = -0.218828661150741  LUMO = -0.0204834855493621
cycle= 6 E= -209.266357706416  delta_E= -0.0011  |g|= 0.0126  |ddm|= 0.152
  HOMO = -0.218256866594569  LUMO = -0.0204523010881588
cycle= 7 E= -209.266394724472  delta_E= -3.7e-05  |g|= 0.00354  |ddm|= 0.063
  HOMO = -0.218914205918466  LUMO = -0.020685136406382
cycle= 8 E= -209.266397091976  delta_E= -2.37e-06  |g|= 0.0011  |ddm|= 0.0255
  HOMO = -0.219020995827477  LUMO = -0.0207414714416663
cycle= 9 E= -209.266397291922  delta_E= -2e-07  |g|= 0.000704  |ddm|= 0.00925
  HOMO = -0.219032876023989  LUMO = -0.0207511223352347
cycle= 10 E= -209.266397391402  delta_E= -9.95e-08  |g|= 0.000132  |ddm|= 0.00251
  HOMO = -0.219049102456035  LUMO = -0.0207572185093032
cycle= 11 E= -209.266397396117  delta_E= -4.72e-09  |g|= 1.97e-05  |ddm|= 0.00137
  HOMO = -0.219051005203688  LUMO = -0.0207579275951898
cycle= 12 E= -209.266397396209  delta_E= -9.21e-11  |g|= 5.02e-06  |ddm|= 0.000159
  HOMO = -0.21905125611621  LUMO = -0.0207578256799499
Extra cycle  E= -209.266397396211  delta_E= -1.36e-12  |g|= 5.56e-06  |ddm|= 5.68e-05
converged SCF energy = -209.266397396211
Electronic spatial extent <R**2> (au): 270.3616
* Multipoles in the independent field-basis, Gauge -> (0,0,0)
Electronic Dipole moment(X, Y, Z, Debye): -5.5864, -22.1841, 0.0000
Nuclear Dipole moment(X, Y, Z, Debye): -4.7998, -25.9193, 0.0000
Total Dipole moment(X, Y, Z, Debye): 0.7866, -3.7352, -0.0000
Quadrupole moments (Debye-Angs)
Total Quadrupole moments (XX, YY, ZZ): -19.9313, -25.5231, -24.8292
Total Quadrupole moments (XY, XZ, YZ): -0.6889, -0.0000, 0.0000
Octupole moments (Debye-Angs**2)
Total Octupole moments (XXX, YYY, ZZZ, XYY): 12.9714, 3.2553, -0.0000, 4.2786
Total Octupole moments (XXY, XXZ, XZZ, YZZ): 3.5590, -0.0000, 0.0164, 4.8010
Total Octupole moments (YYZ, XYZ): -0.0000, -0.0000
Hexadecapole moments (Debye-Angs**3)
Total Hexadecapole moments (XXXX, YYYY, ZZZZ, XXXY): -146.1610, -136.6446, -30.5301, -11.4600
Total Hexadecapole moments (XXXZ, YYYX, YYYZ, ZZZX): -0.0000, -14.4150, 0.0000, 0.0000
Total Hexadecapole moments (ZZZY, XXYY, XXZZ, YYZZ): 0.0000, -50.1520, -35.4871, -28.3402
Total Hexadecapole moments (XXYZ, YYXZ, ZZXY): -0.0000, 0.0000, -0.1237
