#INFO: **** input file is /home/jluis/src/git/db/molecules-wfn/m06-l/run_sp.py ****
#!/usr/bin/env python

import numpy, sys, os
from pyscf import lib, gto, scf, dft
from pyscf.tools import molden
from pyscf.data import radii

def read_molecule(path):

    charge = spin = 0
    with open(path, 'r') as myfile:
        output = myfile.read()
        output = output.lstrip()
        output = output.rstrip()
        output = output.split('\n')

    try:
        int(output[0])
    except ValueError:
        try:
            charge = int(output[0].split(' ')[0])
            spin = int(output[0].split(' ')[1]) - 1
        except ValueError:
            molecule = output
        else:
            molecule = '\n'.join(output[1:])
    else:
        if int(output[0]) == len(output) - 2:
            molecule = '\n'.join(output[2:])
            try:
                charge = int(output[1].split(' ')[0])
                spin = int(output[1].split(' ')[1])-1
            except ValueError:
                pass
        else:
            print "THIS IS NOT A VALID XYZ FILE"

    return (molecule, charge, spin)

directory = '../../molecules/'
files = [i for i in os.listdir(directory) if i.endswith('.xyz')]

for filename in files:

    name = filename[:-8]
    mol = gto.Mole()
    (mol.atom, charge, spin) = read_molecule(directory+filename)
    mol.basis = 'aug-cc-pvtz'
    mol.charge = charge
    mol.spin = spin
    mol.output = name+'.out'
    mol.symmetry = 0
    mol.max_memory = 10000
    mol.verbose = 4
    mol.build()

    mf = dft.RKS(mol) 
    mf.grids.level = 4
    mf.xc = 'm06-l'
    mf = scf.addons.remove_linear_dep_(mf)
    mf.max_cycle = 120
    mf.chkfile = name+'.chk'
    mf.kernel()

    dm = mf.make_rdm1()
    nao = mol.nao_nr()
    unit = 2.541746
    origin = ([0.0,0.0,0.0])
    charges = mol.atom_charges()
    coords  = mol.atom_coords()
    mol.set_common_orig(origin)
    r2 = mol.intor_symmetric('int1e_r2')
    r2 = numpy.einsum('ij,ji->', r2, dm)
    lib.logger.info(mf,'Electronic spatial extent <R**2> (au): %.4f', r2)

    lib.logger.info(mf,'* Multipoles in the independent field-basis, Gauge -> (0,0,0)')
    ao_dip = mol.intor_symmetric('int1e_r', comp=3)
    el_dip = numpy.einsum('xij,ji->x', ao_dip, dm)
    lib.logger.info(mf,'Electronic Dipole moment(X, Y, Z, Debye): %.4f, %.4f, %.4f', *el_dip*unit)
    nucl_dip = numpy.einsum('i,ix->x', charges, coords)
    lib.logger.info(mf,'Nuclear Dipole moment(X, Y, Z, Debye): %.4f, %.4f, %.4f', *nucl_dip*unit)
    mol_dip = (nucl_dip - el_dip) * unit
    lib.logger.info(mf,'Total Dipole moment(X, Y, Z, Debye): %.4f, %.4f, %.4f', *mol_dip)

    lib.logger.info(mf,'Quadrupole moments (Debye-Angs)')
    rr = mol.intor_symmetric('int1e_rr', comp=9).reshape(3,3,nao,nao)
    rr = -1.0*numpy.einsum('xyij,ji->xy', rr, dm)
    rr += numpy.einsum('z,zx,zy->xy', charges, coords, coords)
    rr = rr*unit*lib.param.BOHR
    lib.logger.info(mf,'Total Quadrupole moments (XX, YY, ZZ): %.4f, %.4f, %.4f', \
    rr[0,0], rr[1,1], rr[2,2])
    lib.logger.info(mf,'Total Quadrupole moments (XY, XZ, YZ): %.4f, %.4f, %.4f', \
    rr[0,1], rr[0,2], rr[1,2])
 
    lib.logger.info(mf,'Octupole moments (Debye-Angs**2)')
    rrr = mol.intor_symmetric('int1e_rrr', comp=27).reshape(3,3,3,nao,nao)
    rrr = -1.0*numpy.einsum('xyzij,ji->xyz', rrr, dm)
    rrr += numpy.einsum('z,zx,zy,zk->xyk', charges, coords, coords, coords)
    rrr = rrr*unit*lib.param.BOHR**2
    lib.logger.info(mf,'Total Octupole moments (XXX, YYY, ZZZ, XYY): %.4f, %.4f, %.4f, %.4f', \
    rrr[0,0,0], rrr[1,1,1], rrr[2,2,2], rrr[0,1,1])
    lib.logger.info(mf,'Total Octupole moments (XXY, XXZ, XZZ, YZZ): %.4f, %.4f, %.4f, %.4f', \
    rrr[0,0,1], rrr[0,0,2], rrr[0,2,2], rrr[1,2,2])
    lib.logger.info(mf,'Total Octupole moments (YYZ, XYZ): %.4f, %.4f', rrr[1,1,2], rrr[0,1,2])

    lib.logger.info(mf,'Hexadecapole moments (Debye-Angs**3)')
    rrrr = mol.intor_symmetric('int1e_rrrr', comp=81).reshape(3,3,3,3,nao,nao)
    rrrr = -1.0*numpy.einsum('xyzwij,ji->xyzw', rrrr, dm)
    rrrr += numpy.einsum('z,zx,zy,zk,zw->xykw', charges, coords, coords, coords, coords)
    rrrr = rrrr*unit*lib.param.BOHR**3
    lib.logger.info(mf,'Total Hexadecapole moments (XXXX, YYYY, ZZZZ, XXXY): %.4f, %.4f, %.4f, %.4f', \
    rrrr[0,0,0,0], rrrr[1,1,1,1], rrrr[2,2,2,2], rrrr[0,0,0,1])
    lib.logger.info(mf,'Total Hexadecapole moments (XXXZ, YYYX, YYYZ, ZZZX): %.4f, %.4f, %.4f, %.4f', \
    rrrr[0,0,0,2], rrrr[1,1,1,0], rrrr[1,1,1,2], rrrr[2,2,2,0])
    lib.logger.info(mf,'Total Hexadecapole moments (ZZZY, XXYY, XXZZ, YYZZ): %.4f, %.4f, %.4f, %.4f', \
    rrrr[2,2,2,1], rrrr[0,0,1,1], rrrr[0,0,2,2], rrrr[1,1,2,2])
    lib.logger.info(mf,'Total Hexadecapole moments (XXYZ, YYXZ, ZZXY): %.4f, %.4f, %.4f', \
    rrrr[0,0,1,2], rrrr[1,1,0,2], rrrr[2,2,0,1])
     
    coeff = mf.mo_coeff[:,mf.mo_occ>0]
    occ = mf.mo_occ[mf.mo_occ>0]
    energy = mf.mo_energy[mf.mo_occ>0]
    den_file = name+'.mol'
    fspt = open(den_file,'w')
    molden.header(mol, fspt)
    molden.orbital_coeff(mol, fspt, coeff, ene=energy, occ=occ) 
    fspt.close()                    
    cmd = '/home/jluis/bin/molden2aim '+name
    os.system(cmd)
    den_file = name+'.wfn'
    fspt = open(den_file,'a')
    fspt.write('RHF\n')
    fspt.close()                    

    pmd_file = name+'.pmd'
    fspt = open(pmd_file,'w')
    fspt.write('%s.wfn\n' % (name))
    if (mol.symmetry == False):
        fspt.write('nosymmetry\n')
    fspt.write('tes\n')
    fspt.write('  epsiscp 0.220\n')
    fspt.write('  radialquad 7\n')
    fspt.write('  rmapping 2\n')
    fspt.write('  lmax 10\n')
    fspt.write('  nr 551\n')
    fspt.write('  lebedev 5810\n')
    fspt.write('  betasphere\n')
    for ia in range(mol.natm):
        symb = mol.atom_pure_symbol(ia)
        inuc = lib.parameters.NUC[symb]
        betarad = radii.COVALENT[inuc]/3.5
        fspt.write('  betaradw %d %1.3f\n' % ((ia+1),betarad))
    fspt.write('  radialquadbeta 7\n')
    fspt.write('  rmappingbeta 3\n')
    fspt.write('  lmaxbeta 8\n')
    fspt.write('  nrb 451\n')
    fspt.write('  lebedevbeta 3074\n')
    fspt.write('  dafh\n')
    fspt.write('endtes')
    fspt.close()                    

    cmd = 'rm '+name+'.mol'
    os.system(cmd)

#INFO: ******************** input file end ********************


System: ('Linux', 'silicio', '3.16.0-4-amd64', '#1 SMP Debian 3.16.51-3 (2017-12-13)', 'x86_64', '')  Threads 12
Python 2.7.14 (default, Apr  9 2018, 16:34:43) 
[GCC 7.3.0]
numpy 1.14.2  scipy 1.0.1
Date: Thu Jun 28 17:54:06 2018
PySCF version 1.5
PySCF path  /home/jluis/src/pyscf/pyscf
GIT ORIG_HEAD f2dbb26d09ae5148fbf5975669a994500ac7a4c9
GIT HEAD      ref: refs/heads/master
GIT master branch  f2dbb26d09ae5148fbf5975669a994500ac7a4c9

[ENV] PYSCF_TMPDIR /scratch-ssd/jluis
[CONFIG] conf_file None
[INPUT] verbose = 4
[INPUT] num. atoms = 11
[INPUT] num. electrons = 26
[INPUT] charge = 0
[INPUT] spin (= nelec alpha-beta = 2S) = 0
[INPUT] symmetry 0 subgroup None
[INPUT] Mole.unit = angstrom
[INPUT]  1 C      0.000000000000   0.000000000000   0.584398000000 AA    0.000000000000   0.000000000000   1.104352167744 Bohr
[INPUT]  2 C      0.000000000000   1.269211000000  -0.258465000000 AA    0.000000000000   2.398461184285  -0.488428062786 Bohr
[INPUT]  3 C      0.000000000000  -1.269211000000  -0.258465000000 AA    0.000000000000  -2.398461184285  -0.488428062786 Bohr
[INPUT]  4 H     -0.880298000000   0.000000000000   1.245742000000 AA   -1.663522128002   0.000000000000   2.354111201868 Bohr
[INPUT]  5 H      0.880298000000   0.000000000000   1.245742000000 AA    1.663522128002   0.000000000000   2.354111201868 Bohr
[INPUT]  6 H      0.000000000000   2.171849000000   0.368177000000 AA    0.000000000000   4.104199793911   0.695753695364 Bohr
[INPUT]  7 H      0.000000000000  -2.171849000000   0.368177000000 AA    0.000000000000  -4.104199793911   0.695753695364 Bohr
[INPUT]  8 H      0.887325000000   1.310464000000  -0.907539000000 AA    1.676801233480   2.476418056102  -1.715000157362 Bohr
[INPUT]  9 H     -0.887325000000   1.310464000000  -0.907539000000 AA   -1.676801233480   2.476418056102  -1.715000157362 Bohr
[INPUT] 10 H     -0.887325000000  -1.310464000000  -0.907539000000 AA   -1.676801233480  -2.476418056102  -1.715000157362 Bohr
[INPUT] 11 H      0.887325000000  -1.310464000000  -0.907539000000 AA    1.676801233480  -2.476418056102  -1.715000157362 Bohr

nuclear repulsion = 82.4628661987744
number of shells = 111
number of NR pGTOs = 374
number of NR cGTOs = 322
basis = aug-cc-pvtz
ecp = {}
CPU time:     81351.68


******** <class 'pyscf.dft.rks.RKS'> flags ********
method = RKS-RHF
initial guess = minao
damping factor = 0
level shift factor = 0
DIIS = <class 'pyscf.scf.diis.CDIIS'>
DIIS start cycle = 1
DIIS space = 8
SCF tol = 1e-09
SCF gradient tol = None
max. SCF cycles = 120
direct_scf = True
direct_scf_tol = 1e-13
chkfile to save SCF result = c3h8.chk
max_memory 10000 MB (current use 210 MB)
XC functionals = m06-l
small_rho_cutoff = 1e-07
radial grids: 
    Treutler-Ahlrichs (JCP 102, 346 (M4)) radial grids
    
becke partition: Becke, JCP, 88, 2547 (1988)
pruning grids: <function nwchem_prune at 0x2b99180735f0>
grids dens level: 4
symmetrized grids: 0
atomic radii adjust function: <function treutler_atomic_radii_adjust at 0x2b9918073500>
Set gradient conv threshold to 3.16228e-05
tot grids = 213708
init E= -119.030759581783
  HOMO = -0.40807420529745  LUMO = -0.023124349897122
cycle= 1 E= -118.998131839897  delta_E= 0.0326  |g|= 0.797  |ddm|= 5.17
  HOMO = -0.14747675464914  LUMO = 0.0066647772282986
cycle= 2 E= -118.798797846188  delta_E= 0.199  |g|= 1.17  |ddm|= 4.06
  HOMO = -0.293585923551155  LUMO = -0.00193438195865192
cycle= 3 E= -119.162514732357  delta_E= -0.364  |g|= 0.0731  |ddm|= 2.29
  HOMO = -0.291590381962344  LUMO = -0.00501867002639675
cycle= 4 E= -119.163353464827  delta_E= -0.000839  |g|= 0.0323  |ddm|= 1.63
  HOMO = -0.292860283393171  LUMO = -0.00637189152840763
cycle= 5 E= -119.163577767453  delta_E= -0.000224  |g|= 0.00884  |ddm|= 0.51
  HOMO = -0.292753903270909  LUMO = -0.00676870393100652
cycle= 6 E= -119.163595025901  delta_E= -1.73e-05  |g|= 0.00189  |ddm|= 0.0573
  HOMO = -0.292926098963753  LUMO = -0.00685824091795393
cycle= 7 E= -119.163595932827  delta_E= -9.07e-07  |g|= 0.0005  |ddm|= 0.0122
  HOMO = -0.292956518099857  LUMO = -0.00687708106198831
cycle= 8 E= -119.163596004273  delta_E= -7.14e-08  |g|= 0.000101  |ddm|= 0.00694
  HOMO = -0.292957497386737  LUMO = -0.00687776629291484
cycle= 9 E= -119.16359600727  delta_E= -3e-09  |g|= 2.25e-05  |ddm|= 0.00211
  HOMO = -0.29295855230484  LUMO = -0.00687746471662973
cycle= 10 E= -119.163596007422  delta_E= -1.52e-10  |g|= 4.02e-06  |ddm|= 0.000488
  HOMO = -0.292958837579916  LUMO = -0.00687769622141261
Extra cycle  E= -119.163596007424  delta_E= -2.19e-12  |g|= 3.27e-06  |ddm|= 6.12e-05
converged SCF energy = -119.163596007424
Electronic spatial extent <R**2> (au): 226.5030
* Multipoles in the independent field-basis, Gauge -> (0,0,0)
Electronic Dipole moment(X, Y, Z, Debye): -0.0000, -0.0000, -0.0793
Nuclear Dipole moment(X, Y, Z, Debye): 0.0000, 0.0000, 0.0120
Total Dipole moment(X, Y, Z, Debye): 0.0000, 0.0000, 0.0912
Quadrupole moments (Debye-Angs)
Total Quadrupole moments (XX, YY, ZZ): -21.2755, -22.1229, -21.8005
Total Quadrupole moments (XY, XZ, YZ): 0.0000, 0.0000, -0.0000
Octupole moments (Debye-Angs**2)
Total Octupole moments (XXX, YYY, ZZZ, XYY): 0.0000, -0.0000, 0.3053, -0.0000
Total Octupole moments (XXY, XXZ, XZZ, YZZ): -0.0000, -0.4337, -0.0000, -0.0000
Total Octupole moments (YYZ, XYZ): 1.4695, 0.0000
Hexadecapole moments (Debye-Angs**3)
Total Hexadecapole moments (XXXX, YYYY, ZZZZ, XXXY): -43.4486, -201.9000, -71.1102, -0.0000
Total Hexadecapole moments (XXXZ, YYYX, YYYZ, ZZZX): 0.0000, 0.0000, -0.0000, 0.0000
Total Hexadecapole moments (ZZZY, XXYY, XXZZ, YYZZ): -0.0000, -41.7686, -17.1877, -44.9072
Total Hexadecapole moments (XXYZ, YYXZ, ZZXY): -0.0000, 0.0000, -0.0000
