#INFO: **** input file is /home/jluis/src/git/db/molecules-wfn/m06-l/run_sp.py ****
#!/usr/bin/env python

import numpy, sys, os
from pyscf import lib, gto, scf, dft
from pyscf.tools import molden
from pyscf.data import radii

def read_molecule(path):

    charge = spin = 0
    with open(path, 'r') as myfile:
        output = myfile.read()
        output = output.lstrip()
        output = output.rstrip()
        output = output.split('\n')

    try:
        int(output[0])
    except ValueError:
        try:
            charge = int(output[0].split(' ')[0])
            spin = int(output[0].split(' ')[1]) - 1
        except ValueError:
            molecule = output
        else:
            molecule = '\n'.join(output[1:])
    else:
        if int(output[0]) == len(output) - 2:
            molecule = '\n'.join(output[2:])
            try:
                charge = int(output[1].split(' ')[0])
                spin = int(output[1].split(' ')[1])-1
            except ValueError:
                pass
        else:
            print "THIS IS NOT A VALID XYZ FILE"

    return (molecule, charge, spin)

directory = '../../molecules/'
files = [i for i in os.listdir(directory) if i.endswith('.xyz')]

for filename in files:

    name = filename[:-8]
    mol = gto.Mole()
    (mol.atom, charge, spin) = read_molecule(directory+filename)
    mol.basis = 'aug-cc-pvtz'
    mol.charge = charge
    mol.spin = spin
    mol.output = name+'.out'
    mol.symmetry = 0
    mol.max_memory = 10000
    mol.verbose = 4
    mol.build()

    mf = dft.RKS(mol) 
    mf.grids.level = 4
    mf.xc = 'm06-l'
    mf = scf.addons.remove_linear_dep_(mf)
    mf.max_cycle = 120
    mf.chkfile = name+'.chk'
    mf.kernel()

    dm = mf.make_rdm1()
    nao = mol.nao_nr()
    unit = 2.541746
    origin = ([0.0,0.0,0.0])
    charges = mol.atom_charges()
    coords  = mol.atom_coords()
    mol.set_common_orig(origin)
    r2 = mol.intor_symmetric('int1e_r2')
    r2 = numpy.einsum('ij,ji->', r2, dm)
    lib.logger.info(mf,'Electronic spatial extent <R**2> (au): %.4f', r2)

    lib.logger.info(mf,'* Multipoles in the independent field-basis, Gauge -> (0,0,0)')
    ao_dip = mol.intor_symmetric('int1e_r', comp=3)
    el_dip = numpy.einsum('xij,ji->x', ao_dip, dm)
    lib.logger.info(mf,'Electronic Dipole moment(X, Y, Z, Debye): %.4f, %.4f, %.4f', *el_dip*unit)
    nucl_dip = numpy.einsum('i,ix->x', charges, coords)
    lib.logger.info(mf,'Nuclear Dipole moment(X, Y, Z, Debye): %.4f, %.4f, %.4f', *nucl_dip*unit)
    mol_dip = (nucl_dip - el_dip) * unit
    lib.logger.info(mf,'Total Dipole moment(X, Y, Z, Debye): %.4f, %.4f, %.4f', *mol_dip)

    lib.logger.info(mf,'Quadrupole moments (Debye-Angs)')
    rr = mol.intor_symmetric('int1e_rr', comp=9).reshape(3,3,nao,nao)
    rr = -1.0*numpy.einsum('xyij,ji->xy', rr, dm)
    rr += numpy.einsum('z,zx,zy->xy', charges, coords, coords)
    rr = rr*unit*lib.param.BOHR
    lib.logger.info(mf,'Total Quadrupole moments (XX, YY, ZZ): %.4f, %.4f, %.4f', \
    rr[0,0], rr[1,1], rr[2,2])
    lib.logger.info(mf,'Total Quadrupole moments (XY, XZ, YZ): %.4f, %.4f, %.4f', \
    rr[0,1], rr[0,2], rr[1,2])
 
    lib.logger.info(mf,'Octupole moments (Debye-Angs**2)')
    rrr = mol.intor_symmetric('int1e_rrr', comp=27).reshape(3,3,3,nao,nao)
    rrr = -1.0*numpy.einsum('xyzij,ji->xyz', rrr, dm)
    rrr += numpy.einsum('z,zx,zy,zk->xyk', charges, coords, coords, coords)
    rrr = rrr*unit*lib.param.BOHR**2
    lib.logger.info(mf,'Total Octupole moments (XXX, YYY, ZZZ, XYY): %.4f, %.4f, %.4f, %.4f', \
    rrr[0,0,0], rrr[1,1,1], rrr[2,2,2], rrr[0,1,1])
    lib.logger.info(mf,'Total Octupole moments (XXY, XXZ, XZZ, YZZ): %.4f, %.4f, %.4f, %.4f', \
    rrr[0,0,1], rrr[0,0,2], rrr[0,2,2], rrr[1,2,2])
    lib.logger.info(mf,'Total Octupole moments (YYZ, XYZ): %.4f, %.4f', rrr[1,1,2], rrr[0,1,2])

    lib.logger.info(mf,'Hexadecapole moments (Debye-Angs**3)')
    rrrr = mol.intor_symmetric('int1e_rrrr', comp=81).reshape(3,3,3,3,nao,nao)
    rrrr = -1.0*numpy.einsum('xyzwij,ji->xyzw', rrrr, dm)
    rrrr += numpy.einsum('z,zx,zy,zk,zw->xykw', charges, coords, coords, coords, coords)
    rrrr = rrrr*unit*lib.param.BOHR**3
    lib.logger.info(mf,'Total Hexadecapole moments (XXXX, YYYY, ZZZZ, XXXY): %.4f, %.4f, %.4f, %.4f', \
    rrrr[0,0,0,0], rrrr[1,1,1,1], rrrr[2,2,2,2], rrrr[0,0,0,1])
    lib.logger.info(mf,'Total Hexadecapole moments (XXXZ, YYYX, YYYZ, ZZZX): %.4f, %.4f, %.4f, %.4f', \
    rrrr[0,0,0,2], rrrr[1,1,1,0], rrrr[1,1,1,2], rrrr[2,2,2,0])
    lib.logger.info(mf,'Total Hexadecapole moments (ZZZY, XXYY, XXZZ, YYZZ): %.4f, %.4f, %.4f, %.4f', \
    rrrr[2,2,2,1], rrrr[0,0,1,1], rrrr[0,0,2,2], rrrr[1,1,2,2])
    lib.logger.info(mf,'Total Hexadecapole moments (XXYZ, YYXZ, ZZXY): %.4f, %.4f, %.4f', \
    rrrr[0,0,1,2], rrrr[1,1,0,2], rrrr[2,2,0,1])
     
    coeff = mf.mo_coeff[:,mf.mo_occ>0]
    occ = mf.mo_occ[mf.mo_occ>0]
    energy = mf.mo_energy[mf.mo_occ>0]
    den_file = name+'.mol'
    fspt = open(den_file,'w')
    molden.header(mol, fspt)
    molden.orbital_coeff(mol, fspt, coeff, ene=energy, occ=occ) 
    fspt.close()                    
    cmd = '/home/jluis/bin/molden2aim '+name
    os.system(cmd)
    den_file = name+'.wfn'
    fspt = open(den_file,'a')
    fspt.write('RHF\n')
    fspt.close()                    

    pmd_file = name+'.pmd'
    fspt = open(pmd_file,'w')
    fspt.write('%s.wfn\n' % (name))
    if (mol.symmetry == False):
        fspt.write('nosymmetry\n')
    fspt.write('tes\n')
    fspt.write('  epsiscp 0.220\n')
    fspt.write('  radialquad 7\n')
    fspt.write('  rmapping 2\n')
    fspt.write('  lmax 10\n')
    fspt.write('  nr 551\n')
    fspt.write('  lebedev 5810\n')
    fspt.write('  betasphere\n')
    for ia in range(mol.natm):
        symb = mol.atom_pure_symbol(ia)
        inuc = lib.parameters.NUC[symb]
        betarad = radii.COVALENT[inuc]/3.5
        fspt.write('  betaradw %d %1.3f\n' % ((ia+1),betarad))
    fspt.write('  radialquadbeta 7\n')
    fspt.write('  rmappingbeta 3\n')
    fspt.write('  lmaxbeta 8\n')
    fspt.write('  nrb 451\n')
    fspt.write('  lebedevbeta 3074\n')
    fspt.write('  dafh\n')
    fspt.write('endtes')
    fspt.close()                    

    cmd = 'rm '+name+'.mol'
    os.system(cmd)

#INFO: ******************** input file end ********************


System: ('Linux', 'silicio', '3.16.0-4-amd64', '#1 SMP Debian 3.16.51-3 (2017-12-13)', 'x86_64', '')  Threads 12
Python 2.7.14 (default, Apr  9 2018, 16:34:43) 
[GCC 7.3.0]
numpy 1.14.2  scipy 1.0.1
Date: Thu Jun 28 22:04:57 2018
PySCF version 1.5
PySCF path  /home/jluis/src/pyscf/pyscf
GIT ORIG_HEAD f2dbb26d09ae5148fbf5975669a994500ac7a4c9
GIT HEAD      ref: refs/heads/master
GIT master branch  f2dbb26d09ae5148fbf5975669a994500ac7a4c9

[ENV] PYSCF_TMPDIR /scratch-ssd/jluis
[CONFIG] conf_file None
[INPUT] verbose = 4
[INPUT] num. atoms = 16
[INPUT] num. electrons = 70
[INPUT] charge = 1
[INPUT] spin (= nelec alpha-beta = 2S) = 0
[INPUT] symmetry 0 subgroup None
[INPUT] Mole.unit = angstrom
[INPUT]  1 C     -1.164343000000   0.582044000000   0.102821000000 AA   -2.200289385054   1.099903752446   0.194303529854 Bohr
[INPUT]  2 C      0.168344000000   0.780709000000   0.156336000000 AA    0.318124054714   1.475326192983   0.295432223410 Bohr
[INPUT]  3 P     -0.676820000000   2.088070000000  -0.639766000000 AA   -1.279004435628   3.945880428921  -1.208982523808 Bohr
[INPUT]  4 C     -2.261593000000  -0.321107000000   0.490598000000 AA   -4.273791375233  -0.606804286681   0.927095857259 Bohr
[INPUT]  5 C      1.446769000000   0.231032000000   0.639496000000 AA    2.733997175511   0.436587206011   1.208472297755 Bohr
[INPUT]  6 H     -1.865192000000  -1.211553000000   0.992877000000 AA   -3.524702049730  -2.289503355395   1.876265605380 Bohr
[INPUT]  7 H     -2.837978000000  -0.624194000000  -0.393194000000 AA   -5.363001167541  -1.179555708597  -0.743028973822 Bohr
[INPUT]  8 H     -2.946486000000   0.202482000000   1.171796000000 AA   -5.568051569865   0.382635525154   2.214373513861 Bohr
[INPUT]  9 H      1.287656000000  -0.740518000000   1.122266000000 AA    2.433317182653  -1.399376210311   2.120775378911 Bohr
[INPUT] 10 H      1.896175000000   0.924561000000   1.363563000000 AA    3.583251434247   1.747167075454   2.576760623590 Bohr
[INPUT] 11 H      2.152624000000   0.115710000000  -0.193406000000 AA    4.067869809166   0.218660209873  -0.365484370848 Bohr
[INPUT] 12 C     -0.659421000000   2.450833000000  -2.408216000000 AA   -1.246125090787   4.631403147046  -4.550868688796 Bohr
[INPUT] 13 H     -1.622403000000   2.899014000000  -2.683394000000 AA   -3.065897333673   5.478342491280  -5.070879744301 Bohr
[INPUT] 14 H     -0.499357000000   1.508313000000  -2.946328000000 AA   -0.943647968384   2.850298480121  -5.567752993138 Bohr
[INPUT] 15 H      0.152705000000   3.159873000000  -2.612304000000 AA    0.288570627852   5.971294558408  -4.936539114106 Bohr
[INPUT] 16 Cl    -0.976090000000   3.831852000000   0.329886000000 AA   -1.844542772927   7.241150829867   0.623394192328 Bohr

nuclear repulsion = 441.035075153885
number of shells = 172
number of NR pGTOs = 665
number of NR cGTOs = 537
basis = aug-cc-pvtz
ecp = {}
CPU time:    212723.89


******** <class 'pyscf.dft.rks.RKS'> flags ********
method = RKS-RHF
initial guess = minao
damping factor = 0
level shift factor = 0
DIIS = <class 'pyscf.scf.diis.CDIIS'>
DIIS start cycle = 1
DIIS space = 8
SCF tol = 1e-09
SCF gradient tol = None
max. SCF cycles = 120
direct_scf = True
direct_scf_tol = 1e-13
chkfile to save SCF result = c5ph9cl+.chk
max_memory 10000 MB (current use 238 MB)
XC functionals = m06-l
small_rho_cutoff = 1e-07
radial grids: 
    Treutler-Ahlrichs (JCP 102, 346 (M4)) radial grids
    
becke partition: Becke, JCP, 88, 2547 (1988)
pruning grids: <function nwchem_prune at 0x2b99180735f0>
grids dens level: 4
symmetrized grids: 0
atomic radii adjust function: <function treutler_atomic_radii_adjust at 0x2b9918073500>
Set gradient conv threshold to 3.16228e-05
tot grids = 343412
init E= -998.371518044764
  HOMO = -0.347264336466051  LUMO = -0.141375464663215
cycle= 1 E= -997.107908566317  delta_E= 1.26  |g|= 0.927  |ddm|= 10.2
  HOMO = -0.37358410749479  LUMO = -0.236124779576651
cycle= 2 E= -996.712991219388  delta_E= 0.395  |g|= 1.49  |ddm|= 10.6
  HOMO = -0.428559130118542  LUMO = -0.231307795940456
cycle= 3 E= -997.29424106633  delta_E= -0.581  |g|= 0.284  |ddm|= 3.61
  HOMO = -0.438447847661812  LUMO = -0.222404752696082
cycle= 4 E= -997.315573595688  delta_E= -0.0213  |g|= 0.083  |ddm|= 0.514
  HOMO = -0.443840551329462  LUMO = -0.225443417955174
cycle= 5 E= -997.317130833401  delta_E= -0.00156  |g|= 0.0277  |ddm|= 0.451
  HOMO = -0.439931876988867  LUMO = -0.221324819619348
cycle= 6 E= -997.317332793424  delta_E= -0.000202  |g|= 0.00605  |ddm|= 0.133
  HOMO = -0.440231602489814  LUMO = -0.221641720144138
cycle= 7 E= -997.317340635408  delta_E= -7.84e-06  |g|= 0.00303  |ddm|= 0.0332
  HOMO = -0.440277665178766  LUMO = -0.221640078853185
cycle= 8 E= -997.317342761764  delta_E= -2.13e-06  |g|= 0.00134  |ddm|= 0.0142
  HOMO = -0.440235925239158  LUMO = -0.22159456577054
cycle= 9 E= -997.317343269058  delta_E= -5.07e-07  |g|= 0.000247  |ddm|= 0.00754
  HOMO = -0.440223464655175  LUMO = -0.221584824042987
cycle= 10 E= -997.317343283075  delta_E= -1.4e-08  |g|= 7.49e-05  |ddm|= 0.00228
  HOMO = -0.440224610049447  LUMO = -0.221589215473864
cycle= 11 E= -997.3173432845  delta_E= -1.43e-09  |g|= 2.93e-05  |ddm|= 0.000769
  HOMO = -0.440224892452096  LUMO = -0.221587629994148
cycle= 12 E= -997.317343284724  delta_E= -2.24e-10  |g|= 1.27e-05  |ddm|= 0.000315
  HOMO = -0.440223266318  LUMO = -0.221586339367346
Extra cycle  E= -997.317343284693  delta_E= 3.12e-11  |g|= 1.7e-05  |ddm|= 0.000137
converged SCF energy = -997.317343284693
Electronic spatial extent <R**2> (au): 2111.8169
* Multipoles in the independent field-basis, Gauge -> (0,0,0)
Electronic Dipole moment(X, Y, Z, Debye): -217.5238, 594.3684, -65.9931
Nuclear Dipole moment(X, Y, Z, Debye): -220.2247, 600.5796, -68.5914
Total Dipole moment(X, Y, Z, Debye): -2.7009, 6.2112, -2.5983
Quadrupole moments (Debye-Angs)
Total Quadrupole moments (XX, YY, ZZ): -41.0668, -33.6840, -41.5006
Total Quadrupole moments (XY, XZ, YZ): -3.3729, 2.3714, -9.3888
Octupole moments (Debye-Angs**2)
Total Octupole moments (XXX, YYY, ZZZ, XYY): 86.8290, -211.4521, 8.2270, 18.7134
Total Octupole moments (XXY, XXZ, XZZ, YZZ): -85.6893, 12.4504, 26.8160, -65.5188
Total Octupole moments (YYZ, XYZ): -8.6732, 6.1619
Hexadecapole moments (Debye-Angs**3)
Total Hexadecapole moments (XXXX, YYYY, ZZZZ, XXXY): -483.9195, -1452.9442, -320.4934, 194.9860
Total Hexadecapole moments (XXXZ, YYYX, YYYZ, ZZZX): -32.7795, 143.9761, 82.9321, -13.9630
Total Hexadecapole moments (ZZZY, XXYY, XXZZ, YYZZ): 64.6551, -349.0534, -134.3173, -272.1711
Total Hexadecapole moments (XXYZ, YYXZ, ZZXY): 34.1419, -0.5089, 49.3287
