#INFO: **** input file is /home/jluis/src/git/db/molecules-wfn/m06-l/run_sp.py ****
#!/usr/bin/env python

import numpy, sys, os
from pyscf import lib, gto, scf, dft
from pyscf.tools import molden
from pyscf.data import radii

def read_molecule(path):

    charge = spin = 0
    with open(path, 'r') as myfile:
        output = myfile.read()
        output = output.lstrip()
        output = output.rstrip()
        output = output.split('\n')

    try:
        int(output[0])
    except ValueError:
        try:
            charge = int(output[0].split(' ')[0])
            spin = int(output[0].split(' ')[1]) - 1
        except ValueError:
            molecule = output
        else:
            molecule = '\n'.join(output[1:])
    else:
        if int(output[0]) == len(output) - 2:
            molecule = '\n'.join(output[2:])
            try:
                charge = int(output[1].split(' ')[0])
                spin = int(output[1].split(' ')[1])-1
            except ValueError:
                pass
        else:
            print "THIS IS NOT A VALID XYZ FILE"

    return (molecule, charge, spin)

directory = '../../molecules/'
files = [i for i in os.listdir(directory) if i.endswith('.xyz')]

for filename in files:

    name = filename[:-8]
    mol = gto.Mole()
    (mol.atom, charge, spin) = read_molecule(directory+filename)
    mol.basis = 'aug-cc-pvtz'
    mol.charge = charge
    mol.spin = spin
    mol.output = name+'.out'
    mol.symmetry = 0
    mol.max_memory = 10000
    mol.verbose = 4
    mol.build()

    mf = dft.RKS(mol) 
    mf.grids.level = 4
    mf.xc = 'm06-l'
    mf = scf.addons.remove_linear_dep_(mf)
    mf.max_cycle = 120
    mf.chkfile = name+'.chk'
    mf.kernel()

    dm = mf.make_rdm1()
    nao = mol.nao_nr()
    unit = 2.541746
    origin = ([0.0,0.0,0.0])
    charges = mol.atom_charges()
    coords  = mol.atom_coords()
    mol.set_common_orig(origin)
    r2 = mol.intor_symmetric('int1e_r2')
    r2 = numpy.einsum('ij,ji->', r2, dm)
    lib.logger.info(mf,'Electronic spatial extent <R**2> (au): %.4f', r2)

    lib.logger.info(mf,'* Multipoles in the independent field-basis, Gauge -> (0,0,0)')
    ao_dip = mol.intor_symmetric('int1e_r', comp=3)
    el_dip = numpy.einsum('xij,ji->x', ao_dip, dm)
    lib.logger.info(mf,'Electronic Dipole moment(X, Y, Z, Debye): %.4f, %.4f, %.4f', *el_dip*unit)
    nucl_dip = numpy.einsum('i,ix->x', charges, coords)
    lib.logger.info(mf,'Nuclear Dipole moment(X, Y, Z, Debye): %.4f, %.4f, %.4f', *nucl_dip*unit)
    mol_dip = (nucl_dip - el_dip) * unit
    lib.logger.info(mf,'Total Dipole moment(X, Y, Z, Debye): %.4f, %.4f, %.4f', *mol_dip)

    lib.logger.info(mf,'Quadrupole moments (Debye-Angs)')
    rr = mol.intor_symmetric('int1e_rr', comp=9).reshape(3,3,nao,nao)
    rr = -1.0*numpy.einsum('xyij,ji->xy', rr, dm)
    rr += numpy.einsum('z,zx,zy->xy', charges, coords, coords)
    rr = rr*unit*lib.param.BOHR
    lib.logger.info(mf,'Total Quadrupole moments (XX, YY, ZZ): %.4f, %.4f, %.4f', \
    rr[0,0], rr[1,1], rr[2,2])
    lib.logger.info(mf,'Total Quadrupole moments (XY, XZ, YZ): %.4f, %.4f, %.4f', \
    rr[0,1], rr[0,2], rr[1,2])
 
    lib.logger.info(mf,'Octupole moments (Debye-Angs**2)')
    rrr = mol.intor_symmetric('int1e_rrr', comp=27).reshape(3,3,3,nao,nao)
    rrr = -1.0*numpy.einsum('xyzij,ji->xyz', rrr, dm)
    rrr += numpy.einsum('z,zx,zy,zk->xyk', charges, coords, coords, coords)
    rrr = rrr*unit*lib.param.BOHR**2
    lib.logger.info(mf,'Total Octupole moments (XXX, YYY, ZZZ, XYY): %.4f, %.4f, %.4f, %.4f', \
    rrr[0,0,0], rrr[1,1,1], rrr[2,2,2], rrr[0,1,1])
    lib.logger.info(mf,'Total Octupole moments (XXY, XXZ, XZZ, YZZ): %.4f, %.4f, %.4f, %.4f', \
    rrr[0,0,1], rrr[0,0,2], rrr[0,2,2], rrr[1,2,2])
    lib.logger.info(mf,'Total Octupole moments (YYZ, XYZ): %.4f, %.4f', rrr[1,1,2], rrr[0,1,2])

    lib.logger.info(mf,'Hexadecapole moments (Debye-Angs**3)')
    rrrr = mol.intor_symmetric('int1e_rrrr', comp=81).reshape(3,3,3,3,nao,nao)
    rrrr = -1.0*numpy.einsum('xyzwij,ji->xyzw', rrrr, dm)
    rrrr += numpy.einsum('z,zx,zy,zk,zw->xykw', charges, coords, coords, coords, coords)
    rrrr = rrrr*unit*lib.param.BOHR**3
    lib.logger.info(mf,'Total Hexadecapole moments (XXXX, YYYY, ZZZZ, XXXY): %.4f, %.4f, %.4f, %.4f', \
    rrrr[0,0,0,0], rrrr[1,1,1,1], rrrr[2,2,2,2], rrrr[0,0,0,1])
    lib.logger.info(mf,'Total Hexadecapole moments (XXXZ, YYYX, YYYZ, ZZZX): %.4f, %.4f, %.4f, %.4f', \
    rrrr[0,0,0,2], rrrr[1,1,1,0], rrrr[1,1,1,2], rrrr[2,2,2,0])
    lib.logger.info(mf,'Total Hexadecapole moments (ZZZY, XXYY, XXZZ, YYZZ): %.4f, %.4f, %.4f, %.4f', \
    rrrr[2,2,2,1], rrrr[0,0,1,1], rrrr[0,0,2,2], rrrr[1,1,2,2])
    lib.logger.info(mf,'Total Hexadecapole moments (XXYZ, YYXZ, ZZXY): %.4f, %.4f, %.4f', \
    rrrr[0,0,1,2], rrrr[1,1,0,2], rrrr[2,2,0,1])
     
    coeff = mf.mo_coeff[:,mf.mo_occ>0]
    occ = mf.mo_occ[mf.mo_occ>0]
    energy = mf.mo_energy[mf.mo_occ>0]
    den_file = name+'.mol'
    fspt = open(den_file,'w')
    molden.header(mol, fspt)
    molden.orbital_coeff(mol, fspt, coeff, ene=energy, occ=occ) 
    fspt.close()                    
    cmd = '/home/jluis/bin/molden2aim '+name
    os.system(cmd)
    den_file = name+'.wfn'
    fspt = open(den_file,'a')
    fspt.write('RHF\n')
    fspt.close()                    

    pmd_file = name+'.pmd'
    fspt = open(pmd_file,'w')
    fspt.write('%s.wfn\n' % (name))
    if (mol.symmetry == False):
        fspt.write('nosymmetry\n')
    fspt.write('tes\n')
    fspt.write('  epsiscp 0.220\n')
    fspt.write('  radialquad 7\n')
    fspt.write('  rmapping 2\n')
    fspt.write('  lmax 10\n')
    fspt.write('  nr 551\n')
    fspt.write('  lebedev 5810\n')
    fspt.write('  betasphere\n')
    for ia in range(mol.natm):
        symb = mol.atom_pure_symbol(ia)
        inuc = lib.parameters.NUC[symb]
        betarad = radii.COVALENT[inuc]/3.5
        fspt.write('  betaradw %d %1.3f\n' % ((ia+1),betarad))
    fspt.write('  radialquadbeta 7\n')
    fspt.write('  rmappingbeta 3\n')
    fspt.write('  lmaxbeta 8\n')
    fspt.write('  nrb 451\n')
    fspt.write('  lebedevbeta 3074\n')
    fspt.write('  dafh\n')
    fspt.write('endtes')
    fspt.close()                    

    cmd = 'rm '+name+'.mol'
    os.system(cmd)

#INFO: ******************** input file end ********************


System: ('Linux', 'silicio', '3.16.0-4-amd64', '#1 SMP Debian 3.16.51-3 (2017-12-13)', 'x86_64', '')  Threads 12
Python 2.7.14 (default, Apr  9 2018, 16:34:43) 
[GCC 7.3.0]
numpy 1.14.2  scipy 1.0.1
Date: Thu Jun 28 20:34:04 2018
PySCF version 1.5
PySCF path  /home/jluis/src/pyscf/pyscf
GIT ORIG_HEAD f2dbb26d09ae5148fbf5975669a994500ac7a4c9
GIT HEAD      ref: refs/heads/master
GIT master branch  f2dbb26d09ae5148fbf5975669a994500ac7a4c9

[ENV] PYSCF_TMPDIR /scratch-ssd/jluis
[CONFIG] conf_file None
[INPUT] verbose = 4
[INPUT] num. atoms = 16
[INPUT] num. electrons = 46
[INPUT] charge = 0
[INPUT] spin (= nelec alpha-beta = 2S) = 0
[INPUT] symmetry 0 subgroup None
[INPUT] Mole.unit = angstrom
[INPUT]  1 C      1.261064000000   0.630915000000  -2.645811000000 AA    2.383065585549   1.192256557880  -4.999858167362 Bohr
[INPUT]  2 C      1.258742000000   0.631333000000  -1.311378000000 AA    2.378677641487   1.193046463400  -2.478145265780 Bohr
[INPUT]  3 H      2.190764000000   0.629803000000  -3.215763000000 AA    4.139943963557   1.190155182429  -6.076911351510 Bohr
[INPUT]  4 H      0.328858000000   0.634607000000  -3.215792000000 AA    0.621451553872   1.199233426732  -6.076966153567 Bohr
[INPUT]  5 H      2.218284000000   0.624991000000  -0.781890000000 AA    4.191949226505   1.181061820318  -1.477557959536 Bohr
[INPUT]  6 C      0.036038000000   0.622064000000  -0.449397000000 AA    0.068101950077   1.175530591951  -0.849237251201 Bohr
[INPUT]  7 H      0.031564000000   1.515289000000   0.196577000000 AA    0.059647315396   2.863481209566   0.371476692389 Bohr
[INPUT]  8 H     -0.865008000000   0.678047000000  -1.079104000000 AA   -1.634628215558   1.281323129583  -2.039211019923 Bohr
[INPUT]  9 C     -0.036038000000  -0.622064000000   0.449397000000 AA   -0.068101950077  -1.175530591951   0.849237251201 Bohr
[INPUT] 10 H     -0.031564000000  -1.515289000000  -0.196577000000 AA   -0.059647315396  -2.863481209566  -0.371476692389 Bohr
[INPUT] 11 H      0.865008000000  -0.678047000000   1.079104000000 AA    1.634628215558  -1.281323129583   2.039211019923 Bohr
[INPUT] 12 C     -1.258742000000  -0.631333000000   1.311378000000 AA   -2.378677641487  -1.193046463400   2.478145265780 Bohr
[INPUT] 13 C     -1.261064000000  -0.630915000000   2.645811000000 AA   -2.383065585549  -1.192256557880   4.999858167362 Bohr
[INPUT] 14 H     -2.218284000000  -0.624991000000   0.781890000000 AA   -4.191949226505  -1.181061820318   1.477557959536 Bohr
[INPUT] 15 H     -2.190764000000  -0.629803000000   3.215763000000 AA   -4.139943963557  -1.190155182429   6.076911351510 Bohr
[INPUT] 16 H     -0.328858000000  -0.634607000000   3.215792000000 AA   -0.621451553872  -1.199233426732   6.076966153567 Bohr

nuclear repulsion = 212.077915806539
number of shells = 168
number of NR pGTOs = 598
number of NR cGTOs = 506
basis = aug-cc-pvtz
ecp = {}
CPU time:    165904.86


******** <class 'pyscf.dft.rks.RKS'> flags ********
method = RKS-RHF
initial guess = minao
damping factor = 0
level shift factor = 0
DIIS = <class 'pyscf.scf.diis.CDIIS'>
DIIS start cycle = 1
DIIS space = 8
SCF tol = 1e-09
SCF gradient tol = None
max. SCF cycles = 120
direct_scf = True
direct_scf_tol = 1e-13
chkfile to save SCF result = c6h10.chk
max_memory 10000 MB (current use 238 MB)
XC functionals = m06-l
small_rho_cutoff = 1e-07
radial grids: 
    Treutler-Ahlrichs (JCP 102, 346 (M4)) radial grids
    
becke partition: Becke, JCP, 88, 2547 (1988)
pruning grids: <function nwchem_prune at 0x2b99180735f0>
grids dens level: 4
symmetrized grids: 0
atomic radii adjust function: <function treutler_atomic_radii_adjust at 0x2b9918073500>
Set gradient conv threshold to 3.16228e-05
tot grids = 330288
init E= -234.978682122908
  HOMO = -0.363278851446083  LUMO = -0.142712987868208
cycle= 1 E= -234.414798832252  delta_E= 0.564  |g|= 0.937  |ddm|=   11
  HOMO = -0.0964733912029785  LUMO = 0.00634555312058745
cycle= 2 E= -234.203683251746  delta_E= 0.211  |g|= 1.28  |ddm|= 11.3
  HOMO = -0.227160834303894  LUMO = -0.0187163592368018
cycle= 3 E= -234.643689413978  delta_E= -0.44  |g|= 0.17  |ddm|=  5.9
  HOMO = -0.230917028257378  LUMO = -0.0207933840800067
cycle= 4 E= -234.648230260896  delta_E= -0.00454  |g|= 0.107  |ddm|= 1.93
  HOMO = -0.230210160667896  LUMO = -0.0211208792479441
cycle= 5 E= -234.651244704363  delta_E= -0.00301  |g|= 0.0121  |ddm|= 1.98
  HOMO = -0.230290949077404  LUMO = -0.0210573811407319
cycle= 6 E= -234.651279411633  delta_E= -3.47e-05  |g|= 0.00481  |ddm|= 0.242
  HOMO = -0.230600373811662  LUMO = -0.0213885462996369
cycle= 7 E= -234.651284424113  delta_E= -5.01e-06  |g|= 0.00213  |ddm|= 0.054
  HOMO = -0.230616832499848  LUMO = -0.0213896642650489
cycle= 8 E= -234.651285589181  delta_E= -1.17e-06  |g|= 0.000561  |ddm|= 0.0355
  HOMO = -0.23065630406147  LUMO = -0.0214269680750035
cycle= 9 E= -234.651285669286  delta_E= -8.01e-08  |g|= 8.41e-05  |ddm|= 0.0169
  HOMO = -0.230662119273257  LUMO = -0.0214320194587362
cycle= 10 E= -234.651285672302  delta_E= -3.02e-09  |g|= 2.56e-05  |ddm|= 0.00481
  HOMO = -0.23066327221629  LUMO = -0.0214331724875163
cycle= 11 E= -234.651285672554  delta_E= -2.52e-10  |g|= 6.89e-06  |ddm|= 0.00119
  HOMO = -0.230663042010304  LUMO = -0.0214329908797737
Extra cycle  E= -234.651285672562  delta_E= -8.01e-12  |g|= 5.42e-06  |ddm|= 0.000229
converged SCF energy = -234.651285672562
Electronic spatial extent <R**2> (au): 920.4628
* Multipoles in the independent field-basis, Gauge -> (0,0,0)
Electronic Dipole moment(X, Y, Z, Debye): 0.0000, -0.0000, 0.0000
Nuclear Dipole moment(X, Y, Z, Debye): 0.0000, 0.0000, -0.0000
Total Dipole moment(X, Y, Z, Debye): -0.0000, 0.0000, -0.0000
Quadrupole moments (Debye-Angs)
Total Quadrupole moments (XX, YY, ZZ): -37.0394, -41.5479, -38.3032
Total Quadrupole moments (XY, XZ, YZ): -0.0396, 1.2658, 0.5718
Octupole moments (Debye-Angs**2)
Total Octupole moments (XXX, YYY, ZZZ, XYY): 0.0000, 0.0000, -0.0000, 0.0000
Total Octupole moments (XXY, XXZ, XZZ, YZZ): -0.0000, -0.0000, 0.0000, 0.0000
Total Octupole moments (YYZ, XYZ): -0.0000, -0.0000
Hexadecapole moments (Debye-Angs**3)
Total Hexadecapole moments (XXXX, YYYY, ZZZZ, XXXY): -313.6771, -163.7626, -769.6507, -56.6981
Total Hexadecapole moments (XXXZ, YYYX, YYYZ, ZZZX): 183.4808, -69.3885, 125.3071, 188.4454
Total Hexadecapole moments (ZZZY, XXYY, XXZZ, YYZZ): 104.3840, -89.0506, -175.8087, -178.0603
Total Hexadecapole moments (XXYZ, YYXZ, ZZXY): 34.2970, 76.3340, -20.3661
