#INFO: **** input file is /home/jluis/src/git/db/molecules-wfn/m06-l/run_sp.py ****
#!/usr/bin/env python

import numpy, sys, os
from pyscf import lib, gto, scf, dft
from pyscf.tools import molden
from pyscf.data import radii

def read_molecule(path):

    charge = spin = 0
    with open(path, 'r') as myfile:
        output = myfile.read()
        output = output.lstrip()
        output = output.rstrip()
        output = output.split('\n')

    try:
        int(output[0])
    except ValueError:
        try:
            charge = int(output[0].split(' ')[0])
            spin = int(output[0].split(' ')[1]) - 1
        except ValueError:
            molecule = output
        else:
            molecule = '\n'.join(output[1:])
    else:
        if int(output[0]) == len(output) - 2:
            molecule = '\n'.join(output[2:])
            try:
                charge = int(output[1].split(' ')[0])
                spin = int(output[1].split(' ')[1])-1
            except ValueError:
                pass
        else:
            print "THIS IS NOT A VALID XYZ FILE"

    return (molecule, charge, spin)

directory = '../../molecules/'
files = [i for i in os.listdir(directory) if i.endswith('.xyz')]

for filename in files:

    name = filename[:-8]
    mol = gto.Mole()
    (mol.atom, charge, spin) = read_molecule(directory+filename)
    mol.basis = 'aug-cc-pvtz'
    mol.charge = charge
    mol.spin = spin
    mol.output = name+'.out'
    mol.symmetry = 0
    mol.max_memory = 10000
    mol.verbose = 4
    mol.build()

    mf = dft.RKS(mol) 
    mf.grids.level = 4
    mf.xc = 'm06-l'
    mf = scf.addons.remove_linear_dep_(mf)
    mf.max_cycle = 120
    mf.chkfile = name+'.chk'
    mf.kernel()

    dm = mf.make_rdm1()
    nao = mol.nao_nr()
    unit = 2.541746
    origin = ([0.0,0.0,0.0])
    charges = mol.atom_charges()
    coords  = mol.atom_coords()
    mol.set_common_orig(origin)
    r2 = mol.intor_symmetric('int1e_r2')
    r2 = numpy.einsum('ij,ji->', r2, dm)
    lib.logger.info(mf,'Electronic spatial extent <R**2> (au): %.4f', r2)

    lib.logger.info(mf,'* Multipoles in the independent field-basis, Gauge -> (0,0,0)')
    ao_dip = mol.intor_symmetric('int1e_r', comp=3)
    el_dip = numpy.einsum('xij,ji->x', ao_dip, dm)
    lib.logger.info(mf,'Electronic Dipole moment(X, Y, Z, Debye): %.4f, %.4f, %.4f', *el_dip*unit)
    nucl_dip = numpy.einsum('i,ix->x', charges, coords)
    lib.logger.info(mf,'Nuclear Dipole moment(X, Y, Z, Debye): %.4f, %.4f, %.4f', *nucl_dip*unit)
    mol_dip = (nucl_dip - el_dip) * unit
    lib.logger.info(mf,'Total Dipole moment(X, Y, Z, Debye): %.4f, %.4f, %.4f', *mol_dip)

    lib.logger.info(mf,'Quadrupole moments (Debye-Angs)')
    rr = mol.intor_symmetric('int1e_rr', comp=9).reshape(3,3,nao,nao)
    rr = -1.0*numpy.einsum('xyij,ji->xy', rr, dm)
    rr += numpy.einsum('z,zx,zy->xy', charges, coords, coords)
    rr = rr*unit*lib.param.BOHR
    lib.logger.info(mf,'Total Quadrupole moments (XX, YY, ZZ): %.4f, %.4f, %.4f', \
    rr[0,0], rr[1,1], rr[2,2])
    lib.logger.info(mf,'Total Quadrupole moments (XY, XZ, YZ): %.4f, %.4f, %.4f', \
    rr[0,1], rr[0,2], rr[1,2])
 
    lib.logger.info(mf,'Octupole moments (Debye-Angs**2)')
    rrr = mol.intor_symmetric('int1e_rrr', comp=27).reshape(3,3,3,nao,nao)
    rrr = -1.0*numpy.einsum('xyzij,ji->xyz', rrr, dm)
    rrr += numpy.einsum('z,zx,zy,zk->xyk', charges, coords, coords, coords)
    rrr = rrr*unit*lib.param.BOHR**2
    lib.logger.info(mf,'Total Octupole moments (XXX, YYY, ZZZ, XYY): %.4f, %.4f, %.4f, %.4f', \
    rrr[0,0,0], rrr[1,1,1], rrr[2,2,2], rrr[0,1,1])
    lib.logger.info(mf,'Total Octupole moments (XXY, XXZ, XZZ, YZZ): %.4f, %.4f, %.4f, %.4f', \
    rrr[0,0,1], rrr[0,0,2], rrr[0,2,2], rrr[1,2,2])
    lib.logger.info(mf,'Total Octupole moments (YYZ, XYZ): %.4f, %.4f', rrr[1,1,2], rrr[0,1,2])

    lib.logger.info(mf,'Hexadecapole moments (Debye-Angs**3)')
    rrrr = mol.intor_symmetric('int1e_rrrr', comp=81).reshape(3,3,3,3,nao,nao)
    rrrr = -1.0*numpy.einsum('xyzwij,ji->xyzw', rrrr, dm)
    rrrr += numpy.einsum('z,zx,zy,zk,zw->xykw', charges, coords, coords, coords, coords)
    rrrr = rrrr*unit*lib.param.BOHR**3
    lib.logger.info(mf,'Total Hexadecapole moments (XXXX, YYYY, ZZZZ, XXXY): %.4f, %.4f, %.4f, %.4f', \
    rrrr[0,0,0,0], rrrr[1,1,1,1], rrrr[2,2,2,2], rrrr[0,0,0,1])
    lib.logger.info(mf,'Total Hexadecapole moments (XXXZ, YYYX, YYYZ, ZZZX): %.4f, %.4f, %.4f, %.4f', \
    rrrr[0,0,0,2], rrrr[1,1,1,0], rrrr[1,1,1,2], rrrr[2,2,2,0])
    lib.logger.info(mf,'Total Hexadecapole moments (ZZZY, XXYY, XXZZ, YYZZ): %.4f, %.4f, %.4f, %.4f', \
    rrrr[2,2,2,1], rrrr[0,0,1,1], rrrr[0,0,2,2], rrrr[1,1,2,2])
    lib.logger.info(mf,'Total Hexadecapole moments (XXYZ, YYXZ, ZZXY): %.4f, %.4f, %.4f', \
    rrrr[0,0,1,2], rrrr[1,1,0,2], rrrr[2,2,0,1])
     
    coeff = mf.mo_coeff[:,mf.mo_occ>0]
    occ = mf.mo_occ[mf.mo_occ>0]
    energy = mf.mo_energy[mf.mo_occ>0]
    den_file = name+'.mol'
    fspt = open(den_file,'w')
    molden.header(mol, fspt)
    molden.orbital_coeff(mol, fspt, coeff, ene=energy, occ=occ) 
    fspt.close()                    
    cmd = '/home/jluis/bin/molden2aim '+name
    os.system(cmd)
    den_file = name+'.wfn'
    fspt = open(den_file,'a')
    fspt.write('RHF\n')
    fspt.close()                    

    pmd_file = name+'.pmd'
    fspt = open(pmd_file,'w')
    fspt.write('%s.wfn\n' % (name))
    if (mol.symmetry == False):
        fspt.write('nosymmetry\n')
    fspt.write('tes\n')
    fspt.write('  epsiscp 0.220\n')
    fspt.write('  radialquad 7\n')
    fspt.write('  rmapping 2\n')
    fspt.write('  lmax 10\n')
    fspt.write('  nr 551\n')
    fspt.write('  lebedev 5810\n')
    fspt.write('  betasphere\n')
    for ia in range(mol.natm):
        symb = mol.atom_pure_symbol(ia)
        inuc = lib.parameters.NUC[symb]
        betarad = radii.COVALENT[inuc]/3.5
        fspt.write('  betaradw %d %1.3f\n' % ((ia+1),betarad))
    fspt.write('  radialquadbeta 7\n')
    fspt.write('  rmappingbeta 3\n')
    fspt.write('  lmaxbeta 8\n')
    fspt.write('  nrb 451\n')
    fspt.write('  lebedevbeta 3074\n')
    fspt.write('  dafh\n')
    fspt.write('endtes')
    fspt.close()                    

    cmd = 'rm '+name+'.mol'
    os.system(cmd)

#INFO: ******************** input file end ********************


System: ('Linux', 'silicio', '3.16.0-4-amd64', '#1 SMP Debian 3.16.51-3 (2017-12-13)', 'x86_64', '')  Threads 12
Python 2.7.14 (default, Apr  9 2018, 16:34:43) 
[GCC 7.3.0]
numpy 1.14.2  scipy 1.0.1
Date: Thu Jun 28 15:49:01 2018
PySCF version 1.5
PySCF path  /home/jluis/src/pyscf/pyscf
GIT ORIG_HEAD f2dbb26d09ae5148fbf5975669a994500ac7a4c9
GIT HEAD      ref: refs/heads/master
GIT master branch  f2dbb26d09ae5148fbf5975669a994500ac7a4c9

[ENV] PYSCF_TMPDIR /scratch-ssd/jluis
[CONFIG] conf_file None
[INPUT] verbose = 4
[INPUT] num. atoms = 7
[INPUT] num. electrons = 52
[INPUT] charge = 0
[INPUT] spin (= nelec alpha-beta = 2S) = 0
[INPUT] symmetry 0 subgroup None
[INPUT] Mole.unit = angstrom
[INPUT]  1 N     -0.996973000000   0.682129000000  -0.159376000000 AA   -1.884005923586   1.289036991623  -0.301176990829 Bohr
[INPUT]  2 H     -1.028929000000   1.315568000000   0.639649000000 AA   -1.944394011623   2.486063218242   1.208761425852 Bohr
[INPUT]  3 Br     0.754538000000  -0.065450000000   0.001506000000 AA    1.425870170577  -0.123682574853   0.002845927544 Bohr
[INPUT]  4 C     -2.005881000000  -0.354597000000   0.025529000000 AA   -3.790565728469  -0.670091214592   0.048242818234 Bohr
[INPUT]  5 H     -2.982433000000   0.151932000000  -0.013043000000 AA   -5.635981554865   0.287109869557  -0.024647697843 Bohr
[INPUT]  6 H     -1.952903000000  -1.061122000000  -0.811070000000 AA   -3.690451817841  -2.005229964751  -1.532700167851 Bohr
[INPUT]  7 H     -1.926846000000  -0.912103000000   0.972844000000 AA   -3.641211224214  -1.723624867394   1.838408721926 Bohr

nuclear repulsion = 169.014610298026
number of shells = 76
number of NR pGTOs = 343
number of NR cGTOs = 243
basis = aug-cc-pvtz
ecp = {}
CPU time:      6683.35


******** <class 'pyscf.dft.rks.RKS'> flags ********
method = RKS-RHF
initial guess = minao
damping factor = 0
level shift factor = 0
DIIS = <class 'pyscf.scf.diis.CDIIS'>
DIIS start cycle = 1
DIIS space = 8
SCF tol = 1e-09
SCF gradient tol = None
max. SCF cycles = 120
direct_scf = True
direct_scf_tol = 1e-13
chkfile to save SCF result = ch3nhbr.chk
max_memory 10000 MB (current use 148 MB)
XC functionals = m06-l
small_rho_cutoff = 1e-07
radial grids: 
    Treutler-Ahlrichs (JCP 102, 346 (M4)) radial grids
    
becke partition: Becke, JCP, 88, 2547 (1988)
pruning grids: <function nwchem_prune at 0x2b99180735f0>
grids dens level: 4
symmetrized grids: 0
atomic radii adjust function: <function treutler_atomic_radii_adjust at 0x2b9918073500>
Set gradient conv threshold to 3.16228e-05
tot grids = 151998
init E= -2668.37147682026
  HOMO = -0.262243811767422  LUMO = -0.105338330544662
cycle= 1 E= -2669.29724628685  delta_E= -0.926  |g|= 0.504  |ddm|= 3.55
  HOMO = -0.172778326026994  LUMO = -0.0506597709494784
cycle= 2 E= -2669.23757660766  delta_E= 0.0597  |g|= 0.673  |ddm|= 1.66
  HOMO = -0.218455384335254  LUMO = -0.0722277448415896
cycle= 3 E= -2669.34651130564  delta_E= -0.109  |g|= 0.16  |ddm|= 0.682
  HOMO = -0.213071676981984  LUMO = -0.0681420044272138
cycle= 4 E= -2669.35247137045  delta_E= -0.00596  |g|= 0.0472  |ddm|= 0.184
  HOMO = -0.217826055850883  LUMO = -0.0709180714965944
cycle= 5 E= -2669.35290277484  delta_E= -0.000431  |g|= 0.00781  |ddm|= 0.169
  HOMO = -0.217301564922464  LUMO = -0.0701257274576607
cycle= 6 E= -2669.3529178361  delta_E= -1.51e-05  |g|= 0.00314  |ddm|= 0.0541
  HOMO = -0.217411025548601  LUMO = -0.0702862929393993
cycle= 7 E= -2669.35292002789  delta_E= -2.19e-06  |g|= 0.000696  |ddm|= 0.00911
  HOMO = -0.217392698089708  LUMO = -0.0702616641769797
cycle= 8 E= -2669.35292012796  delta_E= -1e-07  |g|= 0.000243  |ddm|= 0.00527
  HOMO = -0.217418472354363  LUMO = -0.070281842279841
cycle= 9 E= -2669.3529201428  delta_E= -1.48e-08  |g|= 6.64e-05  |ddm|= 0.00184
  HOMO = -0.217418617792782  LUMO = -0.0702801997522798
cycle= 10 E= -2669.35292014422  delta_E= -1.41e-09  |g|= 1.94e-05  |ddm|= 0.000569
  HOMO = -0.21741999656307  LUMO = -0.0702816184289749
cycle= 11 E= -2669.35292014437  delta_E= -1.51e-10  |g|= 6.04e-06  |ddm|= 0.00031
  HOMO = -0.217419844920845  LUMO = -0.0702813622771092
Extra cycle  E= -2669.35292014437  delta_E= -4.55e-12  |g|= 4.74e-06  |ddm|= 6.92e-05
converged SCF energy = -2669.35292014437
Electronic spatial extent <R**2> (au): 348.4938
* Multipoles in the independent field-basis, Gauge -> (0,0,0)
Electronic Dipole moment(X, Y, Z, Debye): -0.9011, -0.6742, -1.6310
Nuclear Dipole moment(X, Y, Z, Debye): -2.3842, -0.7164, -0.5830
Total Dipole moment(X, Y, Z, Debye): -1.4831, -0.0423, 1.0480
Quadrupole moments (Debye-Angs)
Total Quadrupole moments (XX, YY, ZZ): -27.8285, -31.2180, -32.2815
Total Quadrupole moments (XY, XZ, YZ): -0.4533, -1.1636, 2.0644
Octupole moments (Debye-Angs**2)
Total Octupole moments (XXX, YYY, ZZZ, XYY): 18.3699, 1.2286, 1.0580, 6.3121
Total Octupole moments (XXY, XXZ, XZZ, YZZ): -1.4384, 1.0757, 6.5648, -0.4346
Total Octupole moments (YYZ, XYZ): 2.4471, -2.3411
Hexadecapole moments (Debye-Angs**3)
Total Hexadecapole moments (XXXX, YYYY, ZZZZ, XXXY): -301.1157, -68.8634, -46.2286, -8.4597
Total Hexadecapole moments (XXXZ, YYYX, YYYZ, ZZZX): 0.4120, -3.6493, 5.0518, -1.1899
Total Hexadecapole moments (ZZZY, XXYY, XXZZ, YYZZ): 2.4444, -64.7708, -63.4476, -18.6722
Total Hexadecapole moments (XXYZ, YYXZ, ZZXY): 2.8634, -2.3792, 0.2201
