#INFO: **** input file is /home/jluis/src/git/db/molecules-wfn/m06-l/run_sp.py ****
#!/usr/bin/env python

import numpy, sys, os
from pyscf import lib, gto, scf, dft
from pyscf.tools import molden
from pyscf.data import radii

def read_molecule(path):

    charge = spin = 0
    with open(path, 'r') as myfile:
        output = myfile.read()
        output = output.lstrip()
        output = output.rstrip()
        output = output.split('\n')

    try:
        int(output[0])
    except ValueError:
        try:
            charge = int(output[0].split(' ')[0])
            spin = int(output[0].split(' ')[1]) - 1
        except ValueError:
            molecule = output
        else:
            molecule = '\n'.join(output[1:])
    else:
        if int(output[0]) == len(output) - 2:
            molecule = '\n'.join(output[2:])
            try:
                charge = int(output[1].split(' ')[0])
                spin = int(output[1].split(' ')[1])-1
            except ValueError:
                pass
        else:
            print "THIS IS NOT A VALID XYZ FILE"

    return (molecule, charge, spin)

directory = '../../molecules/'
files = [i for i in os.listdir(directory) if i.endswith('.xyz')]

for filename in files:

    name = filename[:-8]
    mol = gto.Mole()
    (mol.atom, charge, spin) = read_molecule(directory+filename)
    mol.basis = 'aug-cc-pvtz'
    mol.charge = charge
    mol.spin = spin
    mol.output = name+'.out'
    mol.symmetry = 0
    mol.max_memory = 10000
    mol.verbose = 4
    mol.build()

    mf = dft.RKS(mol) 
    mf.grids.level = 4
    mf.xc = 'm06-l'
    mf = scf.addons.remove_linear_dep_(mf)
    mf.max_cycle = 120
    mf.chkfile = name+'.chk'
    mf.kernel()

    dm = mf.make_rdm1()
    nao = mol.nao_nr()
    unit = 2.541746
    origin = ([0.0,0.0,0.0])
    charges = mol.atom_charges()
    coords  = mol.atom_coords()
    mol.set_common_orig(origin)
    r2 = mol.intor_symmetric('int1e_r2')
    r2 = numpy.einsum('ij,ji->', r2, dm)
    lib.logger.info(mf,'Electronic spatial extent <R**2> (au): %.4f', r2)

    lib.logger.info(mf,'* Multipoles in the independent field-basis, Gauge -> (0,0,0)')
    ao_dip = mol.intor_symmetric('int1e_r', comp=3)
    el_dip = numpy.einsum('xij,ji->x', ao_dip, dm)
    lib.logger.info(mf,'Electronic Dipole moment(X, Y, Z, Debye): %.4f, %.4f, %.4f', *el_dip*unit)
    nucl_dip = numpy.einsum('i,ix->x', charges, coords)
    lib.logger.info(mf,'Nuclear Dipole moment(X, Y, Z, Debye): %.4f, %.4f, %.4f', *nucl_dip*unit)
    mol_dip = (nucl_dip - el_dip) * unit
    lib.logger.info(mf,'Total Dipole moment(X, Y, Z, Debye): %.4f, %.4f, %.4f', *mol_dip)

    lib.logger.info(mf,'Quadrupole moments (Debye-Angs)')
    rr = mol.intor_symmetric('int1e_rr', comp=9).reshape(3,3,nao,nao)
    rr = -1.0*numpy.einsum('xyij,ji->xy', rr, dm)
    rr += numpy.einsum('z,zx,zy->xy', charges, coords, coords)
    rr = rr*unit*lib.param.BOHR
    lib.logger.info(mf,'Total Quadrupole moments (XX, YY, ZZ): %.4f, %.4f, %.4f', \
    rr[0,0], rr[1,1], rr[2,2])
    lib.logger.info(mf,'Total Quadrupole moments (XY, XZ, YZ): %.4f, %.4f, %.4f', \
    rr[0,1], rr[0,2], rr[1,2])
 
    lib.logger.info(mf,'Octupole moments (Debye-Angs**2)')
    rrr = mol.intor_symmetric('int1e_rrr', comp=27).reshape(3,3,3,nao,nao)
    rrr = -1.0*numpy.einsum('xyzij,ji->xyz', rrr, dm)
    rrr += numpy.einsum('z,zx,zy,zk->xyk', charges, coords, coords, coords)
    rrr = rrr*unit*lib.param.BOHR**2
    lib.logger.info(mf,'Total Octupole moments (XXX, YYY, ZZZ, XYY): %.4f, %.4f, %.4f, %.4f', \
    rrr[0,0,0], rrr[1,1,1], rrr[2,2,2], rrr[0,1,1])
    lib.logger.info(mf,'Total Octupole moments (XXY, XXZ, XZZ, YZZ): %.4f, %.4f, %.4f, %.4f', \
    rrr[0,0,1], rrr[0,0,2], rrr[0,2,2], rrr[1,2,2])
    lib.logger.info(mf,'Total Octupole moments (YYZ, XYZ): %.4f, %.4f', rrr[1,1,2], rrr[0,1,2])

    lib.logger.info(mf,'Hexadecapole moments (Debye-Angs**3)')
    rrrr = mol.intor_symmetric('int1e_rrrr', comp=81).reshape(3,3,3,3,nao,nao)
    rrrr = -1.0*numpy.einsum('xyzwij,ji->xyzw', rrrr, dm)
    rrrr += numpy.einsum('z,zx,zy,zk,zw->xykw', charges, coords, coords, coords, coords)
    rrrr = rrrr*unit*lib.param.BOHR**3
    lib.logger.info(mf,'Total Hexadecapole moments (XXXX, YYYY, ZZZZ, XXXY): %.4f, %.4f, %.4f, %.4f', \
    rrrr[0,0,0,0], rrrr[1,1,1,1], rrrr[2,2,2,2], rrrr[0,0,0,1])
    lib.logger.info(mf,'Total Hexadecapole moments (XXXZ, YYYX, YYYZ, ZZZX): %.4f, %.4f, %.4f, %.4f', \
    rrrr[0,0,0,2], rrrr[1,1,1,0], rrrr[1,1,1,2], rrrr[2,2,2,0])
    lib.logger.info(mf,'Total Hexadecapole moments (ZZZY, XXYY, XXZZ, YYZZ): %.4f, %.4f, %.4f, %.4f', \
    rrrr[2,2,2,1], rrrr[0,0,1,1], rrrr[0,0,2,2], rrrr[1,1,2,2])
    lib.logger.info(mf,'Total Hexadecapole moments (XXYZ, YYXZ, ZZXY): %.4f, %.4f, %.4f', \
    rrrr[0,0,1,2], rrrr[1,1,0,2], rrrr[2,2,0,1])
     
    coeff = mf.mo_coeff[:,mf.mo_occ>0]
    occ = mf.mo_occ[mf.mo_occ>0]
    energy = mf.mo_energy[mf.mo_occ>0]
    den_file = name+'.mol'
    fspt = open(den_file,'w')
    molden.header(mol, fspt)
    molden.orbital_coeff(mol, fspt, coeff, ene=energy, occ=occ) 
    fspt.close()                    
    cmd = '/home/jluis/bin/molden2aim '+name
    os.system(cmd)
    den_file = name+'.wfn'
    fspt = open(den_file,'a')
    fspt.write('RHF\n')
    fspt.close()                    

    pmd_file = name+'.pmd'
    fspt = open(pmd_file,'w')
    fspt.write('%s.wfn\n' % (name))
    if (mol.symmetry == False):
        fspt.write('nosymmetry\n')
    fspt.write('tes\n')
    fspt.write('  epsiscp 0.220\n')
    fspt.write('  radialquad 7\n')
    fspt.write('  rmapping 2\n')
    fspt.write('  lmax 10\n')
    fspt.write('  nr 551\n')
    fspt.write('  lebedev 5810\n')
    fspt.write('  betasphere\n')
    for ia in range(mol.natm):
        symb = mol.atom_pure_symbol(ia)
        inuc = lib.parameters.NUC[symb]
        betarad = radii.COVALENT[inuc]/3.5
        fspt.write('  betaradw %d %1.3f\n' % ((ia+1),betarad))
    fspt.write('  radialquadbeta 7\n')
    fspt.write('  rmappingbeta 3\n')
    fspt.write('  lmaxbeta 8\n')
    fspt.write('  nrb 451\n')
    fspt.write('  lebedevbeta 3074\n')
    fspt.write('  dafh\n')
    fspt.write('endtes')
    fspt.close()                    

    cmd = 'rm '+name+'.mol'
    os.system(cmd)

#INFO: ******************** input file end ********************


System: ('Linux', 'silicio', '3.16.0-4-amd64', '#1 SMP Debian 3.16.51-3 (2017-12-13)', 'x86_64', '')  Threads 12
Python 2.7.14 (default, Apr  9 2018, 16:34:43) 
[GCC 7.3.0]
numpy 1.14.2  scipy 1.0.1
Date: Thu Jun 28 19:06:11 2018
PySCF version 1.5
PySCF path  /home/jluis/src/pyscf/pyscf
GIT ORIG_HEAD f2dbb26d09ae5148fbf5975669a994500ac7a4c9
GIT HEAD      ref: refs/heads/master
GIT master branch  f2dbb26d09ae5148fbf5975669a994500ac7a4c9

[ENV] PYSCF_TMPDIR /scratch-ssd/jluis
[CONFIG] conf_file None
[INPUT] verbose = 4
[INPUT] num. atoms = 8
[INPUT] num. electrons = 50
[INPUT] charge = 0
[INPUT] spin (= nelec alpha-beta = 2S) = 0
[INPUT] symmetry 0 subgroup None
[INPUT] Mole.unit = angstrom
[INPUT]  1 P     -1.223472000000   0.688944000000  -0.087815000000 AA   -2.312027001074   1.301915475162  -0.165946299629 Bohr
[INPUT]  2 O      0.351735000000   1.049335000000   0.050000000000 AA    0.664682818424   1.982955762920   0.094486306228 Bohr
[INPUT]  3 O     -1.712616000000   1.799275000000  -1.163911000000 AA   -3.236375196548   3.400136972777  -2.199473023369 Bohr
[INPUT]  4 O     -1.814842000000   1.299776000000   1.293289000000 AA   -3.429554339358   2.456220663283   2.443962009913 Bohr
[INPUT]  5 H      0.869975000000   0.490280000000  -0.542202000000 AA    1.644014485218   0.926494924352  -1.024613284191 Bohr
[INPUT]  6 H     -2.548548000000   1.526420000000  -1.562116000000 AA   -4.816057735308   2.884515751059  -2.951971414801 Bohr
[INPUT]  7 H     -1.860684000000   0.608880000000   1.965882000000 AA   -3.516183164360   1.150616442725   3.714978573212 Bohr
[INPUT]  8 O     -1.561439000000  -0.734319000000  -0.390478000000 AA   -2.950692070215  -1.387661798064  -0.737896477668 Bohr

nuclear repulsion = 276.142405362671
number of shells = 92
number of NR pGTOs = 382
number of NR cGTOs = 303
basis = aug-cc-pvtz
ecp = {}
CPU time:    118813.72


******** <class 'pyscf.dft.rks.RKS'> flags ********
method = RKS-RHF
initial guess = minao
damping factor = 0
level shift factor = 0
DIIS = <class 'pyscf.scf.diis.CDIIS'>
DIIS start cycle = 1
DIIS space = 8
SCF tol = 1e-09
SCF gradient tol = None
max. SCF cycles = 120
direct_scf = True
direct_scf_tol = 1e-13
chkfile to save SCF result = h3po4.chk
max_memory 10000 MB (current use 223 MB)
XC functionals = m06-l
small_rho_cutoff = 1e-07
radial grids: 
    Treutler-Ahlrichs (JCP 102, 346 (M4)) radial grids
    
becke partition: Becke, JCP, 88, 2547 (1988)
pruning grids: <function nwchem_prune at 0x2b99180735f0>
grids dens level: 4
symmetrized grids: 0
atomic radii adjust function: <function treutler_atomic_radii_adjust at 0x2b9918073500>
Set gradient conv threshold to 3.16228e-05
tot grids = 191062
init E= -644.999830584844
  HOMO = -0.423038464230184  LUMO = -0.0599509180990895
cycle= 1 E= -643.933051538  delta_E= 1.07  |g|= 1.39  |ddm|=  2.4
  HOMO = -0.113338684683857  LUMO = -0.0216357707064631
cycle= 2 E= -643.118661598393  delta_E= 0.814  |g|= 2.45  |ddm|= 2.38
  HOMO = -0.288749754062486  LUMO = -0.0240891806114699
cycle= 3 E= -644.227394131328  delta_E= -1.11  |g|= 0.431  |ddm|= 1.42
  HOMO = -0.265662865759407  LUMO = -0.0299684393075266
cycle= 4 E= -644.260151946411  delta_E= -0.0328  |g|= 0.135  |ddm|= 0.34
  HOMO = -0.278021712517425  LUMO = -0.0328900858677809
cycle= 5 E= -644.263218812618  delta_E= -0.00307  |g|= 0.0222  |ddm|= 0.247
  HOMO = -0.274911198140519  LUMO = -0.0329200937645914
cycle= 6 E= -644.263326457972  delta_E= -0.000108  |g|= 0.00498  |ddm|= 0.029
  HOMO = -0.275815096150594  LUMO = -0.033190182718798
cycle= 7 E= -644.263331252325  delta_E= -4.79e-06  |g|= 0.000857  |ddm|= 0.0141
  HOMO = -0.275980755187692  LUMO = -0.0332480470790501
cycle= 8 E= -644.263331393207  delta_E= -1.41e-07  |g|= 0.000178  |ddm|= 0.00459
  HOMO = -0.275993587512288  LUMO = -0.0332573038542112
cycle= 9 E= -644.263331400754  delta_E= -7.55e-09  |g|= 8.55e-05  |ddm|= 0.00145
  HOMO = -0.275996858997005  LUMO = -0.0332595608017123
cycle= 10 E= -644.26333140183  delta_E= -1.08e-09  |g|= 4.66e-05  |ddm|= 0.000273
  HOMO = -0.275996463767926  LUMO = -0.033259909935231
cycle= 11 E= -644.263331402191  delta_E= -3.61e-10  |g|= 1.6e-05  |ddm|= 6.28e-05
  HOMO = -0.275999169495939  LUMO = -0.033260451141783
Extra cycle  E= -644.263331402148  delta_E= 4.33e-11  |g|= 2.37e-05  |ddm|= 8.86e-05
converged SCF energy = -644.263331402148
Electronic spatial extent <R**2> (au): 783.4248
* Multipoles in the independent field-basis, Gauge -> (0,0,0)
Electronic Dipole moment(X, Y, Z, Debye): -287.2516, 193.1083, -15.1817
Nuclear Dipole moment(X, Y, Z, Debye): -287.1770, 193.4359, -15.1035
Total Dipole moment(X, Y, Z, Debye): 0.0746, 0.3276, 0.0782
Quadrupole moments (Debye-Angs)
Total Quadrupole moments (XX, YY, ZZ): -29.8777, -42.0522, -29.5877
Total Quadrupole moments (XY, XZ, YZ): -3.6014, -0.7750, -2.8654
Octupole moments (Debye-Angs**2)
Total Octupole moments (XXX, YYY, ZZZ, XYY): 111.2409, -93.0025, 13.6972, 47.9818
Total Octupole moments (XXY, XXZ, XZZ, YZZ): -17.7231, -6.3081, 29.0861, -26.8209
Total Octupole moments (YYZ, XYZ): 0.7054, 7.5455
Hexadecapole moments (Debye-Angs**3)
Total Hexadecapole moments (XXXX, YYYY, ZZZZ, XXXY): -402.6087, -314.3298, -125.8712, 69.2747
Total Hexadecapole moments (XXXZ, YYYX, YYYZ, ZZZX): 22.5748, 108.9152, 4.8316, -16.0680
Total Hexadecapole moments (ZZZY, XXYY, XXZZ, YYZZ): 1.6372, -130.3356, -66.4888, -80.3048
Total Hexadecapole moments (XXYZ, YYXZ, ZZXY): -23.7555, 6.3811, 24.9407
