#INFO: **** input file is /home/jluis/src/git/db/molecules-wfn/m06-l/run_sp.py ****
#!/usr/bin/env python

import numpy, sys, os
from pyscf import lib, gto, scf, dft
from pyscf.tools import molden
from pyscf.data import radii

def read_molecule(path):

    charge = spin = 0
    with open(path, 'r') as myfile:
        output = myfile.read()
        output = output.lstrip()
        output = output.rstrip()
        output = output.split('\n')

    try:
        int(output[0])
    except ValueError:
        try:
            charge = int(output[0].split(' ')[0])
            spin = int(output[0].split(' ')[1]) - 1
        except ValueError:
            molecule = output
        else:
            molecule = '\n'.join(output[1:])
    else:
        if int(output[0]) == len(output) - 2:
            molecule = '\n'.join(output[2:])
            try:
                charge = int(output[1].split(' ')[0])
                spin = int(output[1].split(' ')[1])-1
            except ValueError:
                pass
        else:
            print "THIS IS NOT A VALID XYZ FILE"

    return (molecule, charge, spin)

directory = '../../molecules/'
files = [i for i in os.listdir(directory) if i.endswith('.xyz')]

for filename in files:

    name = filename[:-8]
    mol = gto.Mole()
    (mol.atom, charge, spin) = read_molecule(directory+filename)
    mol.basis = 'aug-cc-pvtz'
    mol.charge = charge
    mol.spin = spin
    mol.output = name+'.out'
    mol.symmetry = 0
    mol.max_memory = 10000
    mol.verbose = 4
    mol.build()

    mf = dft.RKS(mol) 
    mf.grids.level = 4
    mf.xc = 'm06-l'
    mf = scf.addons.remove_linear_dep_(mf)
    mf.max_cycle = 120
    mf.chkfile = name+'.chk'
    mf.kernel()

    dm = mf.make_rdm1()
    nao = mol.nao_nr()
    unit = 2.541746
    origin = ([0.0,0.0,0.0])
    charges = mol.atom_charges()
    coords  = mol.atom_coords()
    mol.set_common_orig(origin)
    r2 = mol.intor_symmetric('int1e_r2')
    r2 = numpy.einsum('ij,ji->', r2, dm)
    lib.logger.info(mf,'Electronic spatial extent <R**2> (au): %.4f', r2)

    lib.logger.info(mf,'* Multipoles in the independent field-basis, Gauge -> (0,0,0)')
    ao_dip = mol.intor_symmetric('int1e_r', comp=3)
    el_dip = numpy.einsum('xij,ji->x', ao_dip, dm)
    lib.logger.info(mf,'Electronic Dipole moment(X, Y, Z, Debye): %.4f, %.4f, %.4f', *el_dip*unit)
    nucl_dip = numpy.einsum('i,ix->x', charges, coords)
    lib.logger.info(mf,'Nuclear Dipole moment(X, Y, Z, Debye): %.4f, %.4f, %.4f', *nucl_dip*unit)
    mol_dip = (nucl_dip - el_dip) * unit
    lib.logger.info(mf,'Total Dipole moment(X, Y, Z, Debye): %.4f, %.4f, %.4f', *mol_dip)

    lib.logger.info(mf,'Quadrupole moments (Debye-Angs)')
    rr = mol.intor_symmetric('int1e_rr', comp=9).reshape(3,3,nao,nao)
    rr = -1.0*numpy.einsum('xyij,ji->xy', rr, dm)
    rr += numpy.einsum('z,zx,zy->xy', charges, coords, coords)
    rr = rr*unit*lib.param.BOHR
    lib.logger.info(mf,'Total Quadrupole moments (XX, YY, ZZ): %.4f, %.4f, %.4f', \
    rr[0,0], rr[1,1], rr[2,2])
    lib.logger.info(mf,'Total Quadrupole moments (XY, XZ, YZ): %.4f, %.4f, %.4f', \
    rr[0,1], rr[0,2], rr[1,2])
 
    lib.logger.info(mf,'Octupole moments (Debye-Angs**2)')
    rrr = mol.intor_symmetric('int1e_rrr', comp=27).reshape(3,3,3,nao,nao)
    rrr = -1.0*numpy.einsum('xyzij,ji->xyz', rrr, dm)
    rrr += numpy.einsum('z,zx,zy,zk->xyk', charges, coords, coords, coords)
    rrr = rrr*unit*lib.param.BOHR**2
    lib.logger.info(mf,'Total Octupole moments (XXX, YYY, ZZZ, XYY): %.4f, %.4f, %.4f, %.4f', \
    rrr[0,0,0], rrr[1,1,1], rrr[2,2,2], rrr[0,1,1])
    lib.logger.info(mf,'Total Octupole moments (XXY, XXZ, XZZ, YZZ): %.4f, %.4f, %.4f, %.4f', \
    rrr[0,0,1], rrr[0,0,2], rrr[0,2,2], rrr[1,2,2])
    lib.logger.info(mf,'Total Octupole moments (YYZ, XYZ): %.4f, %.4f', rrr[1,1,2], rrr[0,1,2])

    lib.logger.info(mf,'Hexadecapole moments (Debye-Angs**3)')
    rrrr = mol.intor_symmetric('int1e_rrrr', comp=81).reshape(3,3,3,3,nao,nao)
    rrrr = -1.0*numpy.einsum('xyzwij,ji->xyzw', rrrr, dm)
    rrrr += numpy.einsum('z,zx,zy,zk,zw->xykw', charges, coords, coords, coords, coords)
    rrrr = rrrr*unit*lib.param.BOHR**3
    lib.logger.info(mf,'Total Hexadecapole moments (XXXX, YYYY, ZZZZ, XXXY): %.4f, %.4f, %.4f, %.4f', \
    rrrr[0,0,0,0], rrrr[1,1,1,1], rrrr[2,2,2,2], rrrr[0,0,0,1])
    lib.logger.info(mf,'Total Hexadecapole moments (XXXZ, YYYX, YYYZ, ZZZX): %.4f, %.4f, %.4f, %.4f', \
    rrrr[0,0,0,2], rrrr[1,1,1,0], rrrr[1,1,1,2], rrrr[2,2,2,0])
    lib.logger.info(mf,'Total Hexadecapole moments (ZZZY, XXYY, XXZZ, YYZZ): %.4f, %.4f, %.4f, %.4f', \
    rrrr[2,2,2,1], rrrr[0,0,1,1], rrrr[0,0,2,2], rrrr[1,1,2,2])
    lib.logger.info(mf,'Total Hexadecapole moments (XXYZ, YYXZ, ZZXY): %.4f, %.4f, %.4f', \
    rrrr[0,0,1,2], rrrr[1,1,0,2], rrrr[2,2,0,1])
     
    coeff = mf.mo_coeff[:,mf.mo_occ>0]
    occ = mf.mo_occ[mf.mo_occ>0]
    energy = mf.mo_energy[mf.mo_occ>0]
    den_file = name+'.mol'
    fspt = open(den_file,'w')
    molden.header(mol, fspt)
    molden.orbital_coeff(mol, fspt, coeff, ene=energy, occ=occ) 
    fspt.close()                    
    cmd = '/home/jluis/bin/molden2aim '+name
    os.system(cmd)
    den_file = name+'.wfn'
    fspt = open(den_file,'a')
    fspt.write('RHF\n')
    fspt.close()                    

    pmd_file = name+'.pmd'
    fspt = open(pmd_file,'w')
    fspt.write('%s.wfn\n' % (name))
    if (mol.symmetry == False):
        fspt.write('nosymmetry\n')
    fspt.write('tes\n')
    fspt.write('  epsiscp 0.220\n')
    fspt.write('  radialquad 7\n')
    fspt.write('  rmapping 2\n')
    fspt.write('  lmax 10\n')
    fspt.write('  nr 551\n')
    fspt.write('  lebedev 5810\n')
    fspt.write('  betasphere\n')
    for ia in range(mol.natm):
        symb = mol.atom_pure_symbol(ia)
        inuc = lib.parameters.NUC[symb]
        betarad = radii.COVALENT[inuc]/3.5
        fspt.write('  betaradw %d %1.3f\n' % ((ia+1),betarad))
    fspt.write('  radialquadbeta 7\n')
    fspt.write('  rmappingbeta 3\n')
    fspt.write('  lmaxbeta 8\n')
    fspt.write('  nrb 451\n')
    fspt.write('  lebedevbeta 3074\n')
    fspt.write('  dafh\n')
    fspt.write('endtes')
    fspt.close()                    

    cmd = 'rm '+name+'.mol'
    os.system(cmd)

#INFO: ******************** input file end ********************


System: ('Linux', 'silicio', '3.16.0-4-amd64', '#1 SMP Debian 3.16.51-3 (2017-12-13)', 'x86_64', '')  Threads 12
Python 2.7.14 (default, Apr  9 2018, 16:34:43) 
[GCC 7.3.0]
numpy 1.14.2  scipy 1.0.1
Date: Thu Jun 28 18:11:03 2018
PySCF version 1.5
PySCF path  /home/jluis/src/pyscf/pyscf
GIT ORIG_HEAD f2dbb26d09ae5148fbf5975669a994500ac7a4c9
GIT HEAD      ref: refs/heads/master
GIT master branch  f2dbb26d09ae5148fbf5975669a994500ac7a4c9

[ENV] PYSCF_TMPDIR /scratch-ssd/jluis
[CONFIG] conf_file None
[INPUT] verbose = 4
[INPUT] num. atoms = 6
[INPUT] num. electrons = 50
[INPUT] charge = -2
[INPUT] spin (= nelec alpha-beta = 2S) = 0
[INPUT] symmetry 0 subgroup None
[INPUT] Mole.unit = angstrom
[INPUT]  1 P     -1.406093000000   0.887006000000  -0.046926000000 AA   -2.657130675668   1.676198410846  -0.088677288121 Bohr
[INPUT]  2 O      0.356933000000   1.149598000000  -0.107220000000 AA    0.674505614819   2.172425373348  -0.202616435076 Bohr
[INPUT]  3 O     -1.984223000000   1.901770000000  -1.078605000000 AA   -3.749638040063   3.593824451914  -2.038268046586 Bohr
[INPUT]  4 O     -1.787578000000   1.162439000000   1.438698000000 AA   -3.378032846298   2.196691346513   2.718745195960 Bohr
[INPUT]  5 H      0.603586000000   0.260496000000  -0.385209000000 AA    1.140612232622   0.492266096545  -0.727939510718 Bohr
[INPUT]  6 O     -1.439185000000  -0.623699000000  -0.487929000000 AA   -2.719665492582  -1.178620294165  -0.922052178233 Bohr

nuclear repulsion = 247.475405944195
number of shells = 74
number of NR pGTOs = 332
number of NR cGTOs = 257
basis = aug-cc-pvtz
ecp = {}
CPU time:     89814.43


******** <class 'pyscf.dft.rks.RKS'> flags ********
method = RKS-RHF
initial guess = minao
damping factor = 0
level shift factor = 0
DIIS = <class 'pyscf.scf.diis.CDIIS'>
DIIS start cycle = 1
DIIS space = 8
SCF tol = 1e-09
SCF gradient tol = None
max. SCF cycles = 120
direct_scf = True
direct_scf_tol = 1e-13
chkfile to save SCF result = hpo4_-2.chk
max_memory 10000 MB (current use 219 MB)
XC functionals = m06-l
small_rho_cutoff = 1e-07
radial grids: 
    Treutler-Ahlrichs (JCP 102, 346 (M4)) radial grids
    
becke partition: Becke, JCP, 88, 2547 (1988)
pruning grids: <function nwchem_prune at 0x2b99180735f0>
grids dens level: 4
symmetrized grids: 0
atomic radii adjust function: <function treutler_atomic_radii_adjust at 0x2b9918073500>
Set gradient conv threshold to 3.16228e-05
tot grids = 158686
init E= -643.46861655434
  HOMO = -0.388387250299394  LUMO = -0.0516827184368366
cycle= 1 E= -642.464114178006  delta_E=    1  |g|= 1.64  |ddm|= 2.11
  HOMO = 0.332274202770586  LUMO = 0.34585951016415
cycle= 2 E= -630.210659231895  delta_E= 12.3  |g|= 4.98  |ddm|=  605
  HOMO = -0.0186571505259295  LUMO = 0.161512478583507
cycle= 3 E= -642.642049463559  delta_E= -12.4  |g|= 1.15  |ddm|=  605
  HOMO = 0.0195581114410539  LUMO = 0.19899165085664
cycle= 4 E= -642.917242366297  delta_E= -0.275  |g|= 0.451  |ddm|= 0.743
  HOMO = 0.131236672737645  LUMO = 0.2128732951207
cycle= 5 E= -642.938720590286  delta_E= -0.0215  |g|= 0.442  |ddm|= 1.12
  HOMO = 0.184281565148974  LUMO = 0.21472726415248
cycle= 6 E= -642.976811435479  delta_E= -0.0381  |g|= 0.0472  |ddm|= 0.798
  HOMO = 0.186038168864668  LUMO = 0.212207989845895
cycle= 7 E= -642.977148357268  delta_E= -0.000337  |g|= 0.0376  |ddm|= 0.436
  HOMO = 0.186206147735046  LUMO = 0.211717757752696
cycle= 8 E= -642.977398901105  delta_E= -0.000251  |g|= 0.0186  |ddm|= 0.104
  HOMO = 0.18661633022088  LUMO = 0.21131435491994
cycle= 9 E= -642.977480643994  delta_E= -8.17e-05  |g|= 0.00238  |ddm|= 0.0524
  HOMO = 0.1864697413013  LUMO = 0.211388956014885
cycle= 10 E= -642.977482949452  delta_E= -2.31e-06  |g|= 0.000686  |ddm|= 0.0163
  HOMO = 0.186377351501407  LUMO = 0.211418916020474
cycle= 11 E= -642.97748311138  delta_E= -1.62e-07  |g|= 0.000128  |ddm|= 0.00828
  HOMO = 0.186362291270872  LUMO = 0.211418625285782
cycle= 12 E= -642.977483117363  delta_E= -5.98e-09  |g|= 6.36e-05  |ddm|= 0.00107
  HOMO = 0.186364080907497  LUMO = 0.211418358998058
cycle= 13 E= -642.977483118213  delta_E= -8.51e-10  |g|= 3.13e-05  |ddm|= 0.000159
  HOMO = 0.186365770994876  LUMO = 0.211419064037365
Extra cycle  E= -642.977483117596  delta_E= 6.17e-10  |g|= 6.74e-05  |ddm|= 0.000155
converged SCF energy = -642.977483117596
Electronic spatial extent <R**2> (au): 846.9088
* Multipoles in the independent field-basis, Gauge -> (0,0,0)
Electronic Dipole moment(X, Y, Z, Debye): -299.0821, 212.2001, -14.4973
Nuclear Dipole moment(X, Y, Z, Debye): -284.9272, 203.1104, -14.2633
Total Dipole moment(X, Y, Z, Debye): 14.1549, -9.0897, 0.2340
Quadrupole moments (Debye-Angs)
Total Quadrupole moments (XX, YY, ZZ): -69.3842, -63.1981, -55.4438
Total Quadrupole moments (XY, XZ, YZ): 12.6068, -1.1211, 0.5730
Octupole moments (Debye-Angs**2)
Total Octupole moments (XXX, YYY, ZZZ, XYY): 206.2434, -140.7181, 0.5147, 86.4786
Total Octupole moments (XXY, XXZ, XZZ, YZZ): -69.7722, 4.6988, 78.5478, -54.8491
Total Octupole moments (YYZ, XYZ): 12.6700, -2.2189
Hexadecapole moments (Debye-Angs**3)
Total Hexadecapole moments (XXXX, YYYY, ZZZZ, XXXY): -700.1101, -459.3085, -236.1202, 211.1408
Total Hexadecapole moments (XXXZ, YYYX, YYYZ, ZZZX): -13.6494, 202.0978, 29.1228, 4.2165
Total Hexadecapole moments (ZZZY, XXYY, XXZZ, YYZZ): 0.7149, -244.5410, -186.6130, -132.5927
Total Hexadecapole moments (XXYZ, YYXZ, ZZXY): 10.3777, -21.2051, 83.2591
