#INFO: **** input file is /home/jluis/src/git/db/molecules-wfn/m06-l/run_sp.py ****
#!/usr/bin/env python

import numpy, sys, os
from pyscf import lib, gto, scf, dft
from pyscf.tools import molden
from pyscf.data import radii

def read_molecule(path):

    charge = spin = 0
    with open(path, 'r') as myfile:
        output = myfile.read()
        output = output.lstrip()
        output = output.rstrip()
        output = output.split('\n')

    try:
        int(output[0])
    except ValueError:
        try:
            charge = int(output[0].split(' ')[0])
            spin = int(output[0].split(' ')[1]) - 1
        except ValueError:
            molecule = output
        else:
            molecule = '\n'.join(output[1:])
    else:
        if int(output[0]) == len(output) - 2:
            molecule = '\n'.join(output[2:])
            try:
                charge = int(output[1].split(' ')[0])
                spin = int(output[1].split(' ')[1])-1
            except ValueError:
                pass
        else:
            print "THIS IS NOT A VALID XYZ FILE"

    return (molecule, charge, spin)

directory = '../../molecules/'
files = [i for i in os.listdir(directory) if i.endswith('.xyz')]

for filename in files:

    name = filename[:-8]
    mol = gto.Mole()
    (mol.atom, charge, spin) = read_molecule(directory+filename)
    mol.basis = 'aug-cc-pvtz'
    mol.charge = charge
    mol.spin = spin
    mol.output = name+'.out'
    mol.symmetry = 0
    mol.max_memory = 10000
    mol.verbose = 4
    mol.build()

    mf = dft.RKS(mol) 
    mf.grids.level = 4
    mf.xc = 'm06-l'
    mf = scf.addons.remove_linear_dep_(mf)
    mf.max_cycle = 120
    mf.chkfile = name+'.chk'
    mf.kernel()

    dm = mf.make_rdm1()
    nao = mol.nao_nr()
    unit = 2.541746
    origin = ([0.0,0.0,0.0])
    charges = mol.atom_charges()
    coords  = mol.atom_coords()
    mol.set_common_orig(origin)
    r2 = mol.intor_symmetric('int1e_r2')
    r2 = numpy.einsum('ij,ji->', r2, dm)
    lib.logger.info(mf,'Electronic spatial extent <R**2> (au): %.4f', r2)

    lib.logger.info(mf,'* Multipoles in the independent field-basis, Gauge -> (0,0,0)')
    ao_dip = mol.intor_symmetric('int1e_r', comp=3)
    el_dip = numpy.einsum('xij,ji->x', ao_dip, dm)
    lib.logger.info(mf,'Electronic Dipole moment(X, Y, Z, Debye): %.4f, %.4f, %.4f', *el_dip*unit)
    nucl_dip = numpy.einsum('i,ix->x', charges, coords)
    lib.logger.info(mf,'Nuclear Dipole moment(X, Y, Z, Debye): %.4f, %.4f, %.4f', *nucl_dip*unit)
    mol_dip = (nucl_dip - el_dip) * unit
    lib.logger.info(mf,'Total Dipole moment(X, Y, Z, Debye): %.4f, %.4f, %.4f', *mol_dip)

    lib.logger.info(mf,'Quadrupole moments (Debye-Angs)')
    rr = mol.intor_symmetric('int1e_rr', comp=9).reshape(3,3,nao,nao)
    rr = -1.0*numpy.einsum('xyij,ji->xy', rr, dm)
    rr += numpy.einsum('z,zx,zy->xy', charges, coords, coords)
    rr = rr*unit*lib.param.BOHR
    lib.logger.info(mf,'Total Quadrupole moments (XX, YY, ZZ): %.4f, %.4f, %.4f', \
    rr[0,0], rr[1,1], rr[2,2])
    lib.logger.info(mf,'Total Quadrupole moments (XY, XZ, YZ): %.4f, %.4f, %.4f', \
    rr[0,1], rr[0,2], rr[1,2])
 
    lib.logger.info(mf,'Octupole moments (Debye-Angs**2)')
    rrr = mol.intor_symmetric('int1e_rrr', comp=27).reshape(3,3,3,nao,nao)
    rrr = -1.0*numpy.einsum('xyzij,ji->xyz', rrr, dm)
    rrr += numpy.einsum('z,zx,zy,zk->xyk', charges, coords, coords, coords)
    rrr = rrr*unit*lib.param.BOHR**2
    lib.logger.info(mf,'Total Octupole moments (XXX, YYY, ZZZ, XYY): %.4f, %.4f, %.4f, %.4f', \
    rrr[0,0,0], rrr[1,1,1], rrr[2,2,2], rrr[0,1,1])
    lib.logger.info(mf,'Total Octupole moments (XXY, XXZ, XZZ, YZZ): %.4f, %.4f, %.4f, %.4f', \
    rrr[0,0,1], rrr[0,0,2], rrr[0,2,2], rrr[1,2,2])
    lib.logger.info(mf,'Total Octupole moments (YYZ, XYZ): %.4f, %.4f', rrr[1,1,2], rrr[0,1,2])

    lib.logger.info(mf,'Hexadecapole moments (Debye-Angs**3)')
    rrrr = mol.intor_symmetric('int1e_rrrr', comp=81).reshape(3,3,3,3,nao,nao)
    rrrr = -1.0*numpy.einsum('xyzwij,ji->xyzw', rrrr, dm)
    rrrr += numpy.einsum('z,zx,zy,zk,zw->xykw', charges, coords, coords, coords, coords)
    rrrr = rrrr*unit*lib.param.BOHR**3
    lib.logger.info(mf,'Total Hexadecapole moments (XXXX, YYYY, ZZZZ, XXXY): %.4f, %.4f, %.4f, %.4f', \
    rrrr[0,0,0,0], rrrr[1,1,1,1], rrrr[2,2,2,2], rrrr[0,0,0,1])
    lib.logger.info(mf,'Total Hexadecapole moments (XXXZ, YYYX, YYYZ, ZZZX): %.4f, %.4f, %.4f, %.4f', \
    rrrr[0,0,0,2], rrrr[1,1,1,0], rrrr[1,1,1,2], rrrr[2,2,2,0])
    lib.logger.info(mf,'Total Hexadecapole moments (ZZZY, XXYY, XXZZ, YYZZ): %.4f, %.4f, %.4f, %.4f', \
    rrrr[2,2,2,1], rrrr[0,0,1,1], rrrr[0,0,2,2], rrrr[1,1,2,2])
    lib.logger.info(mf,'Total Hexadecapole moments (XXYZ, YYXZ, ZZXY): %.4f, %.4f, %.4f', \
    rrrr[0,0,1,2], rrrr[1,1,0,2], rrrr[2,2,0,1])
     
    coeff = mf.mo_coeff[:,mf.mo_occ>0]
    occ = mf.mo_occ[mf.mo_occ>0]
    energy = mf.mo_energy[mf.mo_occ>0]
    den_file = name+'.mol'
    fspt = open(den_file,'w')
    molden.header(mol, fspt)
    molden.orbital_coeff(mol, fspt, coeff, ene=energy, occ=occ) 
    fspt.close()                    
    cmd = '/home/jluis/bin/molden2aim '+name
    os.system(cmd)
    den_file = name+'.wfn'
    fspt = open(den_file,'a')
    fspt.write('RHF\n')
    fspt.close()                    

    pmd_file = name+'.pmd'
    fspt = open(pmd_file,'w')
    fspt.write('%s.wfn\n' % (name))
    if (mol.symmetry == False):
        fspt.write('nosymmetry\n')
    fspt.write('tes\n')
    fspt.write('  epsiscp 0.220\n')
    fspt.write('  radialquad 7\n')
    fspt.write('  rmapping 2\n')
    fspt.write('  lmax 10\n')
    fspt.write('  nr 551\n')
    fspt.write('  lebedev 5810\n')
    fspt.write('  betasphere\n')
    for ia in range(mol.natm):
        symb = mol.atom_pure_symbol(ia)
        inuc = lib.parameters.NUC[symb]
        betarad = radii.COVALENT[inuc]/3.5
        fspt.write('  betaradw %d %1.3f\n' % ((ia+1),betarad))
    fspt.write('  radialquadbeta 7\n')
    fspt.write('  rmappingbeta 3\n')
    fspt.write('  lmaxbeta 8\n')
    fspt.write('  nrb 451\n')
    fspt.write('  lebedevbeta 3074\n')
    fspt.write('  dafh\n')
    fspt.write('endtes')
    fspt.close()                    

    cmd = 'rm '+name+'.mol'
    os.system(cmd)

#INFO: ******************** input file end ********************


System: ('Linux', 'silicio', '3.16.0-4-amd64', '#1 SMP Debian 3.16.51-3 (2017-12-13)', 'x86_64', '')  Threads 12
Python 2.7.14 (default, Apr  9 2018, 16:34:43) 
[GCC 7.3.0]
numpy 1.14.2  scipy 1.0.1
Date: Thu Jun 28 18:27:05 2018
PySCF version 1.5
PySCF path  /home/jluis/src/pyscf/pyscf
GIT ORIG_HEAD f2dbb26d09ae5148fbf5975669a994500ac7a4c9
GIT HEAD      ref: refs/heads/master
GIT master branch  f2dbb26d09ae5148fbf5975669a994500ac7a4c9

[ENV] PYSCF_TMPDIR /scratch-ssd/jluis
[CONFIG] conf_file None
[INPUT] verbose = 4
[INPUT] num. atoms = 6
[INPUT] num. electrons = 34
[INPUT] charge = 0
[INPUT] spin (= nelec alpha-beta = 2S) = 0
[INPUT] symmetry 0 subgroup None
[INPUT] Mole.unit = angstrom
[INPUT]  1 P      0.077769000000   1.117699000000  -0.341764000000 AA    0.146962110981   2.112144999700  -0.645840359236 Bohr
[INPUT]  2 P     -0.077769000000  -1.117699000000  -0.341764000000 AA   -0.146962110981  -2.112144999700  -0.645840359236 Bohr
[INPUT]  3 H      0.294868000000   1.336207000000   1.057592000000 AA    0.557219762898   2.525065275727   1.998559231531 Bohr
[INPUT]  4 H     -1.336408000000   1.326507000000  -0.249705000000 AA   -2.525445110678   2.506734932318  -0.471874061935 Bohr
[INPUT]  5 H     -0.294868000000  -1.336207000000   1.057592000000 AA   -0.557219762898  -2.525065275727   1.998559231531 Bohr
[INPUT]  6 H      1.336408000000  -1.326507000000  -0.249705000000 AA    2.525445110678  -2.506734932318  -0.471874061935 Bohr

nuclear repulsion = 87.8164711660563
number of shells = 62
number of NR pGTOs = 250
number of NR cGTOs = 192
basis = aug-cc-pvtz
ecp = {}
CPU time:     98820.42


******** <class 'pyscf.dft.rks.RKS'> flags ********
method = RKS-RHF
initial guess = minao
damping factor = 0
level shift factor = 0
DIIS = <class 'pyscf.scf.diis.CDIIS'>
DIIS start cycle = 1
DIIS space = 8
SCF tol = 1e-09
SCF gradient tol = None
max. SCF cycles = 120
direct_scf = True
direct_scf_tol = 1e-13
chkfile to save SCF result = p2h4.chk
max_memory 10000 MB (current use 202 MB)
XC functionals = m06-l
small_rho_cutoff = 1e-07
radial grids: 
    Treutler-Ahlrichs (JCP 102, 346 (M4)) radial grids
    
becke partition: Becke, JCP, 88, 2547 (1988)
pruning grids: <function nwchem_prune at 0x2b99180735f0>
grids dens level: 4
symmetrized grids: 0
atomic radii adjust function: <function treutler_atomic_radii_adjust at 0x2b9918073500>
Set gradient conv threshold to 3.16228e-05
tot grids = 122132
init E= -684.971374300691
  HOMO = -0.282531976582058  LUMO = -0.0648230067277132
cycle= 1 E= -685.117175699869  delta_E= -0.146  |g|= 0.138  |ddm|= 2.05
  HOMO = -0.220434863068813  LUMO = -0.0155547424295309
cycle= 2 E= -685.119334760605  delta_E= -0.00216  |g|= 0.107  |ddm|= 0.918
  HOMO = -0.239037882553022  LUMO = -0.028217887993727
cycle= 3 E= -685.122979744194  delta_E= -0.00364  |g|= 0.0269  |ddm|= 0.183
  HOMO = -0.239562555960366  LUMO = -0.028788441286974
cycle= 4 E= -685.123168028764  delta_E= -0.000188  |g|= 0.00593  |ddm|= 0.0597
  HOMO = -0.239582615854114  LUMO = -0.0287123008462271
cycle= 5 E= -685.123179382773  delta_E= -1.14e-05  |g|= 0.00176  |ddm|= 0.0314
  HOMO = -0.239567706109745  LUMO = -0.0287152440067115
cycle= 6 E= -685.123180219141  delta_E= -8.36e-07  |g|= 0.000682  |ddm|= 0.0139
  HOMO = -0.239574182344546  LUMO = -0.0287178419052603
cycle= 7 E= -685.123180395339  delta_E= -1.76e-07  |g|= 0.000163  |ddm|= 0.00439
  HOMO = -0.239582070969941  LUMO = -0.0287239505279566
cycle= 8 E= -685.123180406364  delta_E= -1.1e-08  |g|= 4.93e-05  |ddm|= 0.00275
  HOMO = -0.239587668504347  LUMO = -0.0287273894937545
cycle= 9 E= -685.123180407664  delta_E= -1.3e-09  |g|= 1.09e-05  |ddm|= 0.000968
  HOMO = -0.239587878540941  LUMO = -0.0287277378011258
cycle= 10 E= -685.123180407712  delta_E= -4.71e-11  |g|= 2.57e-06  |ddm|= 0.000211
  HOMO = -0.239588237809757  LUMO = -0.0287280700586551
Extra cycle  E= -685.123180407714  delta_E= -2.5e-12  |g|= 1.34e-06  |ddm|= 3.97e-05
converged SCF energy = -685.123180407714
Electronic spatial extent <R**2> (au): 259.1217
* Multipoles in the independent field-basis, Gauge -> (0,0,0)
Electronic Dipole moment(X, Y, Z, Debye): 0.0000, 0.0000, -42.4396
Nuclear Dipole moment(X, Y, Z, Debye): 0.0000, 0.0000, -41.4860
Total Dipole moment(X, Y, Z, Debye): -0.0000, -0.0000, 0.9537
Quadrupole moments (Debye-Angs)
Total Quadrupole moments (XX, YY, ZZ): -28.2022, -29.7474, -29.4721
Total Quadrupole moments (XY, XZ, YZ): -1.7354, 0.0000, 0.0000
Octupole moments (Debye-Angs**2)
Total Octupole moments (XXX, YYY, ZZZ, XYY): -0.0000, -0.0000, 24.0242, -0.0000
Total Octupole moments (XXY, XXZ, XZZ, YZZ): -0.0000, 7.6858, -0.0000, -0.0000
Total Octupole moments (YYZ, XYZ): 11.7877, 2.4359
Hexadecapole moments (Debye-Angs**3)
Total Hexadecapole moments (XXXX, YYYY, ZZZZ, XXXY): -57.0242, -270.9082, -71.4769, -3.1168
Total Hexadecapole moments (XXXZ, YYYX, YYYZ, ZZZX): -0.0000, -6.5399, -0.0000, -0.0000
Total Hexadecapole moments (ZZZY, XXYY, XXZZ, YYZZ): 0.0000, -55.3345, -22.7131, -61.0801
Total Hexadecapole moments (XXYZ, YYXZ, ZZXY): -0.0000, 0.0000, -1.8380
