#INFO: **** input file is /home/jluis/src/git/db/aromatic-wfn/m06-2x/run_sp.py ****
#!/usr/bin/env python

import numpy, sys, os
from pyscf import lib, gto, scf, dft
from pyscf.tools import molden
from pyscf.data import radii

def read_molecule(path):

    charge = spin = 0
    with open(path, 'r') as myfile:
        output = myfile.read()
        output = output.lstrip()
        output = output.rstrip()
        output = output.split('\n')

    try:
        int(output[0])
    except ValueError:
        try:
            charge = int(output[0].split(' ')[0])
            spin = int(output[0].split(' ')[1]) - 1
        except ValueError:
            molecule = output
        else:
            molecule = '\n'.join(output[1:])
    else:
        if int(output[0]) == len(output) - 2:
            molecule = '\n'.join(output[2:])
            try:
                charge = int(output[1].split(' ')[0])
                spin = int(output[1].split(' ')[1])-1
            except ValueError:
                pass
        else:
            print "THIS IS NOT A VALID XYZ FILE"

    return (molecule, charge, spin)

directory = '../../aromatic/'
files = [i for i in os.listdir(directory) if i.endswith('.xyz')]

for filename in files:

    name = filename[:-8]
    mol = gto.Mole()
    (mol.atom, charge, spin) = read_molecule(directory+filename)
    mol.basis = 'aug-cc-pvtz'
    mol.charge = charge
    mol.spin = spin
    mol.output = name+'.out'
    mol.symmetry = 0
    mol.max_memory = 10000
    mol.verbose = 4
    mol.build()

    mf = dft.RKS(mol) 
    mf.grids.level = 4
    mf.xc = 'm06_2x'
    mf.max_cycle = 120
    mf.chkfile = name+'.chk'
    mf = scf.addons.remove_linear_dep_(mf)
    mf.kernel()

    dm = mf.make_rdm1()
    nao = mol.nao_nr()
    unit = 2.541746
    origin = ([0.0,0.0,0.0])
    charges = mol.atom_charges()
    coords  = mol.atom_coords()
    mol.set_common_orig(origin)
    r2 = mol.intor_symmetric('int1e_r2')
    r2 = numpy.einsum('ij,ji->', r2, dm)
    lib.logger.info(mf,'Electronic spatial extent <R**2> (au): %.4f', r2)

    lib.logger.info(mf,'* Multipoles in the independent field-basis, Gauge -> (0,0,0)')
    ao_dip = mol.intor_symmetric('int1e_r', comp=3)
    el_dip = numpy.einsum('xij,ji->x', ao_dip, dm)
    lib.logger.info(mf,'Electronic Dipole moment(X, Y, Z, Debye): %.4f, %.4f, %.4f', *el_dip*unit)
    nucl_dip = numpy.einsum('i,ix->x', charges, coords)
    lib.logger.info(mf,'Nuclear Dipole moment(X, Y, Z, Debye): %.4f, %.4f, %.4f', *nucl_dip*unit)
    mol_dip = (nucl_dip - el_dip) * unit
    lib.logger.info(mf,'Total Dipole moment(X, Y, Z, Debye): %.4f, %.4f, %.4f', *mol_dip)

    lib.logger.info(mf,'Quadrupole moments (Debye-Angs)')
    rr = mol.intor_symmetric('int1e_rr', comp=9).reshape(3,3,nao,nao)
    rr = -1.0*numpy.einsum('xyij,ji->xy', rr, dm)
    rr += numpy.einsum('z,zx,zy->xy', charges, coords, coords)
    rr = rr*unit*lib.param.BOHR
    lib.logger.info(mf,'Total Quadrupole moments (XX, YY, ZZ): %.4f, %.4f, %.4f', \
    rr[0,0], rr[1,1], rr[2,2])
    lib.logger.info(mf,'Total Quadrupole moments (XY, XZ, YZ): %.4f, %.4f, %.4f', \
    rr[0,1], rr[0,2], rr[1,2])
 
    lib.logger.info(mf,'Octupole moments (Debye-Angs**2)')
    rrr = mol.intor_symmetric('int1e_rrr', comp=27).reshape(3,3,3,nao,nao)
    rrr = -1.0*numpy.einsum('xyzij,ji->xyz', rrr, dm)
    rrr += numpy.einsum('z,zx,zy,zk->xyk', charges, coords, coords, coords)
    rrr = rrr*unit*lib.param.BOHR**2
    lib.logger.info(mf,'Total Octupole moments (XXX, YYY, ZZZ, XYY): %.4f, %.4f, %.4f, %.4f', \
    rrr[0,0,0], rrr[1,1,1], rrr[2,2,2], rrr[0,1,1])
    lib.logger.info(mf,'Total Octupole moments (XXY, XXZ, XZZ, YZZ): %.4f, %.4f, %.4f, %.4f', \
    rrr[0,0,1], rrr[0,0,2], rrr[0,2,2], rrr[1,2,2])
    lib.logger.info(mf,'Total Octupole moments (YYZ, XYZ): %.4f, %.4f', rrr[1,1,2], rrr[0,1,2])

    lib.logger.info(mf,'Hexadecapole moments (Debye-Angs**3)')
    rrrr = mol.intor_symmetric('int1e_rrrr', comp=81).reshape(3,3,3,3,nao,nao)
    rrrr = -1.0*numpy.einsum('xyzwij,ji->xyzw', rrrr, dm)
    rrrr += numpy.einsum('z,zx,zy,zk,zw->xykw', charges, coords, coords, coords, coords)
    rrrr = rrrr*unit*lib.param.BOHR**3
    lib.logger.info(mf,'Total Hexadecapole moments (XXXX, YYYY, ZZZZ, XXXY): %.4f, %.4f, %.4f, %.4f', \
    rrrr[0,0,0,0], rrrr[1,1,1,1], rrrr[2,2,2,2], rrrr[0,0,0,1])
    lib.logger.info(mf,'Total Hexadecapole moments (XXXZ, YYYX, YYYZ, ZZZX): %.4f, %.4f, %.4f, %.4f', \
    rrrr[0,0,0,2], rrrr[1,1,1,0], rrrr[1,1,1,2], rrrr[2,2,2,0])
    lib.logger.info(mf,'Total Hexadecapole moments (ZZZY, XXYY, XXZZ, YYZZ): %.4f, %.4f, %.4f, %.4f', \
    rrrr[2,2,2,1], rrrr[0,0,1,1], rrrr[0,0,2,2], rrrr[1,1,2,2])
    lib.logger.info(mf,'Total Hexadecapole moments (XXYZ, YYXZ, ZZXY): %.4f, %.4f, %.4f', \
    rrrr[0,0,1,2], rrrr[1,1,0,2], rrrr[2,2,0,1])
     
    coeff = mf.mo_coeff[:,mf.mo_occ>0]
    occ = mf.mo_occ[mf.mo_occ>0]
    energy = mf.mo_energy[mf.mo_occ>0]
    den_file = name+'.mol'
    fspt = open(den_file,'w')
    molden.header(mol, fspt)
    molden.orbital_coeff(mol, fspt, coeff, ene=energy, occ=occ) 
    fspt.close()                    
    cmd = '/home/jluis/bin/molden2aim '+name
    os.system(cmd)
    den_file = name+'.wfn'
    fspt = open(den_file,'a')
    fspt.write('RHF\n')
    fspt.close()                    

    pmd_file = name+'.pmd'
    fspt = open(pmd_file,'w')
    fspt.write('%s.wfn\n' % (name))
    if (mol.symmetry == False):
        fspt.write('nosymmetry\n')
    fspt.write('tes\n')
    fspt.write('  epsiscp 0.220\n')
    fspt.write('  radialquad 7\n')
    fspt.write('  rmapping 2\n')
    fspt.write('  lmax 10\n')
    fspt.write('  nr 551\n')
    fspt.write('  lebedev 5810\n')
    fspt.write('  betasphere\n')
    for ia in range(mol.natm):
        symb = mol.atom_pure_symbol(ia)
        inuc = lib.parameters.NUC[symb]
        betarad = radii.COVALENT[inuc]/3.5
        fspt.write('  betaradw %d %1.3f\n' % ((ia+1),betarad))
    fspt.write('  radialquadbeta 7\n')
    fspt.write('  rmappingbeta 3\n')
    fspt.write('  lmaxbeta 8\n')
    fspt.write('  nrb 451\n')
    fspt.write('  lebedevbeta 3074\n')
    fspt.write('  dafh\n')
    fspt.write('endtes')
    fspt.close()                    

    cmd = 'rm '+name+'.mol'
    os.system(cmd)

#INFO: ******************** input file end ********************


System: ('Linux', 'cromo', '4.9.0-0.bpo.3-amd64', '#1 SMP Debian 4.9.30-2+deb9u5~bpo8+1 (2017-09-28)', 'x86_64', '')  Threads 4
Python 2.7.14 (default, Apr 10 2018, 19:21:27) 
[GCC 7.3.0]
numpy 1.14.2  scipy 1.0.1
Date: Sun Jul  1 17:37:10 2018
PySCF version 1.5
PySCF path  /home/jluis/src/pyscf/pyscf
GIT ORIG_HEAD 1ca9fa9a79cffe36c02a6597649cc8e4258362c9
GIT HEAD      ref: refs/heads/master
GIT master branch  2a04e98fd7e076282a2b183302d17fc6af3d78e6

[ENV] PYSCF_MAX_MEMORY 32000
[ENV] PYSCF_TMPDIR /scratch-ssd/jluis
[CONFIG] conf_file None
[INPUT] verbose = 4
[INPUT] num. atoms = 10
[INPUT] num. electrons = 44
[INPUT] charge = 0
[INPUT] spin (= nelec alpha-beta = 2S) = 0
[INPUT] symmetry 0 subgroup None
[INPUT] Mole.unit = angstrom
[INPUT]  1 O      0.885253000000  -0.999448000000   0.000000000000 AA    1.672885720950  -1.888682995744   0.000000000000 Bohr
[INPUT]  2 O      1.264167000000   0.422614000000   0.000000000000 AA    2.388929405713   0.798624716407   0.000000000000 Bohr
[INPUT]  3 C      0.239346000000   1.327626000000   0.000000000000 AA    0.452298389010   2.508849535852   0.000000000000 Bohr
[INPUT]  4 C     -1.062001000000   1.035383000000   0.000000000000 AA   -2.006891034014   1.956590304031   0.000000000000 Bohr
[INPUT]  5 C     -1.437528000000  -0.374382000000   0.000000000000 AA   -2.716534216394  -0.707479445967   0.000000000000 Bohr
[INPUT]  6 C     -0.453864000000  -1.275090000000   0.000000000000 AA   -0.857678657800  -2.409570884172   0.000000000000 Bohr
[INPUT]  7 H      0.675347000000   2.327263000000   0.000000000000 AA    1.276220869047   4.397889689834   0.000000000000 Bohr
[INPUT]  8 H     -1.795156000000   1.836922000000   0.000000000000 AA   -3.392353190870   3.471279492188   0.000000000000 Bohr
[INPUT]  9 H     -2.472239000000  -0.705076000000   0.000000000000 AA   -4.671854624469  -1.332400537004   0.000000000000 Bohr
[INPUT] 10 H     -0.572713000000  -2.359191000000   0.000000000000 AA   -1.082270717978  -4.458224865539   0.000000000000 Bohr

nuclear repulsion = 223.315425896401
number of shells = 114
number of NR pGTOs = 448
number of NR cGTOs = 368
basis = aug-cc-pvtz
ecp = {}
CPU time:      2650.18


******** <class 'pyscf.dft.rks.RKS'> flags ********
method = RKS-RHF
initial guess = minao
damping factor = 0
level shift factor = 0
DIIS = <class 'pyscf.scf.diis.CDIIS'>
DIIS start cycle = 1
DIIS space = 8
SCF tol = 1e-09
SCF gradient tol = None
max. SCF cycles = 120
direct_scf = True
direct_scf_tol = 1e-13
chkfile to save SCF result = 1_2-dioxin.chk
max_memory 10000 MB (current use 180 MB)
XC functionals = m06_2x
small_rho_cutoff = 1e-07
radial grids: 
    Treutler-Ahlrichs (JCP 102, 346 (M4)) radial grids
    
becke partition: Becke, JCP, 88, 2547 (1988)
pruning grids: <function nwchem_prune at 0x2b09854dce60>
grids dens level: 4
symmetrized grids: 0
atomic radii adjust function: <function treutler_atomic_radii_adjust at 0x2b09854dcd70>
Set gradient conv threshold to 3.16228e-05
tot grids = 233928
init E= -306.482132172619
  HOMO = -0.238891288155873  LUMO = -0.108662551865122
cycle= 1 E= -305.048367016825  delta_E= 1.43  |g|= 0.553  |ddm|= 5.51
  HOMO = -0.211587231564479  LUMO = -0.00324309759865175
cycle= 2 E= -305.059684469102  delta_E= -0.0113  |g|= 0.472  |ddm|= 1.59
  HOMO = -0.247257124185014  LUMO = -0.00777032681571584
cycle= 3 E= -305.11289969264  delta_E= -0.0532  |g|= 0.106  |ddm|= 0.522
  HOMO = -0.256882875418061  LUMO = -0.00604438183243014
cycle= 4 E= -305.115318043837  delta_E= -0.00242  |g|= 0.0388  |ddm|= 0.169
  HOMO = -0.252123369598825  LUMO = -0.00604076735600569
cycle= 5 E= -305.11562114456  delta_E= -0.000303  |g|= 0.00974  |ddm|= 0.0496
  HOMO = -0.253032667110496  LUMO = -0.00607659648189294
cycle= 6 E= -305.115638606231  delta_E= -1.75e-05  |g|= 0.00263  |ddm|= 0.0134
  HOMO = -0.253094855257269  LUMO = -0.00611604248165459
cycle= 7 E= -305.115639883691  delta_E= -1.28e-06  |g|= 0.000952  |ddm|= 0.00343
  HOMO = -0.253084994484805  LUMO = -0.00611952209256641
cycle= 8 E= -305.115640086586  delta_E= -2.03e-07  |g|= 0.000163  |ddm|= 0.00123
  HOMO = -0.2530809678908  LUMO = -0.00611899897014436
cycle= 9 E= -305.115640093727  delta_E= -7.14e-09  |g|= 3.34e-05  |ddm|= 0.000388
  HOMO = -0.25308477028902  LUMO = -0.00611971809159471
cycle= 10 E= -305.115640094007  delta_E= -2.8e-10  |g|= 1.63e-05  |ddm|= 8.1e-05
  HOMO = -0.253084973979246  LUMO = -0.00611975542475874
Extra cycle  E= -305.115640093923  delta_E= 8.47e-11  |g|= 2.78e-05  |ddm|= 2.85e-05
converged SCF energy = -305.115640093923
Electronic spatial extent <R**2> (au): 438.0183
* Multipoles in the independent field-basis, Gauge -> (0,0,0)
Electronic Dipole moment(X, Y, Z, Debye): -13.7810, 3.1896, -0.0000
Nuclear Dipole moment(X, Y, Z, Debye): -15.6281, 3.6815, 0.0000
Total Dipole moment(X, Y, Z, Debye): -1.8471, 0.4919, 0.0000
Quadrupole moments (Debye-Angs)
Total Quadrupole moments (XX, YY, ZZ): -34.4155, -28.2950, -37.4934
Total Quadrupole moments (XY, XZ, YZ): 1.7598, 0.0000, -0.0000
Octupole moments (Debye-Angs**2)
Total Octupole moments (XXX, YYY, ZZZ, XYY): 6.4917, -3.6081, 0.0000, 4.3527
Total Octupole moments (XXY, XXZ, XZZ, YZZ): 0.9884, 0.0000, 8.6113, -2.2078
Total Octupole moments (YYZ, XYZ): 0.0000, -0.0000
Hexadecapole moments (Debye-Angs**3)
Total Hexadecapole moments (XXXX, YYYY, ZZZZ, XXXY): -245.6253, -232.6176, -40.3998, -3.0282
Total Hexadecapole moments (XXXZ, YYYX, YYYZ, ZZZX): 0.0000, 6.6843, -0.0000, 0.0000
Total Hexadecapole moments (ZZZY, XXYY, XXZZ, YYZZ): -0.0000, -83.5147, -54.9983, -58.8695
Total Hexadecapole moments (XXYZ, YYXZ, ZZXY): -0.0000, 0.0000, -1.1364
