#INFO: **** input file is /home/jluis/src/git/db/aromatic-wfn/m06-2x/run_sp.py ****
#!/usr/bin/env python

import numpy, sys, os
from pyscf import lib, gto, scf, dft
from pyscf.tools import molden
from pyscf.data import radii

def read_molecule(path):

    charge = spin = 0
    with open(path, 'r') as myfile:
        output = myfile.read()
        output = output.lstrip()
        output = output.rstrip()
        output = output.split('\n')

    try:
        int(output[0])
    except ValueError:
        try:
            charge = int(output[0].split(' ')[0])
            spin = int(output[0].split(' ')[1]) - 1
        except ValueError:
            molecule = output
        else:
            molecule = '\n'.join(output[1:])
    else:
        if int(output[0]) == len(output) - 2:
            molecule = '\n'.join(output[2:])
            try:
                charge = int(output[1].split(' ')[0])
                spin = int(output[1].split(' ')[1])-1
            except ValueError:
                pass
        else:
            print "THIS IS NOT A VALID XYZ FILE"

    return (molecule, charge, spin)

directory = '../../aromatic/'
files = [i for i in os.listdir(directory) if i.endswith('.xyz')]

for filename in files:

    name = filename[:-8]
    mol = gto.Mole()
    (mol.atom, charge, spin) = read_molecule(directory+filename)
    mol.basis = 'aug-cc-pvtz'
    mol.charge = charge
    mol.spin = spin
    mol.output = name+'.out'
    mol.symmetry = 0
    mol.max_memory = 10000
    mol.verbose = 4
    mol.build()

    mf = dft.RKS(mol) 
    mf.grids.level = 4
    mf.xc = 'm06_2x'
    mf.max_cycle = 120
    mf.chkfile = name+'.chk'
    mf = scf.addons.remove_linear_dep_(mf)
    mf.kernel()

    dm = mf.make_rdm1()
    nao = mol.nao_nr()
    unit = 2.541746
    origin = ([0.0,0.0,0.0])
    charges = mol.atom_charges()
    coords  = mol.atom_coords()
    mol.set_common_orig(origin)
    r2 = mol.intor_symmetric('int1e_r2')
    r2 = numpy.einsum('ij,ji->', r2, dm)
    lib.logger.info(mf,'Electronic spatial extent <R**2> (au): %.4f', r2)

    lib.logger.info(mf,'* Multipoles in the independent field-basis, Gauge -> (0,0,0)')
    ao_dip = mol.intor_symmetric('int1e_r', comp=3)
    el_dip = numpy.einsum('xij,ji->x', ao_dip, dm)
    lib.logger.info(mf,'Electronic Dipole moment(X, Y, Z, Debye): %.4f, %.4f, %.4f', *el_dip*unit)
    nucl_dip = numpy.einsum('i,ix->x', charges, coords)
    lib.logger.info(mf,'Nuclear Dipole moment(X, Y, Z, Debye): %.4f, %.4f, %.4f', *nucl_dip*unit)
    mol_dip = (nucl_dip - el_dip) * unit
    lib.logger.info(mf,'Total Dipole moment(X, Y, Z, Debye): %.4f, %.4f, %.4f', *mol_dip)

    lib.logger.info(mf,'Quadrupole moments (Debye-Angs)')
    rr = mol.intor_symmetric('int1e_rr', comp=9).reshape(3,3,nao,nao)
    rr = -1.0*numpy.einsum('xyij,ji->xy', rr, dm)
    rr += numpy.einsum('z,zx,zy->xy', charges, coords, coords)
    rr = rr*unit*lib.param.BOHR
    lib.logger.info(mf,'Total Quadrupole moments (XX, YY, ZZ): %.4f, %.4f, %.4f', \
    rr[0,0], rr[1,1], rr[2,2])
    lib.logger.info(mf,'Total Quadrupole moments (XY, XZ, YZ): %.4f, %.4f, %.4f', \
    rr[0,1], rr[0,2], rr[1,2])
 
    lib.logger.info(mf,'Octupole moments (Debye-Angs**2)')
    rrr = mol.intor_symmetric('int1e_rrr', comp=27).reshape(3,3,3,nao,nao)
    rrr = -1.0*numpy.einsum('xyzij,ji->xyz', rrr, dm)
    rrr += numpy.einsum('z,zx,zy,zk->xyk', charges, coords, coords, coords)
    rrr = rrr*unit*lib.param.BOHR**2
    lib.logger.info(mf,'Total Octupole moments (XXX, YYY, ZZZ, XYY): %.4f, %.4f, %.4f, %.4f', \
    rrr[0,0,0], rrr[1,1,1], rrr[2,2,2], rrr[0,1,1])
    lib.logger.info(mf,'Total Octupole moments (XXY, XXZ, XZZ, YZZ): %.4f, %.4f, %.4f, %.4f', \
    rrr[0,0,1], rrr[0,0,2], rrr[0,2,2], rrr[1,2,2])
    lib.logger.info(mf,'Total Octupole moments (YYZ, XYZ): %.4f, %.4f', rrr[1,1,2], rrr[0,1,2])

    lib.logger.info(mf,'Hexadecapole moments (Debye-Angs**3)')
    rrrr = mol.intor_symmetric('int1e_rrrr', comp=81).reshape(3,3,3,3,nao,nao)
    rrrr = -1.0*numpy.einsum('xyzwij,ji->xyzw', rrrr, dm)
    rrrr += numpy.einsum('z,zx,zy,zk,zw->xykw', charges, coords, coords, coords, coords)
    rrrr = rrrr*unit*lib.param.BOHR**3
    lib.logger.info(mf,'Total Hexadecapole moments (XXXX, YYYY, ZZZZ, XXXY): %.4f, %.4f, %.4f, %.4f', \
    rrrr[0,0,0,0], rrrr[1,1,1,1], rrrr[2,2,2,2], rrrr[0,0,0,1])
    lib.logger.info(mf,'Total Hexadecapole moments (XXXZ, YYYX, YYYZ, ZZZX): %.4f, %.4f, %.4f, %.4f', \
    rrrr[0,0,0,2], rrrr[1,1,1,0], rrrr[1,1,1,2], rrrr[2,2,2,0])
    lib.logger.info(mf,'Total Hexadecapole moments (ZZZY, XXYY, XXZZ, YYZZ): %.4f, %.4f, %.4f, %.4f', \
    rrrr[2,2,2,1], rrrr[0,0,1,1], rrrr[0,0,2,2], rrrr[1,1,2,2])
    lib.logger.info(mf,'Total Hexadecapole moments (XXYZ, YYXZ, ZZXY): %.4f, %.4f, %.4f', \
    rrrr[0,0,1,2], rrrr[1,1,0,2], rrrr[2,2,0,1])
     
    coeff = mf.mo_coeff[:,mf.mo_occ>0]
    occ = mf.mo_occ[mf.mo_occ>0]
    energy = mf.mo_energy[mf.mo_occ>0]
    den_file = name+'.mol'
    fspt = open(den_file,'w')
    molden.header(mol, fspt)
    molden.orbital_coeff(mol, fspt, coeff, ene=energy, occ=occ) 
    fspt.close()                    
    cmd = '/home/jluis/bin/molden2aim '+name
    os.system(cmd)
    den_file = name+'.wfn'
    fspt = open(den_file,'a')
    fspt.write('RHF\n')
    fspt.close()                    

    pmd_file = name+'.pmd'
    fspt = open(pmd_file,'w')
    fspt.write('%s.wfn\n' % (name))
    if (mol.symmetry == False):
        fspt.write('nosymmetry\n')
    fspt.write('tes\n')
    fspt.write('  epsiscp 0.220\n')
    fspt.write('  radialquad 7\n')
    fspt.write('  rmapping 2\n')
    fspt.write('  lmax 10\n')
    fspt.write('  nr 551\n')
    fspt.write('  lebedev 5810\n')
    fspt.write('  betasphere\n')
    for ia in range(mol.natm):
        symb = mol.atom_pure_symbol(ia)
        inuc = lib.parameters.NUC[symb]
        betarad = radii.COVALENT[inuc]/3.5
        fspt.write('  betaradw %d %1.3f\n' % ((ia+1),betarad))
    fspt.write('  radialquadbeta 7\n')
    fspt.write('  rmappingbeta 3\n')
    fspt.write('  lmaxbeta 8\n')
    fspt.write('  nrb 451\n')
    fspt.write('  lebedevbeta 3074\n')
    fspt.write('  dafh\n')
    fspt.write('endtes')
    fspt.close()                    

    cmd = 'rm '+name+'.mol'
    os.system(cmd)

#INFO: ******************** input file end ********************


System: ('Linux', 'cromo', '4.9.0-0.bpo.3-amd64', '#1 SMP Debian 4.9.30-2+deb9u5~bpo8+1 (2017-09-28)', 'x86_64', '')  Threads 4
Python 2.7.14 (default, Apr 10 2018, 19:21:27) 
[GCC 7.3.0]
numpy 1.14.2  scipy 1.0.1
Date: Sun Jul  1 17:45:03 2018
PySCF version 1.5
PySCF path  /home/jluis/src/pyscf/pyscf
GIT ORIG_HEAD 1ca9fa9a79cffe36c02a6597649cc8e4258362c9
GIT HEAD      ref: refs/heads/master
GIT master branch  2a04e98fd7e076282a2b183302d17fc6af3d78e6

[ENV] PYSCF_MAX_MEMORY 32000
[ENV] PYSCF_TMPDIR /scratch-ssd/jluis
[CONFIG] conf_file None
[INPUT] verbose = 4
[INPUT] num. atoms = 8
[INPUT] num. electrons = 36
[INPUT] charge = 0
[INPUT] spin (= nelec alpha-beta = 2S) = 0
[INPUT] symmetry 0 subgroup None
[INPUT] Mole.unit = angstrom
[INPUT]  1 N      1.128075000000   0.310938000000   0.000000000000 AA    2.131752797969   0.587587661720   0.000000000000 Bohr
[INPUT]  2 O      0.004469000000   1.106489000000   0.000000000000 AA    0.008445186051   2.090961169844   0.000000000000 Bohr
[INPUT]  3 C     -1.087100000000   0.332141000000   0.000000000000 AA   -2.054321270015   0.627655524739   0.000000000000 Bohr
[INPUT]  4 C     -0.732788000000  -0.981209000000   0.000000000000 AA   -1.384768627368  -1.854216280958   0.000000000000 Bohr
[INPUT]  5 C      0.687479000000  -0.922688000000   0.000000000000 AA    1.299147026390  -1.743627618423   0.000000000000 Bohr
[INPUT]  6 H     -2.040856000000   0.850317000000   0.000000000000 AA   -3.856658899675   1.606866249062   0.000000000000 Bohr
[INPUT]  7 H     -1.377981000000  -1.851743000000   0.000000000000 AA   -2.604006694854  -3.499287123080   0.000000000000 Bohr
[INPUT]  8 H      1.407092000000  -1.737636000000   0.000000000000 AA    2.659018512067  -3.283656144185   0.000000000000 Bohr

nuclear repulsion = 162.456495951783
number of shells = 92
number of NR pGTOs = 365
number of NR cGTOs = 299
basis = aug-cc-pvtz
ecp = {}
CPU time:      4360.14


******** <class 'pyscf.dft.rks.RKS'> flags ********
method = RKS-RHF
initial guess = minao
damping factor = 0
level shift factor = 0
DIIS = <class 'pyscf.scf.diis.CDIIS'>
DIIS start cycle = 1
DIIS space = 8
SCF tol = 1e-09
SCF gradient tol = None
max. SCF cycles = 120
direct_scf = True
direct_scf_tol = 1e-13
chkfile to save SCF result = isoxazole.chk
max_memory 10000 MB (current use 180 MB)
XC functionals = m06_2x
small_rho_cutoff = 1e-07
radial grids: 
    Treutler-Ahlrichs (JCP 102, 346 (M4)) radial grids
    
becke partition: Becke, JCP, 88, 2547 (1988)
pruning grids: <function nwchem_prune at 0x2b09854dce60>
grids dens level: 4
symmetrized grids: 0
atomic radii adjust function: <function treutler_atomic_radii_adjust at 0x2b09854dcd70>
Set gradient conv threshold to 3.16228e-05
tot grids = 189480
init E= -247.276660554686
  HOMO = -0.310422176556528  LUMO = -0.0762585407556453
cycle= 1 E= -245.983190591653  delta_E= 1.29  |g|= 0.475  |ddm|= 3.97
  HOMO = -0.299161627523513  LUMO = -0.00484308461797172
cycle= 2 E= -245.9926950662  delta_E= -0.0095  |g|= 0.42  |ddm|= 0.892
  HOMO = -0.328681488850215  LUMO = -0.00789789654004803
cycle= 3 E= -246.027246295593  delta_E= -0.0346  |g|= 0.108  |ddm|= 0.324
  HOMO = -0.336964990126693  LUMO = -0.00570536836042228
cycle= 4 E= -246.029458845019  delta_E= -0.00221  |g|= 0.0409  |ddm|= 0.129
  HOMO = -0.333265849805478  LUMO = -0.00573953148981585
cycle= 5 E= -246.029785930982  delta_E= -0.000327  |g|= 0.0115  |ddm|= 0.0367
  HOMO = -0.332865894028583  LUMO = -0.00571835762749083
cycle= 6 E= -246.029809203684  delta_E= -2.33e-05  |g|= 0.00332  |ddm|= 0.0124
  HOMO = -0.333282734130356  LUMO = -0.00576382959838099
cycle= 7 E= -246.029811263329  delta_E= -2.06e-06  |g|= 0.000928  |ddm|= 0.00318
  HOMO = -0.333271424611577  LUMO = -0.00576431620150195
cycle= 8 E= -246.029811400801  delta_E= -1.37e-07  |g|= 0.000527  |ddm|= 0.00121
  HOMO = -0.333250551368728  LUMO = -0.00576456606807235
cycle= 9 E= -246.029811458312  delta_E= -5.75e-08  |g|= 7.97e-05  |ddm|= 0.000563
  HOMO = -0.333249903654636  LUMO = -0.00576332302763701
cycle= 10 E= -246.029811460692  delta_E= -2.38e-09  |g|= 4.57e-05  |ddm|= 0.000171
  HOMO = -0.333249448659282  LUMO = -0.00576318733848813
cycle= 11 E= -246.029811461353  delta_E= -6.61e-10  |g|= 1.38e-05  |ddm|= 7.7e-05
  HOMO = -0.333251146675144  LUMO = -0.00576343293202658
Extra cycle  E= -246.02981146138  delta_E= -2.73e-11  |g|= 1.17e-05  |ddm|= 2.36e-05
converged SCF energy = -246.02981146138
Electronic spatial extent <R**2> (au): 274.2210
* Multipoles in the independent field-basis, Gauge -> (0,0,0)
Electronic Dipole moment(X, Y, Z, Debye): -1.9103, -3.5004, -0.0000
Nuclear Dipole moment(X, Y, Z, Debye): -4.1976, -5.4810, 0.0000
Total Dipole moment(X, Y, Z, Debye): -2.2873, -1.9806, 0.0000
Quadrupole moments (Debye-Angs)
Total Quadrupole moments (XX, YY, ZZ): -27.0692, -26.5420, -30.4456
Total Quadrupole moments (XY, XZ, YZ): -3.0931, 0.0000, -0.0000
Octupole moments (Debye-Angs**2)
Total Octupole moments (XXX, YYY, ZZZ, XYY): -7.5126, -0.4206, 0.0000, -0.4203
Total Octupole moments (XXY, XXZ, XZZ, YZZ): -0.2174, 0.0000, 1.6126, 3.8526
Total Octupole moments (YYZ, XYZ): 0.0000, 0.0000
Hexadecapole moments (Debye-Angs**3)
Total Hexadecapole moments (XXXX, YYYY, ZZZZ, XXXY): -167.4582, -150.3984, -32.2147, -10.7381
Total Hexadecapole moments (XXXZ, YYYX, YYYZ, ZZZX): 0.0000, -0.4068, 0.0000, -0.0000
Total Hexadecapole moments (ZZZY, XXYY, XXZZ, YYZZ): -0.0000, -44.6014, -37.5802, -33.8014
Total Hexadecapole moments (XXYZ, YYXZ, ZZXY): -0.0000, -0.0000, -0.3272
