#INFO: **** input file is /home/jluis/src/git/db/aromatic-wfn/m06-2x/run_sp.py ****
#!/usr/bin/env python

import numpy, sys, os
from pyscf import lib, gto, scf, dft
from pyscf.tools import molden
from pyscf.data import radii

def read_molecule(path):

    charge = spin = 0
    with open(path, 'r') as myfile:
        output = myfile.read()
        output = output.lstrip()
        output = output.rstrip()
        output = output.split('\n')

    try:
        int(output[0])
    except ValueError:
        try:
            charge = int(output[0].split(' ')[0])
            spin = int(output[0].split(' ')[1]) - 1
        except ValueError:
            molecule = output
        else:
            molecule = '\n'.join(output[1:])
    else:
        if int(output[0]) == len(output) - 2:
            molecule = '\n'.join(output[2:])
            try:
                charge = int(output[1].split(' ')[0])
                spin = int(output[1].split(' ')[1])-1
            except ValueError:
                pass
        else:
            print "THIS IS NOT A VALID XYZ FILE"

    return (molecule, charge, spin)

directory = '../../aromatic/'
files = [i for i in os.listdir(directory) if i.endswith('.xyz')]

for filename in files:

    name = filename[:-8]
    mol = gto.Mole()
    (mol.atom, charge, spin) = read_molecule(directory+filename)
    mol.basis = 'aug-cc-pvtz'
    mol.charge = charge
    mol.spin = spin
    mol.output = name+'.out'
    mol.symmetry = 0
    mol.max_memory = 10000
    mol.verbose = 4
    mol.build()

    mf = dft.RKS(mol) 
    mf.grids.level = 4
    mf.xc = 'm06_2x'
    mf.max_cycle = 120
    mf.chkfile = name+'.chk'
    mf = scf.addons.remove_linear_dep_(mf)
    mf.kernel()

    dm = mf.make_rdm1()
    nao = mol.nao_nr()
    unit = 2.541746
    origin = ([0.0,0.0,0.0])
    charges = mol.atom_charges()
    coords  = mol.atom_coords()
    mol.set_common_orig(origin)
    r2 = mol.intor_symmetric('int1e_r2')
    r2 = numpy.einsum('ij,ji->', r2, dm)
    lib.logger.info(mf,'Electronic spatial extent <R**2> (au): %.4f', r2)

    lib.logger.info(mf,'* Multipoles in the independent field-basis, Gauge -> (0,0,0)')
    ao_dip = mol.intor_symmetric('int1e_r', comp=3)
    el_dip = numpy.einsum('xij,ji->x', ao_dip, dm)
    lib.logger.info(mf,'Electronic Dipole moment(X, Y, Z, Debye): %.4f, %.4f, %.4f', *el_dip*unit)
    nucl_dip = numpy.einsum('i,ix->x', charges, coords)
    lib.logger.info(mf,'Nuclear Dipole moment(X, Y, Z, Debye): %.4f, %.4f, %.4f', *nucl_dip*unit)
    mol_dip = (nucl_dip - el_dip) * unit
    lib.logger.info(mf,'Total Dipole moment(X, Y, Z, Debye): %.4f, %.4f, %.4f', *mol_dip)

    lib.logger.info(mf,'Quadrupole moments (Debye-Angs)')
    rr = mol.intor_symmetric('int1e_rr', comp=9).reshape(3,3,nao,nao)
    rr = -1.0*numpy.einsum('xyij,ji->xy', rr, dm)
    rr += numpy.einsum('z,zx,zy->xy', charges, coords, coords)
    rr = rr*unit*lib.param.BOHR
    lib.logger.info(mf,'Total Quadrupole moments (XX, YY, ZZ): %.4f, %.4f, %.4f', \
    rr[0,0], rr[1,1], rr[2,2])
    lib.logger.info(mf,'Total Quadrupole moments (XY, XZ, YZ): %.4f, %.4f, %.4f', \
    rr[0,1], rr[0,2], rr[1,2])
 
    lib.logger.info(mf,'Octupole moments (Debye-Angs**2)')
    rrr = mol.intor_symmetric('int1e_rrr', comp=27).reshape(3,3,3,nao,nao)
    rrr = -1.0*numpy.einsum('xyzij,ji->xyz', rrr, dm)
    rrr += numpy.einsum('z,zx,zy,zk->xyk', charges, coords, coords, coords)
    rrr = rrr*unit*lib.param.BOHR**2
    lib.logger.info(mf,'Total Octupole moments (XXX, YYY, ZZZ, XYY): %.4f, %.4f, %.4f, %.4f', \
    rrr[0,0,0], rrr[1,1,1], rrr[2,2,2], rrr[0,1,1])
    lib.logger.info(mf,'Total Octupole moments (XXY, XXZ, XZZ, YZZ): %.4f, %.4f, %.4f, %.4f', \
    rrr[0,0,1], rrr[0,0,2], rrr[0,2,2], rrr[1,2,2])
    lib.logger.info(mf,'Total Octupole moments (YYZ, XYZ): %.4f, %.4f', rrr[1,1,2], rrr[0,1,2])

    lib.logger.info(mf,'Hexadecapole moments (Debye-Angs**3)')
    rrrr = mol.intor_symmetric('int1e_rrrr', comp=81).reshape(3,3,3,3,nao,nao)
    rrrr = -1.0*numpy.einsum('xyzwij,ji->xyzw', rrrr, dm)
    rrrr += numpy.einsum('z,zx,zy,zk,zw->xykw', charges, coords, coords, coords, coords)
    rrrr = rrrr*unit*lib.param.BOHR**3
    lib.logger.info(mf,'Total Hexadecapole moments (XXXX, YYYY, ZZZZ, XXXY): %.4f, %.4f, %.4f, %.4f', \
    rrrr[0,0,0,0], rrrr[1,1,1,1], rrrr[2,2,2,2], rrrr[0,0,0,1])
    lib.logger.info(mf,'Total Hexadecapole moments (XXXZ, YYYX, YYYZ, ZZZX): %.4f, %.4f, %.4f, %.4f', \
    rrrr[0,0,0,2], rrrr[1,1,1,0], rrrr[1,1,1,2], rrrr[2,2,2,0])
    lib.logger.info(mf,'Total Hexadecapole moments (ZZZY, XXYY, XXZZ, YYZZ): %.4f, %.4f, %.4f, %.4f', \
    rrrr[2,2,2,1], rrrr[0,0,1,1], rrrr[0,0,2,2], rrrr[1,1,2,2])
    lib.logger.info(mf,'Total Hexadecapole moments (XXYZ, YYXZ, ZZXY): %.4f, %.4f, %.4f', \
    rrrr[0,0,1,2], rrrr[1,1,0,2], rrrr[2,2,0,1])
     
    coeff = mf.mo_coeff[:,mf.mo_occ>0]
    occ = mf.mo_occ[mf.mo_occ>0]
    energy = mf.mo_energy[mf.mo_occ>0]
    den_file = name+'.mol'
    fspt = open(den_file,'w')
    molden.header(mol, fspt)
    molden.orbital_coeff(mol, fspt, coeff, ene=energy, occ=occ) 
    fspt.close()                    
    cmd = '/home/jluis/bin/molden2aim '+name
    os.system(cmd)
    den_file = name+'.wfn'
    fspt = open(den_file,'a')
    fspt.write('RHF\n')
    fspt.close()                    

    pmd_file = name+'.pmd'
    fspt = open(pmd_file,'w')
    fspt.write('%s.wfn\n' % (name))
    if (mol.symmetry == False):
        fspt.write('nosymmetry\n')
    fspt.write('tes\n')
    fspt.write('  epsiscp 0.220\n')
    fspt.write('  radialquad 7\n')
    fspt.write('  rmapping 2\n')
    fspt.write('  lmax 10\n')
    fspt.write('  nr 551\n')
    fspt.write('  lebedev 5810\n')
    fspt.write('  betasphere\n')
    for ia in range(mol.natm):
        symb = mol.atom_pure_symbol(ia)
        inuc = lib.parameters.NUC[symb]
        betarad = radii.COVALENT[inuc]/3.5
        fspt.write('  betaradw %d %1.3f\n' % ((ia+1),betarad))
    fspt.write('  radialquadbeta 7\n')
    fspt.write('  rmappingbeta 3\n')
    fspt.write('  lmaxbeta 8\n')
    fspt.write('  nrb 451\n')
    fspt.write('  lebedevbeta 3074\n')
    fspt.write('  dafh\n')
    fspt.write('endtes')
    fspt.close()                    

    cmd = 'rm '+name+'.mol'
    os.system(cmd)

#INFO: ******************** input file end ********************


System: ('Linux', 'cromo', '4.9.0-0.bpo.3-amd64', '#1 SMP Debian 4.9.30-2+deb9u5~bpo8+1 (2017-09-28)', 'x86_64', '')  Threads 4
Python 2.7.14 (default, Apr 10 2018, 19:21:27) 
[GCC 7.3.0]
numpy 1.14.2  scipy 1.0.1
Date: Sun Jul  1 18:51:08 2018
PySCF version 1.5
PySCF path  /home/jluis/src/pyscf/pyscf
GIT ORIG_HEAD 1ca9fa9a79cffe36c02a6597649cc8e4258362c9
GIT HEAD      ref: refs/heads/master
GIT master branch  2a04e98fd7e076282a2b183302d17fc6af3d78e6

[ENV] PYSCF_MAX_MEMORY 32000
[ENV] PYSCF_TMPDIR /scratch-ssd/jluis
[CONFIG] conf_file None
[INPUT] verbose = 4
[INPUT] num. atoms = 10
[INPUT] num. electrons = 42
[INPUT] charge = 0
[INPUT] spin (= nelec alpha-beta = 2S) = 0
[INPUT] symmetry 0 subgroup None
[INPUT] Mole.unit = angstrom
[INPUT]  1 H      0.000000000000   2.407797000000  -0.155087000000 AA    0.000000000000   4.550076893549  -0.293071955480 Bohr
[INPUT]  2 H      0.000000000000  -2.407797000000  -0.155087000000 AA    0.000000000000  -4.550076893549  -0.293071955480 Bohr
[INPUT]  3 H      0.000000000000   1.273948000000   2.101568000000 AA    0.000000000000   2.407412816937   3.971387952150 Bohr
[INPUT]  4 H      0.000000000000  -1.273948000000   2.101568000000 AA    0.000000000000  -2.407412816937   3.971387952150 Bohr
[INPUT]  5 C      0.000000000000   1.319977000000  -0.066512000000 AA    0.000000000000   2.494395020725  -0.125689463997 Bohr
[INPUT]  6 C      0.000000000000  -1.319977000000  -0.066512000000 AA    0.000000000000  -2.494395020725  -0.125689463997 Bohr
[INPUT]  7 C      0.000000000000   0.691304000000   1.180320000000 AA    0.000000000000   1.306375228816   2.230481539347 Bohr
[INPUT]  8 C      0.000000000000  -0.691304000000   1.180320000000 AA    0.000000000000  -1.306375228816   2.230481539347 Bohr
[INPUT]  9 N      0.000000000000   0.661987000000  -1.226032000000 AA    0.000000000000   1.250974128022  -2.316864699953 Bohr
[INPUT] 10 N      0.000000000000  -0.661987000000  -1.226032000000 AA    0.000000000000  -1.250974128022  -2.316864699953 Bohr

nuclear repulsion = 208.109819796355
number of shells = 114
number of NR pGTOs = 448
number of NR cGTOs = 368
basis = aug-cc-pvtz
ecp = {}
CPU time:     18918.59


******** <class 'pyscf.dft.rks.RKS'> flags ********
method = RKS-RHF
initial guess = minao
damping factor = 0
level shift factor = 0
DIIS = <class 'pyscf.scf.diis.CDIIS'>
DIIS start cycle = 1
DIIS space = 8
SCF tol = 1e-09
SCF gradient tol = None
max. SCF cycles = 120
direct_scf = True
direct_scf_tol = 1e-13
chkfile to save SCF result = pyridazine.chk
max_memory 10000 MB (current use 189 MB)
XC functionals = m06_2x
small_rho_cutoff = 1e-07
radial grids: 
    Treutler-Ahlrichs (JCP 102, 346 (M4)) radial grids
    
becke partition: Becke, JCP, 88, 2547 (1988)
pruning grids: <function nwchem_prune at 0x2b09854dce60>
grids dens level: 4
symmetrized grids: 0
atomic radii adjust function: <function treutler_atomic_radii_adjust at 0x2b09854dcd70>
Set gradient conv threshold to 3.16228e-05
tot grids = 233544
init E= -265.717485600268
  HOMO = -0.274057650904881  LUMO = -0.116209339624436
cycle= 1 E= -264.22345290311  delta_E= 1.49  |g|= 0.471  |ddm|= 6.03
  HOMO = -0.303726005500571  LUMO = -0.00910389074531221
cycle= 2 E= -264.232218521296  delta_E= -0.00877  |g|= 0.406  |ddm|= 1.56
  HOMO = -0.287452998713973  LUMO = -0.0241372618585621
cycle= 3 E= -264.267293261527  delta_E= -0.0351  |g|= 0.123  |ddm|= 0.452
  HOMO = -0.315760082699154  LUMO = -0.0314199529643796
cycle= 4 E= -264.270848909858  delta_E= -0.00356  |g|= 0.0297  |ddm|= 0.264
  HOMO = -0.309713705711826  LUMO = -0.0262262534986509
cycle= 5 E= -264.271055707168  delta_E= -0.000207  |g|= 0.00683  |ddm|= 0.0801
  HOMO = -0.310170104123592  LUMO = -0.0268494787408652
cycle= 6 E= -264.271066114281  delta_E= -1.04e-05  |g|= 0.000969  |ddm|= 0.0185
  HOMO = -0.310200152665063  LUMO = -0.026834393968279
cycle= 7 E= -264.271066354119  delta_E= -2.4e-07  |g|= 0.000619  |ddm|= 0.00464
  HOMO = -0.310200395375639  LUMO = -0.0268395717928123
cycle= 8 E= -264.271066445346  delta_E= -9.12e-08  |g|= 0.0001  |ddm|= 0.00126
  HOMO = -0.310203609618543  LUMO = -0.0268288254176527
cycle= 9 E= -264.271066448725  delta_E= -3.38e-09  |g|= 1.81e-05  |ddm|= 0.000341
  HOMO = -0.310206454203631  LUMO = -0.0268302936030974
cycle= 10 E= -264.271066448822  delta_E= -9.7e-11  |g|= 2.68e-06  |ddm|= 8.47e-05
  HOMO = -0.310206796518678  LUMO = -0.0268302649600305
Extra cycle  E= -264.271066448824  delta_E= -1.93e-12  |g|= 2.04e-06  |ddm|= 1.2e-05
converged SCF energy = -264.271066448824
Electronic spatial extent <R**2> (au): 414.1601
* Multipoles in the independent field-basis, Gauge -> (0,0,0)
Electronic Dipole moment(X, Y, Z, Debye): -0.0000, -0.0000, -3.7743
Nuclear Dipole moment(X, Y, Z, Debye): 0.0000, 0.0000, 0.4525
Total Dipole moment(X, Y, Z, Debye): 0.0000, 0.0000, 4.2268
Quadrupole moments (Debye-Angs)
Total Quadrupole moments (XX, YY, ZZ): -36.5171, -29.5686, -37.9581
Total Quadrupole moments (XY, XZ, YZ): -0.0000, 0.0000, -0.0000
Octupole moments (Debye-Angs**2)
Total Octupole moments (XXX, YYY, ZZZ, XYY): 0.0000, 0.0000, 19.2849, 0.0000
Total Octupole moments (XXY, XXZ, XZZ, YZZ): 0.0000, -1.8094, 0.0000, -0.0000
Total Octupole moments (YYZ, XYZ): 5.0401, 0.0000
Hexadecapole moments (Debye-Angs**3)
Total Hexadecapole moments (XXXX, YYYY, ZZZZ, XXXY): -39.4669, -227.2912, -270.0260, 0.0000
Total Hexadecapole moments (XXXZ, YYYX, YYYZ, ZZZX): 0.0000, -0.0000, 0.0000, 0.0000
Total Hexadecapole moments (ZZZY, XXYY, XXZZ, YYZZ): 0.0000, -54.1871, -53.7290, -89.2821
Total Hexadecapole moments (XXYZ, YYXZ, ZZXY): -0.0000, 0.0000, 0.0000
